"report"
"Iteration" "cd-scale etc.."
("Iteration" "cd-scale" "cl-scale" "cs-scale" "cmx-scale" "cmy-scale" "cmz-scale")
10 0.2444483761268341 -0.01912253039460089 -0.01313327648850164 -0.00163643997411725 -0.006690897298065736 0.02301472380799628
20 0.2598561968784267 -0.002393506739036384 0.03793671233352834 -0.004303322655769475 -0.008591568204717284 0.02289218361562174
30 0.2491191289565066 0.007645869812261894 0.03434583098531047 -0.00360457180008493 -0.006528527396521629 0.02120903355492426
40 0.247733949482814 0.007041050459417555 0.02727535298049891 -0.004380149991327137 -0.007072984101844287 0.02311071258881018
50 0.2470437901014672 0.004482038040247029 0.02192277904681779 -0.004233864649318598 -0.006731149717564367 0.02412791009261977
60 0.2470613150163981 0.00409440868240012 0.0225553448556619 -0.004271606754147468 -0.006741062547605551 0.02400496710482525
70 0.2465630676477566 0.00394955442944103 0.02524864221149059 -0.004354453912279455 -0.006730489732468456 0.02383057693187714
80 0.2458488683215829 0.004126616697677105 0.02494184530273274 -0.004452352816622632 -0.006760777827609908 0.02397457989197163
90 0.2451906021062964 0.004174631879460305 0.02380392465495799 -0.004532025501019216 -0.006802910320603856 0.02409054646629708
100 0.2444967220745537 0.00410969362174446 0.02215886537251806 -0.004622676948793455 -0.00685101707637459 0.02420319351601128
110 0.2439310429738243 0.003838444346932974 0.02078532272788665 -0.004667913963318128 -0.006843377788185998 0.02432084390496881
120 0.2436088380812414 0.003630727423183211 0.02053646042083384 -0.004658314222219134 -0.006786853574749141 0.02444968527990878
130 0.2433103863035692 0.003452690342403982 0.02077348123200566 -0.004680091854018897 -0.006742543405524071 0.0244921060673147
140 0.2431210353234243 0.003294120746912297 0.02090832120599767 -0.004709255299953069 -0.006698007087541092 0.02443646608171131
150 0.2429711501457583 0.003167399937810593 0.02111272564795981 -0.004730617597371362 -0.006663140613203708 0.02434884444660148
160 0.2428430163593107 0.003140829146442284 0.02134143886634016 -0.004741684497594584 -0.006628125949557802 0.02424214507747312
170 0.2427647621752347 0.003226750878278659 0.02158110395149523 -0.004747310213346784 -0.006591223518330369 0.02413453482260565
180 0.2427369595985366 0.003359472601778058 0.0218020027585988 -0.004752435625625282 -0.006562128296993108 0.02404033097325067
190 0.2427529641981055 0.003479236167632438 0.02199100535398561 -0.004758748480716653 -0.006540715170788631 0.02396416428200564
200 0.2427721669757431 0.003575035663329541 0.02213557961643651 -0.004761304492230983 -0.006524620826860898 0.02392151879814896
210 0.242776225019659 0.003658156625905172 0.02218629151742097 -0.004758668051544563 -0.006514681614871073 0.02391433463277568
220 0.2427841888006644 0.003720207577261674 0.02214773097425554 -0.004758427404243573 -0.006510918552530534 0.02393325904292333
230 0.2428072563180149 0.003740278155356584 0.02206404173742953 -0.004760717475345719 -0.0065134265628625 0.02396283448275403
240 0.2428258223709171 0.003738416029719783 0.02198735219702025 -0.004760045182289905 -0.006519560529702504 0.02399032993077183
250 0.2428425444086526 0.003717026202261042 0.02193070286618093 -0.004760177493980449 -0.006523633919501953 0.02401460739971049
260 0.2428567062186446 0.003687451737752157 0.02188713494840387 -0.004763699417526536 -0.006526177597471965 0.02403444306651011
270 0.2428640067760012 0.003668628524105415 0.02185687499992974 -0.004769674214622473 -0.006525917141468125 0.02404735296157882
280 0.2428639354932599 0.003653694752602999 0.02182459262224807 -0.004774153244882688 -0.006523552276944653 0.02405333050008641
290 0.2428566207881311 0.003643016240043871 0.02181859910948059 -0.004775832704262588 -0.006519274916263818 0.0240573352126553
300 0.2428405503523841 0.003635770764038696 0.02183289443768802 -0.004777403624847961 -0.006513525323316971 0.02406177787810458
310 0.2428180866665693 0.003631332761154384 0.02184021775076867 -0.004779955402515535 -0.006510825525709129 0.02406496421596161
320 0.242804418476489 0.003632852931696975 0.02184154454722614 -0.004783277896271045 -0.006510077463958766 0.02406542790018621
330 0.2427946509479406 0.003636390372831116 0.02184109412736221 -0.004785404958082281 -0.006511408975108163 0.02406314147421361
340 0.2427810495242129 0.003645689662092033 0.02185637187340374 -0.004785551898837916 -0.006511256204079504 0.02406017918234159
350 0.242769048379465 0.003651654603754635 0.02187230305308699 -0.004786173478265804 -0.006509461470044419 0.02405747615723476
360 0.2427586834362294 0.003651150483056535 0.02187963538424998 -0.00478693684795252 -0.00650771514169989 0.02405559474371758
370 0.2427491225914396 0.003659165215820791 0.02188208196386156 -0.004787728789418929 -0.006505878424177079 0.0240531966382782
380 0.242740045513867 0.003663224251294999 0.02188412829446314 -0.00478939916071263 -0.006502255524769508 0.02405072655410945
390 0.2427334545782948 0.003664177396058017 0.02189916952698083 -0.004790610544223013 -0.006497795626377827 0.02405018471532915
400 0.2427269429193613 0.00367256263639514 0.02191094548428137 -0.004791891648518099 -0.006494958739734048 0.02405021807645127
410 0.2427226538077958 0.003679608918284512 0.02190606802409067 -0.004792793243543325 -0.006493716447161291 0.02404928030682707
420 0.2427254277695909 0.003681659491809692 0.02189533711343751 -0.004793003687908559 -0.006494339951541341 0.02404864372925686
430 0.2427295961730948 0.00368256040101432 0.02189988613122305 -0.004791464712105892 -0.006495002402665966 0.02404971808240734
440 0.2427314918866965 0.003682900068989365 0.0219031819692122 -0.004789992372287335 -0.006496508892165435 0.02405182000976226
450 0.2427364845386392 0.003678535324165993 0.021894439376865 -0.004789410043992079 -0.006499108114276809 0.02405465084736033
460 0.2427450756024438 0.003670033852326948 0.02187488779481427 -0.004789543274320822 -0.006501696355921362 0.02405667505898485
470 0.2427450769130808 0.003668892362754383 0.02186021966313692 -0.004789793382195211 -0.006503803063668002 0.02405787033216434
480 0.2427445518066645 0.003669194712912942 0.02186564939061327 -0.004789664007122841 -0.006503145116150019 0.02405916189376663
490 0.2427449342407048 0.003662261593637338 0.02186712320542743 -0.004790684368725369 -0.006502256264778021 0.02406064648934651
500 0.2427430476870049 0.003662269157142059 0.02186361879904693 -0.004791856228054953 -0.006502371242747313 0.02406277800529535
510 0.2427424781159933 0.00366646670168924 0.02185010811248124 -0.004792719646865519 -0.006502758322450394 0.02406208048296031
520 0.242741821188113 0.003665643714580765 0.02184857752808537 -0.004793827611420299 -0.006501149269127262 0.02406187235940854
530 0.2427411217385372 0.003665592952187125 0.02186452413164809 -0.004794105314345346 -0.006499673481753414 0.02406322664385913
540 0.2427372129941349 0.003666897089149083 0.02186785986559523 -0.004794024153958572 -0.006499746497317303 0.02406339740526678
550 0.2427364117159394 0.003668862673133032 0.02186015498367216 -0.004794599269906283 -0.006499664115973388 0.02406295671970439
560 0.2427374248147257 0.00366915032420336 0.02185784030210149 -0.00479566313821789 -0.006498581028395456 0.02406220385910737
570 0.2427325720167449 0.003673236517039055 0.02186918285242031 -0.00479529686852542 -0.00649691178692414 0.0240613650513953
580 0.2427274244050218 0.003674396564875436 0.02187869972685252 -0.004795245091004937 -0.006495959621615526 0.02406087748345348
590 0.2427273628167534 0.003669514769242492 0.02187789958034426 -0.004795752910168554 -0.006495456260186263 0.02406096019875296
600 0.2427253312058701 0.003671807228675897 0.0218688720542886 -0.004795816247021756 -0.006495738660263014 0.02405984160096192
610 0.2427223670113391 0.003679420770835021 0.02187113261880061 -0.004795592930732174 -0.006494991144450897 0.02405888429522332
620 0.2427239210963464 0.003678507556072054 0.02188390843293022 -0.004795086589644251 -0.006493113574626732 0.02405761141254055
630 0.2427220670110333 0.003676389289027505 0.02189343023575641 -0.004794957871959772 -0.006492391174527775 0.02405708883374772
640 0.2427211451026992 0.003678955193637231 0.02188877103976346 -0.004795441853150533 -0.006492256047778065 0.02405753863942812
650 0.2427235984836756 0.003680419773015188 0.02187285149447088 -0.004795665495673821 -0.006492898285999585 0.02405651529723942
660 0.2427271175082456 0.003680291593292459 0.02187893620305647 -0.004794942753402798 -0.00649249934763504 0.02405750105933319
670 0.2427265662329595 0.003678143827902178 0.02188976512974735 -0.004794555592134832 -0.00649224217468131 0.02405835956863765
680 0.2427262205816348 0.003676223835476547 0.021886387869865 -0.004794659250010037 -0.006493330573684758 0.0240583670538256
690 0.2427313005009158 0.003674904878772613 0.02187385633388497 -0.004794400421378821 -0.006494454936943882 0.02405833045538021
700 0.2427329567567725 0.003672972354551327 0.0218656006440173 -0.004794703265879622 -0.006495102315875704 0.02405973248696524
710 0.2427319322781301 0.003675932892637906 0.02187246339410737 -0.004794332891069704 -0.006494711552766221 0.02406097275351814
720 0.2427328759105609 0.003670891640273362 0.0218770380897574 -0.004794774794125458 -0.006494496988373149 0.02406112968106829
730 0.2427325237484278 0.003664985955890593 0.02187218612563708 -0.004794845418659167 -0.006495512593596316 0.02406150823456177
740 0.2427304859269707 0.003670596645992745 0.02186154764276852 -0.004794673314755386 -0.006496832729153601 0.02406118302989405
750 0.2427316344883216 0.00367234472191228 0.02186076501829887 -0.004795149938128212 -0.00649600016377708 0.02406192859747425
760 0.2427316573373032 0.0036681700484882 0.02187037298195266 -0.004795324818390049 -0.006495305555778793 0.02406283912633994
770 0.2427279626365963 0.003667527209436099 0.02187755763844215 -0.004795729961968601 -0.006495054222310639 0.02406299157737696
780 0.2427266341092041 0.003667608923522486 0.02186566546189883 -0.004796165894999795 -0.006495489410069623 0.02406195567638553
790 0.2427277566044787 0.003669975728835241 0.02186024889486602 -0.004795770691989886 -0.006495930540931349 0.02406127081964784
800 0.2427270142543413 0.003673278440504096 0.02187278988711916 -0.004795522485939369 -0.006494270347229947 0.0240616629026625
810 0.2427221003655535 0.003672026606706082 0.02187977341400733 -0.004796451934195004 -0.006493491795724693 0.02406175121529714
820 0.2427230821446013 0.003671274139857168 0.02187877341115167 -0.004796772458518176 -0.006493436391021599 0.02406076612017912
830 0.2427229206841388 0.003670832346547015 0.02186926014993058 -0.004796452066791303 -0.00649380576745876 0.02405947286458614
840 0.2427201720244731 0.003675803496509311 0.02187207315535577 -0.00479599323827889 -0.006493760290499178 0.02405982040211712
850 0.2427221640543273 0.003680161168130567 0.0218823686496693 -0.004795862388427189 -0.006492869118725761 0.02405933420977979
860 0.2427217649561682 0.00367409126838841 0.02188572154894853 -0.004796347124203233 -0.006492340706448107 0.02405887185804815
870 0.2427200542292543 0.003673484644854419 0.02188168354060857 -0.004796410147258028 -0.006493072656982744 0.02405881921931624
880 0.2427202199025045 0.003677812568625466 0.02187238019459787 -0.004796215561641738 -0.006493167570482347 0.02405793033924662
890 0.2427220078371821 0.003677946757087105 0.02187762082475472 -0.004795576779218744 -0.00649230946512909 0.0240585114161255
900 0.2427218139317507 0.003678546830309718 0.02188861977122468 -0.004795773963339463 -0.006492127569908792 0.02405892838563026
910 0.2427211369163685 0.003676656935379688 0.02188710689254677 -0.004796165861626501 -0.006492214015603901 0.02405799508115077
920 0.2427231236365259 0.003675161676763732 0.02187389528721538 -0.004796231363240558 -0.006493147926057453 0.02405759839563144
930 0.2427247784198148 0.00367736557516674 0.02187399338470317 -0.004795454178814722 -0.006492962205213218 0.02405858240180539
940 0.2427228630922674 0.003677855715619323 0.02188093478298142 -0.004795291024382018 -0.006492157362026517 0.02405951758786379
950 0.2427242606973128 0.003676839705909093 0.02188426949563202 -0.00479587982908557 -0.006492450871374972 0.02405964665355514
960 0.2427279472687346 0.003672996513133074 0.02187919850405934 -0.004795706363440262 -0.006493215337406139 0.02405850917200165
970 0.2427255817412408 0.003674199713544287 0.02186874262820606 -0.0047951720597473 -0.006494128902636175 0.02405842062448214
980 0.2427268314932234 0.003677002353408666 0.02187291570619627 -0.004795024658025279 -0.006493609158691244 0.02406052125664835
990 0.2427283448435124 0.003674056122344726 0.0218764939005167 -0.004795296305568108 -0.006493097863841659 0.02406089968147073
1000 0.2427265298223285 0.003670841486122573 0.02187915171851756 -0.004795597572417365 -0.006493516223791542 0.0240608391490747
1010 0.2427267574378262 0.003670577207923451 0.02187086184215449 -0.004795726996113897 -0.006494537090019349 0.02405980566396771
1020 0.2427274482060797 0.003672489129685231 0.02186450276407339 -0.004795080594030768 -0.006494728029283057 0.02405967199792909
1030 0.2427262286522044 0.003674987392964189 0.02187461947683995 -0.004794882821122766 -0.006493768426326335 0.02406140499191248
1040 0.2427243571493168 0.003672084403219214 0.02187811705395612 -0.004796142373897588 -0.0064932833742528 0.02406191094351888
1050 0.2427245322773248 0.003669867894102259 0.02187384356557956 -0.004796473095276527 -0.006493643600735647 0.02406055351152212
1060 0.2427258136100117 0.003671596443602994 0.02186823304239565 -0.004796198575204152 -0.006494131453794225 0.02405956303897556
1070 0.2427234550534669 0.003674057676579515 0.02187307629057982 -0.00479552854208498 -0.006493523075727913 0.02406031373872467
1080 0.2427221229968066 0.003677451365413949 0.02187930467102749 -0.004795852429530019 -0.006492915247069158 0.02406074785233773
1090 0.2427238027532338 0.003673472631442359 0.02188039228584248 -0.004796817376967956 -0.006492535880993669 0.02406097035771754
1100 0.2427216498660474 0.003671796707420714 0.02187391838246503 -0.004796691217414509 -0.006493231509640542 0.02405912604057773
1110 0.2427203997579658 0.003675323116851518 0.02187361674639584 -0.00479609507239299 -0.006493301949396757 0.02405872186780274
1120 0.2427225480033967 0.003676451127168334 0.02187997696491122 -0.004795820566922839 -0.006492315571319268 0.0240596616580974
1130 0.2427211527155374 0.00367832201332966 0.02188385796402437 -0.004796103244326035 -0.006492354724778619 0.02405986667839582
1140 0.2427205979021646 0.003676838452615099 0.02188298305214082 -0.004796647787606549 -0.006492213814481777 0.02405916025208191
1150 0.2427220972613207 0.003673239919967055 0.02187318368246691 -0.004796764236175029 -0.006492892565253788 0.02405782637917305
1160 0.2427218259589209 0.003677067256260372 0.02187899488573219 -0.004795597268255214 -0.006492383399642687 0.02405844246365281
1170 0.2427199416466931 0.003679356798290259 0.02188649294406228 -0.004795648595608816 -0.006491483507069837 0.02405924549471162
1180 0.2427209285775916 0.003676514231889733 0.02188451547971563 -0.004796679869121008 -0.006491839739129463 0.02405950691575811
1190 0.2427241319754702 0.0036771083279439 0.02187944546575734 -0.004796384478235319 -0.006492495361979274 0.02405795779010518
1200 0.2427223435972104 0.003676226209224123 0.0218754448303797 -0.004796214867026256 -0.006492486916121821 0.02405762893314282
1210 0.2427207130026677 0.003677431708768362 0.02188288932995331 -0.004795438808635847 -0.006491887972384057 0.02405891577783346
1220 0.2427227728375845 0.003677532083732441 0.02188666388827802 -0.004795965594273787 -0.006491425682130776 0.02405965027440345
1230 0.2427234104856811 0.003675923883987695 0.02188171937353837 -0.004796740997418781 -0.006491870608210275 0.02405957741261413
1240 0.2427234946648699 0.003677083615176292 0.02187496541589438 -0.004796396011079808 -0.006493077043344637 0.02405798507509166
1250 0.2427250432697155 0.003676168139444549 0.02187752240942609 -0.004795692646195326 -0.006492446453565819 0.0240582195191177
1260 0.2427236749002261 0.003676451215920214 0.02188340201657954 -0.00479546370171719 -0.006492003309694689 0.02405988589731018
1270 0.2427221314574837 0.003677099879272742 0.02188484135540328 -0.004796145310772885 -0.006492036641520536 0.02406048127010231
1280 0.2427251122627452 0.003673576225313241 0.02187517072460616 -0.004796940948559834 -0.006492608046680236 0.02405933399304565
1290 0.2427258507634705 0.003673841386261187 0.02187205373694259 -0.004796279650523995 -0.006493531376674722 0.02405878453970566
1300 0.2427243540137518 0.003678156834114492 0.02188106301044897 -0.004795220732751809 -0.00649268364473512 0.02405934786308712
1310 0.2427216595227188 0.003675594831688234 0.02188215103694235 -0.004795799034474656 -0.006492213059241945 0.02406010826281261
1320 0.2427242138666986 0.003672911557617965 0.02188024310726103 -0.004796588048483695 -0.006492658616685906 0.02406083972904651
1330 0.2427247837929313 0.003674912361630134 0.02187182717227848 -0.004796614104367929 -0.006493173275958107 0.02405899556716407
1340 0.2427222120109682 0.003675108168419743 0.02187389108550457 -0.004796131561535172 -0.006493084995828709 0.02405890650812519
1350 0.2427240727356957 0.003675548052029143 0.02188351851431596 -0.004795518088975647 -0.006492534748450481 0.02405992409987027
1360 0.2427224036497527 0.003675358897938061 0.02188306833374098 -0.00479595377518847 -0.006492347392100432 0.02406014610890311
1370 0.2427212047748919 0.003676112938896487 0.02187621722909255 -0.00479658990178063 -0.006492955417268222 0.02405985533074271
1380 0.2427236544636011 0.003674254394070029 0.02187142089320711 -0.004796647209916387 -0.006493145485508997 0.02405839272105802
1390 0.2427233588828481 0.003674186636610358 0.021879879022771 -0.004795810577067174 -0.006492444478592379 0.02405902475991289
1400 0.2427202136912737 0.003678273656819509 0.02188652024240923 -0.004795730224475971 -0.006492133925893891 0.02406000293705521
1410 0.2427212516178497 0.003676074441716607 0.02188165328489865 -0.004796398382043122 -0.006492312107890574 0.0240596554567658
1420 0.2427240104607718 0.003674439831874479 0.02187220799258664 -0.004796530140135955 -0.006493101099113828 0.02405856596824021
1430 0.2427228384057802 0.003677050377329176 0.02187708416138865 -0.004796155796151846 -0.006492834745600421 0.02405863930352292
1440 0.2427208322693006 0.003677166881832051 0.02188411103417688 -0.004795753458253946 -0.006491867127001286 0.02405873946334224
1450 0.2427210757587858 0.003674726451159212 0.02188592896414761 -0.004796067395880975 -0.006491912663623152 0.02405983011640903
1460 0.2427234820021514 0.003675724776884082 0.02187923696159879 -0.00479654173723216 -0.006492524851807312 0.02405985499096084
1470 0.2427219836515737 0.003678422702710669 0.0218705312380767 -0.004796339070659984 -0.006493289902267088 0.02405793437752902
1480 0.2427231757827145 0.003676707311168952 0.02188092659028103 -0.004795823396046875 -0.006492348911238357 0.02405830733599321
1490 0.2427230398933309 0.003673852556972584 0.02188741616026659 -0.004795780126432006 -0.006491801812292071 0.02405941357382623
1500 0.2427197470051085 0.003677097395146958 0.02188403102195772 -0.004796262730677559 -0.00649210134306874 0.02406005994742148
1510 0.2427233554072653 0.003677340378396706 0.02187291825464604 -0.004796773636355934 -0.006492782387234073 0.02405910655451333
1520 0.2427254058721921 0.003673972425878321 0.02187248569026954 -0.004796280684414126 -0.006493060800343902 0.02405845381704833
1530 0.2427226433123947 0.003678914798619272 0.0218859799854871 -0.004795250258578322 -0.00649229036857586 0.02405876501823957
1540 0.2427205183707667 0.003676269796463511 0.02188690654622098 -0.00479609273892786 -0.006491803880106338 0.02405958143257137
1550 0.2427231235155251 0.003672699533262097 0.02187825865580481 -0.004796507881129633 -0.006492440231411213 0.02405971104972784
1560 0.2427247057161899 0.003676601676428053 0.02187128730445627 -0.0047966477108084 -0.006493195488867015 0.02405929748118264
1570 0.2427227083043383 0.003677967458762493 0.02187676516667232 -0.004796076547565883 -0.006492556553459457 0.02405905124686246
1580 0.2427228423755962 0.003675898025209271 0.02188582047477922 -0.004795546114301444 -0.006492276323998527 0.02405883250698449
1590 0.242722678513649 0.003673623111108686 0.02188700210622468 -0.004795951267028654 -0.0064920705605403 0.02405976460354407
1600 0.2427219017984134 0.0036755157109232 0.02187334095792153 -0.004796617659536396 -0.006492990560506843 0.02405959423671365
1610 0.2427231879503151 0.003678423872596153 0.02187006765181148 -0.004796577464396881 -0.006493116077263492 0.02405891308459432
1620 0.2427248649909047 0.003674354527838716 0.02188219628474699 -0.004795853242104926 -0.006491976657252672 0.0240592561765409
1630 0.2427209754790677 0.003674789759789113 0.02188804880485328 -0.004795873594505087 -0.006492302313531875 0.02405973840606019
1640 0.2427210762320529 0.003677811309552066 0.02188195188705353 -0.004796039869233602 -0.006492558670858677 0.02405913232980788
1650 0.2427240906086394 0.003673458027714899 0.02186892259038487 -0.004796562142618972 -0.006493145406081872 0.02405871581883361
1660 0.242723657744717 0.003676855174579607 0.02187628388380715 -0.004796133613680992 -0.006492833642683264 0.02405953823329131
1670 0.2427213458416461 0.003678638311471575 0.02188621757220496 -0.004795935203514071 -0.006491805175872354 0.02405932846534259
1680 0.2427212652449502 0.003672745663501631 0.02188463769166002 -0.004796406662409597 -0.006492006317805225 0.02405941264821182
1690 0.242723712297357 0.003674327332386171 0.02187817466170908 -0.004796005121015761 -0.006493127039269097 0.0240591457613031
1700 0.2427222278500289 0.003678878690569911 0.02187106266496853 -0.0047962062924232 -0.0064931080806164 0.02405851572367496
1710 0.2427227888705254 0.003678321544541348 0.02187902118490465 -0.004796131645760563 -0.006492294088817456 0.02405917075779068
1720 0.2427235646215862 0.003673767043100764 0.02188862493597779 -0.004796099059240737 -0.006491770236406112 0.0240594581145286
1730 0.2427206493366925 0.003673635174964539 0.02188385725129127 -0.00479628946429227 -0.006492143194259618 0.02405971705288196
1740 0.2427214656115397 0.003677748903275199 0.02187125970489951 -0.004796364385741186 -0.006493358389068757 0.02405877655873046
1750 0.2427255352368706 0.003677358360082844 0.02187388451738532 -0.004795916774237902 -0.006492811194238867 0.02405847057536965
1760 0.2427228446262833 0.003676031891667216 0.02188544185977569 -0.004795825125765308 -0.006491969137478411 0.02405932685741599
1770 0.2427203424048273 0.003676813701172805 0.02188861291665863 -0.004796376455697307 -0.006492009504045023 0.02405975592628589
1780 0.2427231747603247 0.003673486505605281 0.02187639290888358 -0.004796491618075352 -0.006492372824405766 0.02405893306087137
1790 0.2427235777052018 0.003674503769420587 0.02187042204303677 -0.004796176558485779 -0.006493212857412375 0.02405908058055569
1800 0.2427232003283236 0.003679943655838292 0.02188064068478392 -0.004795791605102221 -0.006492525019621689 0.0240595471938966
1810 0.242722133707406 0.003677477295100288 0.02188558506546858 -0.004795953070847097 -0.006491915582659611 0.02405859477572055
1820 0.2427233027311241 0.003672091237051702 0.02188539837360303 -0.004796384406953826 -0.006492236922153307 0.02405958340359577
1830 0.242722348038937 0.003674680285610555 0.02187386824167858 -0.004796368679839172 -0.006492975620623879 0.02405924420917072
1840 0.2427217846544356 0.00367862550383064 0.02187058159873692 -0.004796208920469456 -0.006492863157154219 0.02405916777290203
1850 0.2427247158725385 0.003676815744113137 0.02188317600156118 -0.004795846449125415 -0.006492064592921566 0.02405956858334951
1860 0.2427227714884244 0.003673924130463704 0.02188853758058264 -0.004796063274150588 -0.006492106795091165 0.02405921694072134
1870 0.2427206835637786 0.00367601380813077 0.02188041007542575 -0.004796276856319232 -0.006492732650153097 0.02405896309842789
1880 0.2427239674302319 0.003675884552309104 0.02186965344181045 -0.004796472952784692 -0.006493121661362925 0.02405883982725953
1890 0.2427239590818283 0.003675823950315741 0.02187615517987797 -0.004795855433502902 -0.00649237213287947 0.02405965502937365
1900 0.2427207578544155 0.00367793473051179 0.02188695665675357 -0.004796023599952268 -0.006491950485051673 0.02405995745970425
1910 0.2427227049402719 0.003674537658251621 0.02188532564680542 -0.004796576158467368 -0.006492160553207903 0.02405907383989335
1920 0.2427237647612979 0.003673369709702428 0.02187452879991894 -0.004796039287344691 -0.0064931969803275 0.02405806884758916
1930 0.2427224298158338 0.003677862315324674 0.02187403166449479 -0.004795919433870408 -0.006493023816532681 0.02405939076505799
1940 0.2427223575192112 0.003678712122224403 0.02187930960570328 -0.00479617036456321 -0.006492030215777693 0.02405991025285064
1950 0.2427225910192549 0.003674829760761025 0.0218858662944475 -0.004796263059555212 -0.006491893528636114 0.02405952925259459
1960 0.2427228612775066 0.003672338984283252 0.02188400854479493 -0.004796450320563612 -0.006492368027974453 0.02405910948703388
1970 0.2427212210466079 0.003676229501828722 0.02187156635994144 -0.004796128375839572 -0.006493504419324731 0.02405827237324389
1980 0.2427237770474138 0.003679838466810393 0.02187572516117019 -0.004795598016597742 -0.006492645300312527 0.02405901555510434
1990 0.2427236479892282 0.003675851304023359 0.02188401335501152 -0.004796169643919677 -0.00649182576166998 0.02406005612498733
2000 0.2427204784387553 0.003674264368934024 0.02188632579092082 -0.004796515642612916 -0.006492077856082829 0.02405976992657361
2010 0.2427227788917146 0.003675018971138268 0.02187691903137483 -0.004796507741190603 -0.006492739686096446 0.02405836460973507
2020 0.2427239159898761 0.00367455192104007 0.02187164230950224 -0.004795960147981979 -0.006493048570762406 0.0240585927233651
2030 0.2427222186285093 0.00367951267093607 0.02188224570113118 -0.004795363448725381 -0.006492506589779566 0.0240596582855063
2040 0.2427222294523415 0.003678410101439507 0.02188507807460554 -0.004796551350121762 -0.006491811366230888 0.02405974298511479
2050 0.2427235141415496 0.003671883202495826 0.02188092781624985 -0.004796661123218139 -0.006492339022326044 0.02405918085136416
2060 0.242722343213076 0.003674420284280504 0.02187488186173235 -0.004796117833429506 -0.006493101021057548 0.02405844016439647
2070 0.2427216913593309 0.00367736298997622 0.02187619575537091 -0.004795833621249745 -0.006492495195746497 0.0240592444698346
2080 0.2427235754469154 0.003678188252789351 0.02188182497314575 -0.004795929512766714 -0.006492285560884131 0.02405977415178318
2090 0.242723620239992 0.003676419505304775 0.02188642163848917 -0.004796247858566112 -0.006492045188387459 0.02405949131086899
2100 0.2427215162099696 0.003672924457650479 0.02187783509625718 -0.004796654136841637 -0.006492750448734502 0.02405876716531384
2110 0.2427225765397789 0.003676039964324452 0.02187237088750116 -0.004796098922035184 -0.006493148405469906 0.02405856037276172
2120 0.2427239484107462 0.003677005189868297 0.02188006779050757 -0.004795615017685746 -0.006492014956781608 0.02405950017560811
2130 0.2427209693179176 0.003676424103561635 0.02188476526975126 -0.004796223286896429 -0.006492073106234799 0.02406020389122076
2140 0.2427229675501731 0.003676556783033235 0.02188363405011402 -0.004796558054464732 -0.006492508229873448 0.02405929525796704
2150 0.2427244975006929 0.003673932983369794 0.02187250583628054 -0.004796362299795528 -0.006493020844048063 0.02405775878309306
2160 0.2427218573723774 0.003675649987460543 0.02187645532412604 -0.004795680348627262 -0.006492818075601034 0.02405931260659458
2170 0.2427214589180938 0.003678535598545949 0.02188388141131777 -0.00479574913618042 -0.006491934639935987 0.02405998430739079
2180 0.2427227838154417 0.003674898869300045 0.02188259642671743 -0.004796691635600465 -0.006491900265103395 0.02405989080444864
2190 0.2427237614726489 0.003674715208504731 0.0218795160274493 -0.004796518888703843 -0.006492905370701444 0.02405890614331651
2200 0.2427225092852347 0.003675911933641954 0.02187390732967777 -0.004796052662305593 -0.00649317768210674 0.024057908000741
2210 0.2427222233553028 0.003677086909291658 0.02187877242107414 -0.004795545352668791 -0.006492361994757428 0.02405938794427656
2220 0.2427230441006309 0.003677304737843489 0.02188479835578006 -0.004795984642384194 -0.006491940896589921 0.02406022998680887
2230 0.2427215133690294 0.003674175783380282 0.0218825266190515 -0.004796696330910255 -0.006492039027499566 0.02405970497481345
2240 0.2427228136024304 0.003674724757894764 0.02187440699125247 -0.004796749056621771 -0.006493155865831584 0.0240583261993139
2250 0.2427247333058201 0.003676249012589955 0.02187624002729108 -0.004795754797605416 -0.006492910272150415 0.02405854080004236
2260 0.2427215645297769 0.003678348744897341 0.02188248184137339 -0.0047953026432293 -0.006492135392386928 0.0240593678123004
2270 0.2427208323287086 0.003676597144560752 0.02188501261637925 -0.004796456528159158 -0.006492071949151031 0.0240604558918312
2280 0.2427244333068821 0.003673435932621589 0.02187761818806101 -0.004796844432775948 -0.006492418239350419 0.02405907067240593
2290 0.2427228535057575 0.003674956120307774 0.02187322819068569 -0.004796271952514092 -0.006493134073129556 0.02405805158546515
2300 0.2427219145824154 0.00367745570328986 0.02188143414449218 -0.004795602783021322 -0.006492387482492349 0.02405934981821812
2310 0.2427227159493897 0.003676946763980383 0.02188307627029523 -0.004795820507282196 -0.00649216305138081 0.02405964718410307
2320 0.2427227806842861 0.003676477961496646 0.02188256125531238 -0.004796435759646205 -0.00649227147205199 0.02405993132433696
2330 0.2427227475465056 0.003674624715033395 0.02187530332389494 -0.004796642845456569 -0.006492865137564342 0.02405854893417681
2340 0.2427224153124841 0.003674360368414933 0.02187478446385053 -0.00479619499532194 -0.006492809065652357 0.02405830138129803
2350 0.2427233883387262 0.0036777011467137 0.02188385617363365 -0.004795461503551805 -0.006492054426291477 0.0240597011639899
2360 0.2427215398093782 0.003676498339726452 0.02188438200826507 -0.004796192519715757 -0.00649206602277855 0.02406020516137181
2370 0.2427222973555819 0.003676285137530696 0.02187815052082267 -0.004796503124604773 -0.006492751798858718 0.02405910283105178
2380 0.2427247481735117 0.003674333656275213 0.02187322380076119 -0.004796486101139786 -0.006493062910938967 0.02405824132114581
2390 0.242722595328853 0.003675683403255776 0.02187952731039759 -0.004795727561554627 -0.006492410727471045 0.02405890850164901
2400 0.2427203244351218 0.003677903550791383 0.0218857251249648 -0.004795710579949038 -0.006491964684281681 0.02405978500798111
2410 0.2427229655569713 0.003674399729838895 0.0218822382761203 -0.004796671731053691 -0.006492039757122466 0.02406032239564961
2420 0.2427244033614456 0.003675811617486483 0.02187302933341247 -0.004796529061250257 -0.006493215562407844 0.02405875900877578
2430 0.2427221338499994 0.003677641608528888 0.02187646226579799 -0.004795847350292881 -0.006492955494992659 0.02405798718207494
2440 0.2427227896382093 0.003674601176414701 0.02188305796366694 -0.004795764254550199 -0.006492011975489371 0.02405917481578984
2450 0.2427219045777955 0.003675664778952255 0.02188513964379579 -0.004796011054753484 -0.006492071981078208 0.024060194013021
2460 0.2427221626608149 0.003677184623163132 0.02187952087248094 -0.004796680339567079 -0.006492290386661815 0.02405994757208824
2470 0.2427232688741147 0.003674592965361011 0.02187034500721134 -0.004796761917285931 -0.006493232911150263 0.02405837326697817
2480 0.2427244711532479 0.003676246105654909 0.02188007281707109 -0.004795557551145696 -0.006492790527803156 0.02405841220459558
2490 0.2427216918120735 0.003677394552460403 0.02188634063099795 -0.00479547767406152 -0.006491850782620184 0.02405935806872547
2500 0.2427199294898024 0.003675238982996419 0.02188313531324921 -0.004796411747884975 -0.006492152263741735 0.02406014615580314
2510 0.2427247162398243 0.003675085671297625 0.02187437351863655 -0.004796796356382738 -0.006492774342601169 0.0240593063304849
2520 0.2427240326139065 0.003675311431445415 0.02187245445703235 -0.004796489403194544 -0.006492893327704047 0.02405860709398015
2530 0.2427215819132578 0.003678174798247967 0.02188392484958552 -0.004795438594882483 -0.006492474043778757 0.0240589671106997
2540 0.2427219137519259 0.003675896147606014 0.02188678348741501 -0.00479570316730921 -0.006491913430323899 0.0240592130681494
2550 0.2427227538128875 0.003673588877889124 0.0218796857195029 -0.004796514019426509 -0.006492431170404631 0.0240599891185078
2560 0.2427229262535522 0.003677908564810501 0.02187153118860873 -0.004796687282277432 -0.006493181414572513 0.0240589548573476
2570 0.2427231109545152 0.003676190040251444 0.02187666924480766 -0.004796195270724012 -0.006492342777145698 0.02405853146092676
2580 0.2427230904202677 0.003674037815983613 0.02188581223841668 -0.004795672351945376 -0.006492109396869596 0.02405953561228672
2590 0.2427214617599958 0.003677442044223499 0.02188681544814845 -0.00479582687127941 -0.006492280517433726 0.02405981181127759
2600 0.2427218243631944 0.003676254928214102 0.02187381119747365 -0.004796545053521702 -0.006492730137176022 0.02405882778671346
2610 0.2427244896932427 0.00367466313188574 0.02187141743388175 -0.004796582162435266 -0.006493204838820476 0.02405887191014187
2620 0.2427239814689649 0.003677017710834071 0.02188328859667979 -0.004795794772466173 -0.006492037017798038 0.0240591680667039
2630 0.2427195919300724 0.003676277141145501 0.02188591545831784 -0.004795954748088769 -0.006491871112229113 0.02405960066271397
2640 0.2427226145784163 0.003674584647896051 0.02188205461534405 -0.004796340572922229 -0.006492467372706537 0.02405977973319282
2650 0.2427248819934176 0.003675375005978885 0.0218713274098504 -0.004796299704397896 -0.006493232093731884 0.02405852097928537
2660 0.242722040092743 0.003678574493109539 0.02187563956574553 -0.004796071031493816 -0.006492803259666608 0.02405884796915767
2670 0.2427228215774691 0.003676742847663003 0.02188586325370367 -0.004795966288952462 -0.006491870935827082 0.02405916156106763
2680 0.2427222692273575 0.003671911214895487 0.02188541965273383 -0.00479624518456722 -0.006491880673402789 0.02405986964254514
2690 0.2427216261774912 0.003676594294308042 0.02187768604422678 -0.004796314429248891 -0.006492829973199952 0.02405977906550693
2700 0.2427232534780755 0.003678247385966284 0.02186972043053967 -0.004796435980884199 -0.006493252676093423 0.02405838888232846
2710 0.2427242429712151 0.003675654124791161 0.02187997389252706 -0.004795612041056238 -0.006492339158359547 0.02405849276177687
2720 0.2427224207104789 0.003675599573658513 0.02188953363644575 -0.004796012275479688 -0.006491984986195623 0.02405986468404115
2730 0.2427202611192931 0.003675650037277179 0.02188253952532108 -0.004796386866565376 -0.006492072403929608 0.02405971018841109
2740 0.2427229535397621 0.003674701571655079 0.02187029464623644 -0.004796537889185053 -0.006493049562118703 0.02405895155495492
2750 0.2427252598710664 0.003676179269266714 0.02187469016051058 -0.004796200063591906 -0.006492896724554542 0.02405927927142305
2760 0.2427217587182512 0.00367847822721706 0.02188497478752373 -0.004795542125509479 -0.006492216508522087 0.02405874890642481
2770 0.2427211146105802 0.003676156961358018 0.02188755449595358 -0.004796117173609333 -0.006491999453844054 0.02405918038386073
2780 0.2427239214637601 0.003671817936323783 0.02187830739374292 -0.004796475645834252 -0.006492454296205723 0.02405964466680172
2790 0.2427218770456227 0.003677067169438992 0.02186944463682295 -0.00479639040402286 -0.006493250565583122 0.02405920667301114
2800 0.2427229660566262 0.003679704628973034 0.02187853441554906 -0.004796062664508736 -0.006492283472378924 0.02405920931240903
2810 0.2427237034133155 0.003673133423492167 0.02188672782764976 -0.004795912328407682 -0.006491997144522503 0.0240589616393009
2820 0.2427216358653972 0.003675105542601633 0.02188690599926177 -0.004795924566992361 -0.006492411475934903 0.02405936940317467
2830 0.2427217021178137 0.003677369964707935 0.02187338246568966 -0.004796527977608169 -0.006492931742473635 0.02405906835843416
2840 0.2427239355237303 0.003675706765563884 0.02186924588224918 -0.00479642705127394 -0.006492887506074818 0.02405901378972423
2850 0.2427238762911556 0.003676625475848596 0.0218845865659307 -0.004795726493992366 -0.006492005242352402 0.02405965682030391
2860 0.2427207070629031 0.003675498594665174 0.02188837858870196 -0.004796263070022954 -0.006491874624215807 0.02405952158741569
2870 0.2427220425499934 0.003675039145046838 0.02187976733733108 -0.004796198836267135 -0.006492782912726437 0.02405874422459029
2880 0.2427245532243894 0.003675559201201863 0.02187132635871846 -0.004796153746859979 -0.006493186476480068 0.02405854017060139
2890 0.2427229557383501 0.003677544866763172 0.02187616250033943 -0.00479613635268119 -0.006492536436379595 0.02405986451240359
2900 0.2427211764069021 0.003678652868262454 0.0218852906348601 -0.004796074144712088 -0.006491897525652724 0.024059450270472
2910 0.2427232113430128 0.003671886306531009 0.02188640442724868 -0.004796363464504267 -0.006491821796703726 0.02405927038889961
2920 0.2427223277718105 0.003673092401481134 0.02187601736682236 -0.004796227961853619 -0.006493139814666579 0.02405899046493334
2930 0.2427221035229108 0.003681034504851147 0.02187203446531148 -0.004795855691307836 -0.006493287953767003 0.02405865867653733
2940 0.2427244796722748 0.003677267422880821 0.02187916480630158 -0.004796084694769765 -0.006491970871960062 0.02405936609714303
2950 0.2427224967582173 0.003673388208754411 0.02188787345172162 -0.004796205891422912 -0.006491990630205183 0.02405985527117388
2960 0.2427211162980155 0.003674884529406206 0.0218841792893251 -0.004796429014963449 -0.006492253762356331 0.02405939124819222
2970 0.2427221424935331 0.003675381240269627 0.02186925990767411 -0.004796411389486044 -0.006493128795372221 0.02405833671655739
2980 0.2427248098734892 0.003677044419076216 0.02187605348522839 -0.004795628750966718 -0.00649292628730843 0.02405932291313207
2990 0.2427225632485583 0.003678873629580066 0.02188584920555044 -0.004795825733438737 -0.006491926011913876 0.02405950023900323
3000 0.2427209668783306 0.003675141827369779 0.02188485706034485 -0.004796699287562837 -0.006492059600746674 0.02405951697462166
