"report"
"Iteration" "cd etc.."
("Iteration" "cd" "cl" "cmx" "cmy" "cmz" "cx" "cd-scale" "cl-scale" "cs-scale")
10 0.1520274352888194 0.05019731242938463 -0.01655296919609775 -0.005801650696332258 0.006880074786499099 0.03176961372284608 0.1575224114644386 0.05060755885842595 0.02834907799765498
20 0.1748173023708567 0.05385197927285259 -0.01610511443308702 -0.002824624138901626 0.004451695716545885 0.01243662762035645 0.1808545320660251 0.05348029662173082 0.0113331106145282
30 0.1814441795473243 0.0570594699103268 -0.01493718907445977 0.000129489917832289 0.0004324008163586806 -0.001906083187945464 0.1878407916904348 0.05738980456491268 -0.0003810221836513776
40 0.1824811834807116 0.06036871487998052 -0.015160337523642 -0.0004012974566024611 0.0006208942168142608 0.001244060555269658 0.1888742764177927 0.06104271070921544 0.004779862139991581
50 0.1849276009866885 0.06513032437746429 -0.01484321488884312 -0.001138594452375442 0.001671908085965934 0.006657878505634218 0.1910722459788624 0.06598542535631803 0.01102989412519018
60 0.1864813497550265 0.07102006851360422 -0.01410154399293765 -0.001201415223170323 0.001763728871541722 0.006390111495843152 0.1922097723042331 0.07178341844868494 0.01031672802110491
70 0.1879022361864852 0.07447627906575451 -0.01371899596286727 -0.001306856991286148 0.001404804219236055 0.003139079774372504 0.1932799423849067 0.07442399787235564 0.005791670335823922
80 0.1885187691212934 0.07499329056994501 -0.01327102644453414 -0.001065878708078399 0.001054178515766163 0.0008700142714375605 0.1937913289840315 0.07414078838251129 0.002503307576940127
90 0.1889312875404393 0.07432920134062419 -0.01281399756018932 -0.0004877900704662031 0.0005439072769182536 0.0002485754539617244 0.1943751288800673 0.07303818555721765 0.001295762051544363
100 0.1893395651727693 0.07408951004664907 -0.01258931738843457 -0.0002124305700619597 0.0003155748219212034 -0.001377531344573801 0.1950460455571553 0.07285839022522354 -0.0006274696777247061
110 0.18986223810594 0.07308180746137059 -0.01239413616006294 -0.0001228887121480561 0.0001925423197179813 -0.002416403630282931 0.195713920484322 0.07203838437283305 -0.001749591912748556
120 0.1901069047418733 0.07164606488246701 -0.01212497018320409 3.541299203619408e-05 -0.0001722894362491168 -0.001969465110232087 0.1959807270620532 0.07072298960199401 -0.001245580168296253
130 0.1901545522761636 0.07032490441865867 -0.01184363661316886 0.0001633083943548573 -0.0005036085454319482 -0.001414331158284064 0.1959803692930596 0.06939427167969267 -0.0004877949988604664
140 0.1900143422424028 0.0695130873270903 -0.01164385084144177 0.00033063709343328 -0.000784292425388172 -0.001777148631477015 0.1958054610189222 0.06847645025036028 -0.0005247602026564053
150 0.1898079241802643 0.06913126828473902 -0.01148920859666544 0.000574851370867371 -0.001136088803945894 -0.002585588212990351 0.1955916315402902 0.0679438922961767 -0.0009912683903339668
160 0.1894514395631252 0.06885827591922039 -0.01133492945548075 0.0007731082575936436 -0.001442281038238159 -0.003152885030015192 0.1952352314114007 0.06751144792329712 -0.001291390477413951
170 0.1891275121629053 0.06871127032275201 -0.0112444404067984 0.0008734564789911972 -0.001614029478128004 -0.003579964386335535 0.1949141678606079 0.06721307718072782 -0.001520800029368737
180 0.188829723676512 0.06864069790454912 -0.01118355183574969 0.0009237008974171092 -0.001725778382698866 -0.004161374994592355 0.1946136550885245 0.06699049209841017 -0.001945368211319213
190 0.188583523603714 0.06854564895884067 -0.01112768649439065 0.0009484089678307809 -0.001826104165432 -0.005050013454619702 0.1943579552622859 0.06674466678428093 -0.002698081399721221
200 0.1883231374079551 0.06852454033026736 -0.01104600819456718 0.0009482268372353471 -0.001891220895094982 -0.006260816840338585 0.1940855547866993 0.06659462124635068 -0.003781531477075574
210 0.1880339273795677 0.06845557520418763 -0.01092858234300833 0.0009189776906541542 -0.001917675061423103 -0.00757002589518512 0.1937900418609906 0.06643652677948346 -0.005004892677688927
220 0.1877641649190952 0.06830393445246627 -0.01080917960841744 0.0008625911223134965 -0.001919829396774849 -0.008759143322221944 0.1935238906000538 0.06622429423798575 -0.006192080274720774
230 0.1875087717813451 0.06809348581599954 -0.01069380244135162 0.0007803898246816245 -0.001868324697266899 -0.009834065924953114 0.1932742144354734 0.06596808578617727 -0.0073370515646912
240 0.1872557105149212 0.06788927309054106 -0.01058120020112749 0.0006862256593824088 -0.001773993029654049 -0.01072942905032534 0.1930222067245642 0.065727050773474 -0.008334255953185446
250 0.1870431719237427 0.06777170696252675 -0.01048443230579917 0.0006054334323104196 -0.001692272234236544 -0.01127405829727188 0.1928048912182385 0.06557864369389139 -0.008967342055735706
260 0.1868749776173898 0.06771257109447067 -0.01039547090294363 0.0005398345535961517 -0.001607819526870214 -0.01148463519474429 0.1926275926014722 0.0654931702714617 -0.009231701664970235
270 0.186750887744508 0.06768436400873688 -0.01032047477089955 0.0004827600486318091 -0.00150668465752215 -0.01143294306016494 0.1924938005170685 0.06544150458132335 -0.009202298399895358
280 0.1867086251803651 0.06770704690134946 -0.01026511949926534 0.00044044823395438 -0.001431735632738814 -0.01111157362644313 0.1924443480402803 0.06545224915644009 -0.008887927088072404
290 0.1867299157037534 0.06778050259591227 -0.01022287403762315 0.0004030448079974787 -0.001373425708506823 -0.01069205019111386 0.1924592944374446 0.06553168044272753 -0.008494654324319123
300 0.1867789555983194 0.06786415483366534 -0.0101904328528636 0.0003485012340264221 -0.001294168832845084 -0.01038661362823263 0.192503119856123 0.06563901207529213 -0.008249918300923066
310 0.1868549018419851 0.06792742767440729 -0.01017474906773851 0.0002725850431613404 -0.0012046023090831 -0.01020339299664107 0.1925763378980098 0.06574043052755633 -0.008145317750616523
320 0.1869435122171683 0.06798799473753619 -0.01017357292568929 0.0001599831829976482 -0.001072597207304301 -0.01015267069409904 0.1926663643748251 0.06584709062912446 -0.008182387649536521
330 0.187006006914844 0.06804840083055644 -0.01016447491998337 4.281315274412476e-06 -0.0008667524276715817 -0.01020517981656429 0.1927353506103459 0.06595086210371731 -0.008325915438267136
340 0.1868803666957241 0.06806408308557728 -0.01007827937575174 -8.830635638072309e-05 -0.0007213746470360868 -0.009913431984541782 0.1926182037311776 0.06600415173256288 -0.008137401778570119
350 0.1865389105953826 0.06789231869138199 -0.009870822299864012 9.14334408096607e-05 -0.0008367048862696074 -0.008593610468376979 0.1922854358441716 0.06586693937329854 -0.006951521376095223
360 0.1863670745362109 0.06796951390154334 -0.009755792924244276 0.0002964408277396082 -0.0008799877910823334 -0.007409330638189578 0.1921200575143728 0.0659780441693268 -0.005935780135263553
370 0.1867113559275951 0.0681334290985299 -0.009826942711870144 0.0002921266227542526 -0.0007167265542162269 -0.006717068461504347 0.1924653015718589 0.06617353285858464 -0.005438533619976612
380 0.187088400532885 0.06802072470213445 -0.009880519035513426 0.0004399144343905466 -0.0008361650945496988 -0.004884335169133028 0.1928396214148454 0.06608640050346747 -0.003810943658931712
390 0.1870865070641621 0.06755550710601907 -0.009783318954207743 0.0006229860424462698 -0.001030559056933993 -0.002754669543583743 0.1928329544232524 0.06563722170571097 -0.001877828175482963
400 0.1870231824790072 0.0673567847595532 -0.009712117514732171 0.0007053333248053957 -0.001086837458724655 -0.001170052434305102 0.1927668187404983 0.06545098409340154 -0.0004598734727879166
410 0.1869806828831971 0.0673642349850761 -0.009663149637350528 0.000716044188660281 -0.001076397791357721 -4.182661828540199e-05 0.1927259587461277 0.0654760893898645 0.0005534972205725966
420 0.1868717417536825 0.06752899430192182 -0.009617136319669203 0.0006970401618665038 -0.001041736877228878 0.000724976489137624 0.1926195305324808 0.06565836912017387 0.001266688077150633
430 0.1867842489518879 0.06778521671049401 -0.009610201538558849 0.0006440941468686562 -0.0009837564412394514 0.001189185737234561 0.1925324063835883 0.0659165205441435 0.001727608868830386
440 0.1868134020671182 0.06795783374932024 -0.009639327739108361 0.0005559081356347281 -0.0008782297142673269 0.001348678900326486 0.1925618428860247 0.0660657828508343 0.001905464787477465
450 0.1869617297239353 0.06800795927116916 -0.009690715087144964 0.0004348805616288407 -0.0007179924569207853 0.001246497393120832 0.192711996167537 0.0660744002139332 0.001804732578091215
460 0.1870526408073356 0.06795069408519787 -0.00970529185607338 0.0002722023837863216 -0.0005069738876961913 0.0009383298790747174 0.1928082550812824 0.0659724070459093 0.001452389225882067
470 0.187014838026307 0.06782001284842867 -0.009665873564014297 8.960653521109117e-05 -0.0002748202195130548 0.0005360475396365772 0.1927793006123874 0.06580601710798457 0.0009558385702109465
480 0.1869476051098676 0.06770701060584049 -0.009626974954081569 -6.740921740051299e-05 -7.545796774651409e-05 0.0002118974751606416 0.1927199947922465 0.06567042941971853 0.0004947796883833562
490 0.1868824538573536 0.06763520742737616 -0.009601781243551287 -0.0001825835696896618 6.471937986508312e-05 2.693563967321623e-05 0.192660329429705 0.06558680338713523 0.0001469541604659135
500 0.186807175879025 0.06760211639886161 -0.00957858954946268 -0.0002646083051696778 0.0001683853779738362 -0.0001098357226645479 0.1925882358304259 0.06554732108916987 -0.0001585275495047991
510 0.1867199774965873 0.06760915912894913 -0.009550590616216074 -0.0003106946769765087 0.0002437480947972297 -0.0002700596599127497 0.1925005825973676 0.0655487981622369 -0.0004746961499738388
520 0.186620919068696 0.06766682064742445 -0.00952474626872017 -0.0003111090157214063 0.0002596878794674055 -0.0004029957604852018 0.1923976531581973 0.06559805320280455 -0.000729086025816548
530 0.1865339207507681 0.06779049188813274 -0.009513867446753617 -0.0002732817347737087 0.0002212019393147135 -0.0004941723813890231 0.1923056034578765 0.06571113346404939 -0.0008912726460237299
540 0.1864775453548707 0.06794850423308432 -0.00951975380518714 -0.000221516665200004 0.000166753415530187 -0.0005922510131368197 0.1922429975614875 0.06585852358773886 -0.001006729397692822
550 0.1864347366445865 0.0680928763448103 -0.00953403573958434 -0.0001745522163186393 0.0001056103259738666 -0.0006581661497425325 0.1921947534985749 0.06599380423981324 -0.001042047461903815
560 0.1864225342174486 0.06819994055666859 -0.009556513716881283 -0.0001568366039479793 6.740437934978103e-05 -0.0007097160871391578 0.1921796665403698 0.06609553770425478 -0.001024905772943953
570 0.1864336519208571 0.06825451135769868 -0.009582502410178273 -0.0001973190526649127 9.669531292561955e-05 -0.0008566089599588192 0.1921894656021837 0.06614999680467731 -0.001082105154968896
580 0.1864235748476298 0.0682592676400771 -0.009599930466680222 -0.0002934715295092512 0.0001814180314413565 -0.00107460526899894 0.192179871734471 0.06616051194409961 -0.001206984414976566
590 0.1863956836334339 0.06827817770337437 -0.009615996962837164 -0.0004258402257352384 0.0003002945306772676 -0.001323584598787751 0.1921537339145558 0.06618940545605707 -0.001373268599843081
600 0.1863587546708637 0.06831023659073522 -0.009630225639518743 -0.0005640014587405817 0.0004289613832854231 -0.001594299470179187 0.1921177755073945 0.06623295384089016 -0.001581315352752716
610 0.1862262094995649 0.06831510021072973 -0.009609952165534555 -0.0006563293583797548 0.000512447936791527 -0.001748958865838715 0.1919853810529511 0.06624871659979477 -0.001695306718111558
620 0.1859597169973256 0.06824740791002819 -0.009530452064534465 -0.000599519373768843 0.0004560499693850835 -0.001469787814272326 0.1917185902691562 0.06619046204648635 -0.001395332656032543
630 0.1857376793759409 0.0682002628572389 -0.009448485482345706 -0.0003268673934508411 0.000231599910660665 -0.0006659624883257356 0.1914954326824471 0.06615163766762798 -0.000588531314649323
640 0.1858711157548371 0.06834051736930358 -0.009499528729384581 -0.0002113554240331895 0.0002385979422673112 -0.000672415266481644 0.1916275549376401 0.06629815320590385 -0.0006035536397002089
650 0.1862929680381751 0.06824949920406813 -0.009584574344090215 -7.011264420908566e-05 0.0001380131545073726 -0.0002733282167086271 0.1920473302976455 0.06620945516582154 -0.0002166047621394348
660 0.1864204987813046 0.06780077434602017 -0.009532029402465642 0.0001993768266845556 -0.0002087845984485046 0.0009432300549814777 0.1921723007425234 0.06575769192039983 0.0009884916801111078
670 0.1864044092224128 0.06739588541558926 -0.009455959365009477 0.0004203946055006691 -0.0004975833864305949 0.002051555243402986 0.1921563849138391 0.06534708881523438 0.002089237823980636
680 0.1863940109012481 0.06732831358878742 -0.009424555682826784 0.0005148665005833038 -0.0006198339777949106 0.002719872462763314 0.1921478981966271 0.06527735603984734 0.002755554024317247
690 0.1864480645934276 0.0674490774071219 -0.009425533823692607 0.0005312055411768778 -0.0006346124463889406 0.003024989179210661 0.192204335780426 0.0654035234872082 0.003070065073709634
700 0.1865162903121451 0.06767154070539388 -0.009461642149481871 0.0005022424959153112 -0.0006089021240831454 0.003140828167250704 0.1922733581701 0.06563267196285519 0.003214205384545631
710 0.1866185016101361 0.06783990728316387 -0.009515319571503542 0.0004335039243759858 -0.0005401303986396762 0.003079294191670428 0.1923739926189969 0.06579856469790679 0.003195512908446205
720 0.1867815051263898 0.06789199205489396 -0.009581348056790923 0.0003312558567074262 -0.0004216714903243856 0.002797574691313831 0.1925353938581143 0.06583723942780079 0.002957698245739805
730 0.1868973017197555 0.0678775210135393 -0.009628937432339413 0.0001832764153139699 -0.0002517427314337763 0.002291579590627902 0.1926519944516863 0.06580633043773534 0.002481042164357085
740 0.1869058953718973 0.06777856633410484 -0.009624857295625858 5.051696646328075e-06 -5.650542641117603e-05 0.001654924657537501 0.1926623521933434 0.06569710314829905 0.001845707192073409
750 0.1868786433056259 0.06765338558162656 -0.009604272947759578 -0.0001647940688401524 0.0001293487757678609 0.0009992298750277381 0.1926366162605873 0.06557091923597681 0.001158586015482076
760 0.1868472911618803 0.06754551342380011 -0.009585165064928392 -0.0002954556888200858 0.0002656032111880646 0.0004452472789169901 0.1926067445089788 0.06546914832552897 0.0005471356041976902
770 0.1867916029466606 0.06748943111896184 -0.009559862428320094 -0.0003894676601633477 0.000360927989654296 -1.281503331937167e-05 0.1925517563144516 0.0654223425102856 1.74307782922255e-05
780 0.1867129440485059 0.06749805465468155 -0.009529674184776713 -0.0004560811876893766 0.0004392990526779236 -0.0004292309662731567 0.1924722215000739 0.06543918936786457 -0.0004715504677303669
790 0.1866162885795489 0.06756709303011675 -0.00950142138558834 -0.0005009376309007057 0.0004927363656976995 -0.0007716533468484411 0.192374618056193 0.06551213332611609 -0.0008741002674695048
800 0.1865267273261054 0.06771032967690144 -0.009488387991688323 -0.0005390359849134381 0.0005280088244610459 -0.001043723272947798 0.1922833260303981 0.06565373054686278 -0.001187201592630281
810 0.1864510434570451 0.06790232097070055 -0.009495018652123738 -0.0005798959149836964 0.0005637552118328841 -0.001287899691744738 0.1922056653026031 0.06584058275691329 -0.001451441349691754
820 0.1863828897278253 0.0680423894969797 -0.009505696862402052 -0.0006166126779535937 0.0005880263031864697 -0.001474266953546311 0.1921361815902219 0.06597430785461164 -0.001635946398809159
830 0.1863375558058875 0.06811931669070811 -0.009516677282529168 -0.0006259101338589084 0.0005790190625856675 -0.001541106849834015 0.1920902822227322 0.06604596910050006 -0.001681767946068977
840 0.186317740417163 0.06818267044432251 -0.009533840112940594 -0.0005702121339792268 0.0005164116867016747 -0.001427869409074446 0.1920706488706415 0.06610664720084351 -0.001533301089373507
850 0.1863316331584122 0.06824387189994993 -0.009563600967527208 -0.0004485485777252958 0.0003990928342480907 -0.001140116896365712 0.1920850483026097 0.06616827161831254 -0.001201145057668668
860 0.1864357838352795 0.06829469778150307 -0.009619087723662099 -0.0003358362152842906 0.0002934048338448154 -0.0008878024269650985 0.1921893656511943 0.06622197164959263 -0.0009009111598229266
870 0.1866654660521621 0.06822027263915018 -0.009683526873768644 -0.0002391656029513107 0.0001935839893132062 -0.0006094412173556022 0.1924189440359438 0.06615110606181383 -0.0005770571914736214
880 0.1868321774947012 0.06796325675956788 -0.009689934593324418 -0.0001227089152249827 5.824061405791893e-05 -0.0001478175471877493 0.1925845116593682 0.0658966119851102 -7.764418764325115e-05
890 0.1869095525083238 0.06771228580869913 -0.009667627227881229 -2.606089869533201e-05 -5.922224156955208e-05 0.0003122138690971914 0.192661477278138 0.06564739350872692 0.0004110494551452178
900 0.1869596963594176 0.06757426443502645 -0.009651739274882509 2.868780084462379e-06 -9.153878334051385e-05 0.0005492669587282685 0.192712210154237 0.06551332738567323 0.0006689551542487078
910 0.186944116615379 0.06749432478754408 -0.009618090977035986 -2.871456300726127e-05 -5.355320262722384e-05 0.0005669033378061466 0.1926971403099068 0.06544099775211379 0.0007021705690686025
920 0.1869002060612767 0.06746902886670832 -0.009577700515011429 -8.521738188244961e-05 5.617216207047178e-06 0.0004760721930382277 0.1926537571373588 0.06542372550275634 0.0006267195068782752
930 0.1868837178174901 0.06750115761850378 -0.009557703300936471 -0.0001545683785846476 8.143102846117619e-05 0.0002859245999907733 0.1926376571650854 0.06545891337657261 0.0004535045986570313
940 0.1868775946350616 0.06753892789055516 -0.009551996049176363 -0.0002299913094488246 0.0001654913390918998 3.075003883622284e-05 0.1926305448517873 0.06549245349897477 0.0002120957531409532
950 0.1868551203606218 0.06758240715349279 -0.009550834259376353 -0.0003001684651091781 0.0002426336200981364 -0.0002206988469829354 0.1926072610521541 0.06552732495689612 -3.311471487367576e-05
960 0.1868332870776747 0.06762582382580437 -0.009554481300716408 -0.0003564277815634911 0.0003081817193226874 -0.0004364982130009051 0.1925856020991004 0.065562427687245 -0.000254905104498711
970 0.1868151415799317 0.06762008744513384 -0.009552849610232185 -0.0003889171564042925 0.0003531818810360472 -0.0005728692281658242 0.1925676935666827 0.06555214000676834 -0.0004125848935024237
980 0.1867950184000165 0.06757708974332156 -0.009542968487197124 -0.0003872628169123732 0.0003676389798583459 -0.0005912921746602001 0.1925489818565193 0.06550945823119321 -0.0004640490788360715
990 0.1868060587354574 0.06752011231048208 -0.009538112386305236 -0.0003547402461293007 0.0003541942082083995 -0.0005088806125644347 0.1925621695862887 0.06545647115812289 -0.0004197956387714094
1000 0.1868205220537537 0.06742711066972577 -0.009527669509632025 -0.0003015653029401118 0.0003151434360013743 -0.0003401035799300931 0.1925781554199117 0.06536880186798415 -0.0002874227508079753
1010 0.1867889619939048 0.0673359950458827 -0.009500580158189128 -0.0002401490262490599 0.0002601369780706026 -0.0001134362821277839 0.1925481639640226 0.06528217508311999 -8.737026246607088e-05
1020 0.1867443618296901 0.06731161558723565 -0.009476819825828122 -0.0001881917391471965 0.0002084321398238874 0.0001104647953082633 0.1925044008675348 0.06526006795343625 0.0001234264949656481
1030 0.1867141038484441 0.06734581421746692 -0.009467223505329041 -0.0001603651920721354 0.0001750945943298695 0.0002703993082989746 0.1924738419735791 0.06529353836633447 0.0002837319175036421
1040 0.1866926925601523 0.06742471290217632 -0.009469951050107365 -0.0001648709787795433 0.0001725075309041719 0.0003107161111071523 0.1924518046497865 0.06536826509782512 0.0003379711042770429
1050 0.1866928568487081 0.06754443336898305 -0.009488766150443261 -0.0001998651304895766 0.0001996558614171005 0.0002228460555453448 0.1924501529069976 0.06548076304399103 0.000273328521446082
1060 0.1867071937819474 0.06765353353891171 -0.009514578102793539 -0.0002591339408894773 0.0002474625157714648 2.555530818279899e-05 0.1924618411883561 0.06558114501251153 0.0001041124836540294
1070 0.1867051276822984 0.06772315906822997 -0.009533591938545123 -0.000331265890048838 0.0003109072580804369 -0.0002551814980695833 0.1924583841745857 0.06564257113629454 -0.0001477652526605727
1080 0.1866815475955536 0.06773403050536665 -0.009537781615568567 -0.0004033466728329926 0.0003810305559332248 -0.00057978001132255 0.1924337949054969 0.06564802695662263 -0.000449808659310617
1090 0.1866679856127405 0.0676594307501026 -0.009530587040186247 -0.0004632075119760895 0.0004417672427279014 -0.0008855949043370656 0.192420466560354 0.06557282677527607 -0.0007435712823940899
1100 0.1866886985239379 0.06752139247407349 -0.009518618380018395 -0.0004994946701834955 0.0004861555249930213 -0.001133858585354013 0.1924432835495439 0.06543916129649763 -0.0009899879389805488
1110 0.1867345808644398 0.06740403983810961 -0.009511418097793474 -0.000495457677580528 0.0004952596496983478 -0.001261967468912881 0.1924911222345997 0.06532983891338565 -0.001125698078068202
1120 0.1867745664097318 0.06735726701365166 -0.009512756912526609 -0.0004516202324248135 0.0004588463686571977 -0.001241672222823369 0.19253325924256 0.06529301016992402 -0.00111858720270127
1130 0.1867703811610115 0.06735653104580153 -0.009506888558702947 -0.0003815801932827999 0.0003879705442869047 -0.001096351527931911 0.1925317300978533 0.06530188750068017 -0.0009860427705031297
1140 0.186751315272065 0.06732689814509495 -0.009485398152643241 -0.0002989383348563755 0.0002938953675676462 -0.0008508037252346921 0.1925140176682192 0.06527924552181864 -0.0007506209452063497
1150 0.1867708023841154 0.06728042921533503 -0.009471329070267541 -0.0002308369510660983 0.0002063846491848062 -0.0005856306099033597 0.1925335037642188 0.06523506695326435 -0.0004901021988015871
1160 0.1868056277885838 0.06725227209175506 -0.009471710824461965 -0.0001951402747108123 0.0001567028577384103 -0.0003859268243797901 0.1925681639993766 0.06520327332339758 -0.0002862484427718051
1170 0.186831010749199 0.06725003580376809 -0.009479613178871096 -0.0001861860600795163 0.0001466569324674782 -0.0002749989442287984 0.1925916537366364 0.06519265884653128 -0.0001637032729620839
1180 0.186832764271235 0.06727365090064144 -0.009487734765538915 -0.0001855908393151267 0.0001503666803311889 -0.0002098801995938827 0.1925909360911961 0.06520648343774303 -7.958867292443502e-05
1190 0.1868215320985086 0.06730442079038387 -0.009494330019988645 -0.0001799986552407589 0.0001519102319284946 -0.0001640217283721329 0.1925783279286707 0.06522885067929293 -9.342162581646694e-06
1200 0.1868127338849963 0.06731390686880187 -0.009497421215436338 -0.0001664892149635205 0.000148372312785718 -0.0001245746129636676 0.1925679357373205 0.06523278173293669 5.301561019370734e-05
1210 0.1868041898477915 0.06729255843966803 -0.00949446721364468 -0.0001476137210430039 0.000132250884878025 -5.297685100787575e-05 0.1925593655163206 0.06520915211445881 0.0001410781357987154
1220 0.186786353345454 0.06727784615753818 -0.009489333086730547 -0.0001378106084574163 0.0001205531905886078 2.104825548558707e-05 0.1925425561864945 0.06519441156261283 0.0002216283292548244
1230 0.1867634438140484 0.0672995706954647 -0.009488509979610966 -0.0001522652504038776 0.0001374283695729422 2.792539986310891e-05 0.1925202226402256 0.06521743369022491 0.0002223677341514566
1240 0.1867442979662565 0.0673515590789987 -0.00949306136458368 -0.0001897968682728138 0.0001756235709932809 -2.99990337115801e-05 0.1925021776066393 0.0652713782911471 0.0001495324684384523
1250 0.1867266002421814 0.06742843223577646 -0.009501415519561185 -0.0002424452816190905 0.0002262732352617719 -0.0001391099312330537 0.1924849794064707 0.06534977588866384 2.172755634956269e-05
1260 0.1867082432485573 0.06750787101932845 -0.009510383100852161 -0.0002983857240567216 0.0002814928430389127 -0.0002943874660028279 0.1924659331445358 0.06542946189507179 -0.0001515196645361396
1270 0.186686094981824 0.06756222767421884 -0.00951523364174719 -0.0003426679853415008 0.0003229384079182611 -0.0004496125780828931 0.1924430320501954 0.06548264291077409 -0.0003183665597640708
1280 0.1866681148415813 0.06757373019742456 -0.009514830130675386 -0.0003615584335779508 0.0003394142891253313 -0.0005492882464658141 0.1924239941629961 0.06549181326240264 -0.0004234719161644328
1290 0.1866764944114133 0.06753065167125172 -0.009514267926858394 -0.0003487566700653463 0.0003321173995171953 -0.0005775781182994277 0.192430908707831 0.06544680705346283 -0.0004538914810040159
1300 0.1867115965829031 0.06744069506924406 -0.009514375785380296 -0.0003084787831043489 0.0003001057663253087 -0.0005201948793963133 0.192465843604403 0.06535668737984864 -0.000397650396678154
1310 0.1867364122548343 0.06733930418272013 -0.009507567619379546 -0.0002516974625876113 0.0002483504428394521 -0.0003690302342535355 0.1924911515555874 0.06525764959030023 -0.0002502938890107347
1320 0.1867257792399992 0.06725895091887395 -0.009490436515071697 -0.0001934442497353144 0.0001924270321032577 -0.0001594429565278413 0.1924809625827897 0.0651821224887163 -4.922580687515639e-05
1330 0.1867063931093311 0.06722603620473577 -0.009474656172080844 -0.0001503203071013468 0.0001473576154885994 5.276140322198382e-05 0.192463135437269 0.06515491524550071 0.0001527754259259517
1340 0.1866999357801657 0.06726731278147451 -0.009472775330239065 -0.0001370753422611126 0.000129938361276726 0.000203314612951669 0.1924576522890216 0.06520034842399497 0.0002936124461426698
1350 0.1866952327191374 0.06737257910351734 -0.009483337584447749 -0.000161720407432888 0.000152832205887767 0.0002281284847645771 0.1924525863530581 0.06530655419664523 0.0003115007278723066
1360 0.1866879635412204 0.06749540157697512 -0.009499873866467029 -0.0002141696682915148 0.0002018991601311095 0.0001330014779360949 0.1924448187461183 0.06542652829018165 0.000216536574932032
1370 0.186681716913297 0.06760301654039304 -0.009516610753307213 -0.0002806655024614595 0.0002612245420651026 -4.942711918543522e-05 0.1924374657335624 0.06552842893453863 4.148629321582055e-05
1380 0.1866697890214871 0.06767394801441627 -0.009529619149226627 -0.0003513840504283458 0.000327722011583899 -0.0003047948382746185 0.1924237111747056 0.06559286665546439 -0.0002023081076702058
1390 0.1866516619404807 0.06766937255033807 -0.009531343368422143 -0.0004076372870107936 0.0003829890155881142 -0.0005657005561459656 0.1924049513852426 0.06558333334252771 -0.0004494342969343457
1400 0.1866543426856513 0.0675838686135924 -0.009523773801634319 -0.000429244021611788 0.0004066222293364602 -0.0007463635298678133 0.192407922747348 0.0654962294082234 -0.0006189770850036308
1410 0.1867018746674932 0.06746522447054899 -0.009521504339962041 -0.0004100205224395777 0.0003973794516751053 -0.0008177753744041395 0.1924559303895415 0.06538046029406097 -0.0006867384748910033
1420 0.1867550290092214 0.06735450495287533 -0.009521549567783097 -0.0003593538485622045 0.0003587885983558401 -0.0007795736394015551 0.1925110678282995 0.06527668867302214 -0.0006522977747552098
1430 0.1867599766698424 0.06726925148766151 -0.009507793502635187 -0.0002877877795688743 0.0002903746349234181 -0.0006123902913600221 0.1925180652813431 0.06520074249290671 -0.0004954769381565855
1440 0.1867367828566444 0.0671949222856958 -0.009478975930216583 -0.0002110329316268953 0.0002057598026864194 -0.0003476606200318195 0.192496335959367 0.06513601441126284 -0.0002454717846071287
1450 0.1867396267596073 0.06716621764971638 -0.009461634589036285 -0.000158276076332547 0.000141440041485412 -9.944059656973153e-05 0.1925007645101012 0.06511439124189471 -9.908215158697322e-06
1460 0.1867598241592005 0.06721683704442268 -0.009465882446686153 -0.0001463470850897017 0.0001195666850895761 5.355291890358278e-05 0.1925214029219102 0.06516693998332228 0.0001360349428776214
1470 0.1867748426982112 0.06732689891988955 -0.009483157096211992 -0.0001774662534507657 0.0001472084401643728 5.91964793017085e-05 0.1925350340848224 0.06527318925319217 0.0001426119999115954
1480 0.1867671937308193 0.06745299196491607 -0.009500707718030871 -0.0002353829383385367 0.0002055897020243189 -6.465532416259023e-05 0.1925258893917238 0.06539117197241807 3.05284330395293e-05
1490 0.1867430140359074 0.06754098084501611 -0.009510710264340047 -0.0002921322266240814 0.0002639390760155493 -0.0002406402851183201 0.1924993576519419 0.06546918136485119 -0.0001261069702756097
1500 0.1867224107101419 0.06755315218257331 -0.009511204731910401 -0.0003243389920710819 0.0002999170295961635 -0.0003936224649122087 0.1924764221969971 0.0654724883042339 -0.0002575666234125208
1510 0.1867340125978766 0.06750161966237772 -0.009512622718115097 -0.0003206044093452661 0.0003035219946232403 -0.0004682538305970715 0.1924879301129716 0.06541553039466019 -0.0003137473267710809
1520 0.186764873542669 0.06742847800540717 -0.009517376399220432 -0.0002881416171137921 0.0002812817465968599 -0.0004571366506279568 0.1925192987832595 0.06534173950902281 -0.0002941911431854458
1530 0.1867778286859778 0.06733917783523659 -0.009512581653245559 -0.0002405037899825579 0.0002410733714433629 -0.0003647913561873551 0.1925336110147804 0.06525676716950736 -0.0002062689866993803
1540 0.1867609247279997 0.06724740398189955 -0.009492487344603083 -0.0001881487369351125 0.0001878608580706413 -0.0001943181328214316 0.1925192786991034 0.06517259223885886 -4.983273333761021e-05
1550 0.1867396968185127 0.06721360086446676 -0.009474952379615643 -0.0001495244715136143 0.0001432511482457435 -1.082851716477609e-05 0.1924997422482328 0.06514686319486721 0.0001139725730849784
1560 0.1867305992231786 0.06726228222319738 -0.009473692136474065 -0.0001414505740210536 0.0001288626285132392 0.0001015188881499438 0.1924916195921387 0.0652011937760488 0.000207843770657977
1570 0.1867250004099126 0.06737074362060617 -0.00948495858037765 -0.0001712196193316774 0.000153678629426149 8.768987870100159e-05 0.1924863465416803 0.06531054458916262 0.0001837237181574198
1580 0.1867139330831218 0.06750382901342886 -0.009502704983933618 -0.0002288242578424156 0.0002074476828052414 -4.30433655133576e-05 0.1924733155744195 0.06543904386367472 5.23042740804996e-05
1590 0.186699614858434 0.06760854627755002 -0.009518810287518895 -0.0002946812565848923 0.0002684849755764672 -0.0002436730706201803 0.1924560865229193 0.06553529542232547 -0.0001391927202706714
1600 0.1866786963447037 0.06764973893743345 -0.009525753447334619 -0.0003546096530229535 0.0003256109709768531 -0.0004698063375787358 0.1924330529588602 0.06556676101262643 -0.0003487646542512501
1610 0.1866648102104378 0.06761849415662929 -0.009524015418691615 -0.0003917720080554179 0.0003655070701408062 -0.0006545739277703969 0.1924170127080875 0.06552786033195417 -0.0005179588177456081
1620 0.1866834171485888 0.06752493556638592 -0.009520464426300211 -0.0003913718539680886 0.0003740682043556631 -0.0007400028710978454 0.1924349327664716 0.06543189153069054 -0.0005942175816163477
1630 0.1867354016783462 0.06740837426540967 -0.009521359755040986 -0.0003561401411308808 0.0003519415997300659 -0.0007156850736499528 0.1924887908386862 0.06531904107031404 -0.0005703801155144415
1640 0.1867665456886969 0.06730533411248067 -0.00951580021633403 -0.0002986878020670958 0.0003049842277698674 -0.0005841157953412607 0.1925219374719495 0.06522471024234609 -0.0004507043861976234
1650 0.1867473041351871 0.06721784475180449 -0.009491212844444421 -0.0002291273791018592 0.0002348327891260276 -0.0003483868606462508 0.1925050850423102 0.06514858804124732 -0.0002338366270217679
1660 0.1867297116883176 0.06716019313838351 -0.009464646195450515 -0.0001691020462316827 0.0001645324898665939 -8.807562677322115e-05 0.1924904585263943 0.06510152135689498 8.061080637803322e-06
1670 0.1867389332608602 0.06718507915050294 -0.009458851517486587 -0.0001421739188628394 0.000126726081542369 9.387355993439568e-05 0.1925005951628589 0.06513291726629764 0.0001763422912717004
1680 0.1867525819808541 0.06728919743900333 -0.009472161236788517 -0.0001587075346400267 0.0001359325858524412 0.0001315621584498357 0.1925138633717701 0.06523749815662701 0.0002099731080714694
1690 0.1867489840472885 0.06742962083761672 -0.009491346413191879 -0.0002105294579561742 0.0001820666121102308 2.401544528933612e-05 0.1925091013748697 0.06537233506039249 0.0001113317006534304
1700 0.1867325934998265 0.06755176190476544 -0.009508448104116551 -0.0002759049519514363 0.0002440971900509721 -0.0001804420252869492 0.1924899290172028 0.06548457551268587 -7.502885069482707e-05
1710 0.1867062802773311 0.06760818528713219 -0.009515510215246539 -0.0003329715725562065 0.0003012253975869417 -0.0004133908870886367 0.1924608290618399 0.06553011106143874 -0.0002850423789262005
1720 0.1866925043835508 0.06758180250346754 -0.009514601869354199 -0.0003607883818628664 0.0003324522515035036 -0.000587018450344661 0.192445647180154 0.06549504957505407 -0.0004363908852324329
1730 0.1867178056211075 0.06749947711315857 -0.009516208240742584 -0.0003499896470377517 0.0003311568999559395 -0.0006515145614738924 0.1924702814769806 0.06540893775935568 -0.0004879116169541991
1740 0.186764759863698 0.06740226935050379 -0.009521963186984127 -0.0003118392567302619 0.0003071537644547078 -0.00062061634552225 0.1925185005328471 0.06531410819492849 -0.0004571429603824783
1750 0.1867780030603519 0.0672984991441975 -0.009513077654531082 -0.0002563100255628988 0.0002591374222225064 -0.0004755424628866607 0.1925344640622341 0.06521785679631251 -0.0003249387266681791
1760 0.186750829028919 0.0672067844426629 -0.00948586051840521 -0.000195935319473198 0.0001962583548982709 -0.0002403887971476205 0.1925093720261761 0.06513624663699179 -0.0001120021050934472
1770 0.1867376348930443 0.06717545649242505 -0.009466818729501144 -0.0001542128655788667 0.0001472583729547355 -1.885803443587768e-05 0.1924985258706438 0.06511455459667503 8.657407163717125e-05
1780 0.1867427758134342 0.06723162168558072 -0.00946821119308381 -0.0001466589824396174 0.0001311337742532419 0.0001143027241462274 0.1925051239506239 0.06517619689594416 0.0002030785655767941
1790 0.1867426599112932 0.06735206319928826 -0.00948211145040731 -0.0001790727027316254 0.0001576084308751306 0.0001034390696327701 0.1925039653468287 0.06529610495958459 0.0001856519624556986
1800 0.1867331256733289 0.06749227597212541 -0.009501556458779682 -0.0002392129529629078 0.0002142646767691182 -4.440268657181552e-05 0.1924927632203265 0.06542998553920709 4.440273265594302e-05
1810 0.1867156490450756 0.06759073130922436 -0.009515743073253834 -0.0003026420406526288 0.0002734730841136747 -0.000256767386146855 0.1924727076188758 0.06551822743960163 -0.0001504029165632641
1820 0.186689017168023 0.06761852800637282 -0.009518781950395547 -0.0003527648421442066 0.0003230764754250787 -0.0004750820149965416 0.192442769401843 0.06553525410412241 -0.0003470146115066807
1830 0.1866842500481677 0.0675717951915538 -0.009517422312309818 -0.000372203190236681 0.0003478640677973851 -0.0006295537821032703 0.1924363283252501 0.06548081512600129 -0.0004817796556228025
1840 0.1867175822853882 0.06747752745546848 -0.009518844323910177 -0.0003533823020378062 0.0003394470270733522 -0.0006692653200537522 0.1924699693865305 0.06538453789650067 -0.0005107715846305722
1850 0.1867611768396837 0.06737367187488233 -0.00952088713746717 -0.0003091070241138214 0.0003083770628854627 -0.0006071011723945218 0.192514777752891 0.06528514147956775 -0.0004526680844564075
1860 0.1867656010095659 0.06727214468982776 -0.009507419001932001 -0.0002499106575409754 0.0002558008996510254 -0.0004388439085402093 0.1925217549976686 0.06519304042623969 -0.0003001811711824123
1870 0.1867402493138217 0.06718919266458814 -0.009479326212932213 -0.0001883698030892214 0.000189308932902119 -0.0001904337372542264 0.192499558741429 0.06512132829452869 -7.36397534863572e-05
1880 0.1867305831974809 0.06717352756105915 -0.009462389216107073 -0.0001488358091711403 0.000140289175266514 3.213982080691695e-05 0.1924914636730764 0.06511524907299263 0.0001271394665374872
1890 0.1867391139734095 0.06724538963119425 -0.009467152056909124 -0.0001470716530734317 0.0001305651595359769 0.0001406826446013013 0.1925010498896622 0.06519181070937859 0.0002221033452029371
1900 0.1867419748417646 0.06737430356800024 -0.009483395267004932 -0.0001850797229268445 0.0001621376881221005 0.0001000796638836102 0.1925034861855756 0.06531897579007455 0.0001802618820837561
1910 0.186730733438662 0.06751379356846542 -0.009502673118211045 -0.0002468722255116389 0.0002188750171844645 -6.244500311168156e-05 0.1924895963924722 0.06545114916908058 2.80660735122687e-05
1920 0.1867115156521555 0.06760464244884902 -0.009516042707713109 -0.0003106545403834028 0.0002792340982094259 -0.0002920392209513663 0.1924676613780672 0.065531463757784 -0.0001811770462265617
1930 0.1866880427035762 0.06761942711576492 -0.009518323559921769 -0.0003586160730422173 0.000327482606286781 -0.0005171682421479846 0.1924417992080546 0.06553564526904705 -0.0003822739377664536
1940 0.1866882347365694 0.06756211196651049 -0.00951669593275058 -0.0003724201953117606 0.000346777420172281 -0.0006555390051337433 0.1924402561157559 0.0654713390550683 -0.0005020248973145895
1950 0.1867271047676288 0.06746306814908869 -0.009519649499716084 -0.0003499393150621717 0.0003368423321318427 -0.0006862611600321649 0.1924795102351139 0.06537139187352546 -0.0005247851037652827
1960 0.1867706843926671 0.06735699771914577 -0.009521154298025929 -0.0003031936296835479 0.0003031844886054608 -0.000610490840243171 0.1925252160372747 0.06527056875441868 -0.0004550192578235463
1970 0.1867661617546083 0.06725713124544003 -0.009504003993621441 -0.0002416890230007389 0.0002460439426596637 -0.0004166016664098229 0.1925228483908661 0.065180362886604 -0.0002799921786948975
1980 0.186739789564934 0.06718107842067741 -0.009475911579096519 -0.0001821877723219527 0.0001813644412492706 -0.0001632748341042664 0.192499281718885 0.06511541794403296 -5.023956013536723e-05
1990 0.1867365905729869 0.06717573016931193 -0.009462359553366344 -0.000147706540373461 0.0001375163960481712 4.894991267116063e-05 0.1924984280412912 0.06511888347672944 0.0001410225727785325
2000 0.1867453938135581 0.06725804702429097 -0.009469393335171815 -0.0001519700668212154 0.0001336140329717764 0.0001437684020262672 0.192507265692879 0.06520474483150085 0.0002227478647590829
2010 0.1867450360796482 0.06739278303603652 -0.009486952206541209 -0.0001951484376953772 0.0001715079610020569 8.187970766704723e-05 0.1925061428247194 0.06533672878019652 0.0001609963891807496
2020 0.1867337046839317 0.06752630360348945 -0.009505832202105725 -0.000258436375673574 0.0002303579811029543 -9.651838296824895e-05 0.1924927088973673 0.06546205789415854 -4.097334100996369e-06
2030 0.1867101948569619 0.06760686164418638 -0.009516583952580539 -0.0003194207860885569 0.0002881018780485283 -0.0003233459410293338 0.1924657412180577 0.06553166840969014 -0.0002098033935988516
2040 0.1866877449611581 0.06760965111281861 -0.009517776949991567 -0.0003609992355615398 0.0003314891749604553 -0.0005358260353595395 0.1924409644555914 0.06552420121912243 -0.0003983958380161786
2050 0.1866962650006129 0.06754144464853194 -0.009516645604575123 -0.0003657797422016288 0.000343044068604111 -0.0006530552156710567 0.1924486770422931 0.06544981404728983 -0.0004968128678751185
2060 0.1867387607032762 0.06744341971887277 -0.009520553211979903 -0.0003365955790502152 0.0003264967047219996 -0.0006581943523927234 0.1924912896255894 0.0653518301153031 -0.0004964231267884809
2070 0.1867739629803602 0.06734022916457098 -0.009519940673159628 -0.0002868743028229247 0.0002889668610813313 -0.0005629260200701558 0.1925285018919355 0.06525493570454309 -0.0004096387274445752
2080 0.186760766858343 0.06723952436133208 -0.009498547134506203 -0.0002249318625781468 0.0002289908887670002 -0.0003541085519046886 0.1925183706594893 0.06516441239228478 -0.0002199985758977879
2090 0.1867363623126334 0.06717543983249116 -0.00947162978480787 -0.000170171188153217 0.000167572435979571 -0.0001034028407126653 0.1924961145444497 0.06511123677772614 6.344110419601794e-06
2100 0.1867365807786946 0.06719311464804197 -0.009463583452629631 -0.0001444769058472134 0.0001328852503186825 8.411710483081911e-05 0.1924982042231048 0.06513701786353231 0.0001735796485397155
2110 0.1867447112041677 0.06728853450471318 -0.009473336734110596 -0.0001582841251398721 0.0001392606259186205 0.0001412428894994327 0.1925069902874695 0.06523484033125546 0.000220674180640833
2120 0.1867395380810372 0.06742906647581041 -0.009491186151343416 -0.0002078774288645657 0.000183499287457036 5.06861504264651e-05 0.1925000178609372 0.06537143769596919 0.0001321192478981976
2130 0.1867270418354144 0.06755462889562362 -0.009509765980978238 -0.0002723540519432283 0.0002435854690378529 -0.0001446754353924502 0.1924851818571973 0.06548818781703958 -4.845732046418107e-05
2140 0.186703188863201 0.06761764353028477 -0.009518144914143918 -0.0003311494649758369 0.0002996317465866542 -0.0003775512442882239 0.192458554836054 0.06554011877919926 -0.0002584019922360249
2150 0.1866843827437424 0.06760470490111244 -0.009517896116006334 -0.0003670712073270903 0.0003379091522229532 -0.0005757070262356772 0.1924369819375047 0.0655174750348826 -0.0004339198751718492
2160 0.1867002172826396 0.06752601748067372 -0.009517447206747869 -0.0003656775511309023 0.0003446931230036086 -0.0006733288987010775 0.1924522152622644 0.06543382804654403 -0.0005154731276388379
2170 0.1867469044757697 0.06742294222056226 -0.009521382275843303 -0.0003319436846273033 0.0003243681894604054 -0.0006614097760467607 0.1925000269266707 0.06533214802303396 -0.0005002912289314127
2180 0.1867742220004176 0.06731934949851592 -0.009517126850275998 -0.0002789075821337704 0.0002822636989148835 -0.0005409239807883319 0.1925291356729324 0.06523586228480566 -0.0003917590919301717
2190 0.1867546352820873 0.06722386592993979 -0.009493197330441031 -0.0002159325059754756 0.0002195619253732945 -0.0003152520606382628 0.1925124928658716 0.06515113890214824 -0.0001871912134744898
2200 0.1867355618903529 0.06716956333485742 -0.009468224888599747 -0.0001641405409223374 0.0001599805804845461 -6.636837498955723e-05 0.1924961167689813 0.06510756164851593 3.819478048403617e-05
2210 0.1867378602770143 0.06720195278382625 -0.009463204849810159 -0.0001439036025916765 0.0001306164813911815 0.0001076138737961742 0.1924994173490963 0.06514711375043823 0.000192900811755257
2220 0.1867459251252304 0.06730885031125088 -0.009475570583777591 -0.0001644088956957227 0.0001441719619331403 0.0001390345979037536 0.1925079827651195 0.06525531077467159 0.0002166618607684864
2230 0.1867403119588288 0.06745072859599283 -0.009494404489951359 -0.0002181787526822091 0.00019266973430062 2.584415439617699e-05 0.1925008029525133 0.06539211999368282 0.0001087850441530259
2240 0.1867245242801478 0.06756826961469473 -0.009511280631277095 -0.0002828912970781783 0.0002529870376396709 -0.0001793527162184787 0.1924818876544666 0.06550015386646475 -7.991268254152359e-05
2250 0.1866995031953489 0.067620392497671 -0.009518293162873592 -0.0003393339747038884 0.0003078690062523108 -0.0004148667204946216 0.1924544957664139 0.06554121673909921 -0.0002915315883095773
2260 0.1866860053937097 0.06759358007469395 -0.009517406072043034 -0.0003690807258520419 0.0003407852770503761 -0.0005991715514776382 0.1924386217871861 0.06550522322696745 -0.0004531818839924192
2270 0.1867077013520629 0.06750777566245145 -0.009517535127321871 -0.0003606261840725257 0.0003415729453028597 -0.000674397021564827 0.1924595734325378 0.0654154855047465 -0.0005148267718167657
2280 0.1867556142440551 0.06740499119317442 -0.009521996283511212 -0.000322918765560006 0.0003178972364531205 -0.0006474148018004042 0.1925090546325238 0.06531526450879174 -0.0004870245848030874
2290 0.1867752703029343 0.06730156534114021 -0.009514490497726872 -0.0002671063489829191 0.000271156519086822 -0.0005058880066626542 0.1925309809940234 0.06521984095634387 -0.0003590640962286904
2300 0.1867499988495676 0.06720954540141981 -0.009487799317743946 -0.000204364299157102 0.0002067251078561045 -0.0002658102467262339 0.1925081812377368 0.06513877051879816 -0.0001419679141665788
2310 0.1867347483507133 0.0671694386779966 -0.009465840665398318 -0.0001576775252461661 0.0001520085830975917 -2.799034418903662e-05 0.1924957161949983 0.06510902222428035 7.282959992125875e-05
2320 0.1867408641635271 0.06721769269752867 -0.009465011894380735 -0.0001447585533460842 0.0001299815046107854 0.0001231486137648291 0.1925029933860199 0.0651634837800547 0.0002067095671497436
2330 0.1867454539815414 0.06733430058802194 -0.009478786332077086 -0.0001725548949565399 0.0001511948221970267 0.0001279286206345024 0.1925069057090486 0.06528012250552385 0.0002051764696345093
2340 0.1867375823132051 0.06747648471292628 -0.00949819048706918 -0.00023037924480901 0.0002043808164638351 -1.022992687367673e-05 0.1924978332425696 0.06541631688221816 7.506972942392783e-05
2350 0.1867211714669033 0.06758377585639837 -0.009513716555303194 -0.0002944638177978838 0.0002640437493757357 -0.0002241285667062145 0.1924783430216541 0.06551345645532151 -0.0001202608617030508
2360 0.1866945844375932 0.06762060361230662 -0.009518302250859969 -0.0003471794827630028 0.0003158815061956806 -0.0004538112710787362 0.1924485554545836 0.06553931367151945 -0.0003265943143786143
2370 0.1866860945037683 0.06758091003764202 -0.009517201885327179 -0.0003701887267864496 0.0003433937504658161 -0.0006226068555496484 0.1924385817940211 0.06549128326767929 -0.0004732235609777234
2380 0.1867168171449967 0.06748901417459439 -0.009518463514236398 -0.00035482809458814 0.0003383266723642519 -0.0006764148448345999 0.1924690596029473 0.06539655455917161 -0.0005151014407719927
2390 0.1867626298880303 0.06738537512802283 -0.009521917437338203 -0.0003130451504752075 0.0003103809537444333 -0.0006267217655205102 0.1925159869563061 0.06529664691870019 -0.0004683485760880343
2400 0.186771750286159 0.06728304748444278 -0.009510597200901794 -0.0002551867052774528 0.0002600543925359771 -0.0004662298270349266 0.1925279909385713 0.06520323293865558 -0.0003231903442804335
2410 0.1867454922784857 0.06719655439810668 -0.009482506546969046 -0.0001933831176020109 0.0001945612324503495 -0.0002172932289334322 0.1925044248704774 0.06512781092271085 -9.740440667697297e-05
2420 0.1867341116069194 0.06717187476906501 -0.009463905143208945 -0.0001520235700959478 0.0001444199913379972 1.217865019009842e-05 0.1924948242278461 0.06511301550073872 0.0001086811580881285
2430 0.1867416449861806 0.06723550395899028 -0.009466796769196182 -0.0001468531150036557 0.0001309072023172153 0.0001361377981071566 0.1925039460309165 0.06518184441574314 0.0002176987986843353
2440 0.1867452603522212 0.06736115746545807 -0.009482281243736635 -0.0001816473957186953 0.0001592930099764932 0.0001114059337747172 0.1925067836857707 0.06530631368847245 0.0001896658495619615
2450 0.1867346381431205 0.06750148985037099 -0.009501572142893374 -0.0002422935255460783 0.0002151812236102485 -4.357245712414548e-05 0.1924937918325862 0.0654397184818334 4.403509815841059e-05
2460 0.1867159438217232 0.06759720840662926 -0.00951552861617621 -0.0003057448166967977 0.000274826347966067 -0.0002686759973383974 0.1924727309398363 0.06552494345031118 -0.0001604977242107284
2470 0.186690924452913 0.06761925325834021 -0.009518277341485561 -0.000354472405226599 0.0003235703769720213 -0.0004942670961657716 0.1924446864105106 0.06553610952550364 -0.0003619726313895041
2480 0.1866882883790696 0.06756687114406854 -0.009516802387144703 -0.0003704904707359593 0.0003447315059676371 -0.0006414076053197145 0.1924402503052606 0.06547625113261205 -0.0004892966507524436
2490 0.1867250136699352 0.06747049194295657 -0.009519397466113307 -0.0003495346440339718 0.0003355756305624187 -0.0006778655171376264 0.1924775303391084 0.06537835403940453 -0.0005158921217955795
2500 0.186769064766 0.06736605907755076 -0.009521503231897365 -0.0003041609162542698 0.0003036085512198343 -0.0006094166701709997 0.1925231408404723 0.06527867510155007 -0.000452760132139443
2510 0.1867676731809539 0.06726474765468848 -0.009505932791703579 -0.0002440456632096469 0.0002487135313984831 -0.0004252408458432165 0.1925240065869471 0.0651869159457277 -0.0002866730740522858
2520 0.1867411173406184 0.06718527737529202 -0.009477641236119442 -0.0001842432149686321 0.0001841365410464737 -0.0001738842985404848 0.1925006986030952 0.06511864960764906 -5.857694055169735e-05
2530 0.1867356250906556 0.06717652028036232 -0.009462850206076763 -0.0001482983328796165 0.0001390681131610839 4.299224067503375e-05 0.1924969379243356 0.06511906046484407 0.0001361449423746007
2540 0.1867433654465516 0.06725378041677853 -0.009468772650523484 -0.000150334339045271 0.000132890181404385 0.0001443385270615154 0.1925052638904106 0.06520040952319402 0.0002237097239070261
2550 0.1867442841300163 0.06738655722228167 -0.009485760388062687 -0.0001915191601104015 0.0001683173582601711 9.048218938303153e-05 0.1925058333283592 0.06533090222309224 0.0001694558243822749
2560 0.186733010257033 0.06752259838353303 -0.009504775853073591 -0.000254177183871415 0.0002263601949877393 -8.184079839022767e-05 0.1924917512248428 0.06545909026844754 9.020544813754837e-06
2570 0.1867109925562982 0.06760672460076175 -0.009516593465270066 -0.0003160104202984135 0.0002845596828919276 -0.0003099101256221498 0.192466823589724 0.06553243996992392 -0.0001978260814969328
2580 0.1866883433913456 0.06761459591192188 -0.009518211001100103 -0.000360124113755084 0.0003299046622428545 -0.0005290841346183841 0.1924419976722933 0.06552979945698512 -0.0003924415234767318
2590 0.186693268190012 0.06755095760779506 -0.009516804592039652 -0.0003686560336190948 0.0003447597677226888 -0.0006552777888297155 0.1924452509743578 0.06545955204919587 -0.0005001605542698406
2600 0.1867340379626432 0.06745179827771862 -0.009520322206704642 -0.0003420511089358068 0.0003306257873124275 -0.0006705388337464858 0.1924864742561345 0.06536005000337143 -0.0005087492930333895
2610 0.1867730550883575 0.06734743952729932 -0.009520505378817984 -0.0002933929502502171 0.0002947531797495992 -0.0005833742083104303 0.1925276938404514 0.0652615677109689 -0.0004287468028538998
2620 0.1867631560436257 0.06724727292782655 -0.009500829649220369 -0.0002317777177279553 0.0002362831018435448 -0.0003798743728060791 0.1925201406523333 0.0651714459715052 -0.0002450869500032974
2630 0.186737731317089 0.06717748492618399 -0.009473316900476036 -0.000174931194685985 0.0001731734435831542 -0.0001262502870912871 0.1924973401806799 0.065112746546137 -1.571212093088984e-05
2640 0.1867367283704192 0.06718555444062968 -0.009462852705367786 -0.000145420752783402 0.0001344882108448175 7.213648424810986e-05 0.192498632863378 0.06512924483753001 0.0001623736368791111
2650 0.1867451553631291 0.06727603974697689 -0.009471456960242493 -0.0001552247501708819 0.0001366803125036594 0.000145647040398829 0.1925070807638084 0.06522262794461749 0.0002241636734023919
2660 0.1867419745148658 0.06741421628179713 -0.009489341420005194 -0.0002023285456997341 0.0001781717683245205 6.623659846990092e-05 0.1925028355999932 0.06535741638574914 0.0001462734958651456
2670 0.1867301254427091 0.06754369702971148 -0.009508030129359246 -0.0002664068975151492 0.0002377940375489903 -0.000122987473548894 0.1924888712302243 0.06547830990648361 -2.831341827605014e-05
2680 0.1867064202965704 0.06761463845214472 -0.009517581199609279 -0.0003263324305522322 0.0002947837927901981 -0.0003545559256584267 0.1924616856747714 0.06553817910707199 -0.0002379244899510038
2690 0.1866857474846233 0.06760800003925717 -0.009517943634404344 -0.0003648583953415728 0.0003352879046739492 -0.0005607161375697482 0.1924387865314681 0.06552157511882474 -0.0004203958151226977
2700 0.1866983994551892 0.0675337657558797 -0.009517112507595746 -0.0003663478281054952 0.0003443462757889284 -0.0006677302795603206 0.192450713225734 0.06544178495672363 -0.0005099749792978782
2710 0.1867436328460469 0.06743260415481303 -0.009521121317165211 -0.0003348430679618641 0.0003261464098640574 -0.0006638582351518789 0.1924962982033088 0.06534144797954103 -0.0005024706288743602
2720 0.1867745169655497 0.06732841917223921 -0.00951856761378031 -0.0002831921617753723 0.0002859819739756617 -0.0005546281243248918 0.192529309123992 0.06524418359193131 -0.0004034998545159084
2730 0.1867578675015216 0.06723065544541601 -0.009495568672529937 -0.0002204374994014596 0.0002243589296843835 -0.0003350922585791701 0.1925157919406368 0.06515692627194153 -0.0002043222050877001
2740 0.1867361242924341 0.06717157635040936 -0.009469600838990398 -0.0001672044443776442 0.000163855441455494 -8.382319232881546e-05 0.1924961033122699 0.065108704265778 2.243839379336093e-05
2750 0.1867375346842275 0.06719657766695067 -0.009463198332395673 -0.0001442363208675207 0.0001316597798332535 9.73701293208945e-05 0.1924992621396203 0.06514137394063366 0.0001841209703914042
2760 0.1867460237258898 0.06729854393634975 -0.009474291729117351 -0.0001615427791476699 0.0001417726109115584 0.000141118466331019 0.1925082281667891 0.06524505796152956 0.0002192066701879423
2770 0.1867406134322502 0.06744019208107002 -0.009492779300770681 -0.0002134170981505318 0.0001884054615403715 3.85852452265269e-05 0.1925009474940525 0.06538214573302424 0.0001202762119157181
2780 0.1867261349453653 0.06756121376758699 -0.009510473440200522 -0.0002780780742147779 0.0002486208341207528 -0.0001628030905649799 0.1924840004003366 0.06549394652237793 -6.496915013851701e-05
2790 0.1867015800966244 0.06761871433366938 -0.009518058808379156 -0.000335438905381812 0.0003038839845238929 -0.0003972966662524164 0.1924566765154744 0.06554030282360067 -0.000275750559780635
2800 0.1866855872306954 0.06759848388113396 -0.009517530506403386 -0.0003678688164176491 0.0003392183781967034 -0.0005880612680242901 0.1924381000243171 0.06551061734639044 -0.0004439321325383724
2810 0.186704852405303 0.0675154477333849 -0.009517464308706983 -0.0003623271854497135 0.0003423697127596671 -0.0006732537396833147 0.192456914309312 0.06542316500158273 -0.0005139947964551908
2820 0.1867524054755284 0.06741302187047313 -0.009521736308429941 -0.0003262815715603475 0.0003201942578534117 -0.0006522641655975617 0.1925057377293355 0.06532275364915591 -0.0004911294087492283
2830 0.1867753284080326 0.06730958532770961 -0.009515715742995243 -0.0002717896535846885 0.0002756430956689744 -0.0005201867725927075 0.1925305258594142 0.06522704578140061 -0.0003722870878683272
2840 0.186752111263771 0.06721544035151436 -0.009490133965268361 -0.0002089365504626047 0.0002118379583887799 -0.0002865627040404158 0.1925102941296849 0.06514379489741177 -0.0001605039091366548
2850 0.1867353143276439 0.06716965932312094 -0.009466780713588084 -0.0001601241008458799 0.0001551843240603098 -4.341097219517531e-05 0.1924961237032245 0.06510850294766095 5.916479348717988e-05
2860 0.1867398010706747 0.06721135810692272 -0.009464319863601677 -0.0001442361685997883 0.0001301952850875022 0.000117784192398318 0.1925015038721614 0.06515687701979844 0.000201916436986029
2870 0.1867456172083032 0.06732353493551345 -0.009477493597206316 -0.0001690621896068498 0.0001481594993177818 0.0001327153238338867 0.1925076444714829 0.06526965996544773 0.0002103496761196162
2880 0.1867386441257921 0.06746637936179155 -0.009496533625997169 -0.0002252858141835298 0.0001995438989114027 5.170021185387059e-06 0.1924988747186406 0.06540685333745121 8.94178248914371e-05
2890 0.1867224731293268 0.06757823426189656 -0.009512825488059358 -0.0002897073989945587 0.0002595855415467932 -0.000205191843099118 0.1924795341535775 0.06550888404693431 -0.0001035061729630101
2900 0.1866965616583897 0.06762073142126464 -0.009518357018483081 -0.0003440190598184017 0.0003125596925650386 -0.0004384410515127365 0.1924512383316876 0.0655403523240182 -0.0003125589862077187
2910 0.1866860581266582 0.06758712962059478 -0.009517348184038682 -0.0003700393233774275 0.0003425887232910126 -0.0006141453017542049 0.1924384871452974 0.06549800034045372 -0.0004661034727404461
2920 0.1867126089058265 0.06749752588900128 -0.009518135081597611 -0.000357752383934319 0.0003401262250186183 -0.0006769564677086052 0.1924644707724462 0.0654051000686466 -0.0005165927412825668
2930 0.1867595089226479 0.06739348408156787 -0.009521991227416206 -0.0003175904165194038 0.0003138781677241919 -0.0006375695464180948 0.1925131608664994 0.06530430662531551 -0.0004779938545496532
2940 0.1867735721836479 0.06729111911875008 -0.009512282835307558 -0.0002605420212750354 0.0002651583668938782 -0.0004846435947528968 0.1925295710257847 0.06521044051989802 -0.0003399421100735507
2950 0.1867472846957679 0.06720198180365333 -0.00948479807709419 -0.0001982347140694952 0.000199983650868853 -0.000238705910588447 0.1925056044343141 0.06513242370250177 -0.000117466614121169
2960 0.186734052788546 0.06716994265816142 -0.009464608912837645 -0.000154385748695082 0.0001475387363895117 -5.235606235832365e-06 0.1924950826181265 0.06511048862819328 9.324155204215331e-05
2970 0.1867416298045906 0.067227475272883 -0.009465865481394376 -0.000145701240692557 0.000130240287943489 0.0001313708697510278 0.1925036847659555 0.06517361281420549 0.0002136475979870261
2980 0.1867453680771334 0.06734892750178433 -0.009480620075592966 -0.000177529197390022 0.0001555949117786673 0.0001196339998757974 0.1925066680870208 0.06529445540315716 0.0001971325704856704
2990 0.1867359455990632 0.06749030320376481 -0.009500103116988828 -0.0002370160772996194 0.0002102775976920718 -2.839010619881046e-05 0.1924958435502934 0.06542933087412729 5.84651834541435e-05
3000 0.1867184115175392 0.0675917651887971 -0.009514651704424131 -0.0003008744272701981 0.0002701568722773826 -0.0002485171985875479 0.1924751371866183 0.06552035543853002 -0.0001423601931540957
