"report"
"Iteration" "cd etc.."
("Iteration" "cd" "cl" "cmx" "cmy" "cmz" "cx" "cd-scale" "cl-scale" "cs-scale")
10 0.1563034020860431 0.04831281378686014 -0.01588313640203901 -0.006617688295668673 0.01359223042935153 0.06151948929430344 0.1641872367225075 0.04850934169066674 0.05282619215341419
20 0.1892074337883509 0.05829770422377354 -0.01561706514474294 -0.002736858789820377 0.006514051643444234 0.0170404264883698 0.1975187353255339 0.05873582970747718 0.01396761674483929
30 0.199700139563055 0.06276185400018583 -0.01517560560202334 -0.0008313664962053095 0.001829273290679257 -0.007466558535034998 0.208505102872525 0.06386868680291233 -0.005177763828464669
40 0.2013282492531317 0.06243154313200835 -0.01591459319822393 -0.002238902975780463 0.003744294892675831 0.001648994133720778 0.2102641009109518 0.06403509295713611 0.006076671529707501
50 0.2022801873702009 0.06599547944595033 -0.01568097924555166 -0.002313739728904867 0.004092080970206955 0.006310395912918211 0.2107228425815879 0.06763354501616943 0.01275709271630004
60 0.2032438390233515 0.0706554841435032 -0.015655899890669 -0.001626564537071244 0.002760320387198795 0.005971585480554848 0.2112689015142787 0.07226870492163251 0.01249694451793135
70 0.2033128916241313 0.0730200016781653 -0.01532703482648742 -0.000579694284721961 0.0008923268753040246 0.003626440053555068 0.2108987334843558 0.07411971587454852 0.008573607547969478
80 0.2028983716988358 0.07339975050383053 -0.01466741185549224 -0.00048474766821014 0.00108991293443351 0.004696216260637365 0.2099808691350815 0.07384089228344966 0.007639636952666928
90 0.2027831229281533 0.07473371329154971 -0.01405846023236444 -0.0003668759486386668 0.0009853913091603626 0.004823967836206321 0.2094164624456855 0.0739407654542302 0.005840820903826584
100 0.2025344216806361 0.07629128487239487 -0.01364624002913227 -0.0002854943837498557 0.000858886502169832 0.004329366635806133 0.2092408134217208 0.07481275041184517 0.004833935037167356
110 0.2018555659396925 0.0764745405544927 -0.01345727811045632 -0.0002735294492087971 0.000904859403123383 0.004229715942993574 0.2087630573081448 0.0749481404073158 0.004856089432615267
120 0.201334976922933 0.07590634361236279 -0.01320995659907835 -0.0001788482189645495 0.0007165331716369965 0.004330900957960596 0.2083973716913717 0.0745422305973828 0.00510478648885526
130 0.2009128757454552 0.07548784918866507 -0.01285376729172737 -0.0001026667259129238 0.0004622105580869136 0.004645482301879981 0.2080525711885461 0.07435920959681082 0.005514797346227411
140 0.2003991965288338 0.07564627387681835 -0.01252554820829443 -0.0001214923733300103 0.0003158806609292342 0.004589477105197099 0.207577998076054 0.07477458868265771 0.0053901353805571
150 0.1999304484032289 0.07617386465304307 -0.01234029297384562 -0.0001317465512185942 0.0002480852183571561 0.004068547013973912 0.2071255257752879 0.07552524803605952 0.004690450512926942
160 0.1997167213477501 0.07640452222115314 -0.01230958777893263 -0.0001064382523899853 0.0002283886221472855 0.003113300949256948 0.2068988503377359 0.07591049335556264 0.00357647103787209
170 0.1994597175091644 0.07623149948234967 -0.01227109036320813 -2.713015041730549e-05 0.0001052594880532167 0.002472931731046257 0.2065991407201334 0.07581518189179305 0.002853217211439378
180 0.1990163176737803 0.07580504440185004 -0.01216791728223957 0.0001576961515284542 -0.000220928656374077 0.002699483750877668 0.2060997352178928 0.07540149592181303 0.003059718795868401
190 0.1983470865359525 0.07526358343104969 -0.01199948243842146 0.0003316711215697472 -0.0005459108037797507 0.003251483327078908 0.2053791450923975 0.07483946514341752 0.003618815973382524
200 0.1976856361953166 0.07489875437813009 -0.01186566294613453 0.0003627187784626235 -0.0006647317520490329 0.003549336907670147 0.2046796776872759 0.07444879352156665 0.00392480573747566
210 0.1973259868615101 0.07473262427102201 -0.01187308228870093 0.0002045497663868392 -0.000467599096643791 0.003259848321286749 0.2042943184846339 0.074260781400608 0.003635807973702014
220 0.1970558970980932 0.07443994978756574 -0.01193026218308003 3.480481867572448e-05 -0.0001804088877364201 0.002677201785090751 0.2040110289644777 0.07394665433242671 0.003042075664523335
230 0.196797512981657 0.07409959521214834 -0.01199482741318989 -4.141735806033005e-05 5.082553500093258e-05 0.001827402041190183 0.203748595006606 0.07358378536055014 0.002164298878173763
240 0.1967065963854223 0.07379420346315088 -0.01206875754593955 -4.721057101193696e-05 0.0001664773243193541 0.0009796201630775357 0.2036571220532709 0.07325456292919251 0.001254204882119541
250 0.196573629669959 0.073466374247821 -0.0120534394604695 3.735154456974925e-05 7.452535693818837e-05 0.0008254431340202265 0.2035199505096613 0.07290091976711752 0.001005655925569998
260 0.1964403201413043 0.07317711770643247 -0.01195693786014418 0.0001609489923337566 -0.0001238089998516337 0.001263815526850599 0.2033784746324835 0.07258494562886214 0.001343036024865247
270 0.1962393861271977 0.07307358025131401 -0.01182510884858742 0.000201110958158556 -0.000231531562299142 0.001647847028764372 0.2031689023519271 0.07245557437550246 0.001635145547699203
280 0.1961379689460427 0.07328669789532424 -0.01176429265459674 0.0001168094118404368 -0.0001452310938904445 0.001630707933473864 0.2030599103604343 0.07264353455235349 0.001545921139311207
290 0.1961589340838457 0.07353662731715656 -0.01176793011891503 4.536494583790211e-06 4.065654571262832e-05 0.001391145696560104 0.2030742384802388 0.07286757058335946 0.001269584256104863
300 0.1962539721128992 0.07370749429532063 -0.01179524832574697 -5.731985923396102e-05 0.0001945871378458944 0.001136327430367374 0.2031629122818867 0.07300914440589892 0.001013337388649098
310 0.1964434349093716 0.07382544378566253 -0.01181425932890462 -4.883862670380846e-05 0.0002325974356766535 0.001019484144711299 0.2033454588162911 0.07309405986292282 0.0009148930094451932
320 0.1965758112339218 0.07379210410691769 -0.01176342817993087 5.195852869642959e-05 8.304973017028972e-05 0.00133849864366995 0.2034735696819402 0.07302639407125248 0.001255704323805983
330 0.1965468828654927 0.07361081806724189 -0.01163804582250026 0.0001597358192888373 -0.000120245969602544 0.001869368050340583 0.2034445225612428 0.07281484522989026 0.001807643489157572
340 0.1963337387036949 0.07360339949154096 -0.01149954154382586 0.0001597575770512111 -0.0001801947338570102 0.002130984087353507 0.2032353881387924 0.07278935299324661 0.002090781842079334
350 0.196222891479107 0.0738897408058926 -0.01145940341328312 5.039469212471037e-05 -3.736575030774532e-05 0.001910305579558403 0.2031321585073049 0.07306846104719154 0.001891662783246222
360 0.1962727973185861 0.07412634061833839 -0.01147933556349539 -5.695053088187985e-05 0.0001763987773406758 0.001422095285389165 0.2031913967473892 0.07330232679246462 0.001425038000147049
370 0.1964951985227018 0.07421220118939052 -0.01152567683100489 -0.0001188109417027795 0.0003470942566271434 0.0008538363392500936 0.2034215114577902 0.07338417673604537 0.000866375132793007
380 0.1966822820232791 0.07417031837534273 -0.01151369866290591 -0.0001044089958312518 0.0003675679558737546 0.0005834496098077995 0.2036145823633708 0.07333185210129689 0.000589484247169546
390 0.1967111068608142 0.07394820735406228 -0.01142401600851147 -4.261006863355485e-06 0.0002002004401034296 0.0008235837159771411 0.203649885587821 0.0730919821210323 0.0008111948179055244
400 0.196505997395494 0.07366805725543533 -0.01127106540925509 7.169552857908942e-05 2.41364245779934e-05 0.001134468337558126 0.2034529618369853 0.0727921894291997 0.001105365273747184
410 0.1962226118340385 0.07367095895143107 -0.01115668567658581 3.853438675587527e-05 1.436634687555355e-05 0.001120168226520727 0.2031781510026405 0.0727809012961164 0.001083109321703513
420 0.196135364290279 0.07386438111257757 -0.01114421452108041 -5.371855332544844e-05 0.0001551204525858878 0.0008536190671089088 0.2030973294069453 0.07296838128732304 0.0008148675595267019
430 0.1962117109392214 0.07395525724122776 -0.01117924208435253 -0.000115911881895435 0.0003200336749478648 0.0005192334203776551 0.2031756667688804 0.07305968775564689 0.0004794170800503563
440 0.1963901673768233 0.07392243446065214 -0.01123000586706556 -0.0001321812988802334 0.0004228411578734839 0.0002206515449203197 0.203352421511808 0.07302747096465709 0.0001744358890340507
450 0.196430377270079 0.07377837360348348 -0.0112127865841998 -7.259292549871823e-05 0.0003612577805123573 0.0003012561442564742 0.2033876069923618 0.07287924979604532 0.0002386325711998966
460 0.1963230768879858 0.07349716538127793 -0.01113545121105106 2.780333320980785e-05 0.0001760419037383336 0.000752163527742287 0.2032735995587145 0.07258881296114279 0.0006653800120433526
470 0.1959947855406473 0.07327425724543626 -0.01101095636462697 6.034973931912011e-05 5.205008201865249e-05 0.001117210351148448 0.2029400861331217 0.07235534462385175 0.001004645462863817
480 0.1956897639396104 0.07338025409443 -0.01095096713770989 -1.607808475049897e-05 0.0001106402770613458 0.001102909193472143 0.2026323193503998 0.07245407932773874 0.0009693554056120668
490 0.1955977258977201 0.07356081936920023 -0.01096988085868596 -0.0001206415408983651 0.0002809715026852111 0.0008585596795891564 0.202539856708816 0.0726329106018983 0.000715698667127295
500 0.1956945385617397 0.07361658700907978 -0.01102919660287327 -0.0001806788851462407 0.0004372785389538793 0.0005370349145118615 0.2026372407626605 0.0726906485385837 0.0003956033910343872
510 0.1958576500701143 0.07355874626584755 -0.01107973977633023 -0.0001830813316632029 0.0005034452893916109 0.0003019722469658349 0.2027988853877523 0.07263369852887311 0.000165703137960775
520 0.1958753716690816 0.07337858851663212 -0.01106109207106131 -0.0001058388415850998 0.0003968708848485858 0.0004893137070156756 0.2028128462733281 0.07245039740882989 0.0003556242287035253
530 0.1957378314067648 0.07309459602645631 -0.01099052174283401 -2.199139515478974e-05 0.0002219230056091073 0.0009112225198332392 0.2026709989171882 0.07216073060211851 0.0007738822783134619
540 0.1954046923640654 0.07297538491422048 -0.01089615333101783 -2.470940185738073e-05 0.0001491428198788295 0.001141397880118547 0.2023343656978064 0.07203784220986767 0.0009975988466803679
550 0.1951682040691892 0.07315952394358856 -0.01087721356436185 -0.0001134504806433375 0.0002425003912636979 0.00101668649970093 0.2020945577013596 0.0722230950992683 0.000871921681371159
560 0.1951385984759416 0.07334935127679307 -0.01091530771943569 -0.0002034585329436294 0.0004065548054288317 0.0006970987401858585 0.202061009101912 0.07241781569442567 0.00055963934207229
570 0.1953021449508379 0.07341847386210215 -0.01098415273479177 -0.0002449201510602945 0.0005268114524658266 0.0003489190808045967 0.2022199695665154 0.072490677020157 0.0002238024269108624
580 0.1954530262425816 0.07338350512544183 -0.01101051038873247 -0.000216835400067671 0.0005233072029115674 0.0002245018597368889 0.2023659956317372 0.0724540697271971 0.0001118899374189545
590 0.1954831129234499 0.07321568066024636 -0.01097747456353072 -0.0001212914091873305 0.0003670335770020433 0.0005156066847120488 0.2023916651508826 0.07227869901477911 0.0004110873647883901
600 0.1953298815640818 0.07299207936475724 -0.01089466478989477 -5.401528844917275e-05 0.0002068559787721563 0.0008878529116967489 0.2022366411576093 0.072045510701175 0.0007833718453417784
610 0.1950569310565546 0.07301468674693386 -0.01082538828096747 -7.815276049469453e-05 0.000184675875258813 0.0009969599500514771 0.2019646843217876 0.07206199757801281 0.0008865476880814503
620 0.1949358750579687 0.07323216627371888 -0.01083679873915683 -0.0001612327814535377 0.0003096393908299302 0.0008136811619202879 0.2018448003153056 0.07227927223012076 0.0006993592218161831
630 0.1950050021615057 0.07337854318828026 -0.01089503981924879 -0.0002314488183010339 0.0004688231877521087 0.0004916422685984644 0.2019139378904957 0.07242926542204409 0.0003798015205704908
640 0.1952081245342406 0.07339554933277811 -0.01096611413682544 -0.000256241084968909 0.000560555584777294 0.000213168654242372 0.2021148260569515 0.07244976601197817 0.0001077238875076961
650 0.1952977253639888 0.07330447507983574 -0.01097152433896192 -0.000207360824354298 0.0005030999165168055 0.0002704570854639356 0.2022003593117795 0.07235789508772657 0.0001699701297961819
660 0.1952732970351265 0.07310057332199139 -0.0109281203226132 -0.0001219667471793005 0.0003370156347266358 0.0006250963970560162 0.2021713634933774 0.07214798480769299 0.0005254147151847872
670 0.1950636097184919 0.07296309798762121 -0.01084601025586622 -9.166021907656306e-05 0.0002200275274399404 0.0008960672851982019 0.2019579401958741 0.07200296338432544 0.0007946529455692564
680 0.1948582929985828 0.07311614144764925 -0.01081341452752298 -0.000139477154686352 0.0002537573340907902 0.0008567907334440905 0.2017507402201143 0.07215168436690948 0.0007531758583181569
690 0.1948388919397135 0.07333904411320551 -0.01084898120344808 -0.0002107149265423974 0.0003976063792921892 0.0005772102405855741 0.2017310539473904 0.07237552282657475 0.0004710857436529699
700 0.1950219159592192 0.07344541711532362 -0.01092538316177454 -0.0002523570988643101 0.0005315582083645001 0.0002436618102639386 0.2019142734267547 0.07248549949340327 0.0001336611820186892
710 0.1952327079034114 0.07342696256007712 -0.010976971362668 -0.0002411285560065266 0.0005691327996891119 8.312339848214124e-05 0.2021248471347561 0.07246956083374907 -3.354550888448735e-05
720 0.1952984350891756 0.07329161105199006 -0.01096194268419999 -0.0001657921400573371 0.0004576946228039162 0.000319219720801126 0.2021904586293666 0.07233353090068849 0.0001914972359848345
730 0.1952080053195476 0.07308984127604599 -0.01090001096892248 -0.0001037868460188345 0.0003069051503850182 0.00070067800655186 0.202100275406667 0.07212860654879868 0.0005565644203031951
740 0.1949622783571887 0.07308249457068376 -0.01082843629010374 -0.0001164421480005669 0.000255270690628734 0.0008823400030316275 0.2018554486895673 0.07211710434013477 0.0007191603164401264
750 0.1948190722173208 0.07330509038954296 -0.01082261725742625 -0.0001839954426489877 0.0003450497917910485 0.0007568034979419696 0.2017139563691165 0.07233679321212066 0.0005778839777597944
760 0.1948876127036579 0.07349732591016328 -0.01086806349027577 -0.0002444572789851243 0.0004907444293664006 0.000444904919963956 0.2017846362713398 0.07252811930857675 0.0002570819078025284
770 0.1951473916272839 0.07354578751668905 -0.01093883792269444 -0.0002596044056706751 0.0005803302936412842 0.000159949515402341 0.2020462295168889 0.07257603744310964 -3.301804526623204e-05
780 0.1953218425515842 0.0734704028924643 -0.01094949298431612 -0.0002051155333118231 0.0005401929261123277 0.0001770816343502884 0.2022219546648945 0.07249769712903242 -2.334401567746938e-05
790 0.1953591659837274 0.07328052001166731 -0.01090791198803792 -0.0001121436935230456 0.0003888780134913359 0.0005329155954018196 0.202260432162999 0.07230194181818193 0.0003181450297795092
800 0.1952008398112693 0.07312207945797153 -0.01082849210023455 -7.439243696296966e-05 0.0002707788872674884 0.0008780338928615196 0.2021041656356326 0.07213700763219309 0.0006426683046354134
810 0.1949777434845472 0.07322880320822091 -0.01078211838942652 -0.0001180809448926159 0.0002903454497456463 0.0009630519596335877 0.2018837313623146 0.07224020967254022 0.0007059923860620819
820 0.1949012102067156 0.07343802843199781 -0.01079946788806792 -0.0001949104753617567 0.0004285668383761583 0.0007766016213149905 0.2018099597740406 0.07244982240664723 0.0005028273983166811
830 0.1950363262831899 0.07355023884274069 -0.01086090634508356 -0.0002476468755766937 0.0005660586722870931 0.0004781583971401464 0.2019466305673847 0.07256400760862962 0.0001961489690714221
840 0.19525839778747 0.07352391183193582 -0.0109101025236635 -0.0002437162843818903 0.0006067820262825131 0.0003089182816304843 0.2021682084256685 0.07253690714308318 2.738041529178852e-05
850 0.1953461494605414 0.07337646304000658 -0.01088979683345024 -0.0001658540086765145 0.0004985423875741389 0.0005062462346960286 0.2022534726736428 0.07238430926619757 0.0002313360777767584
860 0.1952949044031772 0.07315961760392456 -0.01082855317693334 -8.910456268135872e-05 0.0003393649525939548 0.0008728347070193262 0.2021986727252014 0.07215921177974678 0.0006050497517312654
870 0.195077121309453 0.07310851453222519 -0.0107594715735346 -8.558487093562811e-05 0.0002700449821734715 0.001087209463034705 0.2019772469624981 0.07210063590474643 0.0008228818216308443
880 0.1949157620974709 0.07328831642315743 -0.01075464317618605 -0.0001440353279796281 0.0003481818786014279 0.001019183823280774 0.2018129084147554 0.07227704955761609 0.0007556337683668803
890 0.1949276423819124 0.07345774985906579 -0.01080307432800652 -0.000210182014584942 0.0005025140216866568 0.0007437015848063296 0.2018224314564393 0.07244787117112297 0.0004806054496572058
900 0.1951347206144445 0.07349849296798792 -0.01088447132160066 -0.000243327231520832 0.000610190412901179 0.0004691648204438225 0.2020271251259926 0.07249183215584475 0.0002064417262794368
910 0.1952826230074497 0.07341873250918615 -0.0109107898747919 -0.0002113585284894267 0.0005893989159134392 0.0004620306264900046 0.2021726473733031 0.07241373149328934 0.0001979536513373344
920 0.195295867447904 0.07323585687373396 -0.01087849587160844 -0.0001305139382831164 0.000446764610480072 0.0007715942480296946 0.2021839777749686 0.07222866685211034 0.0005026008272671496
930 0.1951418982273693 0.07309076268851793 -0.01080728122768308 -9.123061080020916e-05 0.0003196645525896981 0.00106745311979584 0.2020289754006314 0.07207814643484728 0.0007905047837590633
940 0.1949491584684594 0.07320831532238474 -0.01076705747741283 -0.000122650163848246 0.0003166221002890773 0.001120718769384196 0.2018367235123323 0.07219028275772908 0.0008366883908273497
950 0.1949053739609262 0.07343046081573062 -0.01078716108025425 -0.0001832099587705507 0.0004363144611480467 0.0009170842770102844 0.2017948140222916 0.07240995342612873 0.0006281025924809701
960 0.1950689583831994 0.07356318874501626 -0.01085059211998895 -0.0002238342917220973 0.0005698286338164863 0.0006101024745935503 0.2019608773600262 0.07254237535735655 0.0003146577139859854
970 0.1953277668598807 0.07355662245547374 -0.01090780615690426 -0.0002174885852250991 0.0006181778070943097 0.0004507860622771213 0.2022221910282042 0.07253506902833641 0.0001444183117221974
980 0.1954391747155519 0.07342285085257215 -0.01089408420792493 -0.0001457290493866803 0.0005265302803024178 0.0006722343461388456 0.2023359874835744 0.07239816776042418 0.0003493423420269181
990 0.19538650541396 0.07322389759002963 -0.01083231676154986 -7.786464089971132e-05 0.0003830913212321509 0.00106546106476024 0.2022861546792743 0.07219409079580444 0.0007203799710443012
1000 0.1951675669635081 0.0731942000031427 -0.01075887720894186 -8.343862200385747e-05 0.0003198889877952995 0.001304215049333541 0.2020708472876112 0.07215988015445514 0.0009350257009651116
1010 0.1950104143497512 0.07338598782094319 -0.01074489155370289 -0.0001454250056362922 0.0003914137692557092 0.0012594202672487 0.2019171155712248 0.07234917216503986 0.0008717799398962314
1020 0.1950311002698684 0.07355787823209964 -0.01077715798418021 -0.0002058892576278471 0.0005316969673826599 0.0009901692908819532 0.2019401086906432 0.07251996510925245 0.0005952226826624037
1030 0.1952609885937479 0.07359843094798134 -0.01084247622722172 -0.0002279518975822543 0.0006234915681381416 0.0007105477998087836 0.2021706593361606 0.07255875944563896 0.0003196448015204795
1040 0.195445384337125 0.07350572480897291 -0.01086016429198696 -0.0001845467848877783 0.0005887339330525344 0.0007027473680293784 0.2023537221741444 0.07246184522565924 0.0003218151906954744
1050 0.1954785865481266 0.07329224669066275 -0.01082279564610649 -9.551945390382251e-05 0.000440883418174964 0.001016104126544151 0.2023840691725994 0.07224114915977682 0.000643659397375975
1060 0.1953100094616089 0.0731174750118722 -0.01075096405532232 -5.631414722634348e-05 0.0003202914292185717 0.001317544927872035 0.2022118693910419 0.07205888615116804 0.0009495909048883629
1070 0.1950787016580943 0.07320312406703156 -0.01071766502120951 -9.626354004631948e-05 0.0003258731931742081 0.001379241286431367 0.201977142644738 0.07214000721871754 0.001015206877613818
1080 0.1949813629984092 0.07338586737479771 -0.01074837938037352 -0.0001690966830317782 0.0004500050672510185 0.00117072164893433 0.2018768495023976 0.07232358394211395 0.0008142742407841649
1090 0.1950742608372897 0.07347623919686357 -0.01081969064868683 -0.0002218949670842396 0.0005819051254196959 0.0008263033996656821 0.2019672557236936 0.07241818685043852 0.0004827720906876283
1100 0.1952677608023662 0.0734418292233696 -0.01088360698160128 -0.0002232833331546347 0.000618720850386144 0.0005998397758545917 0.2021579131454704 0.0723870246763083 0.0002721674122537623
1110 0.1953537543360805 0.07328936139955701 -0.01088080090785539 -0.0001518963416791084 0.0005077620447386531 0.0007337009670785023 0.2022415758120877 0.07223386278764479 0.0004217999037082943
1120 0.1952962139830909 0.07308047470913009 -0.01082858438517661 -7.874111112689223e-05 0.0003490709408822053 0.001024870873081378 0.2021831097996668 0.07202112460406293 0.000726313157376218
1130 0.1950891819636399 0.07305801340107336 -0.01076775056207293 -7.617665127087136e-05 0.0002779489099925124 0.001166117779221919 0.2019765613147816 0.07199479742887202 0.0008763563530603228
1140 0.1949644994559795 0.07326000349224218 -0.01077120197791257 -0.0001313013799525591 0.0003473662736386492 0.00105651258855307 0.2018538403843721 0.07219537725270281 0.000770533219285784
1150 0.1950077165421192 0.07343200312478494 -0.01081917386781855 -0.0001899558678996125 0.0004916036699772169 0.000770736349184653 0.2019002290963229 0.07236918500637801 0.0004848540505233321
1160 0.1952232209625345 0.07347411434251312 -0.01089074155807929 -0.0002158419942423467 0.0005915379295825666 0.0005089360558780327 0.2021186927243871 0.072414003860837 0.0002199584855103503
1170 0.1953801113226064 0.07339915774043312 -0.01090907064769397 -0.0001809835839138036 0.0005630325070150494 0.0005421379607806789 0.2022782771447938 0.07234010831827417 0.0002457765426318287
1180 0.1953973381309153 0.07320981553670931 -0.01086810854280522 -0.0001050669779847195 0.0004232423832033746 0.0008886480046636959 0.2022986152654849 0.07214920932669869 0.000580217191967132
1190 0.1952180500923394 0.0730693879025763 -0.01078457226348813 -7.470492249723016e-05 0.0003099666885385126 0.001198940162735639 0.2021223354884136 0.07200594250249201 0.0008758554839719894
1200 0.1950094786020694 0.0731991996600902 -0.01073761187060165 -0.0001143728494012324 0.0003195181836071902 0.001254496409613211 0.2019165689831524 0.07213365758243551 0.0009204017776011395
1210 0.1949708396907135 0.07341091805537676 -0.01075317294750633 -0.0001790809802561855 0.0004418608355337211 0.001052902317220623 0.2018800065364799 0.07234606721285601 0.0007173830409177629
1220 0.1951317435202279 0.07351102009203482 -0.01080789394198359 -0.0002184765253674887 0.0005688036955088228 0.0007462713724936681 0.2020415827657661 0.07244856038887108 0.0004177509998520381
1230 0.1953565207486576 0.07347778935283471 -0.01085101935501084 -0.0002076146458413679 0.0006049211823925753 0.000585110521605992 0.2022647069556334 0.07241678347076079 0.0002659097757174338
1240 0.1954468283273915 0.07332215731209374 -0.01083439228393362 -0.0001339999139591359 0.000501363793617963 0.0007997081358067871 0.2023513128952158 0.07225963393884931 0.0004874670551821234
1250 0.1953594148611016 0.07310456185078382 -0.01077483704944573 -7.181685393330738e-05 0.0003608790027192931 0.001157214371102023 0.2022587980821729 0.07203882002989218 0.0008472359149915227
1260 0.1950989528506522 0.07307968092445769 -0.01071265328714507 -8.506235190285377e-05 0.0003112073009686628 0.001336311964922401 0.2019931259711378 0.07201208267085023 0.001025199378990166
1270 0.1949206325432123 0.07327164051688052 -0.01071984407726446 -0.0001543010678351421 0.0003950155903095098 0.00122400108761829 0.2018105931571539 0.07220570020718968 0.0009129266213521463
1280 0.1949344380445472 0.07342503083291198 -0.01077691317796848 -0.0002192878369782725 0.0005365731789759743 0.0008984456582648207 0.2018211999909081 0.07236361840709288 0.0005927368552678542
1290 0.1951352082505729 0.07344341784675414 -0.01085494052710797 -0.0002401441773484418 0.000619508793545086 0.0005779090852801183 0.2020192913727043 0.07238625206599966 0.0002835792885192607
1300 0.1952901477974222 0.07335109766678551 -0.01087831854221768 -0.0001913485694013914 0.0005675553545338728 0.000550682998701754 0.2021727746884017 0.07229519263732175 0.0002708890106974788
1310 0.1953287804827549 0.07315586524538206 -0.01084994610857228 -0.0001043410020885249 0.000412201091169377 0.000832943717071586 0.2022113893532938 0.0720979952820769 0.0005638238870469485
1320 0.1951741321588839 0.07302474993747536 -0.01078364895307088 -6.834883786632027e-05 0.0002966352299138959 0.001090811199220937 0.2020579620118495 0.07196376612747307 0.0008232113729036865
1330 0.1949846254173223 0.07316565529163671 -0.01075656406466506 -0.0001068355952740206 0.000315334776973709 0.001117277726623369 0.2018713389429997 0.07210295984247453 0.0008430900793511847
1340 0.1949468421080244 0.07338149893156902 -0.01078945121777326 -0.0001758291238263726 0.000448770797233267 0.0009137173592755352 0.2018376623245061 0.0723204941539035 0.0006287079324523277
1350 0.1951019867690293 0.07348598086289093 -0.01085763493004223 -0.0002232601078856379 0.0005797173598758185 0.0006342544336311627 0.2019965459771653 0.07242863914418386 0.0003370318016354769
1360 0.1953022277635883 0.07346050199459762 -0.01090006446649005 -0.0002177234920079233 0.0006115008033418874 0.0005146447087084539 0.2022002282437948 0.07240530715608277 0.0002049716437017839
1370 0.1953785250960402 0.07331792805430506 -0.01087605570060001 -0.0001455650308674584 0.0004995911254294383 0.0007545799794249332 0.2022796301632433 0.072261161739697 0.0004325617380295406
1380 0.195307144077383 0.07312794436954663 -0.01080548300076081 -8.303334883107794e-05 0.0003531430418729705 0.001108432592042506 0.2022109915830647 0.07206666643806747 0.0007750803055967803
1390 0.1951014687485808 0.07313832430388172 -0.0107319467466667 -8.995186057565581e-05 0.0003021201579526242 0.001280035867796651 0.2020081646552302 0.07207265441101315 0.0009390034922149209
1400 0.194995126376251 0.07334569007040903 -0.01072497239483815 -0.0001468315140960115 0.0003870841183647438 0.001177655625443275 0.2019043631686696 0.07227905701802366 0.0008341520646643709
1410 0.1950725463008804 0.07349996100402129 -0.01076761943946325 -0.0002005481608811369 0.0005295097673084905 0.0008948642104194784 0.2019831878003651 0.07243557882639146 0.0005535774637941328
1420 0.1952998149280247 0.07350692356887892 -0.01083020408968683 -0.0002170106920650964 0.0006163293583177811 0.0006528645442412805 0.2022097390871876 0.072445141516502 0.000316900621504396
1430 0.195424314633617 0.0733932762662321 -0.01083600326256094 -0.0001710039402154373 0.0005712030212968503 0.0007237520489739569 0.202330751609713 0.0723315984166099 0.0003931509925078303
1440 0.1953994519500048 0.07317921052744963 -0.01079514642690716 -9.802601714123686e-05 0.0004292141087074791 0.001069820707279843 0.2023003975015765 0.07211506760471166 0.0007415886189446743
1450 0.1951747549874575 0.07304266546242418 -0.01072597704997101 -8.12232846506377e-05 0.0003285756027328393 0.001340254415779545 0.2020696311792418 0.07197524259795786 0.001012156007360655
1460 0.1949343283733321 0.07316968693987901 -0.01070393460435851 -0.0001309364725573981 0.0003550273335694554 0.001329890824082827 0.2018234003231596 0.07210054632177008 0.00100400097866337
1470 0.1948710034360381 0.07335708603993495 -0.01074412296470237 -0.000198092751265135 0.0004818319650336437 0.001048905754999458 0.2017558982186183 0.07228909491421293 0.0007328990576869076
1480 0.19503797068164 0.07343139547524975 -0.01082569420757954 -0.0002352348535219603 0.0005946659244289267 0.0006814787800653839 0.2019202580323224 0.07236707582192238 0.0003836553528266201
1490 0.1952521757497633 0.07337789570838496 -0.01088058286050799 -0.0002145696340920569 0.0006039585850327311 0.0005000185036772203 0.2021332123822211 0.07231675669485392 0.0002220961679477739
1500 0.1953375639266917 0.07321352970799863 -0.01087093398294623 -0.0001317765506650981 0.0004786572349873229 0.0006960539034399647 0.2022186412239018 0.07215297245119645 0.0004316293684286052
1510 0.1952540327482048 0.07302454696027448 -0.01081641967324575 -7.140269331339971e-05 0.0003355689865088998 0.001011803621705744 0.2021367888190111 0.07196230137086149 0.0007504133198687181
1520 0.1950348449731445 0.07305917609496765 -0.01076537059754155 -8.870728629051194e-05 0.0002982062331844347 0.00115507978726602 0.2019204697841923 0.07199565147324891 0.0008871311583818872
1530 0.1949119653186214 0.07328090688985878 -0.01077594589365683 -0.0001567728950003376 0.0003959565647450667 0.001036166130035046 0.2018015362046667 0.07221859307522911 0.0007560007398873918
1540 0.194974909054057 0.07345061686069576 -0.01082834371756533 -0.0002188785722074829 0.000540985888862598 0.0007464863066096183 0.2018684678819451 0.07239164865657614 0.0004532417738341282
1550 0.1952025642492654 0.07347953519146323 -0.01089194548189673 -0.0002367531483105934 0.0006180333124640037 0.0005112269547037887 0.2020993313039137 0.0724226696231758 0.0002073047008774178
1560 0.1953478246148252 0.07338744143091466 -0.01089000324890874 -0.0001820668992344872 0.0005548591630897903 0.0005990714410168076 0.2022474197708337 0.0723290191042842 0.0002874253051286621
1570 0.1953673126408215 0.07319611317786402 -0.01083533309373526 -9.849114759539942e-05 0.0004021412154352026 0.0009486490179608999 0.2022700034192982 0.07213317517553038 0.0006302642764270827
1580 0.1952072582767519 0.07309898018839478 -0.01075207989181664 -7.303863437291036e-05 0.0003023869139247016 0.001226683773642651 0.2021132103727868 0.07203189538226835 0.0008997725485905447
1590 0.1950430186177608 0.07325402402817691 -0.01071782862477333 -0.0001160343778690789 0.000338589156743006 0.001252289664962661 0.2019520952677926 0.07218580682097085 0.0009162108758461157
1600 0.1950265310338169 0.07344677908801216 -0.01074147778334389 -0.0001800022879339282 0.0004786878340749369 0.001038275487910325 0.2019378316082988 0.07238126679142579 0.0006966745104714026
1610 0.1951967675200108 0.07351650780567426 -0.01080429733986762 -0.0002209465820966713 0.0006043700575985612 0.0007613959284929954 0.2021083190203713 0.07245528090384935 0.0004195286874667244
1620 0.1953746986303774 0.07345564372942787 -0.01083909601059975 -0.000209103206993893 0.0006220189662161916 0.0006793134890054527 0.2022832962076249 0.07239694840153617 0.0003405075558044134
1630 0.1954031885748163 0.07327344620473053 -0.01081337379956163 -0.0001376178530903226 0.0005023099122649121 0.0009456580018193574 0.2023064746733333 0.07221305410575908 0.000609963015649164
1640 0.1952534985864031 0.07307027706405794 -0.0107478729723936 -8.821343528776675e-05 0.0003653195161448105 0.001269526476668463 0.2021498454634053 0.07200494283741017 0.0009368298881353347
1650 0.1950007844274498 0.07309789714678538 -0.01069928545711218 -0.0001091570108384502 0.0003299114798183599 0.001369830227551964 0.2018903048193967 0.07202732720355325 0.001042751200671233
1660 0.1948784292452648 0.07328961651785308 -0.01072029028041898 -0.0001704181371324664 0.0004220357648202142 0.001183249979502825 0.2017628245922909 0.07221748163441756 0.0008683531783899672
1670 0.1949582380126364 0.07341518623390596 -0.01078830990898505 -0.0002198813747983634 0.000554876541573126 0.0008233367872980185 0.2018399297099655 0.07234629083977913 0.0005263918605045986
1680 0.1951914615089903 0.07340578132978424 -0.01086798132868914 -0.0002267923852720515 0.0006194133485327261 0.0005349843986182261 0.2020719029810346 0.07234188011530925 0.0002563893455673096
1690 0.195323384557999 0.07328348015218297 -0.01088358724783729 -0.0001682985546054206 0.000547363557606448 0.000596754337062779 0.2022039679246858 0.07222283738473512 0.0003313305650576346
1700 0.1953071088811098 0.07307904612051448 -0.01084701766169079 -9.307978418413005e-05 0.0003976637568235288 0.0009163849043813761 0.2021891920547294 0.07201894542072089 0.0006553583137271154
1710 0.1950992861681871 0.07300160240534334 -0.01078228054904044 -8.244754848523383e-05 0.0003073320944898986 0.001148091000681186 0.2019839020940623 0.0719407033014825 0.0008817016207246442
1720 0.1949127577870401 0.07318638397639253 -0.01076693573693123 -0.0001376819682435196 0.0003505397961642341 0.001119330095106239 0.2018007092852129 0.0721252704538393 0.0008418430133115498
1730 0.1948975596997191 0.07339754290032423 -0.01080177824459957 -0.0002044869526607049 0.000485932747656104 0.0008636380465191167 0.2017892276894952 0.07233773489620034 0.0005751715581067571
1740 0.1950976952149246 0.07348614603028854 -0.01086818076795134 -0.0002368515100737413 0.0005947991992292835 0.0005656292341181793 0.2019923922282263 0.07242714852063993 0.0002701263015920894
1750 0.1953182459224519 0.07344710525654216 -0.01089687216949098 -0.0002081276272516868 0.0005908182471805341 0.0004918301330528971 0.2022160323115749 0.07238706141352994 0.000192415989509285
1760 0.1954076771567007 0.07328294996447807 -0.01086249045050805 -0.000122117576353429 0.0004593702098213478 0.0007828438714321284 0.2023090062061877 0.07221992179843988 0.0004774318839887422
1770 0.1953144495876892 0.07310572541851031 -0.01078393910079379 -6.732145362296999e-05 0.0003282725557767208 0.001138683626150521 0.2022193939386028 0.07203939925870111 0.0008211202667903209
1780 0.1951081539915458 0.07316711394034242 -0.01072196874451423 -9.046516834554526e-05 0.0003115948898819274 0.001290107446868836 0.2020167374629269 0.07209958030389947 0.0009571450222662293
1790 0.1950119933118702 0.0733767240655 -0.01072709768346278 -0.0001594624789372542 0.0004254135534289098 0.001174503212659499 0.2019234049414595 0.07231189959017462 0.000829792390140669
1800 0.1950928361555371 0.07350744661064498 -0.01077595825624304 -0.0002185584829381876 0.0005722164881039326 0.0008971253618715481 0.202005288714022 0.07244765033659446 0.0005475595807328962
1810 0.1952948045219283 0.07349826641120552 -0.01083108741470485 -0.0002332145883205561 0.0006415960241916594 0.0006871377831750998 0.2022053862055763 0.07244196315387703 0.0003394060787465534
1820 0.1953866208326586 0.07336783008859489 -0.01082497751646419 -0.0001768172596761613 0.0005649414131277343 0.0008125953075014042 0.202292218556145 0.0723098648070187 0.0004709994089740789
1830 0.1953384266787751 0.07314795428662757 -0.01077492368640768 -0.0001016906524259329 0.0004113385495241104 0.001147411307311164 0.2022368973838807 0.07208368212464246 0.0008139164033647342
1840 0.1951128986459917 0.07305620181199252 -0.01070790630080699 -8.796313127345204e-05 0.0003217575016879503 0.001355325640901969 0.2020041519396095 0.07198486890511527 0.001031156588391518
1850 0.1949273844909501 0.07321163510847174 -0.01070315931690706 -0.0001369087513347361 0.0003680420608728928 0.001285115358875955 0.2018126839026683 0.07213706641641987 0.0009716956703774232
1860 0.19491805093283 0.07337590791850353 -0.01075602651887111 -0.0001977406612407478 0.0005043091367129609 0.0009806150625777652 0.2017999798874864 0.0723036383132738 0.0006803177641951406
1870 0.1951059663593618 0.07341522285251555 -0.0108426543880508 -0.0002290929426088563 0.0006117553439210419 0.0006416477191016088 0.2019865853812268 0.07234904282738008 0.0003563030666357158
1880 0.1952782541630308 0.07334089050863488 -0.0108872889631428 -0.0002043496875147578 0.0006038066496900955 0.0005424977317142169 0.2021589483149773 0.07228047017836225 0.0002704246436202575
1890 0.1953176261223878 0.07316167989806348 -0.01087106403878025 -0.000128720038589758 0.0004683012357544741 0.0007967894730021776 0.2021993021485873 0.07210388970240145 0.0005313983921074534
1900 0.1951718776768902 0.07299754311645143 -0.01080826084354524 -8.693392334325231e-05 0.0003358222680360056 0.001085780132395928 0.2020554202543234 0.07193907453467167 0.0008186958611003725
1910 0.1949479461897918 0.07309303551482609 -0.01076376837492842 -0.0001156293017693503 0.0003162635498771052 0.001154617927583557 0.2018340104808381 0.0720322459812246 0.0008806245868361659
1920 0.1948738106802079 0.07332543363185819 -0.01078166051644262 -0.0001785428505459608 0.000420499064292138 0.0009659249371693187 0.2017631617283718 0.07226332172911011 0.0006852371894045709
1930 0.195012051524432 0.07347263851529749 -0.01083949020312111 -0.0002236468094979752 0.000550871529890734 0.0006549823627840941 0.2019048527035214 0.07241080542570874 0.0003704782145374316
1940 0.1952715216749686 0.07347664639625497 -0.01089450699427635 -0.0002211519403813544 0.000604490893458434 0.0004593390104876773 0.2021675862712677 0.07241528097789701 0.0001708066824395249
1950 0.1954085861954752 0.07335772389693357 -0.0108822008709652 -0.00015218999937242 0.0005204933820545134 0.0006313571315873342 0.2023085148799295 0.07229527086038842 0.0003342102967386036
1960 0.1953921903779174 0.07315762686609989 -0.01082161281041911 -7.89586139772316e-05 0.0003772578044249268 0.001018397298054736 0.2022961164497708 0.07209313338465037 0.0007062767195064178
1970 0.1951858614257216 0.07310400261015627 -0.01074171787384872 -7.671590701869561e-05 0.0003089131905905263 0.001283489595125307 0.2020936331943528 0.07203842268420019 0.0009525083722243184
1980 0.1950150137866037 0.07329195286068964 -0.01072009002767958 -0.0001385128039800838 0.0003765042057392731 0.001271721056000572 0.2019258864260921 0.07222829535213517 0.000924347864081159
1990 0.1950092966369119 0.07347455834778061 -0.01075008827866845 -0.0002077926839654107 0.000522713536044249 0.001027173099349949 0.201922082218402 0.07241508336687132 0.0006720877825370556
2000 0.1951988618323184 0.07352039128739102 -0.01081174648362393 -0.0002400423434004169 0.0006278479066572948 0.0007466392144327232 0.2021106570053952 0.07246403867175082 0.000393744356451967
2010 0.1953632503220485 0.073441520343761 -0.01083024322663118 -0.0002066338857577283 0.0006082072976047158 0.0007071457510490663 0.2022707879111174 0.07238365330992025 0.0003642330433374268
2020 0.1953977282617521 0.07324513433721525 -0.01079706031690571 -0.0001220623609333056 0.0004662466098859555 0.000995805668983187 0.2022987912923608 0.07218144039115003 0.000665244458075953
2030 0.195241256708004 0.07306080904232058 -0.01073002306739329 -7.67916459859259e-05 0.0003390670484898664 0.001289114143379298 0.2021349208326945 0.07199003113418731 0.0009679910617060636
2040 0.195005936161261 0.07312882158264385 -0.01069581592493867 -0.0001057587391343578 0.0003326136412104264 0.001346861719037347 0.2018930816707521 0.07205356446741505 0.001032499511706054
2050 0.1949068822049208 0.07331547240262902 -0.01073027977502629 -0.0001726852141716824 0.000450149212165984 0.001134403418972076 0.2017899039524498 0.0722414726968236 0.0008285885001675341
2060 0.1950062050347153 0.07341480045405124 -0.01080870661539401 -0.00022589486230417 0.0005859506815499314 0.0007883727962776357 0.2018876719993866 0.0723471767588635 0.0004945091041578822
2070 0.1952057226179229 0.07338362013190892 -0.01088015672591072 -0.0002322300270623913 0.0006340911232646563 0.0005534041287757242 0.2020868046299037 0.07232344942273779 0.0002721602987202301
2080 0.1952887427953569 0.07324486107253363 -0.01088261418397877 -0.0001693659271440766 0.000536314075571038 0.0006767987587063729 0.2021702642089675 0.07218849345771207 0.0004049800731522599
2090 0.1952339125291194 0.07304811151081472 -0.01083549437822479 -0.0001001987785192233 0.0003798291206990516 0.0009794397454612853 0.2021161835145815 0.07199060495296238 0.000711417998440149
2100 0.1950279999796247 0.07302494542440181 -0.01077216325317439 -9.498518784701283e-05 0.0003001117452075722 0.001142912610224605 0.2019120835065557 0.07196330950453832 0.0008747368944941639
2110 0.1948978646670874 0.07323566448421165 -0.01076745180742377 -0.0001462813297843975 0.0003590023174382271 0.001046437037910319 0.2017849933848672 0.07217127968786877 0.0007765975515007486
2120 0.1949519158846587 0.07342854133774838 -0.01081075929290188 -0.0002019203132312538 0.0004971399671244222 0.0007652065071165378 0.201842881763294 0.0723645994409577 0.0004916677932037902
2130 0.1951950494544805 0.07348539656810332 -0.01088041576636389 -0.0002236610965479328 0.0005964668378853723 0.0005011074368088061 0.2020896373401027 0.07242329539995264 0.0002204840764419893
2140 0.1953796885533924 0.07341600883534212 -0.0108962840245968 -0.0001853561528021282 0.0005746038564694822 0.0005246931434509771 0.2022783324382599 0.07235469845011964 0.0002328284107480365
2150 0.1954190846860839 0.07323580127587995 -0.01085472958722469 -0.0001071113783821576 0.0004407289267834163 0.0008793450447171826 0.2023217154418139 0.07217391539592757 0.0005710736739398863
2160 0.1952611600640132 0.07309038430058062 -0.01077204713392161 -7.621119037446183e-05 0.0003288849852094709 0.001223134968470816 0.2021678010687155 0.07202742985142258 0.0008942438675395166
2170 0.19504212428357 0.07320439569698273 -0.01072023770503796 -0.0001176547582849608 0.0003375669588950742 0.001318669668729097 0.2019519898798756 0.0721416933673229 0.0009711457049454503
2180 0.1949702745277773 0.0734160914803673 -0.01073078978269648 -0.0001866204644098375 0.0004604008050232713 0.00113999631708098 0.2018821563182006 0.07235524845988243 0.0007835704378542088
2190 0.1951069879619986 0.07352515665769842 -0.01078370174549122 -0.0002312679141575967 0.0005895034426088634 0.0008335774275651941 0.2020189469928917 0.07246629152583299 0.0004809152862432278
2200 0.1953344653417527 0.07349395527697983 -0.01082940933814195 -0.0002239815659886354 0.0006279889094937969 0.0006540518766093984 0.2022435064160683 0.07243491032233321 0.0003136047885338605
2210 0.1954270305537019 0.07333623635493645 -0.01081423509025711 -0.0001491486410500892 0.0005258396368254506 0.0008394750986981238 0.2023304802174951 0.07227322305608086 0.0005115606590384053
2220 0.1953519590723065 0.07311307946127199 -0.01075930270269058 -7.937482435011073e-05 0.0003796184631406874 0.001183837823319208 0.2022484230756257 0.07204394653640446 0.0008633440192484432
2230 0.1951035050480642 0.07306674881044373 -0.010701829220581 -8.419718504980798e-05 0.0003211734031824248 0.001368839457336613 0.2019933620459887 0.07199284836399665 0.001051770939346382
2240 0.1949214531431777 0.07324110279725156 -0.01071180717298966 -0.0001488819540005718 0.0003994644227979233 0.001271296708461522 0.2018064182627692 0.0721673288584969 0.0009583122426514369
2250 0.1949171302954568 0.07338888633631292 -0.01077198886260623 -0.0002167713638592697 0.0005439845711715026 0.000952595697834141 0.2017997649973863 0.07232072354137352 0.0006479723527063864
2260 0.1951038828947693 0.07340777564948411 -0.01085661462073048 -0.0002461303538059735 0.0006348023649134728 0.0006271211794239367 0.2019854252048175 0.07234696026461433 0.0003346607982140939
2270 0.1952487519067387 0.07331645984059589 -0.01088552131534318 -0.0002061902622714973 0.0005909653659253051 0.0005804347795482847 0.2021295734257087 0.07225949828528865 0.0003013989470682344
2280 0.1952793361864616 0.07312843363930091 -0.01085789236707891 -0.0001213025102947285 0.0004350039504681679 0.0008414197800158475 0.202160190638362 0.07207012343074642 0.0005743610480431815
2290 0.1951343369604794 0.07299895675280592 -0.01079135064944015 -8.215572213506349e-05 0.0003095524249697123 0.001083103940031852 0.202016723720205 0.07193655140578693 0.0008232059501027905
2300 0.1949564810529676 0.07313767804103712 -0.01076107938275993 -0.0001141155136910666 0.0003141098228385877 0.00109961505652488 0.2018414915169221 0.07207235562273903 0.0008399118498153888
2310 0.1949275489040327 0.07335799577858144 -0.01078957565790229 -0.0001758958365985088 0.0004384241980594453 0.0008896824125991967 0.2018167251161688 0.0722930342121782 0.0006239136174851069
2320 0.1950920204941562 0.07347403355067486 -0.01085492840597418 -0.0002190693291075833 0.0005701136025813048 0.0006052237042750141 0.2019853535854667 0.07241191783560835 0.0003293633042955544
2330 0.19531486247693 0.07345758129096638 -0.0109013147503638 -0.000214743107983435 0.0006095589654310032 0.0004835311052486518 0.2022121704296084 0.07239809411690022 0.0001942947410165991
2340 0.1954000849859112 0.07331985228530712 -0.01087912151247611 -0.0001470740323840123 0.0005080850201963229 0.0007294569530947487 0.2023013017048046 0.07226104935079129 0.0004234061975826181
2350 0.1953231857530739 0.07312880243761977 -0.01080806597350091 -8.787845103926495e-05 0.0003674828772907613 0.001106652833122731 0.202228102272662 0.07206841760114409 0.0007811606039988731
2360 0.1951023746446189 0.07313241277319753 -0.01073128317306731 -9.753033677682343e-05 0.0003147145325462082 0.00130271935977052 0.2020102271895619 0.07206968262908137 0.0009599799657502773
2370 0.1949792218464055 0.07334176720074985 -0.01071928123593364 -0.000156778504181824 0.0003947098347886 0.001216090918655126 0.2018895505736502 0.07227825012712154 0.0008655954305569279
2380 0.1950451654140332 0.07350517618721424 -0.01075645144677286 -0.0002116503838901767 0.00053530930966416 0.0009314739609852454 0.2019566317380456 0.07244335880765965 0.0005842399521066853
2390 0.1952789199102967 0.07352260421920837 -0.01081827378200929 -0.0002270503341497158 0.0006225092251933419 0.0006709600460596423 0.2021891197466789 0.07246229459671469 0.000332899026892616
2400 0.1954266555541803 0.07341515000668143 -0.01082715014175762 -0.0001786097987625587 0.0005803623874521236 0.0007154979277003274 0.2023327997879661 0.07235339112919595 0.0003865365823843335
2410 0.1954201375852607 0.0731980865898972 -0.01078840083814869 -9.913145282837656e-05 0.0004384885657383897 0.001058739411967247 0.2023202360272927 0.07213208085549211 0.0007347554877797758
2420 0.1952044443886133 0.07304713076218589 -0.01072070798858459 -7.680525141151102e-05 0.0003357543863099612 0.001346990856493194 0.2020978500646561 0.07197678954305957 0.001024101974577675
2430 0.1949566593346413 0.07316062970571664 -0.01069942326729223 -0.0001274128759623826 0.0003604798682733053 0.001365684344232067 0.2018445063482189 0.07208897170708169 0.001043731163884614
2440 0.1948689531094326 0.07334249417100415 -0.01074053016645217 -0.0002005384057506797 0.0004899133426162722 0.001108297451331457 0.2017528824312525 0.07227395815769357 0.000792482320307522
2450 0.1950014872162614 0.07341827644268135 -0.0108210125529422 -0.0002444633886774443 0.0006082176126845728 0.0007416217266078836 0.2018831148285371 0.07235485726706856 0.0004392276172353228
2460 0.1952077347870674 0.07337237419935909 -0.01087903616120899 -0.0002302032821017883 0.0006223683571803237 0.000534205773927263 0.202087919335367 0.07231244510536115 0.0002510728054987788
2470 0.195303227988371 0.07321600915816315 -0.01087223309212641 -0.0001488436939353396 0.0004957790801635154 0.0006994269573197896 0.202183101731431 0.07215618437102578 0.0004349677046135013
2480 0.1952403948044404 0.07302508193496909 -0.01081891223615454 -8.112084592220123e-05 0.0003435388987574217 0.0009941705277680395 0.2021213452127354 0.07196264505474252 0.000740071409319603
2490 0.1950363976243392 0.07304694034673491 -0.01076467932144417 -8.813122335041526e-05 0.0002936698881205765 0.001127700188726777 0.2019200033638296 0.07198200069745278 0.0008731536240651556
2500 0.1949253049940836 0.07326782901728109 -0.01077424869554077 -0.0001496993928441014 0.0003833516592657476 0.001014081679400316 0.2018130054879273 0.07220322091747407 0.0007516743524351891
2510 0.1949902151969202 0.07344077366774346 -0.01082656662703239 -0.0002109961267580745 0.0005304080377823325 0.0007378126004033875 0.2018823670654452 0.07237958576293338 0.000463256319974637
2520 0.195213024807529 0.07347535447394724 -0.01089207108660488 -0.0002335744138821504 0.0006169702888508813 0.000507270829680997 0.2021087984995973 0.07241781360904485 0.0002188551741216897
2530 0.1953515304672959 0.0733902767036054 -0.01089408785605517 -0.0001879502383998655 0.0005663560647952865 0.000588318192843365 0.2022507573462004 0.07233355021066033 0.0002853661119637422
2540 0.195363379814575 0.07320488606875568 -0.01084203078401528 -0.000108896135093122 0.0004177771191306428 0.0009405595862446068 0.2022656270569461 0.07214528012460036 0.0006230133437510078
2550 0.1951971095370424 0.07310102355212621 -0.01075612433031114 -8.226657585733534e-05 0.0003124415918690541 0.001225292385466682 0.2021026043623847 0.07203706848143245 0.0008950497669823896
2560 0.195029272904009 0.07325566272811947 -0.01071649500345501 -0.0001229427307757851 0.0003390760206352448 0.001253722995495603 0.2019378437299133 0.07218954622164113 0.0009155479882870213
2570 0.1950189425554933 0.07345493563565514 -0.01073706537016901 -0.0001839595448693015 0.0004721290950299263 0.001039865507078733 0.2019297240798603 0.07239043824158864 0.0006993819961379686
2580 0.1951981704172165 0.07352991273479123 -0.01079756121458942 -0.0002201642589479001 0.000596494164828385 0.0007540289180206375 0.202109487657502 0.07246855966721288 0.0004155744006564236
2590 0.1953930963982966 0.07347274921950624 -0.01083419745123058 -0.0002057085973699746 0.0006199018291500719 0.0006580300869477994 0.2023019936603691 0.07241293683190862 0.0003239100636300062
2600 0.1954366011790427 0.0732941961097887 -0.0108115972675589 -0.000134264858722147 0.0005073175222819719 0.0009238348305914486 0.2023404047482511 0.07223253997974695 0.000593082137476985
2610 0.195295503094564 0.073082629967384 -0.01074903157126885 -8.55439386201742e-05 0.0003735095216586543 0.001269152492696572 0.202192923970867 0.07201704983150885 0.000939202483292189
2620 0.195022801827911 0.07309195688982435 -0.01069740277349346 -0.0001090638593845948 0.0003381872246570835 0.001399261164792959 0.2019137634541832 0.07202286933923657 0.001069996348090957
2630 0.1948684584493282 0.07328130265153143 -0.01071511296251799 -0.0001752573338493523 0.0004290344812626058 0.001232749661690208 0.201753828681793 0.07221139672565295 0.00090983144674941
2640 0.1949271136886881 0.07341299914324126 -0.01078103654799051 -0.0002291785625854002 0.0005613605465514676 0.0008745986890067311 0.2018090655023268 0.0723454260332593 0.0005675588826067168
2650 0.1951584849939667 0.07340862666163085 -0.01086151648306976 -0.0002381830395112007 0.0006263402181548501 0.0005638348757469886 0.2020385515388974 0.07234488902164279 0.0002786512008274443
2660 0.1953038474093062 0.07329186404216245 -0.01087934949994366 -0.0001779573279461767 0.0005544079975151496 0.0005893593690678223 0.2021832054856004 0.07223045817932414 0.0003237574138842123
2670 0.1953117381399028 0.07308718216817607 -0.01084566730439641 -9.527502621174198e-05 0.0003994668941003914 0.0008887179238362474 0.2021919509971676 0.07202534279048263 0.0006335891693462741
2680 0.1951259140662074 0.07299436277574485 -0.01078193493376738 -7.589755608766099e-05 0.0003024072731253702 0.001124314196678645 0.2020086486464093 0.07193112956743616 0.0008689420574346592
2690 0.1949393336680735 0.07316700563621945 -0.01076547468788137 -0.0001274990609657261 0.0003413887802980137 0.001111731241841018 0.2018255453315556 0.07210403510624513 0.0008482182181664062
2700 0.1949130256261317 0.07338083899338071 -0.01080149906508128 -0.0001983368778882764 0.0004799458339180995 0.0008688801277316837 0.2018035164682858 0.0723208455071704 0.0005936406550899899
2710 0.1950909827660588 0.07347529553611054 -0.01086931096234262 -0.0002385514927017623 0.0005966317125407634 0.0005761520587743116 0.2019849980253603 0.07241828615857859 0.0002890715978909923
2720 0.1952952205080643 0.07344288766713811 -0.01090082073406154 -0.0002177999332564772 0.0006014840918014752 0.0004883699999234984 0.2021918990963505 0.07238598882220838 0.0001913105666041388
2730 0.195380283153671 0.07329052723974305 -0.01086787735596389 -0.0001346533329133213 0.0004713395595562998 0.0007615353478877637 0.2022800895189044 0.07223012155300911 0.0004560397578736615
2740 0.1953002461269363 0.07311614450777988 -0.01079012362217909 -7.618807898674889e-05 0.0003329327889939221 0.001110298694474973 0.2022035280515074 0.07205129032115598 0.0007952001093780837
2750 0.1951056389412842 0.07316751379403331 -0.01072465807297063 -9.198100902668374e-05 0.0003050956040918773 0.001262274397197461 0.2020126177374036 0.07210007973601916 0.000935090212028983
2760 0.19501888209614 0.07337713872645669 -0.01072595775870131 -0.0001539132463321891 0.0004109982067733081 0.001149355926392908 0.201928988434402 0.07231114389351251 0.0008117502470463028
2770 0.1951075301149363 0.07351538861035527 -0.01077320584568171 -0.0002097142821569454 0.0005587161139537868 0.0008776117459974326 0.2020194790439237 0.07245360937924943 0.0005353097648232581
2780 0.1953198727160607 0.07350894970768909 -0.01083099881654742 -0.0002260378852341722 0.0006362259244501848 0.0006722725550001915 0.2022308726270094 0.07245110069505804 0.0003303454929447882
2790 0.1954141952704438 0.07338071856157384 -0.01082706931236215 -0.0001757440893364442 0.0005716687413278974 0.0007973491950437194 0.2023214681461138 0.07232313328977412 0.0004582193600331731
2800 0.1953592033724646 0.07316096861116517 -0.01077780519454574 -0.0001052753109175631 0.0004244334712875533 0.00114673684572154 0.2022604013395133 0.07209940943588566 0.0008102034789631596
2810 0.1951203311157487 0.0730593273111351 -0.01070813096309565 -9.360675361451464e-05 0.00033291190883499 0.001376004583000176 0.2020144301922323 0.07199159077987206 0.001042965707807551
2820 0.1949185907157825 0.07321053766779666 -0.01069759643195956 -0.0001432268044130265 0.000372479442179688 0.001320336240820771 0.2018061622231704 0.0721385397807283 0.0009957490562292159
2830 0.194898607058711 0.07338007697991505 -0.01074608169146727 -0.000203852551918375 0.0005031184060942369 0.001017253129515383 0.2017816512950772 0.07230853332536019 0.0007080687227811329
2840 0.1950886851647565 0.07342373708025865 -0.01083186343562938 -0.0002329331782371271 0.000608562513614161 0.0006633775765506252 0.2019691660073972 0.07235637762305307 0.0003732290654160518
2850 0.195278669341491 0.0733491198630413 -0.01087987662315186 -0.0002049538902598067 0.0006024331812566174 0.000537717063953207 0.2021582009083304 0.07228604047680665 0.0002651774917211865
2860 0.1953344554711231 0.07316843637528454 -0.01086659089670392 -0.0001250504906474123 0.0004694828722315221 0.0007778578791463755 0.2022144358891138 0.07210745222057134 0.0005166158378366824
2870 0.1952043928748403 0.07299400799156058 -0.01080828253280149 -8.001056149215055e-05 0.0003368056001543637 0.001074802196650106 0.2020862500299133 0.07193311059436347 0.0008151866670583346
2880 0.1949734625536657 0.07307322943703921 -0.0107644028081303 -0.0001098583696281791 0.000315903512984321 0.001161784976256235 0.2018583851717531 0.07201212996482327 0.0008956734764394686
2890 0.1948736626577626 0.07330293283214806 -0.01078175010272827 -0.0001781572624391905 0.000420691422767713 0.000986677546219456 0.2017621264318852 0.07224291748587318 0.0007111497686478042
2900 0.1949807432162272 0.07345746242498924 -0.010838405019529 -0.0002292318522971734 0.000553721303007709 0.0006734594774891583 0.2018725974387134 0.07239878567709453 0.0003898128749988168
2910 0.1952314885994438 0.07347339105277351 -0.01089586599323903 -0.0002313186961678788 0.0006092384424114692 0.000458006580591762 0.2021259936975485 0.07241453759087345 0.0001695118159860569
2920 0.195379024285401 0.07336541048983146 -0.01088610949255716 -0.0001634394976116593 0.0005257449977853146 0.000600206038791121 0.2022766173623656 0.07230415039283133 0.0003065996911526486
2930 0.1953813293448384 0.07316828280014807 -0.01082681641796812 -8.344062561751329e-05 0.0003766267038095907 0.0009703162025318492 0.2022826906170273 0.07210348222634348 0.0006662005121805179
2940 0.1951968550525572 0.07310451783734434 -0.01074607933333661 -7.160470185327496e-05 0.0002994493898447499 0.001236665430765604 0.2021024385928269 0.07203718463632884 0.0009164735610460823
2950 0.1950364640429485 0.07328547521838805 -0.01072213310664479 -0.000127409273898218 0.0003613074552192157 0.001241176876848169 0.2019457596447783 0.07221936330329567 0.000904635855851092
2960 0.1950329036602943 0.07347168163117693 -0.0107515857280603 -0.0001971321094197813 0.0005105219037020558 0.001016137447630921 0.2019449384470219 0.07241008463495885 0.0006690840368333233
2970 0.1952145630754488 0.07352482945347943 -0.01081436422330727 -0.0002354696388678248 0.0006252907671196144 0.0007477935021731405 0.2021271064399833 0.07246830962289427 0.0003978201776375791
2980 0.195369380035586 0.07345066057641003 -0.01083507528811732 -0.0002112517865544033 0.0006176883713731375 0.0007069894251523187 0.2022791789127796 0.07239528830859455 0.0003600505648728192
2990 0.1953941868681342 0.07325873075071695 -0.01080076636223159 -0.0001313474845838831 0.000480651145870945 0.0009969972976328287 0.2022984066738605 0.07219899624048082 0.0006566095302466483
3000 0.1952401622414311 0.07307397192531108 -0.01073058570472254 -8.480188109176457e-05 0.0003486423912525659 0.001299354186026789 0.2021374423794318 0.07200666650023411 0.0009672063913295688
