"report"
"Iteration" "cd-scale etc.."
("Iteration" "cd-scale" "cl-scale" "cs-scale" "cmx-scale" "cmy-scale" "cmz-scale")
10 2.441646376509723e+24 -2.010896873543328e+24 -4.76070741918733e+24 -6.807501889241575e+23 7.068809231060105e+23 1.331516054924914e+24
20 -5.350161387760461e+88 -2.071045100602553e+89 1.494370865117468e+89 -1.983376135809462e+88 -3.08271342817478e+88 -5.423822709394109e+88
30 5.893287922896288e+86 1.298464539624914e+87 9.918333980385524e+87 2.016725601727793e+86 -1.619644875957028e+87 -6.102973680577087e+86
40 8.030915694721768e+86 1.325053332426364e+85 4.475353899212766e+86 -1.089843035621307e+86 6.674129938402115e+85 2.447034007139876e+85
50 1.948566890724876e+86 -1.355954119194048e+86 -2.201207914772983e+85 -5.350541073989399e+85 4.993743027979236e+85 -1.742266032735254e+85
60 9.656880399661587e+84 -2.75149168779948e+85 5.055484450166464e+85 -2.020464222904766e+85 -2.188163636076529e+84 -4.700879986500941e+84
70 1.494675754926032e+85 -5.862549886163776e+84 -2.772524616977041e+85 -1.247043545427654e+85 -2.299561040545266e+84 5.18530937379263e+84
80 1.991430117460963e+85 2.571767283244246e+84 -3.195051902928962e+85 -3.753545309059141e+84 -4.360082149802642e+83 3.514862811234585e+84
90 2.001575452172471e+85 -5.036074947159356e+84 1.845834378698368e+84 2.289428390323942e+83 7.697140567331356e+83 2.907610055346829e+83
100 1.379343116949742e+85 -6.075815724021626e+84 1.384915333173326e+85 -1.656559709296464e+83 9.556151364153949e+83 1.592059175068065e+84
110 6.792232730016468e+84 -1.051585932406091e+84 6.775309138953154e+84 -7.404176324293533e+83 7.576618960891393e+82 1.265889980418285e+84
120 2.694871296894799e+84 -1.020449655063837e+84 1.953898419574157e+84 -9.409511330903653e+82 -4.421760127703098e+82 4.862080895514046e+83
130 3.018787843755727e+83 -1.789219414403297e+83 6.373513472085657e+82 3.399511568885789e+82 8.867566062678292e+82 1.800614983399013e+83
140 7.637000177679508e+82 -5.770679917663157e+82 -6.44640823471342e+83 1.476075653685718e+83 3.447165403035687e+81 -9.889592548671919e+82
150 -9.226647284600293e+82 -4.164693709688552e+83 -3.633452833786349e+83 -5.539226419829438e+82 3.693349007497052e+82 -3.214185215718589e+82
160 1.337472741258431e+83 -1.350685859617631e+83 -1.964570281678519e+83 -8.477028074789252e+82 8.258145921513404e+81 -6.722410717849725e+82
170 1.089533952358895e+83 -1.458700704590131e+83 5.734703026323557e+83 -8.396049858110521e+82 5.670173887475482e+81 -1.24999194763843e+83
180 1.85153996060963e+83 -2.281318968395895e+83 4.122299954041946e+83 -4.795489194797958e+82 3.265019747001376e+81 1.660398816592907e+82
190 9.683619950296702e+82 -2.771872550949055e+82 6.934689237908462e+82 -2.818039334884246e+82 -2.975037268602178e+80 5.411204312310296e+81
200 5.102775650125099e+81 1.2577161089313e+82 1.0955529539992e+83 4.938410922836611e+81 2.181303380512414e+80 -1.330867982752044e+82
210 3.028226714977749e+81 1.242736700540851e+82 6.975263144166606e+82 -3.764886006566624e+81 4.23562073696036e+80 -3.879089442466448e+81
220 1.123506230360595e+82 8.658425548480445e+81 1.708606344219986e+82 -7.970359644926369e+81 -6.124599035000552e+80 2.39376463155916e+81
230 6.8709105064344e+81 -9.976731265593337e+81 -3.759146762607928e+81 -4.129108258379014e+81 -5.770282527023119e+80 3.838057677188507e+81
240 3.809676121054368e+81 -7.721997598215531e+81 4.40919874050036e+81 -8.423014903682436e+80 -1.753486738755073e+80 -4.885644922584523e+80
250 -1.653697025750806e+81 -1.590535739300161e+81 6.153483842862626e+81 -3.083013421952414e+80 -1.656234870810346e+80 -6.245690036634039e+80
260 -7.47633972773445e+80 2.182625894763038e+81 4.537094756690174e+81 -5.10592266685968e+80 2.6965426856136e+79 -5.163705734998474e+80
270 -5.914623683452013e+80 2.919087874004799e+81 8.38922082509128e+81 -2.10660929840815e+80 2.441697211980204e+80 -1.028271236455691e+81
280 -1.601368843578697e+81 2.310093760645289e+81 7.283584443776735e+81 3.641503731191873e+80 1.553333474344864e+80 -5.680224868174845e+80
290 -1.160365362611247e+81 1.527880942621e+81 4.221688753250496e+81 4.726804011355618e+80 8.419325186822819e+79 -4.541608529024121e+80
300 -1.415342150962109e+81 8.904370467999096e+80 2.324317159855091e+81 3.502377983638105e+80 4.940333210805471e+79 -1.89593380142874e+80
310 -7.717242111696134e+80 1.635986112102805e+80 6.597261784360267e+80 1.097695177820326e+80 1.017395701169628e+79 -5.539171138817914e+79
320 -2.068403486177253e+80 9.519631662909414e+79 1.140088325837896e+80 4.634608412741072e+79 -9.833026946966824e+77 -6.716338806203255e+79
330 -1.956977546014214e+79 1.020470078995221e+80 6.727714163312062e+79 7.927348437858833e+78 2.114064260006519e+78 -4.140761537710545e+79
340 -5.947061305806392e+79 5.928522621210299e+79 1.366427432492978e+80 -4.620913909757688e+78 -3.255236437116912e+78 -1.001049154601175e+79
350 -3.930043634797609e+79 -2.720528215799801e+79 4.772295508232084e+79 -2.639343888757859e+78 -2.049013550187445e+78 -2.796930388039461e+78
360 -1.486701029333998e+78 -1.823974231555622e+79 -4.140262558691372e+78 -8.109369610207875e+77 -3.578118530461555e+77 7.4701587625731e+78
370 1.517683521012766e+79 -1.856219711938517e+79 -2.094404126258616e+79 -4.348422459387097e+78 -4.014798026539965e+77 5.952992119544007e+78
380 2.178297393778718e+79 -7.854006983508683e+78 -9.846998245517584e+78 -4.975333770221772e+78 -2.122918002531969e+77 2.08405281358595e+78
390 7.224994984887313e+78 -7.204449807458263e+78 1.273893640232331e+79 -7.092263803275021e+77 4.180961047701815e+77 -2.703335624528747e+77
400 9.746678519894246e+77 -4.138369297270007e+78 6.236229761497985e+78 -5.103824931211768e+77 3.908604197109885e+77 3.031617412879252e+76
410 -1.010910303535006e+78 3.833348603789935e+78 5.941977333379173e+78 -2.401729071415819e+77 4.636256182913571e+77 -7.897273494278451e+77
420 -5.602083901251235e+77 6.926742150463582e+77 2.19347573460588e+78 -1.438333569266204e+77 -2.004518161847714e+75 -3.363367086173937e+76
430 1.378020369323675e+77 1.322038428258325e+77 -7.262778590828729e+76 -7.536957434888649e+76 -1.727358133596236e+75 1.401476227124466e+77
440 -4.305368779041504e+77 -1.027000756734189e+77 1.6693171307861e+77 -4.47093948028209e+76 -4.09475862795456e+76 3.769079397250259e+76
450 -1.729871308156271e+77 1.014246882878955e+77 1.657338323494482e+77 -2.148769219838757e+76 7.620958405522846e+75 -1.061603179807119e+76
460 -5.315471179421171e+76 -9.498081904625153e+76 -1.401743108770222e+77 -1.088884424934563e+76 2.847671632506854e+76 -1.258540528612233e+76
470 1.348563569441173e+75 -6.202564462654217e+76 -6.143998184546237e+76 -1.650000164564331e+76 1.053182058841159e+76 -3.094599890726681e+75
480 5.181421668923453e+75 -9.376239732718321e+75 1.664139262631331e+76 -1.00101024794404e+76 2.353927428128978e+75 -6.587489762659254e+75
490 1.854652677415203e+76 7.609985380100532e+75 -6.639719749688904e+75 -3.677280144153695e+75 1.980215664179272e+75 -2.05311091296107e+75
500 1.928344927128512e+76 3.347331035990889e+75 -5.512963012837576e+75 -2.105825079985224e+75 1.224891624646675e+75 1.211114761229125e+74
510 7.53537557557293e+75 1.388125777408702e+75 -1.077786139465909e+76 -1.375082062102536e+75 1.112003713709455e+74 -3.663877063028482e+74
520 5.67453759524841e+75 2.487957837197055e+73 -6.469444893230649e+75 6.738558667076641e+73 -3.51642503462489e+74 -2.91570235992399e+74
530 4.279673069875247e+75 -1.75263906202526e+75 -4.219630435308599e+75 1.132883459171659e+75 -3.625477547692381e+74 4.400316516639468e+74
540 1.148147534562177e+75 -1.876063383481018e+75 -3.006140084708966e+74 3.829672927569732e+74 -1.235720201773251e+74 3.225205421215813e+74
550 9.45079038897091e+74 -5.845232769478847e+74 -2.075587299911289e+74 3.409570706147801e+74 9.108886272521692e+73 4.622626396787359e+74
560 2.266838126143519e+74 -6.590451701773142e+74 -3.894737795463827e+74 2.015885334138837e+74 5.304102473929512e+73 2.115407814357553e+74
570 2.064792154230927e+74 -4.608097654151232e+74 -1.843761043607989e+74 1.071742554951911e+74 2.799983534175815e+73 5.636835362733949e+73
580 4.070806992634449e+74 -1.837798222980584e+74 -9.881342701544431e+73 8.59727807065633e+72 -2.809111698825659e+73 -5.580221898689097e+72
590 4.250197187525134e+74 -1.933609681591383e+74 5.644682588099694e+73 5.455287380083251e+73 8.377115284267639e+72 2.913172059655951e+73
600 2.41874211338855e+74 2.487900249026238e+73 -8.625489745453622e+73 3.13274777139581e+73 7.583518103972093e+72 3.509175411084721e+73
610 8.005011372642957e+73 1.874116313236431e+73 -1.783712139947981e+74 1.927800126670225e+73 5.822924272751612e+70 1.001407161340896e+73
620 6.981048334025265e+73 -1.642796567953973e+73 -8.7391052194714e+73 1.562458605254312e+73 -4.268493471539844e+71 2.296991269021735e+72
630 3.999543745651838e+73 -2.390567748112944e+73 -2.047038676751238e+72 9.176590502974009e+72 -6.479796193544738e+71 1.42297803473645e+72
640 1.102442129172674e+73 -1.000555477944617e+73 1.202615460471345e+73 1.436529648576081e+72 5.913031771375691e+71 1.159525125359904e+72
650 8.314464229993548e+72 1.460587252511914e+71 -1.481905431868011e+72 -8.219522842814781e+70 -1.878458618402647e+71 1.874349733081969e+72
660 4.533144160525047e+72 -1.537554057604978e+72 -5.010595550127663e+72 8.579854159420931e+70 -4.734413480306871e+70 1.124486706457309e+72
670 1.822056559127914e+72 -1.636952098059312e+72 -2.561027203463372e+72 4.033158089117389e+70 -5.434302717778645e+69 4.441348919976958e+71
680 1.031332332876867e+72 -7.488845169240821e+71 -5.584473054944852e+71 -5.570529059481747e+70 2.035315062815757e+70 7.913143652185449e+69
690 4.644574170316373e+71 -4.498129178993232e+71 1.044438974050177e+72 8.581760066609521e+70 6.943160681008063e+70 -2.956171757314724e+70
700 2.339480278182964e+71 -1.626715025222237e+71 6.895720637359175e+71 -7.595258473328757e+69 5.788019466237187e+70 3.022400631118513e+70
710 2.548869547884705e+71 8.115493331098351e+70 5.291473330019181e+70 -5.597807207913776e+69 -4.354614307932869e+69 2.863067925900636e+70
720 7.106460497874007e+70 2.64654497357601e+70 -2.295638450948196e+70 2.397613586946063e+70 -8.200909597144283e+69 -1.254259264449068e+70
730 -3.448690487383905e+69 3.183936882033257e+70 1.383654354197328e+70 2.723797565069536e+70 -2.860627358547828e+68 -1.767703269530975e+69
740 -7.317275535055238e+69 8.197250416001505e+68 1.241157160006385e+70 7.671802310221677e+69 -2.761150055805391e+68 2.40202681138809e+69
750 3.380742853105596e+69 -2.533947609055572e+69 1.656082472700706e+69 -5.434673402203677e+68 7.962720240233034e+68 3.41708237590322e+69
760 6.57067048780725e+68 -3.689489633243743e+68 -1.484707789584253e+69 -1.513766224134668e+69 6.333089021989917e+68 2.000152373720341e+69
770 -1.999513697846809e+69 5.519341324508461e+66 -1.104044449336487e+69 2.066178899209459e+68 2.380343616013942e+68 1.205350537323936e+69
780 -1.470425846007491e+69 -8.866182355655867e+68 -1.983120434716363e+69 4.030939028897084e+67 7.948905017802485e+67 6.048428755103397e+68
790 -4.740948351134938e+67 -9.578057693609052e+68 -1.125860792872509e+69 -2.075465756747117e+68 -4.96818584598392e+67 3.655484797653012e+68
800 5.929844109599925e+68 -6.9494116207907e+68 -1.213040746987613e+69 -4.859150609968297e+67 -1.145766217437118e+68 2.471752513882279e+68
810 4.038148495720889e+68 -6.023326477515536e+68 -7.583571986670088e+68 -1.002309497317872e+68 -6.064268022613818e+67 2.333040849753184e+68
820 2.205447181199567e+68 -5.477883915753e+68 -5.206895217041337e+68 -1.3075195470633e+68 1.182187949771182e+66 1.591151903476033e+68
830 -1.493260244300225e+68 -3.268038448592093e+68 -5.22975438584497e+68 -1.02458664995123e+68 -2.274414871654969e+67 1.195253903708517e+68
840 -2.152976688902896e+67 -1.172818461618945e+68 -3.141449250726846e+68 9.227821552236057e+66 -4.248928800685783e+66 5.473578126124376e+67
850 2.303653356946656e+67 -5.182916059607854e+67 -1.166922668976942e+68 9.172342967396646e+65 6.411192758104954e+65 2.172635849720033e+67
860 -5.116197784386205e+65 -1.974574631032206e+67 -3.088323735891005e+67 -3.19410272580159e+66 2.999871925017026e+65 5.731298349923804e+66
870 -6.093472643156592e+66 -7.18008039545817e+66 1.404423762664913e+66 -2.022246292198141e+66 1.094469514600482e+66 1.564896126721233e+66
880 3.193884821514746e+66 -2.348579904884498e+66 3.39277590241379e+66 -1.070120232732666e+66 7.006464276911459e+63 3.463044228621289e+65
890 8.752442470975179e+65 -1.132456453303402e+66 2.392520833543215e+66 3.779336208285929e+65 -1.687163525600036e+65 -2.142465775969529e+65
900 -4.109714032987385e+65 -7.276281224625726e+65 3.511699018695157e+65 6.560369488159484e+64 1.104695608256919e+65 -1.547927552171264e+65
910 4.075301035208819e+65 -2.71945910000542e+65 2.195585641588037e+65 -4.610890169482705e+64 -6.8038012142573e+64 -1.789069561142298e+64
920 5.603395822051253e+64 -2.067156403646197e+65 -6.955954476538937e+64 2.185351819734204e+64 -3.896867095023018e+64 9.360610571606855e+63
930 -6.217713223667395e+64 -1.079164011711369e+65 -6.734985481079421e+64 9.802534180804319e+63 -1.81832695596187e+63 1.108036119207538e+64
940 -6.752116444793975e+64 -3.449655253017067e+64 1.133543076977987e+64 1.077792936223678e+64 -3.97840047192793e+63 8.948222255524392e+63
950 -2.593797809990986e+64 1.033790621639833e+64 1.63923608457009e+64 -1.482262728052903e+63 1.390584721849107e+63 5.173943793869442e+63
960 3.093771510586136e+63 7.44251009721085e+62 -2.087433842354299e+64 -3.604987516734462e+63 2.798400638316982e+63 3.445578265585513e+63
970 -2.153819972455288e+63 1.042235666746649e+64 -1.660515020432136e+63 -5.01780029041809e+62 8.708150365919396e+62 -2.797995663703765e+62
980 -6.010645094000679e+62 4.268469617758501e+63 -4.715784172844674e+63 -9.530805008571479e+62 -5.301415014815599e+61 8.214786260459232e+62
990 9.982754035550957e+62 -1.877440892120987e+63 4.589069102083856e+63 -9.458472812641697e+62 -1.021730520015021e+63 1.710205627236865e+63
1000 -4.381900588911505e+62 -1.785548574719723e+63 1.43532184904372e+63 -6.575850961823671e+62 -1.090455423234063e+62 7.896308282836149e+62
1010 -4.299602720117814e+61 -8.720277779106749e+62 -1.290757981206731e+62 -3.389095605162728e+62 6.20803798572972e+61 1.817144040489658e+62
1020 3.844224382279906e+62 -1.21811633954272e+62 -7.556756487967274e+62 -1.022720803025344e+62 4.644983486422384e+61 2.735259107406374e+62
1030 1.448476049845017e+62 -3.475522707937223e+61 -1.70675252549832e+62 -1.147019263946089e+62 1.094666256382932e+61 4.310971650934817e+61
1040 1.980761180082606e+62 4.429045495337418e+61 -2.064688062375743e+61 -5.079082464792994e+61 9.315795468815075e+60 -5.264205895199355e+61
1050 2.110736572393463e+62 -1.701429245947274e+61 1.239611368068494e+62 3.392609567938302e+60 -4.482937665573127e+60 2.492213757468008e+60
1060 1.231088786976259e+62 -8.881118647761838e+60 8.290184767032492e+61 -3.81769613211248e+60 -8.377760314102153e+60 1.137193689930449e+61
1070 9.815886267567319e+61 -3.487985115385733e+59 5.737981545618956e+61 5.526996440445607e+58 -3.452375674641314e+60 1.362823459328863e+61
1080 7.812974735038972e+61 1.057182284787211e+61 5.385890624800969e+61 -4.4541092652194e+60 -1.869993103976159e+58 1.859104171819124e+61
1090 5.804321334776404e+61 8.782377656638189e+60 8.261288341700214e+61 -6.157198294493306e+60 -4.954088670073324e+59 1.079260910298047e+61
1100 3.96763685958853e+61 7.726945313445326e+58 7.256122800773474e+61 -1.209097520778384e+60 1.301138989396796e+59 2.731713986140275e+60
1110 2.675795095304783e+61 1.054799099823487e+61 4.354553270975497e+61 -1.494860531859469e+60 -9.248927471575743e+58 3.611634030489624e+60
1120 1.836904054434718e+61 1.15547535073237e+61 2.728753790026316e+61 -4.438386640375549e+59 6.046710866359092e+58 4.089944469225882e+60
1130 2.293087858050394e+61 7.509170566223427e+60 6.415878613411684e+60 -6.348110709184371e+59 -4.310003846790361e+59 5.971533152679647e+60
1140 2.043043120252843e+61 1.373645420480662e+60 -6.366566500253026e+60 8.166826385790704e+59 -7.410498894831834e+59 6.5741406480969e+60
1150 1.708320618864031e+61 -2.994140602945662e+60 -1.404643003664943e+60 6.25956431642087e+59 -5.685791843065096e+59 5.182759465809248e+60
1160 1.419532875979937e+61 -4.853928699364647e+60 6.274841646325257e+60 -4.740020486019975e+59 1.026139074976259e+59 3.38448225480515e+60
1170 1.135194691968105e+61 -4.677892653332209e+60 1.074671838400429e+61 -6.709973877752478e+59 2.01680750236199e+59 1.893919426192216e+60
1180 1.020994180461498e+61 -2.065062235118588e+60 9.362060361220221e+60 -1.138548664246885e+60 3.820193254809458e+59 1.737156854158248e+60
1190 9.331740911923377e+60 -1.026944458081841e+60 6.841715951835755e+60 -8.810817011255832e+59 1.760183098807485e+59 1.113098626022427e+60
1200 5.745010617085925e+60 -1.655691388269868e+59 6.033382163652705e+60 -3.215394166864568e+59 1.049229499482099e+59 4.84399397318831e+59
1210 2.232111511274284e+60 1.53624289674821e+60 3.540058301016975e+60 -1.05659117366864e+59 -1.027067424756228e+59 5.042146031467118e+58
1220 1.690153692903205e+60 8.202612601546153e+59 1.466917877196002e+60 1.284891385109689e+59 -1.465285970462937e+59 7.312156280480428e+58
1230 2.293628766545521e+60 1.00608470268646e+59 6.963935297103476e+59 1.170234494677775e+58 -1.553139463485724e+59 3.549550688427621e+59
1240 1.702083840388112e+60 -2.488394679171663e+59 7.183897052031715e+59 -1.554618775319189e+58 -2.738604962968965e+58 4.444575695025314e+59
1250 1.604989022224715e+60 -2.944603776991055e+59 8.106930601883084e+59 -4.325781461996941e+58 -1.984558829228412e+57 3.844365473805464e+59
1260 1.237687313539623e+60 -6.49693307674453e+58 5.944744856166176e+59 -1.186522485018537e+59 -2.13373780671703e+58 2.557468381516322e+59
1270 9.74471089232824e+59 7.523034690555597e+58 1.690020679876722e+59 -1.335402326519814e+59 -4.993822344333755e+57 1.587872618618345e+59
1280 6.395273791978036e+59 1.34010834955812e+59 -9.061260090350217e+58 -6.535384132045551e+58 -1.260776186232592e+58 1.178886751284244e+59
1290 4.11775414654184e+59 1.627458772570494e+59 2.22483857166341e+58 -3.53575350471978e+58 -2.197164598869489e+58 2.122732850102612e+58
1300 2.26987979054358e+59 3.919816819534346e+58 1.655205287856183e+58 -1.959911743576057e+58 -5.933513088834195e+57 4.347107200779239e+57
1310 1.63545640665443e+59 4.13294137457487e+58 -1.829752937072089e+58 -5.696046598840641e+57 -3.936313699025961e+57 1.251382998989245e+58
1320 9.854632726036801e+58 2.212265155953307e+58 -8.050173724640123e+58 3.77659704615289e+57 -4.79493250003917e+57 1.635321424889918e+58
1330 4.825151840391295e+58 -9.086456128757998e+57 -6.726219069665545e+58 4.785033072457523e+57 -1.994209547415902e+57 1.371402716226622e+58
1340 2.268063827129987e+58 -1.316741966886027e+58 -2.273953684269809e+58 2.459540599617124e+57 -6.562678568640618e+56 7.072983248088233e+57
1350 1.00987116218955e+58 -3.902886621105836e+57 3.74868296527106e+56 7.831145407691197e+55 3.671320369422978e+56 5.323652786248011e+56
1360 3.354021369757763e+57 -2.814771597157721e+57 1.395671863649101e+57 -6.370035018618554e+55 2.583944744590675e+56 -1.465908875659263e+56
1370 -2.478075151569142e+55 -2.359422012815352e+57 -1.706731967987e+56 -6.800781034506825e+55 -2.88657957760479e+55 6.860053159048816e+56
1380 5.336812002292677e+56 -7.692487028326608e+56 -6.23557681573732e+56 -1.622258113249481e+56 3.161914016370029e+54 3.411834686926099e+56
1390 5.818932221830073e+56 8.268319319194942e+54 3.44286765317796e+56 -1.102897947914994e+56 1.579284785458514e+55 1.695483815078751e+55
1400 2.214565029221517e+56 7.288376013802106e+54 2.868876946231759e+56 7.463072743504384e+54 1.196051310464593e+55 -4.264898527947785e+55
1410 -1.308875246739808e+55 2.818684409349978e+55 3.499374899182553e+56 -1.179944278451395e+55 1.574897896084846e+55 -2.193914489719702e+55
1420 -1.899399977764218e+54 -3.643500242396871e+54 1.64050940555863e+56 -8.119107937254947e+54 9.813737263385111e+53 -8.398581908824349e+53
1430 1.517506904937068e+55 -1.602795357233034e+55 6.060803320896795e+55 -2.26985961309267e+54 -2.663821661060363e+52 3.575102570775593e+54
1440 2.77560196466792e+54 -1.808038015064024e+55 1.949024633901701e+55 -1.107653298644167e+54 3.248206909282487e+53 1.411040297488016e+54
1450 9.218909212864535e+53 -1.060490641350507e+55 3.008692944783201e+54 -7.471011490857556e+53 9.333999519383825e+52 1.410682670502883e+54
1460 2.843611780707666e+54 -3.500313181036002e+54 2.417438395990328e+54 3.090146425350508e+53 -2.657493781621033e+53 7.718600513150003e+53
1470 4.258549463188476e+53 -2.426190311751337e+54 -2.424821481062048e+54 1.632465729137042e+53 -2.228198184387747e+53 9.167779187043197e+53
1480 -1.317273892756248e+53 -1.884621585314455e+54 -2.287922325180009e+54 2.323120046906672e+50 -1.139991204814335e+53 3.901839039375701e+53
1490 7.41113127777917e+53 -6.129881250987421e+53 1.018555931085064e+53 -1.853664292146053e+53 -3.611416031366498e+52 -1.675585737713647e+53
1500 -3.689155927575321e+52 -1.497856322874179e+52 4.115382823230807e+52 -5.408547752352465e+52 2.983857419732298e+51 -4.742045080099158e+52
1510 -7.307569813835822e+52 3.036001667990661e+53 2.811018518851993e+53 -8.667536559244764e+52 -3.737566907628975e+50 -2.250819697395875e+52
1520 2.77161618667771e+51 1.039898123751383e+52 2.496447486143224e+53 -1.104158553741036e+53 1.280991633220585e+52 -1.393043873740057e+52
1530 -1.449303488726451e+53 5.687469925885716e+52 -1.147550916633425e+53 -7.040510222231734e+52 7.902223459928211e+51 -1.279707326468553e+52
1540 -2.16334173865846e+53 6.035044293891198e+52 -1.910916632236569e+52 -2.205958275836749e+52 -3.45784803120197e+51 -1.860041071441311e+51
1550 -3.310045997265623e+53 4.96804357086863e+52 9.090539463187857e+52 -2.625732738779144e+52 -4.699161746218417e+51 1.803518519537596e+52
1560 -1.703219653330835e+53 4.296971276086438e+52 1.634290954710375e+53 -1.515181622063874e+52 -3.894954423991885e+51 2.498973230024231e+52
1570 2.484202164130919e+52 4.937485487824912e+52 -2.546852774200128e+52 -1.63796183617171e+52 3.998606699039918e+51 4.281314544975992e+51
1580 -1.369063833299498e+50 1.851641095565488e+52 -5.84494248275175e+52 -1.136107881279466e+52 4.756322262385816e+51 -7.607770199061333e+51
1590 1.493939778015413e+52 -2.046401791429438e+52 -4.049610958343133e+52 -6.217933786429451e+49 2.197189151617225e+51 1.297947810337248e+51
1600 1.136461006582009e+52 -1.850885333890442e+52 -2.088818301321225e+52 3.275920448609991e+51 4.495629444123172e+50 2.857172900746066e+51
1610 -2.464213570947126e+51 -1.092960823323827e+52 -1.230432519421904e+52 2.839246341847074e+51 -2.800756003148028e+50 1.259448434690337e+51
1620 -3.895145011172976e+51 -8.089962389320623e+51 -3.347254337147787e+51 2.233691313947797e+51 -4.037506496296164e+50 1.027286151625444e+51
1630 3.480123229807359e+50 -5.914256209360124e+51 -7.729905477389957e+50 -4.550937924984643e+50 6.121254396477387e+50 3.428581943541908e+50
1640 3.149115410525794e+51 -3.84864111183145e+51 -1.094475232524381e+51 -3.335595938739736e+50 4.812935321024556e+50 4.445351646228626e+50
1650 3.081027508809423e+51 -1.234983478812551e+51 2.745589613066682e+50 -2.854359250944654e+50 1.577274086972582e+50 2.889553977272948e+50
1660 2.110987334368307e+51 7.874199574617196e+50 7.942715420714117e+50 -2.852850131759162e+50 -3.299122292364234e+49 1.696267062871529e+50
1670 2.347819230756588e+50 1.06902465474522e+51 1.174930135541381e+51 -2.491805940122355e+49 4.609893271654117e+49 -1.872926274203721e+49
1680 7.176383873714467e+49 2.987269861681951e+50 9.142635659378169e+49 -4.098531621724845e+49 4.68022375334027e+48 3.940954534018344e+49
1690 1.864675203649635e+50 1.54264032655286e+50 -1.149420717752859e+50 -2.454005518952796e+49 1.476268573277203e+48 2.227432139852134e+49
1700 4.473167868093673e+48 9.422778844256025e+49 -9.179101254563549e+49 -2.622165580054797e+49 5.87378796724059e+48 -5.42139042960281e+48
1710 5.384293386321263e+48 3.404361193528588e+49 -3.288909916975235e+49 -3.621697282304649e+49 3.724384182910364e+48 9.090199009439842e+47
1720 -2.726700630756601e+49 2.976284536275472e+49 4.097560326444708e+49 -3.291501967289368e+49 2.212329922504302e+48 -4.521579762408887e+48
1730 -1.178297382753018e+50 -3.625949902882216e+48 2.737516245868814e+49 -1.723632398204201e+49 3.77222524881108e+48 -1.374375169581867e+48
1740 -1.284031132567383e+50 -2.210036701019272e+49 -3.824307435322736e+48 -1.421979524880081e+49 2.386365269242889e+47 4.966610375415958e+48
1750 -1.214997274935402e+50 -5.766983718319105e+49 -8.713153289095407e+48 -1.864528394343168e+49 -1.445085885445575e+48 1.383780276515465e+49
1760 -9.647115356924737e+49 -4.43271529898753e+49 -2.926843226743456e+49 -1.525859171484887e+49 1.840736033796613e+47 1.305095285358159e+49
1770 -5.489264676870048e+49 -4.378337176280779e+49 -3.625214614646779e+48 -1.376375127598997e+49 -3.165958533713922e+47 5.631530679270197e+48
1780 -2.192768670924086e+49 -3.132369567607682e+48 3.43801818973839e+49 -6.079766033814759e+48 -5.00900930753759e+47 -7.074100297253448e+48
1790 -2.042519911481739e+49 -8.189610746894524e+48 1.937218330095637e+49 1.202117830610811e+48 1.747784313930187e+47 9.079104056768652e+47
1800 -6.045387759004127e+48 -1.558855131365864e+49 4.001073966280799e+48 -1.352383149009675e+48 -7.246583917145974e+47 7.098618331730084e+47
1810 -3.559932293001654e+48 -8.856561758186615e+48 -6.819189893203895e+47 -1.858456072145746e+48 -6.455370999491246e+47 -9.53700731086757e+47
1820 -4.602076382045338e+48 -2.789694840046158e+48 3.257933824258809e+48 -4.476775784224524e+47 -7.245816428634967e+47 -1.723172119173417e+48
1830 -1.985135504767227e+48 2.449306964312162e+48 4.548539610002382e+48 7.527103574959285e+47 -6.415693848234515e+47 -1.399919125103517e+47
1840 -1.189062262831878e+48 1.365852246664914e+48 5.449357820311461e+48 3.448927343803721e+47 -3.272044428096458e+47 -3.886139725869124e+47
1850 -2.133915516440255e+48 1.849889893909319e+48 3.508703769555551e+48 4.36759888956311e+47 -9.397194319943244e+46 -3.469104286187293e+47
1860 -3.097785623543069e+48 7.192998991473973e+47 9.099504823568166e+47 3.634920936472517e+47 -1.662402691768712e+47 -2.679238135492366e+47
1870 -1.541027013705625e+48 3.318619239598928e+47 2.093707933111699e+48 4.00791080347755e+47 -1.223075789807927e+47 -1.933204930677128e+47
1880 -2.202342721695214e+46 1.785435111426496e+47 1.00021825507267e+48 3.711313514573085e+46 -5.20712614271964e+46 -1.503172214522499e+47
1890 5.942068614113899e+47 2.670682885714471e+47 1.480922696576559e+47 -5.302597854632258e+46 -5.457009893771524e+46 -6.096550413199148e+46
1900 4.358945737307612e+47 1.790886780064964e+47 -7.362802269157849e+46 -2.315730074158313e+46 -1.01554391058151e+46 1.428140786814852e+46
1910 2.525084588824103e+47 -5.531984329436996e+46 -2.674564601429403e+47 1.502560730246385e+46 -2.551975780691103e+45 6.526949733205267e+46
1920 1.510210104670555e+47 -1.514560516948801e+47 -2.601408582425923e+45 1.952948396728696e+46 3.451590202247071e+44 2.857396562987917e+46
1930 1.138301488261841e+47 -1.781928558115392e+47 6.118810640980543e+46 1.227239297517237e+46 6.328140551760081e+45 2.270471949351577e+46
1940 6.958557692613352e+46 -1.085484842555764e+47 6.119935102272498e+46 1.761806519467808e+45 8.172153301809067e+45 1.159012178256731e+46
1950 4.836665801885474e+46 -7.90318328119719e+46 8.949960083176625e+46 -8.465327787581331e+45 8.342340036802108e+45 3.591398262460989e+45
1960 1.699987086489235e+46 -5.049140018315242e+46 4.470890503726766e+46 -9.805407937853629e+44 5.68502912451349e+45 3.018097473062955e+45
1970 -1.734606768850593e+46 -2.203211348628437e+46 3.454111566562614e+46 2.840737729249786e+45 2.926025329308582e+45 -7.453448398447238e+44
1980 -2.653124949067112e+46 -1.122973175933114e+46 2.116927052518929e+46 4.870814082669681e+44 5.853871567800831e+44 -1.506261871795265e+45
1990 -7.532815026499877e+45 -7.972866539221805e+45 7.249686556696362e+45 -3.029930752144684e+45 -3.578346706814945e+44 -1.154243412418999e+45
2000 4.852391686156262e+45 -3.832879049281117e+45 7.17824518307354e+45 -1.086372024151986e+42 -3.001021795465021e+44 3.185907074832226e+44
2010 3.513399247890738e+45 -3.765500131852279e+44 2.827821408018353e+45 5.053787016813851e+44 -1.657123431052069e+43 6.079091785312575e+43
2020 2.038558498809728e+45 8.461517670770818e+44 1.586086010857233e+45 1.176265837488184e+44 4.179665165511025e+43 -7.3508572682677e+43
2030 3.530843937161816e+44 3.714958918580058e+44 3.353052505506592e+44 -7.1942819714251e+43 -1.491766855836828e+43 6.021344168141241e+43
2040 5.955525866933268e+43 2.198401524097819e+44 -2.153882557230383e+44 -2.436115813075083e+43 5.843293880548686e+41 7.795979186050536e+43
2050 -3.805544992078279e+43 8.260618089968841e+43 -1.270602552057526e+44 6.575214045741917e+42 2.260437289596859e+42 1.651919452579567e+43
2060 -4.22584952503823e+43 -2.887423278565626e+43 -1.0408924336289e+44 5.05539833946875e+42 5.525255157861618e+42 -5.993146627260638e+41
2070 -1.527282038472019e+43 -4.558955127788565e+43 -5.971065736832119e+43 1.254004335388379e+43 8.579048986936398e+41 1.990969587279356e+42
2080 7.963051885878796e+42 -3.370075418491534e+43 3.147768868605016e+43 4.959913628037512e+42 1.476913736646648e+42 -1.16615689481246e+43
2090 1.948539212724723e+43 -9.246326146023465e+42 4.584533364628016e+43 -3.537275284659349e+42 -1.044971220584906e+42 -8.18948902114958e+42
2100 1.414553399121635e+43 -2.594965441308062e+42 3.518392285748554e+43 -1.153378833094172e+42 6.435346253101791e+41 -2.655035670340084e+42
2110 -2.438255580343188e+42 -6.042550294800387e+41 3.159799026469231e+43 -1.4767562035738e+41 7.596794159857427e+41 -8.490779618925609e+41
2120 -9.898322889804251e+42 -2.730285655883454e+42 1.602220214511732e+43 -7.897968925607304e+41 3.94117040110653e+41 1.696280755249181e+41
2130 -8.535039906234108e+42 -4.797627659869861e+42 1.170469519264415e+42 -1.264808952114538e+42 -7.257467941327178e+40 1.42036867015357e+42
2140 -1.785761237435472e+42 -2.744633632957124e+42 -1.429478187661023e+42 -8.093507278862854e+41 6.395435028344363e+40 1.122095056632352e+42
2150 3.175908690549957e+40 -1.666695148712057e+42 -3.244670550883121e+41 -1.525881537450685e+41 7.398790283511038e+40 1.907349292561631e+41
2160 2.381171701617814e+41 -6.122996975605006e+41 5.391988668172045e+40 -5.650879954630326e+40 2.403728018133498e+40 -7.628643039375746e+40
2170 3.093940097881467e+41 -1.505561590043354e+41 3.60305398168075e+41 -4.01883583853572e+40 -1.245740715496419e+40 -3.924345084392028e+40
2180 2.367648168427433e+40 2.768987214106461e+40 2.029043206789366e+41 -1.237684132829946e+40 2.939871210489239e+39 -2.58090111126481e+40
2190 -2.565819751226188e+40 9.052785120271766e+39 8.065450108604966e+40 -1.268965973839398e+40 -5.538276841645637e+38 -7.97369958691089e+39
2200 1.817077903913588e+40 4.277460668370998e+40 4.370346674674118e+39 -2.997874729274495e+39 -1.714846230201011e+39 -3.83297908261451e+39
2210 1.239788741656699e+40 2.119995136647069e+40 -1.886756739844393e+40 -4.368579449365501e+39 -1.187991203423833e+39 -2.143614651089909e+39
2220 -1.696542402217483e+39 -4.088491583867686e+39 -3.092208759918719e+38 -3.968115108881169e+39 -2.176114288984006e+37 -2.304604362468452e+39
2230 -8.0214329195127e+39 -7.511646631052404e+39 6.933536625817208e+39 -5.20771928055073e+38 1.407238174974561e+39 -1.201152546823295e+39
2240 -6.277000893981808e+39 -3.94990291285989e+39 1.544270026443591e+39 1.022896969935408e+39 9.236861512230061e+38 -2.767725597866917e+38
2250 -1.217840075280055e+39 -6.010271122077934e+38 -2.004869344556469e+39 4.400441333775494e+38 4.077837020953184e+37 2.162785658897295e+38
2260 -4.950359802791002e+38 -1.179910415360343e+38 3.866481027444483e+38 7.936687801341463e+37 -6.165149847257625e+37 -6.612107207463715e+35
2270 -2.420135447569691e+38 -4.756994331642325e+38 -9.136100614540443e+37 -2.283374750664942e+37 3.130528761895932e+37 1.481116264359475e+38
2280 -8.438853773340054e+37 -2.674845227697116e+38 -5.921883024430328e+38 -2.673079280498311e+37 2.720933772485346e+37 3.70187589361738e+37
2290 3.424687285854175e+38 -1.835433485118708e+38 -2.298102137290209e+38 2.281204797003581e+37 1.37263893913886e+37 2.013781583958144e+37
2300 3.291008855696739e+38 -1.415562097172702e+38 3.108345298001714e+36 3.91014604568912e+36 5.942634690537315e+36 3.209858956661111e+37
2310 2.558149931673585e+38 -9.835639446663413e+37 -2.991273793644901e+37 -5.928380411204791e+36 -8.516665915895306e+35 3.266550670493331e+37
2320 1.367119648271644e+38 -9.0102506188907e+37 -4.170679861689466e+37 2.149129229059637e+36 -1.132899968160781e+36 3.350029061321466e+37
2330 3.122679997470247e+37 -5.806964830441642e+37 -7.150823784164376e+36 1.264593603773836e+37 -3.702602505909465e+35 5.172298635053368e+36
2340 -1.805241021818072e+37 -1.664611116313911e+37 2.69653085266034e+37 9.758588110261601e+36 1.363652108443627e+35 -5.093597216771809e+36
2350 -1.566085764364211e+37 -3.899514964693275e+36 2.971691807270048e+37 3.230097878455654e+36 -9.639515489207434e+35 -3.562454343400742e+36
2360 -5.396377012582538e+36 -2.586483478010493e+35 1.945014378704845e+37 -9.29509638656676e+35 -9.268891171138025e+35 -1.528417269861646e+36
2370 -4.195211327683675e+35 7.3375063785903e+35 9.977116306278581e+36 -3.761137253724841e+35 -3.870407435082182e+35 -4.399424740860703e+35
2380 9.12556370915861e+35 5.365412425581807e+34 3.985608985957562e+36 7.55900659782201e+35 -1.219605922378362e+34 -1.399032936196347e+35
2390 9.584051189281419e+35 -1.065413233458415e+35 2.043043475583967e+36 3.883018679911932e+34 2.218530458836068e+34 -2.780862641010635e+35
2400 1.522490899136344e+34 9.333944159464401e+35 1.961835703045536e+36 2.950037656869355e+34 -4.676011592729768e+34 -4.701163803246497e+35
2410 -4.725815488275143e+35 3.655755159102254e+35 1.223939500073733e+36 2.10802161815942e+35 -6.259283620196732e+34 -3.719830728457596e+35
2420 4.080032454216937e+35 5.153099512282476e+35 4.529955316244327e+35 2.967643433531113e+34 -2.978871764977379e+34 -2.476238931001179e+35
2430 6.389759020050718e+35 3.302905281001835e+35 3.579059689398962e+35 -4.347808595120185e+34 -2.270340860504647e+34 -1.255111048045489e+35
2440 2.364595788033436e+35 1.296647700257512e+34 -4.483267368355973e+35 1.091013740545159e+34 -1.476144492108039e+34 -5.758530398084668e+33
2450 5.840141932037913e+34 2.105789230656999e+35 -6.116943656723487e+35 2.255234036659196e+34 -2.708624048094014e+33 6.290947690318322e+34
2460 3.024261085656408e+35 -1.478231555441835e+35 -3.545692167143954e+35 -7.738605945182491e+33 1.092437625801165e+34 9.639079542874437e+34
2470 3.77525107442162e+35 -6.519052114886102e+34 8.703977992439867e+33 9.247888568123653e+33 6.874194947547902e+33 3.333241665710174e+34
2480 2.691752806900663e+35 2.422634677020882e+34 1.547169610691974e+35 4.054229965215857e+34 6.547521885528347e+33 6.244414513233561e+34
2490 2.015108614537849e+35 1.274652745891063e+34 -3.60431123198306e+34 4.17527769232646e+34 -6.552001849745847e+32 9.275085149553075e+34
2500 1.315765666198368e+35 -1.291088813220016e+34 -6.158945401759626e+34 4.316054206975101e+34 -2.146730244744183e+33 7.568837800790414e+34
2510 8.633961617983866e+34 -2.794188717136893e+34 -2.583462612908356e+34 1.764206951703129e+34 -2.269001676480694e+32 1.911197021861079e+34
2520 5.379089381917944e+34 -3.626294723166012e+34 -3.848711148494058e+34 -1.275011019422057e+33 2.565861813967851e+33 7.961493522497835e+33
2530 5.807413119681796e+34 -8.721287826510429e+33 -2.630496174239671e+34 -4.918216001661123e+33 2.787683117619403e+33 2.61641170759e+33
2540 2.483357776181855e+34 -1.484046922015015e+33 -1.484414793652695e+34 -3.460636208108395e+33 -8.880987561022734e+32 8.384326182759653e+32
2550 4.892602311257251e+33 8.188550385762483e+32 1.024884775596908e+33 -1.763702899284689e+33 -3.698625369356794e+32 1.148474310195093e+32
2560 4.72387009879803e+33 9.510965958048297e+32 2.522516359531802e+33 -7.813155972317352e+32 -1.426337500452674e+32 -2.877651828905951e+32
2570 7.253227520794943e+32 -3.01426345992682e+32 2.32326645605615e+33 -2.379495796813842e+32 1.566839365691677e+32 -4.197938926557276e+32
2580 -7.259417445063238e+32 6.403221152935852e+32 2.468760696868018e+33 2.767144967547422e+32 1.634141105129548e+32 -1.141982167563194e+32
2590 -6.531585718306963e+32 7.136372053603982e+32 9.649161952708212e+32 1.768434040704764e+32 1.134716453147441e+31 -1.146457827136852e+32
2600 4.071104463264497e+32 8.153910365568021e+31 -3.224292671582447e+32 -2.925890986899527e+31 -3.413799156847976e+31 -1.713411030640988e+31
2610 2.610072526193199e+32 -5.447750251582425e+31 -3.789625129339778e+32 1.639752780967601e+31 -1.642931823971363e+31 5.674835727262289e+31
2620 7.499334662388578e+31 -4.511038579164333e+31 -1.386031765524721e+32 4.89073318415289e+31 2.821047427915014e+30 2.203393579717648e+31
2630 1.094890910082651e+31 -1.657599347558742e+31 5.111157250677003e+30 4.801665696165183e+31 2.03298536112938e+30 3.933455416398615e+31
2640 -2.519712063235899e+31 -2.786108633795685e+31 2.193502904502416e+31 2.596076837703941e+31 -9.368339118505404e+29 2.4390208719921e+29
2650 -4.554318126576953e+31 -1.514897783040646e+31 2.729000976375802e+31 1.035576391660666e+31 -4.383747915269043e+30 -3.592918944460639e+30
2660 -2.193244108477557e+31 -1.328759012654573e+31 -1.412842810003363e+31 2.482773264798489e+30 -3.14510209416287e+30 3.59284166159454e+30
2670 1.813564021639336e+31 -3.416530929206938e+30 -2.660613074137103e+31 -1.941429557891976e+30 -1.266144970464357e+30 4.317877407140069e+30
2680 1.755403468919864e+31 1.863836097307305e+29 -1.219519141476551e+31 -2.857943814768865e+30 1.941975822331642e+28 1.725625482861418e+30
2690 1.3592182707536e+31 -1.168940536353761e+30 -9.020558778379018e+30 -1.876426979808215e+30 1.017563839646279e+29 1.181721387778376e+30
2700 9.201092271130146e+30 -3.357314724293954e+28 -3.006190414250601e+30 6.711944600425988e+28 -2.579087468432287e+28 1.65943975543278e+30
2710 3.730584902777869e+30 7.799376019876279e+29 -1.052886376216151e+30 9.983687717348849e+29 3.583592104938867e+27 1.089183344977524e+30
2720 2.59193164312506e+30 2.572239797087355e+29 2.295429684456408e+29 8.426295737559352e+29 1.952629803157562e+29 1.031628652147481e+30
2730 2.105372560860627e+30 1.187780897875879e+30 2.738890990502467e+30 2.067461135503955e+29 1.274971713209508e+29 6.267169387336382e+29
2740 1.388510896494215e+30 8.377445285351195e+29 1.248308535122209e+30 9.513240473653053e+28 -5.621338955194169e+28 8.804768295549903e+28
2750 4.030358168940311e+29 5.708684562854575e+29 3.108034664504183e+29 9.604222541640367e+28 -4.436600008083942e+28 1.02772522761867e+29
2760 -2.409513812686099e+28 2.47581018504312e+29 1.379812699471137e+29 1.266967730391612e+28 1.411573960316779e+28 8.176215508902553e+28
2770 -1.878706404658413e+29 5.299675818515538e+28 4.719759887957288e+27 -5.085194697398057e+27 1.512862385226725e+28 3.533176246783146e+28
2780 -7.152955172801657e+28 -1.762387223328917e+28 -6.302930968301334e+28 -1.100618310043125e+27 6.545032948764838e+27 4.204861982426994e+27
2790 -2.009890526993805e+28 1.082421265137363e+28 -4.203704785141641e+28 -6.182741347094291e+27 2.842048803558314e+27 9.598294649429986e+27
2800 -3.016787780303728e+28 4.919842601098076e+27 -7.996351375300616e+27 -6.385266829378355e+27 3.511395464798987e+27 5.420512113942479e+27
2810 -1.005169222573833e+28 1.481938428562089e+28 1.410597447334196e+28 -5.429196351519177e+26 5.865122176507954e+26 2.149516116802815e+27
2820 1.249222464981392e+27 1.016252180834079e+28 6.273636628604228e+27 5.717071812889216e+26 9.477568049170374e+24 -4.534361257274461e+26
2830 2.858950976338041e+27 3.596544900839038e+27 -1.848577877508717e+26 3.719855910734839e+26 1.368501899390896e+26 -2.892802169072154e+26
2840 2.503275448295824e+27 1.267666447979324e+27 6.770694015657105e+26 3.109149823327779e+26 1.085713089212223e+26 2.044554150282206e+26
2850 3.685233614301031e+26 -6.144263988525644e+25 2.409362980245089e+27 1.423060085045226e+25 4.41953874515387e+25 2.385793729754551e+26
2860 -9.426126342596408e+26 1.724777255137618e+26 1.095233855651728e+27 -1.57672270999333e+26 -2.860242424264123e+25 7.376448821544459e+25
2870 -6.230804939128554e+26 1.467285005777687e+26 3.751870161546211e+26 -9.9936219935824e+25 -1.137534632072358e+25 4.699762763144198e+25
2880 -2.076068853663609e+26 1.491982133945118e+26 2.605901252927154e+26 1.284601386823672e+25 1.832270450600024e+25 6.708443019170771e+25
2890 1.906577982428737e+25 6.505940108529085e+25 1.666460052713651e+26 3.252892118828778e+25 7.353999158654122e+24 2.692926575959787e+25
2900 4.883379119821496e+25 -1.199129538749263e+25 9.464332595306667e+25 1.149507859319226e+25 1.15428464020216e+24 6.741709415304213e+24
2910 2.249243398143737e+25 -1.022021583614657e+25 6.05799476007023e+25 5.542750913942829e+24 1.475701385609752e+24 6.755696099728273e+24
2920 2.927793736320273e+24 -4.887565965007451e+23 2.790397913769804e+25 1.087168510635917e+24 8.213311068168321e+23 2.66352884025482e+24
2930 -9.603140219171058e+24 5.888432503702846e+23 5.267262624781935e+24 -1.189752798603399e+24 -2.592730992036114e+23 5.418749973663727e+23
2940 -2.888342132908317e+24 2.610406368644338e+23 7.890985667886395e+23 1.229083897777581e+23 -1.47535022816343e+23 3.338576483515304e+23
2950 -3.174557910315984e+22 -1.066641123612142e+22 1.104943646808932e+23 1.173589889634116e+23 1.816114844102052e+22 -4.523886730550464e+22
2960 -3.612611021457471e+23 -1.826006956517384e+23 7.201443549506793e+22 3.294008456308862e+22 -1.976096604092782e+22 2.175701131961557e+21
2970 -3.016411513796921e+23 3.115632408577644e+22 2.921199313089613e+23 2.662904873902278e+22 -1.050212924557056e+22 -1.087244141420474e+22
2980 -1.460266061363524e+23 3.494216310346803e+22 2.907011749917719e+23 -7.752274214833902e+21 -4.376561528918378e+21 -4.935645833306535e+21
2990 4.114611032758274e+22 -5.385212709273192e+22 1.185613247323235e+23 -1.888383849219864e+22 -2.930587025550883e+21 1.367578397811122e+22
3000 1.454449295347372e+23 -3.942343101347145e+22 -3.6906456274456e+22 1.686158974970502e+21 -2.795816764785118e+21 1.071391888616192e+22
