"report"
"Iteration" "cd-scale etc.."
("Iteration" "cd-scale" "cl-scale" "cx-scale" "cmx-scale" "cmy-scale" "cmz-scale")
10 0.1648103557383588 0.0497091179475717 -0.001552559164719653 -0.01793883281398796 4.224645674819168e-05 -3.818602840728987e-06
20 0.1718658355759244 0.04736008838896653 -0.0009784249016310713 -0.01565098588425651 0.0004065194351006544 -0.0002784956882020522
30 0.1676831577303547 0.04077676817205618 0.0008506735974253907 -0.01629889029127697 0.0006766462958730624 -0.0001917976960923705
40 0.1668792116928065 0.05186805257962907 -0.001500488788364565 -0.01805548142568573 0.0004948854853683473 0.0001784894170708239
50 0.1638579129637468 0.04658499231240878 -0.003295355601035908 -0.01397068279119575 7.844483884178737e-05 0.0002518899940898269
60 0.1639200509513853 0.04147286098323996 7.671984595767892e-05 -0.01216164322864238 -1.399931462518015e-05 0.0003325046665085926
70 0.1630972224949044 0.04276687957804696 -0.0003527361445959698 -0.0127012875236328 0.0004827443731768969 6.378699455765378e-05
80 0.1621796957972786 0.04397403431301246 -0.001723356033617482 -0.01365361514606321 0.0005005906463772179 -3.692438482255832e-06
90 0.1619714596276471 0.04473374265992999 -0.001714611959666632 -0.01455932648039751 0.0001455749010062027 0.0002530688677496412
100 0.1618961458933969 0.04535060563249028 -0.001016347726089796 -0.01490795768182417 -1.283150641785178e-06 0.0003169273287192762
110 0.1618052897558859 0.0456979604591092 -0.0001637249133480292 -0.01504750994840749 4.95870248784097e-05 0.0001930411230861466
120 0.1618491526928569 0.04580666995604531 0.0003286773220972459 -0.01512167549205347 0.0001330025855964422 7.12546167396438e-05
130 0.1619892285026759 0.04585642378987733 0.0004275044241682429 -0.01520003283636785 0.0001585021520049425 1.444260642260226e-05
140 0.1621042617711504 0.04584134253722183 0.0003478999783592594 -0.01525870781122271 0.0001524933642720285 -8.173053265080058e-06
150 0.1621893192260179 0.0458160175860732 0.0002473527755542363 -0.01530513162159384 0.0001532028780320329 -2.177120291294745e-05
160 0.1622678961173593 0.0458278352338693 0.0001860110463011849 -0.01533999760065842 0.0001616582090211538 -3.202784801248161e-05
170 0.162328379591087 0.04586946147010645 0.0001525877909152708 -0.01536424457400352 0.0001644472577790229 -3.665619336953736e-05
180 0.162372350986564 0.04590013537119513 0.0001182926055872059 -0.01537887107631919 0.0001620569958433239 -3.739417192752905e-05
190 0.1624003927275449 0.04593191170303524 0.0001010905047803896 -0.0153885358034101 0.0001608239140656575 -3.963862226057711e-05
200 0.1624125431464308 0.0459589835379975 9.045943283908193e-05 -0.01539506294244541 0.000160066131912143 -4.143406186099594e-05
210 0.1624222945147936 0.04596739657323657 7.68725310092858e-05 -0.01539618532625862 0.0001583258892765041 -4.200456603096463e-05
220 0.1624314373041402 0.0459778842586786 7.626374362718435e-05 -0.01539729573524077 0.0001582999656408569 -4.351792367779747e-05
230 0.1624380572508925 0.04598087672000842 7.330267739108978e-05 -0.01539801296109693 0.0001576094966180815 -4.322922133232001e-05
240 0.1624457064408663 0.04597660127555642 6.638498520557342e-05 -0.01539735097839648 0.0001576861022510958 -4.265179418662777e-05
250 0.1624529745160608 0.04598401758176444 7.132395115610957e-05 -0.01539903395496049 0.0001584610452861176 -4.324144477370082e-05
260 0.1624574993925694 0.04598588026343327 7.138283856629224e-05 -0.01540115017243403 0.0001585636804142781 -4.218666658207875e-05
270 0.1624637964319461 0.04598371335894165 7.733844885747377e-05 -0.01540170919811629 0.0001605778175024162 -4.125704103179764e-05
280 0.162468926526874 0.04599272423587884 9.124010206524734e-05 -0.01540363431036916 0.0001618248121584063 -4.117353588153059e-05
290 0.1624729604104454 0.0459917932337145 9.07184305919846e-05 -0.01540364708694033 0.0001612835932828762 -4.007304474368704e-05
300 0.1624753695392968 0.04599249201565939 9.084327856220149e-05 -0.01540345383694342 0.0001613123478578072 -4.027583684696034e-05
310 0.1624748940936559 0.04599888099369152 9.240302273095366e-05 -0.01540445275696068 0.0001613133537073035 -4.075692007881561e-05
320 0.1624755400391365 0.04599407704142761 8.397973177293372e-05 -0.01540371434694569 0.0001610461824023563 -4.008039916697303e-05
330 0.1624760175440923 0.04599624058887345 8.616460771382358e-05 -0.01540397613301591 0.0001622366627129339 -4.119430775173709e-05
340 0.1624759444107438 0.04600027185456333 9.315983418544357e-05 -0.01540504229673849 0.0001640813522317842 -4.226631887527062e-05
350 0.1624764759127652 0.0459949060007351 9.62042035023631e-05 -0.01540430769401365 0.0001668089078197854 -4.356275447795545e-05
360 0.1624759246468054 0.04599895906346371 0.0001106438705870827 -0.01540491578844672 0.0001704437665999328 -4.620246459499993e-05
370 0.1624734922226595 0.04599925123229372 0.0001180965487213156 -0.01540493201057416 0.0001715804845754403 -4.737652862526196e-05
380 0.1624742520860712 0.04599402951080204 0.0001158428000017479 -0.01540381602525473 0.0001718481523026476 -4.775020617472472e-05
390 0.1624735146957004 0.04599915871007131 0.0001190135169303272 -0.01540454264555499 0.0001722922641868442 -4.865670891024656e-05
400 0.1624727074810752 0.0459977063706373 0.0001141074785523768 -0.01540448761410992 0.0001718757748681423 -4.783111554108093e-05
410 0.1624734494638482 0.04599464747124945 0.0001116605002779712 -0.01540374051943987 0.0001722768443540313 -4.80838839200787e-05
420 0.1624727641225947 0.0460004284367455 0.0001182392859550611 -0.01540478127012695 0.0001728658381409007 -4.880357265734999e-05
430 0.1624724693256158 0.04599588726256228 0.0001139612288044486 -0.01540421448737739 0.0001722045072135412 -4.797463234581306e-05
440 0.1624726049170429 0.04599577762904603 0.000113123043840957 -0.01540423502615969 0.0001722200417692301 -4.82248409024721e-05
450 0.1624716578725616 0.04600129318927128 0.0001173110485565863 -0.01540542318995512 0.0001723414568336832 -4.867175522101434e-05
460 0.1624721571418848 0.0459953758978729 0.0001118491385043141 -0.01540444836362176 0.0001718109433548404 -4.781704125099335e-05
470 0.1624729670053449 0.04599756637905829 0.0001150230371172921 -0.0154046513264084 0.0001725530545304408 -4.86191415299509e-05
480 0.1624724322876128 0.04600080685841775 0.0001181319378431422 -0.01540541266665957 0.0001726328060484169 -4.857098311191083e-05
490 0.1624733477548908 0.04599447946998764 0.0001128917861525222 -0.01540435498667664 0.000172239719658852 -4.792000736222764e-05
500 0.162473386229406 0.04599873357034636 0.0001177690026061557 -0.01540495976892918 0.0001729147905537994 -4.875726763702257e-05
510 0.1624722506445893 0.04599964316945373 0.0001176507434167271 -0.01540534441902616 0.0001724339290952718 -4.833734141004511e-05
520 0.162473578443022 0.04599431726132621 0.0001131249345731205 -0.0154044169465375 0.0001723573300398256 -4.796293359860496e-05
530 0.1624726267789178 0.0460002737431821 0.000118308334448807 -0.015405361808752 0.0001727579961446987 -4.892157820288345e-05
540 0.1624719771584019 0.04599823757301449 0.0001154008171803315 -0.01540517114041031 0.0001721917421453643 -4.82176406862583e-05
550 0.1624730061705612 0.04599484389967635 0.0001127018212723098 -0.01540441774169799 0.0001721979368813677 -4.822587405035196e-05
560 0.162472864824062 0.04600126757797495 0.0001192076919871764 -0.01540558627521794 0.0001728372824518875 -4.892622599786812e-05
570 0.1624724759642768 0.04599686675682794 0.0001148227389562503 -0.01540498123634641 0.0001722028644084594 -4.803042871704729e-05
580 0.1624734990435762 0.04599554852052307 0.0001151895083623544 -0.01540463836863728 0.0001726115873866857 -4.836551572383885e-05
590 0.162472590415512 0.04600102099506229 0.0001197398468655046 -0.01540555915263691 0.0001728361266811654 -4.887197572429148e-05
600 0.1624731721517884 0.0459953724773466 0.000114078236575363 -0.01540467535924869 0.0001723111340972217 -4.79172785140187e-05
610 0.1624735182741207 0.04599670380627552 0.0001164420600065886 -0.01540468607012531 0.0001728687930522695 -4.865054201559899e-05
620 0.1624723863734817 0.04600055657428632 0.0001185498714134621 -0.01540554119587806 0.0001726471930726492 -4.871705161715621e-05
630 0.1624727901771782 0.0459945841340963 0.0001123633461576188 -0.01540447784477743 0.000172024755397989 -4.801584881684507e-05
640 0.162472771235648 0.04599884369343516 0.0001169813812338131 -0.01540521041524921 0.0001725794736938061 -4.874273236297834e-05
650 0.1624720369099455 0.0459997243888131 0.000117677220351158 -0.01540554013836673 0.0001724075142717087 -4.851180083471549e-05
660 0.1624734730829323 0.04599452602936856 0.0001131784926079489 -0.01540454931168462 0.0001722857033757559 -4.802546266632373e-05
670 0.1624732689014265 0.04599977431707308 0.0001190471378876873 -0.01540530151868012 0.0001729468988273941 -4.896012532068591e-05
680 0.1624726485187448 0.04599806384069156 0.0001167576980004924 -0.01540510592878685 0.0001725274681478106 -4.827286052424321e-05
690 0.1624735803706601 0.04599489599024802 0.000113950654495059 -0.01540441444184671 0.0001725245869144353 -4.821635649857517e-05
700 0.1624731867408152 0.04600040654280079 0.0001197515976431535 -0.01540538938591706 0.0001730286470869487 -4.89189029708797e-05
710 0.1624722318209394 0.04599647756487504 0.0001147721257060043 -0.01540494233903392 0.0001721254137542787 -4.812760082522755e-05
720 0.1624725832533899 0.04599609750599519 0.0001143051548674883 -0.01540469340344124 0.0001723465233925602 -4.83708158669353e-05
730 0.1624718324671947 0.04600141162272654 0.0001185956212775409 -0.01540570436871878 0.0001725093779671074 -4.881823592717309e-05
740 0.1624729180716436 0.04599538281943154 0.0001136884538885743 -0.01540475694047089 0.0001722082502189121 -4.8031202726005e-05
750 0.1624733467903904 0.04599711662616689 0.0001161452267510511 -0.0154047959623765 0.0001727452183948916 -4.868761410502726e-05
760 0.1624728099640347 0.04600075126021967 0.0001190951564003524 -0.01540555820396792 0.0001727699201735017 -4.86351428236458e-05
770 0.1624733762607632 0.04599452078598119 0.0001135890047723846 -0.0154044561903706 0.0001723469154906274 -4.800975656137473e-05
780 0.1624732531846204 0.04599859170436658 0.0001181892008707851 -0.01540513659688228 0.0001729000674833257 -4.874228709022815e-05
790 0.162472348790813 0.04599902197751803 0.0001179870941917867 -0.01540530010806807 0.0001725684391903996 -4.847437301911683e-05
800 0.1624733553016753 0.04599465458263648 0.0001128383230380478 -0.01540456745494191 0.0001722126960676026 -4.804289005954429e-05
810 0.1624723809961856 0.04600030782683927 0.0001180603532410992 -0.01540538814523502 0.0001726733685389139 -4.894961924643684e-05
820 0.1624719882900666 0.04599823021253419 0.0001155201393490304 -0.01540521225762958 0.0001721958419344444 -4.825113533069827e-05
830 0.1624734619021369 0.04599483116273256 0.0001135515548361092 -0.0154044833752093 0.0001723879328495166 -4.830591407619269e-05
840 0.1624730579275948 0.04600103857116219 0.0001194988396674276 -0.01540559820174659 0.0001729003457429663 -4.890060828516916e-05
850 0.1624725751540686 0.04599660982989084 0.0001153555960668379 -0.01540496492365142 0.0001722548172800927 -4.803648926728103e-05
860 0.1624734786186263 0.04599576923956442 0.0001152977017885442 -0.01540461870035894 0.000172672432915264 -4.838793748159906e-05
870 0.1624727021187662 0.04600095751048791 0.0001196711221122653 -0.01540559375567188 0.0001728703375880705 -4.886860206864179e-05
880 0.1624731951679532 0.04599498469899321 0.0001141073181348808 -0.01540458994425624 0.0001723756660960568 -4.7964601566887e-05
890 0.162473182780994 0.04599725280624589 0.0001159836266888346 -0.01540481111109922 0.0001726867856582391 -4.869310740370841e-05
900 0.1624719655647612 0.04600072219608171 0.0001181602886290986 -0.01540553598240754 0.0001724902298257174 -4.866717724393166e-05
910 0.1624726824553885 0.04599441807899046 0.000112450180862464 -0.01540453552831707 0.0001719784397075913 -4.800631887765676e-05
920 0.1624731039825481 0.04599889947533187 0.0001175781447175124 -0.01540527511201601 0.0001727286035406219 -4.878949149398066e-05
930 0.1624722244187282 0.04599960717888617 0.0001177086087969635 -0.01540547331707452 0.0001724647545350477 -4.846894398944393e-05
940 0.1624738373015729 0.04599428788032228 0.0001134857215497724 -0.01540446346313661 0.0001723902526993808 -4.805177813126546e-05
950 0.1624734347079673 0.0459998766762502 0.000119113688646595 -0.01540528319723605 0.0001729974041659076 -4.898163029118635e-05
960 0.1624727145243327 0.04599797812219555 0.0001166006812636926 -0.01540513817052589 0.0001725338399839558 -4.824702753396324e-05
970 0.1624734943158849 0.04599451065145544 0.0001141706999628797 -0.01540431659010347 0.0001725692018470636 -4.823791213671351e-05
980 0.1624726925482653 0.04600102296735471 0.0001192156934086162 -0.01540559130891384 0.0001727546764346679 -4.889028911542059e-05
990 0.1624717991899221 0.0459965822450815 0.0001142497450468997 -0.01540495269844154 0.0001719773707585621 -4.808836041940135e-05
1000 0.1624727034352518 0.04599598950563655 0.0001142491939288949 -0.01540472735580825 0.0001723711953987684 -4.839800902566466e-05
1010 0.162472278714011 0.04600148422449449 0.0001191903497917519 -0.01540570916463979 0.000172710412456294 -4.889956581838569e-05
1020 0.1624730829224954 0.04599525667259188 0.0001137887762013991 -0.01540467555627902 0.0001722595626841321 -4.796911388566448e-05
1030 0.1624736322542771 0.04599687199786557 0.0001165614350913734 -0.01540469513446764 0.0001728204444592401 -4.868920105047813e-05
1040 0.1624727098120645 0.04600085842615534 0.0001190867166235033 -0.01540555084866133 0.0001727918676415006 -4.865116688749172e-05
1050 0.1624731973472148 0.0459944164917116 0.0001135526359749744 -0.01540455741474368 0.0001722703476750686 -4.795201199860879e-05
1060 0.1624732517434928 0.04599821709457066 0.0001182577929055442 -0.01540503136240557 0.000172947116600385 -4.878356474087225e-05
1070 0.1624719096987164 0.04599978151148187 0.0001173770249916719 -0.01540542272208102 0.0001723664706785983 -4.84804425524696e-05
1080 0.1624730111252911 0.045994627284878 0.0001123593523991146 -0.01540453559906267 0.0001721091624144793 -4.804513000200998e-05
1090 0.1624726099955702 0.04600010429186274 0.0001180682295053519 -0.01540542019849081 0.0001727124617508975 -4.897178787409342e-05
1100 0.1624723835414773 0.04599837899486055 0.0001160479161278591 -0.01540522699480257 0.0001723386630794002 -4.827199815414793e-05
1110 0.1624735560876097 0.0459949147453438 0.0001137064162692289 -0.01540445287772042 0.0001724279559372736 -4.823600690470225e-05
1120 0.1624730490509388 0.04600074385869866 0.0001199793131089418 -0.01540558285279264 0.0001729138722322516 -4.888571027283664e-05
1130 0.162472573268478 0.04599673515547153 0.0001152747888916798 -0.01540498007900617 0.000172320683972911 -4.808152616468873e-05
1140 0.1624735288190468 0.04599559334055656 0.0001151895056513576 -0.01540459623055468 0.0001726736417956193 -4.838237746854591e-05
1150 0.1624727481469138 0.0460005622021168 0.0001197325330430568 -0.01540543975569712 0.0001729109197813691 -4.888389706822034e-05
1160 0.1624728104887915 0.04599563049013893 0.0001134683029409378 -0.01540471086847946 0.000172178752663213 -4.797785165253747e-05
1170 0.1624727582512739 0.04599733218796332 0.0001155274017828653 -0.01540482111174664 0.0001725288384541729 -4.866014465986037e-05
1180 0.1624720395856651 0.04600058196015189 0.0001181761422193842 -0.01540561749185367 0.0001725100888072648 -4.869062464177811e-05
1190 0.1624729546196606 0.04599464526110453 0.0001130521108760925 -0.01540461745138796 0.0001720825957329434 -4.801115827403082e-05
1200 0.1624733151332743 0.04599885727076636 0.000117843319542125 -0.0154051960700155 0.0001728231199920246 -4.875061658334797e-05
1210 0.1624724508567703 0.04599946864768221 0.0001179289347069586 -0.01540541132246326 0.0001725562821287734 -4.845954402302961e-05
1220 0.1624738988035722 0.04599427828138085 0.0001133765706500687 -0.01540446378715642 0.0001724414906455983 -4.808308881791832e-05
1230 0.162473484734099 0.04599967637217762 0.0001190620098414994 -0.01540525940116537 0.0001730035521711348 -4.89825376391336e-05
1240 0.1624728168049598 0.04599775086145091 0.0001167238844491638 -0.01540503170678612 0.0001725256942682119 -4.820693282054428e-05
1250 0.1624730332489261 0.04599509100933847 0.0001134964702956868 -0.01540449245834675 0.0001723291204408186 -4.825487939480192e-05
1260 0.1624721167763461 0.0460009010241855 0.0001189850739443229 -0.01540561602321338 0.0001726208014853743 -4.889593527321619e-05
1270 0.1624719689924033 0.0459964861362014 0.0001140435592928415 -0.01540498253439013 0.0001719892403701612 -4.80963198558348e-05
1280 0.1624731672905901 0.04599612427313569 0.0001147482169249248 -0.01540468565883968 0.0001725363861733392 -4.844647161154295e-05
1290 0.1624725249264314 0.04600133209119176 0.0001195151659852346 -0.015405617207499 0.0001728071217571036 -4.885515603001136e-05
1300 0.1624732778715297 0.04599517846026982 0.0001140437758360884 -0.01540464593326525 0.0001723427810531725 -4.797454032617163e-05
1310 0.1624735403743718 0.04599694142106425 0.0001165786345453144 -0.01540473312185473 0.0001728432397748897 -4.870774227689099e-05
1320 0.1624726006369574 0.04600067708963143 0.0001192488701772521 -0.01540558490629556 0.0001727498757042304 -4.861354069918145e-05
1330 0.1624731673601425 0.04599425266072662 0.0001135627066793145 -0.01540446275233286 0.000172258815614113 -4.790849522715426e-05
1340 0.1624728543226432 0.04599873502027108 0.0001175056250162665 -0.01540514180359737 0.0001727498876977676 -4.882553620885101e-05
1350 0.1624715979888173 0.04599962395436245 0.0001169778236404801 -0.01540541593677715 0.0001722974842614141 -4.851789292848543e-05
1360 0.1624731475942039 0.04599462480535612 0.0001122388055576606 -0.01540456256499238 0.0001721059570391534 -4.804287686183745e-05
1370 0.162473001282693 0.04600023032040858 0.0001186871310063191 -0.01540538444618044 0.0001728604578455867 -4.901675521068762e-05
1380 0.162472549915822 0.04599827453522285 0.0001163812566847815 -0.01540516580734229 0.0001724041139861781 -4.820803277968693e-05
1390 0.1624735884725546 0.04599469057614667 0.0001138990219587064 -0.01540450115693612 0.0001724185864058511 -4.820467071889056e-05
1400 0.1624729789567221 0.04600082861102602 0.0001199839645879496 -0.01540561408515263 0.000172958347502612 -4.891041164625832e-05
1410 0.162472558306825 0.0459966171171818 0.0001152937473634648 -0.01540492657887877 0.0001723289233886659 -4.806864668682087e-05
1420 0.1624736475519771 0.04599554914955813 0.0001151962215195448 -0.01540450330960375 0.0001727226865029021 -4.836812629466762e-05
1430 0.1624724698836235 0.04600096505438983 0.0001190583775269491 -0.01540556409794585 0.0001727295406651274 -4.892847582419278e-05
1440 0.1624725106202753 0.04599555888667184 0.0001130872629904299 -0.01540473931741863 0.0001720772631060831 -4.79748375612346e-05
1450 0.1624727039142363 0.04599737525414923 0.0001154496014497371 -0.01540485171108915 0.0001725040202438607 -4.865318470690919e-05
1460 0.1624721879491879 0.04600079719940367 0.000118796089201576 -0.01540567009067937 0.0001725642980653165 -4.86627513124968e-05
1470 0.1624730833945682 0.04599449586662526 0.0001132894861421832 -0.01540455033843726 0.0001721726277513985 -4.79834397756181e-05
1480 0.1624735015302994 0.04599866071088352 0.0001179434112458407 -0.01540515889671205 0.0001729051723233718 -4.878597939194743e-05
1490 0.162472520105426 0.04599946841977037 0.0001180668791104364 -0.01540538743817729 0.0001726310081049714 -4.850804786418254e-05
1500 0.1624739322462881 0.04599422358611485 0.0001133886590083327 -0.01540441883873853 0.0001724403584196166 -4.805658127003483e-05
1510 0.1624734786406866 0.04599953730967598 0.0001190409409519015 -0.01540515997619281 0.0001730000944429124 -4.893334426189156e-05
1520 0.162472460578538 0.04599814002331575 0.0001160372221072384 -0.01540519536039207 0.0001723319321989316 -4.825992848347913e-05
1530 0.1624726771667659 0.0459949529481443 0.000113214683610637 -0.0154045957653804 0.0001721775063691749 -4.822909175368001e-05
1540 0.1624721354635615 0.04600103618288418 0.0001188297712293989 -0.01540563547697694 0.0001726251264171538 -4.890306575171738e-05
1550 0.1624723600241459 0.04599673651016688 0.0001147528696336518 -0.01540495479854669 0.0001721625683337706 -4.813592250505403e-05
1560 0.1624733978064785 0.04599590438701681 0.0001148437592612177 -0.01540461995422489 0.0001726083254765335 -4.839961944609118e-05
1570 0.1624727759004262 0.04600093816432648 0.0001196792323495534 -0.01540555578082346 0.0001729042894806163 -4.890181361099899e-05
1580 0.1624732908196409 0.04599522585956609 0.0001142214137609206 -0.01540461890821194 0.0001723621474509319 -4.797150004681081e-05
1590 0.1624734186989619 0.04599694969329946 0.0001166111857942816 -0.01540472064865874 0.0001728027060512646 -4.866515519248624e-05
1600 0.1624723764896321 0.04600045501054426 0.0001192676884499208 -0.01540553557396384 0.0001727204826255712 -4.85812382631087e-05
1610 0.1624728822385759 0.04599471240899005 0.0001129112728773604 -0.01540461533823101 0.0001721046796346896 -4.799466640781718e-05
1620 0.1624726647418421 0.04599866018844859 0.0001170196348211691 -0.01540514090161056 0.0001726610887195128 -4.882122360769081e-05
1630 0.1624716713764137 0.04599966071774424 0.0001168760938833166 -0.0154054031299199 0.0001722830059644769 -4.850022865969391e-05
1640 0.1624735690909477 0.04599482140221173 0.0001129095709377591 -0.01540455840464062 0.0001722824166587822 -4.808392458347816e-05
1650 0.1624731158873523 0.04600018110999088 0.0001188245324485635 -0.01540537027861269 0.0001728965181090591 -4.8921075925904e-05
1660 0.1624727021560418 0.04599789627025041 0.0001166945651224324 -0.01540518920127339 0.0001724661248212014 -4.824175455475452e-05
1670 0.1624735067590901 0.04599477427034365 0.0001141564857865029 -0.01540448847217298 0.0001724327424028158 -4.821144794012688e-05
1680 0.1624730196105772 0.04600092688192028 0.0001197512614774496 -0.01540558818763908 0.0001729343595370003 -4.885502246675002e-05
1690 0.1624725648066374 0.04599629677429283 0.0001152373311854248 -0.01540481030955528 0.0001723686745766687 -4.808306487151869e-05
1700 0.1624732693912989 0.04599576687076324 0.0001146077301786758 -0.01540459996338661 0.0001725623682031713 -4.846083293816701e-05
1710 0.1624721894500159 0.04600107190937422 0.0001186226449584232 -0.01540558203789019 0.0001726172813396098 -4.890521825618828e-05
1720 0.1624725206336454 0.04599556926532236 0.0001131168180784299 -0.01540473534603605 0.0001720317806127448 -4.795794889534252e-05
1730 0.1624729472548882 0.04599757321720458 0.0001161774621924581 -0.01540493962851668 0.0001726150821482076 -4.86555131306215e-05
1740 0.1624722958486043 0.04600068810456317 0.0001189037141247298 -0.01540567260439052 0.0001726219712772011 -4.8605760521197e-05
1750 0.1624733573487358 0.04599422397402257 0.0001134720368761578 -0.01540450330118237 0.0001722775815134852 -4.802024063987312e-05
1760 0.1624734891781542 0.04599875741874297 0.0001181555101077519 -0.01540508600453679 0.0001729730529714046 -4.880453939078044e-05
1770 0.1624725753728747 0.04599956897139754 0.0001178705118406991 -0.01540537953319399 0.0001726181948906932 -4.84619496461489e-05
1780 0.1624738923550829 0.04599383479723476 0.0001134944089095718 -0.01540431296714442 0.0001724727322077277 -4.807630252508943e-05
1790 0.1624730295484269 0.04600000305692612 0.0001184474189552921 -0.01540533178186627 0.000172817282357636 -4.89978933463537e-05
1800 0.162471895037771 0.0459982611056135 0.0001155858338351126 -0.0154052746976868 0.000172101047364462 -4.817761359044857e-05
1810 0.1624727739595739 0.04599481165356795 0.0001131458641054264 -0.01540456473070517 0.0001721581775998286 -4.822867108267623e-05
1820 0.1624726526886525 0.046001137114664 0.0001193784498960921 -0.01540564053702675 0.0001728101909395167 -4.894794953996012e-05
1830 0.1624725927626643 0.04599661796617882 0.0001147982734277314 -0.015404925051376 0.0001722459184483577 -4.810497287424771e-05
1840 0.1624737375423632 0.04599558373623377 0.0001152644472931289 -0.01540456280637313 0.0001727434433975108 -4.845067202483901e-05
1850 0.162472733924632 0.0460012205737567 0.0001197868902496806 -0.0154055354008301 0.0001728982124069206 -4.886189721162931e-05
1860 0.1624732579869355 0.04599524413183217 0.0001140952345629756 -0.01540463302842195 0.0001723468549414595 -4.794761882274623e-05
1870 0.1624732360930589 0.0459965049148621 0.0001167315140384827 -0.01540470289135625 0.0001727774392111269 -4.863421724242337e-05
1880 0.1624720199152664 0.04600091901424367 0.0001186208827177291 -0.01540567655530951 0.0001725646240059427 -4.865432401778338e-05
1890 0.1624723811928654 0.04599485734828521 0.0001124189266523645 -0.01540457073814192 0.0001719648912350607 -4.797300023411308e-05
1900 0.1624728675427189 0.04599862003343114 0.0001170435585357294 -0.01540513623771944 0.0001726711071516614 -4.881894701877918e-05
1910 0.1624722040939226 0.04599970836810164 0.0001173324320871066 -0.01540542070871774 0.0001724631110406992 -4.856432342275839e-05
1920 0.1624736906253788 0.04599465552873396 0.0001131205344133442 -0.01540450945068525 0.000172320079127289 -4.80222131271434e-05
1930 0.162473324380681 0.04599988747764275 0.0001191812346461824 -0.01540532965623524 0.0001729807425448519 -4.894863014927769e-05
1940 0.162472438165493 0.04599812303258119 0.0001168441730373388 -0.01540520255096406 0.0001724153380454461 -4.818923793796697e-05
1950 0.1624735025162901 0.04599465076266412 0.0001140130726003147 -0.01540446823701639 0.0001724662322208547 -4.822729961062106e-05
1960 0.1624730601609713 0.04600062737487342 0.0001197788722230857 -0.01540549747524822 0.0001729905921775744 -4.887718103897151e-05
1970 0.1624723826076053 0.0459967659389439 0.0001145463452024145 -0.015404956343438 0.0001721976074660264 -4.813130833392967e-05
1980 0.1624728288117736 0.04599596656460651 0.0001141806757533216 -0.01540458824740575 0.0001724328191193136 -4.842858845288715e-05
1990 0.1624722153964971 0.04600101860224876 0.0001187044291833564 -0.01540558165471026 0.0001725806400221674 -4.886686547192222e-05
2000 0.162472882834068 0.04599559235122314 0.0001136297080405446 -0.01540480174249537 0.000172178269523795 -4.800607486465965e-05
2010 0.162472998395529 0.04599732739626051 0.0001164808427238082 -0.01540491637332558 0.0001726530840537937 -4.860440595480049e-05
2020 0.1624725885572221 0.04600057066554939 0.0001191263084122387 -0.01540559946077287 0.0001727095034689116 -4.862585168166102e-05
2030 0.1624733198904031 0.04599442715726015 0.000113476590989153 -0.01540446896600613 0.0001723076668995485 -4.802553510652374e-05
2040 0.1624735075105999 0.04599855146778735 0.0001180182707997785 -0.01540506680086189 0.0001729855356021773 -4.880623232819389e-05
2050 0.1624725567358872 0.04599925064148385 0.0001179540609429086 -0.01540527951904889 0.0001726634975820396 -4.84786828078535e-05
2060 0.162473558299797 0.04599444101016029 0.000112863209816811 -0.01540446637414204 0.0001722594228535658 -4.807835933021569e-05
2070 0.1624724835360886 0.04600002617967448 0.0001182186330731543 -0.01540536636333219 0.0001726424928898989 -4.89538116940414e-05
2080 0.1624719203429445 0.04599835268300108 0.0001156225074774927 -0.01540535661002494 0.0001720948641101345 -4.816128059303326e-05
2090 0.1624732089568184 0.04599497313109529 0.000113441156161248 -0.01540460852402215 0.0001723199646153461 -4.827458512838149e-05
2100 0.1624730224461159 0.04600084382401944 0.0001195957099628136 -0.01540556585385119 0.000172913847840252 -4.892118065280558e-05
2110 0.1624729355954113 0.04599632144871118 0.0001151140487224442 -0.01540481777775392 0.0001723316907855769 -4.81216360244086e-05
2120 0.1624736606500659 0.04599582506942609 0.0001152192950729079 -0.01540455571621326 0.0001727479166323057 -4.84262473750871e-05
2130 0.1624726766994232 0.04600099413048039 0.0001198342855307181 -0.0154055336560551 0.0001729126097956842 -4.887977734707814e-05
2140 0.1624730294673753 0.04599495066629024 0.0001141677322145915 -0.01540461744006029 0.0001722929924596129 -4.791602036741409e-05
2150 0.1624728969690791 0.04599710012596633 0.0001160859882447932 -0.01540483271921737 0.0001725766734702989 -4.866604962752825e-05
2160 0.1624716938181942 0.04600087902784218 0.0001182169261841416 -0.01540563860595913 0.0001724572009108301 -4.865459431532452e-05
2170 0.1624724898239439 0.04599479399266106 0.0001123902836331724 -0.01540459084942519 0.0001719995844753446 -4.798196017254325e-05
2180 0.1624731894043795 0.04599872096799255 0.0001174458532508215 -0.01540513758461348 0.0001728278517817044 -4.887356601478343e-05
2190 0.162472506344561 0.0459995743291176 0.0001177491067757612 -0.01540537060613492 0.000172543733764403 -4.850261807574157e-05
2200 0.1624738672625917 0.0459945773923945 0.0001133419138819715 -0.01540446732658554 0.0001723813544952307 -4.802377311686438e-05
2210 0.1624730832908156 0.04600008822634506 0.000119268837050188 -0.01540541603972133 0.0001729228904614098 -4.890418222018486e-05
2220 0.162472424955554 0.04599784482261496 0.0001167785945626883 -0.01540519141638279 0.0001724491477356947 -4.822414171351485e-05
2230 0.1624734447613419 0.0459944361398799 0.0001140018612800239 -0.0154043473663179 0.0001724992983245457 -4.822170008198832e-05
2240 0.1624727874039013 0.04600109804888791 0.0001191480270625228 -0.01540557385441073 0.0001728049050190875 -4.891649570025799e-05
2250 0.1624720372126378 0.04599670518339141 0.0001141739647301655 -0.01540492548312834 0.0001720868611193681 -4.813349133001162e-05
2260 0.1624729429230474 0.04599591985347637 0.0001140821044936956 -0.01540464309074458 0.0001724097175565163 -4.840687454119948e-05
2270 0.1624725001826237 0.04600129906695765 0.0001191866681488364 -0.01540564597517487 0.0001727217955746904 -4.892458004746919e-05
2280 0.1624729256983118 0.04599537408915347 0.0001140814117067997 -0.0154047819886123 0.0001721899053601787 -4.790936228539467e-05
2290 0.1624732722159786 0.04599720181736484 0.0001166005296188415 -0.01540485714276965 0.0001727575495356021 -4.862732895231323e-05
2300 0.1624726067713448 0.04600062853918983 0.0001191967815490462 -0.01540558305512419 0.0001727711539699837 -4.865466588183098e-05
2310 0.162473418450777 0.04599426337570021 0.0001133611988744523 -0.01540446052572232 0.0001723289756082295 -4.801263636821636e-05
2320 0.1624735437288849 0.04599841400048226 0.0001180319014998658 -0.01540498559870123 0.0001730255882807014 -4.880227104841729e-05
2330 0.16247211369024 0.04599983847239033 0.0001173982123664638 -0.01540538871942624 0.0001724189111158131 -4.848045720389739e-05
2340 0.1624730898975077 0.04599441693661539 0.0001124910958207331 -0.01540450430845435 0.0001721268380410263 -4.806353970492344e-05
2350 0.1624724464006488 0.04599988768520047 0.0001181149614365744 -0.01540544637684402 0.0001725856762580036 -4.89319217108249e-05
2360 0.1624722417014148 0.04599843297882455 0.0001161826508211567 -0.0154053203652047 0.0001722799841312667 -4.825123695085157e-05
2370 0.1624734611307007 0.0459949637979103 0.0001137450605943425 -0.01540452596263455 0.0001724047133175687 -4.820234671615277e-05
2380 0.1624733060229958 0.04600064500095705 0.0001196588121664492 -0.01540551619276154 0.0001729805700488838 -4.89384609277824e-05
2390 0.1624730313617501 0.04599629120202479 0.0001152020935819855 -0.01540482120528692 0.000172402171430655 -4.816130344434719e-05
2400 0.1624737494277799 0.0459957191412663 0.0001152152650347998 -0.01540455668504393 0.000172723243871263 -4.838203816874552e-05
2410 0.162472557663172 0.04600083908950953 0.0001199163140412351 -0.01540550005491537 0.0001728969063811996 -4.883923362432874e-05
2420 0.162472538188518 0.04599537320139727 0.000113769639540458 -0.01540473859034918 0.0001720911061462899 -4.795028162353318e-05
2430 0.1624725324666206 0.04599720616059871 0.0001154471534625429 -0.01540486668555306 0.0001724601818539843 -4.865635025139433e-05
2440 0.1624718157146593 0.04600070382876579 0.0001181150574045886 -0.01540563402656091 0.0001724642856583249 -4.868253316081368e-05
2450 0.1624729635317834 0.04599485306609567 0.0001130225348445943 -0.01540456712240205 0.0001721947094148874 -4.805888166634e-05
2460 0.1624733926432664 0.0459987457637113 0.000117732951675302 -0.01540506656361716 0.0001728780257251817 -4.878119318405003e-05
2470 0.1624725647320905 0.04599928241528273 0.000117868145952853 -0.01540530669992578 0.0001725818427319175 -4.851566201187135e-05
2480 0.1624737300031586 0.04599451436270457 0.0001136200938171071 -0.01540453482774821 0.0001723933083505382 -4.802973168462168e-05
2490 0.1624730947665059 0.04600005843367534 0.0001191409178418486 -0.01540542190069207 0.0001728965968768554 -4.887647192984856e-05
2500 0.1624724448382183 0.04599778371878206 0.0001167304673368101 -0.01540509275292318 0.0001724779925648817 -4.820451761244732e-05
2510 0.1624731389840604 0.04599484628077537 0.0001134535921217245 -0.01540446110906982 0.0001723344964423246 -4.828276448518611e-05
2520 0.1624724485094997 0.0460011327337056 0.000118636310918523 -0.01540561110021726 0.0001727122048142704 -4.892091169166121e-05
2530 0.1624721341427167 0.04599657882828437 0.0001141234204425088 -0.01540492732202568 0.0001720703326641542 -4.811203966050706e-05
2540 0.1624733383412359 0.04599610642851275 0.0001147436198286736 -0.015404646266056 0.0001725732409951484 -4.844949790676334e-05
2550 0.1624724754900095 0.04600125195598651 0.0001194446338869261 -0.01540566236223747 0.0001726923821854252 -4.880291192359664e-05
2560 0.1624731169454209 0.04599519759659995 0.0001141733612617531 -0.0154047735314544 0.0001722703841434029 -4.794168470715747e-05
2570 0.1624732365190645 0.04599715660485529 0.0001167193719377879 -0.01540482592361514 0.0001728155343066125 -4.867541279626329e-05
2580 0.1624726625603714 0.04600057487295495 0.0001191042789302771 -0.01540553164984098 0.0001727770628300752 -4.864179528251097e-05
2590 0.1624734721528516 0.04599396915783568 0.0001134396632303876 -0.01540432183099315 0.0001723678789013142 -4.800983073893961e-05
2600 0.1624731751122553 0.04599885992443211 0.000117456939858278 -0.01540511061484815 0.0001728071138962588 -4.881991830412102e-05
2610 0.162471671344959 0.045999872119131 0.0001168914914206687 -0.01540545411090615 0.0001723183105929303 -4.849553775341311e-05
2620 0.1624729083256887 0.0459944754535418 0.000112520531317398 -0.01540459690014774 0.0001720273327586424 -4.800631249148433e-05
2630 0.1624728990282104 0.04600012649067722 0.0001187655883340126 -0.01540544456747729 0.0001727913457337658 -4.899692935983164e-05
2640 0.1624724365556554 0.04599842749525256 0.0001162943929363061 -0.01540526488166808 0.0001723498912976477 -4.81774790056485e-05
2650 0.162473733642066 0.04599457076605062 0.0001139772989040055 -0.01540446631167807 0.0001725144251923786 -4.825342310306461e-05
2660 0.1624732823113421 0.04600064556697892 0.0001197924387496797 -0.01540547945566331 0.0001730433204928954 -4.897309308765031e-05
2670 0.1624729579387353 0.04599638966199106 0.0001151092233314069 -0.0154048038032129 0.00017233889682204 -4.808648779451812e-05
2680 0.1624737885444481 0.04599540722476823 0.000115214154444652 -0.01540448074361694 0.0001727322298013963 -4.838470765537622e-05
2690 0.1624721650544345 0.04600115291419029 0.0001193664111561252 -0.01540569087563614 0.000172649517701143 -4.886237519401257e-05
2700 0.1624721559305789 0.04599540392680432 0.0001131785895770944 -0.01540476505010193 0.0001720078588822039 -4.79750516940243e-05
2710 0.1624726333542622 0.0459971801070384 0.0001155468603616875 -0.0154048340141663 0.00017247202601703 -4.866122314432448e-05
2720 0.1624723423908722 0.04600091082382376 0.0001186164313290411 -0.0154056261146232 0.0001726336975731964 -4.870025261802297e-05
2730 0.1624731615498815 0.04599469942443049 0.0001131652884756288 -0.01540451312242056 0.0001722624925233808 -4.800659142889258e-05
2740 0.1624736577930622 0.0459984630317186 0.0001180907819397188 -0.01540505824648606 0.0001729684402979987 -4.881127789372569e-05
2750 0.1624724405017071 0.04599944060121827 0.0001180143578400703 -0.015405349491651 0.0001725866383551542 -4.849956209537622e-05
2760 0.1624735167900865 0.04599454390428395 0.0001135581125464508 -0.01540453863821755 0.0001723214535978386 -4.796423854682181e-05
2770 0.1624731158827873 0.04599972126791764 0.0001192184166547484 -0.01540528684318982 0.0001729572573838723 -4.890354721979027e-05
2780 0.1624722288941631 0.04599816200466586 0.000115947285438388 -0.015405229785157 0.0001722986331452231 -4.824796275163654e-05
2790 0.1624728257257342 0.04599480088527475 0.0001129415650133373 -0.01540444998446423 0.0001722293681447353 -4.829834368453766e-05
2800 0.1624724891737418 0.04600112836568356 0.0001187378654273998 -0.0154055891690847 0.0001727020512484603 -4.892085662524322e-05
2810 0.1624724687561254 0.04599694425310336 0.0001146965210549065 -0.01540496286997614 0.0001722054676534426 -4.811773425435285e-05
2820 0.1624734021586973 0.04599573895897047 0.0001150006976261578 -0.01540464450837753 0.0001725887944103591 -4.839162473796768e-05
2830 0.1624726500404885 0.04600091141650252 0.0001197922883563721 -0.01540563802564466 0.0001727857195015781 -4.883585219869163e-05
2840 0.1624730678051711 0.04599545305879008 0.0001141079904063047 -0.01540474254296067 0.0001722915775897471 -4.793225055451368e-05
2850 0.1624733111612054 0.04599722948290071 0.0001166442362980899 -0.0154048110324044 0.0001728244382629226 -4.864310108902559e-05
2860 0.1624726565960994 0.04600017814532898 0.0001192065111052336 -0.01540541634855979 0.000172839113455196 -4.867296084964391e-05
2870 0.1624732253912817 0.04599448466560455 0.0001127321790959199 -0.015404497543421 0.0001721763669254392 -4.804462916201059e-05
2880 0.1624727510438614 0.04599878696032363 0.0001170853594275875 -0.0154050967476233 0.0001726874344164962 -4.883182597589379e-05
2890 0.162471512986684 0.04599987461078146 0.0001170512035172275 -0.01540551076698994 0.0001722246461996954 -4.842537083702379e-05
2900 0.1624732623114835 0.04599473956207274 0.0001129429233073154 -0.01540462974116372 0.0001721747424341332 -4.803571690104642e-05
2910 0.1624730314332276 0.04599986174937721 0.0001188488104968344 -0.01540538221542176 0.0001728526950574351 -4.896626387170792e-05
2920 0.1624727056343635 0.04599812491135696 0.0001166310994180522 -0.01540520145287643 0.0001724806366421293 -4.823289249650366e-05
2930 0.1624737595320905 0.04599488572979992 0.0001139759697330922 -0.01540444420977371 0.0001725396112310556 -4.82506101410802e-05
2940 0.162473331061324 0.04600056630537972 0.0001198579751172381 -0.01540545695740987 0.0001730331826898973 -4.892641948730204e-05
2950 0.162472882237382 0.04599609144937748 0.0001151368414600686 -0.01540473880340678 0.000172386587345439 -4.810273753027172e-05
2960 0.162473256753346 0.04599590903302846 0.000114587977894139 -0.01540472461436899 0.0001724551865583954 -4.837335599645467e-05
2970 0.1624718548920766 0.04600116473492454 0.0001188537009941969 -0.01540568580352248 0.0001725469385972166 -4.886123383840915e-05
2980 0.1624723775383363 0.04599543732347603 0.0001131876971700102 -0.01540476201233965 0.000172001552717651 -4.795212265726532e-05
2990 0.1624730134711132 0.04599737453900966 0.0001159842943329684 -0.01540484824014159 0.0001726446217960823 -4.872037742782631e-05
3000 0.1624725703175266 0.0460005831139456 0.000118899351823296 -0.01540556898576735 0.0001727357696712206 -4.868304830877194e-05
