"report"
"Iteration" "cd-scale etc.."
("Iteration" "cd-scale" "cl-scale" "cx-scale" "cmx-scale" "cmy-scale" "cmz-scale")
10 0.1707769155094354 0.05256216180505874 -0.001829841611526546 -0.01929614492063309 2.880212950153312e-05 0.0001086731576938012
20 0.1828736873232517 0.05421683524913946 -0.002012637504876113 -0.01843505910236978 9.675799942726417e-05 -0.0002039307571029441
30 0.1777867351067173 0.04632738992963702 -0.001723463082678542 -0.01754790454640529 0.0003617994718905648 -0.0002129245326669339
40 0.1805707137997639 0.05005331361829954 -0.00100544633547006 -0.01801595248710423 0.0003694468356664947 -0.0001075579473290264
50 0.1747233790946117 0.06060194157630465 -0.003379795718374634 -0.01715401988023811 0.000101270483432195 -0.0001926876740876812
60 0.1747882501560213 0.05201420989052256 -0.001975410831652622 -0.01343468589623297 -0.0001943464421591803 -3.229952245891843e-05
70 0.1742106176434747 0.05150375436678524 -0.002365756808855803 -0.01328262298316928 -0.0003318976564610942 0.0001029276455530687
80 0.1740786503995045 0.05238064328096335 -0.00235502540284851 -0.01428991540672323 -0.0004873718401815349 0.0003242176916128924
90 0.1744792245475928 0.05235136014963065 -0.00218528535109095 -0.01503419669562119 -0.0003752780241491883 0.0003460711593227498
100 0.1746734417464695 0.05252767594409279 -0.002220648789834027 -0.01548703920051425 -0.000263316502364899 0.0002980946214338894
110 0.1745568748416961 0.05276107045069357 -0.002148533453933452 -0.0157559118389855 -0.000220964884828122 0.0002752603692745938
120 0.1744354404360314 0.05288429774999413 -0.002111907848100458 -0.01585518512652856 -0.0002217832341669143 0.0002704170274154264
130 0.1743795681466073 0.05297990072107919 -0.002113232429327031 -0.01589467260179382 -0.0002438427266499567 0.0002954789311432728
140 0.1743532263961783 0.05302057192079193 -0.002168302362342759 -0.01590765942266537 -0.0002613552297636414 0.0003165715841474295
150 0.1743177548739666 0.05300583993847248 -0.002200446818621219 -0.01590171311871542 -0.0002592389771099948 0.0003163175435987653
160 0.1742811370401933 0.05295985342876029 -0.002166949458799632 -0.01589402896259322 -0.0002550486880645178 0.0003039199299952567
170 0.1742567515275058 0.052918757802523 -0.002122070021602673 -0.01589540944458286 -0.0002575741857882804 0.0002970286612305031
180 0.1742581903400587 0.05289992235854398 -0.002128107302512845 -0.01590020781518692 -0.0002645161529460768 0.0002983880715351463
190 0.1742574754068307 0.05288323687445248 -0.002162927162960245 -0.01590189491784627 -0.0002655867362564101 0.0002989126590081028
200 0.1742485417142784 0.05287673043554391 -0.002201927576747676 -0.01590293916695697 -0.0002614834098379266 0.0002986389337697491
210 0.1742407010312731 0.05287423193912624 -0.002239640782165187 -0.01590260067784492 -0.0002557106913819343 0.0002971087194754218
220 0.1742353639731035 0.05287397821874013 -0.002259938803544356 -0.0159022706449291 -0.0002527193858977509 0.0002963295323262404
230 0.1742325460199427 0.05288166152354843 -0.002260480511393295 -0.0159032779313717 -0.0002513115331702273 0.0002978842174129965
240 0.1742364322192797 0.05289128330343942 -0.002248425473018399 -0.01590563117533806 -0.0002512246538500475 0.0002999780618908437
250 0.1742426988862443 0.05289332190804605 -0.002234578746606102 -0.01590711065612388 -0.000252599082652765 0.0003017594156579904
260 0.1742439238087893 0.05289508441550898 -0.002238137670536833 -0.01590755655148747 -0.0002554305014897241 0.0003042925202002032
270 0.1742459280542782 0.05289889113068656 -0.002245790003867531 -0.01590791158183295 -0.0002563882361493234 0.0003050774593488156
280 0.1742484207008787 0.05289682101421024 -0.002249119906566746 -0.0159070523289305 -0.0002569772335104144 0.0003043603113743343
290 0.1742481320747859 0.05289633118602854 -0.002251636122455049 -0.01590698358468194 -0.0002574568342361164 0.0003051167671091144
300 0.1742508819976459 0.05289814323813839 -0.00225060690287475 -0.01590798639093227 -0.0002572697529427299 0.000305227668010408
310 0.1742478098307622 0.05289590572053635 -0.002248158380384583 -0.0159080095869653 -0.000256858983603402 0.0003052816660793941
320 0.1742473962202801 0.05289872222401397 -0.002246479331258806 -0.01590878917110878 -0.0002563551448181046 0.0003060685849212491
330 0.1742469857212068 0.0528970837164813 -0.002245155359709145 -0.01590848629035467 -0.0002566450679568814 0.0003059193281028752
340 0.1742476744613756 0.05289801106223564 -0.002242592668868712 -0.01590920948733798 -0.0002564388890481232 0.0003059562963958813
350 0.174247068107022 0.05289900865170401 -0.002246036491221641 -0.01590911382762624 -0.0002568389065312978 0.0003068944374218287
360 0.1742480027085229 0.05289778236887419 -0.002243468355774662 -0.01590925194258671 -0.0002562668402603847 0.0003059527275321294
370 0.1742492160743526 0.05289663757519744 -0.00224449895734216 -0.01590884380859458 -0.00025677462348018 0.0003059276901468215
380 0.1742491314550417 0.05289917266911677 -0.002249178182337147 -0.01590933637623923 -0.0002573840239286339 0.0003066945488542729
390 0.1742511176024379 0.05289662225368864 -0.002247097251808266 -0.01590884059328041 -0.0002568807088858741 0.0003057608087841654
400 0.1742503794604515 0.05289461890040003 -0.002248088003143257 -0.0159082351073499 -0.0002575730162911374 0.0003055750166954284
410 0.1742517060606364 0.0528993023282473 -0.002250501501298919 -0.01590945699177343 -0.0002578306010408902 0.0003068466059140053
420 0.1742502172456842 0.052897751173371 -0.002248577756631413 -0.01590929464124338 -0.0002571037767206239 0.0003060816117305203
430 0.1742477695072628 0.05289697861765585 -0.002244098979256506 -0.01590899962903718 -0.0002562203775991674 0.0003059782999885644
440 0.1742483987815087 0.05289981111262148 -0.002246665139613664 -0.01590942313767425 -0.0002572359838588794 0.0003072335751393766
450 0.1742477007112367 0.052897986540615 -0.002242405486617906 -0.01590946247373139 -0.0002565145797585601 0.0003064203515878349
460 0.174248134704443 0.05289780598262034 -0.002243142684339246 -0.01590913279541573 -0.0002566745779484804 0.0003063003961012347
470 0.1742466055536324 0.05289782198212589 -0.002245541174704795 -0.01590889756866103 -0.0002566886237337223 0.0003066027819185401
480 0.1742504545378815 0.05289855448407076 -0.002244872457705769 -0.01590943797757173 -0.0002567309049050438 0.0003060211608750603
490 0.1742495034326682 0.0528962366284123 -0.002247737882314783 -0.01590874700243942 -0.0002573565397706845 0.0003062220285393827
500 0.1742505263289034 0.05289897298527381 -0.0022484773456412 -0.01590929903663551 -0.0002572326697356449 0.0003062772110889583
510 0.1742516704473511 0.0528953315964119 -0.002249641525396022 -0.01590852512055791 -0.0002575244424624875 0.0003058793453683607
520 0.1742512818326322 0.05289797950310338 -0.002249155773746466 -0.01590921800120002 -0.00025770858565857 0.000306335265464901
530 0.1742498216198042 0.05289903326176474 -0.002248999094714222 -0.01590940532864101 -0.0002571247756724437 0.0003066937258816819
540 0.1742472644018594 0.05289619779460054 -0.002243332614219478 -0.0159087793036024 -0.0002562433235478487 0.000305686766105675
550 0.1742481878620554 0.05289911565418196 -0.002245031732999646 -0.01590937115023685 -0.0002569079108806219 0.0003069876789173096
560 0.1742471613761715 0.0528992711433408 -0.002244527197512369 -0.01590945906573024 -0.0002569118636749126 0.0003068065094569965
570 0.1742482744069974 0.0528972685815954 -0.002241321521114691 -0.01590905380985706 -0.0002562836454596532 0.0003058803863512791
580 0.1742477685528172 0.05289831630054595 -0.002246408185408309 -0.01590916471697795 -0.0002570308205071951 0.0003067714837145374
590 0.1742489819602978 0.05289908589188717 -0.002246404063464277 -0.01590930723188337 -0.0002567794291438622 0.0003064828002732009
600 0.1742504987593593 0.05289589841489139 -0.00224670944391179 -0.01590867482974215 -0.0002572660625839635 0.0003056540570193198
610 0.1742498586126558 0.05289651361558911 -0.002248030513286138 -0.01590874237191538 -0.0002572755685099828 0.0003061093868889052
620 0.1742521198548127 0.05289838968117534 -0.002251473358540044 -0.01590907667175419 -0.0002577836860126092 0.0003063765793849367
630 0.1742502845749402 0.05289594956508686 -0.002247007191044514 -0.01590880411913574 -0.0002571883458168817 0.0003057322033292338
640 0.1742499725353104 0.05289985484163865 -0.002247636514460663 -0.01590972965908913 -0.0002570391408244286 0.0003066480014379135
650 0.1742476908193921 0.05289811719462884 -0.002245823461106827 -0.01590925399878444 -0.0002566564435173891 0.0003066092627901169
660 0.1742481259659755 0.05289784432758873 -0.002242656790931788 -0.01590913798330867 -0.0002564643601490557 0.0003062284623544106
670 0.1742466384077197 0.05289849518055319 -0.002244913138091824 -0.01590916005478589 -0.0002569934558450267 0.0003070087360022261
680 0.174248310089072 0.0528980241318916 -0.002242720607894979 -0.01590932785152841 -0.0002564699370309528 0.0003060627368980962
690 0.1742482587745803 0.05289671678695829 -0.002245244045233294 -0.01590884984154125 -0.0002568817857437598 0.0003062952406979008
700 0.1742488581324394 0.05289930438642428 -0.002246986984254306 -0.01590936741251337 -0.0002569145204797245 0.0003065573818634082
710 0.1742510046814815 0.05289656653761352 -0.002247980871171607 -0.01590883287746055 -0.0002572796769060547 0.0003059796995647334
720 0.1742511158438395 0.0528962157183817 -0.002247721294787595 -0.0159088183460212 -0.0002573403099653844 0.0003058393970587553
730 0.1742521249647151 0.05289888406429578 -0.00225158626532706 -0.01590921622880229 -0.000257764656852881 0.0003066804038695022
740 0.1742502731711317 0.05289684597923739 -0.002248365034893325 -0.01590907658366696 -0.0002572636971594313 0.0003060130998528352
750 0.1742484139819376 0.05289685488327894 -0.002244510189345397 -0.01590891125814996 -0.0002564940667050692 0.0003059633460482226
760 0.1742482551348541 0.05290019024380347 -0.002247436160697334 -0.01590968341766002 -0.0002572423580064832 0.0003071704239577614
770 0.1742474639689213 0.05289748006713411 -0.002242475969981236 -0.01590908537552625 -0.0002563041861308741 0.0003062590318676828
780 0.1742474156163641 0.05289745367035219 -0.002243583988123479 -0.01590897626021575 -0.0002567909050670946 0.0003064449215131105
790 0.1742479633541744 0.05289956961087276 -0.002244670448317984 -0.01590957622947781 -0.0002567143928725276 0.0003068156076350206
800 0.1742495517781127 0.05289808597193384 -0.002246012095203653 -0.01590924337163358 -0.0002570369666816748 0.0003062322944757608
810 0.1742485303242658 0.05289626779611276 -0.002245779481178711 -0.01590869592927233 -0.0002567402050773174 0.0003061118376635817
820 0.1742506098597544 0.05289784870288401 -0.002248336772316264 -0.0159089386553089 -0.0002573500145511517 0.0003061343500274316
830 0.1742511381387164 0.0528966067644372 -0.00224875589126949 -0.01590891174068533 -0.0002574953698763377 0.0003059537958411105
840 0.1742523966195511 0.05289768796974575 -0.002249641169849717 -0.01590903166718682 -0.0002576369711762839 0.0003061951334817085
850 0.1742493420685409 0.0528983888728386 -0.002249173033101391 -0.01590925908953367 -0.0002571963103168845 0.0003064309769535204
860 0.1742487485022086 0.05289791633976207 -0.00224461895030323 -0.0159092639085497 -0.000256460090612593 0.0003060592321142825
870 0.1742480843427745 0.0528986167213355 -0.002246393000779291 -0.01590924633274242 -0.0002571835443472566 0.0003070459587335508
880 0.174247420139147 0.05289919260885523 -0.002243068283008682 -0.01590954118150639 -0.0002564870484678871 0.0003064644524027147
890 0.1742469280974755 0.0528957245762184 -0.002242648660157884 -0.01590842838290746 -0.0002565348018178416 0.0003060388895687405
900 0.1742480583663395 0.05289954567080306 -0.00224509031598 -0.0159095037850399 -0.0002568616535763163 0.0003068454361125649
910 0.1742497962163365 0.05289863422104624 -0.002246027844310672 -0.01590932053792455 -0.0002569046002840221 0.0003063023224281123
920 0.1742489298760792 0.0528959809124503 -0.002245730051156772 -0.01590868376175099 -0.0002568880909411957 0.00030566432134365
930 0.1742509110283296 0.05289814071576551 -0.002248559838859827 -0.01590906438449543 -0.0002572588876416209 0.0003065533018544081
940 0.1742515594316271 0.05289746600956836 -0.002250477318666823 -0.01590904688446212 -0.0002577882114151306 0.000306146729612981
950 0.1742515338300621 0.0528960087297688 -0.002247569540515229 -0.0159087452779639 -0.0002573836960821543 0.0003057264252858724
960 0.1742488603458377 0.05289801986401022 -0.002249238021995967 -0.01590904415405551 -0.0002572350613581392 0.0003064882772291106
970 0.1742486207923019 0.05289865595181918 -0.002245444584331958 -0.01590952566368723 -0.000256382570667716 0.0003064274158955932
980 0.1742483460292465 0.05289747533266188 -0.002244391618574611 -0.01590902776832987 -0.0002570129335454766 0.0003063773184668834
990 0.1742468237390233 0.05289879188508354 -0.002243461700596763 -0.01590939790384198 -0.0002566107819929186 0.0003068207302162741
1000 0.1742489186443166 0.0528987141625249 -0.002243881654560178 -0.01590939025045883 -0.0002565771389124779 0.0003064249006638449
1010 0.174247487328772 0.05289696366604084 -0.002244658648873207 -0.01590888585704229 -0.0002567916160304729 0.0003064416349720848
1020 0.1742497837796186 0.0528996214598469 -0.002246126882632479 -0.0159094737250657 -0.0002569810444691687 0.0003065365096137561
1030 0.1742492008004335 0.05289545512411467 -0.002246806357664023 -0.01590861956586203 -0.0002570250479547452 0.0003057102704455443
1040 0.174250869388166 0.05289751887450989 -0.002248008541104311 -0.01590902021929887 -0.0002572449260183968 0.0003061297017331137
1050 0.1742512802689821 0.05289765433366183 -0.002251276222663023 -0.01590884479149386 -0.0002578556443857364 0.0003065254314650536
1060 0.1742519981656603 0.05289709600643993 -0.002247454716012862 -0.01590927628003842 -0.000257369267171802 0.0003057171156768936
1070 0.1742490370259139 0.05289768431553288 -0.002248421123058107 -0.01590908407193231 -0.0002570508434675269 0.0003065618524650473
1080 0.1742480114163694 0.05290002832205141 -0.002246647164205476 -0.01590961188790436 -0.0002566274746721619 0.0003068211348031234
1090 0.1742486584526267 0.05289688924260754 -0.002242958237440928 -0.01590899696296093 -0.0002566528330740591 0.0003061764413474877
1100 0.1742462422041451 0.05289729971525982 -0.002243094118159553 -0.01590897163841395 -0.0002568432158254798 0.0003065151027023306
1110 0.1742482048838034 0.05290017653297658 -0.002244610251907217 -0.0159096107819006 -0.0002565443905313319 0.000306851451636353
1120 0.1742482129672468 0.05289693817002106 -0.002244497737141324 -0.01590891705757255 -0.0002567831296284416 0.0003060066068596176
1130 0.174249001013836 0.0528977376630649 -0.002245176656094556 -0.01590904635703358 -0.000256850743944458 0.0003063048243364497
1140 0.1742506517431907 0.05289820505826342 -0.002249292048896043 -0.01590915595846725 -0.0002574684359056793 0.0003064341105473522
1150 0.1742504276183617 0.05289650438293319 -0.002247187962851636 -0.0159088223173836 -0.0002569908425195451 0.0003056700772214566
1160 0.1742519298128098 0.05289717704913752 -0.002251051684008251 -0.01590877206360213 -0.0002579589515693147 0.0003064260389500375
1170 0.174249994323694 0.05289708193594052 -0.002247880200036422 -0.01590899227972274 -0.0002573200229829805 0.0003060256786216195
1180 0.1742499402093402 0.05289854669132695 -0.002246371066478519 -0.01590950581756639 -0.0002567644529172403 0.0003061090237954428
1190 0.1742468836367105 0.05289823598824731 -0.002246713277357957 -0.01590903606888086 -0.0002567998094921782 0.0003069367583067543
1200 0.1742483713274484 0.05289943683965188 -0.002242862719104052 -0.01590950907648574 -0.0002564913306825804 0.0003063550967678014
1210 0.1742471039261967 0.05289661420388293 -0.002242852528041029 -0.01590896144310136 -0.0002567906910230672 0.0003063630730597089
1220 0.1742477165020139 0.05290019482203511 -0.002245148316864664 -0.01590960970705468 -0.0002567882948554701 0.0003069557435199613
1230 0.1742484461832023 0.05289715057469508 -0.002245602794698567 -0.01590893588203194 -0.0002567319207935655 0.0003062488705008763
1240 0.1742486560762169 0.05289567971866182 -0.002243785737171689 -0.01590862516221245 -0.0002567241502262502 0.0003055120518921333
1250 0.1742509941593857 0.05289909137801137 -0.002250344172385535 -0.01590929934343113 -0.0002577230763066178 0.0003069472903936193
1260 0.1742511451992214 0.05289686161634585 -0.002248407254288087 -0.01590900244031818 -0.0002571138194248004 0.0003057660696517942
1270 0.1742519248754845 0.05289599925296912 -0.002248282197032323 -0.01590861818710843 -0.0002574121957748189 0.0003057339352639659
1280 0.1742500682299696 0.0528992103258458 -0.002250390944470992 -0.0159094883186745 -0.000257729351300193 0.0003068578203172944
1290 0.1742498667704551 0.05289856811012503 -0.002245900208972091 -0.01590956991086765 -0.0002564755458890212 0.0003062645513427858
1300 0.1742473090580621 0.05289680202919835 -0.002244694722622864 -0.01590885149978185 -0.000256788255756936 0.0003062488805679901
1310 0.1742464363770513 0.0528985090121234 -0.00224361709522107 -0.01590911816849338 -0.0002565745315322288 0.000306783348090223
1320 0.1742484271843313 0.05289841864894199 -0.002244216688599243 -0.01590936826260829 -0.0002568897077075927 0.000306518339968411
1330 0.1742477972080296 0.05289717064889405 -0.002243019557705516 -0.01590907492846639 -0.0002565053052919501 0.000306237376713764
1340 0.1742486933782374 0.05289917810269285 -0.002247082953265921 -0.01590926735757416 -0.0002570337762993435 0.0003066729563199799
1350 0.174249480521562 0.05289647866567385 -0.002245404498949278 -0.01590895664901899 -0.0002566928864633957 0.0003059196333897737
1360 0.1742515442064208 0.05289790590271954 -0.002248523235341801 -0.01590912419876015 -0.0002576111888683862 0.0003062741685377684
1370 0.1742504641328817 0.05289744600602989 -0.002250330346185116 -0.01590889328567708 -0.0002575658073455312 0.0003063932870392602
1380 0.1742520384108055 0.0528957149376662 -0.002247583301799552 -0.01590861894663556 -0.0002571910582397453 0.0003054108192553636
1390 0.1742494964982093 0.05289784493037181 -0.002249497992765281 -0.01590919550211214 -0.0002574898306920759 0.0003066517491934033
1400 0.17424895621422 0.05290044057221908 -0.002246656774701643 -0.01590984128637709 -0.0002567070360479509 0.0003066562361929238
1410 0.1742478780163697 0.05289644965830395 -0.002243761186312438 -0.01590885404546288 -0.0002566338309720151 0.0003060758674818082
1420 0.1742468790485155 0.05289885919598408 -0.002243265560586326 -0.01590935162883533 -0.0002566083150324141 0.000306808207823412
1430 0.1742478586155615 0.05289970778359267 -0.00224578775185505 -0.01590937993922704 -0.0002569815645243569 0.0003070272956817998
1440 0.1742484712369179 0.05289677967019393 -0.002242424690881906 -0.01590904065412965 -0.0002564981957239816 0.000305802075896156
1450 0.1742484957117575 0.05289728367192697 -0.002245582105223905 -0.01590884630170803 -0.0002568562445707382 0.0003063224701684804
1460 0.17424938638102 0.05289877701790699 -0.002248358729031009 -0.01590928492863256 -0.0002571632650143456 0.0003065233168616645
1470 0.1742511062622653 0.05289614099178108 -0.002246142476563137 -0.01590867265329386 -0.0002570491776024889 0.0003055638565103307
1480 0.1742514850266682 0.05289732109302658 -0.002250431301477208 -0.01590897525649353 -0.0002579034730116114 0.000306317765777885
1490 0.1742513446890961 0.05289796742056965 -0.002249352880081782 -0.01590910145569256 -0.0002573608273969202 0.0003062419167230303
1500 0.1742496400679515 0.05289726093959527 -0.002247869278914941 -0.0159090771976695 -0.0002570664609633761 0.0003060300959976049
1510 0.1742479640248005 0.05289879187860156 -0.002245841630427242 -0.01590936944352296 -0.0002566775228056031 0.0003066971335384266
1520 0.1742480771509318 0.05289783316128148 -0.002244746897279063 -0.01590910874324199 -0.0002568901322924957 0.0003063583529645238
1530 0.1742466968974062 0.05289703398398905 -0.002242010028978371 -0.01590903761118235 -0.0002563565861571971 0.0003063188360367077
1540 0.1742482838020969 0.0528997477128291 -0.00224531339634509 -0.0159094021161676 -0.0002569165757327198 0.0003069658209121527
1550 0.1742483274796301 0.05289760436179609 -0.002244321724348484 -0.01590922025752724 -0.0002566896923458383 0.0003062691859515155
1560 0.1742498862599858 0.05289724319086057 -0.002244482742765067 -0.01590904513908703 -0.0002567293957829262 0.0003059393062700015
1570 0.1742491397278547 0.05289840793931101 -0.002249627726678932 -0.01590906713241329 -0.0002573723054513736 0.0003067943174392516
1580 0.1742514067955057 0.05289711723875549 -0.002247387221984166 -0.01590902346473679 -0.0002571218778459634 0.000305792034902964
1590 0.1742509264222051 0.052894442880135 -0.002248760000893983 -0.01590822610571984 -0.0002577325594348023 0.0003057033529000129
1600 0.174251387607481 0.05290014329761112 -0.002250414906795103 -0.01590977106189202 -0.0002576946517097155 0.0003067053577086905
1610 0.1742496442399858 0.05289738142289017 -0.002247966136323676 -0.01590909225770163 -0.0002568030483477393 0.000306243665237399
1620 0.1742478135392406 0.05289738104364345 -0.002243887634018281 -0.01590906500516216 -0.0002564682321275283 0.0003061121834351614
1630 0.1742485862795868 0.05289991690739835 -0.002245528379324944 -0.01590964404392743 -0.0002569908050955694 0.0003070999439729852
1640 0.1742471627999418 0.05289796979787512 -0.002243583900739624 -0.01590929732771055 -0.0002566515607191755 0.0003064413891503877
1650 0.1742479087748872 0.0528973075088178 -0.002242602867207783 -0.01590894333231008 -0.0002563754231232371 0.0003063278542033959
1660 0.1742476020073575 0.05289810448518673 -0.002245838723143658 -0.01590902067699432 -0.0002571024657540524 0.0003065222105185569
1670 0.1742498520015751 0.05289795318837454 -0.002245165917265377 -0.01590928129619402 -0.0002567637640610885 0.0003061052830369941
1680 0.1742500968709848 0.05289689486326708 -0.00224860175120713 -0.01590876966218785 -0.0002573614782136733 0.0003062053037791657
1690 0.1742506430248043 0.05289774907514393 -0.002248241244193663 -0.01590905203739341 -0.0002571006322660769 0.0003061352225133963
1700 0.1742525591256316 0.0528966198434626 -0.002249632292368832 -0.01590882055977386 -0.0002578540078465115 0.0003059351095621935
1710 0.174250337314145 0.05289784141139621 -0.002249270354689539 -0.0159092437212572 -0.00025753264207472 0.0003064927433710424
1720 0.1742494967315426 0.0528996139887139 -0.002247648585177623 -0.01590953658148942 -0.0002567471699229708 0.000306448463475762
1730 0.1742466981338238 0.05289561022225405 -0.002243691346127393 -0.01590850295316414 -0.0002564825644131615 0.0003059406497010318
1740 0.1742483932889669 0.05289984431044416 -0.00224420207821716 -0.0159096352715294 -0.0002568901947439999 0.0003069548583549539
1750 0.1742469358427154 0.05289864715606379 -0.002244650012268189 -0.01590931916371854 -0.0002567759660621064 0.0003067057589846289
1760 0.1742478115295317 0.05289729806205302 -0.002241873867241119 -0.0159090292128453 -0.0002562620731429389 0.0003058621791634101
1770 0.1742481987598585 0.05289802174567226 -0.002246557278512477 -0.01590899885604868 -0.000257120987138523 0.0003068813791045858
1780 0.1742497720849681 0.05289926618841104 -0.002246332089657025 -0.01590958433762487 -0.0002569708053255456 0.0003062670509071842
1790 0.1742503517203791 0.05289550669144667 -0.002247349099680488 -0.01590847532618537 -0.0002572373238976863 0.0003057747523369277
1800 0.1742501062364598 0.05289693907652437 -0.00224870363188928 -0.01590876880081808 -0.0002572837368115756 0.0003060863984022574
1810 0.1742530297507129 0.05289797173927421 -0.002250172718615888 -0.01590919665862368 -0.0002576878245917508 0.0003062679634475676
1820 0.1742500395468878 0.05289683697458429 -0.00224787294962538 -0.01590906913017598 -0.000257389753455497 0.0003059350673692478
1830 0.174248714224303 0.05289940683752927 -0.002246419656779279 -0.01590952925670733 -0.0002565194579886864 0.0003065911514826315
1840 0.1742481031102779 0.0528980182845273 -0.002245846096805848 -0.01590924961044108 -0.0002567904130979952 0.0003065337127928649
1850 0.1742472632585939 0.05289765287149958 -0.002242320127965671 -0.01590910823079002 -0.00025655667689904 0.0003064375129735571
1860 0.1742476473611608 0.05289903752325872 -0.002245393215800413 -0.01590931761936813 -0.0002570507328989339 0.0003069501351339279
1870 0.1742471297552438 0.05289686490077854 -0.002242546426982795 -0.01590895881448077 -0.0002562246322017616 0.0003059246151077023
1880 0.1742492380708737 0.05289772757328015 -0.002246136150632332 -0.015909032798639 -0.0002570861122043286 0.000306433291318127
1890 0.1742491252590787 0.0528982022095876 -0.002247191597048556 -0.01590913938747898 -0.0002570942859436915 0.0003065621178254155
1900 0.1742521256865836 0.05289719369645431 -0.002247319762380841 -0.01590914280920537 -0.0002572099416433486 0.0003057365813329938
1910 0.1742502739471409 0.05289557308915449 -0.002249236290356175 -0.01590846785057445 -0.0002574287198903524 0.0003061096774202839
1920 0.1742525694427435 0.05289975557270411 -0.002250704791694673 -0.01590944406945383 -0.0002576968644345571 0.0003065481739731526
1930 0.1742499945039943 0.05289658926283573 -0.002247799411690033 -0.01590912999745025 -0.0002572114609522862 0.0003059805850051703
1940 0.1742476858816957 0.05289735751815893 -0.002244787778512128 -0.01590903647845463 -0.0002565101194233845 0.0003061293041095726
1950 0.1742476298240192 0.05289958512572428 -0.002246944040811484 -0.01590941665782784 -0.0002569604677504697 0.0003071222766275804
1960 0.1742476743436074 0.0528976093693598 -0.002241869602915431 -0.01590928645721513 -0.0002564550325119141 0.0003061445965872523
1970 0.1742475982824267 0.05289801781205589 -0.002244048127289077 -0.0159090787871561 -0.0002568927022339653 0.0003067156932017597
1980 0.1742478810405345 0.05289936355493921 -0.002244908694241873 -0.01590950752270473 -0.0002566347855070624 0.0003066473211782126
1990 0.1742494317904501 0.05289733509098841 -0.002245187585416467 -0.0159089929048737 -0.000256694224605938 0.0003060254050621556
2000 0.1742492563089736 0.05289714057246275 -0.002247412142930941 -0.01590891211840268 -0.0002573115989083598 0.0003063407439657305
2010 0.1742509601580622 0.05289729074874969 -0.002247502614285739 -0.01590889856874378 -0.0002571868855972322 0.0003059846607113614
2020 0.1742512835455967 0.05289654024419003 -0.002249414833479322 -0.01590881987054808 -0.0002576343402286614 0.0003058404145810221
2030 0.1742511475646028 0.05289780421280506 -0.002249843860384199 -0.01590898004315503 -0.0002575442915300324 0.0003064420054821665
2040 0.1742499208781846 0.05289860598795899 -0.002248484718296736 -0.01590937026580741 -0.0002571825445460992 0.0003062811447574274
2050 0.1742483998242833 0.05289722839132795 -0.002243927148118418 -0.0159092104761107 -0.0002563552193463857 0.0003060339518150864
2060 0.1742476711834918 0.05289951563238424 -0.002246811035379384 -0.01590936775823888 -0.0002571335958004065 0.0003071516494706068
2070 0.1742465406511474 0.05289819066055133 -0.002242570176675876 -0.01590917614212397 -0.0002563624605128275 0.0003064623995553101
2080 0.1742479302150335 0.05289669026463499 -0.002241978810478819 -0.01590883447543083 -0.0002566395395776342 0.0003058578108016397
2090 0.1742477760769963 0.05289902030804903 -0.002246473693169953 -0.01590935234933146 -0.0002570626240495446 0.0003071085265405144
2100 0.1742498489931748 0.05289841079254142 -0.002245441697600973 -0.01590926136651789 -0.0002565618519284341 0.0003060276476730046
2110 0.1742493267483317 0.05289528916869181 -0.002246276344178533 -0.01590851562945491 -0.0002570648549874191 0.0003057481800599693
2120 0.174251276883275 0.05289906995572236 -0.00224923637372849 -0.01590935338597629 -0.0002575755831511277 0.0003065954551085969
2130 0.1742521517994871 0.05289665154619867 -0.002250596657504068 -0.01590889858391723 -0.0002577195883052993 0.0003061269128724242
2140 0.17425078985877 0.05289623781245938 -0.002247507279304703 -0.01590881677874678 -0.0002572542613080345 0.0003056914788951925
2150 0.1742486079639453 0.05289857605787646 -0.002248757291579806 -0.01590916266730382 -0.000257127430219968 0.0003066996478804182
2160 0.1742490392824709 0.05289892242836136 -0.002245247791143803 -0.01590967815699844 -0.0002565967002235808 0.0003063664080636728
2170 0.1742477863744502 0.05289723998705901 -0.002243398914993391 -0.01590899303125047 -0.0002566489274867569 0.0003063486153893974
2180 0.1742464814706141 0.05289928710924482 -0.002244519579333281 -0.01590938872568861 -0.0002567337525051389 0.0003069305256590825
2190 0.1742486547838496 0.05289783909792587 -0.002242752495788507 -0.01590922510259982 -0.0002564147217684201 0.0003062904011257958
2200 0.1742486086356333 0.05289782752386807 -0.002245571293911845 -0.01590918452252563 -0.0002571389201329199 0.0003064712170734797
2210 0.1742488974142725 0.05289864335456733 -0.002246569569481075 -0.01590918759074812 -0.0002568044563000536 0.000306547871378009
2220 0.1742499654841357 0.05289553070706875 -0.002246924546683937 -0.01590850033090745 -0.0002570648976637304 0.0003056146128507423
2230 0.1742509652727788 0.05289708009557256 -0.002248135978321879 -0.01590899211715695 -0.0002573817341532851 0.0003061672738016559
2240 0.1742526394901434 0.05289860830513292 -0.00225193718692875 -0.01590917012684205 -0.0002580924330000917 0.0003065559171151636
2250 0.1742505587142187 0.05289622570947991 -0.002246988629255644 -0.01590900086136248 -0.0002569917487007562 0.0003056565622205168
2260 0.1742494568871068 0.05289868814824213 -0.002247354873554205 -0.01590937217250344 -0.0002568873747208282 0.0003065784238273525
2270 0.1742474131918026 0.05289962028213795 -0.002246986009632264 -0.01590943312901976 -0.0002569242870426582 0.0003069851391805834
2280 0.1742486254108396 0.05289755749951566 -0.002241813050594483 -0.0159092155756394 -0.000256452547422008 0.0003059832510539848
2290 0.1742456696080609 0.05289653317507375 -0.002243813659629291 -0.01590863960707017 -0.0002567165728846393 0.0003065715621270638
2300 0.1742481160828931 0.05290051542707828 -0.0022446814498494 -0.01590972830859839 -0.0002566435383362096 0.0003068244969227112
2310 0.1742486512053705 0.0528963198230405 -0.00224453149308367 -0.01590874924744985 -0.0002569005683964247 0.0003059836735010474
2320 0.174249239500318 0.05289839377937396 -0.002245808926753753 -0.01590927794811324 -0.0002569597545739196 0.0003062820070328372
2330 0.1742505306400556 0.05289781076743968 -0.002249363226336324 -0.01590890603894915 -0.0002572910230123554 0.0003064607421611136
2340 0.1742510250821706 0.0528961687704582 -0.002247437081927415 -0.01590875371078271 -0.0002572105136274434 0.0003056420499171726
2350 0.1742526079786418 0.05289784382810799 -0.002250359714035908 -0.01590908990230075 -0.0002579042023976933 0.0003064254973567752
2360 0.1742494444806641 0.05289742392060339 -0.002248738482181591 -0.01590910118364698 -0.0002573485537038383 0.0003060453587812661
2370 0.1742489637665195 0.05289796180929048 -0.00224496061105897 -0.0159092420488278 -0.0002563152799441146 0.0003060997065216397
2380 0.1742474814807634 0.05289905669279046 -0.002246802591209766 -0.01590928621492305 -0.0002571457810383839 0.0003069721753132046
2390 0.1742479084354725 0.05289847860337124 -0.002242465940080128 -0.0159094459976183 -0.0002564350463163918 0.000306412505735824
2400 0.17424740711733 0.05289706869141178 -0.002243446786438556 -0.01590895550901618 -0.0002566759881564302 0.0003062648703503642
2410 0.1742473577632761 0.05289943167779006 -0.002245040684508688 -0.0159094214352219 -0.0002566315300884958 0.0003069707225140341
2420 0.1742495006681074 0.05289786327345696 -0.002245990474674327 -0.01590909618517343 -0.0002570312361294265 0.0003062561496992451
2430 0.1742487087208785 0.05289488544013173 -0.002244345138334063 -0.01590847719519179 -0.0002567868512729199 0.0003055976888611996
2440 0.1742513888963445 0.05289960787477253 -0.002250091152175265 -0.01590940023331544 -0.0002575617477170366 0.0003067238085792148
2450 0.1742511164937638 0.05289610324791381 -0.002249158604918621 -0.01590872036402082 -0.0002573211783718678 0.0003059553291330744
2460 0.1742526990507977 0.05289661821964944 -0.002247726302979669 -0.01590885739575984 -0.0002574973443461223 0.0003056847787605897
2470 0.1742495292564903 0.05289912766522718 -0.00225026445437509 -0.01590950121402287 -0.0002575469664124225 0.0003068931913930881
2480 0.1742487961808599 0.05289904937780946 -0.002245672058500682 -0.01590959896145579 -0.0002563531529145687 0.0003062156231857696
2490 0.1742473635752314 0.05289619130238193 -0.002244419856191284 -0.01590865731311873 -0.0002567991472840965 0.0003064197966110306
2500 0.1742467399082157 0.05289915978427617 -0.002243022429985068 -0.01590945365431958 -0.0002567114212254965 0.0003066606358104524
2510 0.1742481566521814 0.05289809780831002 -0.002244589163121627 -0.01590927289239317 -0.0002567814046515375 0.0003065797902495296
2520 0.1742474609583228 0.05289743266116789 -0.00224374858128122 -0.01590897141358967 -0.0002565055925994862 0.0003062698393999954
2530 0.1742494552880685 0.05289889404449854 -0.002246234417210016 -0.01590928778813125 -0.0002568968245995109 0.0003065326220426837
2540 0.1742500253998741 0.05289667155530444 -0.002246674910777295 -0.01590903153128228 -0.000257188609176043 0.0003060169098684715
2550 0.1742510392833336 0.05289768967634623 -0.002248180421958298 -0.01590902566887742 -0.00025725325254362 0.0003062337603672403
2560 0.1742511964365206 0.05289760727205073 -0.002250814318843105 -0.01590891512622532 -0.0002577265169481797 0.0003063018899951579
2570 0.174251058381321 0.0528955402681655 -0.002247114698966091 -0.01590852937426085 -0.0002572843951924088 0.0003055257289845973
2580 0.1742501647429291 0.05289904738688357 -0.002249409188943517 -0.01590956946607146 -0.0002574713447840385 0.0003067273614152399
2590 0.1742476783786459 0.05289927994732087 -0.002245997111509059 -0.01590949314215924 -0.0002563961217134056 0.000306505428165125
2600 0.1742479938554603 0.05289725584095994 -0.002243615075329849 -0.01590898255763158 -0.0002566924529549443 0.0003061414858198469
2610 0.1742466796196891 0.05289808293177722 -0.002243298167885301 -0.01590920203694877 -0.0002567116819505996 0.0003069125862961836
2620 0.1742485881969793 0.05290028830028323 -0.00224486734377139 -0.01590968011756539 -0.0002568413240805662 0.0003067610204882121
2630 0.1742471587096063 0.05289608971546986 -0.002243458383475567 -0.01590868551629212 -0.0002564827479972843 0.000305944120156115
2640 0.1742489265086248 0.05289774732171148 -0.002245457888364125 -0.01590893607983204 -0.00025680282569152 0.0003062508043467288
2650 0.1742498700859312 0.05289823089384431 -0.002248440670195993 -0.0159091519063858 -0.0002574072226830003 0.0003064433595152998
2660 0.1742512190184103 0.05289633150122043 -0.002246937401422806 -0.01590883293341225 -0.0002571845511246117 0.0003056015213865789
2670 0.1742511452388748 0.0528968624279032 -0.002250794610965925 -0.01590868233131763 -0.0002577510380009931 0.0003063681104361773
2680 0.1742518176825782 0.05289812443146833 -0.002248896031167668 -0.0159093787731009 -0.0002574103426480557 0.0003061138916648742
2690 0.1742495415441822 0.05289745239638049 -0.00224750883419081 -0.01590912145911763 -0.0002570820901019978 0.0003062914525787017
2700 0.1742476682878238 0.0528992866188643 -0.002245992612118126 -0.01590947468886486 -0.0002566373753142479 0.0003066821831119574
2710 0.1742476968756425 0.05289705685580753 -0.002243452525506831 -0.01590896676308927 -0.0002564815217072985 0.0003062113175320025
2720 0.1742468059393948 0.05289773109876875 -0.002243195645895817 -0.01590914973769033 -0.0002567594642633787 0.0003065272150868984
2730 0.1742481513549461 0.05289971226884908 -0.002244285318030453 -0.01590953938398214 -0.0002567104061844337 0.0003068937730458319
2740 0.1742485023256282 0.0528973899395979 -0.002244907499988541 -0.01590915881606204 -0.0002567737419661641 0.0003061028908324881
2750 0.1742487419240576 0.05289687031905854 -0.002244972712908442 -0.01590882656454054 -0.0002566412821490307 0.000306147669924828
2760 0.1742506137844669 0.05289890053426476 -0.002250057850651121 -0.01590919953571399 -0.0002576482208073443 0.0003067348973097258
2770 0.1742517009475301 0.05289608934051145 -0.002247143976685479 -0.01590894292800876 -0.0002571181094495764 0.0003056803506641642
2780 0.1742513427654387 0.05289558290745133 -0.002249591877139699 -0.0159084138676204 -0.0002577680798878337 0.0003058337168226841
2790 0.1742504435759916 0.05289913158674851 -0.002250097877083979 -0.01590947469750929 -0.0002574575802700215 0.0003067394879912071
2800 0.1742502620174975 0.05289851226012025 -0.002246367396186834 -0.01590947944376258 -0.0002567797506330932 0.000306041380436589
2810 0.1742473810056781 0.05289712972586919 -0.002244904710370574 -0.01590900986427803 -0.0002567210622747755 0.0003064629117261332
2820 0.1742479289791713 0.05289995696255857 -0.002244366229036746 -0.01590957592545068 -0.0002566216390743188 0.0003068710193171316
2830 0.1742470125976113 0.05289732620602864 -0.002243722819739682 -0.01590910065563153 -0.0002566129709058719 0.0003064034007703974
2840 0.1742478592981369 0.05289820064206976 -0.002243216061615038 -0.01590918579452864 -0.0002567188119486056 0.0003064664989612724
2850 0.1742478337035527 0.05289763812660503 -0.00224594551894629 -0.01590888805868712 -0.0002569645784259771 0.0003064471127986454
2860 0.1742494394350673 0.05289753992156165 -0.002245143586752805 -0.01590916281833511 -0.0002566962051603017 0.0003059008620935826
2870 0.1742503964694787 0.05289698165321714 -0.002249282089409934 -0.01590866137969866 -0.0002575007678206388 0.0003064792994423552
2880 0.1742514750327344 0.05289805628002767 -0.002248488680695986 -0.01590923430041217 -0.0002573696057924722 0.0003060097387465346
2890 0.1742526984684934 0.0528961556599119 -0.002248796495414844 -0.01590875130999394 -0.0002575647163294931 0.0003058163531420531
2900 0.1742496629686707 0.0528987270945987 -0.002250326368501879 -0.01590933613645165 -0.0002575870356320486 0.0003067292327117416
2910 0.174249151933449 0.05289904946636111 -0.002246039529051467 -0.01590943572058908 -0.0002564772795544887 0.0003063321905764041
2920 0.1742473295336344 0.05289615643509848 -0.002243655538432567 -0.01590878136147813 -0.0002568034567065825 0.0003058942894130969
2930 0.1742472139134871 0.0528998739061392 -0.002244231809154694 -0.01590958617380206 -0.0002567098485586626 0.000307137679070783
2940 0.1742472490005114 0.05289855676454012 -0.002244763011300386 -0.01590916756991818 -0.000256661467809042 0.0003065432887509242
2950 0.1742474532435752 0.052896859897368 -0.002241515924389073 -0.01590895299468747 -0.0002563138171840568 0.0003058677844205918
2960 0.1742494584602494 0.05289924942964953 -0.002247632154347241 -0.01590939433093059 -0.0002573748669714946 0.0003069726432363197
2970 0.1742492641723621 0.05289749100637526 -0.002246438569382659 -0.01590912014411609 -0.0002567616361559096 0.0003061583347867491
2980 0.1742512550943892 0.05289606829293177 -0.00224688528695043 -0.01590864009666619 -0.0002571365362462069 0.0003056573771542982
2990 0.17424998056123 0.05289647672448221 -0.002249808765017035 -0.01590854372642321 -0.0002577083954416416 0.0003063485552099432
3000 0.1742538826949128 0.05289858451296339 -0.002249527314477304 -0.01590949157476293 -0.0002575863859799192 0.0003060653986806525
