"report"
"Iteration" "cd-scale etc.."
("Iteration" "cd-scale" "cl-scale" "cx-scale" "cmx-scale" "cmy-scale" "cmz-scale")
10 0.1507537695673539 0.04037836315340771 -0.0004107411594822655 -0.01356066043140357 3.308907063720246e-05 0.0002692676115488253
20 0.1541093709918876 0.03134736193721653 -0.0006860174804351977 -0.01085655762268436 0.0006378629786856983 -0.0001018184132555285
30 0.1433045759262879 0.03916286083842638 -0.001621966157442246 -0.01434984621158767 0.000903402652973515 -1.476686276948179e-05
40 0.1452155599313052 0.03358333596963069 0.000146518371394649 -0.0112840713544745 0.000329420644533633 -1.308487739738624e-05
50 0.1419003401161531 0.03287596910862804 -0.00202849028868639 -0.01067562165150794 0.0003583557277405824 -8.886770363537395e-05
60 0.1432662055285689 0.03113435170476301 9.573617378359902e-05 -0.01033090054229427 0.0004611228465445583 4.434809757279814e-05
70 0.1431436433615863 0.0319247665083025 -0.0003097647204692029 -0.01008637539060251 0.000311974056940296 0.0002946175701406431
80 0.1432910993729233 0.03359341684786553 -0.001181950139721131 -0.01093000475760988 -0.0002248471483378 0.0003612981667331534
90 0.1436080888369402 0.03430389801465016 -0.001736255460675003 -0.01085484845622421 -0.000425020990132023 0.0003817244601946562
100 0.1435967177583791 0.03517836776002878 -0.001976534995524109 -0.01109939651355813 -0.0004546999999857823 0.0003861465575221278
110 0.1436736823218299 0.0355660734315115 -0.002022852645520929 -0.0111935673195496 -0.0003703756642574948 0.0003600402269357945
120 0.143659967616462 0.03576589966895321 -0.001807995221075177 -0.01120921053764178 -0.0002436433019510015 0.0003144579540921752
130 0.1436938390615403 0.03588954906428113 -0.001494428668061389 -0.01124123461546462 -0.0001035850242390056 0.0002574350420042068
140 0.1438017119047046 0.0358505683533386 -0.001147648750568867 -0.01123740630880315 3.380289495904375e-05 0.0001896551794640409
150 0.1439268395420367 0.03577657729739641 -0.0008073399638191953 -0.01122662399163854 0.000163751249521559 0.000117512330840827
160 0.1440079471091434 0.03580192210529784 -0.000603149751150054 -0.01124801249490102 0.0002210432156859491 8.488110983843532e-05
170 0.1440612881804443 0.03583016818920878 -0.0006338867145599147 -0.01126934090103234 0.0001565497553598277 0.0001142006145084039
180 0.1441106510326599 0.03582184831888439 -0.0009341246553351301 -0.01127950148144592 -2.577315049925252e-05 0.0001965884931373398
190 0.1440938171668705 0.03593068665929511 -0.001364186478403055 -0.01131801503136011 -0.0002354651405260558 0.0002854945959537399
200 0.1439816068849488 0.03617467675330997 -0.001562154623828775 -0.01138353921006223 -0.0003054219951404592 0.0003104227726657039
210 0.1438561642298141 0.03638390181121668 -0.001463849872357653 -0.0114337391809703 -0.0002095908325629994 0.0002747792503354462
220 0.1438547273095401 0.03629575600658981 -0.001134395890366589 -0.01140081103709716 -2.423452484320198e-06 0.0001919089058789776
230 0.1439904418826752 0.03593218833642996 -0.0006088809780219929 -0.01128820692196132 0.0002646178638738003 6.647631430389083e-05
240 0.1439831487040766 0.0358940076467926 -0.0001953088350274942 -0.01126941525440006 0.000407654186785692 5.535496071495419e-06
250 0.1439307266396418 0.03595314227372498 -0.0001720340094980197 -0.01128778004369869 0.0003263089501246396 4.637379532631329e-05
260 0.1440201524946402 0.035731251352512 -0.0006211913525531302 -0.01122334836381992 3.829207185311829e-05 0.0001701556079391887
270 0.1440722853551185 0.03573993682348519 -0.001317181472542175 -0.01123752732330309 -0.0003071301023173123 0.0003110435601753503
280 0.1439386384528356 0.03621456155364316 -0.001592754352878257 -0.01140180778078464 -0.0003836905894243581 0.0003247313390501916
290 0.1437946626877773 0.03655302663020448 -0.001394978986616226 -0.01150328741906744 -0.0002037698135596842 0.000259443531206655
300 0.1438121828012764 0.03633063036268915 -0.0009026370477486078 -0.01141227579915466 0.0001217336389861255 0.0001388727560495545
310 0.1439906408425947 0.03586303453276148 -0.0001787492172079882 -0.01125884727779546 0.0004881400323325777 -2.377234343788381e-05
320 0.1438921430747695 0.03605856105336951 0.0001755696863530377 -0.0113172333631112 0.0005820697020808367 -4.426632715502072e-05
330 0.1437695165002045 0.03619815947663354 7.889191971165783e-05 -0.01135882624398122 0.0004266637058916541 1.491501245825225e-05
340 0.1439007574895206 0.03583668453769635 -0.0004981554852861641 -0.01124656836509785 5.917047072092271e-05 0.000156492266462248
350 0.1440370786931661 0.03566130571358846 -0.001358615024484906 -0.01120578428854808 -0.0003621055203910306 0.0003241479211489623
360 0.1439171204456927 0.03620130060235845 -0.001722297355514586 -0.01140344494738204 -0.0004689201363029073 0.0003471250776030997
370 0.1437444586572123 0.03672144263912219 -0.001508030000099944 -0.01157101058459776 -0.0002863805241974433 0.0002845945521634323
380 0.1436827551087398 0.03660204474306065 -0.001053961349674401 -0.01149766110272056 3.138509880081997e-05 0.0001782330977492492
390 0.1439362246500026 0.03598675034488022 -0.0003455336092116518 -0.01129961744395333 0.0004256193271214735 7.002278790534364e-06
400 0.1439151565342379 0.03596425401104939 0.0001710316582552536 -0.01128800502014408 0.000610845428729025 -5.650357326797862e-05
410 0.1437575647932656 0.03622925110634505 0.0001793134240667836 -0.01137611548410346 0.0004988855152500969 -9.449538006576891e-06
420 0.1438090927113941 0.03598515545276713 -0.00029550154509837 -0.01129033025928935 0.0001767227953098878 0.0001085436981380058
430 0.1440195834710351 0.03562688119116339 -0.001153433356798583 -0.01118758308549887 -0.0002704335159470238 0.0002896597836746602
440 0.1439480796130892 0.03602552625040407 -0.001708214760294698 -0.01134055267411846 -0.000485685435922593 0.0003561695585724519
450 0.1437798162365881 0.03663948587813359 -0.001607844811965446 -0.01155120179617832 -0.000359851394084359 0.0003073092905301301
460 0.1436477238377212 0.03673054389539993 -0.001200450747935571 -0.01154590967664287 -7.011045562104108e-05 0.0002149658801523852
470 0.1438612725556119 0.03616693517798178 -0.0005834494883332985 -0.01135575367721346 0.0003127102196601196 5.983829711943766e-05
480 0.1439518710714657 0.03588423674147779 8.75939564518697e-05 -0.01126241512520222 0.0005975815072018041 -5.811772428434351e-05
490 0.1438011271866186 0.03618396841913182 0.0002148305841641509 -0.01136576479588081 0.0005465853976449933 -2.567583615431004e-05
500 0.1437490379465391 0.03611295644222638 -0.0001113224307732732 -0.01132918924599757 0.0002914108776959441 6.54341853682579e-05
510 0.1439823060524411 0.0356680275506765 -0.0009037498157490474 -0.01119644403497467 -0.0001488707075145239 0.00024160448898237
520 0.1439836348781973 0.03585520467921248 -0.00162526804093834 -0.01127684597030266 -0.000466566520269976 0.0003548219869124886
530 0.1438291455116905 0.03649072218730075 -0.001677733263227225 -0.01150476958345818 -0.0004179432355657215 0.0003260514913989124
540 0.1436622125516921 0.03678348183234063 -0.001332199958167977 -0.01157449860719477 -0.000161935868329745 0.0002459443733902889
550 0.1437731211034422 0.0363609922566182 -0.0007948298436277103 -0.0114147208921898 0.0001986832786667315 0.000112049951665185
560 0.1439736597415701 0.03586296842263326 -4.539926889897411e-05 -0.01125857018196993 0.0005531824630016585 -4.560207882175471e-05
570 0.1438417785733465 0.03610574347423945 0.0002233458361052398 -0.01134028185086505 0.0005828126805555666 -3.974527360649037e-05
580 0.1437282432626712 0.036199557616057 3.435723235387921e-05 -0.01135888257972457 0.0003893949365414336 2.954463269216767e-05
590 0.143925970030344 0.03577110119080282 -0.0006434782278143925 -0.01122631157684851 -1.659397332259887e-05 0.0001868986781548088
600 0.1440161640742555 0.03571633293902242 -0.001480013616030816 -0.01122594346824707 -0.0004148956612173457 0.0003404344371800226
610 0.1438796459075028 0.03631596503786459 -0.001718317900106972 -0.01144590935226495 -0.0004606062206521612 0.0003414485948909331
620 0.1437031989240553 0.03677458718169493 -0.00145446911524296 -0.01158295099829134 -0.0002466759740739692 0.0002731656261232458
630 0.1436989552924834 0.03654391062978015 -0.0009735390825529396 -0.01147426710051342 8.766805554708833e-05 0.0001576256349498231
640 0.1439600455825638 0.03592328799513892 -0.000230810667657341 -0.01128107219476186 0.0004752019815741045 -1.519234584950971e-05
650 0.1438856363644961 0.03601300496013798 0.0001990800391808021 -0.01130592931495024 0.0006063062870923123 -5.184135495752583e-05
660 0.143737656368491 0.03623468767604155 0.0001395383395158953 -0.01137413340555119 0.0004673239917395785 2.242273810332944e-06
670 0.1438502862709514 0.03591040342480548 -0.0004069841100834445 -0.01126728258054145 0.0001128817593560456 0.0001342611067052475
680 0.144029329371087 0.03563554185558761 -0.001282810305642408 -0.0111956982483469 -0.0003311919745180921 0.0003116757635480064
690 0.1439245763264058 0.03612767014774823 -0.001722778881345518 -0.01137872872744878 -0.000483118276864751 0.0003525916993937358
700 0.1437524186567744 0.03670016237211959 -0.001557459253431476 -0.01156695044354658 -0.0003215727078246824 0.0002963889922171757
710 0.1436550866435767 0.03667920194907096 -0.001126933282325479 -0.01152405130446601 -1.76050134688053e-05 0.0001969711450646399
720 0.143904260152195 0.03606768724560759 -0.0004615895948866387 -0.01132729681355053 0.0003700895149168561 3.148991655879153e-05
730 0.1439311122331206 0.03592224104503142 0.0001387082665798231 -0.01127432127619885 0.0006089183692880863 -5.862180719397525e-05
740 0.1437711391266766 0.03621247584635021 0.0002028279830796068 -0.01137166939899201 0.0005256497134477231 -1.755504848012542e-05
750 0.1437779587847221 0.0360515905551008 -0.0002072735918286247 -0.01131005927764261 0.0002315166967552562 8.746614175274713e-05
760 0.1440068042776825 0.03563750858808541 -0.001036139965334721 -0.01118951857954856 -0.0002169884925952719 0.0002678491684036456
770 0.1439612119066373 0.03594058341420039 -0.001670311282761847 -0.011309178666994 -0.0004784868184165984 0.0003567874645505442
780 0.143802116203634 0.03657590122392301 -0.001645789638096193 -0.01153052581751532 -0.0003871269272190482 0.0003166713936264063
790 0.1436544914884627 0.03676468352710852 -0.001264577248773183 -0.01156234664109235 -0.0001154346465633319 0.0002300812727095131
800 0.1438227068479758 0.03625850122647338 -0.0006828700318625346 -0.0113840506915164 0.0002588363829798082 8.42499582555398e-05
810 0.1439603812843422 0.03586207717829126 3.552815139821852e-05 -0.0112564741524745 0.0005831636588744937 -5.467475154292895e-05
820 0.14381927593589 0.03615344409576313 0.0002195945259155242 -0.01135539184299331 0.0005660841171258576 -3.243318069993576e-05
830 0.1437405993634048 0.03616049943507531 -3.859425127466986e-05 -0.0113453627260907 0.0003369144863947751 4.777375947984222e-05
840 0.1439593761617658 0.03570962792892535 -0.0007773378374055951 -0.01120870019934071 -8.755621493609177e-05 0.0002158759481383843
850 0.1439976257901901 0.03577966977402706 -0.001563305237214569 -0.01124947680507263 -0.0004445920237288113 0.000350117067625847
860 0.1438551273942774 0.03641447742944773 -0.001707282936961875 -0.01147915405978214 -0.0004405528547428262 0.0003340507376034967
870 0.1436811727300353 0.03678930954876676 -0.001389217020524571 -0.01158192294682934 -0.0002043331123156371 0.0002588332354964386
880 0.1437377119599497 0.03645093767179015 -0.0008846363485449945 -0.01144382130474561 0.0001456890375636597 0.0001340482172744643
890 0.1439678888415607 0.03587537318448671 -0.0001193135880078076 -0.01126360906588854 0.0005237407025340379 -3.405122987872507e-05
900 0.1438601651458479 0.03606307505515287 0.0002141974513334902 -0.01132383946386478 0.0005949815351845479 -4.509289395250785e-05
910 0.1437353032387375 0.03622505264166057 8.070468396210144e-05 -0.01136952627928878 0.0004236239617322301 1.626628163466623e-05
920 0.1438933535540979 0.03583292456517237 -0.0005293500690169612 -0.01124480293448766 4.43959840665907e-05 0.0001624012027564752
930 0.1440205419092133 0.03566726188619176 -0.001390380530890279 -0.01120735542082999 -0.000376800195951129 0.0003287260338097211
940 0.1439020454777131 0.03622884910010903 -0.00172934004510802 -0.01141576809798814 -0.000475056191290821 0.0003473789443011474
950 0.1437280216235148 0.03674938591782954 -0.001505025823050802 -0.01157899080235817 -0.000283575451172438 0.0002838399641933332
960 0.1436750629264365 0.03660773870055526 -0.001044194077148416 -0.01149740069752653 4.044612533672896e-05 0.0001760023677847395
970 0.1439376418470525 0.03597605505332332 -0.0003230777499447327 -0.0112982131272865 0.0004338295667176638 4.318082517252495e-06
980 0.1439061686413582 0.0359680369103843 0.0001704815710580013 -0.01129076319756796 0.0006073682855708702 -5.504671537231654e-05
990 0.1437541844693491 0.03623594685095496 0.0001690382326748295 -0.01137692553178957 0.0004940596745754792 -7.614602764747945e-06
1000 0.1438167532833994 0.03597472748485678 -0.0003106616908528205 -0.01128693182758796 0.0001702349416709679 0.0001118637654280439
1010 0.144019058827043 0.03562380341715658 -0.001169057030510711 -0.01118835678272561 -0.0002796559882262772 0.0002932182824155004
1020 0.1439419982260546 0.03604245398991287 -0.001711639361838891 -0.011347535813274 -0.0004884571714479414 0.000356045854096188
1030 0.1437791725740264 0.03665326253532208 -0.001604570368122899 -0.01155435329860475 -0.0003542328478530963 0.0003057273648786194
1040 0.1436512304374483 0.03672507842850901 -0.001185869852819095 -0.01154360067505718 -6.03523099673039e-05 0.0002121112490491589
1050 0.1438665667545609 0.03614724768245699 -0.000555115046779094 -0.01135120337532654 0.0003217097589888521 5.554649734865864e-05
1060 0.1439467979929068 0.03589120837372897 9.107917155681461e-05 -0.01126423028882513 0.0005982005030129215 -5.820759397972253e-05
1070 0.1437968551525473 0.03619181057915077 0.0002116598553720951 -0.01136736642274425 0.0005454382830799233 -2.461926561473441e-05
1080 0.143755719366744 0.03610441505927577 -0.0001206345708109716 -0.01132709635626462 0.0002850580131145275 6.7934118571621e-05
1090 0.1439839027956504 0.03565973699113525 -0.0009164934767648315 -0.01119458207683188 -0.0001591149161169515 0.0002449542908348638
1100 0.1439802996029117 0.03586864146427057 -0.001635957796797801 -0.01128197093448919 -0.0004702671971570894 0.0003554535390203041
1110 0.1438279786205737 0.0365072348693543 -0.001676089683543317 -0.01150913741401914 -0.0004123833473691948 0.0003248564859050082
1120 0.1436595820319145 0.03678037536715399 -0.001317860370703426 -0.01157313442530667 -0.0001547973215554664 0.0002438136564500889
1130 0.1437780139805316 0.03634789495734969 -0.0007811895320191036 -0.01141132214221017 0.0002039614508153829 0.0001087309576156679
1140 0.1439711683529048 0.03586218666782112 -3.45811591961159e-05 -0.01125717295677367 0.000558668121068589 -4.745133231063703e-05
1150 0.1438371981281331 0.03611217734990286 0.0002237232108422573 -0.01134178977670177 0.0005835260823619363 -3.898033088944618e-05
1160 0.1437292400985103 0.03619378699836859 2.694809807474668e-05 -0.01135799541520483 0.0003813582750599535 3.220527529209192e-05
1170 0.143929961881511 0.03576390561430295 -0.0006606602168310808 -0.0112241098080949 -2.799530128850101e-05 0.0001909173650555915
1180 0.1440128429458443 0.03572483344751837 -0.001492666794600677 -0.01122819599675988 -0.0004181220715115745 0.0003418028009496082
1190 0.143873853792464 0.03632829235723673 -0.001718803084323039 -0.01144995263613005 -0.0004562777809248463 0.0003404814071805203
1200 0.1437011487986635 0.03677511574185025 -0.001444045089366807 -0.01158350435468945 -0.0002425965502768159 0.0002713048491999413
1210 0.1437062785981086 0.03653320059669916 -0.0009628424350351256 -0.01146976841366855 9.470411560816519e-05 0.0001543114650868944
1220 0.1439575548955629 0.03591495193360202 -0.0002124896311076782 -0.01127726264996473 0.0004850057040323682 -1.854073830483318e-05
1230 0.1438796213022279 0.03601965724780577 0.000197861196015208 -0.01130903464166639 0.0006052276447678477 -5.090521059336028e-05
1240 0.1437384939809886 0.03623431298364483 0.0001346210991302128 -0.01137425388189233 0.0004595879441794656 4.124594126058273e-06
1250 0.1438540122258782 0.03590026705453721 -0.000422153989154904 -0.01126296010952011 0.0001037883397930176 0.0001380617149374277
1260 0.144023270635846 0.0356380842448966 -0.001296074874431266 -0.01119571033261878 -0.0003351338427934624 0.0003138735975713409
1270 0.1439219493538698 0.03613946100044694 -0.001726409536651093 -0.01138456842803404 -0.0004827868882504739 0.0003518307241433005
1280 0.1437515782497304 0.03671186025908849 -0.001548438890482825 -0.01156990902976133 -0.0003179328548387392 0.000294556211420544
1290 0.143658342565218 0.03667175744212441 -0.001114531019803081 -0.0115197869938894 -8.345074976896803e-06 0.0001936878576266934
1300 0.1439096785187114 0.03605129384046882 -0.0004393135992481164 -0.01132266516073741 0.0003820594589387022 2.693494064591271e-05
1310 0.1439278570126148 0.03592653950940206 0.000145191080655531 -0.01127691085481615 0.0006086697061116805 -5.814582521233984e-05
1320 0.1437739891094984 0.03622043547168353 0.0001957097953108368 -0.01137337339281822 0.0005191848980524557 -1.598716630440504e-05
1330 0.1437815346843826 0.03603900846074141 -0.0002190037184958036 -0.01130511772469994 0.0002245953656574966 9.094473833553167e-05
1340 0.1440080696995368 0.03563183368141761 -0.001059878019242817 -0.01118953654927685 -0.0002256329776456961 0.0002719329211881272
1350 0.1439622259395292 0.0359567841986528 -0.001680347903659406 -0.01131631663946022 -0.0004830206967822923 0.0003570264586474056
1360 0.1437994780036082 0.03659047524850438 -0.001635525671282158 -0.01153350031621882 -0.0003819764356551912 0.0003149549106825982
1370 0.1436493482020016 0.03675919353984792 -0.001253812987245995 -0.0115591803414184 -0.0001062162078087231 0.0002275367194751282
1380 0.143826593552287 0.0362389210291767 -0.0006679991926610702 -0.01137998891591258 0.0002668488015870429 8.058503920713076e-05
1390 0.1439641602990729 0.03586715942781681 4.187433593283113e-05 -0.01125775707841151 0.0005831045732755125 -5.509808919064851e-05
1400 0.1438150348356528 0.03615917180618927 0.0002233864974130566 -0.01135577043021738 0.0005635025146007802 -3.116446424165891e-05
1410 0.1437405046107557 0.03615050333348626 -5.312239959733291e-05 -0.01134182386509219 0.0003308795159180813 5.072824234352636e-05
1420 0.1439634077852179 0.0356971202429337 -0.0008030748892801195 -0.01120747401358613 -0.0001007704820363344 0.0002210035165925633
1430 0.143994486372323 0.03579662139471678 -0.001574499295240346 -0.01125489137583287 -0.0004511668304259942 0.0003512983277214245
1440 0.1438500171279327 0.03643134783954788 -0.001703771323296183 -0.01148214869909454 -0.0004351282641992075 0.0003325054733105141
1450 0.1436779868151275 0.03678459211204546 -0.001377169030085693 -0.01158045555413766 -0.0001950409120913632 0.0002562466587564501
1460 0.1437409254674402 0.03643031798335925 -0.0008674683436024122 -0.01143911967165091 0.0001531911309906585 0.0001305286316203532
1470 0.1439712734008592 0.03587852271228562 -0.0001078869074872904 -0.01126274083864746 0.0005293870210807356 -3.625543148048752e-05
1480 0.1438592497785174 0.03607260655786654 0.0002172096336203149 -0.01132649989038131 0.0005952009448163754 -4.455113455022865e-05
1490 0.1437300412833168 0.03621846284283407 7.998945602559888e-05 -0.01136812211533614 0.0004203285380539117 1.78518373260485e-05
1500 0.1438977011806389 0.03582037095882656 -0.0005488760559689293 -0.01124230868976937 3.178572500221813e-05 0.000166694027902966
1510 0.144023899818367 0.03567927917009858 -0.001407730442995148 -0.01121004847896496 -0.0003842666786272614 0.0003311084610233342
1520 0.1438975356553824 0.03624465893845082 -0.001727306546554233 -0.01142053135624969 -0.0004707604941147086 0.0003461306161204965
1530 0.1437219312546484 0.03675125510280449 -0.001493034203979058 -0.01158110946283923 -0.000277339206285824 0.0002820654001363208
1540 0.1436789814867226 0.03660055994952111 -0.001038600421715694 -0.01149464401652096 4.492862102800729e-05 0.0001735635287337695
1550 0.1439425990625055 0.03597142026224371 -0.0003117753009997617 -0.01129491980137181 0.0004411436302983873 1.06046996894593e-06
1560 0.1439055980668296 0.0359744896451531 0.000178481242605368 -0.01129297920996435 0.0006094807841812923 -5.524781186273375e-05
1570 0.1437501768817974 0.03623106165536191 0.0001690099175379852 -0.01137701495759292 0.0004891265564581327 -6.154283261460369e-06
1580 0.1438216068106974 0.03596728296559211 -0.0003256028358763995 -0.01128365105944417 0.0001600254879322493 0.0001155704300358123
1590 0.1440232660177425 0.03562777910968012 -0.001188938554713458 -0.01118886994615475 -0.0002875089622053116 0.0002963365875847252
1600 0.14393926314092 0.03605335194922746 -0.001710324091795865 -0.01135216955387345 -0.0004856539281775122 0.0003550149397156912
1610 0.1437704103814886 0.03665719426113979 -0.001592411566871423 -0.01155660722180867 -0.0003497132583675225 0.0003044561136856622
1620 0.1436495258462394 0.03672155722009778 -0.001186738063261758 -0.01154023261864324 -5.553740795774545e-05 0.000210335582392756
1630 0.1438749602136088 0.03613765230700389 -0.0005455528328596718 -0.01134695424721576 0.000330872272339442 5.134493732643989e-05
1640 0.1439460335296127 0.03589334820819959 0.0001054165818540007 -0.01126636058092117 0.0006008863168473705 -5.886563298643344e-05
1650 0.1437873650716501 0.03619316891310676 0.0002144324579901543 -0.01136786315036593 0.0005405892548125577 -2.361480325754033e-05
1660 0.1437570639799427 0.03609785813249746 -0.0001374727214454134 -0.01132273404271253 0.0002764239318509939 7.153032400866587e-05
1670 0.1439897048538513 0.03565637098787101 -0.0009438254147182471 -0.01119360805494985 -0.0001691894547511982 0.0002493791574417941
1680 0.1439786160237566 0.03587804163255268 -0.001641044235797733 -0.01128720724271545 -0.0004725590750632488 0.0003558714791172641
1690 0.1438214758450927 0.03651651264743157 -0.001666475328766796 -0.0115121528287652 -0.0004083021933563468 0.0003234805112122593
1700 0.1436581451875649 0.03677947011425653 -0.001312874612000496 -0.01157048672730595 -0.0001471306962858974 0.0002416866980020601
1710 0.1437882229878805 0.03633211287932196 -0.0007645371708418666 -0.01140696152742101 0.0002148460581990885 0.0001042171383317255
1720 0.1439740223482158 0.03585857263886144 -2.172737945719729e-05 -0.01125798132567642 0.0005611369550200479 -4.889970738172736e-05
1730 0.1438328347053786 0.03612150869732086 0.0002262795290125768 -0.01134435756882693 0.0005800035013593739 -3.790718706120489e-05
1740 0.1437300036123949 0.03618757272227417 1.521869758443841e-05 -0.01135382142221328 0.0003760980805324865 3.497296736598956e-05
1750 0.1439376473079542 0.03575180937068108 -0.0006877952248288132 -0.01122208396822968 -3.98831821559511e-05 0.0001957101429987201
1760 0.1440130585718701 0.0357320424150591 -0.001506448098281345 -0.01123303383535635 -0.0004259487676072214 0.000343934466046719
1770 0.1438731521746917 0.03634746344947825 -0.001716236897908412 -0.01145524785750875 -0.0004533111654453603 0.0003391783676899762
1780 0.143695076301869 0.03677755745782076 -0.001434027082990881 -0.01158196841485607 -0.0002332779570546642 0.0002690803630803831
1790 0.1437100079202968 0.03651697017326239 -0.0009503023558558544 -0.01146647034150513 0.0001025523318916176 0.0001509631442252276
1800 0.1439621547507088 0.03590850775506379 -0.0001946352819365888 -0.0112751993091507 0.0004904923528068171 -2.143990944920316e-05
1810 0.1438807402973739 0.03602818950794324 0.0002026665728811778 -0.01131046379588314 0.0006043671278761723 -4.972488578579161e-05
1820 0.1437351830539814 0.03623077329415936 0.000127178251267541 -0.01137254391430831 0.0004555841554130469 6.212516014571603e-06
1830 0.1438638610514116 0.03588551532341244 -0.0004457049158753334 -0.01126148551345722 9.010970802874733e-05 0.0001428557758906162
1840 0.1440285130883991 0.03564536252709864 -0.001313270496920449 -0.01119837432175795 -0.0003446892596678264 0.000316817704428913
1850 0.1439150511375699 0.03615425841140593 -0.001722681246061162 -0.01138791585187079 -0.0004788996199783334 0.0003510796086681884
1860 0.1437433437152883 0.03671675001336509 -0.001544873459686119 -0.01157167879700585 -0.0003113721132852945 0.0002929370068864515
1870 0.1436641208138023 0.03666097486656733 -0.001105593434631105 -0.01151764290137302 -2.398356900192778e-06 0.0001909727133958417
1880 0.1439131428058822 0.03604064670065953 -0.000413811890101739 -0.01131756576828887 0.0003924819357729652 2.258715790791786e-05
1890 0.1439205965076213 0.03593160518036075 0.0001494659155492242 -0.0112776162988663 0.0006100958889848774 -5.775568205681713e-05
1900 0.1437679580803391 0.03622190126485451 0.0001903262661308821 -0.01137456498322049 0.0005148822496954487 -1.462661770441631e-05
1910 0.1437901938257816 0.03602927009143104 -0.000237557161355776 -0.01130345815302254 0.0002118090067192485 9.467741309631093e-05
1920 0.1440081473163232 0.03563039198307529 -0.001076500519644288 -0.01118794818524341 -0.0002353062294388821 0.0002756585926518775
1930 0.1439543117052503 0.03597189544086889 -0.001687919357746853 -0.0113209717162736 -0.0004825761831291441 0.0003569054612152838
1940 0.1437979054432577 0.03660106939462882 -0.001634488799084657 -0.01153925231301116 -0.0003789396220379514 0.0003132829273940886
1950 0.1436534032401587 0.03675394410000396 -0.001238180000175776 -0.0115567125839905 -9.885117218356937e-05 0.0002242805836144677
1960 0.143835984199878 0.03622145383869042 -0.0006458235802772767 -0.01137301611359904 0.0002790475996739748 7.561732898888887e-05
1970 0.1439574481017899 0.03586972853554508 5.582696625523962e-05 -0.01125842327679334 0.0005888448650889094 -5.589762224451752e-05
1980 0.1438138275815466 0.03616601541394131 0.000218927256689604 -0.01135999189091733 0.0005582864645974323 -2.970005244739078e-05
1990 0.1437450698123286 0.03614726762881362 -6.439222135031025e-05 -0.01133990070157264 0.0003216116941771978 5.364771072267424e-05
2000 0.143964345301182 0.03568859436685546 -0.0008209317280760569 -0.01120270618939477 -0.0001091849946829991 0.0002254520524993726
2010 0.1439920058065304 0.03580908615021221 -0.001589765727428257 -0.01126014227428665 -0.0004547446167581978 0.0003524981425191178
2020 0.1438484293335444 0.03644561757125019 -0.00169737444522119 -0.01148936162489143 -0.0004333722311538834 0.0003313403215335167
2030 0.1436734198817108 0.03678855959773007 -0.001365780958448001 -0.01157968776629715 -0.000187684997055437 0.0002540502283944643
2040 0.1437448179741778 0.03641686812251078 -0.0008536093698120202 -0.01143343578571991 0.0001646045330874081 0.0001267027798967133
2050 0.1439699324394584 0.0358716789692199 -9.396140548430021e-05 -0.01126170961180851 0.0005344025240855468 -3.85563356645365e-05
2060 0.1438560093892398 0.03608013656055824 0.000219349966411292 -0.01132975364394774 0.0005913203931508497 -4.361882833173488e-05
2070 0.1437277436130073 0.03621595585286039 7.067891190354733e-05 -0.01136579716073888 0.0004141103645948202 2.047620973379826e-05
2080 0.1439020583913501 0.03580940434070281 -0.0005716583373384987 -0.01123817070737331 2.254438191646733e-05 0.0001710806833445473
2090 0.1440231132454665 0.03568537474098041 -0.001424771994111029 -0.01121406420063086 -0.0003919595642262334 0.0003333758161677781
2100 0.1438932427656305 0.03625964714472751 -0.001722916609832193 -0.01142602597672864 -0.0004696977992082959 0.0003450334523805361
2110 0.1437155906591183 0.03675890344319421 -0.001489108050802641 -0.01158153450870225 -0.0002708238118940732 0.000280255565272266
2120 0.143684930561887 0.03658899124701303 -0.001023265697601055 -0.01149042719086184 5.615884068159324e-05 0.0001698051736799108
2130 0.1439456021297848 0.0359565931644357 -0.0002876381635995311 -0.01129159507193182 0.0004483649645129694 -2.721142199313474e-06
2140 0.1438958409217463 0.03598333575101249 0.0001833190483676022 -0.01129521991894145 0.0006087277719170653 -5.44928724672239e-05
2150 0.1437469669306217 0.0362342529582593 0.0001571742298184988 -0.01137625712499998 0.0004851989663816956 -4.187883278554888e-06
2160 0.1438275563228388 0.03595355084647425 -0.0003422323289114027 -0.01128013132379748 0.0001505291888064352 0.0001197063041227689
2170 0.1440219141464787 0.03562534261210728 -0.001204674101785856 -0.01118961789424223 -0.0002977087037662119 0.0002997313820047049
2180 0.1439354177815974 0.03607062589343536 -0.001716218930195348 -0.01135807071966134 -0.000485822231711151 0.000354456586625471
2190 0.1437689917046822 0.03667047728699414 -0.001589371235918283 -0.01155951965860903 -0.0003423201722799686 0.0003025036038563787
2200 0.143653199481959 0.03671039705972154 -0.001163541310039118 -0.01153634641102061 -4.50967059567705e-05 0.0002069479324216312
2210 0.1438837408306325 0.03611727399403969 -0.0005193923906588041 -0.01134138509997447 0.0003397934774650484 4.650894519515092e-05
2220 0.1439400237642405 0.0358993340456062 0.0001087438382907122 -0.01126750090160837 0.0006026059007514934 -5.855208283738433e-05
2230 0.1437883559070311 0.03620163836631621 0.0002064629573451834 -0.01137008056871149 0.0005380315376079577 -2.215022299639496e-05
2240 0.1437664131220403 0.03608564074181229 -0.0001492823876418936 -0.01132041995665335 0.0002658101531606104 7.508632515086389e-05
2250 0.143991818849717 0.03564924032960023 -0.0009582599287150092 -0.01119181924695704 -0.0001806698905358626 0.0002535419527716783
2260 0.1439734974444266 0.03589426934824554 -0.001654346670610784 -0.01129249731748765 -0.0004747957804950124 0.0003563986173277297
2270 0.143821085096762 0.03653485973481744 -0.001666004181783436 -0.01151797826236723 -0.0004033129979228667 0.0003219351244566996
2280 0.1436564206607546 0.03677583666311227 -0.001292920869852491 -0.01156874536581331 -0.0001398082524959574 0.0002387418425785186
2290 0.1437918904744482 0.03631422217749033 -0.0007495712792653794 -0.01140104312984063 0.0002238114344373921 9.995841233698717e-05
2300 0.1439692288802173 0.03585859228876474 -1.159900950975314e-05 -0.01125653246311043 0.0005677355111574919 -5.038228337974925e-05
2310 0.1438325199465762 0.03612807488355236 0.0002254204451562493 -0.01134720282647242 0.0005774555629024187 -3.652964152627041e-05
2320 0.1437293484201436 0.03617998490712313 5.771997873428385e-06 -0.01135196158239832 0.0003651723075628102 3.795312682943458e-05
2330 0.1439407231856583 0.03574219275321844 -0.0007097838200626622 -0.01121804075789216 -5.097638093008705e-05 0.0002006615653751296
2340 0.1440063972681153 0.03574612931271946 -0.001522771385426709 -0.01123639490665013 -0.0004287942950715284 0.0003451298188993276
2350 0.143867220343686 0.03636139934295748 -0.001710077042706894 -0.01146079561505903 -0.000449472346672644 0.0003377011056756956
2360 0.1436919511302437 0.03677864059971818 -0.001419917778774872 -0.01158154365753165 -0.0002271481866209969 0.0002663082711827
2370 0.1437140149046612 0.03649964085860451 -0.0009351310808009942 -0.01145916774187925 0.0001142140057475257 0.0001467024719325536
2380 0.1439665317419381 0.03590178689823147 -0.0001832512254786695 -0.01127348247529444 0.0004987716799332676 -2.445620657096668e-05
2390 0.1438749592034347 0.0360347092679419 0.0002112561547010804 -0.01131405448501823 0.0006028353150714399 -4.868901923026734e-05
2400 0.143734197196187 0.03623230602463344 0.000118256487631831 -0.01137249914488442 0.0004478151291580223 8.249165912230899e-06
2410 0.1438712231467079 0.03587462145176128 -0.0004704754154454095 -0.01125690639996562 7.954569767469342e-05 0.0001475022081076972
2420 0.1440273562852779 0.03565033523988942 -0.001332995355796419 -0.01120086931594461 -0.0003520498633153097 0.0003199129144755087
2430 0.143911764886674 0.03617088499141357 -0.001721618854501827 -0.01139550845724144 -0.0004796841034021342 0.0003506955698514221
2440 0.1437411586629066 0.03672732791454721 -0.00153700182641137 -0.01157406235266384 -0.0003060330721904613 0.000290643124582789
2450 0.143667757134884 0.0366529937455683 -0.001093441861914935 -0.01151360565619507 8.478765346508319e-06 0.0001871462165434827
2460 0.1439184230261245 0.03602322667782918 -0.0003905049067045771 -0.01131355543115716 0.0004022365839273215 1.836857126847178e-05
2470 0.1439184810335551 0.03594049518657776 0.0001587832403014531 -0.0112809389426683 0.0006093214270688662 -5.737959953819056e-05
2480 0.1437663042111762 0.03622666058218112 0.0001857365240960514 -0.01137498040598858 0.0005107219439271232 -1.314089979390789e-05
2490 0.1437969851811603 0.03601769484266121 -0.0002510136738435295 -0.01129970881794562 0.0002052198284470286 9.817614357935099e-05
2500 0.1440101968733802 0.03562497883268374 -0.001094673018975387 -0.01118791086710874 -0.0002449380553379851 0.0002797589279442809
2510 0.1439528084755286 0.03598795555449898 -0.00169165527545774 -0.01132681609240167 -0.0004854355073405868 0.0003568117269624696
2520 0.143792222652716 0.03661570663660372 -0.00163007357807334 -0.01154237822647615 -0.000373126118594123 0.0003119235828199384
2530 0.1436485691798794 0.03674980644158077 -0.001228976844215832 -0.01155459572777066 -8.991734355219024e-05 0.0002219223656410299
2540 0.1438393761083399 0.03620496426502623 -0.0006275457100177 -0.01136898445090588 0.0002865070185445056 7.146468631626071e-05
2550 0.1439572218752499 0.03587570547262662 6.332513137994643e-05 -0.0112587995534556 0.0005912627641848134 -5.685663546578458e-05
2560 0.1438067893337564 0.03617120625489319 0.0002180607172913278 -0.01136039324859679 0.0005576180452031178 -2.904934342976061e-05
2570 0.1437466135276382 0.03613609764133258 -7.598185059755584e-05 -0.01133771982827846 0.0003148702703282078 5.670813676671849e-05
2580 0.1439676916259516 0.03568042560052338 -0.0008400216799162573 -0.01120114513093935 -0.0001208120145377322 0.0002296972495556403
2590 0.1439895876931264 0.03582151272426774 -0.001601276403142563 -0.01126374555074518 -0.0004585611776060039 0.0003533135231742879
2600 0.1438427500995689 0.03645796683049737 -0.001695839901123431 -0.01149233977635576 -0.0004279903634437187 0.0003297364840667643
2610 0.1436717318806969 0.03678588249599302 -0.001354753921922575 -0.01157940508083247 -0.00018114259297663 0.0002519088166276154
2620 0.14375231048602 0.03640231114134201 -0.0008350134149617922 -0.01142838306754409 0.0001717320253481526 0.0001229330433012029
2630 0.1439694222268043 0.035869272978675 -8.151145612003948e-05 -0.01125933573015019 0.0005402981761295225 -4.05925378643994e-05
2640 0.1438523721781203 0.0360898717192479 0.0002165978315457614 -0.01133306019636155 0.0005906955641669069 -4.277855355832875e-05
2650 0.1437324956435279 0.03621102907202182 6.336511117844536e-05 -0.01136536896475885 0.000406592006940642 2.288820928978852e-05
2660 0.1439086840186871 0.03579745254726826 -0.0005829820581641842 -0.01123388806428027 1.220205014203905e-05 0.0001751052255994759
2670 0.144017893694949 0.03569121144863193 -0.001442328181567439 -0.01121587383367006 -0.000397721467064318 0.0003355722999307925
2680 0.1438935586681838 0.03627805095092709 -0.00173015540749349 -0.01143320163941598 -0.0004677030733857235 0.0003439896074997179
2690 0.1437169566289547 0.0367625049630501 -0.001472654981138982 -0.01158286100854092 -0.000264966825226981 0.0002780411763916247
2700 0.1436857712248134 0.03657576768321163 -0.001003331442667411 -0.01148431986914555 6.554699626905044e-05 0.0001664130890905822
2710 0.1439465271751551 0.03594528375470629 -0.0002755592579035571 -0.01128694193838303 0.0004572941774891002 -6.211981337641614e-06
2720 0.1438980859594366 0.03599219914614717 0.0001787276360335233 -0.01129999888245412 0.0006066254701450653 -5.349990423230208e-05
2730 0.1437476492989934 0.03623373997644672 0.0001589344758911511 -0.01137659660895985 0.0004789411554054582 -2.516381737645042e-06
2740 0.1438352827785175 0.03594229167048189 -0.0003618067967750428 -0.01127529063253466 0.0001398251473346205 0.0001240277360941183
2750 0.1440244547632818 0.03562696360589989 -0.001231010963788969 -0.01119036504582432 -0.00030621989336951 0.0003033331314763932
2760 0.1439330609621824 0.03608289687496636 -0.001718133581550964 -0.01136477998055595 -0.0004862961954353964 0.0003543462410752515
2770 0.1437638893281264 0.03668074170177327 -0.001580433044555435 -0.01156191256332204 -0.0003387314642267282 0.0003010909006683544
2780 0.143653432090367 0.0367035410594895 -0.001155200849218351 -0.01153208084747303 -3.686674099717127e-05 0.000204385261970571
2790 0.1438905266969938 0.03610307104665057 -0.0005041230724255384 -0.01133778260272063 0.0003495661198916262 4.216736710187635e-05
2800 0.1439365752234636 0.03590154352466306 0.0001184165025201081 -0.01127003660739033 0.0006020740039662518 -5.851085309759117e-05
2810 0.1437835074789293 0.03620628405317695 0.0002052822143948356 -0.01136990793183341 0.0005332013900791048 -2.07188543547515e-05
2820 0.1437687236450898 0.036077327121118 -0.0001666795081601978 -0.01131618817534691 0.000257868789117464 7.850873191081914e-05
2830 0.1439932836990883 0.03564381749238264 -0.0009818364321057321 -0.01119110295496612 -0.0001902459124986746 0.0002576084396744399
2840 0.1439707735922006 0.03590705019893978 -0.001658079124035394 -0.01129823802691457 -0.0004777707715369294 0.0003566377134236503
2850 0.1438139826979129 0.03654790163415843 -0.001658967880708172 -0.01152035616116404 -0.0003981069358524124 0.0003203237083340611
2860 0.1436565709005292 0.03677287522530558 -0.001287975187110291 -0.01156632341257519 -0.0001313187412559352 0.0002362058425855021
2870 0.1438027846484021 0.03629382364279369 -0.0007275416207599441 -0.01139626840350799 0.0002340534639154237 9.527198987618597e-05
2880 0.1439658761246873 0.03586020569229883 3.412400329411492e-06 -0.01125744171027615 0.0005704268816659875 -5.160521263325842e-05
2890 0.1438303526809281 0.03613878171583439 0.0002231795880322102 -0.01134957311573179 0.0005747210674399247 -3.547854389479896e-05
2900 0.1437341094322827 0.03617732147082114 -5.892911565198774e-06 -0.01135016125799201 0.0003603436620286101 4.00115298406647e-05
2910 0.1439448922656513 0.03572919642311032 -0.0007254547652621216 -0.011215963296141 -6.221753684646574e-05 0.0002049474317786496
2920 0.1440043473176573 0.0357569717670702 -0.001534562941668489 -0.01124086551114798 -0.0004360285094517472 0.000347039939282049
2930 0.1438650468921202 0.03637835568415751 -0.00171074793862784 -0.01146510853338729 -0.0004463690152800645 0.0003370044235693405
2940 0.1436882420205391 0.03678355487643942 -0.001412639730254387 -0.01158261127912797 -0.0002198986640915904 0.0002643916981378561
2950 0.1437178819642524 0.03648515825486794 -0.0009203711201485073 -0.01145625544427356 0.0001205523695469568 0.0001436507806407874
2960 0.1439638338855683 0.03589467138095053 -0.0001693531165910288 -0.01126984387224062 0.0005050587120933883 -2.716889542813164e-05
2970 0.1438711648572935 0.0360438906370145 0.000206817254947722 -0.01131600189497464 0.0006011240456214376 -4.765697662428752e-05
2980 0.1437359122103489 0.03623171459355358 0.0001092494106551315 -0.01137216877954191 0.0004421264205707963 1.016640332233899e-05
2990 0.1438743861865955 0.03585964460100488 -0.0004791398230709586 -0.01125383904671012 6.925611551611603e-05 0.0001511644644197347
3000 0.1440231631805395 0.03565409764343576 -0.001350272566120404 -0.01120195195929735 -0.0003595844157014217 0.0003226545681630432
