"report"
"Iteration" "cd etc.."
("Iteration" "cd" "cl" "cmx" "cmy" "cmz" "cx" "cd-scale" "cl-scale" "cs-scale" "cmx-scale" "cmy-scale" "cmz-scale")
10 0.1623105075831104 0.06408579880580086 -0.02582526361029896 -5.296311857603821e-05 8.437163967858764e-05 0.0003330060783430966 0.1683621460047433 0.05742862600746294 0.00025828770656914 -0.02780437117675311 -4.401326724087676e-05 7.820743143130815e-05
20 0.1996178281779451 0.06917686499904287 -0.01771269747766561 -7.006162850117556e-05 7.697862818896759e-05 -7.423644280024993e-05 0.2048202595196322 0.06587345187688796 -8.107880237407605e-05 -0.01912753730055111 -4.680010483973681e-05 7.760335960948625e-05
30 0.2101543200708369 0.0661619840271222 -0.01499193008677233 7.058741941881292e-05 5.429003190519983e-05 2.240222238294461e-05 0.2148708416569392 0.06243370489408891 -8.70431551134611e-05 -0.01710062455326038 0.0001239276563932397 4.336564549566861e-05
40 0.2110869836411674 0.06916078507121205 -0.01428952552273885 -8.949774485275107e-05 7.519176311293419e-05 0.0006988363595857221 0.2160124233806215 0.0635645572158533 0.0007651684982941882 -0.01710722979655762 -9.742095781513685e-05 7.990298205100149e-05
50 0.2059505091261092 0.06799631364784674 -0.01581916668513738 -6.725672165171684e-05 0.0001747693599923375 0.0001041900134592138 0.2113345193722594 0.06270600588264738 0.0002583074286311774 -0.01834896787263289 -2.853307244859862e-05 0.000193474971780756
60 0.2018208707589254 0.07063177750288475 -0.01719596844515724 7.094773405590167e-05 0.0004116595475919309 1.629495621711337e-05 0.2073049651569283 0.06588783902766093 -0.000494748772664298 -0.01949319220398006 0.0004383551583314595 0.0003574675610201032
70 0.2024982459373829 0.07389704068995805 -0.01670175495685412 -0.0005763367225947004 0.001008796054452991 0.002149605298471683 0.2078222824134704 0.06949794755547356 0.00151674673651462 -0.01877204449202429 -0.0001793965225648512 0.0009398555388264979
80 0.2069661020715695 0.07577539256055447 -0.01590480788649378 -0.0003585288694676997 0.0006347581276534574 0.003045782248681397 0.2120804583989575 0.071957217995588 0.002359639617291181 -0.01779947575064134 7.971973748059545e-05 0.0005631633214349021
90 0.2073709609904209 0.07401939367030382 -0.01524133358012431 0.0004060662462591518 1.540079844576347e-05 0.001994024244231916 0.2124830157198025 0.07042145370321388 0.001485005461454968 -0.01713626280685018 0.0008031921968585538 -2.557470369336011e-05
100 0.2048039985940165 0.06891767860718087 -0.01509965070412033 0.0002220011141928461 0.0001796804847012412 0.002584150416168753 0.2099653570371042 0.0661271810209038 0.001493325255370567 -0.01668631472957388 0.000835192610829519 7.755596940837471e-05
110 0.2031285471606773 0.06617468379759076 -0.01501658164155908 -0.0002666564391738018 0.0005634321489356569 0.004241295141468916 0.2080791856232086 0.06407201065597068 0.002590960946448928 -0.01629731492158888 0.0004660694890089374 0.000393575574171122
120 0.2033149458161363 0.06543695517841454 -0.01460510210453659 -0.0004157491026686852 0.0006806444173166348 0.005411117666111247 0.2081315939102736 0.0634814792994812 0.004067217368180288 -0.01583689217044078 0.0001045505862179621 0.0005250060752271115
130 0.2029992796606022 0.06579103384487235 -0.01403366311658307 -0.0002895179815440762 0.0005235320322573859 0.005370264683159719 0.2078798335407059 0.06388092183445528 0.004432234037173348 -0.01535549149496591 1.434474535439303e-05 0.0004066729543269849
140 0.2023287078277539 0.06687433639561356 -0.01360326291911404 -0.0002970866536399186 0.0006453022892746213 0.006480072273422261 0.2072793915938514 0.06518912657029949 0.005616660145058638 -0.0148627419769939 -0.0001433580713005856 0.0005448136150550763
150 0.2019809927726375 0.06759967845964616 -0.01319735324691022 -0.0001683179818866037 0.0005920223226436667 0.007245014264310539 0.2068255864296215 0.06606500399550469 0.006412040011100004 -0.01432996487399659 -3.506847609761775e-05 0.000499292130981731
160 0.2013047713684981 0.06752588989203423 -0.01286878756279575 0.0002467696797098233 0.000134461451649865 0.006230707851775936 0.2060041596020878 0.06614954049577514 0.005549034810984753 -0.01397516811286128 0.0004298863816264408 5.762689897050677e-05
170 0.2008040074373452 0.06694519019719085 -0.01275252224069051 0.0006279900285148727 -0.00033438420370376 0.004724673908725752 0.2055139703869208 0.06549906826559279 0.004438330117487437 -0.01395930464476994 0.0007102608078268037 -0.0003718737509754383
180 0.2010514320608851 0.066505036498775 -0.01262432990042355 0.001111758280237667 -0.0009157761184529303 0.002507291747110229 0.2059640183774521 0.06474837035215873 0.003181425999381416 -0.01397909034863446 0.0009068927990514048 -0.0008629317898994953
190 0.2015648119701963 0.0669345986913962 -0.01245936393877365 0.001029557029859899 -0.0008964416842280544 0.002585588483125655 0.206492173768061 0.06463433978645486 0.0036446237831543 -0.01401825897934143 0.0007115321657972154 -0.0008061754375623852
200 0.2014168666025799 0.06724693455511208 -0.01240374954111663 0.0003437117186306478 -0.0001858008701769035 0.004870897815126929 0.2064294569278957 0.0645461067720848 0.005315915952286296 -0.0141267776955127 0.0002080839953595823 -0.0001345954196204756
210 0.2003568945799609 0.06783949392918297 -0.01231556706616435 1.818677656946898e-05 0.0002710336766827612 0.004632380166441149 0.2054709745968126 0.06556785648029993 0.004659160491596417 -0.01397835280686043 1.528773214445589e-05 0.0002989664171476446
220 0.1995369552651394 0.06863784300975562 -0.01209484727474838 -8.358000836310853e-05 0.0002835400278175179 0.0031773320337426 0.2045143370507544 0.06699158258266223 0.003084771940695615 -0.01357096395671063 -4.621012313529855e-05 0.0002961249109296483
230 0.1991209201798466 0.06881361291820479 -0.0118157826570676 0.0002001309003049606 -0.0001203638018653419 5.78957978560724e-05 0.2040769814433861 0.06735789746532127 8.23538793656665e-05 -0.0131940957591491 0.000210725915665535 -0.0001088445744326732
240 0.199019445318545 0.0687167092204235 -0.01182268532207725 0.0004705419705135621 -0.0004929868902022118 -0.002692041224913661 0.2039371172275501 0.0671878251399359 -0.002473265602313195 -0.0132060249614816 0.0003969442485045884 -0.0004694345868256661
250 0.198493176802837 0.06875531746718254 -0.01185677152592294 0.0007634188643869989 -0.0009052108290477891 -0.004361029462233197 0.203331045880957 0.06717324997955489 -0.003881650213109909 -0.01327040705372501 0.0006016474513912866 -0.0008581616053146206
260 0.197721850076362 0.06849734143309634 -0.01193029541460001 0.001067835545043941 -0.001273713006181995 -0.005903494391043889 0.2025054857404929 0.06688196644069275 -0.005246030730021915 -0.01337546878769365 0.0008826527897860382 -0.001207007720540131
270 0.1970491315386677 0.06809170713302087 -0.01200742409273343 0.001094364612533727 -0.001314193331637511 -0.006278999898513 0.2018358411947865 0.06657312130763572 -0.005933598894075504 -0.01342933046740973 0.0009711524861398789 -0.001277220589437829
280 0.1967239072406086 0.06848136850357539 -0.01199633881093248 0.00113499252063702 -0.001360524645403031 -0.005940475584685556 0.2015278003972033 0.06722797263377889 -0.005996739444586564 -0.01333584986242998 0.001129984572014389 -0.001368832908748334
290 0.1958489032918971 0.06876304013999576 -0.0119984110308448 0.001227083881072115 -0.001392279841862705 -0.005037953252520236 0.2006366224466855 0.06764270117237449 -0.005459096317691634 -0.01329143791068464 0.001373940986446751 -0.001440809325729774
300 0.1949699271584254 0.06846668900010253 -0.01196374675733361 0.0008716806677640022 -0.0008144682657888036 -0.002246922780440197 0.199766572283834 0.06721931763076179 -0.003221694477784881 -0.0132677646888557 0.001219281691837153 -0.0009253638030746623
310 0.1954245589453932 0.06824646528782259 -0.01176659830776578 0.0001020954125791159 8.411034323414318e-05 0.0009467165990037739 0.2001637218796502 0.06684643144775977 -0.000212596364895503 -0.01305948186884682 0.0005208759338999439 -4.751479456896097e-05
320 0.1960121534743729 0.06811445684024595 -0.0116540986827199 -0.0003487480661248007 0.0005642784351878915 0.001819330041655271 0.200642964956059 0.06665483222167687 0.001103132472073855 -0.01291361790427481 -0.000102868670191732 0.0004703881242953976
330 0.1957670175415403 0.06806919027006822 -0.01155371267873682 -0.0003235151301328327 0.0006288459080225501 0.0007270924565465887 0.2003174577087793 0.06658677285912275 0.0004864949929045968 -0.01280376679391124 -0.0002552116423642275 0.0005824909193634875
340 0.1955950037492102 0.06820136942752299 -0.01134272492694914 -0.0001918314303812288 0.0005654995650460488 -0.0001177401480646031 0.2001124585175706 0.06681504491552138 -0.0001155424663368957 -0.01256518068561366 -0.0002092284874586435 0.0005534430016704478
350 0.196156910625711 0.06806246833296019 -0.011088181307096 5.597537405022501e-05 0.0002472878778252709 -0.0005005491281522358 0.200669373187877 0.06672740903197466 -0.0002404937253318387 -0.01229933093109092 -5.282261295030586e-05 0.0002706401006713415
360 0.1972707227770431 0.06756292975689678 -0.01087664388882517 0.000583842048296126 -0.0003608150367130231 -0.001313363902822468 0.2017930453008136 0.06619996524525847 -0.001170893556005896 -0.01211403712405775 0.0005083763932989122 -0.0003405724350285442
370 0.197637543367491 0.06624546267280067 -0.0112477586660653 0.0007136359473418406 -0.0003925638535072188 -0.001431165728480779 0.2021477835751785 0.06462152714369412 -0.001232789328058512 -0.01261185701310579 0.0006670926755455641 -0.0003626841150240468
380 0.1971377945073437 0.0652589413791876 -0.01161996572235605 0.0008514899663468541 -0.000412950097695588 -0.001515042458181831 0.2017041492110302 0.06325238577466377 -0.001076551856863873 -0.01316788051312804 0.0008470045526527139 -0.000359022761971666
390 0.1969955122863408 0.06555745049547851 -0.01158112530047842 0.001058936586027776 -0.0006492380065084331 -0.0009305627613292102 0.2017175195376874 0.06344443641080219 -0.0005417559399303188 -0.01321634980976353 0.00109976570334031 -0.0006006718773652193
400 0.1972780764993248 0.06645809699550209 -0.01158142240343821 0.0007609096969027803 -0.0003037318309996828 0.001129875953470182 0.2021158653214941 0.0643757750600723 0.001464117479610054 -0.01322628795635711 0.0007920075158454232 -0.0002668946491857878
410 0.1964467216957088 0.06646789505489295 -0.01164941012530735 0.0006613960215859288 -0.0001907983295260612 0.002845056946573167 0.2013650718174415 0.06432146730155214 0.003721824560344341 -0.01327551257033104 0.0004883029131175565 -9.384574827635205e-05
420 0.1955009865984885 0.06611281145890505 -0.01154096696806713 0.00079856858890435 -0.0003166953494832679 0.003721758380569872 0.2004492962100025 0.06405622571942676 0.005038716189643635 -0.01304589523758484 0.0004439390878807571 -0.0001657170238585743
430 0.1958443256025636 0.06626595399105228 -0.01155176950473049 0.0007769605572401841 -0.0003838698148984983 0.004558866748646251 0.200734654598994 0.06441029958510827 0.005956536760466059 -0.01289960824192185 0.0003408567238552909 -0.0002199928938871475
440 0.1967335160479607 0.06657330431933621 -0.0116318318906465 0.0004826459238025617 -0.0002871631737507935 0.00477187522846083 0.2015819201184636 0.06478829623093815 0.006072442272356201 -0.0129301572317446 2.873664279497503e-05 -0.0001336131533739284
450 0.1972359587897526 0.06682765981984283 -0.01157589134971662 0.0001885767964979578 -0.0002282518991292199 0.003172491429455135 0.2021020620127657 0.06495588846628673 0.004201085216931322 -0.01294045462171974 -0.0001858848826608822 -0.0001068605975692721
460 0.1976310598842102 0.06697903395800754 -0.01165963887044064 0.0002003917006579024 -0.0004494373842713786 0.001122717554516772 0.2025263946877213 0.06509462513761501 0.001866755624936285 -0.01311226207562838 -8.740803824263329e-05 -0.0003563955597933484
470 0.197834152331158 0.06731279571000769 -0.01164633981087656 0.0003891286093887744 -0.0007965938327468984 -0.0002559715057915181 0.2027484440860814 0.06544717890648266 0.0003769777091749613 -0.01316173621703782 0.0001364198244205866 -0.0007143751973232126
480 0.1974715642362471 0.06708144585432788 -0.01142968159313316 0.0003275554573774054 -0.0007651335075110572 -0.0011176838433141 0.2023796580633944 0.0652080434325143 -0.0004847705015115203 -0.01296336117266382 0.0001100802958851637 -0.0006866154086115606
490 0.1971745807449154 0.06634473958327214 -0.01140434654403003 -8.404244416599096e-06 -0.0003044364029979685 -0.0004678600169377814 0.2020801122700016 0.06455203302823481 -7.549808119545075e-05 -0.01288544396328807 -7.834934141174546e-05 -0.0002531075352824541
500 0.1972788150325329 0.06634421159342588 -0.01160313486669554 -0.0002942461541771001 0.0001317180377810546 0.001178898928697256 0.2021579730355314 0.06477949371693809 0.001036634191954416 -0.01296753169374458 -0.000106865319294122 0.0001270361907315483
510 0.1970946815862854 0.06640053346057011 -0.0117808597678585 -0.0004656667230606291 0.0004157878682695996 0.001244880634998817 0.2019711742689425 0.06506171652908724 0.0008707253085177435 -0.0130529669457623 -0.0001350124875979199 0.0003813923595888864
520 0.1964081481860331 0.06631193067944889 -0.01194138593887213 -0.0002779982619727409 0.0003769331551574726 0.00121979329966076 0.2012438081144929 0.06492534410333543 0.000975307783642082 -0.01324371046926593 -7.691303488949434e-06 0.0003484702457947317
530 0.1956370477330272 0.06620001933494943 -0.01207952175418841 0.0001065462701773698 0.0002432292961600774 0.000294304177214301 0.2003898483665888 0.06460116725938342 0.0002792434420722969 -0.01346719199506944 0.0002207411211957444 0.0002342014876956873
540 0.195472954406749 0.06653856327856826 -0.01198865137254755 0.0003766341441535055 -2.568879864125136e-05 -0.001388963728752091 0.2002084754838007 0.06491804503016678 -0.001121131387235541 -0.01337855078953715 0.0003383429481611992 -8.784213962330452e-06
550 0.1954369195667463 0.06709706415811467 -0.01161615082098994 0.0004088356989181362 -0.000218163691420082 -0.0005871903772865002 0.2001820774602959 0.0657025107248158 -8.720546094480006e-05 -0.01290700369806168 0.0002247297068327819 -0.0001774506939901314
560 0.1957381822586344 0.06714013493900234 -0.01125113556006317 2.445339361537299e-05 0.0002684102810743784 0.001856256099882695 0.2004973484402542 0.06593391603242391 0.002252538847327728 -0.01245952787867845 -0.0001477825949554478 0.0003041776678033492
570 0.1967064891673549 0.06691454427165687 -0.01131730547730702 -0.0002947497871909483 0.0007915585272908687 0.002787363068216781 0.2014490272908901 0.0657528227297909 0.002642099385973049 -0.01253602264254897 -0.0002468136450190912 0.0007805763293212632
580 0.1971729222618692 0.06710541101866299 -0.01127557955121455 -0.0002435420719629292 0.0006603729247715551 0.002951682315458506 0.2018562647155604 0.06581168473440416 0.002831909216234564 -0.0125747556192019 -0.000166651616073284 0.0006512512893510324
590 0.1971893710640241 0.06774213462313039 -0.01118273814203702 -0.0003209574365872627 0.0006271030879611434 0.003010109089566792 0.2018696722253518 0.06638149043232112 0.003346187484560567 -0.01249791497066868 -0.0004129778695041262 0.0006571918815117539
600 0.1965798589149256 0.06756612444175115 -0.01105266185376743 -0.0001293314331844584 0.0004060039067848567 0.003053616368883707 0.2013880956804503 0.06615644541451035 0.003389940088671202 -0.01233575157655646 -0.0002878000241331836 0.0004335980883436752
610 0.1966529033904228 0.06707531450173976 -0.01071821335439274 0.0006564557341985444 -0.0002562896810002341 0.002676600666351736 0.2015020157107457 0.06569889079527769 0.002852653738994021 -0.01197035394913683 0.0004965631131351479 -0.0002496809883097984
620 0.1971059037031399 0.06726338149509101 -0.0106438508581922 0.001236894550964733 -0.0007470217615093135 0.00310516406695406 0.2019111158627227 0.06591748869558373 0.004038829201102808 -0.01190402637102356 0.0007764985750122614 -0.0006650388879245325
630 0.1980355582630705 0.06767053445021705 -0.01086365869270487 0.001748594064856021 -0.001246843476790281 0.001858550357297795 0.2028087582882183 0.06600277291308564 0.003324581095215563 -0.01223718758869167 0.001123307506765218 -0.001103724155539782
640 0.1985639994712403 0.06725912093542376 -0.01129803623778524 0.00198025404744983 -0.001493552974032758 0.001020369454405172 0.2033257625689792 0.06526836296255407 0.002379829547911594 -0.01279513974387747 0.00139735336689483 -0.001350272403072478
650 0.197740206864719 0.06616387527320218 -0.01143567327449452 0.001851227891957828 -0.001349342823883342 0.001063400511957854 0.2025248872469676 0.06389090423172041 0.002628062566339597 -0.01302360310380043 0.001200276037251119 -0.001176044723124497
660 0.1973970162916006 0.06618407129074959 -0.01157133374360885 0.00128740772957965 -0.0007724607627522049 0.0006295288108599863 0.2022115288699637 0.06387533451450733 0.002328452011954788 -0.01315241985441596 0.0006421097139423053 -0.0005862668993758639
670 0.197379153925478 0.06654878166707608 -0.01176050634455546 0.000675955005645142 -0.0002487428326395677 0.001293084031731949 0.2021805031061467 0.06448032504619657 0.002891740244050962 -0.0132939453194118 0.0001165616294810302 -7.821145730467064e-05
680 0.1973935759608123 0.06674791566326739 -0.01176838515732051 0.0005282767574181115 -0.0001165651632674144 0.00247624187456746 0.2021856481822935 0.06481414711125204 0.003645524632082148 -0.01332335313579907 0.0001751557660787266 6.166573852658774e-06
690 0.1978183440173966 0.06670031435588243 -0.01158773866711341 0.000703162177859479 -0.0001672651790755671 0.0023358807655011 0.2026304240863924 0.06473376401523158 0.003172719278421326 -0.01322361133065562 0.0005460912305935131 -7.591454912116094e-05
700 0.198441120584776 0.06690648911204607 -0.01158828370099551 0.0006439776806338588 -3.856460033639723e-05 0.002091977831751695 0.2032464064667682 0.06477498613058326 0.002630808675996711 -0.0133200964170834 0.0005984401789424468 2.474699825988506e-05
710 0.198948615845334 0.06706643667135921 -0.0117463270453592 0.000366883098019372 0.0002241451117286151 0.001386265158497209 0.2037588581729431 0.0647342206832819 0.001651123000182907 -0.01354633467060403 0.0003674458781382188 0.0002592706624381601
720 0.1982346511465606 0.06709424018088452 -0.01191813507543641 0.0005192598094440039 -6.909953331596036e-06 -6.103167539783216e-05 0.2030687761231338 0.06463816085110127 0.0001356074413631085 -0.01372775953247479 0.0004751134803338778 2.245683883390002e-05
730 0.1975638052288095 0.06693898117683876 -0.0122352510724819 0.0004807464366225829 -0.0001524219218589377 -0.0001333267422337432 0.2024052476318667 0.06456008923614427 9.957360729804821e-05 -0.01394453633029989 0.0003352445380494818 -0.000120788634984602
740 0.1972241534480023 0.06686124204878044 -0.01246301701735924 0.0002755707968234848 -4.358608395131741e-05 -4.380935579943993e-05 0.2021027739324781 0.06466930161221196 -8.430037562044819e-05 -0.01403659870512282 8.55564881377272e-05 -3.855995278121859e-05
750 0.1970963476748083 0.06706586981185499 -0.01272737912275421 0.0003038506071454108 -2.568276393013985e-05 -0.0003264086928676456 0.2019611136344419 0.06479809615226217 -0.0009156151973124135 -0.01426371927196757 0.000213031442723787 -7.372337256480709e-05
760 0.1970499546164233 0.06761666669383336 -0.0127117703794203 0.0005577072893410793 -0.0002774187068104382 -0.001262059402388822 0.2018256456872477 0.06519068260253522 -0.002129350382887806 -0.01428068816651899 0.000571539979020923 -0.0003544060443360732
770 0.19724215464442 0.06790025677401189 -0.01257723634614199 0.0007157956192134212 -0.0005425013845968645 -0.001991880159760936 0.2019534506054387 0.06539040166055249 -0.002435804223201559 -0.01420555893166159 0.0006362644418728468 -0.0005845566715329003
780 0.1970084277641415 0.06835574084832965 -0.01256557868038165 0.0003943639815902008 -0.0003739655230607077 -0.001040534937546573 0.2017179235043783 0.0658977214618455 -0.0009173852799249751 -0.01421054246423456 0.0001490992930230473 -0.0003640230406121959
790 0.1974237969123752 0.06865669760491222 -0.0127466996505329 5.014015699700586e-05 -1.001299680285045e-05 0.0004356164936169813 0.2021509401488836 0.06628927401253464 0.0006084868501535782 -0.01436447274047671 -0.0001665456132957479 5.308080446539416e-06
800 0.1981496838406885 0.06878907504722086 -0.01293175849489014 -8.343179175391072e-05 0.0002131869893386323 0.0004190072869163571 0.2029077922997786 0.0664646019520901 0.0004011798085198706 -0.01455652653502353 -0.0001629181949792029 0.0002125810677106262
810 0.1984874666891763 0.06857994774807194 -0.01298581907573761 0.0001347384338376018 -5.992603240682432e-06 -0.0007881835469566572 0.2032763251252686 0.06623546849955717 -0.0006810439869474405 -0.01465028964521362 7.841329871254959e-05 1.117168708919598e-05
820 0.199069991234345 0.06826121415566956 -0.01300846310302122 0.0004939916418466288 -0.0003955715471193987 -0.002256461298453099 0.2038753201159006 0.06593052761228307 -0.001634708384670105 -0.01469579614532034 0.000276235895956227 -0.0003243956081346618
830 0.1993598395361344 0.06815783887246954 -0.01302203573993777 0.0006005779665761661 -0.0004706374074820913 -0.002935273711664937 0.2041531228012852 0.06583284978580629 -0.001769503239891959 -0.0147325610000831 0.0001551828164815404 -0.000345837244886659
840 0.1989027273036268 0.06805333903514262 -0.01331957191456394 0.000309880883112258 -0.0002789316493627603 -0.00184114749256127 0.2036890093802298 0.06569787256781447 -0.0005552497645119631 -0.01503304039982082 -0.0002181918806839575 -0.0001441536527754867
850 0.1982743280136514 0.06860378282188889 -0.01365118026915237 3.027466095033852e-05 -4.917346965097966e-05 0.000566285647318315 0.2030821235847483 0.06627299095167566 0.001461966786026566 -0.01527899577287339 -0.000370983867596155 4.731895062137614e-05
860 0.1979190603466263 0.06929432235118156 -0.01357501594607841 -0.00027351985819907 0.0004423122325844554 0.001585149221499139 0.2027038031886629 0.06708478614723544 0.001997541886011911 -0.01509466715952827 -0.0004825838037137787 0.0004907474158377487
870 0.1977609940700281 0.06942765958823367 -0.01352897501914915 -0.0007212041230802657 0.001137800714335713 0.0008275638658909346 0.2025080892274784 0.0672239129274383 0.0009156166100523275 -0.01504774032724275 -0.0007986307952724606 0.0011509072927195
880 0.1978054186959633 0.06953126854271124 -0.01365128293127044 -0.0008937918004767059 0.001474175541818453 0.0002682909097100638 0.2025484839511553 0.06726841520352815 0.000289509974018355 -0.01521704721153767 -0.000921805702712434 0.001478971140955632
890 0.1979050971242285 0.06988577094278782 -0.01380837483003951 -0.0008262283034537163 0.001485081936998638 0.000150339990169324 0.2026770004082138 0.06764613547664729 7.091613307047694e-05 -0.01538737236317674 -0.0008051189653870497 0.001481327510957379
900 0.1983655080361994 0.07072583473358822 -0.01382150068461868 -0.0007750711327289228 0.001517313461022921 0.0004795982573581037 0.2031882250459593 0.06857423180697905 0.0003238498161218241 -0.01538285587561978 -0.0007058359720844783 0.001503295884306172
910 0.1983557249505292 0.07103074834597718 -0.01359020424187353 -0.0009556030632243056 0.001682851825593444 0.0009136974880726948 0.2032321214460118 0.06892206563529318 0.0009076129216084892 -0.01512792341319168 -0.0008976109446148817 0.001680875333809331
920 0.1988915714435221 0.07139249664680086 -0.01333634950809664 -0.001006426377658403 0.001635660632251273 0.001904221660591732 0.203805242417144 0.06928001838076944 0.002183575849413252 -0.01485514440737487 -0.001038978015883671 0.001668424547369958
930 0.19952845596135 0.07198477584724354 -0.01316299496866071 -0.00107891297115438 0.001568167389446796 0.002926630530278603 0.2044429513413369 0.06990805064885366 0.003604833743956704 -0.01466719944265748 -0.001275155594318046 0.001642590109167339
940 0.1999396123494249 0.0722032409982002 -0.01304669829177124 -0.0009639102457714881 0.001316817070515884 0.003280168539305537 0.2048444493594954 0.07017918316435726 0.004196741631523959 -0.01455822884401152 -0.001260300820442272 0.001410024136686867
950 0.2002673087376795 0.07119165116521994 -0.01284226251902064 -9.583605183923052e-05 0.0003830977554035005 0.002852112806609761 0.2052038906162323 0.06922327259630225 0.00385893238011223 -0.01439600875508045 -0.0004226883242820596 0.0004815240160751902
960 0.2004288652904203 0.06977739381643649 -0.0126531350833768 0.0006980334880201391 -0.0003080571376091205 0.00227637798408726 0.2054210967415847 0.06785831278216282 0.003449842431869636 -0.01426114847195982 0.0002641061149892214 -0.0001908279190367114
970 0.2001799572231129 0.06886528058238507 -0.01232062273716378 0.00113026533383335 -0.0006384715352602068 0.002202301228131288 0.2052185699271357 0.06698758178063349 0.003825250671582874 -0.01390498253461402 0.0005253051007360899 -0.0004808257332341128
980 0.1991873656459313 0.06834668171911565 -0.01214266563167356 0.001360866273217175 -0.0008511482165239201 0.002644804435068108 0.2041920311183154 0.06638922243826008 0.004954656965344801 -0.01366715992820254 0.0005907683743521215 -0.0006235828926600738
990 0.1981544263149347 0.06760124781545329 -0.01215463181159796 0.001459251316528703 -0.0009555111858958722 0.002508591583425308 0.2030986238746348 0.06552769506087605 0.005133764089867055 -0.01364778132174097 0.0006834144983990148 -0.0006867441056022931
1000 0.1978588021322272 0.0667955579821297 -0.01221028886213796 0.001608799227428372 -0.001139858903870167 0.002287082637998041 0.2027659907567221 0.06477267558052409 0.004602800000532726 -0.01369811737465713 0.000988978624494833 -0.0008925601661675212
1010 0.1981990487810884 0.06659546164517409 -0.01206157246110381 0.001919142480711734 -0.001423798626665275 0.002107569368847045 0.2031063327467525 0.06461867250374344 0.003912256661743448 -0.01359231574202645 0.001493682376944027 -0.001232419384183412
1020 0.1987781118767679 0.06708496036592658 -0.01191244451088777 0.001793481721508701 -0.001254480660282121 0.002476693675738749 0.2037174055348454 0.06507434742398936 0.003911465329430146 -0.01349557787766622 0.001463665599265736 -0.001110543532199893
1030 0.1987601608689374 0.06741438619715463 -0.01187096099689035 0.001288599862721301 -0.0006773255601900025 0.004348915608383665 0.2036956684938523 0.06568982224322217 0.005402672786449902 -0.01341155663925751 0.001044154000195317 -0.0005728048432631487
1040 0.1985808074083519 0.06793455348735943 -0.01187208867076739 0.0007618388845041092 -0.0001314811405124396 0.006286180643333706 0.2034999540384876 0.06649587409521084 0.007013662433766804 -0.01336388583194928 0.0006686740104363988 -4.988304179319168e-05
1050 0.1973579713403199 0.06839089235494693 -0.01222730927425409 0.000651484361190079 8.780371065710387e-05 0.005773471791418705 0.2023391930363787 0.06690718205424641 0.006145884351300495 -0.01374878236081828 0.0006425796867305027 0.0001451980664720388
1060 0.1958096020396284 0.06730828280056562 -0.01249006333513902 0.000388132902182549 0.0004599870507426803 0.003808371624340122 0.2007989934311215 0.06578493143078706 0.004109154382490422 -0.01400580037265825 0.0002416000936408343 0.0005171703498841749
1070 0.1960010233330895 0.06641164238370793 -0.01236646226242985 3.997466315530966e-05 0.0006125174204987448 0.001697251844452039 0.2009372487917724 0.06499164827477526 0.002690034841830863 -0.01381032581621017 -0.0004441966512585075 0.0007321833157921399
1080 0.1971243244631476 0.06721997623043122 -0.01220351929947643 0.0001535450161356404 0.0002029178604933853 -0.0005073307079722806 0.2019990172837413 0.0656656023701722 0.001019740740562748 -0.01364110240065281 -0.0005666055575965187 0.0003571670370676997
1090 0.1973009521979403 0.06833734515103444 -0.01195619178553838 0.0002997834288777183 -0.0002473706341046171 -0.00243379560250639 0.2020709084534658 0.06687566013332623 -0.001497781656856879 -0.01334548949095875 -0.0002965350643262032 -0.0001638727655767477
1100 0.1963977963049075 0.06833579857306596 -0.01177872530143399 0.0006591130030175526 -0.0007038132452505156 -0.00494178331698286 0.2011183170361386 0.06706584794517582 -0.005058958787089393 -0.01309844126672804 0.0004395412313451383 -0.0007318039331099541
1110 0.1968941989048761 0.06856238467661803 -0.01150886896343654 0.0008724037193039659 -0.000828813620382775 -0.005929389077513073 0.2016093882968864 0.06739561617488742 -0.006481552629688767 -0.01280016718067995 0.0008897173189801203 -0.0009030246838382502
1120 0.1981273235905164 0.06863680721484169 -0.01122332617459942 0.0004052445458513722 -0.0002481582744588436 -0.003768244778566124 0.2027956435898539 0.06725002340662352 -0.004154107968313226 -0.01259687742530627 0.0005090586749593246 -0.0003027566363942887
1130 0.198562326230312 0.06812873014308585 -0.01131344450445618 -0.0003243998168714278 0.0005234517267043401 -0.0006526870523895326 0.2031888300260083 0.06632011222421161 -0.001056083598120822 -0.01283580575985246 -0.0001409643832788373 0.0004790177783163497
1140 0.1975262702828103 0.06727427977149567 -0.01156541295789399 -0.0006890505377948804 0.0009010397132006713 0.002266568138389264 0.2022700102709951 0.06512494327853506 0.001938750350262195 -0.01317752110329645 -0.0005380043136826449 0.0008675613778227608
1150 0.1959919097013604 0.06654927544833146 -0.01192501683567011 -0.0009216302651796036 0.001227795177823446 0.004145274785031994 0.2008925464896926 0.06417791339654817 0.004272950098773925 -0.01354528014944884 -0.0008964204930185601 0.001232485830982937
1160 0.1943670684974041 0.06621597018141412 -0.01214918353442387 -0.001130414448469117 0.001520354557836623 0.0068865734378206 0.1993763469984093 0.06380265881566179 0.007435857080138892 -0.01370992194174516 -0.00119591922094364 0.001562791854965182
1170 0.1932375391307034 0.06636828131762332 -0.01207755029820859 -0.001348910556685558 0.001935219795335997 0.01031987496884713 0.1982343473804141 0.06431352806655649 0.01082695519791022 -0.01347499775926909 -0.001381188917329053 0.00197997117900012
1180 0.1926677164195685 0.06641363776345947 -0.01195797305557166 -0.001325325585955571 0.002135837288598019 0.01239838391530565 0.1975464869536077 0.06479530354561572 0.01265017777361162 -0.01322420801278467 -0.001252093943011163 0.002162285780445943
1190 0.1933772986446497 0.06681117355584218 -0.01154876447647284 -0.0007795492197162359 0.00170460217210404 0.01274760262445627 0.1981078455627543 0.06519272757289975 0.01279525858060765 -0.01285724891769639 -0.0006538894704818877 0.00170551007220404
1200 0.1948420732576129 0.06747396957400419 -0.01107091838328861 0.0002741586943458317 0.0006851134372230663 0.01063640209049859 0.1995753823502216 0.06584205084722898 0.01094016778498541 -0.01244015790708791 0.0002704493764341414 0.0007056173170281914
1210 0.1961372271721403 0.06736597776784208 -0.01077690837888646 0.001064707345783386 -0.0002212072409689378 0.006479470616457135 0.2009347455772706 0.06582020059490361 0.007321650384939775 -0.01214735078706704 0.000864644981448777 -0.00014328076025729
1220 0.1968479340825635 0.06696386985455773 -0.01086569589741341 0.001185508362036283 -0.0005722600308611561 0.004659867093361801 0.2017050351295352 0.06548139580416865 0.006277587304847732 -0.01221051490588427 0.0007729309610929074 -0.0004135424448394107
1230 0.1968415547931406 0.06668254342408114 -0.01099326432803126 0.0009214697157596985 -0.000545162479712826 0.005012728168040053 0.2017822931610655 0.0651904844861743 0.007221336745002242 -0.01230896999621807 0.0003263549503927754 -0.0003248501380496335
1240 0.1971494229861418 0.06709169143905949 -0.01092366322007936 0.0005586857018308266 -0.0002463174617326709 0.006239569891517348 0.2021262619343597 0.06561815254545665 0.007688863928113342 -0.01217470545224027 0.0001445696147550328 -8.811371299030981e-05
1250 0.1969567163012341 0.06741616140315898 -0.01087546621038175 0.0002149192671141088 0.0002131563797614911 0.007074253336942528 0.2017517834968806 0.06593729662798101 0.007772758046393773 -0.01206459681155776 0.0001085265495651989 0.0002965433191540873
1260 0.1964008304120693 0.06729246348485261 -0.01104041413160007 0.000370512195163933 5.06442366884163e-05 0.00489100653670675 0.2010146806532761 0.06550322186899701 0.005906629080022032 -0.01230672580996263 0.0001870965812651797 0.0001613872732601648
1270 0.1967042504004756 0.06618369074455642 -0.011262433384496 0.001361365408171187 -0.001257999361583917 -0.001415260103595845 0.2013424606515921 0.06397214406900714 0.0003655572367552594 -0.01268921861562482 0.0008673485283647095 -0.001070296546407271
1280 0.1968530740000433 0.06553426338248404 -0.01146754422680438 0.001970387807446912 -0.002155879641380138 -0.005968702496807463 0.2015723082671157 0.06277712720554496 -0.003390997366805209 -0.01311700046778511 0.001127326193591696 -0.00188901545647939
1290 0.1962747019504376 0.06555318346747144 -0.0118192194594187 0.0018992276840086 -0.002085765617226665 -0.006763891702264907 0.2010674421258332 0.06250367351011871 -0.00385143804579892 -0.01354345738038869 0.0009029849963553568 -0.001781578477374635
1300 0.1956293859137869 0.06555955140168476 -0.01230066102861391 0.001328130268291186 -0.001402839201524543 -0.004337362151891086 0.2004083988794369 0.06252302332335952 -0.001870172045475206 -0.01396582885345632 0.0004767073139747233 -0.001139093416301452
1310 0.1953546984779777 0.06552783430862034 -0.01279419664841834 0.0006453186174482505 -0.0006712611950696906 -0.002033561711293509 0.2000953441650612 0.06250568320509016 -0.0005488569682983224 -0.01441976611239856 0.0001642686118192991 -0.000507098871903057
1320 0.195401075212292 0.06585894916476238 -0.01317316737513003 0.0005474013943968126 -0.0005258846183483142 -0.001728510468808779 0.2000963464315063 0.06284516779256778 -0.00105953374538767 -0.01480638583513933 0.0004028347080568296 -0.0004433296248650814
1330 0.1950718589520419 0.06664314599888325 -0.0131733721459641 0.0006625135473038308 -0.0005331062424411623 -0.001488466409877652 0.1997805398796153 0.06377571934741108 -0.001044929415468945 -0.01481170715304786 0.0006229036785840217 -0.0004740809871232884
1340 0.1954528665493093 0.06703744992865104 -0.01313639938160918 0.0007139078624315323 -0.000504534360199646 -0.0006764316597674806 0.200208382605148 0.06442491950932752 3.144649847796394e-05 -0.01475404627847581 0.0005986758116503689 -0.0004221710488524795
1350 0.1962821870166095 0.06726902281412084 -0.01298069776988173 0.0004925529914447948 -0.0003241560151536346 0.0001841390193073667 0.2010798904071916 0.0648013754724244 0.001208865870353047 -0.01459438967686803 0.000262302456895437 -0.0002101817281880273
1360 0.1969908999561877 0.06815821065906981 -0.0128488849231035 0.0001207842963177654 -3.91117237435072e-05 0.001273140152166105 0.2017866085631384 0.0656850679653692 0.002333043291114368 -0.01447140922737249 -0.0001489762551625265 8.008821645448745e-05
1370 0.1975942634127777 0.06882209356146242 -0.01280660523050265 -0.0001281155182754992 0.0003131490976777519 0.001293900368929424 0.2024323872244249 0.06643004629170431 0.002236791044865181 -0.0144137611939443 -0.0004179556906698346 0.0004224955097826742
1380 0.198272620366406 0.06960097016712004 -0.01288998566700061 -0.0001563794869381131 0.0005360743041077251 7.952834045996896e-05 0.2030739933143537 0.06739392258881872 0.001011615292026646 -0.0144771359018148 -0.0004882499625747182 0.0006379503723050487
1390 0.1988241256265341 0.07030295121738929 -0.01296779400713571 -0.0001153351817911472 0.0005804403938072596 -0.0009137398846386847 0.2035407871209855 0.06817832613945642 -0.0002142506089501805 -0.01455605257153298 -0.0004554185300326317 0.0006546361655357573
1400 0.1989066993487888 0.07008361237939517 -0.01308896305576577 -0.0001366465989656816 0.0006249897800420878 -0.0003307427378704419 0.2035760091918806 0.06801952430779779 8.516145459950994e-05 -0.01468049199719498 -0.0004141486474396808 0.0006623316536024668
1410 0.1985664078191041 0.06879111722391228 -0.01315103353010525 -4.771109868686577e-05 0.0006272066621998257 0.0005077135412760082 0.2032211428103911 0.06684069803642448 0.0006355311190500363 -0.01473115450013662 -0.0001926041891499521 0.0006292743905994981
1420 0.1983294268012106 0.06851395280321666 -0.01304030355365332 0.0002354962478477389 0.0004461051872752398 0.001439097331289217 0.2030146151802087 0.06673180771429414 0.001362769171426759 -0.01460488806042306 0.0002078078989641082 0.0004278313365387287
1430 0.1984190877376772 0.06930645922072966 -0.01298108425971736 0.0006018759717196325 0.0001205124999205203 0.001832217733570734 0.2031308539809905 0.06762985122891955 0.001897171361749846 -0.01454630578013622 0.0005944508460749181 0.0001145805233833003
1440 0.1984399361583088 0.06975224924262388 -0.0130780745645368 0.0008955401690239419 -0.0002279763898053374 0.001564594289363565 0.2031140028227875 0.0679987014196663 0.001929651357746484 -0.01466691466494689 0.000818913947714962 -0.0002045941699319047
1450 0.1984606608726288 0.06988693201691577 -0.01314431638593799 0.001033960945740152 -0.0005436608316387404 0.001666950423979032 0.2031453295203565 0.06808341140150338 0.002183599074972168 -0.01471953230823913 0.0008628431496673519 -0.0005034665918369147
1460 0.1983787490945004 0.07016755845995458 -0.0131894970685684 0.001287167866796438 -0.001005936783491983 0.002185495472751523 0.2031177704612638 0.0685439034530272 0.002894082541397564 -0.01467733967847977 0.0009943061555290483 -0.0009474845578577991
1470 0.1983587023555233 0.07058295320634488 -0.01308041344284384 0.001684576593243079 -0.001527248490322791 0.001721748543795185 0.2031316646069082 0.06912355174184866 0.002715501662992836 -0.01447837142760371 0.001255577012954419 -0.001436098462908934
1480 0.1987049477954634 0.07100427613693124 -0.01280933378421346 0.001818715550124115 -0.001678906430671591 0.001016646673176892 0.2034660590940292 0.06933579552943066 0.00215420820668274 -0.01422565010521422 0.001325513592173044 -0.001566487680625084
1490 0.1991128302567922 0.07056717476348892 -0.01269596449819664 0.00167455789698226 -0.001464533979831361 0.0005142505698056939 0.2038687950219668 0.06845380309776387 0.001654394861641496 -0.01421887905871392 0.001263844818486834 -0.00134743063270774
1500 0.1989113655732017 0.06952735445900315 -0.01284071829725282 0.001165353225415176 -0.0008741009844535798 4.648702325578584e-05 0.2037486800274423 0.06729811228674408 0.001113033164951243 -0.01442353838234353 0.0008963591236123201 -0.000758569886245656
1510 0.198947930963003 0.06941267638389285 -0.01303071550009665 0.0008361645792155986 -0.0005515839877717328 0.001313669221220928 0.2037377415807887 0.06714447081122145 0.002350962072044294 -0.0146372394026928 0.0006154340977156315 -0.0004427638041329787
1520 0.1990658425265019 0.06904100473492523 -0.0130394500431803 0.0007920652702564086 -0.0003365813195621578 0.001677341171697383 0.2038145405145453 0.06664234156178063 0.002975358581650375 -0.01467914874319646 0.0004862289687563911 -0.0001986348986088798
1530 0.1987334320103126 0.06914211932550832 -0.01290834699646639 0.0007005535106057373 -8.946480591924735e-05 0.001122697623048975 0.2034890362227167 0.06666646518688654 0.002553430942828873 -0.01458517610522927 0.0003228811088311663 7.581037870393371e-05
1540 0.1988705173688188 0.06956878125316279 -0.01273122082496209 0.0007000470677284724 -5.912164451556197e-05 -0.0002570157944988161 0.2035955724028163 0.06723880232141627 0.001143348155133845 -0.0144221530066338 0.0003208149862480713 0.0001113527083743319
1550 0.1985127580429955 0.06964661767186417 -0.01251387707505563 0.0006985699515462987 -0.0001683609903883128 -0.00270059578714718 0.2032772187903563 0.06753090252627066 -0.001441454473329 -0.01416650617026043 0.0003356911774548903 -9.336257409385191e-06
1560 0.1984860761999653 0.07000335638427857 -0.0122011024648426 0.000665400305119592 -0.0004039364936208314 -0.003832919447210631 0.2033077413112772 0.06830811082733533 -0.002499741835817519 -0.01371056245547625 0.0002821288045130075 -0.0002416908895125261
1570 0.1989153379684346 0.06971596638649892 -0.01199789244783458 0.0007374750991876774 -0.0006734876966007541 -0.003808924808677353 0.2037914245241269 0.06841113862196155 -0.002555844479862323 -0.01333813027467149 0.0003959623234131058 -0.0005302270479202008
1580 0.1985752781123173 0.06896588879200483 -0.01199680143171401 0.001052440378420568 -0.001109212594763551 -0.005136234463761888 0.2034612809242931 0.06766934830568139 -0.004246841873281039 -0.01329011586772007 0.0007738980606525822 -0.001008693110176712
1590 0.1978308803888763 0.06935337392081299 -0.01196805916807958 0.001349608487205422 -0.001478994406199639 -0.00633796451891486 0.2026708501641562 0.06779393718804723 -0.005211971452702397 -0.0132896424974891 0.0009373039641677808 -0.001370543237202054
1600 0.19775355191545 0.07004793955760613 -0.01190889892045456 0.001370257792770542 -0.001527576124637784 -0.005033839397505791 0.2024651260623982 0.06822842293138855 -0.003713894359996186 -0.01325712497442466 0.0008144439319784593 -0.001399701962726621
1610 0.1984637244272301 0.06967956419899693 -0.01204899122888634 0.0008031855273016588 -0.0008117512554409142 -0.0003914240063507064 0.2030959824780142 0.06768914088144469 0.0008642981254277311 -0.01348371221630639 0.0002877190287611171 -0.000687146458131181
1620 0.1980377441717569 0.06888046382070358 -0.01224967551604568 0.0005209762431470147 -0.0003719666709838949 0.003038923897669276 0.2027382547613882 0.06643456547658151 0.004115551514872725 -0.01391881045711715 0.0001852221561679087 -0.0002613458343346111
1630 0.1966727342688879 0.0681974520564428 -0.0123879062653776 0.0005427656392653592 -0.0003013431829398148 0.005061786765730009 0.2014225589613601 0.06541656631904127 0.006456837005249113 -0.01425125787304755 0.0001542136921353472 -0.0001604451988406092
1640 0.1968739516461312 0.06834746790903318 -0.01246237885866601 0.0004532921103920397 -8.808793188247025e-05 0.006856513779429196 0.2016957562514585 0.06583381634089944 0.008798607686765863 -0.01429200982809931 -0.0001142112491807511 0.0001014262579861492
1650 0.1981432893872568 0.06888418511461109 -0.01253370977993647 0.0003503495395090733 0.0001421057366888358 0.006829024481833194 0.2030706647170307 0.06677083030690145 0.009126571858185205 -0.01420717256961649 -0.0003226779144926361 0.0003735493159923364
1660 0.1982293402230661 0.06906327199033309 -0.0128290927885206 0.00030584817292882 0.0002057995356122007 0.004907516080912187 0.2030937368885843 0.06689361052071681 0.006931559009106241 -0.01445673133452174 -0.0002317351924564441 0.0004113884317649898
1670 0.1973390965115082 0.06827534390561048 -0.01320834758559223 0.0003633780686631757 1.221909084749188e-05 0.002247864165026829 0.2021004156071015 0.06567378015273091 0.003660564443302056 -0.01495158416040308 2.545198799207681e-05 0.0001575677306964813
1680 0.196602798564516 0.06721381225888196 -0.01340682966710609 0.0004926351542575506 -0.0003648360044482553 -0.0003043545446624613 0.2013275709746356 0.06410478992902656 0.0006530817744738536 -0.01531362005846842 0.0002305438777153372 -0.0002610540254528641
1690 0.1957185371979419 0.0664593279750553 -0.01359031496500006 0.000885913205797533 -0.0009993157876165785 -0.003914060758429648 0.200437953844299 0.06323832234771859 -0.002940348034653367 -0.01551588085495127 0.0005576659761103675 -0.0008904538164250053
1700 0.1941412095813301 0.06590354418765842 -0.01383614356949514 0.001593829117101173 -0.001844754891794727 -0.007560606032148792 0.1988803155763055 0.06311985576794524 -0.00601270366203358 -0.01554093462759829 0.001041659901809303 -0.001678171822415183
1710 0.1934293983228146 0.06585218699239521 -0.01372144892299412 0.002032585544190397 -0.002372054033580335 -0.008669988404534016 0.1981183964109777 0.06368101654987489 -0.006788156514026602 -0.01515845261870594 0.001364029897166832 -0.002173310333310011
1720 0.1946828556766262 0.06672922540397071 -0.01329725736373804 0.002126123631249375 -0.002430646455758708 -0.008663893245896642 0.1993192352711498 0.06493517023681765 -0.006955636223054893 -0.01462037441481468 0.00161232573636712 -0.002252373062525056
1730 0.1961220855129256 0.06815699969283831 -0.01262988118308376 0.001625841649417996 -0.001845133881871516 -0.006558622621297982 0.2008014105634146 0.06656182376165137 -0.005786460582812465 -0.01389110593823568 0.001531250583169737 -0.001764312512285642
1740 0.1959038982549639 0.06872717567036102 -0.01227245023435088 0.001006457850552217 -0.001198404722602977 -0.00373735167232422 0.2006045756406292 0.0673259321423219 -0.003667546816304455 -0.01345351921455439 0.001256339523109351 -0.001204178362124061
1750 0.1950461247064359 0.06811442057448 -0.01198164056112534 0.001289026367631511 -0.001369791421631821 -0.003277802192123002 0.1997134008966142 0.06689758194290391 -0.002686763173445867 -0.01313576704228421 0.001405754092638072 -0.00133382624842586
1760 0.1949917252832417 0.06701682585433152 -0.01185145128781377 0.001554583835913212 -0.001454130517992458 -0.002815845018638731 0.1996162045813097 0.06573755579959331 -0.00113483926258448 -0.01305103172904385 0.001221294369571526 -0.001302423918277144
1770 0.1961811138330292 0.06671354531078724 -0.01182860906023078 0.001258883695156867 -0.00117054098336037 -0.001832347591239856 0.2008413366828319 0.06524997354131473 0.0007581752893450676 -0.01307165018156275 0.0004501010295769946 -0.000918785686348567
1780 0.1972884964057193 0.06730839924170104 -0.01171135733702182 0.001412557742560636 -0.001402588957825136 -0.001528902492426875 0.2019655753520057 0.06575404855127509 0.001322677425724064 -0.01297007829255205 0.0003772043478493044 -0.001114729624936164
1790 0.1983863472674722 0.06786812023078516 -0.01143132538178395 0.0017941008039815 -0.001826147721547786 -0.004264989281642132 0.2030769083708977 0.06644886597197742 -0.0016437624522132 -0.01270838626255113 0.0008476161666680238 -0.001554712256043476
1800 0.199040634602599 0.06827296363097053 -0.01113035351831457 0.002019971083464544 -0.002156460274030979 -0.007369629208005052 0.2038159098458825 0.06683311564561359 -0.004892265184365666 -0.01247659513174526 0.001218838054231122 -0.001888835985172086
1810 0.1985264508862374 0.06832904302582235 -0.01115354230295365 0.002009624424591815 -0.002258404174844923 -0.008197916471292204 0.2033073527762616 0.06661665847538445 -0.005759264603094816 -0.01256718197898363 0.001272465040314859 -0.00199795586982898
1820 0.1981438942597411 0.06772839693410837 -0.01135360215651934 0.001575755619693627 -0.00181999392771224 -0.006706190292764609 0.2029389856730915 0.06571207028724269 -0.004339379466337742 -0.01284257092207838 0.0008348899400080406 -0.001566903777413555
1830 0.1984805173770439 0.06715210233441031 -0.01153870678183466 0.001182302241320942 -0.001406987884142252 -0.005325794551978204 0.2033019919782083 0.06502413370313767 -0.003152789437725184 -0.0131204498771913 0.0004382816857907984 -0.001171739022047815
1840 0.1992521001592541 0.06738139653515811 -0.01170826988007438 0.001006539567909029 -0.001209365966292851 -0.005584418182092664 0.2040906450874292 0.06520001522353333 -0.003755211040171386 -0.01336924847077207 0.0003614835590228054 -0.001007878436367537
1850 0.1987990329742571 0.06748107375483184 -0.01193641411154225 0.001162991656473772 -0.001251162142224625 -0.006484585544427959 0.2036567880399358 0.06532444201522722 -0.004723923875705335 -0.01358071347832905 0.0005722193885876163 -0.001055397206569603
1860 0.1979663273412923 0.06781293001841419 -0.01200958463137485 0.001424650988769462 -0.00130384236124986 -0.005565226731870694 0.2027872448165077 0.06577038047954271 -0.003902738259304169 -0.01357585059463426 0.0009138633542302347 -0.001115771107310832
1870 0.1982318288516007 0.06828310712658064 -0.01232286886932373 0.001060691549650339 -0.0006759248013154845 -0.001297886787338229 0.2029614835818154 0.06637037711558315 -1.828384163991093e-05 -0.01381798056010265 0.0006987909064535782 -0.0005264996625261218
1880 0.1978904313957153 0.06762029094171614 -0.01311381047050237 0.0008440808290937034 -0.0001384007549007997 0.002443283392043055 0.2025381144361809 0.06575049933294763 0.003353390348505219 -0.01460082250839613 0.0006831073933503917 -2.995213828843391e-05
1890 0.196761650682561 0.06778996108005833 -0.01322129213596375 0.0008239013792586881 -5.877832534909366e-05 0.00332967555002318 0.2013223956387062 0.06568527122148038 0.003797351633535663 -0.01480007562033498 0.0008257872706608693 8.076576386912308e-06
1900 0.196244435450233 0.06853804478247431 -0.01306843266713019 0.0008324399868080495 -9.293153104058296e-05 0.002302515895471903 0.2007777917085287 0.06621016865147249 0.003128526302827457 -0.01470834716960998 0.0006558106839585012 9.590442685806287e-07
1910 0.1964337240945555 0.06958421645524734 -0.0128025094417425 0.001028670834597961 -0.0003847637521120733 -0.0001207789886246247 0.2010623930446007 0.06731658566145553 0.001767057787885104 -0.01440744237632104 0.000433105886769082 -0.0001946001199487746
1920 0.1965012879181798 0.07041475782346185 -0.01252142409415112 0.001105213663750808 -0.0006525567049949307 -0.002785251922929436 0.2012233420725415 0.06834897178571434 -0.0001040439864133412 -0.01403120822732526 0.000210216717190802 -0.0003847980538643574
1930 0.1970587351983926 0.070970282051505 -0.0122961820420212 0.0009778660553469939 -0.0006690388746677141 -0.003705836364390306 0.2018041853032178 0.06917420340510874 -0.001006752082284112 -0.01370236780244193 8.460159401129226e-05 -0.0003950921140041992
1940 0.1982774603644445 0.07115636966915635 -0.01238198130391782 0.0003686620172792445 -1.028783741796048e-05 -0.0006586835333227185 0.2030275269665676 0.06941630793867948 0.001572813964196926 -0.0137968876584407 -0.0003352127501144642 0.0002205313995760189
1950 0.1983642011326609 0.07044891874226226 -0.01260911242339832 8.165046062080139e-05 0.0005772891261818329 0.003060009956640005 0.2031111351661511 0.06853447576865754 0.004618845139864717 -0.01414740287528988 -0.0003866177944532505 0.0007412002852208363
1960 0.1980099861235407 0.07008477581850382 -0.01266542141664746 0.0002707860508160398 0.0005348691898947028 0.003634637379667525 0.2027517323772723 0.06793859183729627 0.004838712971815251 -0.01432182431828522 -8.886027840008621e-05 0.0006607649800324649
1970 0.1974428713440471 0.06944578027297844 -0.01251750547802278 0.0002694789677699036 0.0004951918470067435 0.003649368627877853 0.2021914581225657 0.06724118040734837 0.00491461415625804 -0.0141960330306411 -0.0001233649845456578 0.0006238852849119163
1980 0.1971824608456577 0.06884610572512745 -0.01239198459989067 0.0001194662520462704 0.0005590733146066534 0.002877924548206803 0.2019655627925883 0.06668294426238933 0.004261070893177412 -0.0140318090082395 -0.0003252778157643255 0.0006975039775980269
1990 0.197297256094851 0.06936492929621792 -0.01248638774283337 6.807045475827503e-05 0.0004690845620477612 0.002643783640775556 0.2021217445828954 0.06727751102132314 0.004047330639337059 -0.01405766098765561 -0.0003606075563518166 0.0006108846246649323
2000 0.197201367114824 0.07019601264131166 -0.01265992922734918 7.516803452476405e-05 0.0004102620724204482 0.001915679712842753 0.2020459984639722 0.06813925163160076 0.003227312004313077 -0.01419260544502889 -0.0002664689598378982 0.0005429874599777541
2010 0.1975199809073596 0.0702846700919135 -0.0128453793545667 1.811138792656614e-05 0.0004331988969832765 0.0002144002422591663 0.2023302575594066 0.06811470805544519 0.001494992214355423 -0.01442167154940039 -0.0002594515609128693 0.0005595630477760376
2020 0.1979928048534446 0.0704209264443057 -0.01304716044694832 0.0002608126370298915 4.23962892384095e-05 -0.002163521088694676 0.2027475919833795 0.06808511523936961 -0.0007513927199064512 -0.01470416714120215 -2.651044080006715e-05 0.0001808934100879168
2030 0.1976828717146645 0.07091723592576417 -0.01313950347881155 0.0008641724231797445 -0.0006542315063539741 -0.004034589573904984 0.2024268411560802 0.06852215138879143 -0.002609206187642221 -0.01484255107670554 0.0005202444821653548 -0.0005123955635646627
2040 0.1968888939822632 0.07145817530458753 -0.0130486353647187 0.001302110189843865 -0.001028654617604963 -0.003617665340257839 0.2016868955957085 0.06935232180107537 -0.002458659416082359 -0.01470653587249711 0.0009284766847735415 -0.0009098226647123854
2050 0.1964619154803755 0.07204024414259594 -0.01280477470150056 0.001610552044872547 -0.001258522153514519 -0.001171154477824687 0.2012806667691398 0.07039131892406306 -0.0004823414638846854 -0.01433880917899093 0.001363062213430874 -0.001184298577288334
2060 0.1965792692676592 0.07241174128787108 -0.01286495788609807 0.001548624809916016 -0.001087212325668098 0.0007925861767431561 0.2013796614717137 0.07102444266454498 0.001037220950938942 -0.01427606727809822 0.001526167241908451 -0.001057315109503166
2070 0.1974221343188705 0.07253958972620768 -0.01300435254268737 0.0009359970205843424 -0.0003837748361979854 0.0002346764953528187 0.2022528875852817 0.07123945626658669 0.0004405933141837036 -0.01433444129140529 0.0009755009919992706 -0.000358966881116379
2080 0.1976754868776056 0.07248718041766292 -0.01313640373842537 0.0009957781186375784 -0.0004220073640724024 6.790020519034102e-05 0.2025380641346663 0.07121850530734075 0.0005260261762625041 -0.01443988513014794 0.0009155811574777015 -0.0003738238547057315
2090 0.1979518391769362 0.07254388666494552 -0.01316753718609455 0.001275596633624113 -0.0005910381552388411 -0.0003711913368049675 0.2028041312329827 0.07117226959475541 0.0003816591235048507 -0.01449065802916863 0.001048721757998948 -0.0005157426248535044
2100 0.1989887560515902 0.07281159396218935 -0.01315995117399094 0.001115343045090944 -0.000447136683514802 -0.00108094457463319 0.2038051939196869 0.07128901768510071 -0.0001937116728742847 -0.01450671413972855 0.0007621996389464527 -0.0003603775472087073
2110 0.1998360808804401 0.07297048955501978 -0.01340303874734999 0.0008098557846429918 -0.0001517049683660807 -0.001223488138963151 0.2046872490785731 0.07133379311022789 -0.000568033806911162 -0.01480194707842238 0.000480236066405925 -8.540830983660955e-05
2120 0.200735932253645 0.07212809763686848 -0.01359010845847558 0.0006025528592738597 -2.528068096526421e-05 -0.0001678426630546116 0.2056334647806491 0.07038966821760402 0.0001204954302291092 -0.01508574289535168 0.0004647456834956226 6.175278561903832e-06
2130 0.2016969196995883 0.07158734420231234 -0.01339277633560326 0.0004669012499794439 -4.126561963488379e-05 0.001004969937809839 0.2066374152015653 0.06982403384947528 0.001202897410293913 -0.01498921240264418 0.0004489431691142425 -1.495873706103408e-05
2140 0.2015551703579747 0.07082041514647223 -0.01318254516110227 0.0005116136329482266 -0.0002212212164226124 0.001384799398467439 0.2065733501869517 0.06901109020522637 0.001692547297571725 -0.01484821173639534 0.0004711394673849103 -0.0001814296274029237
2150 0.2002533908602208 0.06944794539574603 -0.01305689215391916 0.0007646827921406139 -0.0005522388816979274 0.001076764817255414 0.2053343549617717 0.0676649462274331 0.001417179462781633 -0.01465925108754017 0.0006767615166897304 -0.000513429903781885
2160 0.1994359081517857 0.06856291270698936 -0.01307454009719395 0.0008781182579271811 -0.0005887825621346505 0.001736503777182411 0.2044660634965618 0.06686883684748697 0.002067542873239294 -0.01449088091597212 0.0007641448406334584 -0.0005521716146613056
2170 0.1993032355959319 0.06866994674439376 -0.01317726893331533 0.0007360948755501543 -0.0003430176886025622 0.00207156409988275 0.2042343406147367 0.06700943111602566 0.002529712347025747 -0.01445137569017169 0.0005388961898763308 -0.0002847854908641638
2180 0.1992012040538837 0.06925567163775644 -0.01320357784517841 0.0004542438870375949 -9.114603854860635e-05 0.002251027671918395 0.2041122609725427 0.06746997195218707 0.002852876218853973 -0.01449254955394736 0.000166133936835162 -1.864961880838575e-05
2190 0.1989059723799917 0.06983691496146655 -0.01312436131858476 0.0002792342298065002 -7.625087055993699e-05 0.002530133358166313 0.2038351063423189 0.06764159019886495 0.00311649496225008 -0.01456027199678349 -3.23519585133337e-05 -1.344680485135584e-05
2200 0.198681839506329 0.07005177036982045 -0.01319682632560605 0.0001396718053990368 -0.0001301538351337322 0.00306649459693337 0.2035670958559535 0.06758038097317243 0.003311048770590581 -0.01476958433360707 -8.126324968302767e-05 -9.554425424228424e-05
2210 0.1991400173804435 0.07028840620383164 -0.01320121448819483 3.48953316884782e-05 6.100308103911053e-06 0.002767457980671864 0.2040091274795213 0.06777072658568897 0.002809952178610436 -0.01488833325801681 -3.134855679161043e-05 2.360504022992953e-05
2220 0.2000052635515396 0.07074185542683305 -0.01318235618903612 -0.0003221337710528134 0.0004623618417535075 0.0009168353458964687 0.2049109343522877 0.06810629709392578 0.001068999974120771 -0.01499618401180423 -0.000348354693164815 0.0004860661227236692
2230 0.2006787430275367 0.07071976297720335 -0.01323472816549776 -0.0006647867204497702 0.0008884993653583803 -0.0008219029198278321 0.2056301580018493 0.06800140327860527 -0.0004226260578729217 -0.01514256102025897 -0.0008156557379800146 0.0009328997491079863
2240 0.2011816638330584 0.07018732055839984 -0.01312258556129494 -0.0005784600632337343 0.0007456687485525769 -0.002875422612776855 0.2061785944984499 0.06759197999249848 -0.002252477784640513 -0.01502430526411942 -0.000844212450893919 0.000810439512748572
2250 0.2011640081761643 0.07013198473162084 -0.01336869773153772 -0.0002092130891625144 0.0002727690165809205 -0.005441160858796114 0.2062612427486455 0.06763983926311522 -0.004849697430669818 -0.01523199509789041 -0.0005459102942007798 0.0003323338766363751
2260 0.1998523868282235 0.07023158658489423 -0.01394512330101619 -0.0004361033035126953 0.0004386798658290108 -0.004817237469545342 0.2049491912130416 0.06773552999183044 -0.004594806993980218 -0.01577831919052185 -0.0007728321202541497 0.0004619025060625498
2270 0.1991520972743271 0.07053027208159841 -0.01423642759250222 -0.0008238456801917864 0.0008044087846728246 -0.001430132959655878 0.204142686676126 0.06805042897340238 -0.001532674766497375 -0.0160147543616544 -0.001033631100007753 0.0007956466114733316
2280 0.1993844410940157 0.07166187767030065 -0.01412360022290857 -0.001256660735815381 0.001366120601868628 0.002500397628424501 0.2042773975665889 0.0694999343695472 0.001736695886756283 -0.01573252658189108 -0.001120897072155135 0.001285924805628831
2290 0.1991972836485532 0.07276352923355854 -0.01397848310404658 -0.001656870262802109 0.001924719310601392 0.005648394157543886 0.2041015767125029 0.07096566804213846 0.004454986304981275 -0.0154391963819557 -0.001259919298925609 0.001793431296182766
2300 0.1988139798455045 0.0735227287016669 -0.01381971563170306 -0.001837204175890781 0.002295212331073659 0.007832188286417343 0.2036415170424512 0.07188991349631414 0.007015179171576661 -0.01524023431832115 -0.001458860641269383 0.002192512272640002
2310 0.1986792160815511 0.07399040208587315 -0.01356112680072706 -0.001773054901342436 0.002353805332574602 0.008984335822266471 0.2034797589926481 0.07265550420800469 0.008569837247314293 -0.01490493654590189 -0.001554190923260553 0.002293235154112135
2320 0.198617669506737 0.07431600093152572 -0.01335940517668999 -0.001511283195624017 0.002206085088065559 0.009076905148833901 0.2034772638424006 0.07325460760533124 0.008800537364616544 -0.01458839752610973 -0.001428303070700247 0.00216697544674386
2330 0.1991086539862845 0.074649235237619 -0.01312232749788108 -0.001289468116498022 0.002140005000432019 0.009665136558431535 0.2040656315778423 0.07378306183725333 0.00926579134470862 -0.01424433099861857 -0.001178733352155275 0.002089578249583291
2340 0.1994992532437116 0.07517232629784325 -0.01295121074718617 -0.001274514166405221 0.002285175150235494 0.01034705583216956 0.2045174459781831 0.07448874776809515 0.009960534622175492 -0.01397089264060764 -0.001068690359150065 0.002236439866346547
2350 0.1992986541365457 0.07535893625279948 -0.01281055279057604 -0.00113734803215776 0.002295068578627189 0.009383835587710759 0.2042438924511275 0.07482032512818416 0.009094380826689718 -0.01376937174425315 -0.0008765257986783889 0.002258228737254819
2360 0.1984682633854359 0.07481276617040493 -0.01273043815371998 -0.0006768468269559394 0.001901038847447906 0.006795666809027076 0.2033372266150939 0.0743427708714284 0.006834666782621115 -0.01367087578484492 -0.0005031285166094512 0.001893862463898936
2370 0.1985521001857431 0.07456265501130332 -0.01277054024618496 -0.0001354890366740525 0.001299856186860873 0.004457177877054169 0.2033458212690942 0.07393356847587823 0.004915934516238998 -0.01373591785010413 -0.0001206301362546522 0.001328661822779003
2380 0.1991994141704151 0.07424391586488031 -0.01281191700626322 0.0001455085916756083 0.0008281876587034924 0.002900372886559443 0.2038538310265554 0.07310228950189557 0.003701679958614284 -0.01391114355812568 0.0001227845479879861 0.0008916800537706262
2390 0.1993992376048314 0.07252282726500496 -0.01298390433716867 0.0006441526767241409 9.727836132009561e-05 0.0001825810300499636 0.2039774834612485 0.07068036089125639 0.001460715549290031 -0.01433370881650263 0.0005414272432471272 0.0002227789370373243
2400 0.1988125751818355 0.07062714536344182 -0.01330916344244388 0.001049637909581168 -0.0005009809052528307 -0.001115370775430899 0.2035611597746293 0.06838515880461024 0.0005385312485442293 -0.01486133246716561 0.0006639858804660936 -0.0003280305359912229
2410 0.1990469618720653 0.07043120809090787 -0.01346292054099003 0.001108119568576125 -0.0005996031864197611 -0.001834090625629571 0.2038161068172146 0.06799042343184016 0.0002457479405449237 -0.01510084925264501 0.0004834427675891698 -0.0003993683764737771
2420 0.1984612683415982 0.07009543666932845 -0.01354134366682886 0.001467514814820941 -0.001142838087313571 -0.003527384984768207 0.2032688580482102 0.06758531437643155 -0.001653097437809846 -0.01520118005581325 0.0008842406871693981 -0.0009594440074093356
2430 0.1979141085090902 0.06871238364608957 -0.01360524954574302 0.001847071528534251 -0.001698051912562021 -0.004345192946455775 0.2026948601733838 0.06604618056344806 -0.002603612995691048 -0.01531309561826716 0.001370190737580474 -0.001513597780450932
2440 0.1982450870338893 0.06773165200158476 -0.01337567327442963 0.002054147520504319 -0.001941130006109561 -0.003780584044104965 0.2030161742761022 0.06510602228061596 -0.002206191781165234 -0.0150482626590586 0.001664199083512941 -0.001766284412156345
2450 0.1985137356526358 0.0676303917393879 -0.012866739658117 0.002084848163295262 -0.001903541744788702 -0.002992933574441766 0.2033672839646211 0.06525248476499004 -0.001388541799707322 -0.01444284455660702 0.001724483641291001 -0.001726536222472526
2460 0.1990161877939897 0.06789685689794207 -0.01250353718123209 0.00191406246890934 -0.001724960435097476 -0.003299957258905661 0.2039738851594369 0.0658554634428786 -0.001491419315196842 -0.01398187819731476 0.001535776616455386 -0.001529367167354062
2470 0.1993766666630463 0.06813574367468204 -0.01237829916331658 0.001675902733505655 -0.001501074569164725 -0.003108675924490244 0.2043574154011129 0.06630901309638478 -0.001088184367064097 -0.01379515878007391 0.001211541126167157 -0.001288210512932467
2480 0.1988510693317309 0.06775644995869712 -0.01219794504803203 0.001518937289017835 -0.001332922696924637 -0.002191532176878682 0.2038040892939736 0.06597544836888726 -0.0002713239637640751 -0.01357991955949365 0.001011567745628306 -0.001134028190631484
2490 0.1983923963619215 0.06724421899752653 -0.0118606075717138 0.001399302812148904 -0.001174012480432227 -0.00076269400854226 0.2032823610389109 0.06543303623822121 0.0005065727206548294 -0.01323862317164964 0.001044716351947555 -0.00103966469238287
2500 0.1984320973902126 0.06694239711215737 -0.01173543329807461 0.001199208222053756 -0.0009369163249404669 0.0007150412717547435 0.2032741712385117 0.06504968566299034 0.001258111379661944 -0.01315744300920099 0.001043167078407033 -0.0008716630464486987
2510 0.1985900156449239 0.06691189820420158 -0.01178126395881409 0.0007959660063487407 -0.000494808627206073 0.001821157276074494 0.2033339238786317 0.064779698497405 0.002144704695533759 -0.013314010631212 0.0006764048252286116 -0.0004531583696368451
2520 0.1983593098440042 0.06690823781258687 -0.01183132250249127 0.0002192887372865374 0.0001271424165095061 0.00312113651721628 0.203037079274597 0.06455712951108655 0.003678766626560678 -0.01347642088866301 -2.852942460403295e-05 0.0001858289280812676
2530 0.197899123760919 0.06671148538866134 -0.01192410421526688 -1.067631214183626e-05 0.0004353838221401385 0.002793248761147174 0.2026097745134113 0.06431781859396234 0.003823413638863761 -0.01361818289870929 -0.0004540498872116121 0.0005323668314273051
2540 0.1977502568527553 0.06695588101398084 -0.01202797609006249 0.0001377501225797819 0.0002685639719484698 0.0007471361855917337 0.2025410379942958 0.06470081692487535 0.002149222186528616 -0.01370435681466736 -0.0004401139564774191 0.0003976106332994144
2550 0.1968921748770291 0.06760874328959181 -0.01209081815837873 0.0004895637418965271 -0.0002221729949879473 -0.002130266437169665 0.201692435496434 0.06555672248263672 -0.0005024592109407368 -0.01368660665320775 -0.0001396618166675716 -7.519729868303201e-05
2560 0.1954123471759783 0.0680778326066709 -0.01215839266840501 0.0009091051539332335 -0.0007815659523052506 -0.004825369207405839 0.2001951838732522 0.06622440676907591 -0.00309835647580459 -0.01364529366666396 0.0002728952611747671 -0.0006266250298493401
2570 0.1945764096728684 0.06816350094399858 -0.01203646754630716 0.001052685234406765 -0.001076357983284807 -0.005123063416660654 0.1993085199713242 0.06653750316265684 -0.003588992458686804 -0.01342561476041543 0.0005114422334202475 -0.0009379071349501352
2580 0.1946797313068506 0.06829585852694811 -0.01186087062921637 0.00100595347322247 -0.001170757385501776 -0.004604203372870336 0.1993259323660365 0.06689308449415958 -0.003646509125093931 -0.01318854738778985 0.0007390875368059767 -0.001087032644553475
2590 0.195118276868816 0.06880649376067567 -0.0117703472631427 0.0009600780525169045 -0.001174730334406746 -0.004716692896011003 0.1997428852949995 0.06747307971953656 -0.004221519540786885 -0.01310668850087965 0.0008914230524960072 -0.001141098198804518
2600 0.1956651872630575 0.06927861795771766 -0.01168180111624657 0.001049008157616085 -0.001237419952207385 -0.004674284017577683 0.200409413932487 0.06789358022780483 -0.003915245144583438 -0.0130654580988463 0.000846674464559513 -0.001184849340989244
2610 0.196759642851201 0.06930962649227591 -0.01157533795781858 0.0009067270071382912 -0.001183066843791423 -0.004782579594646178 0.2016425687408987 0.06789111356746001 -0.003448928940605035 -0.0129687306772253 0.0004680312023696364 -0.001082100596945926
2620 0.1967843600392694 0.06943177516770871 -0.01154789290424799 0.0008818839934677307 -0.00121291677937913 -0.004464163672610697 0.2016762671291108 0.0679882159986132 -0.002815352602316136 -0.01290653351922106 0.000345120239042711 -0.001084875369938938
2630 0.1956178002519957 0.06934380138114113 -0.01166817153594179 0.0009962473506653275 -0.001247337434678508 -0.004099927436897994 0.2004341035191039 0.06775725004145175 -0.002307377918140834 -0.01301587353459225 0.0004822356156436944 -0.001101324773324783
2640 0.1948622618226766 0.06900127746307387 -0.0118557811021842 0.001168861863520574 -0.001219387698881493 -0.003868352061182216 0.1996000361916055 0.06728050125552108 -0.002230625659050835 -0.01322200505014221 0.0007754748355077406 -0.001085002060701834
2650 0.1953764643719482 0.06891950779986303 -0.0118655488088924 0.001002597507492531 -0.0008976641092323216 -0.00196214610131258 0.2000634138042047 0.06709062261471266 -0.0005917494616819372 -0.01324976247299523 0.0006668868831375299 -0.0007836327868368383
2660 0.1962851535902647 0.06841261821288361 -0.01190091711025124 0.000472726565566248 -0.0003263360025098871 0.001429035800870334 0.201038316546274 0.06644113648436463 0.002559278224069822 -0.01329803857442662 0.0001566808478299259 -0.0002313626678707751
2670 0.1963421582003911 0.06761693852645376 -0.0118440489151144 0.0003300045916784929 -0.0002174797535166019 0.003063310804254895 0.2011356763103949 0.06554002473230276 0.003855243289513535 -0.01323721466870895 8.989693105491349e-05 -0.0001516262312346901
2680 0.1962852112571269 0.06709859312314624 -0.01194370334637426 0.0009942588226283088 -0.0009345255736178361 0.001677503038023093 0.2010931815430085 0.06515969514504247 0.00206401674095902 -0.01327108095537288 0.0008548722213526885 -0.0009044578832253367
2690 0.1965640012470113 0.06723048294829199 -0.0119915226554526 0.001605492168978321 -0.001643944657150227 -0.000719899136966242 0.2013761177121548 0.06546975222584742 -0.0003220917805979264 -0.01324970551719751 0.001413243075820686 -0.001607186423869757
2700 0.1963328027736635 0.0672251937825267 -0.01181546061214595 0.001771837230757933 -0.001829961530042278 -0.003498002787683256 0.2011362215479001 0.06550755263482828 -0.002993744519899482 -0.01305683049962242 0.001497581717739888 -0.001776118968709353
2710 0.1961239330208634 0.0670394467064708 -0.01168632018465159 0.002099548169118335 -0.002168614482945737 -0.005244880487398873 0.2008460393205921 0.06531778275656924 -0.004607587393452232 -0.01296943924781521 0.001853684715163081 -0.002102368278948023
2720 0.1960683895250925 0.06736625057769212 -0.01162540051508821 0.002247257212934954 -0.002303685211666884 -0.006009227128917497 0.2007619963900788 0.06567539056518092 -0.005073564592171065 -0.0129610945709097 0.001986106704784092 -0.002208555781610718
2730 0.1962841065205337 0.06792835797205798 -0.01154130674338591 0.001632246979787667 -0.001653631793329218 -0.002966775964965964 0.2010764443609584 0.06632020010806135 -0.001613966552865971 -0.0128958461024555 0.001249830580340714 -0.001513863064563722
2740 0.1972212453424879 0.06762191243337042 -0.01159596675204528 0.0004533481144973228 -0.0003339131939788999 0.001595631879593757 0.2021291607019998 0.06630355993643916 0.002895323626322352 -0.0129352435025056 0.0001437244012594722 -0.0001985227489632739
2750 0.1975051721624003 0.06654076125350332 -0.01193048566656726 0.0001989867681589498 0.0001505250991140375 0.001950739537515404 0.2024600250045113 0.06537115950747097 0.002957971986546997 -0.01330324059889343 4.720228547403983e-05 0.0002527949112132771
2760 0.1973635804826714 0.06630301251064728 -0.01215265799664054 0.0003314829458933179 1.143345981175941e-05 0.0007227643960122193 0.2022728970941559 0.06484786059333822 0.001912619226868089 -0.01361177085361978 0.0001045984941310041 0.0001310714578173315
2770 0.1964405775747335 0.06699466285955055 -0.01234395119600169 0.0005295027306164462 -0.0001891549879531524 -0.0003683603145347447 0.201260613181534 0.0651649228864026 0.001223897881918018 -0.01386214730308756 0.0001375415742692308 -3.405064281070386e-05
2780 0.1950535320101499 0.0672706593183298 -0.01251569911927451 0.0006745379020861831 -0.0002295150515377011 -0.001345931929459193 0.1997873192617516 0.06518026332715411 0.0007613059649101806 -0.01405328163348495 9.137019600612808e-05 -2.662030156397192e-05
2790 0.1943642777702069 0.06674977230281451 -0.0124862904029345 0.0006367860671292808 -0.0001895550318016962 -0.0004130441326922755 0.1990458024185538 0.06461326043638976 0.0020999351351135 -0.01399734185725486 -0.0001122948960810431 5.33062853146378e-05
2800 0.1944742935779978 0.06668151656569699 -0.0124193447662725 0.0003664957758374353 -1.330664686770992e-05 0.001476456276818807 0.1991511998937213 0.06459810662196944 0.003545609130796085 -0.01391221277883473 -0.0002341484107604416 0.0001853302762447716
2810 0.1942630597836284 0.06696893265134329 -0.01240197466629471 0.0005894707599615437 -0.0003404316704100338 0.0007214267828465602 0.1989778617886821 0.06499713498879961 0.00198228248139853 -0.01385691678473078 0.000280543366515288 -0.000229482024523451
2820 0.1937555308191083 0.06696267389272344 -0.01234308429665577 0.001028198285049711 -0.0008050577436441596 -0.001818662808331549 0.1985441562587078 0.06511366379656869 -0.0005646899799346992 -0.01373686068147965 0.0007384156961257344 -0.0006977816305232016
2830 0.1937728977684192 0.06686198425332859 -0.01228573743729491 0.001528051768938294 -0.001311069949739042 -0.004676894871872376 0.1985939253349009 0.06503457069080462 -0.002745368103042929 -0.01364720818848117 0.001048938735854357 -0.001127141178275832
2840 0.1944619607373996 0.06705958349528368 -0.01200390096590479 0.001851094354589204 -0.001779199842626331 -0.006668483522645748 0.1992206357145326 0.06517849811775843 -0.004342527265713754 -0.01334039355697257 0.001225241221130886 -0.001545690810685386
2850 0.1953395842790807 0.0671155082843343 -0.01170905235116319 0.001933868476059413 -0.002041792318003701 -0.006763537875436322 0.2000460245475084 0.0651110081307405 -0.004792470522376642 -0.01306053684450425 0.001431942438789935 -0.001838377813483088
2860 0.1963588896747248 0.06652055016440978 -0.01161022053390996 0.001693810509360646 -0.001847194677237692 -0.005836892501547671 0.2010189895214864 0.06430784697973622 -0.004654481467196823 -0.01301881537037547 0.001460407906175968 -0.001723052383890881
2870 0.1971233882290082 0.0656976143599266 -0.0116169674145179 0.001327955938898565 -0.001410936211446774 -0.004981674608186286 0.2017849324402344 0.06346391444730558 -0.00426673011160047 -0.01307144475677809 0.00122779684071596 -0.001336748387735969
2880 0.1977622737002906 0.06584408471782162 -0.01159466716664549 0.0009146131679536203 -0.0009402029808593057 -0.003985845975638584 0.2024556059288851 0.06377663811936701 -0.003464969993895072 -0.01307525673278632 0.0008357356659414066 -0.0008855311233263567
2890 0.1980734015830125 0.06681518455002358 -0.01136305032030124 0.00069226112770842 -0.0006697372631836808 -0.003538191234202698 0.2028234103985457 0.06520380496479646 -0.00310595233532338 -0.0128078246041895 0.0006022071490903777 -0.0006170481798811371
2900 0.1977975813312905 0.06769950784102394 -0.01119136806391758 0.0009374224540025579 -0.000818816708801393 -0.003318968104337416 0.202557731288 0.0665127124767083 -0.002541903679390427 -0.01257925008659582 0.0007275598360257502 -0.0007232377894878541
2910 0.1974734932490559 0.06798339454712252 -0.01130262082356199 0.001199460069526979 -0.0009206147426417949 -0.00289606454047603 0.2021834230030294 0.06678307577046456 -0.001614101531416453 -0.01268623249975013 0.0008322959311097335 -0.0007787543422199062
2920 0.1971922424214571 0.066921631270495 -0.01170918120707375 0.0009638350700848321 -0.0004178708634057656 -0.001827300247900883 0.2018831331178802 0.06541071034610665 -0.0005997540272500079 -0.01314399320853519 0.0005436425148837038 -0.000289581664629147
2930 0.197343798968219 0.06593385514660541 -0.01201368615115764 0.0006276741510034633 -2.216887901041939e-05 -0.001345686750030461 0.2020385091514212 0.06412948484313842 -0.000246772486383282 -0.01350951861610499 0.000200884775158411 9.002051071770761e-05
2940 0.1978751745663852 0.06627033280575167 -0.01225840452102467 7.154147318671209e-05 0.0003316015192488306 -0.000308225283741915 0.2025415983839494 0.0642965691480188 0.0007392447558139718 -0.01378891821501673 -0.0003569936875811146 0.0004356935512156685
2950 0.1978116927100435 0.06690852659466096 -0.01239444787774632 -0.0001278154742672729 0.000442611489920217 0.000576559355383708 0.2024689212061179 0.06487137541835132 0.001508931501672688 -0.01394318106661305 -0.0005037830860346363 0.0005375156982270083
2960 0.1973180461179444 0.06728374036943201 -0.0122521933014122 5.136515082436682e-05 0.000238422851089927 0.001324665986024936 0.2020430963477993 0.06529335213355181 0.001690323517471488 -0.01378578210442227 -0.0001268063755016238 0.0002810947617764278
2970 0.1969824718883181 0.06752903203950525 -0.01205131408483467 0.000441518632317562 -7.581179510861374e-05 0.002228557295016983 0.2017188262690589 0.06539890789744146 0.002194208690125652 -0.01361994000667384 0.0003612623859214121 -7.777740948127033e-05
2980 0.1974055742238955 0.06827421604185388 -0.01211269981433694 0.000745803956700285 -0.0002109535684910771 0.002058676628528885 0.202148409591601 0.06592267575885319 0.002342026551848794 -0.01375614014750323 0.0005386553299205635 -0.0001860741927751762
2990 0.197636625949515 0.06848141441822474 -0.01221260262061597 0.0007796311332640943 -0.0001788818126509419 0.001972466415020276 0.2024457172329555 0.06611711833013974 0.002839321870175568 -0.01387248793379131 0.0004111547731204836 -9.534884445224199e-05
3000 0.1975967167663876 0.06777271252920947 -0.01228473905006748 0.0007853295092977956 -0.0002558307746378535 0.002220011678465283 0.2024296900495897 0.06556063643243734 0.003268989343836112 -0.01389834627789584 0.0004052333813828263 -0.0001484092622308866
