"report"
"Iteration" "cd etc.."
("Iteration" "cd" "cl" "cmx" "cmy" "cmz" "cx" "cd-scale" "cl-scale" "cs-scale" "cmx-scale" "cmy-scale" "cmz-scale")
10 0.168918775744086 0.06327830883005241 -0.02524066420478924 9.432605407691914e-05 -0.0001452747910852705 0.0008293964421054744 0.1756594413964478 0.05714676791095195 0.0007157512597034967 -0.026963596613811 0.0001236591571328814 -0.0001641335834866546
20 0.2156802551643357 0.07354422739271914 -0.01965394302043384 6.005369546678347e-05 -0.0001154828518008325 -0.0001355051365856108 0.2215913495831593 0.07026182082162584 -0.000203467543182481 -0.02119525115901587 5.248856441095732e-05 -0.0001214420640977372
30 0.2266868739837554 0.07084445373886342 -0.01773497237208881 5.097924509082249e-05 -0.0003097398418525044 -0.001761803654393629 0.2330425087206207 0.06872048081355633 -0.001512060214281788 -0.01939211305832771 -4.78339461659721e-05 -0.0002653987467524615
40 0.2364435245698912 0.07633339954537088 -0.01739613739894692 -2.76902020993619e-05 -0.0003991817884333628 -0.002630068714879951 0.242714546460634 0.0738944555251811 -0.001101828694370848 -0.01949354482258975 -0.0005196747414448208 -0.0001599289353262678
50 0.2313897451448834 0.0818673676754246 -0.01693882971151295 0.0001251012958099094 -0.0004373642630959515 -0.003550045855052837 0.2374321367867606 0.07896086808978631 -7.200711909911309e-05 -0.01914932967963339 -0.0009837158614515397 0.0001414574697941277
60 0.2298034275208941 0.08893324249705312 -0.01671992496867051 0.0001331014543326716 -0.0001273512566012491 -0.004759104359669405 0.2360280682632912 0.08654532229319692 -0.001303039102407815 -0.01864014069702932 -0.001144620385217356 0.0004880141364862384
70 0.2256790504837407 0.0857975530991161 -0.01592758379253112 -0.000424676163994358 0.000726206905298248 -0.003459686410366583 0.2320561019197263 0.08396449565229308 6.712008687823926e-05 -0.01773973971495855 -0.001824408687180723 0.001372003492634522
80 0.2231947206280461 0.08032240405934989 -0.01559602849093249 -0.0006928637717856356 0.0009871350706507026 -0.0003767639317061242 0.2296731133053914 0.07876366919191431 0.002277429367808132 -0.01725539197125877 -0.001770350581665194 0.001485911121454222
90 0.2231619887242655 0.07524284797118469 -0.01517034612767435 -0.0003579888176565111 0.000509614777787282 0.001163503236543445 0.2296748186137734 0.07423823653785758 0.002002955059451466 -0.01651837253360763 -0.0008432297683656742 0.0007066330391898568
100 0.2232514374084935 0.07342757323369904 -0.01498742859432037 -0.000289318451593778 0.0005475985964039462 0.002391576760144798 0.2296585051810719 0.07284645245853727 0.002895087368488857 -0.01613039104868261 -0.000633199098615142 0.0006728836573938714
110 0.2231882250968028 0.0726071839199868 -0.01511453043013707 -0.0003007164965767316 0.0005786702704933078 0.003542312548960356 0.2294542846768124 0.07223731918264632 0.003945562065185689 -0.01615888461570894 -0.000546413387842341 0.0006684633155216684
120 0.2231867821485575 0.072768690928668 -0.01526057580217666 -0.0003898968485764932 0.0007651753421689424 0.005020082261816586 0.229311429889804 0.07252210576426329 0.004914685410940856 -0.01627464013725903 -0.0004938688658272526 0.0007628220269779495
130 0.2221881133619477 0.0728969075537876 -0.0153471825569546 -0.0007459731524721242 0.001361152668146172 0.006743845207251121 0.2281593610484083 0.07261054404072891 0.005987795571574966 -0.01640426577891798 -0.0006368239390437527 0.001242919527677016
140 0.2195193944475 0.07285096224268398 -0.0155785793553767 -0.001096653223037724 0.001808533961212396 0.006827089815243639 0.2252506260785916 0.0722605103485059 0.005773748273071637 -0.01674824605301176 -0.0008531654240002738 0.001635623907544962
150 0.2169689743758274 0.07195072530490557 -0.01569946866791196 -0.00123058318785025 0.001877964352246166 0.005777275746787418 0.2225772776866666 0.07105172200068709 0.004900114219813711 -0.01694862634340301 -0.0009985856515380824 0.001726691451563503
160 0.2155098435829012 0.07200030822339713 -0.01572562406604805 -0.001209034167697947 0.0018738260435935 0.005188618272701645 0.2210816838217181 0.07100241902820188 0.004691731833502451 -0.01695867431938921 -0.001040349006721018 0.001776802027761273
170 0.2147326299386878 0.07148118645787704 -0.015412602765579 -0.0009745512638033391 0.00175522506672163 0.00385431469049181 0.2202588988466395 0.0704739631037328 0.003676054511910598 -0.01662609042299541 -0.0008861448988474314 0.001708670933420515
180 0.2158013657007453 0.07162143602198791 -0.01496494127782124 -0.0005865484847350949 0.001251542740310902 0.002632962755248402 0.2212798709570264 0.07057663127770007 0.002578490342732956 -0.01623990948715223 -0.0005529529128987333 0.001233495190397613
190 0.216667733531943 0.07115347349593971 -0.0145898176806811 -0.0001408928400379067 0.0005822787682373922 0.001890248090904831 0.2220635953786336 0.06993670492789461 0.00193468462156892 -0.01601237369719321 -0.0001568104187502587 0.0005892549749348381
200 0.21675306317002 0.07052004049257583 -0.01444647515386564 0.0003088688788151767 -0.0001573682731029304 0.003380062705100044 0.2220929407812402 0.06906700014796691 0.003524163092189132 -0.01602556058790513 0.0002471093979106401 -0.0001300820309350615
210 0.2167829623013941 0.06984087735851009 -0.01461302992232915 6.191999654960847e-05 0.0001812303605631219 0.006812464771547826 0.2221521768132806 0.06824203582766294 0.006848143014235698 -0.01625748687102906 1.724820542943371e-05 0.0001928101846530542
220 0.2161347951966162 0.06954880231454601 -0.01463738722100474 -0.0002848100825263694 0.0008893007895992346 0.007476486290527912 0.221557896719627 0.06792638736837063 0.007376802685131678 -0.01628996342824454 -0.0002783535681220855 0.0008767547900930157
230 0.2160126747067617 0.07002865248569663 -0.01455342221027229 -0.000240870979349401 0.001070045100944715 0.005333856305634097 0.2214818783292877 0.06845882837953859 0.005421723500231795 -0.01620606617135599 -0.0002724547491103888 0.001081568002918548
240 0.2162048156960896 0.07023932470664924 -0.01433509240420948 9.271969404325722e-05 0.0006883104065647373 0.003547806728484491 0.2216861712599942 0.06880947433703116 0.003991302539685603 -0.01595351076703946 -9.03240407070033e-05 0.0007623765943695216
250 0.2169056545498563 0.07044226033208746 -0.0142305547677522 0.0004060721870031751 8.934427578725342e-05 0.002623519557382731 0.2224199203643488 0.06923824938899292 0.003405435305966631 -0.01578594449801819 6.105313267786391e-05 0.0002285595107707114
260 0.2169283053621374 0.07064821469722724 -0.0143888161695222 0.0004068315949626591 -3.831712808660277e-05 0.00196215435847993 0.2224554512269385 0.06957500368221681 0.002893341540400816 -0.01591730197857063 -1.73021696524713e-05 0.0001357998002894164
270 0.2165090259415657 0.07069899593244083 -0.0143395721411465 0.000359673894320627 8.93777621596805e-05 -0.001024031496584335 0.2220494884214703 0.06964657833264698 -0.000287021788402234 -0.01590188239419095 -3.924008837200519e-05 0.0002439140124702333
280 0.2172548216797408 0.07080793086580836 -0.01424952870253134 0.0002550278059112096 0.0001577906668961713 -0.002951355938792974 0.2228178458164455 0.06970589113102127 -0.002469272212592338 -0.01588020269714749 -8.1034581514352e-05 0.0002740969036980131
290 0.2172608626577284 0.07114359925273506 -0.01413031793854492 0.000181346180801862 0.0001796894164545668 -0.002981225128587467 0.222850182404482 0.06998489275226234 -0.002754999055847721 -0.01581322298979185 -4.970631363057836e-05 0.0002515935297379173
300 0.2168639449457685 0.07135695885301339 -0.01405776635660257 0.0003289101507279689 -0.0001428958079479956 -0.00271431882469604 0.2224701785844483 0.07016714470405327 -0.002832790053809011 -0.01575109603651066 0.0002374846757839742 -0.0001297048831387757
310 0.2169878970225841 0.07095924537942955 -0.01406571946096119 0.00027704769518379 -0.0002328908687889167 -0.001586369611141107 0.2225757218563749 0.06973714586316199 -0.002049000515935611 -0.01574980101987602 0.0003220063194869252 -0.0002814435818445052
320 0.2170245021265778 0.07030634779089708 -0.01394025349137547 5.478881900987137e-05 0.0001166506445507425 -0.0007822744143021346 0.2226085998049224 0.06907736365153985 -0.001444507562388221 -0.01559691343710973 0.000223406667535916 2.124080782394321e-05
330 0.2163690321722879 0.0702776406294187 -0.01390567408330317 -0.0001234885906455193 0.000500672129744374 -0.0009693765989413905 0.2219561458762878 0.06910011113252935 -0.001650629496999933 -0.01550991914636344 0.0001189485391848441 0.0003842105996623208
340 0.2158902237842904 0.07106047264705657 -0.0139420784551085 -0.0003262125041575359 0.0008629123046538331 -0.001261478763943774 0.22143502602266 0.06989591777523589 -0.001820175263275214 -0.0155123087956889 -0.0001006778624515506 0.0007568288953425672
350 0.2154630498630668 0.07149223587484603 -0.01388755628101003 -0.0004966605153504874 0.001032268692824479 -0.001049635996548329 0.220946915434557 0.07025496690936062 -0.00148188811616103 -0.01547728089371326 -0.00034531019541637 0.0009496456971270263
360 0.2159334843008999 0.07194740247782304 -0.01379132359608992 -0.0003939921134381643 0.000854437134741792 -0.0004603998305859607 0.2213901737591634 0.07063228111786557 -0.0008210592758341683 -0.01542097690511985 -0.0003064069642299509 0.0007899367538715007
370 0.2166173284888043 0.0720756696289548 -0.01369334034233018 -0.0003950157311334757 0.0009614080343624385 -8.568415209978649e-05 0.2220789918290946 0.07075478967976394 -0.0004563118105908303 -0.01533140929181331 -0.0003359103168259089 0.0009012939714428898
380 0.2163686583289586 0.07205807896074932 -0.01391334997800519 -0.0002946489549495457 0.0009582342433835493 -0.0005040902802513979 0.2218267107859666 0.07072444108357498 -0.0009447186787338814 -0.01555451981712713 -0.000221248273835123 0.0008897116324682293
390 0.2160372249269273 0.07218969052860309 -0.01403559212825135 -0.0003962496397669023 0.0009347152793599584 0.000488514066548082 0.2214976116423919 0.07081176535503041 -0.0001240579444615676 -0.0156873764174855 -0.0002814899667323037 0.0008408540027396254
400 0.2160779132196408 0.07181040762746224 -0.01394933690520351 -0.0004276508891230992 0.0009249082158235167 0.002488164760469472 0.2215609570436292 0.07040604498991353 0.001688219449762374 -0.01560765314575034 -0.0002641277346044404 0.0008007109479857931
410 0.2165462385494458 0.07152518897819217 -0.01367683623225676 -0.0003025033345380088 0.0008173972527151608 0.002660763429024405 0.2220577499600187 0.07013644051935117 0.001794065992822064 -0.01534063436923027 -0.0001058272917720276 0.0006779811273811578
420 0.2172765861325353 0.07178527266511803 -0.0135903906740827 -0.0003577140613219846 0.0009171694550162562 0.003025358812509814 0.2227906721755883 0.07041518616960378 0.00225969750649972 -0.01526591139441612 -0.0001838790322410228 0.0007906091993318625
430 0.2166836387502498 0.07203967677244318 -0.01374453594722937 -0.0003225085861270912 0.000922987597344617 0.003485278034589864 0.2221829134749589 0.07065362133012562 0.002874229067194969 -0.01543667615481086 -0.0002068323988158289 0.0008243937882383971
440 0.2167387452339825 0.07204262498577751 -0.01366757301623678 -0.0002601393261052862 0.0007053016332784034 0.004236070698670968 0.2222630788473456 0.07059534386043903 0.003817879407418305 -0.01537854269080054 -0.0001979241154200232 0.0006374344325596217
450 0.2163379298426346 0.0715455620570173 -0.01368611887013154 -0.0002032473926018676 0.0006260371082355613 0.003805353406372703 0.2218700531661283 0.07007607383846613 0.003690320375039932 -0.01540638739317149 -0.0002247730678946779 0.0006101597047332683
460 0.2162119231175546 0.07164583338282361 -0.01384436380869628 -3.43686774890021e-05 0.0004145198116505802 0.003704189911893646 0.2217801393381051 0.07022873596876125 0.003775247358919963 -0.01555276423978326 -0.0001182355980588716 0.0004321282059338517
470 0.2163080633093371 0.07234686609445289 -0.0139602524327072 9.487715041879265e-05 0.000195284540691484 0.004294862292280576 0.2218924903145743 0.07099665619933551 0.004494199771136729 -0.01563630825261459 -4.56981741052761e-05 0.0002374329586855131
480 0.2166177987976418 0.07223251360094915 -0.01403098358188633 0.0001328618252201919 0.0001831970010218658 0.003854456605207817 0.222185410429463 0.07088880394749864 0.004111368932161341 -0.01569911309550772 -3.797023390430526e-05 0.0002386036602425297
490 0.2166433241079913 0.07192074041821192 -0.01400494297348864 0.0002930774975082633 3.084237042816615e-05 0.001701351579281263 0.2222050433038209 0.07053255614136236 0.001990928750453519 -0.01567294676956239 0.0001175380692879979 9.315083389939073e-05
500 0.2166277156753914 0.07192028469772023 -0.01418012963817838 0.0004092134565504 -0.0001311941961173431 0.000325783295636362 0.2222013949959655 0.07043870287179478 0.0006284269253062821 -0.01584405783813171 0.0002217941757892919 -6.47193216248749e-05
510 0.2161951652440166 0.07212971594823418 -0.01440957873264906 0.0003722429054421383 -0.0001337230092859462 0.0009984563207667571 0.2217683294193113 0.07047957188809403 0.001259296964166752 -0.0160991045996455 0.0002112278045143854 -7.704470642951995e-05
520 0.2162551249482188 0.07208558519639856 -0.01440284778297306 0.0005315418526354796 -0.0003888961379476302 0.001254458040884579 0.2218161744123276 0.07030061457940534 0.001483767964692331 -0.01611456645086749 0.0004300354487044144 -0.0003477269168325704
530 0.2165798479172003 0.07162540714038085 -0.01421548824573188 0.0004931918653649091 -0.0003905293290206089 0.0003974426464951462 0.2221107178802862 0.06975553035773806 0.0006408805143762996 -0.01594156352046646 0.0004064535860649713 -0.0003547981842565845
540 0.2163718517772112 0.07098071912152791 -0.01432760373435293 0.0002949918946782111 -0.0001273080230056325 -0.0006670466776936723 0.221872519198639 0.06901648490652344 -0.0004421415731796552 -0.01610028927834179 0.0001941122264949413 -9.507160451559948e-05
550 0.2162614934431296 0.07111227977276396 -0.01447141766713382 0.0001426254818923591 -5.056514777599711e-06 -0.0006149482655082638 0.2217691480658658 0.0690444021210639 -0.0005288969876746709 -0.01630511566028201 6.356648927681947e-05 6.095418801602382e-06
560 0.2157249385868521 0.07107185960063148 -0.01458177207435366 0.0002379088146690062 -0.0002246791844051857 -0.0007067602283520691 0.2212776136536133 0.06896931159378766 -0.0007320061434497433 -0.01645145260626835 0.0001994575000429172 -0.0002349886945365572
570 0.2153359432162482 0.07101116194510262 -0.01446715492125401 0.0002157297228848636 -0.000395986063532475 -0.001786505835793153 0.2209507656320537 0.06899141963431077 -0.001800200834190969 -0.01632682156283083 0.0001879666244449362 -0.0004110342918877309
580 0.2152907224213638 0.07135179303364025 -0.01445756988325116 -3.053010416142265e-05 -0.0001287784234488042 -0.002112635418927227 0.2209219165453764 0.069449322306826 -0.002224006737798775 -0.01627014970845597 -4.545786339935119e-05 -0.0001584124124725054
590 0.2150095567747932 0.07162258477991522 -0.01459323360777794 -5.011861267534442e-05 -0.0001376450602606274 -0.001479906580754297 0.2205983371028728 0.06976690799603461 -0.001864064249078465 -0.01637462448101228 6.495807957122288e-07 -0.0002065103435501671
600 0.2152428372775597 0.07185746007781178 -0.01458264831694089 -6.12450761534736e-05 -0.0001755316726570088 0.0002753609834675006 0.2207838047281858 0.0699408665037691 -0.0004093142932065641 -0.01636900265119211 8.029316609851041e-05 -0.0002931950612345823
610 0.2152474919406041 0.07141495177279278 -0.01442517650159633 -3.985681861215827e-05 -0.000144657066069851 5.274644443529435e-05 0.2207635665160174 0.06943997353849152 -0.0008326492950582345 -0.01621876457340272 0.0001860625877596456 -0.0003006233924314243
620 0.2159475574711214 0.07159894669132033 -0.01445254039397104 -0.0002131330286379327 -5.274128432468487e-06 -0.0001241302991083442 0.2214783560966351 0.06964335880361371 -0.001121298910719224 -0.01624940766751379 6.387336408120505e-05 -0.0001854351288801064
630 0.2167621096929636 0.07169083480112093 -0.01460841210554212 -0.0002442737393789457 6.702515375097157e-06 9.67583659823885e-07 0.2223311081418879 0.06981225074233059 -0.000989740157076863 -0.01639837200212625 4.988723348894186e-05 -0.0001770275009212297
640 0.2175560273328479 0.07170006717057309 -0.01459449624130968 -0.0001944310315310652 -6.4899952520574e-05 -0.0005290218489415542 0.2231401807480518 0.06986102864782238 -0.001449944507747851 -0.01638906290508042 0.0001226167896869513 -0.0002451760218884849
650 0.2178938214388877 0.07184066478046358 -0.01459034333716647 -0.00023953801903053 -2.840059162044874e-05 -0.001066107266959612 0.2234755549868561 0.06996483207708537 -0.001877217022775951 -0.0164231562670537 6.007330019690032e-05 -0.0001927384791025182
660 0.2176321203023627 0.07246485940306077 -0.01463350082298507 -0.000107921470940946 -0.000247731384874794 -0.002089427338516316 0.2232199336865454 0.07052693247156618 -0.002811176116077905 -0.01651705681234842 0.0001611933764927467 -0.0003941136765782777
670 0.2180739299115428 0.07308082787826711 -0.01458390325136641 -0.0001245278626147521 -0.0002123300494011844 -0.001722230628527344 0.2236826741821813 0.07104887291172667 -0.002451400744051473 -0.01651342833829563 0.0001276360443290198 -0.0003535154729632476
680 0.2177291517425021 0.07302207639116612 -0.0146678502054025 -0.0002121963161961214 8.252210699479148e-05 -0.002187123106914528 0.2233506553752337 0.07084823666931482 -0.003010355733493609 -0.01662532898240402 2.730477336395835e-05 -6.39294041480079e-05
690 0.2179968185766077 0.07317698740055907 -0.01476193469181009 -0.0003197991790546631 0.0001639645551977853 -0.002638077532632531 0.2236501770524602 0.07082258952363185 -0.00365201688460289 -0.01673519743811783 -8.806122574783461e-05 4.625722072437801e-07
700 0.2183983355546919 0.07375371237115401 -0.01487978986401711 -0.0004876749375001308 0.0002538920101527733 -0.002368206933203444 0.2240922062315109 0.07124723114345186 -0.003615366873191017 -0.01686581702471643 -0.0002282241640003228 5.979320729143523e-05
710 0.2182583119955405 0.07411735793482888 -0.0150426042774214 -0.0005710983829079606 0.0003143649638503034 -0.002318518934373592 0.223980599501078 0.0715866814601829 -0.003788155385594062 -0.01703852020853943 -0.0002563448028827743 9.036693946293428e-05
720 0.2181567163705859 0.07413677922219859 -0.01504129995282316 -0.0005956594086804899 0.0004288262155928173 -0.003624147497812024 0.2239232381570151 0.07187520788165092 -0.005310624934495297 -0.01699479831221714 -0.0002189926710393855 0.0001811392632475188
730 0.2175665867345952 0.07402404608113225 -0.01509071916145009 -0.0006654118013851315 0.0004986535740972248 -0.004949374212615354 0.223417166137078 0.07216079141795724 -0.006479402187633393 -0.01697598634561251 -0.000228054051917496 0.0002544906221976572
740 0.2169661038670004 0.07423500229302961 -0.01503399180997736 -0.0006535929205801001 0.0004810664732075823 -0.005327504866867005 0.2227955885001324 0.07247995335077029 -0.00658814508223269 -0.01689242483403521 -0.0002000936257243901 0.0002620801519601565
750 0.216584244796535 0.07411271766083112 -0.01494157991618232 -0.0008311613561839208 0.0007024403854877176 -0.004296889595693772 0.2222997251332313 0.07229573690629773 -0.005579953232340149 -0.01677537203266471 -0.0003426284683563659 0.0004801174037893279
760 0.2169127751607592 0.07383341953911514 -0.01490980943585414 -0.00129647823304223 0.001331405903509076 -0.002793570916674631 0.2225500105318296 0.0720445908499365 -0.00475558808509466 -0.01671912222704777 -0.0006349161492640191 0.001010707770067293
770 0.2180325759692504 0.07447443040886234 -0.01477360221747661 -0.001555600867974832 0.001585102286506574 -0.002585719793985663 0.2235760789097192 0.07275349574134561 -0.005182883573254977 -0.01657793442843078 -0.0006927652095040958 0.001154415058597346
780 0.2182594615076438 0.07495540164498866 -0.01495207049803336 -0.001492032204160852 0.001431261072867696 -0.003347059769518316 0.223726943553237 0.07337406716163457 -0.00569536748931045 -0.01673223639569365 -0.000646720276119471 0.001019371129383408
790 0.2178164009520357 0.0753662635167798 -0.01517792016258273 -0.001417316443463747 0.001544500514060615 -0.004729300156389596 0.2233283429289523 0.07393297021204416 -0.006196759873058896 -0.01690959104219416 -0.0008092052332242703 0.001266611254355954
800 0.2172985636277369 0.07549618581535522 -0.0155927560641688 -0.001297237740075367 0.001635386334929865 -0.005897401908183765 0.2229249423934944 0.07412321029473891 -0.006837205580194197 -0.01729126399612244 -0.0008560907178494957 0.001443723269096488
810 0.2169534656244453 0.07598644992942953 -0.01583382531346025 -0.001423269371459193 0.001523913235751031 -0.006148270046161763 0.2226344482610347 0.07456426568590538 -0.006877880348721133 -0.01754112973958399 -0.00103699024398929 0.001360951371350904
820 0.218345228932271 0.07667119377302098 -0.01583816090893876 -0.001537538166285297 0.00130904438867333 -0.006522432576966579 0.2240034424409376 0.07517522810843891 -0.007094300202759276 -0.01755379154215233 -0.001175101912727397 0.001162923317233065
830 0.2195943119943926 0.07651931974639303 -0.01573591315050729 -0.001583031522628084 0.001298028127539499 -0.007198474468755978 0.2251848404565564 0.07497683959197367 -0.007718450109521393 -0.01743678191164183 -0.001247630253609946 0.001163796125697765
840 0.2206383409254041 0.07617912536017137 -0.01556623156141737 -0.001302356090212529 0.001022013257905545 -0.007594592896215491 0.226135017438886 0.07457725647403962 -0.008106914186359154 -0.01726235275782463 -0.0009964850538770091 0.0008979977418435288
850 0.2211973628306028 0.0759806811119608 -0.01524932510113664 -0.001014608513905447 0.000602258881148176 -0.007544161318075516 0.2266161454191163 0.07430963843395302 -0.008220344211244001 -0.0169719932502155 -0.0006938449573734203 0.0004577632962178248
860 0.2217154814362839 0.07578027934436012 -0.01518851882561376 -0.0009511612322361473 0.0004527473583107411 -0.006578993641954066 0.2271284511313525 0.07403992615248561 -0.007489802546548822 -0.01692570607311281 -0.0006032315226627946 0.0002759600129522587
870 0.2213917547140916 0.07514137258232764 -0.01523994254078317 -0.0009862962132593483 0.0005985398767809519 -0.006066578791059374 0.2268259484252842 0.07335935837459814 -0.007151997284482434 -0.01696205785544056 -0.0005940660895204924 0.0003991272702879071
880 0.2209751431920166 0.07451587286496845 -0.01547569810803071 -0.000648923388915434 0.0002289590794940516 -0.005892247563188715 0.2264321057767548 0.07270726088630469 -0.00704503753817276 -0.01716944920234645 -0.0002265782780102143 3.176000619528775e-05
890 0.2208915822840653 0.0744455186921941 -0.01547385958601816 -0.0003559861716859359 -0.0002350008145809536 -0.004552563431218521 0.2263570788858805 0.07263868502287957 -0.00585406033570546 -0.01715130568057931 0.0001189213709726074 -0.0004519898938310117
900 0.2217160823060753 0.07401968243402289 -0.01526269588401909 -0.0003374055265473892 -0.0002995583711803572 -0.002158423205162123 0.2272045117807043 0.0721959038502876 -0.003713274840013456 -0.01697899998533302 0.0002372698046839777 -0.0005692500499783052
910 0.2229658074810088 0.07354907573813681 -0.0149581606232041 -0.0003108562856412824 -0.0002322114073108955 -0.001158475626655179 0.2284909291276334 0.0716576809170839 -0.002560831827702691 -0.01674224316975094 0.000295882527876082 -0.0005031302328882652
920 0.2243583156355421 0.07404194851657789 -0.01481706597454125 -4.591121334508378e-05 -0.0005680072890802358 -0.001002067330997215 0.2298943497358787 0.07191785820309089 -0.002276398208992658 -0.01668035619051326 0.0004984925566764038 -0.0008100203875582305
930 0.2244593715752911 0.07321381755354561 -0.01489904136460072 -6.722386322897591e-05 -0.0005617390940128935 0.001181526752968631 0.2300034501544822 0.07081246183891579 -4.327508225110855e-05 -0.01681643850549911 0.000348228859016653 -0.0007671893048011722
940 0.2227538284007653 0.07148370898354456 -0.01509211178440241 1.826483890555292e-05 -0.000566878687399249 0.002534855923750936 0.2284140409685182 0.06902317594389226 0.001240325721822436 -0.01699719477055272 0.0003668267084538031 -0.0007677853499879533
950 0.2217975828684552 0.07062165672341311 -0.01506243597138733 0.0001648743758019855 -0.000761244164027774 0.002255768175081333 0.2275783186207144 0.06825581129309462 0.0007007455050991315 -0.01693557353249619 0.000526994049164427 -0.0009995734088977897
960 0.2218082600220772 0.07014517229120301 -0.01501401221969798 -0.0001673342691516935 -0.0004286497726207871 0.002569584978917243 0.2275654635134561 0.0678003607913468 0.0007557010651414418 -0.01687451548309405 0.0002474964021314868 -0.0007128046794554777
970 0.2208774681685026 0.06957685763210181 -0.01485293164112307 3.883521717089709e-05 -0.0005708276868064551 0.002657646996066621 0.2265768413503359 0.06714467910813443 0.000950499574797848 -0.01673383723881915 0.0004648937548782083 -0.0008448707910929193
980 0.2199509858399065 0.06852195696133878 -0.01492238192241867 0.0001662756009142832 -0.0005635168433146453 0.002643488463630038 0.2256477521712238 0.06608888400521129 0.001073406164376757 -0.01683464019250442 0.000577097177693859 -0.0008159078626726602
990 0.2185171631456566 0.06730520602519884 -0.01523583660992747 0.0001230658622946618 -0.0003348744265880072 0.002399646738326833 0.2241966885159849 0.06497549326903843 0.0006954116777498814 -0.01713751358847755 0.0005527622447135961 -0.00060201634580485
1000 0.2174529695157961 0.06783038506375411 -0.01554129436152201 0.0002299239908411987 -0.0004775225846199442 0.001338142648409448 0.2231246802719168 0.0655243184503463 -0.0004486913254772983 -0.01743011827631856 0.0006979464735122771 -0.0007652997615054144
1010 0.2177629060292954 0.06887207518595943 -0.01570383996238782 0.0001466698419942429 -0.0002894168397710004 0.001900199611753965 0.2234024105007854 0.06641077278082645 -0.0001268953229651353 -0.01761439621982907 0.0007228327313057426 -0.000623840672399715
1020 0.217614146740768 0.06932989159341874 -0.01582052424588247 0.0001571305562637842 -0.0001388389127027703 0.002146343986147957 0.2232254658514898 0.06689486640489753 1.210980129394269e-05 -0.01769068178496067 0.0008688904472721822 -0.0005110732892836965
1030 0.2180541472892412 0.06988721730898596 -0.01570410581953993 8.835797825808798e-06 3.904318246360863e-05 0.00275168794217418 0.2236801143453035 0.06775654015544245 0.001040131755475758 -0.01749914447665279 0.0007141032063499291 -0.0002893629587637999
1040 0.2174071773423932 0.07007693550534691 -0.0157238160156483 -6.145117877449165e-05 0.0001717966037526025 0.002739702889420366 0.2230494505516534 0.0681761832259828 0.001680898179326396 -0.01747138012469296 0.0004619979069250228 -5.531726277391972e-05
1050 0.2176671613594216 0.07084822916999856 -0.01574375172933931 -0.0002267531853195472 0.0003818927834540588 0.003073856308191797 0.2232765393997495 0.06893020999493982 0.002338556978012294 -0.01750711953187584 0.0001596862427208783 0.0002139759215901383
1060 0.2188975005866746 0.07136074523901399 -0.01570638114922861 -0.0003728677944759006 0.0005951420315199638 0.003358572662263541 0.2244490750599437 0.06932310831043237 0.002698125231522096 -0.01750895747708725 -1.938024706804399e-05 0.000440969808434557
1070 0.2200316140098633 0.07166472288062543 -0.01554211645079744 -0.0004417655970220538 0.0005899806121793991 0.002644177599538479 0.2255517363060426 0.06950360214255558 0.002116016997400566 -0.01738966502883391 -0.0001017773821342706 0.0004514033304831809
1080 0.2203373426293954 0.07165630414095558 -0.01548822658500918 -0.0004038444694092973 0.0004355627441134943 0.001679182195287104 0.2258827471819001 0.0693983378382937 0.001463586236969836 -0.01738414890824427 -0.0001527411498466714 0.0003454481682561628
1090 0.2203294323976444 0.07138691278741564 -0.01555855938002345 -0.0003730506206047566 0.0003896276466989597 0.001773452438346276 0.225926975804725 0.06908207301731317 0.001649178848521383 -0.01748199883332746 -0.0001751516260237219 0.0003177602465947311
1100 0.2203699377934378 0.07065799683633664 -0.01564538276509115 -0.0003607609518344551 0.0004901036668247515 0.001935796586181194 0.2259971884906319 0.06830969808726946 0.001678337726788946 -0.01757960784746156 -0.0001418292264179869 0.0004007579773153779
1110 0.2206673703987283 0.07050337459972408 -0.01555184900410343 -0.0005777609708319542 0.0007542539519921701 0.001562806923067646 0.2262913714887046 0.06805774586938267 0.001071949898862673 -0.01752131836165247 -0.0003013959717359419 0.0006314288941225225
1120 0.2212641537391813 0.07062220557355559 -0.01543150544182422 -0.0006654136221193603 0.0007907807297164566 0.00120799974195794 0.2268587158066467 0.06808278942340938 0.0005396769378556334 -0.01744604822703582 -0.0003443312565550425 0.0006413523926439599
1130 0.22151746839074 0.0703333318102066 -0.01541965900361612 -0.0003701280251989142 0.0003365837982825819 0.001712478561720506 0.2271034055874756 0.06773474706312196 0.001051329147428582 -0.01744662470179546 -5.630961346214441e-05 0.0001884330927424008
1140 0.2204112015419616 0.06879336403987706 -0.01544779930086457 -4.267645535540853e-05 0.0001251347278313447 0.001674805252979826 0.2260357194001324 0.06614884395238477 0.001084998422559589 -0.01745182825428229 0.0002368443835673314 -1.248619471321276e-05
1150 0.2188649374635531 0.06758900978638015 -0.01549634126991619 0.0001568597551438155 1.893091043447938e-05 0.000163239825701105 0.2245852052872167 0.0649812021291329 -0.0005026016723016873 -0.01743836066161416 0.0004172147375358533 -0.0001270436803628055
1160 0.2181178251283056 0.06726033146200447 -0.01547489593401047 6.05365335508903e-05 3.821441153923579e-05 -0.0002916021193592086 0.223901019662676 0.06482457102346266 -0.00119272631798097 -0.01732667467960971 0.0002988212789834855 -0.0001298252597583611
1170 0.2177647331792414 0.0675469014482767 -0.01544418894575189 0.0001924986814215181 -0.0002965084984511198 0.0004708549222587843 0.2234872588194837 0.06532095060606909 -0.0006160526911644115 -0.01722239556824338 0.0003700927684615493 -0.0004692522249947792
1180 0.2184372558975309 0.06824514083002217 -0.0154980418387681 0.0003787025165083656 -0.0006828884788671715 0.002842383723981106 0.224051107016588 0.06613807345385979 0.001587032610819802 -0.01725380460241255 0.0005499817790323976 -0.0008694861606177598
1190 0.2183461798253057 0.06852745362097111 -0.01538396376596282 0.0003872019531576267 -0.0006707514014229885 0.003309898984015854 0.2238855988121254 0.0663491004973342 0.001811475607077658 -0.01719044770667271 0.0006276144549814534 -0.0008905054395578957
1200 0.2179691526852456 0.06869446856947564 -0.01538518019667085 0.000175288916978409 -0.0004754640224679686 0.0025061217135242 0.2235343293534645 0.06631321620185358 0.0008276458805815407 -0.01729542269381511 0.0004374962311819692 -0.0007114460773405668
1210 0.2175992835457622 0.06899091202576749 -0.01537960852594139 0.0003297832443284197 -0.0007757668054624783 0.001827480101653147 0.2232480366407741 0.06649566183703745 0.0002291274675756147 -0.0173586017723145 0.0005326223619590555 -0.000985285277782261
1220 0.2177468637315191 0.06916229079471918 -0.01534537517806179 0.0006378796593155512 -0.001201891483124129 0.001673071338689384 0.2234497914766969 0.06673267387996491 0.0002733928725725055 -0.01729467988980391 0.0007851449870417293 -0.001375986341453442
1230 0.218253686601225 0.06923696396663395 -0.01535987022898353 0.0007650192482530735 -0.001396807968072239 0.001804058294450612 0.2239497553229655 0.0669933478606885 0.0006646932613149888 -0.01721248095009909 0.0008819938658940473 -0.001533771441114938
1240 0.2181991671280192 0.06920630249209497 -0.01525995385068739 0.0006418459659061994 -0.001106046271829283 0.0009305925733684895 0.2238720568430684 0.06720648248871595 8.861648067412104e-05 -0.0170171506963726 0.0007542510163160754 -0.001210018162835434
1250 0.2181658925557555 0.06937000393143636 -0.01524441937525363 0.0006237521309251171 -0.0008293500959505272 -0.001117082973781313 0.2238000026472362 0.06753169504901284 -0.001777074995240618 -0.01696947298142275 0.0007564579557360055 -0.0009213033256203427
1260 0.2187770961202728 0.06989553099086647 -0.01536084977455755 0.0008316202190859871 -0.0009099404807024866 -0.001896379205436173 0.2243801112540847 0.06804383019480929 -0.002490543404123527 -0.01713487188672639 0.0009592106301016821 -0.0009963732223466249
1270 0.2185702077772997 0.0697819052952085 -0.01533111282682266 0.0009506213285819195 -0.001058075392935828 -0.002446562017770315 0.2241756407154345 0.06782977206552478 -0.002894788358824542 -0.01718784226913551 0.001007857535078047 -0.001116665303979068
1280 0.21832719906662 0.06937739947414147 -0.01554912412979048 0.0009524652186516536 -0.001235885220319332 -0.002648253529418667 0.2239711158018898 0.06740173964946272 -0.003025325693259126 -0.01744859114294251 0.001003958714012431 -0.001287383671510129
1290 0.2176798437340505 0.06899458745398758 -0.01586852333754753 0.0008555825178260297 -0.001172085492568243 -0.002846504646069742 0.2233249503241287 0.06705914597557804 -0.003249750144829102 -0.01775113400825534 0.0009582502397166852 -0.001236220956071052
1300 0.216941848727586 0.06916635238635234 -0.01616830387064756 0.0006562615361669576 -0.0008402039839653484 -0.002742257548125061 0.2225723366667808 0.06724106872673666 -0.003152056182641051 -0.01802444023943669 0.0007889877093371465 -0.0009108844858895461
1310 0.2158242817882348 0.06938868755454816 -0.0164857929509828 0.0006951080766734275 -0.0008961766075386228 -0.002897273220963822 0.2214645684038384 0.0674361569748092 -0.003396602675296964 -0.01832652829933287 0.0008695309538018152 -0.0009833979535379411
1320 0.2152375157059713 0.06987479158290638 -0.01670198551431872 0.0006527135114631515 -0.000966132470552911 -0.002044978483309346 0.220862325543664 0.06792367887245736 -0.002723191073318696 -0.01853010402547463 0.0009241062374100084 -0.001092557364804355
1330 0.2157268053806657 0.07051631398752868 -0.0167729220356481 0.0007390575721014349 -0.001088980133483115 -0.001785134535621386 0.2213274560464122 0.06863250613025763 -0.002574230351335625 -0.01858129067396135 0.001110826946915471 -0.001247095088977361
1340 0.2162607563165087 0.07131233292677674 -0.01672698374800891 0.0006966791583798208 -0.0009764473006285873 -0.002135232099778484 0.221843392636076 0.06954807606324694 -0.003067040298940808 -0.01850953518222438 0.001153700003836901 -0.001163995125104788
1350 0.216842597241438 0.07225924322454903 -0.01668096790581841 0.0006207550590330909 -0.0008029899072445397 -0.002465273029724376 0.2224024641574689 0.07051804559142044 -0.003416318527868958 -0.01847644372901681 0.001091170739745673 -0.0009939607764731537
1360 0.2169382601194269 0.07309575941910366 -0.01654029063746692 0.0007305656889829298 -0.0009761500439472885 -0.00263037962127415 0.2224762165989309 0.07125411789354519 -0.003398452922584278 -0.01838900306372371 0.001133142792903734 -0.001135174375562585
1370 0.2169365690129396 0.07298386234608502 -0.01635333094714636 0.0009999001563910734 -0.001306908251873329 -0.002561482244305417 0.2224671184128737 0.07101963113792369 -0.003113030962294893 -0.01824517647078308 0.001295171452499431 -0.001423627996682949
1380 0.2169973396591963 0.07224890272250926 -0.01613597769910695 0.001257523391294763 -0.001613166295294329 -0.002935460224690089 0.2225596778986346 0.07028286396208069 -0.003381502128618078 -0.01801072779542909 0.00143510303262751 -0.00169742148891108
1390 0.2171234986929756 0.07173307340792195 -0.01594017824473737 0.001427629867225862 -0.001850374618411944 -0.002832341695528559 0.2227210359165211 0.06986591941168867 -0.003191666934302973 -0.01776109992408893 0.001517045656252571 -0.001907831462044535
1400 0.2174832807039311 0.07106693253575286 -0.01574276857915432 0.00152762406998615 -0.00201751853210076 -0.001855188630726108 0.2230739292284876 0.06925164841339755 -0.002123995475475177 -0.0175431066066634 0.001582792320941924 -0.002055771092687775
1410 0.2178656182396844 0.07033203996896484 -0.0156212763070762 0.001757275614353686 -0.002244965031169622 -0.001856975096649135 0.2234261857701841 0.06855011305905852 -0.00179075027633755 -0.01742102862500268 0.001714726094068289 -0.002229339251731417
1420 0.217916584146275 0.06975509361455441 -0.01546651395875768 0.001816594233029101 -0.002129331739158096 -0.00198893594581941 0.2234443998700344 0.06798906236516131 -0.001414341141716907 -0.01727061543740553 0.001602076411972721 -0.002031066588577111
1430 0.2175781843507348 0.06978390949978977 -0.01546748937394828 0.001712318876732727 -0.001869924869756606 -0.0008597058142561147 0.2230921318168679 0.06801835952082383 1.250657442914738e-05 -0.01726808143442513 0.001405729734088639 -0.001724388830233403
1440 0.2169992413738531 0.07001971211384528 -0.01539167094263486 0.001674993386530767 -0.001860970557677011 0.0008214229317296812 0.2225194539191677 0.06825400008815645 0.001648259135878263 -0.01716631781185227 0.001401286715038771 -0.00172672945364307
1450 0.2167115438905574 0.07037444453376213 -0.01541077504765794 0.001615333040267157 -0.001930819010172116 0.002299986440220335 0.2222384811462891 0.06862095888230801 0.002898638641438525 -0.01714924781756042 0.001437779143215419 -0.001836652814835878
1460 0.2164855007246716 0.07074960168332263 -0.01546744453847027 0.001451997390701776 -0.001727028158298543 0.002386016107030905 0.2220392186413422 0.06902011168388894 0.00263992173475474 -0.01717266795649627 0.001414628266428459 -0.001692950539046815
1470 0.2159687173630604 0.07114067887110984 -0.01563427226777701 0.001350095837591534 -0.001454647115695757 0.001916575152428612 0.2215767211853733 0.06947753565783844 0.001902221175980347 -0.01728534276520599 0.00141129125873546 -0.001465322761425021
1480 0.2163112580576314 0.07162215424350903 -0.01593362601815627 0.001500144189639136 -0.001565316700003092 0.001384380694089346 0.2219541833108087 0.06995866182374073 0.001260033819308616 -0.01756904650645326 0.001603893232056573 -0.001593537721988995
1490 0.2162223102515989 0.07170286502349338 -0.01602453532541459 0.001647252548941311 -0.001847341809438441 0.0006752529850376361 0.221868404475961 0.06990533378487128 0.0005892145947458348 -0.01771962876047925 0.001750845705818339 -0.001868697712916672
1500 0.2164511160260884 0.07179281742223205 -0.01599034751117669 0.001474774469577824 -0.001701444128253819 0.0001394860329574863 0.2220737251056882 0.06975413686446913 0.0002043743598783334 -0.01779380748591937 0.001505540415409247 -0.001692229002972235
1510 0.216818462716549 0.07197659894149015 -0.01612105625830331 0.001291969459741962 -0.001441101172969237 -0.0004933082504201591 0.2224013962766534 0.06971534484517115 -0.0002405316173501832 -0.01800125400844969 0.001224189087158861 -0.001395143858747485
1520 0.217523141006477 0.07207341871082963 -0.01626478781431479 0.001017298549666728 -0.001109458340366188 -0.000602793671651475 0.2230842765075818 0.06967737202951582 -0.0002422029717491705 -0.0181631434789563 0.0009045669579685648 -0.001046817122673272
1530 0.2178605610663956 0.07193545363253692 -0.01635522135676801 0.0009933781353777913 -0.001063824797604237 -0.0004441229452393766 0.2234531337415069 0.06948429607648918 2.426308690782263e-05 -0.01823894896308739 0.0008892137158318657 -0.0009938707598224725
1540 0.2179026598372858 0.07143014424500573 -0.01634628897470117 0.001021338827862275 -0.00107377122097658 -0.0003047114528559008 0.2235483820933181 0.06894086005983047 0.0002388023918179808 -0.01823279229034531 0.0009716070296338717 -0.001006980897532331
1550 0.2183668818880167 0.07117513738554875 -0.01633104119267526 0.001052980618108935 -0.0009806031329769437 -0.0006664387374333271 0.224072831905848 0.06867562561155756 -3.685051557043534e-05 -0.01824533305152059 0.001053020896048857 -0.0009147109651912861
1560 0.2188504094954589 0.070704534674446 -0.01627341095242515 0.00103907623979272 -0.0009398680247705272 -0.001671387557442931 0.2246265815821523 0.06824779388286097 -0.001062629824164517 -0.01821609668152754 0.001083464703872157 -0.0008835607588392329
1570 0.2186682156862708 0.06991856864546046 -0.01638139635403003 0.0008198669879767524 -0.0006714336205924676 -0.001928842797222124 0.224495847007158 0.06749308454479924 -0.001444739744253744 -0.01835161034285392 0.0009007865585654458 -0.0006352324502564302
1580 0.2181490359262643 0.06977527045468623 -0.01667478532049306 0.0007215431894227734 -0.0005522024595423511 -0.00180901293558492 0.2240226174784994 0.06742512835766695 -0.001494091386901553 -0.01862302657823501 0.0008246320938400421 -0.0005397444573556952
1590 0.2167620354137896 0.06960544380037406 -0.01699494610549032 0.000677620372158581 -0.0004543376190200081 -0.0009121252033932438 0.2226493101810791 0.06742287834306257 -0.0007670580959033395 -0.018863136041092 0.0007818403990786366 -0.0004612787960592868
1600 0.2156396769895493 0.07023865367042351 -0.01714966163059974 0.0006236745671276662 -0.0004470019613648561 -0.0009612307612324613 0.2215020998878072 0.06824144990173951 -0.0008909590923993861 -0.01893435701251033 0.0007091554530762406 -0.0004580834059791947
1610 0.2150104626882731 0.0711340319360818 -0.01719207717297852 0.0004108989349273776 -0.0004130538359691685 -0.0003257656625420251 0.220824625627607 0.06927303368505809 -0.0003292113931066943 -0.01892357826683856 0.0004660481894532445 -0.0004253915785637409
1620 0.2147961664937164 0.07222123201838365 -0.01718452725218385 0.000608631441056592 -0.0008337706826530358 -0.0001115607840388701 0.2205866161696003 0.07048841367481298 -0.000171152073015968 -0.01887856253847365 0.0006282756297677907 -0.0008453291929050022
1630 0.2147240756748675 0.0728017573538562 -0.01713147664528468 0.0009421965021598901 -0.001337191234536766 0.0002846369675580941 0.2205151394654678 0.07120474562622102 2.018267241576263e-05 -0.01878953089308077 0.0009813073860953112 -0.001373482553267137
1640 0.2147220530999235 0.07315258411645179 -0.01712083023220416 0.001225229957278778 -0.001608746196032205 -1.711213275507676e-05 0.2204754889409446 0.07157912691788179 -0.0004216178368764197 -0.01879236411998835 0.001276322672985739 -0.001661740532525436
1650 0.2156370825421534 0.0733420231727594 -0.01703690402081767 0.001138375790195231 -0.00149711599301062 -0.0007928632591266599 0.2213697905200194 0.07162550557083812 -0.001211310036177414 -0.01877971246131234 0.001194913403913044 -0.001553971464210181
1660 0.2165425609060855 0.07343381952339238 -0.01697844293109503 0.001041120354295918 -0.001339755193109412 -0.001599547957682095 0.2222851249060757 0.07158783309461908 -0.00186092295904644 -0.01876870963856576 0.001054066110956659 -0.001373069926600813
1670 0.2171757746701586 0.07330223349451309 -0.01680200812115505 0.001065247783290051 -0.001300547571781519 -0.002392800910603394 0.2229393977312486 0.07142253099259048 -0.002453339121698711 -0.01860970854675748 0.001023473331150972 -0.001303678115625398
1680 0.2168907927350304 0.07254678925462897 -0.0167342425920734 0.001175396696195804 -0.001335960697869165 -0.002077921213022754 0.2226847622458015 0.07078179202860246 -0.002030361014994588 -0.01850251225775962 0.0011518123394148 -0.001334551615308552
1690 0.2162878597412562 0.0719024377762551 -0.01657075722838968 0.00112359826696457 -0.001285091301201041 -0.0007146578703881234 0.222090546219694 0.07035113191611281 -0.0009004058262651708 -0.01826762670702227 0.0012308695330482 -0.001333612809844892
1700 0.2157266770435975 0.07169267738610971 -0.0164719097609903 0.0007646365718226052 -0.0007703257949503935 0.001346320219892849 0.2215087578499235 0.0703364563232603 0.0006555758906982427 -0.01812763103215994 0.001070709568767828 -0.0009087013575465151
1710 0.2158795003896856 0.07168722128060523 -0.01635500489819157 0.0004305012686711824 -0.000156254999348743 0.002225592119800322 0.2216010706411692 0.07046707406692035 0.001054435536035811 -0.01799692470965588 0.000940053554005771 -0.0003813734334829466
1720 0.2167038728590785 0.07212126254907623 -0.01636872721359415 0.0004678906089390948 -0.0001075958526973196 0.002501054340555269 0.2223477701843837 0.07091146693749797 0.001249458459805049 -0.01804025875346353 0.001052640822222053 -0.0003559458251754022
1730 0.2169169341954903 0.07255371026555733 -0.01644877460766214 0.0005980253792092185 -0.0003136337502422323 0.00339984994860051 0.2225184347158725 0.07132452606259455 0.002513687516890602 -0.01814558104460278 0.001065110853099432 -0.0005038079473901703
1740 0.2168127438180135 0.07289171850556624 -0.01645633229534505 0.0006249581738920246 -0.000343384298070151 0.004218977727507341 0.2224133894610741 0.07163661010772754 0.003733731573717144 -0.01816483052525264 0.0009236818298164125 -0.0004594404264469099
1750 0.2166474514994622 0.07305551029637802 -0.01653118384158794 0.0005967481086730316 -0.0002699318025920747 0.00326619555853315 0.222260606163327 0.07176295615139484 0.003038233308565112 -0.01824644903177786 0.0007618339868387534 -0.0003313352676605624
1760 0.2172195360344206 0.07358100246729572 -0.01662323414634565 0.0006738517068807168 -0.0004125636898437733 0.002529309201279155 0.2228537173536961 0.07221419689447584 0.002507686869444845 -0.01835386511518277 0.0007114948048685178 -0.0004270235148920464
1770 0.217536803206814 0.07376780398214784 -0.01667166764987868 0.000688932206439431 -0.000456741558759424 0.002370083987956494 0.2231761320841677 0.07233043648341113 0.002593524113725468 -0.01842092132488776 0.0006299500031618358 -0.0004264657240527917
1780 0.2180113882102809 0.07343300016411076 -0.01648729587848798 0.0005360085746358904 -0.0002843993714834814 0.002752566138292738 0.2236552003420824 0.07189724047847565 0.003154909312826061 -0.01828766529963486 0.0004584324190603936 -0.0002308843778933015
1790 0.2188359995848745 0.07298736274144885 -0.01626871918923546 0.0003646811552509175 -9.526369988049747e-05 0.003072383218339495 0.224521385732601 0.07139791524645478 0.003592767776929246 -0.01809846966016775 0.000288817395199909 -2.817183193701636e-05
1800 0.2193230353191503 0.07253519583444394 -0.01618154331864767 0.0004583889636946573 -0.0003096196193151271 0.002794827803672659 0.2250522108864458 0.07104119631773669 0.003351206397496483 -0.01796765626252768 0.0003583653766283692 -0.0002324948607499077
1810 0.2192918159110701 0.07226791369181977 -0.01609066072193208 0.0005535731172520822 -0.0004557109843515557 0.002761762769402739 0.2250049366214284 0.07085842182962621 0.003190654107372609 -0.01785394068451764 0.0004295384688461782 -0.0003868680312942397
1820 0.2190187223069991 0.07139310899032891 -0.01585926549466551 0.0002407282197069176 -2.118844885923899e-05 0.002884043131894993 0.2246629969869317 0.06989679262065492 0.00298570772549836 -0.01768635690047742 0.0001697426067703602 2.838813472661991e-06
1830 0.2190124620453296 0.07089221560048269 -0.01582808141599283 2.095644103619002e-05 0.0001813375729064611 0.002784530932171672 0.2246400511448962 0.06931296232068193 0.002638004671621323 -0.01770214626989244 3.128413867843934e-05 0.0001638028584523685
1840 0.2185655970216822 0.07112426612726395 -0.01589192011102029 5.730104117033771e-05 -5.635323530790829e-06 0.002138395733171054 0.2241890944378022 0.06960284944443766 0.001931517019974862 -0.01772093788186044 9.60791645968062e-05 -3.556876087321069e-05
1850 0.2181190681873841 0.07148464141252794 -0.01608138681966152 0.000302970114585115 -0.0003744674730393703 0.001216868310497405 0.223728994974401 0.07002797168773857 0.0009293026864689335 -0.01784164900240972 0.0003680511256593892 -0.0004200017424116943
1860 0.2179376512474172 0.0713295224902178 -0.01612151516092223 0.0005377267718272215 -0.000627652863797431 -0.0007135436149921529 0.2235479172613676 0.06992596704614797 -0.001123138946306461 -0.01781380153016732 0.0006406540534897945 -0.0006967278338462917
1870 0.2175885296814824 0.07133388292229 -0.01630765660934665 0.0006454147221980357 -0.000713776507922191 -0.001387995682722903 0.2232075862015881 0.07003806878453377 -0.001886182664571949 -0.01792824614278833 0.0007622139435740569 -0.0007984536758287768
1880 0.2174391343989836 0.07191336796757111 -0.01640556859341125 0.0004893825596778109 -0.0004681171754776636 -0.000213954558276499 0.2230413758167609 0.07063437701814118 -0.0008940502950531019 -0.01802931138438895 0.0006669847932959053 -0.0005840613578965104
1890 0.2176437812240751 0.07250829069001982 -0.01631409076034096 0.0002335518957246149 -6.341447455322149e-05 0.0008014484845882201 0.2232116894468194 0.07108718604602379 -3.455373115579762e-05 -0.01802153851812048 0.0005074487985953693 -0.0002107291712182227
1900 0.2180564682653075 0.07230409385947735 -0.01613210122396544 3.483870455882757e-05 0.0002198990122572448 0.0007481292443543579 0.2236253577715993 0.07074724250358744 1.660752974355691e-05 -0.01791660228117652 0.0003057699095777194 8.54389464378677e-05
1910 0.2183911932311934 0.07233829618204975 -0.0161936144079578 1.661880127166577e-05 0.0002778739393179879 2.298190581516763e-05 0.2239891208540075 0.07075489788127626 -0.0005371812820336252 -0.01799760883322952 0.0002306912751648188 0.000171373478468212
1920 0.2181954264388579 0.07230193397946064 -0.01630008399656847 0.0001225989130818753 0.0001321262408542689 0.0007044227777872229 0.2238072037973525 0.07075883191292538 6.422697955552753e-05 -0.01807930931414509 0.0003561545230782784 1.311540961467431e-05
1930 0.2176201168178812 0.07161294703009981 -0.01626404045850496 0.0001440713367489177 0.0001427988434400617 0.002400660194467521 0.2232123022263025 0.07008056375067057 0.001568916061346995 -0.01802721165079816 0.0004396020331296719 -7.788745110476602e-06
1940 0.2171379677615707 0.07080939014414732 -0.01615245118274007 8.053663073200719e-05 0.0002169381207708532 0.00282914838317369 0.2227051819920174 0.06930157916307121 0.001943750413956596 -0.01789945736344206 0.0003961808979189723 5.667225227846595e-05
1950 0.2168070720217468 0.07017896503548365 -0.01611735002928078 6.702435570799298e-05 0.0001766809753654763 0.003584527468903486 0.2223526962293125 0.0686982198910753 0.002773082305685382 -0.01784855954208929 0.0003451001476564761 2.976425061256868e-05
1960 0.216575331253308 0.07036704964385743 -0.01619862005649133 0.0002990164112118638 -0.0001674897141890943 0.004625360319081301 0.2221095546709945 0.06889046939668363 0.003922653224788655 -0.01792387404284864 0.00052266457956374 -0.000293838957444223
1970 0.2166588201205642 0.07057123696021572 -0.01619793455407554 0.0004739324765586519 -0.0003217337529611217 0.005378414265255043 0.2221943836674478 0.06907480947568692 0.004800358611899426 -0.01792050574137105 0.0006343089988899796 -0.0004240661459308995
1980 0.2165527348688326 0.07058494643111958 -0.01608017876970783 0.0004931654532523353 -0.0002786296427900813 0.004252188573979501 0.2221029627898572 0.06906459183364663 0.003869900667394485 -0.01781006279854705 0.0005607902830426206 -0.0003439079466625285
1990 0.2169528742927694 0.07109370279442402 -0.01608236688972695 0.0005529761283137737 -0.0004119772796251461 0.003952578639426247 0.222534418645955 0.06950903657025602 0.003755469278630265 -0.01785013639478628 0.0005307274313092094 -0.0004416161543366622
2000 0.2168096186933212 0.07205227977782963 -0.01608358235057906 0.000740953534741869 -0.0006997814479487247 0.004350316772315658 0.2224259411235832 0.07037152186239636 0.004354924737938799 -0.01790366112232624 0.0006446432707502635 -0.0006945665736196451
2010 0.2170853198326374 0.0727808871987871 -0.01610288485277728 0.0009028981539759644 -0.0009716651817511723 0.004434721886728538 0.2227546423695522 0.07101665224099514 0.004660704940888278 -0.01796171899416514 0.0007632123262505295 -0.0009338277529141632
2020 0.2171066847279075 0.0730789439963882 -0.01619585626037661 0.000943215836042096 -0.0009942834324381941 0.002941783371671739 0.2228514635561351 0.07131031065383456 0.003415615089310895 -0.0180531420987296 0.0007872147520717075 -0.0009252927950694726
2030 0.2173526101976035 0.07272154841320401 -0.01607544640681991 0.0006597741911388807 -0.0005751795238062012 0.001598317853215234 0.2231530350902687 0.07096741744253539 0.002270446190242575 -0.01792341405773562 0.0005185360770898045 -0.0004877897197210504
2040 0.2181719298890879 0.07257328831296396 -0.01632566456012445 0.0005775333393503281 -0.0003295255783736924 0.001251924285323605 0.2240012240256002 0.07088161400436897 0.002030708923024135 -0.01814666708055454 0.0004797324320940719 -0.0002401811114617982
2050 0.2184702845190998 0.07285568165108304 -0.01625755249123788 0.0005158899372673859 -0.0002836269013347655 0.001866668037019602 0.2242890858606637 0.07123392475605285 0.002541312308751451 -0.01805204838625253 0.0004900544349258403 -0.0002193539243106484
2060 0.218831400525568 0.07303820949865883 -0.01615817452348835 0.0002844934892061868 -7.950749563121938e-05 0.002485221157074461 0.2246042929050052 0.07141083219897502 0.002877360091480755 -0.01796836856134368 0.0003487120155369717 -6.067732919672599e-05
2070 0.2191489285766144 0.07264147758885478 -0.0161958363228446 1.607913556350054e-05 0.0001721630611898459 0.003018274499053265 0.2249038505730704 0.0709706309157925 0.002974475394231711 -0.01804952037315716 0.0001971452809954408 0.0001226991011716703
2080 0.2187506812679134 0.07171338755879031 -0.01621465211196009 -0.0001220196789718445 0.0003922386786875084 0.002954943901069581 0.2244974418025733 0.07010217042584975 0.002413514087835397 -0.01805879510425255 0.0001410126653033894 0.0002743453537357472
2090 0.2180494348430644 0.0712158393813495 -0.0163294497769439 -0.0001573105325553981 0.0005543166415895385 0.002078976276953315 0.2237402214142186 0.06972760224603264 0.001069747348799729 -0.01811986646453853 0.0001742089669857104 0.0003730857739250362
2100 0.2173485703783373 0.0715057636655767 -0.01651699293844558 -0.0002059790566231793 0.0006349309940855178 0.001237052465716036 0.2229958156844599 0.07002116198139369 4.901224407055838e-06 -0.0182862323053453 0.0001616842069479441 0.0004232875574780937
2110 0.2170646104189574 0.07178267090325813 -0.0168407655656171 -0.0001851657470026925 0.0005192533423214671 0.0009149824711522709 0.2227184260186156 0.07029216114276748 -0.0001605481939030898 -0.01858037076283945 0.0001012487935766064 0.0003393979745940171
2120 0.2163898591269766 0.07216027890509689 -0.01710462124986335 2.608658124156679e-05 0.0002611476032278105 0.0003998657951661713 0.22206880882587 0.07078909793203664 -0.0003946349914142541 -0.0187740428708443 0.0001864229176959946 0.0001331084148048008
2130 0.2161609501943948 0.07302770986959529 -0.01707720640144563 6.840168959259766e-05 0.0002434747675937838 0.0002057438508015216 0.2218415087593087 0.07174573150987104 -0.0004116265743015842 -0.01870605250733649 0.0001570112773217144 0.0001470273984571985
2140 0.2164147253276582 0.0735655295466411 -0.01695329561086933 6.134083500199695e-05 0.0002399155449719687 0.000736121399552469 0.2220973006279513 0.07223697012784384 0.000177041167820724 -0.01860554139215909 0.0001438493490210325 0.0001526537096373198
2150 0.21669461223631 0.07329003299448167 -0.01681618196256922 0.0002311792237574812 1.341262344346408e-05 0.001491388117684964 0.2224002310931352 0.07184067856166693 0.0009913226970327655 -0.01852399160610496 0.0003280253560586981 -6.730104190491649e-05
2160 0.2167609851114092 0.07249573047068197 -0.01660311770613423 0.0003529383797964805 -4.310065153424935e-05 0.001991060650720963 0.2225066450559083 0.07099906374809752 0.001560164707787642 -0.01834236474986635 0.0004634818546110674 -0.0001167698567493331
2170 0.2169874777897329 0.07215669003433567 -0.01651145748991031 0.0003725004757410615 6.448228129199997e-06 0.002266183194397443 0.2227675899631513 0.07071404871588165 0.001876660370530881 -0.01825217361491862 0.000477553732687844 -6.130775971281923e-05
2180 0.2167203364842501 0.07175701064042622 -0.0163938820642751 0.0004469599828192815 -9.683369806978472e-05 0.002529519154773009 0.2224909480551041 0.07038142982087336 0.002272571622707849 -0.01811773984747075 0.0005052943904976974 -0.0001426009987904227
2190 0.216724868288673 0.07153953361731809 -0.01631868796630465 0.0006480677602919395 -0.0004094570380584985 0.003404600929351988 0.2224721259461495 0.07024405557917811 0.003339921446448442 -0.01800380319844637 0.0006553370303499532 -0.0004249003743795852
2200 0.2166221357496447 0.07122807195754845 -0.01614302191371978 0.000691080002602172 -0.0004271914480684858 0.00382622590166689 0.2223344460231836 0.07000389722022285 0.003889573461927147 -0.01779977392298061 0.0006586275215678151 -0.0004209102551501242
2210 0.2162492485139048 0.07138525345080249 -0.01607733777068827 0.0006783617220014114 -0.0003318876262537665 0.003849081028604317 0.2219121642801599 0.07015068354022623 0.003809438520624936 -0.01775112092994972 0.0006706358513493384 -0.0003393437424504077
2220 0.2161588633653678 0.07211981388906602 -0.01588089852202433 0.0008203138049379371 -0.0005121709716249135 0.003861479260505196 0.2217813113332132 0.07083412062750226 0.003660485531831676 -0.01758739209660136 0.0008682329049492784 -0.0005454754383137643
2230 0.21652284936957 0.07282641485284323 -0.01574895123292884 0.001076327084982025 -0.001005587180378419 0.003931365776108432 0.22213678816864 0.07152466866772893 0.003740645619440151 -0.0174689772730833 0.001125107353156851 -0.001038258019488069
2240 0.2168328562422891 0.07306443784005354 -0.01570864689181163 0.001218773681861854 -0.001353165861031044 0.004163495762137014 0.2224401417091922 0.07178219152348679 0.004208283602792371 -0.01742620407288285 0.001172550998397633 -0.001345311983199103
2250 0.2163406263413745 0.07322050941249446 -0.01548925781980044 0.001001308890702301 -0.001044149915585059 0.004062866849049825 0.2219377275891977 0.07201162743219711 0.004304705079875622 -0.01718131345705112 0.0008729187114047501 -0.001001506178681777
2260 0.2162644902154728 0.072902986935147 -0.01537453461949027 0.0007660187861382611 -0.0007566625725765213 0.003032324619950621 0.2218551563781279 0.07176770904916072 0.003404785105685967 -0.01703745317766888 0.000586766226400756 -0.0006919159605446655
2270 0.2169772135714442 0.07285270727273194 -0.01571618936342711 0.0006539278279041712 -0.0006892417338816946 0.002333243556220443 0.2225393418540642 0.0716583232899641 0.002830795273683651 -0.01738129007380679 0.0004120450614218497 -0.0006009420691104326
2280 0.2179528472251571 0.07264195518498197 -0.01588623193726377 0.0007253865223144267 -0.0009180817904321629 0.001731756365199375 0.2234976423746624 0.07128731187244348 0.00224223882859512 -0.01756578896204855 0.0004446454152072329 -0.0008210254930543164
2290 0.2191289301223019 0.07252656318338217 -0.01591168984217094 0.0008325371280054397 -0.001099568632685313 0.001816180997651044 0.2247099354753976 0.07105508289781556 0.00221216925842923 -0.0175882561266264 0.0005409850638066718 -0.001010570209803955
2300 0.2199400114954256 0.07267565770422831 -0.01585364838615401 0.0007081418000129512 -0.0009467671327970807 0.002391354954013331 0.2255415958611323 0.07110437693609006 0.002457195957317903 -0.0175647362930422 0.0004759400191344314 -0.0009056512629435649
2310 0.2199500338606962 0.07271622032919882 -0.01582116560678778 0.0006489483509179037 -0.0008538889934467263 0.001761802578108459 0.2255432051283956 0.07100614566146994 0.001671469954755391 -0.01760233622472514 0.0004561491086419231 -0.0008364315201222937
2320 0.2198635523731423 0.07274020249092136 -0.0159490695308685 0.0006189431272565498 -0.0008226547478772464 0.001314093787834427 0.2254653444486916 0.07086724611725677 0.001056625653955393 -0.01778050510002637 0.0004613799399264282 -0.000829333528231965
2330 0.2193661874641813 0.07267148954427409 -0.01601371740345768 0.0007640959869077885 -0.0009261500841106744 0.001029148135147171 0.224988126610554 0.07064178973961466 0.0005984557958272825 -0.01787921160460493 0.0006726535816282475 -0.0009637767260811766
2340 0.2194345345989837 0.07239978873235491 -0.01613501220445484 0.0008966891483840817 -0.001009404883053047 5.491148280909606e-05 0.2250924119079539 0.07028700987553298 -0.0005036319739213195 -0.01803350586014935 0.0008893190337090909 -0.001076457865002609
2350 0.219331197244157 0.0721646197623198 -0.0163577556017935 0.0008754092782368929 -0.001036580565885853 -0.0003250362007757493 0.2250565343985815 0.07007949555926334 -0.0009216129593701878 -0.01826259100193399 0.0009243650066355518 -0.001116159408414016
2360 0.2185670055707223 0.07173651427335384 -0.01652162561851805 0.0007972931290708509 -0.0009925110699381204 -0.0002695063372968518 0.2243376705009478 0.06972715067650068 -0.0008042644460771026 -0.01837836775345282 0.0008726623804056627 -0.001067827315643788
2370 0.2171363113089044 0.07171783084476886 -0.01680942342580041 0.0007780219532474873 -0.000995964969133369 -0.0003985243323928254 0.2229165806356853 0.06980241994489333 -0.0008460487150280022 -0.01859550045974191 0.0008586424569494928 -0.001062194700533468
2380 0.2157982478442361 0.07199289901401082 -0.0170667570063107 0.0008035284615299112 -0.0009981323827288658 -0.0003723491462238698 0.2215711905401811 0.070169285785951 -0.0008807982630082662 -0.0188090010610991 0.0009193881178670224 -0.001077935725742753
2390 0.2151878527082453 0.07188880727686293 -0.01719504837326644 0.0009278520809465968 -0.001244232801745584 -0.0005310758454452019 0.2209730040684754 0.07015022803955304 -0.00111634850111287 -0.01892569414691007 0.001107317303846902 -0.001345462214332801
2400 0.2154443126186519 0.07194430935089068 -0.01724244955148584 0.0009484021634547886 -0.001389973375319488 0.0003614578232327163 0.22125468003779 0.07030992677904556 -0.0002500349384231249 -0.01896984096699195 0.001176522133345662 -0.001505163054068216
2410 0.2160311253070767 0.07234508182208803 -0.0171542871226018 0.0009369962597451005 -0.001433289747686658 0.0009263899042532424 0.2218460920478001 0.07088141546078655 0.0002463006793640404 -0.01885869617474121 0.001193089257529748 -0.001561011325968704
2420 0.2163503942305808 0.07297427512413149 -0.01715734267815461 0.0008356509922625261 -0.001225327527044896 0.001153132182711236 0.2221406735747738 0.07161096526543695 0.0004133934052184114 -0.01886021393909593 0.001104444879965456 -0.001361264247100887
2430 0.2168294594183794 0.07344303787545217 -0.01716152137865645 0.000897576485603013 -0.001212096301132109 0.0009407408156968728 0.2225714052666715 0.07211415687890524 0.0002146000890093442 -0.01888490451446904 0.001158430078918535 -0.001344092435658104
2440 0.217540502632303 0.07364348091793069 -0.01701265715997922 0.00071180418718684 -0.0009562830318266838 0.001639698677149572 0.223235443458582 0.07232207415500778 0.000847615074579407 -0.0187530275719372 0.0009771610228393587 -0.001096182389889697
2450 0.2176542043886324 0.07352984256789162 -0.01691333213522049 0.0006232244874780273 -0.0007807897212261523 0.001799259322372981 0.2233103966051621 0.07220726688047173 0.0009972625226796841 -0.01865236314928649 0.0008853832636504349 -0.0009224563322917805
2460 0.2180237034851139 0.07379700437302 -0.01683489073141193 0.0005687777660421776 -0.0006539595963967397 0.002449815872869538 0.2236447425277019 0.07243301249041265 0.001746876380717766 -0.01857335566706522 0.00080392006949105 -0.000781527749958346
2470 0.2185462555960583 0.07371630229803318 -0.01680664241321349 0.0005935845734803143 -0.0005573555099233977 0.002417585158186832 0.224132103930629 0.07224741239774217 0.001879337961493648 -0.01856851465836191 0.0007975331358367986 -0.0006595988512201339
2480 0.2190033992830134 0.07350638356565506 -0.01685897523367407 0.0005653803162122806 -0.0004571485282586038 0.001807882026580169 0.224543844780748 0.07185045171693723 0.001334356938320012 -0.01867700500646515 0.0007862452311870518 -0.0005532330096156227
2490 0.2192637621282051 0.07375439157713805 -0.01706064413495301 0.0004337524676298999 -0.0003423278735165438 0.001487448407752741 0.2247955040921512 0.07198347975975525 0.001091079807758609 -0.01890423827840399 0.0006725409897656304 -0.0004365300222528371
2500 0.2193878650452835 0.07473302480952376 -0.01709161368426166 0.0002392597357507488 -8.683812944096348e-05 0.001803745655851869 0.2249671020199456 0.0729745395428306 0.001655256701043581 -0.01893289808165422 0.0004546965603807122 -0.0001531589627585154
2510 0.219738598659242 0.07530194189332638 -0.0169551250351588 -1.408513225090673e-05 0.0003182598682555571 0.002023779059750415 0.2253553361729542 0.07348307817194635 0.002082977709376924 -0.01883658222157212 0.0002028330990695478 0.0002756866141544537
2520 0.2201330598436217 0.07602749742049593 -0.01703580465738527 7.943965706143667e-05 0.000218174173035421 0.0006105811323417501 0.2258061047415425 0.07410020068254049 0.00104857289727306 -0.01895226793092756 0.0002267617465373841 0.0002316672757723517
2530 0.2206085773398476 0.0762455725380197 -0.01709590154207502 0.000110681994220894 0.0001470051677200521 -0.0001510848181309927 0.2263654640981765 0.07423335665216262 0.0005900819657362126 -0.01903247217315973 0.0001523233044964983 0.0002080103460895914
2540 0.2205997274149381 0.07573290347022249 -0.01700202937097901 -0.0001466363576854759 0.0005062003089637981 0.0005794118692353885 0.2263931219686519 0.07369114799769605 0.001053682074246702 -0.01896883858197839 -0.0001236511192971203 0.0005426585243217381
2550 0.2204225796831661 0.0746667756144123 -0.01691313232185664 -0.0006978137857134107 0.001235450637378725 0.002503342495276748 0.2262221376517606 0.0726660423991905 0.002136324771045811 -0.01888461342211958 -0.0005903890128886949 0.00116955036899503
2560 0.2206719979685523 0.07433982036356154 -0.01695636645666427 -0.0007948370741659918 0.001236891693877803 0.00267653775288522 0.2264802343675426 0.07250137665778379 0.002029865914837931 -0.01888240764452392 -0.0006813892353294819 0.001137381817770859
2570 0.2202551273109842 0.07425305841092748 -0.01705408138173441 -0.0003237239832178128 0.0005338262444363668 0.001406134561566632 0.2260583802888078 0.07258381633764317 0.0007776472489614757 -0.01891856137267533 -0.000241628416141704 0.0004447800102937866
2580 0.219184523285123 0.07427518573352844 -0.01696647396541591 0.0001001122642145616 8.945206947496732e-05 -8.925289679555033e-05 0.2249357855983 0.07265533660804217 -0.0008592983231305529 -0.01880846044394581 0.0002174278544672861 -1.828347900597645e-05
2590 0.2185321636400616 0.07416150428353563 -0.01707975950701989 0.0004619532207738218 -0.0001986532578324541 -0.001075844445233683 0.2242676079694186 0.07255376673017365 -0.001831705172391571 -0.0188726845193919 0.0005806717852984267 -0.0003078007907250329
2600 0.2176211561142428 0.07426721182452971 -0.01710799985109835 0.0006707331333015004 -0.0003608756708828079 -0.001516869507820404 0.2233741976164497 0.07270821995081476 -0.002042633532806593 -0.01880834708860648 0.0007219127428557021 -0.0004355063312037286
2610 0.2168084199513338 0.07430869120777168 -0.01707854539437462 0.0007645845001111744 -0.0005264114872630674 -0.0007664412930227908 0.2226060676844477 0.07287086828747463 -0.001025775364749048 -0.01870672752963909 0.0007614487679525174 -0.0005637862333041846
2620 0.2165144190880889 0.07388083179425285 -0.01705561183103612 0.0006630920241144866 -0.0003666435431992194 0.002316727361873343 0.2223388499288338 0.07248039686751247 0.002075770651087449 -0.01870384917213874 0.0006994919151304851 -0.0004086706411638681
2630 0.2163046880179195 0.07407410994971704 -0.01683548048344436 0.0003455865800499906 0.0002015383169466798 0.004648117092603215 0.2221202603567422 0.0725739900586061 0.004078037242217173 -0.01855316385687891 0.0005539311975922152 9.633767626082204e-05
2640 0.2171699381640315 0.07522687412782415 -0.01682279508929788 0.0001862369337505584 0.0004831031769583179 0.00534350578009291 0.2229675792667344 0.07370042039285686 0.004661500808438397 -0.01854418034262327 0.0005380163306337543 0.0003421631084613033
2650 0.2178320972343663 0.07595431527466477 -0.01700145889509099 0.0002712585748561422 0.0003540314197379498 0.005578074337736786 0.2235809864942671 0.07444802905625836 0.005221219009928546 -0.0187014370481681 0.0006161934772294674 0.0002454476146002916
2660 0.2181295529535121 0.07606193059890744 -0.01708573674213556 0.0005504078150141319 -6.919283937054435e-05 0.00574470552638934 0.2238199555687632 0.07449838462025882 0.005987497548545652 -0.01880762926309247 0.0007416775453199538 -9.006792209339882e-05
2670 0.2187429084628197 0.07611833759964307 -0.01709980907492802 0.0007698079724052956 -0.000404667653331017 0.004846627941168137 0.2243805946744089 0.0743862352579881 0.005480619768268003 -0.01890402665345333 0.0007960644843834937 -0.0003531848773791028
2680 0.2192395182890249 0.0761151695397812 -0.01696223953396081 0.0008701382630381499 -0.0006110666782084035 0.003607217723786995 0.2248353117967145 0.07420375689824736 0.004452322500157318 -0.01886578494237855 0.0007245291605438202 -0.0005039378973170914
2690 0.2192865818705071 0.07549379244987028 -0.01667220027337537 0.0007002217769126067 -0.0004231277125481903 0.003182467977858369 0.224862449032723 0.07348983945894307 0.004168887248225851 -0.01862731085021941 0.0004098456140021666 -0.0002723250447548216
2700 0.2198762467069289 0.07406519385876013 -0.01636114605133206 0.0006678711004595391 -0.0003327801857634675 0.003699464250868631 0.2254219460028487 0.07210006012346065 0.004427772081111479 -0.0183004022656434 0.0003983058444318318 -0.0002104457350064149
2710 0.2194951767775687 0.07266604003389363 -0.01614901154385252 0.0007166615413946289 -0.0004614056959814391 0.004554933299305381 0.2251366381379996 0.07095883565064909 0.004879577388519323 -0.01797624576184926 0.000520270504887114 -0.0003898370986377711
2720 0.218577261783687 0.07148375633490152 -0.01610724610753222 0.0007190298301600246 -0.0005649419540293393 0.003950135245432985 0.2242555950954531 0.06996409150900494 0.004160534690708396 -0.01783927920907479 0.0005894187642973055 -0.0005195628895479898
2730 0.2186264275880424 0.07125780552927061 -0.01628125642667702 0.0005688842753757262 -0.0003771658388153826 0.002002657330790091 0.2241889252269179 0.06960359529652035 0.001945047171555097 -0.01802784288352554 0.0005289920685508124 -0.0003718121636040605
2740 0.2193427028912603 0.0719338502190819 -0.01627963171005917 0.000601482842014146 -0.00034071234509486 0.0008453150122054163 0.2249562135076203 0.0700543006280966 0.0006280046640031796 -0.01809521958714029 0.0006286184915165119 -0.0003716488294830651
2750 0.2190095055454475 0.07271353565837772 -0.01634016784052976 0.0005954169023458289 -9.609637713607276e-05 -0.0001685791483906424 0.2246401892163335 0.07064056523789819 -0.0003172718782952454 -0.01819712254110191 0.0005983354119293861 -0.0001229315088663457
2760 0.2191685559831316 0.07324745311589091 -0.01651585942052054 0.0005420387297027218 1.256479889237132e-05 -0.00104933132223418 0.2247445566023702 0.07097561624000469 -0.0008781302605491122 -0.01839698318777786 0.0004741479449328491 2.669356182114592e-05
2770 0.2188923819778968 0.07353788608766075 -0.01641961048655041 0.0004514100121704678 6.517805033723642e-05 -0.002503033151154018 0.224460572778686 0.07114915786533908 -0.001752388455030015 -0.01832809215022937 0.0003262829016834777 0.0001529010817285678
2780 0.2183163153894121 0.07357314158419492 -0.01627313096426769 0.0001516392799399734 0.0003533715040990334 -0.003452451544170999 0.223919840444611 0.07127011718776857 -0.00262414743318305 -0.01818073292184825 3.112406389344213e-05 0.0004568238936464357
2790 0.2171587095990333 0.07339192132347461 -0.01650088701514375 -0.0001106947869140717 0.0005791273542230486 -0.002030961523355401 0.2228338904608211 0.07131973250616219 -0.001651681495776114 -0.01836394182881941 -0.0001744241308011103 0.0006369980034729507
2800 0.2164798338609492 0.07292766695701425 -0.01667068609275344 -0.0002941994734998665 0.0007728957753768872 -0.0005503914864397564 0.222212784111745 0.07090262948655907 -0.0003120695550121601 -0.01852458178579166 -0.0003444585780589547 0.0008179165524915922
2810 0.2161881954890206 0.07261977483381628 -0.01661780684615188 -0.0004955272876232661 0.00101720870356039 -0.0004223219598414505 0.2219902773590988 0.07060430507116643 0.0001259850786202769 -0.01842307804768013 -0.000633217091146338 0.001104707421904886
2820 0.2168277276490456 0.07335600820397428 -0.01660586797397877 -0.0005799537428561924 0.001001106765954727 -0.0006917925283548825 0.2226201304487973 0.07139468852824801 0.0003406126055775088 -0.01834357320924706 -0.0009048171726039483 0.001163699053385593
2830 0.2169950499554993 0.07426187108891445 -0.0165468809928027 -0.0004643572234030804 0.0007797242786253142 -0.001707576617847043 0.2227200858552751 0.07231035919266258 -0.0003492680723857207 -0.01826489795541209 -0.0009936530643958668 0.001015417615377372
2840 0.2169458259699781 0.0741425635271627 -0.01653586276639859 -4.083555832020635e-06 8.738374863275355e-05 -0.002703770613624999 0.2225437758676408 0.07211985503401978 -0.0008644176981689453 -0.01829462450210004 -0.0007008838791631906 0.0004068023186477593
2850 0.2173163056898678 0.07340696082350454 -0.01648695795704557 0.0004096054497041214 -0.0004073515557570432 -0.00405476045048081 0.2228539406382876 0.07123301398122113 -0.001942220768606263 -0.01833615188382519 -0.0002969542882719718 -6.004976133920778e-05
2860 0.217215148187821 0.07271130547281042 -0.01622033312847838 0.0004168407326550577 -0.0003566869267374662 -0.005292491876359904 0.2227727554145028 0.07048811188908792 -0.003480104544521629 -0.01814883811622696 -0.0001733151433057432 -6.083883204693423e-05
2870 0.2166746581824714 0.07320828203075348 -0.0162851102800048 0.0003085387658670172 -9.149100712054951e-05 -0.004460575873917705 0.2223192706712629 0.07104684825610645 -0.003308456656357218 -0.01823556295599575 -0.0001266878825459984 0.0001119641680882185
2880 0.215826344940742 0.07362467105093919 -0.01649245139191911 6.681639313720068e-05 0.0003435527522201899 -0.002320390028110242 0.2215529162134493 0.07152830725366126 -0.001601641876252978 -0.01838429303095605 -0.0002330691360061428 0.000475179677139142
2890 0.2157721883672625 0.07337955615145503 -0.01642540345835939 -0.0004224851534687375 0.0009410074748701763 -0.001378041608568292 0.2214888229916344 0.07141887496124481 -0.0009043949940320912 -0.0182167354558169 -0.0006013040072796723 0.001020365945933377
2900 0.2162588577464644 0.07285654367925853 -0.01632101714994715 -0.0005765331329421764 0.0009176240265274733 -0.0003468520669677423 0.2219809073627706 0.07109586089844275 -8.987003612659245e-05 -0.01801678816060912 -0.0006289913437206196 0.0009451369561720046
2910 0.2162656061079495 0.0720700586291978 -0.01647106009517415 -0.00051828331609482 0.0008445387713331974 0.0005996725287486371 0.2219490193871581 0.07049533759161129 0.00075525005390719 -0.01812122537938425 -0.0005194152951474567 0.0008486247719502242
2920 0.2158075557516203 0.07155660765135051 -0.01637209179583746 -0.0003059110528584541 0.0007037836981235181 -0.0004698092118340033 0.2214235764438729 0.06989758696294261 -0.0001158785415584225 -0.01809803574307619 -0.0003830191494278785 0.0007422453202330634
2930 0.2161701843509228 0.07208910807805258 -0.01637613827206626 5.04512728689782e-05 0.0003795204341914307 -0.002349273673507231 0.2217946685303598 0.07021883653250981 -0.001522624890897774 -0.01819495188261652 -0.0002552812892006018 0.0005103290264186418
2940 0.2166354168910842 0.07275127878614861 -0.01655787418458607 0.0003629903911369841 -2.029192789843814e-05 -0.003259051185795486 0.2223072984545779 0.07084889976742907 -0.002105771234272389 -0.01837967455798397 -0.000148425263446323 0.0001863194085822956
2950 0.216599585241174 0.07284857965342341 -0.01655036622727327 0.0001953330227273204 0.000126100161407585 -0.002594205614818599 0.222261192425651 0.07094251791312609 -0.001551538553921356 -0.01837812408781862 -0.0003335438446884845 0.0003287834917851268
2960 0.2164169520679558 0.07260405692479971 -0.01638685341519051 0.0001392477103478189 0.0001541320170868635 -0.0002402305833466906 0.2220350210795076 0.07061080254187466 0.0003424028947442995 -0.01823127662929882 -0.0002492819241726674 0.0002864540019885624
2970 0.2164154198234659 0.07233239573502058 -0.01637459193920577 0.0002091186055267195 -4.270658495296436e-05 0.002083919766657131 0.2219930895271106 0.07026270024654278 0.002150165502297907 -0.01820976855246258 -2.288121344695196e-05 1.169295015887286e-05
2980 0.2159401347585179 0.0726015048215766 -0.01643514561029153 0.0002781550385805213 -0.0001142158086578036 0.002007417599470607 0.2215412137247088 0.07057373758094489 0.001850234099151703 -0.01823826293736013 7.347911331410443e-05 -8.517364193423706e-05
2990 0.2155107711813942 0.07302495297491593 -0.01645168286185236 0.0004792937701761652 -0.000247658828775035 0.0001220727892477117 0.2211412890084397 0.07112350748170662 0.0003226922204125109 -0.01824276944339033 0.0001441284227974475 -0.0001591074955248754
3000 0.2157914987845743 0.07385220621853716 -0.01643561952635046 0.0006417865014005808 -0.0001639921121028397 -0.001494948930089572 0.2214397522635568 0.07201952450631297 -0.0006853175272644639 -0.01826197241148427 0.000162752172712972 9.520163161011656e-06
