"report"
"Iteration" "cd etc.."
("Iteration" "cd" "cl" "cmx" "cmy" "cmz" "cx" "cd-scale" "cl-scale" "cs-scale" "cmx-scale" "cmy-scale" "cmz-scale")
10 0.1662278793700163 0.06392811241981526 -0.02591429559373748 0.000123573505469522 -8.922552040999415e-05 0.0002938264162048142 0.1725615193683907 0.0577084343485006 0.0003964926109903145 -0.02769948156585781 9.804627148731512e-05 -7.600241255415758e-05
20 0.2097470060095774 0.07322577365463291 -0.01878787033801637 -7.21657522642554e-05 -7.7252854280165e-05 -0.0001820740809047095 0.2153243991643794 0.06992869398560916 -5.878324131071664e-05 -0.02028435652845075 -9.164986201259629e-05 -6.442344807434331e-05
30 0.2224161876272588 0.07171057035310127 -0.01573490969342759 -7.557880684163325e-05 9.313494732697775e-05 0.0001204710298853587 0.2278016381304413 0.06931723704068921 0.0005719341640699164 -0.0175428487898341 -0.0001486042207297674 0.0001493996189059072
40 0.2304466287489638 0.07776203091654259 -0.01449324229106376 -8.156271267620156e-05 9.518356943324901e-05 0.001623545873069087 0.2358660645211101 0.07440075280587351 0.002312892674876916 -0.01704994318539992 -0.0002878944849584178 0.0001933641658360554
50 0.2299520994038782 0.08756025145272116 -0.01471281917134575 -0.0006981007690726139 0.0002968101156971895 0.002583377484100589 0.2360273052055609 0.08519176510600959 -0.0006077437710872255 -0.01676877749925369 0.0004127573354552268 -0.0001547630998676227
60 0.2238774681467415 0.09138872725349456 -0.01658599120286042 -0.000713773965121564 -1.450341134147193e-05 0.0002962670405332882 0.2297768139085835 0.08853948239543008 -0.004525781239602468 -0.01878255767515269 0.001219063856602666 -0.0007043280024773667
70 0.2177774570808768 0.08843246130786955 -0.0175083975285103 -0.0003783792457262959 -0.0004479988729389504 -0.002911738122053565 0.2235778453069749 0.08457543812601408 -0.006647736928771049 -0.02000241721814386 0.001065677793278735 -0.0009782163232343911
80 0.2142021820325913 0.08369420967016782 -0.01754618862659133 -0.0005023798752946168 -0.0004545265024877881 -0.004509303860547168 0.220169268019807 0.08016206155082199 -0.006438908987041355 -0.01985097693202151 0.0002323575511666848 -0.0007339950263369862
90 0.2148841612937686 0.08098333618273094 -0.01691631490415513 -0.0003685598420027001 -0.0006824103334602177 -0.006547299453712798 0.2207608299343682 0.07804285824954252 -0.007644291848819656 -0.01891277156012844 9.151467346841155e-05 -0.0008514473739967742
100 0.2161784063766403 0.07837487248394662 -0.01618595480279888 -0.0003862264385988547 -0.0007368880871327274 -0.007498329688341357 0.2218899914642275 0.07574588790283721 -0.009106822756484095 -0.01799464956726885 0.0002757421083238862 -0.0009853169214992666
110 0.215979459039106 0.07589011362287036 -0.0157649732781532 -0.0006929279721938864 -0.0003232818404482826 -0.006076488017891854 0.2216501287870586 0.0732549729333436 -0.007634396120334838 -0.01757211537354348 -6.399630608023054e-05 -0.0005589775474551285
120 0.2152126391647614 0.07407592107212557 -0.01547366692080165 -0.001127949328121766 0.000225330754560034 -0.003414656062298715 0.2211457725647111 0.07156111728919806 -0.005017397925326312 -0.01719651189559424 -0.0005268301419101691 -1.317212456598346e-05
130 0.2145073574630024 0.07382551993413576 -0.0150314272091442 -0.0009116253791217434 -5.868788626275381e-05 -8.433843862949235e-05 0.2204985362652803 0.07161610727081826 -0.002481058708054245 -0.01662102377745001 -6.099684844737431e-05 -0.000409722183082064
140 0.213926591032447 0.07413435103821665 -0.01463995910209748 -0.0004005436433278207 -0.0002189055928269128 0.0009183838326110316 0.2197609866837142 0.07232580688293999 -0.001661282988773747 -0.01616900236240586 0.0004823046634354824 -0.0005970322555636574
150 0.2134809762448586 0.07541187159351337 -0.01445571789183847 0.0002736396323559214 -0.0009187840235962641 0.0003644905816718168 0.2191412306774918 0.07362858919341096 -0.001271965642546206 -0.01601676137173098 0.0007693495762095859 -0.001158574416593856
160 0.213691234891052 0.0769620145430604 -0.01445705969028087 0.0009863687567229025 -0.001906477984343114 -0.0006918536676542574 0.2193715761254017 0.07508105811798328 -0.001381807219421526 -0.01605188047301815 0.001147183222066537 -0.002007556691761057
170 0.2142638019950331 0.07842321269145475 -0.01440316715422917 0.001072300406648449 -0.002292507587004111 -0.002433870188038928 0.2200930644622014 0.07667419183234224 -0.00270343069057401 -0.0159355776040026 0.001178821851764752 -0.002339959565899278
180 0.2146632911386737 0.07950618678652004 -0.01429900260065355 0.0008717089508672288 -0.002383146497704738 -0.002208909669812051 0.2204323006373629 0.07780391188852664 -0.003288911301178289 -0.01583017257948242 0.001247561939891843 -0.002535172000611733
190 0.2148096121339022 0.08089812411070164 -0.0145267163825469 0.0008233002997009873 -0.002450657838020068 -0.003612368588086032 0.2202955110799971 0.07893965248495226 -0.005260794570163188 -0.01623068951146035 0.001413857491806802 -0.002679633367886465
200 0.213471248921044 0.08086917847770418 -0.01486298559936607 0.001312840019505468 -0.002998245734014587 -0.007625880911374881 0.2187702134838272 0.07831967032424916 -0.008513681068698918 -0.0168552392823273 0.001719820753025601 -0.003128744577051533
210 0.2116915779379208 0.08083743695071446 -0.01510224274682802 0.002292559205544748 -0.003897282525647483 -0.01150205603662879 0.217045243067491 0.07811897919926027 -0.01119874022258448 -0.0171700651195962 0.00228758716361664 -0.003868609855973122
220 0.2114744808866895 0.08199033565396181 -0.01471398948215117 0.002933194694738029 -0.004638296361588814 -0.01448082067008419 0.2170053716131353 0.07955418550536 -0.01340753962761434 -0.01664476827928428 0.002567526953020219 -0.00450516254287728
230 0.2123608729310611 0.08240809516119245 -0.01410815364797977 0.002317101001765761 -0.003993917444572379 -0.01385839650097484 0.2180023673059008 0.08043749768277195 -0.01262101992817194 -0.01581770692908667 0.001782427046757309 -0.003835311138288955
240 0.2125723158655211 0.08242216335260821 -0.01385838340018033 0.001514370269840152 -0.003189467912578139 -0.01306814725576302 0.2181880204764397 0.08096679809366292 -0.01150630588647904 -0.01532905688203519 0.0009306993942203952 -0.002991478349404845
250 0.2112058800374391 0.08357810868208557 -0.01383650608100574 0.001269290992619961 -0.003075945257564986 -0.01336542279325454 0.2167895262987517 0.08249862955896226 -0.01115794903220726 -0.01515527747740057 0.0005444759268369371 -0.002786560342623319
260 0.2103712364669128 0.08471735491187349 -0.01362132089001177 0.001113663300755733 -0.002851007860394022 -0.01352839990267956 0.2159066357176654 0.08376273530090843 -0.01087290680375227 -0.01491652797342789 0.0002622786319503217 -0.002497631777733266
270 0.2107900930818347 0.08507056242794125 -0.01332539818425248 0.0007729885438007065 -0.00230704510511975 -0.01305278661102247 0.2162842892723839 0.08405580366093822 -0.01036758419502641 -0.01464126703137075 -7.642626355516842e-05 -0.001957475142864817
280 0.2104600985087632 0.08549074302194222 -0.01332571752950388 0.0005065627660115424 -0.002155179116008132 -0.0132224774563487 0.2159746445342951 0.08444476980317109 -0.01085173306167095 -0.01462417361717417 -0.0002151875798697773 -0.001857603174686881
290 0.2107562598705647 0.08531570219432241 -0.01343654853630914 0.000825478070224072 -0.002802650732046813 -0.01571243410634973 0.2162896335784572 0.0844301924510433 -0.01322876665108912 -0.01462283856062843 9.629695426903433e-05 -0.002493413878465313
300 0.2108594601412396 0.08474288874142699 -0.01368464850014404 0.0009550461315742239 -0.003223157875383348 -0.01878228353541004 0.2163621047370809 0.08414960463848024 -0.01591203142194125 -0.01471044136202435 9.42444557630396e-06 -0.002848650222640806
310 0.2096743003087387 0.0839362769072497 -0.01385737860956753 0.0009450558036530919 -0.003240320856470352 -0.01932492983411315 0.2151128470714509 0.08330540478778414 -0.01588333646272659 -0.01486391055579526 -0.0002940941493648416 -0.002772943004601731
320 0.2103288767777584 0.08414736614954242 -0.01382705862256593 0.001100240318146067 -0.003324187902021098 -0.02076825374529529 0.2157038570342387 0.08312753200666398 -0.01736552112137495 -0.01498925999347203 -8.716256939251998e-05 -0.00286581985863273
330 0.2114774358132538 0.0840966634460214 -0.01372598459241103 0.0005676957120156062 -0.002889956283471282 -0.0212768333211855 0.2168343258373633 0.08283227407997483 -0.01835662853504912 -0.01504766528074196 -0.0004450866183647638 -0.002496481476841303
340 0.2113803437482181 0.08368303116092544 -0.01340653865620047 0.0001630569357505329 -0.002631220276509264 -0.02140366406437334 0.216788245274709 0.0823217599060886 -0.01871931928614233 -0.01482702797835176 -0.0007928533784520748 -0.002263179276668813
350 0.2103975884004647 0.0829554900156672 -0.01315032455737928 0.000574455157085939 -0.003044418743679724 -0.02040860045648831 0.2158821490941849 0.08152721095403266 -0.01786929155614243 -0.01459779096057833 -0.0003451440417808407 -0.002694073387730557
360 0.2104420297551288 0.08256415718611344 -0.01314203149018025 0.001116272183157658 -0.003538731772231147 -0.01900010014179462 0.2159929214921067 0.08127577296414258 -0.01654506199400031 -0.01452901932418313 0.0002391376133746177 -0.003200858383952101
370 0.2109279577226276 0.08321652181651477 -0.01330865175880667 0.001363778769307441 -0.003706621148337134 -0.01685916089698914 0.2165378478525259 0.08217158469352964 -0.01452295944279035 -0.01460113929272981 0.0005925579480688666 -0.003387810601610042
380 0.2112168897873271 0.08331583763827774 -0.01346969600503467 0.00139880827539588 -0.003842548542376849 -0.01484666150142291 0.2168332329537715 0.08246268976705112 -0.01254463632079526 -0.01468121602504903 0.0007332341948896414 -0.003534828926895068
390 0.2113499798916228 0.0825461764288347 -0.01334730450540957 0.001140913778157339 -0.003576692412696526 -0.01337467104743313 0.2169042594124141 0.08180269712449571 -0.01100228642361336 -0.01450532913916747 0.0005024581938716913 -0.003265553178367847
400 0.2117447422735723 0.08231502618851597 -0.01332390326008931 0.0007112498098902085 -0.002894580013612542 -0.01269608321948438 0.2172464608557975 0.08156926341604441 -0.01044137279315364 -0.01448285541937172 9.444898250891684e-05 -0.002596752736974532
410 0.2122922176624021 0.08215061002234289 -0.01351375232203434 0.0004185624066793398 -0.002516208550455679 -0.01346778624647712 0.2177602730235287 0.08124580895454653 -0.01124699890616391 -0.01474062493587174 -0.0002155104255613409 -0.002217575267021647
420 0.2124252018249429 0.08159428705158046 -0.01345491947253246 0.000316831891908745 -0.002456038224959522 -0.01314686222074975 0.217885218516916 0.08054101863908744 -0.01073046247689292 -0.01473497419660877 -0.0004044545910792888 -0.002125101702795261
430 0.2127524210672303 0.08099812114871871 -0.01339186135625242 -3.915993047299211e-05 -0.001862710795392367 -0.00867386590905911 0.2182790416881621 0.07999310088197223 -0.006775105332525787 -0.01466454278175691 -0.0005868984165505077 -0.001598142556957007
440 0.2130467417048484 0.07985910237537369 -0.01373200181307507 -0.0008065726062526979 -0.0004347755158963351 -0.001471937084142685 0.2186470623453911 0.0787955971631444 -0.001930468581608415 -0.0150418930374337 -0.0006582588554534104 -0.0004823582605354903
450 0.2121166633775289 0.07869392072389937 -0.01437038184463849 -0.0007329503417686078 -8.141674865884144e-05 0.001615847174228131 0.2176836033793356 0.07710277148503021 0.0004762336323890472 -0.01591959253614746 -0.000383957740628668 -0.0002182608732576487
460 0.2128181388869821 0.07907163086662233 -0.01445599426927604 -0.0007742949563925161 -6.379814520288864e-05 0.002508118298014157 0.2183386392567468 0.07672415913957083 0.002008406467969564 -0.01636688973102183 -0.0006336115085720598 -0.0001238776171973902
470 0.2130182120339039 0.07986715765034164 -0.01442877264282705 -0.0005151292787973547 -0.0002778597016596456 0.001365728307174802 0.2185664501089187 0.07704284085726365 0.001591377199299747 -0.01659004933075935 -0.0006194644711213861 -0.0002437183918727674
480 0.2131795868639519 0.08046387412668926 -0.01422727325669997 -0.0006816648688870833 -0.0002290845434198267 0.0005696812119725837 0.2188234038058502 0.07752377680597011 0.0009656994257626554 -0.0164329088058493 -0.0009008476874953777 -0.0001697608928073573
490 0.2129333402698877 0.08054223688963383 -0.01426438336155618 -0.0008542522696765245 1.986049882287165e-05 0.0009531904027616182 0.2186913401223251 0.07782845898432196 0.001484288625087654 -0.01628168578765779 -0.001150943549637065 0.0001039814426196165
500 0.212051112156214 0.08063044621683413 -0.01474108802342975 -0.00094405994802563 0.0003165556054612311 0.001771545151692855 0.2178890981871831 0.07826855944411722 0.00212080427742315 -0.01651526462845651 -0.001278659858995406 0.0003983851045718126
510 0.2109193936672625 0.08101519932583769 -0.01507518022513189 -0.001005086470200903 0.0004881271425522507 0.00273553915380536 0.2167003466979925 0.0787629405213634 0.002572860168315045 -0.01677217974547111 -0.001222729224576351 0.0005010435917354859
520 0.2101502524330491 0.08109823271954968 -0.01512581779244021 -0.001185411554815801 0.0006310500530379268 0.003419776996982396 0.2158589947012435 0.07878922561002366 0.002876786201201957 -0.01685061540970708 -0.001208535883606937 0.0005729889439564563
530 0.2104410862514451 0.08093775561741004 -0.01494704896668223 -0.001371371836677984 0.001179525359109097 0.005117254971971251 0.2160356049512319 0.07861509938252216 0.004013985515328571 -0.01670661834463338 -0.001083175892896303 0.001028948566639198
540 0.2105479659881469 0.08109178559545412 -0.01481511639388175 -0.002159254291501623 0.002180801089625141 0.006640133178680336 0.216080664986065 0.07898571714817516 0.004663959888388375 -0.01657124051601045 -0.001492044544385599 0.00190282222300195
550 0.2100427065177064 0.08122980402928937 -0.01476795676629276 -0.003043481313958367 0.003421081714298618 0.01092826981103692 0.2154630396320723 0.07936242995714828 0.008291699818851857 -0.01646929830493151 -0.002104551582294445 0.003045072061092853
560 0.2108338279207074 0.08210942085059335 -0.0142122108921187 -0.003138586849640029 0.003590598434537791 0.01295914875001979 0.2162346569068701 0.08026428729135647 0.01016628402284457 -0.01585484019633271 -0.002084209933072735 0.003182871413067649
570 0.2121461473012766 0.0826279540904495 -0.01355132710806851 -0.001533039776573844 0.001595051369668571 0.008578124117911409 0.2176029338863505 0.08076759583010582 0.006576812838355811 -0.01514000378499315 -0.0007133008718576905 0.001294903489343951
580 0.213361355180708 0.08220382263208481 -0.01357379432132225 -0.0001509714516953196 -0.0002484128941658321 0.0001995021128684178 0.2188996063680153 0.08044070729226468 0.00127560915332827 -0.01513665068165563 -0.0003170899951090249 -0.0001269368385864321
590 0.2129655202074423 0.08159155403301911 -0.01420892357894902 0.0001946405238530932 -0.001151925580835607 -0.002999414960036828 0.2184893121580413 0.07926903182322058 -0.0008754892033817997 -0.01589467901265087 -0.0003731220581691601 -0.0008722772069129067
600 0.2147742798385189 0.08228463856595319 -0.0143457020528889 0.000492192939585017 -0.001600596720585314 -0.004437568104938291 0.2203462007458266 0.08002641795669832 -0.003486980585802814 -0.01596726349319457 0.0001605019621868704 -0.001457749466556301
610 0.2139654284603195 0.08081274585294486 -0.01453349148529497 -0.000280839466021862 -0.0007482150450637276 -0.003891737101324211 0.2196607757914879 0.07890249690655239 -0.003638689574830163 -0.0160692025854975 -0.000494422969738671 -0.0006967499741105213
620 0.2138611930127978 0.07975946771685706 -0.01447127831116863 -0.0006726588287480949 -4.802720158456054e-05 -0.004684151083374733 0.2196394149480633 0.07790384404868363 -0.004681828593740458 -0.01596427428517595 -0.0008054089652446721 -4.14198138226235e-05
630 0.2138573205809821 0.07873976256772669 -0.01423890741067252 -0.0006959838853264845 -2.949039532551352e-05 -0.006694538898239222 0.219704323719976 0.0768681346704442 -0.00692259450421144 -0.01571827480457339 -0.0007138264639680188 -6.485739529393214e-05
640 0.2134700798380359 0.07866247990432837 -0.01419509645476496 -0.0005224163684166867 -0.0004887295196901298 -0.007827026521565212 0.2193649464332708 0.07677746507054242 -0.008287150349080129 -0.01575166797214297 -0.0004384194769989428 -0.0005563898691581469
650 0.2144267514163162 0.07937753619086989 -0.01387161835292077 -0.0004024837148547482 -0.000888507218165964 -0.008778218177004931 0.2203344511447237 0.0773338843454673 -0.009833750336703355 -0.0155571406192403 -5.991960872538871e-05 -0.001032917790831456
660 0.2152134364536043 0.07940497571290195 -0.01362175957345266 -0.0001111292595741134 -0.001393854100524777 -0.01017092088261008 0.2210837468584537 0.07726005939042203 -0.01127898428452643 -0.01534908015656662 0.0003379560202162595 -0.001547265121596513
670 0.2150421484126347 0.07907712507341258 -0.01354470513477924 0.0004098116865552509 -0.001888879691533778 -0.01092653771359307 0.220878982241629 0.07685373482858938 -0.01126489725755995 -0.01526613529884612 0.0006280043097606486 -0.001945880116062765
680 0.2133849671475787 0.07926416104437915 -0.01343400042610851 0.0004250763731124517 -0.001855938770719401 -0.008090076236598577 0.2192406360047496 0.07701529393429657 -0.007644199185595536 -0.01512028934713121 0.0003261528171659515 -0.001799021532601213
690 0.2113324807138093 0.07949116866107279 -0.01361205202495461 -0.0002031958440052318 -0.00111067052803436 -0.004783234931293035 0.2171857823914311 0.07734045490860869 -0.004173069643665019 -0.0152123969537255 -0.0003893061169959245 -0.001020394429817382
700 0.2099108241278746 0.08002752587495725 -0.0136325162334426 -0.0009698813011535146 -0.0004972447180629487 -0.003609647361088434 0.2157616455390923 0.07800565373239601 -0.003694455896862691 -0.01517673966297945 -0.0008979614757824281 -0.0005036977184402407
710 0.2098106063205753 0.08042799818994507 -0.01331321590757505 -0.001361543991978856 -8.924619807170822e-05 -0.002404052901632697 0.2157037485175643 0.07851685426403389 -0.003239491528321938 -0.0148721065539638 -0.00106270890259122 -0.0002025488494921096
720 0.2098814237204931 0.08089294784281476 -0.01320932463281031 -0.001372099830497751 0.0001267571529414357 -0.001488747970566934 0.2158116112894987 0.07924265592122449 -0.00270859249209654 -0.01474184764546576 -0.00107110609222029 -3.749355369833533e-05
730 0.2095847644537346 0.08114481044195601 -0.01311401663036178 -0.001052316202489463 -5.404507457610759e-05 -0.002827712515655719 0.2154440747620102 0.07970497587859873 -0.0042814731877654 -0.01455928515019175 -0.0007531159210869835 -0.0002455158923511489
740 0.2103053694080588 0.08172843608907168 -0.01287144903009817 -0.0008444392072490002 -0.0001994576769959864 -0.005228832271051136 0.2160864314468935 0.08035452133090286 -0.006759644433637465 -0.01425837354192742 -0.0004537887810927618 -0.0004022325967616936
750 0.2108040579127182 0.08263609932083638 -0.0127546569135921 -0.001163352065834769 0.0002008772282772249 -0.004364143105347429 0.216503477767322 0.08137220107003973 -0.00603083164995213 -0.01412688131245302 -0.0005936132360406176 -2.548296508322863e-05
760 0.2113363844000029 0.08293589375634756 -0.01278154219394419 -0.001776193688696426 0.0009657176231218536 -0.002042384231489575 0.2169918072651673 0.0818257185627782 -0.004077351064652771 -0.01413501244693198 -0.001037702937589853 0.0006864074917791919
770 0.2127225978433958 0.08319279664294232 -0.01265964477174231 -0.002326926633931191 0.001690818014327618 0.0006429526475981305 0.2183964674682623 0.08233446494162476 -0.002068402152785985 -0.01391475731654897 -0.001443716824312861 0.001328879780392682
780 0.2127777092493429 0.08355560121526483 -0.01273636754480681 -0.002215457176595779 0.001803310920354926 0.001701767712777582 0.2183915431079599 0.08289607267154048 -0.002551094418866753 -0.01393650619320152 -0.0008799900574556292 0.001245512653749985
790 0.2119336121520178 0.08236269640892714 -0.01297452394467568 -0.001258161219788549 0.0008269580066196562 -0.003281821198078343 0.2173902831401704 0.08126810072866324 -0.007787252640222929 -0.0143294905324386 0.0002144342249731579 0.0002316396309159808
800 0.2125322843784913 0.08020605973473634 -0.01276266350916819 -0.0005448308436646496 -0.0001342811294658141 -0.005527633202461023 0.2180500547551998 0.07885249951787768 -0.007952051006872709 -0.01430946541009055 0.0001942135314063899 -0.0004608093500294546
810 0.2110363549752464 0.07757141638679201 -0.01346708507656396 -2.038589341364467e-05 -0.0007755054301010544 -0.007099256459527255 0.216660993298281 0.07580547997850764 -0.006286484762577971 -0.01518735910021921 -0.0002881113111630823 -0.0006635415778306493
820 0.2109388916303367 0.0768133500364057 -0.01366497071396492 0.001152269194349801 -0.002013525160018965 -0.00981354013934496 0.216639729611158 0.07493690637760834 -0.007635400527132406 -0.01537334129486431 0.000532630271163745 -0.001720146398663623
830 0.2116238611394856 0.07746129839411266 -0.0137794367669713 0.00122785044322948 -0.00200048715562586 -0.006052478402712746 0.2173969313792265 0.07589770868275003 -0.003782802604152494 -0.01534078520585394 0.000536571197332426 -0.001691979826576942
840 0.2114313956232466 0.0784034520728145 -0.01325342763531109 0.0002845436020899553 -0.001029002776614031 -0.00125837694138434 0.2171832386303794 0.07720683772566141 4.543745188814496e-05 -0.0147078891605891 -0.0002016546142247717 -0.000844238836199794
850 0.2107013520500891 0.07830983734040815 -0.01298972917327996 -0.0004591751684340893 -0.0001792645741698831 0.001795911912165175 0.2162925461968207 0.07686596795277434 0.002807495959912253 -0.01452931531177451 -0.0008572971663457728 -4.149285446570716e-05
860 0.2100538204597867 0.07787149804970707 -0.01285840423255732 -0.0009146800703516745 0.0002135643861530561 0.004166448564812015 0.2155702605812938 0.07628598411837516 0.004364697508853465 -0.01438904152820667 -0.001085133920079425 0.0002527636899475088
870 0.2090777506823438 0.07762107743625336 -0.01286173308723509 -0.00101908180235809 0.00037342518767556 0.006138343910250757 0.2145581187964851 0.07614221378269653 0.005513638663920958 -0.01426885359674991 -0.0008674210281553901 0.0002965435662230204
880 0.2093405698915988 0.07812665832751277 -0.01251322293908771 0.0001622896708391448 -0.0006975269161357207 0.00345541137256049 0.2148171587401536 0.07696702506710683 0.002749958867025567 -0.01373058228595467 0.0004443229874219212 -0.0007909931483508504
890 0.2112939079640495 0.07885514463856225 -0.01155553064649581 0.001230344291205686 -0.001877447304594695 0.0003477518551065975 0.2168379311454776 0.0781482321885232 6.184986207527568e-05 -0.0126057647596665 0.001380402909427474 -0.001914618367947059
900 0.2142058496117077 0.07882004195836352 -0.01084555190382528 0.0007450932796526651 -0.001391181455444208 0.003359110338571358 0.2197754193376775 0.07847565571702485 0.003192461286185991 -0.011801488182747 0.0007802504575412037 -0.001406593994415018
910 0.2151749610419792 0.07745865351441952 -0.01104118649974327 2.334457907292227e-05 -0.0002874674266511193 0.007047810496910535 0.2207723291248756 0.07719096622190944 0.005892271046634664 -0.01200056908590948 0.0004396089872990188 -0.000437504006540691
920 0.2131501427904488 0.07526531307340888 -0.01190693159199565 0.001279454023997158 -0.00150036406421626 0.003781922017288952 0.2187938038155392 0.074999476955741 0.002771087447983917 -0.01296067806099195 0.001696512821879352 -0.001626029206372303
930 0.2113078732019595 0.07503458115417116 -0.0121912326361303 0.001075877884545137 -0.001764656436148417 0.003946733133760628 0.2169672108452157 0.0741407777719828 0.004173148486060782 -0.01352067746343478 0.0009982387671318566 -0.001723216137336193
940 0.2101955654184738 0.07529623002364137 -0.01203935519975572 0.002050589326405112 -0.002892805542658259 0.0006925606048631452 0.2159666966497861 0.07392642123971034 0.0009997125439010579 -0.01343896780174602 0.001949786953158028 -0.002835991868235097
950 0.2090909474000973 0.07543771878264022 -0.0119832948021135 0.002100202356209874 -0.003026187392127069 0.0003503035132912652 0.2151192787666376 0.07428549888692035 0.0001769286804299649 -0.01325597927540621 0.002188155279466902 -0.003024061721274998
960 0.2086000524167204 0.07581445283877596 -0.01180230755581904 0.001193071321256587 -0.002242474017049754 0.002981581644303405 0.2147416108254997 0.07479987881215878 0.002029753671710897 -0.01307887642994812 0.001568882106817216 -0.002339973273240747
970 0.2083019775975889 0.07576149439401438 -0.01176427919389844 0.0008798416806891605 -0.001971696495059357 0.003528193362887989 0.214250135088751 0.07440337772402433 0.002520479690813132 -0.01320704299435513 0.00123158120274482 -0.002066665129828092
980 0.2083948467230837 0.07566449914972365 -0.01186457288592274 0.0007972112882125742 -0.00191727500819346 0.002621027024973689 0.2139921598495318 0.07368512325775554 0.001880229276894864 -0.01349581882069118 0.001019610735225099 -0.001981593342868694
990 0.2080424137755625 0.07505761599066381 -0.01210028783151978 0.001351553692845584 -0.002583912914526782 -0.001397114443180703 0.2136820505672942 0.07274315324450105 -0.001670388053760712 -0.01387958954520558 0.001446332000462447 -0.00261285952958252
1000 0.2074568394386855 0.07467780499670054 -0.01220563986850153 0.002614647751948423 -0.004159209288224416 -0.008568497568525851 0.2131229815518298 0.07226492260700268 -0.008018694664440414 -0.01405056829150654 0.002456377781017707 -0.004083468030253322
1010 0.2078754621548754 0.07554588085242434 -0.01180321576195932 0.003081401311759688 -0.004860891530801261 -0.01403723773950168 0.2137790242623343 0.07353875630550998 -0.012200920919636 -0.01349582370531622 0.002542236483504738 -0.004636684328932528
1020 0.21079777777687 0.07639374088128291 -0.01121168796219042 0.002228933298995226 -0.004156976071284632 -0.01285256355900518 0.2166939888384481 0.07478246231108421 -0.01098054723049805 -0.0127187292617949 0.001646212898452336 -0.003938985713469513
1030 0.2144315779390662 0.0763650209428049 -0.01065009408976454 0.0008755513546263076 -0.002658655219226799 -0.005768888670176809 0.2202274674978772 0.07511767428565526 -0.005587299303834549 -0.01205496244856046 0.0008774623026882019 -0.002667823981713651
1040 0.2141634430099099 0.07450580989561982 -0.01139804807650815 0.0007053623982590362 -0.001679550791312779 -0.002641298027746803 0.2200067415545467 0.0732384916645364 -0.004685884303367278 -0.01287320554138307 0.001506012319133455 -0.001983831959821935
1050 0.2119655576175423 0.07381178980172008 -0.01171275495470799 0.0003780285177956818 -0.0006860212110502438 0.001780726200731538 0.2178195577341595 0.07231099438934294 -0.0008809084462757281 -0.01326092448072453 0.001205219959492004 -0.00104379481212072
1060 0.2100710722458808 0.07490022442092355 -0.01198608745444702 -0.0003499797611569315 0.0001562331095108549 0.005747568450981354 0.2160006468691874 0.07372127702241812 0.002908681296692297 -0.01341435685112925 0.0004034954994429541 -0.0002043735475177861
1070 0.2084848315338073 0.07599577582574385 -0.01230242311730656 -0.001233967240918136 0.001127025580271073 0.009813845397769446 0.2144888365431047 0.07502004577137504 0.007335983288324768 -0.01359397136635923 -0.0005054224597726191 0.0008217404060108998
1080 0.2072193036249551 0.07642906166088959 -0.01237879959220408 -0.001499707882581698 0.001526130142574602 0.01328925937340722 0.2132279616366332 0.07539295616274302 0.01086988097560585 -0.01361669246859667 -0.0006511432120813849 0.001216928520818631
1090 0.2065210441986805 0.07662188887020797 -0.01223532483842316 -0.001150410267996097 0.001473203185599661 0.01566790244474358 0.2125073224855498 0.0753196302355298 0.01295536392342366 -0.01354915880157496 -0.000169320295207747 0.001123186019752367
1100 0.2076775281725318 0.07659410068209509 -0.0122219085419112 -0.0006571540142589573 0.001289289146767831 0.01410924079066153 0.2135744165888082 0.07515368591880482 0.01158932748379858 -0.01364101315609024 0.0002824838279330756 0.0009638031958340631
1110 0.2098481513428568 0.07625960237818542 -0.01223991093233071 0.0001597448470551684 0.0003227681398103856 0.009577923822336468 0.2156108932497544 0.07464603273520806 0.007719236975342211 -0.01378682799859472 0.0008186287290229612 8.200095994001509e-05
1120 0.2112532314506617 0.07550069796959274 -0.01240144912772581 0.0004171464561174012 -0.0004873799931586528 0.005520883124073733 0.2170330469538157 0.0738250170969364 0.004545647638739275 -0.01404054284967039 0.0006619855820832598 -0.0006037783201016432
1130 0.2113436278942612 0.07508621482125606 -0.01220191793691092 0.0001265782927883501 -0.0003203785382838352 0.004014337118676576 0.2171658342340735 0.07330708878243831 0.004375438724182028 -0.01390120078714505 -3.438260278822856e-05 -0.0002540948540889467
1140 0.2116074514653416 0.07529809225227185 -0.01184692643490498 -0.0002281100652247501 -3.298513938855334e-05 0.001002487153559656 0.2174315937231508 0.07326502620177992 0.001495568728742167 -0.01357687026028361 -0.0003900936139765674 5.771007549981171e-05
1150 0.2118454974101978 0.07552509623634424 -0.0118015179986178 -0.0005489731292922406 0.0001742204040781288 -0.001242767155767196 0.2176100313658939 0.07342006798712072 -0.001640494450754488 -0.01348292392642629 -0.00043872266381791 0.0001442948273361493
1160 0.2113755471151826 0.07520480968300615 -0.01204551735374724 -0.0007976859682371545 0.000303284404726733 -0.003696697950768695 0.2172191045941813 0.07341069468170272 -0.004194283601025378 -0.0136498355857556 -0.0005436804641182466 0.0002338858223757359
1170 0.2112054946813285 0.07518915646541584 -0.012344073325075 -0.0006876533117749631 -4.300518108641176e-05 -0.006886902097048046 0.2170623724036426 0.07381930067383327 -0.006628639948771854 -0.01382049364971163 -0.0006165736984772333 -2.644077979390618e-05
1180 0.211066602800133 0.07598513287476058 -0.01227988624112807 -0.0001455911605479791 -0.0009970464922477299 -0.007478717609080626 0.2166694533649682 0.07462873762378901 -0.006486255027736441 -0.01378831390765391 -0.0003292149789410995 -0.0008913571803547687
1190 0.211753151296975 0.07726846697985945 -0.01211101677234862 0.0006345344639014051 -0.002001098889572445 -0.009208480499885664 0.2170702285763551 0.07560743619057403 -0.008394277114351022 -0.01382334355559624 0.0003942046110267874 -0.001902287226809512
1200 0.212299407722363 0.0770796467445887 -0.01226841823154504 0.0009535648865727379 -0.002266773956295911 -0.009685163050377766 0.2176800815615373 0.07540824814363846 -0.009725318178841849 -0.01403627475937548 0.0008656824381573884 -0.002263398522012818
1210 0.2114395884879513 0.07604907720535839 -0.01266510868471884 0.001403903198128407 -0.002477401406490701 -0.007624157595183416 0.217079767562674 0.07452528288424666 -0.008759505015658389 -0.01434058305110296 0.00162175680246193 -0.0026059386506085
1220 0.209530647050242 0.07503403750032069 -0.01316429797459642 0.001574965289169013 -0.002123530543731785 -0.005584646745859265 0.2153462653578878 0.07363403300388979 -0.007222438436013749 -0.01465994099123767 0.0019324039771137 -0.002312111747838686
1230 0.208582891544001 0.07514032065714617 -0.01315747215689748 0.0004786359759927327 -0.0007640574449879276 -0.002487118908169638 0.2144089338179111 0.07361824156922768 -0.003678695959133328 -0.01454822357534978 0.0006405753694963006 -0.0008894973943804756
1240 0.2088747006969495 0.07499751801241915 -0.01323379296134045 0.0003948598889561075 -0.0006015218224838673 -0.001790117426376085 0.214538641912557 0.07295900434093804 -0.002271489083766554 -0.01475671632535538 0.0003482476555895511 -0.0006342195340438874
1250 0.2094287036039104 0.0745501290249601 -0.01320085715894148 0.0009934146445728237 -0.001229657082010408 -0.002224077844885897 0.2151096874964066 0.07225187773173233 -0.00191232623488979 -0.0148759206900007 0.0007322938067890012 -0.001161098973725689
1260 0.20972572599192 0.07432072880386721 -0.01308562182071701 0.001183074515244298 -0.001360962341707385 -0.002492806183976755 0.215629987192838 0.07212764080608218 -0.001416183315855885 -0.01480940151749572 0.0006598201688726664 -0.001201982320521456
1270 0.2103680798442698 0.07398266350332493 -0.01300012737090686 0.001200323828968031 -0.001282674256414056 -0.003178943954557401 0.216391379327984 0.07199793906173343 -0.001658495060564212 -0.01471478713534303 0.0004598744838309562 -0.00106740434601301
1280 0.2115047343423737 0.07444460163669847 -0.01303400606902188 0.001269488747637526 -0.00136364512069051 -0.00345017822588021 0.2173811102434368 0.07257661911931831 -0.001370467257414075 -0.01476026291594928 0.0003609004667549907 -0.001085445978846192
1290 0.2114345406339027 0.0746684294653109 -0.01328510408860144 0.001591233360469762 -0.001769817160821565 -0.002355091515797942 0.2171705119130718 0.0727835447187159 -0.0001873680489804827 -0.01507358044768112 0.0006969778583187266 -0.001484038757863596
1300 0.2103313798652979 0.07425051860503688 -0.0137468450811926 0.001746040604413812 -0.001818774861912119 0.0001886585142955355 0.2159774187137049 0.07221590617693514 0.001544362515030603 -0.01564663793930937 0.001086036843012977 -0.001630478701328097
1310 0.2102177426595588 0.0741677708139362 -0.01369731407783275 0.001203659187129195 -0.0008445467644896268 0.003510230525044004 0.215870739819438 0.07195926646704415 0.004066429370264344 -0.01566934313150559 0.0008193680896012453 -0.0007537532881575538
1320 0.2099243077994091 0.07476557627307004 -0.01361788326219654 -0.0003948352470046658 0.0009028212970281617 0.00839401529837743 0.2156688078956541 0.07250213736081314 0.008026204368057498 -0.01553165879497307 -0.000364678550025944 0.0008712243598197444
1330 0.2097032567072737 0.07625693125350522 -0.0134352259334453 -0.001610322839459662 0.002069715296514382 0.01150275488063766 0.2155403551785745 0.07431078910936796 0.01026250787724022 -0.01512698579704631 -0.001181812308666355 0.001919583852244901
1340 0.2085831314475444 0.07719109841083503 -0.01315330083762995 -0.001652788226526228 0.002030675523564457 0.01395440934932834 0.2144851039388317 0.07579654066122625 0.01234070529223933 -0.01456661587146119 -0.001092203583265557 0.001830368687213466
1350 0.2066736960159969 0.07786249907746412 -0.01314268191245662 -0.001278606195446681 0.001923605615300601 0.01618299444047356 0.2126019473856219 0.07706289642531383 0.01452558004121716 -0.01431194472572809 -0.0007886120038950261 0.00172480071140554
1360 0.207355088506886 0.07730768926136472 -0.01302369364120628 -0.0008915319554622712 0.001611937540618569 0.01456680470023621 0.2132390363608261 0.07679407751235903 0.01288891114659344 -0.01408600450194033 -0.0004273520456879795 0.001409906456022536
1370 0.2093227045353725 0.07686318974767403 -0.0129552488995641 0.0004096522986579749 -1.159360518874888e-05 0.01143977757210451 0.215026399852486 0.07616365964437363 0.01010392615169692 -0.01409835978076591 0.0007739797373336148 -0.0001718812990013245
1380 0.2100378291300316 0.07723246571752126 -0.01314618327635994 0.0003980389642531469 -0.0002353114362267689 0.01195414615073912 0.2156468549385881 0.07597374721791693 0.01113906397701322 -0.01451557083547299 0.0005590560310483545 -0.0003164478281315513
1390 0.2101630770579074 0.07848692623847887 -0.01320119918810584 -3.997301938377111e-05 0.0003007109973905588 0.01329172710018485 0.2158447904944821 0.07676518431699624 0.01218248816952137 -0.01473932798143356 0.0002400629750047883 0.0001872361138466584
1400 0.2104180425906674 0.07894887046442091 -0.01311843212458862 -0.0002609148203632341 0.0005873151261091855 0.01298388618329554 0.2161065793983785 0.07694086168196129 0.01152274790095188 -0.01476535898871266 0.0001714588725671669 0.0004272112909214205
1410 0.2108308481057183 0.0795394518792157 -0.01293796355971859 -0.001137703658823985 0.00158870127825351 0.01435502851409153 0.2164873727767061 0.07758681683019654 0.01244495741877048 -0.01455742851945846 -0.0005060663844516231 0.00135821536856824
1420 0.2100005910316225 0.08006672956409099 -0.0125214548870923 -0.002223774288806431 0.002518304273487067 0.01603251374893808 0.2156342913606296 0.07850012472396289 0.01407124006385796 -0.01399586155239203 -0.001465070534251769 0.002255167908921435
1430 0.2090694628451071 0.07955000133331316 -0.01211555622295275 -0.002241729764784138 0.002212650555028936 0.01479481933161725 0.2146199481270533 0.07821526689893044 0.01294384422468138 -0.01355025860481485 -0.001369375518036861 0.001942320623264002
1440 0.2107783122206891 0.07870885084370477 -0.01200681359226755 -0.0008489230138809126 0.0003794077640919735 0.005358009240508542 0.2162442054233952 0.07734721269439668 0.003910824107835764 -0.01350940784933525 -0.0001600824979680954 0.0001676790834828027
1450 0.2120190830875387 0.07862679892008714 -0.01224800604468862 0.0006411796129200409 -0.001676695404520771 -0.004692462972391316 0.2176111041924078 0.0773210661217512 -0.003276957737929416 -0.01380992766362224 0.0002717094724890905 -0.001500388486646908
1460 0.2113457370859501 0.07810501835797094 -0.01277594690305867 0.001516671059827094 -0.002937042140291933 -0.008816082429960206 0.2171139447282777 0.07668679358142999 -0.006678579378136848 -0.01431814989587929 0.0008846845269284304 -0.002668763239809519
1470 0.2130960586973606 0.07923187748575182 -0.01293257098672974 0.002004906807906777 -0.003604925586518875 -0.01132197676480402 0.2189502776556723 0.07816596759171805 -0.01027516773565924 -0.01424979342145639 0.00176994569666645 -0.003480530456952338
1480 0.2116027108844379 0.07917364297776833 -0.01358764553680887 0.001921156326010969 -0.003337958902573133 -0.01274672959191814 0.2172911070095788 0.07781374668506333 -0.01335795053066494 -0.01486978237193828 0.002276569653568627 -0.003431464358065355
1490 0.21143862149573 0.07936648216135715 -0.01381180816819729 0.0005597302937916924 -0.001534035754345642 -0.007866310736615039 0.2170272743215303 0.07766010230551533 -0.009708102735162765 -0.01516641331999483 0.001339951702429978 -0.001783172999572958
1500 0.2120527361001289 0.07871847915844428 -0.01388761514613538 -0.001060332092898154 0.0003357290618118262 -0.002036660640022422 0.2176792890655844 0.0769399881025893 -0.004410415938733626 -0.0153337479453771 -0.0001968909533251917 2.15375451365984e-05
1510 0.2111611156402703 0.07823335009519132 -0.01384132656741582 -0.001229302721916721 0.0004358069419296157 -0.001504145644263018 0.2169463657237189 0.07637371040575867 -0.003690277776417793 -0.01539905665240884 -0.0004835237110162663 0.0001420976940747372
1520 0.2103287574097923 0.07827861976930371 -0.01384318445847578 -0.0007917220500604241 6.098254549337843e-05 -0.00329677432915073 0.216143971287186 0.07633930119358245 -0.004923520913356025 -0.01545136319526347 -0.0002728484813529955 -0.0001643695690703609
1530 0.2099057935315804 0.0789118399976752 -0.0138382841120339 -0.0001104057068997729 -0.0004612970090422173 -0.004873056631390957 0.2155296475259416 0.0770848371568866 -0.00566184874620919 -0.01542311366936583 4.60538870280576e-05 -0.0005652402773293095
1540 0.210288016723351 0.0801627292670944 -0.01344476745376793 0.0007805505096914206 -0.001308611526117343 -0.003749048221990914 0.2158241090509276 0.07842880058277958 -0.004090628778596062 -0.01505473246492281 0.0007793822200513332 -0.001351872026393962
1550 0.2109966861614116 0.08029909667727901 -0.01316028105725304 0.0009017517732495388 -0.001152949704854814 -0.002514344577679147 0.2165306126547309 0.07858632047941855 -0.003211877402580567 -0.01486790866445658 0.00103721496502862 -0.001249341012919559
1560 0.212494017036498 0.07963659847462011 -0.0130212177662995 0.0007592820947241356 -0.0008319401616628743 -0.001910748467508067 0.2181728352648275 0.07784491671908671 -0.002740102113158047 -0.01479131417171735 0.0009801327616532638 -0.0009407879427891707
1570 0.2125526578246238 0.07906771756399339 -0.01370632959172532 6.266816293334712e-05 -0.0003396046529166114 0.001831425575272721 0.2183961228018909 0.07719753976426003 0.001372668107382678 -0.01542799707325412 9.436922269954479e-05 -0.0003812527533869648
1580 0.2109380573722758 0.07955423538057127 -0.01437480757238966 -0.0008211415151651541 0.0003363009820879948 0.005313834710967017 0.2167841398373874 0.07739248364970433 0.005340195301655374 -0.01605921452646966 -0.001022071465361193 0.0003729227194760773
1590 0.210550805486614 0.0799378376549167 -0.01398122122214085 -0.0005261220624838631 5.050031829352916e-05 0.003827006293546942 0.21626244687025 0.07766233099752413 0.003763297275394308 -0.01558698455646736 -0.0007463776964777329 8.234763215338453e-05
1600 0.2103559980077472 0.079484159674154 -0.01360508888525879 -0.0006033164249119423 0.0001912950729929292 0.002343951223820254 0.2159200714431386 0.07715518683838761 0.002502841417822934 -0.01521544006486607 -0.0009909174536891806 0.0002558617232375402
1610 0.2107827388590961 0.07880723744666747 -0.01368948534471112 -0.0004793800319795923 0.0002003585860455187 0.0009431524298358978 0.2163665246906634 0.07639893458238345 0.001301779117714446 -0.01538096206770317 -0.0009545861000253863 0.0002873701143776504
1620 0.2105780540592265 0.07821528936378329 -0.01383562845268162 -5.967581599767413e-05 -0.0003156555380642695 -0.0006221660812884279 0.2162349117687613 0.07569377197253541 -0.000431259238701972 -0.01563732668419818 -0.0003979474110447349 -0.0002590675602263947
1630 0.2105657073771685 0.07870759549421144 -0.01389003917148574 -0.0002484006938693563 -0.00032535256273958 -0.001627142595149439 0.2161972523559857 0.07612416653137166 -0.001668955030132209 -0.0157922841846281 -0.0004420532646623146 -0.0003069157106116682
1640 0.211037770443536 0.07941448650107188 -0.01388538848144049 -0.0002645858824974387 -0.0003445616319601698 -0.002615932266980448 0.2165916564279601 0.0768704766793912 -0.002555339726049727 -0.01584961387784192 -0.0004360326809584802 -0.0003157759482096197
1650 0.2110426920181243 0.07976989120821729 -0.01385495761218291 9.124568260814129e-06 -0.0006362515803952491 -0.003762922749072714 0.216607849733385 0.07722853324301156 -0.003661204327389654 -0.01587801643085987 -0.0001725320490331893 -0.0005964049301792953
1660 0.2103473984489624 0.07887791550260302 -0.01409615918468905 2.282459010358301e-05 -0.0009069887547076691 -0.004595240530722178 0.2160503593074935 0.07624520349103969 -0.004597265084296514 -0.01613125956796982 -0.0001190977296009707 -0.000879606561753404
1670 0.2100510599866649 0.07864938033170922 -0.01418239158865654 -2.973414018680241e-05 -0.001100794987827311 -0.005781340917669769 0.2158289380393104 0.07600112737913511 -0.005999229998687203 -0.01611963834467546 -4.477796961279176e-05 -0.001105820078135413
1680 0.2091183728555512 0.0792453126803348 -0.01411855250702968 -0.0004158829171533265 -0.0007864101581879313 -0.004775818863418713 0.2148861740948436 0.07691975581291358 -0.005506572182260237 -0.01585063838523857 -0.0001835091342758972 -0.000863603194095083
1690 0.2082896110210848 0.07895281690225904 -0.01413146208679581 -0.001045676511135728 5.663532512910885e-05 -0.001637478281490758 0.2139906461227045 0.07700610446642886 -0.002594335485328573 -0.01566960852994957 -0.0006848745551522354 -4.797467906290392e-05
1700 0.2077722763824635 0.07953856453589553 -0.01396855728176832 -0.001470941007991042 0.0006554146809961568 -0.00127031611286737 0.2134716538293049 0.07787039931002798 -0.001939534922165422 -0.01542082894957942 -0.001220663091944867 0.0005917362953716865
1710 0.2087205325478714 0.08027843899083212 -0.01401501313523917 -0.001604751584471205 0.001070041512950298 -4.436043563553797e-05 0.2144170980085434 0.07871524420243986 -0.0008711602800554556 -0.01546674861413586 -0.001353895559898462 0.0009791288108874736
1720 0.2095170617219722 0.08018283822371791 -0.0141573101801546 -0.001491831232582665 0.001048985924668937 0.003247785299737795 0.2151142231909808 0.07852465517561487 0.001755821706455802 -0.01563461603481382 -0.001028643718566586 0.0008558897922418994
1730 0.2099520856050064 0.0794235742539761 -0.01423830092981176 -0.00157353890345645 0.001093125848098438 0.006065203748335586 0.2154219343749834 0.07744889130368389 0.00380849445036779 -0.0158229554233846 -0.0007913259063484388 0.0007813006753558494
1740 0.2096606418304823 0.07878997874123461 -0.01414837582583994 -0.002367241459780987 0.002039862703712851 0.01005272860673479 0.2151168356271913 0.07663834036033583 0.007247716480920268 -0.01586965320199013 -0.001374764732958387 0.001647470929951866
1750 0.2092380176517751 0.07784350966403894 -0.0137760220341159 -0.003201713799721371 0.003539271182829663 0.01352709015678514 0.214692453935165 0.07582314396148204 0.01067021952326218 -0.01553018507945007 -0.002196742629553012 0.003141980648878449
1760 0.2109456589813093 0.07742249616135466 -0.0132977217059676 -0.002943594593768229 0.003614126408899947 0.008774970977545943 0.2163951001252789 0.0755510990917119 0.006682257669817543 -0.01500516256082094 -0.00215842229923907 0.003320932164174241
1770 0.2134899163768735 0.07797093459935875 -0.01282389176190706 -0.00183156207323979 0.002115754177557475 -0.000478681162276178 0.2190235928488979 0.07632133195708013 -0.000448421913372691 -0.01449449237175501 -0.00179115243100688 0.002115983480874456
1780 0.2104348257781254 0.0769213454681638 -0.01356262862551229 -0.001637264800856475 0.001124665434710812 -0.002738241020556582 0.2159412132519737 0.07493801947062997 -0.001442147026758991 -0.01532318050843239 -0.002190831755530076 0.00130337119820712
1790 0.2090561293753055 0.07775179683084532 -0.01347010619760533 0.0004551952071674516 -0.001211372053621737 -0.007100772505527969 0.2145685689004194 0.07563254368402379 -0.005877988041564391 -0.01513735708175182 -9.221835964768531e-07 -0.001047956249847363
1800 0.2084392584052487 0.07863182226692761 -0.01374894383439714 0.0006267595386225586 -0.001338373075111046 -0.01067320091904383 0.2141304455095683 0.07683384774060344 -0.009003646902424446 -0.01521042376367948 0.0001153531906676663 -0.001104356356650657
1810 0.2090679214186241 0.07952189573616417 -0.01357179901946526 8.445838724218464e-05 -0.0008647767505068347 -0.009617863586055479 0.2147895514290941 0.07787735181266732 -0.007562259892318512 -0.01498522159198225 -0.0004342173656824186 -0.0005711670352023028
1820 0.209766738358091 0.08043994668289697 -0.0137650049568133 -0.0004218699481445949 -0.0008608621931854763 -0.008995829768004174 0.2154087724911261 0.07871547129686429 -0.007452372554337839 -0.01524715552384666 -0.0007453984659053756 -0.0006295059874255945
1830 0.2108343973972844 0.08130760951622006 -0.0135369414541314 -0.001241131755771342 -9.609880644731152e-05 -0.007506405294605086 0.2164464801212316 0.0796102860723298 -0.006205364844474657 -0.01505950834266468 -0.001615997611451765 0.0001033501032163297
1840 0.2106318098187593 0.08112821479293589 -0.01320156502246261 -0.001623070821484177 0.0006323229518388913 -0.006440560179707222 0.2162010769433126 0.07954982900376587 -0.005384628741630854 -0.01468304458505325 -0.002067005396327144 0.0007936931361743585
1850 0.2099882651049598 0.08060677799856342 -0.01326756150241597 -0.001999444392557234 0.001163874392371428 -0.004827070664977391 0.2156526846330772 0.07920532458414671 -0.004794220521170527 -0.0146505936834442 -0.002098788989668191 0.001188067499196882
1860 0.210373999112891 0.08052374099539243 -0.01287543735840433 -0.002466164985649439 0.001585878490588487 -0.001025603252994384 0.2161262609506602 0.07933567330252385 -0.002423685669232703 -0.01415309806376146 -0.001953839611326363 0.001408402475902769
1870 0.2118557323606863 0.08164868698479492 -0.01255828318768396 -0.00300105044074444 0.00221550795499783 0.002711320176727407 0.2175682700236069 0.0806789544696892 0.000430552817398141 -0.01372415321641631 -0.002034944315098235 0.00190039107955074
1880 0.2133412411094034 0.08285932147687521 -0.01215392671609741 -0.00279700448458961 0.002687260326558798 0.00518091247417598 0.2189526511534595 0.08201709241361087 0.002810358551208461 -0.01328528598450201 -0.00176704269053728 0.002351615419001515
1890 0.2134370733168145 0.08372666722929763 -0.01195538354269432 -0.002710635672917763 0.002775432375588206 0.003567323970252048 0.2189591806623763 0.08282811241719583 0.001521560195021946 -0.0131434582118082 -0.00182144948241842 0.002478294141819483
1900 0.2132853042778131 0.08344460725831117 -0.01176268171112783 -0.002297882275245027 0.002162405177159156 -0.001267675052980002 0.2187987814791359 0.0824638627758645 -0.002800495715193954 -0.01298802955414426 -0.001577244246344743 0.001927372912419761
1910 0.2146224762101537 0.0825451145377291 -0.01181641540249514 -0.001556762933346657 0.001066499566163769 -0.006713797735503384 0.2201612969709791 0.0816820330262049 -0.006083083785645136 -0.01300810097946848 -0.001547629621853031 0.001125028450012267
1920 0.2129622994204466 0.0799789373986773 -0.0129204625458448 -0.001355902709542317 0.000724972117841843 -0.006798416682377373 0.2184648176288883 0.07856342191161114 -0.005353235804586159 -0.0143097547465905 -0.001629930287552035 0.0009143937425328589
1930 0.2117515875480666 0.0782256002027462 -0.01296231231510611 -0.001352751705688261 0.0008465062958149423 -0.007927224330396634 0.2172605783101301 0.07634474287922856 -0.007955056547295497 -0.01451078651181229 -0.001133648359060486 0.0008495200716741659
1940 0.2107606499929836 0.07737710954676043 -0.01311714425100883 -0.001826928205905579 0.001094949508446818 -0.008156305447209815 0.2164882740533899 0.07542523896270431 -0.008809665934274916 -0.0147068043836884 -0.001536498767232804 0.001029337569350487
1950 0.2108546258279374 0.07774782715405036 -0.01306807036839044 -0.00204749761180509 0.0007649631819527962 -0.007790871260817161 0.2167396464113843 0.07591714871037375 -0.007836378694409188 -0.01466231716635275 -0.001999280913499863 0.0007644060921253253
1960 0.2117924020421858 0.07862836187726065 -0.01298120784513119 -0.001478134770921977 -4.478218762516916e-05 -0.007295922915376037 0.2176077375567317 0.07688695012838181 -0.007094330368715186 -0.01458307354367707 -0.0015163677510952 -2.538219574164431e-05
1970 0.2121327420220277 0.07861549341915058 -0.01284590151438355 -0.001109297089418308 -0.000278211006619946 -0.005286344585506838 0.2179015870588832 0.07679660749317443 -0.005618620337831623 -0.01451337595985384 -0.001038453222751011 -0.0003404179783563392
1980 0.2128403878491194 0.07890174703766753 -0.01254053029085532 -0.001132327466250272 -8.291015724132881e-05 -0.004947427157895221 0.2185851614530182 0.07712831918255515 -0.006254641261757441 -0.01420198431586374 -0.0007881293516795165 -0.0002705751867860488
1990 0.2129267991459813 0.07974198286700815 -0.0124593505843193 -0.001086422975149736 -0.000102528419074528 -0.004216408398605391 0.2186457367243161 0.07800081621969905 -0.005892785390976037 -0.01413302406228312 -0.0005571218687466637 -0.0003330549351827922
2000 0.2124304610732124 0.07950228303066201 -0.0125566383985316 -0.001621274993437598 0.0006756166025804795 -0.003711026629291855 0.2182558307693934 0.07779753017628711 -0.004818986142320494 -0.01426298258556462 -0.001181016971761684 0.0005209928698744408
2010 0.2111432849187523 0.0782641334362939 -0.01332861520417316 -0.002199689111513359 0.00148794906041808 -0.002603692636121177 0.2171390916228308 0.07664345449629786 -0.002661447607074759 -0.01501668784004292 -0.002122109636251519 0.001477552108802861
2020 0.2103965318650666 0.07828317100965879 -0.01363691888769781 -0.001780607804098602 0.001129289697046538 -0.001934400552811749 0.2163425628623028 0.07654653972441232 -0.001006937621281479 -0.01529648981330083 -0.002074503456663237 0.001253855484483655
2030 0.2106784594924671 0.07887238017813895 -0.01339185968176032 -0.0009533876373078415 0.0001896120038461147 -0.003352116231459143 0.2165432094020844 0.07724696703591417 -0.001986676539281685 -0.0149373069903604 -0.0014804137883944 0.0003843786556087415
2040 0.2109544743241947 0.0793758432505634 -0.01317909732993829 -0.0004091695821261423 -0.0004053835344298377 -0.003387079424716955 0.2167962811695456 0.078110123379676 -0.002187835555880762 -0.01456594399581385 -0.0009551198969486504 -0.0002261467984895533
2050 0.2102845272591882 0.07962338441820174 -0.0132438530450254 -0.0003138817257958465 -0.0007301067843314124 -0.003425648934833876 0.2161811116608877 0.07866960696860466 -0.003046053737398558 -0.01454469315432337 -0.0005393429615968133 -0.0006621394154332812
2060 0.2096191571895872 0.07942840580552431 -0.01339588458602609 -0.0003662162661282364 -0.0007460366654957018 -0.002904882258026514 0.2155798905113245 0.07837518321160628 -0.003327404056924686 -0.0147365829897151 -0.0002183791390097135 -0.0007956172394246732
2070 0.209175144183559 0.0784036493674882 -0.01338496239433181 -0.0008437758446272279 -0.0002304514962688257 -0.001528293992590585 0.2151905281570522 0.07705434621558664 -0.002354461277446303 -0.01481706827842588 -0.0005257891939179848 -0.0003427074530921101
2080 0.209613779971336 0.07835234615731604 -0.01340943341977856 -0.001253060965778882 0.0002971218829397379 0.0003339708937322046 0.2155713058603692 0.0768171343339264 -0.00103999183597196 -0.01490884748521307 -0.0007630770784381695 0.0001065831500158665
2090 0.2098788607746602 0.07875062770770763 -0.01344783618907883 -0.001490689623098578 0.0006307760795005678 0.001978068331562549 0.2157214120508604 0.07711890743403449 2.756981943460032e-05 -0.01496103928201122 -0.0007840787723831317 0.000355800660865143
2100 0.209430326902857 0.07948490973499876 -0.01350243613836627 -0.001829677645865796 0.001238307300172418 0.004762809086338788 0.2152202749125748 0.07790387564737444 0.001925326000425686 -0.01494381347811221 -0.0008444429837960505 0.0008479889049626428
2110 0.2095635159519622 0.08040292760609842 -0.01328823419305404 -0.001997366567264753 0.001479982084741875 0.004184704169503926 0.2153650449491158 0.07927422092911789 0.0007049915772773192 -0.0145663610819326 -0.0007795409179963664 0.001008873408797787
2120 0.2108647184252782 0.08085727393951471 -0.01297302511630113 -0.001209124097446035 0.0003735406183796825 -0.001579199432622428 0.216601182830516 0.08028158613215197 -0.004128382967254336 -0.01417205010450596 -0.0002854657787194737 2.493258428266178e-05
2130 0.210945845339612 0.08081693195637206 -0.01314276004310968 -0.000687472187750136 -0.00060044506746623 -0.005190713829029701 0.2166744413551749 0.08012572264751498 -0.006238738477129207 -0.01448969353359954 -0.0003752914681059018 -0.0007358583284930746
2140 0.2100494690652939 0.08074467939357252 -0.01339310579886731 -7.219280590590041e-05 -0.001384372969164646 -0.008036853679333687 0.2157955538411954 0.0795586970517926 -0.009698195227381239 -0.01490697575648561 0.0004109761137774741 -0.001600975420465138
2150 0.2093181298643991 0.08124456385922224 -0.01337913247536762 9.772900320936914e-05 -0.00166482356136384 -0.008540663483010774 0.2151197655155165 0.0798541855856426 -0.01027980176313118 -0.01489058270419799 0.0006890472634929289 -0.001903095361546938
2160 0.208458140035728 0.08252239061979449 -0.01310065945497075 0.0001363470387500653 -0.00161694718233114 -0.005906162369685649 0.2143550715664911 0.08120203098639646 -0.007376416796755304 -0.01451574786437847 0.0006623681149777597 -0.001819700275579211
2170 0.2075506261067116 0.08270868538392204 -0.01297352760650231 1.190338638408583e-05 -0.001303650582340217 -0.005552256690631822 0.2134247943890636 0.08124741934702621 -0.007031133923239607 -0.01442557813817892 0.0005999252338322357 -0.001507107192359555
2180 0.2074806501558421 0.08154908881534162 -0.01308483438332366 -8.196763264639593e-05 -0.001233821838609122 -0.006245668518358854 0.213305520184844 0.08002149306861903 -0.007172697174768607 -0.0145831299604655 0.000438891821522936 -0.001372281583335988
2190 0.2078869009737943 0.0808888852599139 -0.01331900373690987 0.0004521797882843973 -0.001797303445059912 -0.005207147305060613 0.2135747155827587 0.07949743918386254 -0.005502958445859536 -0.01472951606524977 0.0007656600262504999 -0.001855590813780355
2200 0.2086142035786222 0.08118905297954818 -0.01291002766205577 0.0006742064284499478 -0.002087027909436124 -0.004443284782320285 0.2141929656880425 0.08010044344019218 -0.00460048065613885 -0.01413066911890522 0.0007935514270334984 -0.002116548787317781
2210 0.2112269837551512 0.080085735772323 -0.01215980323867412 -0.0002448881102505226 -0.001029935342779005 -0.002418844437452963 0.2167823005953827 0.07918917522711365 -0.002620770354921247 -0.01327351116727521 -0.0002963552067200708 -0.001054402467018185
2220 0.2137214512964333 0.07896757330117246 -0.0115517336326847 -0.001663594603343215 0.000985020707587338 0.003918576961770123 0.2193676929308172 0.07820036658222733 0.002563134221375541 -0.01263466168945408 -0.001454425834457541 0.0008203137674861416
2230 0.2144792687422665 0.07748269280525732 -0.01169311141920517 -0.001636772326465305 0.001646235468694693 0.006550176951615584 0.2203052276315757 0.07685978429448362 0.003603490697159895 -0.01278816617919671 -0.0007556421382843228 0.00127317832466308
2240 0.2154091331665803 0.07697875253508214 -0.01187231849591548 -0.0008137150279288195 0.0006351004504865093 0.00118132274871936 0.2213283575409316 0.07607008912473286 -0.001965540437424288 -0.01311794121479358 0.0003086532153099633 0.0002332658592975092
2250 0.214932546746922 0.07599497586070306 -0.01243378121764463 -0.0006009982164798785 -0.0001756626747841436 -0.002278406493337957 0.2208626429509964 0.07472463630803718 -0.003751689969966001 -0.01382712073343547 -1.614854439876827e-05 -0.0003600359718455253
2260 0.2132430483923438 0.07544271179804597 -0.01311940823436676 -0.0001340845895630763 -0.0007321552201712486 -0.004313715770481515 0.2191048208624304 0.07355340978884493 -0.004151672442414328 -0.01470710193236406 -0.0001582582387595101 -0.0006997652093632153
2270 0.2120164768118846 0.07636558947321008 -0.01322150945666819 0.0001670550064749943 -0.001193052320786086 -0.006870568770419503 0.2178609629360156 0.0742013480766026 -0.006520330061582615 -0.01488385408771809 6.201231678120039e-05 -0.001143157710789872
2280 0.2100814636443335 0.0771029347486598 -0.01342722305974715 -0.0001342594927761314 -0.001150730376521369 -0.007716129055506334 0.2159203218742941 0.07486164878342381 -0.007412394938799072 -0.01512233891968224 -0.0002074473728969271 -0.001108787517450268
2290 0.2092781555214607 0.07812529189027162 -0.01348202052941335 -5.626998821994412e-05 -0.001334109612760272 -0.00760564034512146 0.2151369291872646 0.0757728467624951 -0.007532025094287529 -0.01523829556294545 6.025623137022512e-06 -0.001322921270080876
2300 0.2093221460799699 0.07978290954794176 -0.01351208978866522 0.0004507401145657878 -0.001719175416523301 -0.006987556223911805 0.215296066483967 0.0775856089910881 -0.007419080193409118 -0.0152612831220069 0.000752557681757092 -0.001790909167902725
2310 0.2102667420105348 0.0807466528625545 -0.01347097611860388 0.0006585248598413848 -0.002016333777040881 -0.00778216720307487 0.216273526605588 0.07873578745490104 -0.008447188875773323 -0.01521751886308875 0.001008256468334024 -0.002124294637234149
2320 0.2112777008331022 0.08066011872066937 -0.01340049700921334 0.0004094883260069587 -0.002065541439301732 -0.007015365260243977 0.2172704279889437 0.0788402848228399 -0.007825632447026677 -0.01509388651709047 0.0007225821290309737 -0.002187645922946582
2330 0.2116167757495391 0.08022550921453291 -0.0134579581091169 8.037646694881154e-05 -0.001983350593723269 -0.005250405591787072 0.2176544414908484 0.07882027545832027 -0.006566174103742947 -0.01498133118546329 0.0005226639530205795 -0.002165523235021307
2340 0.2108750273512479 0.07942157510407212 -0.01346225022000968 0.0002987359860412139 -0.00185568441272974 -0.003409641693623261 0.21695715334369 0.07823717209062446 -0.005198762205365266 -0.01487582135442626 0.0008835322897639259 -0.002091743336538119
2350 0.2095391941798392 0.07951678264859778 -0.01327528056026724 -0.0001510270017513736 -0.001087440321345088 -0.002540723861813477 0.2155475890631846 0.07836649335813994 -0.004457564144606864 -0.01462911606381074 0.0004381422495090506 -0.001335903265615459
2360 0.2084021752050626 0.07986997712904932 -0.01298331771838606 -0.0003142681067033286 -0.0007579185975186111 -0.001645076924959883 0.2142643943435437 0.07887832125940857 -0.003614633420750026 -0.01423736692483877 0.0003107072572737252 -0.001014964051566665
2370 0.2078830409030689 0.07969018803575846 -0.01294232324322974 3.899916180110265e-05 -0.0009794659273982763 -0.0003516722879689675 0.2136858246091856 0.07892527723233712 -0.002211904841761845 -0.01412586552291695 0.0006267311841530755 -0.001220236983965477
2380 0.2091103502981849 0.08002350702521044 -0.01312764653106605 -0.0001140050480911007 -0.000557460583263471 0.0002246859979027874 0.2148565762660656 0.07921830824929724 -0.00140550522461381 -0.01437350446582202 0.0004098125360777459 -0.0007711393533264938
2390 0.2103116701001153 0.08065815168483817 -0.01306977806264763 -6.104500867986956e-05 -0.0003621785728788341 0.001588101357198611 0.2160609131192951 0.07957264505260543 -0.0002175842635264978 -0.01446427716901196 0.0005197087724375077 -0.0006004165145297843
2400 0.2108864868738749 0.08045578611658717 -0.01297948552146432 -0.000133250298322271 -0.0003114890789489366 0.003819183360245216 0.2167016575339672 0.07913971480289302 0.001419420632584237 -0.01446428064348489 0.0006036303780132277 -0.0006215902116528294
2410 0.2105136836055861 0.08053659838040504 -0.01294683441052184 1.990515180438768e-06 -0.0003718838477210089 0.004483696431288383 0.2163710160477643 0.07924327772404539 0.00160903903331591 -0.01442790188257378 0.0009314017355624226 -0.0007461598809534873
2420 0.2108475892448481 0.07984831509314197 -0.01271664567244955 0.0003560676301795752 -0.0006452366787336735 -0.0001070499849576299 0.2166759480384604 0.07868276082039478 -0.002992742021937406 -0.01418129799219131 0.0013418727354965 -0.00103039512485967
2430 0.2116052830697222 0.08004427530292398 -0.01254176656306171 0.0006445564899266612 -0.001207589256687053 -0.007197469210386418 0.2173815435535371 0.07895809709372173 -0.009342628450819269 -0.01401560486425867 0.001350204375009519 -0.001498930703640851
2440 0.2111925917510072 0.07947577362868408 -0.0129100456332685 0.0009685875698436486 -0.002105225157265761 -0.01101075868342544 0.2169206841176032 0.07814404067154522 -0.01212821368640669 -0.01445471625290336 0.001366199722626888 -0.002273102748708368
2450 0.2112804873132078 0.07929633809535086 -0.01303540118113686 0.001267099147137193 -0.002861941854272015 -0.01342381801896437 0.2170423197310515 0.07763543771370265 -0.01354669947623802 -0.01464196460165303 0.001375763011037624 -0.002894272560859388
2460 0.2113365756877935 0.0796269044678031 -0.01287629534271415 0.001440616018869826 -0.003380555234059978 -0.01586302442817781 0.2170712115090366 0.07781314251608515 -0.01529238459964822 -0.01450646779770729 0.00132007191946174 -0.003313408046037803
2470 0.2105962073143782 0.07993087977198274 -0.01275952826531315 0.001802521329509483 -0.004018142697937083 -0.01707489441943488 0.2162041604892665 0.07805460341288158 -0.01590855752654114 -0.01436171479297529 0.001496110727147026 -0.003872904144099094
2480 0.2108155025931779 0.08088779067816783 -0.01254989646629396 0.001507829659221455 -0.00376798723147692 -0.01394658252934233 0.2163970297910717 0.07918256318484183 -0.01304223406239812 -0.01405315331752643 0.00121831746479861 -0.0036579686921114
2490 0.2098752588661858 0.08024732181935418 -0.01266081145939659 0.001026238160719881 -0.002788631538150674 -0.008774411024387153 0.2155724495460757 0.07852464596699965 -0.01006082771164589 -0.01414899057919201 0.001357787060862354 -0.002963788875444045
2500 0.2088276903161631 0.07858714542267672 -0.0131366884892678 0.0003103484692867183 -0.001522873500788636 -0.004948336050538538 0.2146278930141105 0.07660270292085114 -0.007529753297509673 -0.01468890289602807 0.001016983972687279 -0.001859089306481721
2510 0.2097860037571742 0.07810365426789045 -0.01327044280217638 -0.0002160128531196475 -0.0007742658527355994 -0.00254455149722376 0.2156108675461599 0.0761318427641382 -0.005239220207373057 -0.01484470643570826 0.0005201700880274067 -0.00112631522643202
2520 0.2110273319312459 0.07814919861443022 -0.01354280345493201 0.0002463553557321086 -0.001255308641323685 -0.002514743515207122 0.2167821913247877 0.07607728221944167 -0.004887568603555226 -0.01520740165120034 0.0009433790568837497 -0.001571545159044139
2530 0.2115816976772043 0.07854049700286335 -0.01396496604052487 0.0007528921574664721 -0.001942416207528247 -0.004646060476538284 0.2172969419260302 0.07633884444575023 -0.006452920924624189 -0.01572727266965604 0.001324419974399026 -0.002193790130245993
2540 0.2115188522586372 0.07835134021788595 -0.013789456515816 0.0004021430276392918 -0.001768337216229946 -0.0050874886320413 0.2173216900867113 0.07619776398592648 -0.006236363233528606 -0.01561206919069961 0.0007050733845841705 -0.001930385436826999
2550 0.2119347029615985 0.0779839158537204 -0.01326247771005302 -4.950731733990727e-05 -0.0008720540560315793 -0.003672583312279224 0.2177543041688736 0.07587155828889523 -0.004330738109898994 -0.01517171023319087 2.457261686654198e-06 -0.0009554678252129762
2560 0.2116168328650251 0.07814383598969064 -0.0130189340683438 -0.0006282801112695433 -0.0002278676931774208 -0.003753463209348501 0.2174594447698214 0.07606200027583833 -0.003979272556562284 -0.0149383649160388 -0.0007735521000095209 -0.0002379872214785735
2570 0.2104398776174419 0.07781547648664677 -0.0131285615391529 -0.0009536264692264569 0.0003034962882574475 -0.002351715378874158 0.2162672019877501 0.07602333031284249 -0.00280445638947753 -0.01488687303221622 -0.0009820857167698387 0.0002674562179455845
2580 0.2095012416275924 0.07832252541893593 -0.01305177933799209 -0.001045921437809088 0.0004887469968677837 -3.938156349074325e-05 0.2153033868085409 0.07677340836899882 -0.001381566791339377 -0.01466177242500356 -0.0007223590457385156 0.0003290999805856305
2590 0.2096480162884745 0.07886075055491963 -0.01306870105282964 -0.0008889447803738299 0.0005672136963543327 0.001971683188184715 0.2155156528348052 0.07749543950976308 0.0004075744174270498 -0.01456814935621983 -0.0004611778355993131 0.0003720608603531766
2600 0.2103156690653639 0.07863219771428782 -0.01372702052549253 -0.001065872321110373 0.0008343959730764797 0.00205826185931167 0.2161665942495398 0.07718929892971246 0.0008335934777833463 -0.01524648116266339 -0.0007344444942876168 0.0006811152281510928
2610 0.2110815012586353 0.07821750317557179 -0.01431990033333949 -0.0006753560063259474 0.0002931744832795091 0.002461297335735338 0.2167815461585147 0.07640067365363648 0.001367229823481877 -0.0159811128845691 -0.0004232259654435663 0.0001556736188550228
2620 0.2112281219282391 0.0781106567006048 -0.01450910595932364 -8.387768210119958e-05 -0.0003237443962200613 0.0008382844620729843 0.2168229359120597 0.07586220324170237 -0.0001658086150871082 -0.01632626668505294 0.0001265789156102439 -0.0004530583604177373
2630 0.2098338640794987 0.07833101704414092 -0.01465063439405807 -6.749593122330597e-07 -0.0002200374445443586 -0.0007146120776742459 0.2153923536057609 0.0757690107162784 -0.001629909878213729 -0.01658620126972005 0.0002012274381312193 -0.0003372878055906907
2640 0.2099086552016109 0.07898445230791655 -0.01482104480469015 5.907619359165883e-05 -0.000267066727453076 -0.002040289923505782 0.21555292208243 0.07677481097463197 -0.003197542840626506 -0.016689117897987 0.0003574601799713089 -0.0004157697701148856
2650 0.2099691548527815 0.07880192006547136 -0.0150087006118018 0.0002340016916321594 -0.0005173620861804817 -0.00180202093192121 0.2157223551446169 0.07707089370914803 -0.002678822884348989 -0.01671652251064082 0.0004617930924684084 -0.0006346531694822257
2660 0.2100413767633228 0.07916787520033897 -0.01491068358784773 0.0003066653979307051 -0.0005963320175671843 -0.0002008243892260836 0.2158754136900929 0.07759925297723454 -0.0003134429400189323 -0.01653196942557352 0.000280040600856128 -0.0006161906506913251
2670 0.211410686395943 0.08060019773290729 -0.01475845366302581 0.0002504640819418816 -0.000496937369934011 0.000621657171574371 0.2171902876653923 0.07900210889170359 0.0005944472872788541 -0.01636203515072061 0.0001593943297934269 -0.000498634311410935
2680 0.2120969306347709 0.08136123921395504 -0.01485754948014967 0.0001823855473684124 -0.0004621106287167089 0.001526172065847269 0.2176867825930711 0.0796085674906285 0.001239638507906521 -0.01650294799594422 0.0002077824025923598 -0.0004988123082574516
2690 0.2109942599981544 0.08047073492297127 -0.01486857312906871 -5.60978179859903e-05 -0.0004119444208322984 0.001905346552863988 0.2164661358460675 0.07835967387121828 0.001550994142699077 -0.01661544432408368 4.958273733453859e-05 -0.0004660139357253781
2700 0.2099100585465283 0.07899237475359078 -0.01436491307861013 -0.0007565315029651941 0.0001518813732283436 0.00135856065779437 0.2153376617242312 0.07673125257281412 0.001431405947618327 -0.01616844785143666 -0.0007651324814924533 0.0001558688902095675
2710 0.2099716307815637 0.07882084416656869 -0.01398501033307124 -0.001097186320574839 0.0002994290720098625 0.0005094576304870924 0.2154482410957214 0.07674037541478042 0.0007773600738546726 -0.01573915138827435 -0.001154474856199882 0.0003364548201849067
2720 0.2107162794421329 0.07950732185795313 -0.01386090471828494 -0.0009268287722065459 -3.169850937781192e-05 -0.0009094010689202986 0.2163239158721182 0.07793939591859853 -0.0006763898773993852 -0.01540699582640519 -0.0009692063112151547 9.357273060625006e-06
2730 0.2115425034195084 0.08076727881776787 -0.0140106439038765 -0.0006659857028613937 -0.0001255094079084235 -0.002184934292960852 0.2172927145984871 0.07976731517627705 -0.001498620887916402 -0.01532971769224541 -0.0008794057680846895 -2.247182448897645e-05
2740 0.2122525270155457 0.08118738549783658 -0.01411613039431701 -0.0008096723461088413 0.0002261763470154728 -0.0002299618112869023 0.2180060537262738 0.08009802888224936 0.0007060390895483248 -0.01543445068200933 -0.001261098824324212 0.0003739447498127997
2750 0.212316448286092 0.0814460209618781 -0.01384793258633481 -0.001138760429538024 0.000666588603573676 0.002465270653956668 0.2180578689247278 0.07998566066894702 0.003419412197312993 -0.01529418675446802 -0.001634985659845985 0.0008253063244581864
2760 0.2122061843850355 0.08200195326288677 -0.01366057684887196 -0.001388236304050809 0.0007897329278180861 0.00322622491550763 0.2180264540871856 0.08047020042629929 0.003606307411112035 -0.01517116817135579 -0.001597332220974048 0.0008651787011024418
2770 0.2115585449072343 0.08295875079425884 -0.01359778379340264 -0.001720505365611775 0.001154084374862803 0.005000386474953481 0.2174955740815202 0.08168869497885595 0.004310939922986947 -0.01506303329452158 -0.001483843420634247 0.001078172961054852
2780 0.2107797553899428 0.08316828201024086 -0.01369888327239252 -0.002232724723247445 0.001863333375369333 0.007446154404611794 0.2168023880810245 0.08223677050038895 0.00567282735734098 -0.01506383375414058 -0.001557911023793324 0.001640872918336757
2790 0.2109587121425174 0.08308953422327024 -0.01374578022851371 -0.002610221292899978 0.002351755316838974 0.006600253989806594 0.2170052842332405 0.08233480830340857 0.004369290252460727 -0.0150463085890307 -0.001731007297674636 0.0020657326491406
2800 0.2114294868615277 0.08242706238874167 -0.01347206435169398 -0.002340608081829409 0.001820797205633365 0.00295892866101705 0.2174640699645437 0.08173980303857074 0.0008935659870823777 -0.01477836730620122 -0.001547774200013996 0.001550615962568764
2810 0.2112857601891387 0.08088315185060756 -0.01344387123359658 -0.001750279421411488 0.001162419490546213 0.0004422906303721967 0.2172230284216288 0.07978378743226351 -0.0004695577118627907 -0.01489355041203292 -0.001376846759732267 0.001041502582465021
2820 0.2113120961151101 0.08038513865785377 -0.01351343860151108 -0.001053612435953465 0.0004560032492886285 -0.002729772626613499 0.2171019750250441 0.07855940171002727 -0.002712439823979872 -0.01513560037440352 -0.0009903461618656398 0.0004551260285872475
2830 0.2110270295743857 0.079556294614645 -0.01368657137583543 -0.0009169511650320411 0.0005039807668176143 -0.001747852834429956 0.2167487361716699 0.07742794037132805 -0.001097596886686982 -0.01535949957918244 -0.001109858177352217 0.0005954165597051874
2840 0.2104054774230058 0.07974460181636857 -0.0140299218289854 -0.001514209292459528 0.001248847194223622 0.00169999289842381 0.2161482592424818 0.07747331080803983 0.00208602613823545 -0.01578590331789792 -0.001664393351428126 0.001311793737171078
2850 0.2100218886350848 0.07996584203800441 -0.01392917715653193 -0.002132974609400817 0.001911865000782258 0.004536193718425781 0.2158401742265228 0.07780382768900106 0.003903053918272188 -0.01566754832080642 -0.001927419363284215 0.001836945184399582
2860 0.2103737817419429 0.07987336057315307 -0.01369460249003853 -0.003084310687392115 0.003231329118943221 0.009619184593323343 0.2162093864301792 0.07816126278490745 0.008144466413725709 -0.01525468045821877 -0.002550125035060872 0.003035064906585136
2870 0.2106128998028183 0.08068296233035384 -0.01371304130516219 -0.003946083890687517 0.004583299091635664 0.01440220151191546 0.2163156428464135 0.07916956827559772 0.01243982676322933 -0.01517973387438438 -0.003205468676549376 0.004310142538413978
2880 0.2105409022079582 0.08112553448858777 -0.01387172761740192 -0.003943929308115363 0.004696549333863097 0.01510387192980026 0.2160277217253145 0.07923156133000775 0.01289043320236929 -0.01542761371292977 -0.00312008946322576 0.004380470671155077
2890 0.2109242834025025 0.08196144841082235 -0.01367037487162001 -0.003273599049823542 0.003931102188044403 0.0129490855793052 0.2163071384754746 0.07965862359711588 0.01090879494905715 -0.01534326377288509 -0.002482388366154308 0.003630758278016534
2900 0.2114489853700188 0.08196992983168072 -0.0131775331482741 -0.002066836199407238 0.002550586687844959 0.007544523635968929 0.2168264247634158 0.07962196100364048 0.005767532165739036 -0.01486080180588802 -0.001342177751203992 0.002287694120168867
2910 0.2122063270461835 0.08098974942857329 -0.01305673249355451 -0.0004415314353920278 0.0003781587740522034 -0.002158931841707838 0.2176922398289972 0.07891318424078921 -0.003409295421027882 -0.01466659769378386 6.04913658433655e-05 0.0002015460283577376
2920 0.2115480370443806 0.07996741738104589 -0.01364680547158378 -0.000122987976929237 -0.0004157739693708751 -0.005870160418448949 0.2170991867338627 0.07810760652775109 -0.004386163926351201 -0.01522243030082207 -0.0005435409002789638 -0.0002114958683579867
2930 0.2121167762071053 0.07998140533738098 -0.01370053543616899 0.0003933814622998764 -0.001243149914279888 -0.008178142156996313 0.2177235067292386 0.07818089668628173 -0.005861926778498941 -0.01519974889849021 -0.0003086983903246227 -0.0009222748274922875
2940 0.2129351470950872 0.08074058323327948 -0.01365504329720093 0.0002609799787586524 -0.001352708820813386 -0.009340700995752758 0.2185398462223052 0.07904210593922945 -0.007835895953358003 -0.01507760458832754 -0.0001862897691396956 -0.001139755804189917
2950 0.2132859829161549 0.08160316401275708 -0.0138968448439292 -0.0002016301208704322 -0.001273421342544988 -0.009238512953258907 0.2188550588685785 0.07979863154864378 -0.008721916010688356 -0.01539137840938154 -0.0003230597048403296 -0.001198684039202039
2960 0.2133017181495137 0.08097945251435945 -0.01402922856038213 -0.0002675416899278234 -0.001591171939634679 -0.01128554739178362 0.2188757494497418 0.07893640431733369 -0.01108410850002576 -0.01563792637591437 -0.000239074889078736 -0.001570232935539458
2970 0.2117315473291773 0.07955188765497628 -0.01422596619259792 0.0005505303064452049 -0.002780249111315003 -0.01505686066282134 0.2173381033532914 0.07710515627068439 -0.01498403419905598 -0.01599432803461787 0.0005442753860317253 -0.002776776613911413
2980 0.2112287605431641 0.07904384434834361 -0.01415957098277019 0.001311356852581433 -0.00386518750800034 -0.01653163691530711 0.2169722378371204 0.07657080502261701 -0.01639017773038484 -0.01600983453631061 0.001135165872259989 -0.003852673551345199
2990 0.2134521809308232 0.08007939992130118 -0.01356692821295102 0.0009577961743198007 -0.003251949397889997 -0.01390255186889794 0.2192993811948432 0.07785045424011498 -0.01364812052068536 -0.0153561125754723 0.0006615076513117159 -0.003227007156209686
3000 0.2162772103763946 0.07998677148217055 -0.01315471329571698 -0.0003947148226650245 -0.001310755648320928 -0.007999052755047134 0.2221702659082139 0.07816559263839466 -0.008540131346584719 -0.01478351331011689 -0.000349514626700032 -0.001391564030018718
