"report"
"Iteration" "cd etc.."
("Iteration" "cd" "cl" "cmx" "cmy" "cmz" "cx" "cd-scale" "cl-scale" "cs-scale" "cd-scale-avg" "cl-scale-avg" "cs-scale-avg")
10 0.1083696113748383 0.03960476393226944 -0.01425710860236683 -0.00119835676823669 0.0001690401267970131 0.006358050979951502 0.110701793709053 0.04036855448418024 0.009560290738386863 0.3139545842152565 0.06256331832035397 -0.007258586794535822
20 0.1374828025991494 0.0348773088233852 -0.01328426719018465 5.383852470148331e-05 -0.0002292064299039621 0.007303517725023736 0.1394809266740434 0.03359770867761167 0.008039146481677906 0.2214403487266402 0.04962147156562191 0.0004926123840243446
30 0.1496710654730034 0.03552728397553546 -0.01241588119247644 -0.0009629751197649497 0.0004377785927985831 0.00595383458648409 0.1520830553781391 0.03301045330715871 0.003840174113247538 0.1967554230737748 0.04386818821867305 0.002391215227326567
40 0.1503025759558345 0.0410327836184601 -0.01196442732437548 -0.00182425528878827 0.0008426620168112443 0.003325915720973874 0.1527447648997704 0.03878488639168991 0.001084490484480256 0.1857590083063601 0.04190659125795933 0.002144964135615595
50 0.151897337882542 0.04768268632071422 -0.01228803966245067 -0.001633819937442095 0.000424078592346591 0.001952973364597425 0.154187939920637 0.04511885719492599 0.002251190239656709 0.1792760694457482 0.04201692192120686 0.002147811689903323
60 0.1547624490389157 0.05179012014870958 -0.01215974895160986 -0.0008516754303835979 -0.0002953123505587612 -0.002783739925159697 0.1574443728823367 0.04855653758784149 -0.0001528145739130348 0.1753902303782554 0.04288931565164169 0.001928099343146505
70 0.1561241540033106 0.05124456191678135 -0.01212956312725366 -0.001035221842261357 -0.0001174560290252941 -0.002192708969290432 0.1589388622494695 0.04787764809785926 0.0006089461369133636 0.1729740406241686 0.04369084406695229 0.001667482321103172
80 0.156486216992247 0.04963940871037602 -0.01165111220238288 -0.0009403270268992465 -3.53608133540277e-05 -0.0002328697480079799 0.1593221731795502 0.04636511305561102 0.001786013471785489 0.1712434358023011 0.04409683149028298 0.001619524247619165
90 0.1569034283205013 0.04980377574019382 -0.01088687059432871 -0.0007021115722122461 -0.000146950861310804 -5.830167005069544e-05 0.1596328052676583 0.0466304041370816 0.001281048889555501 0.1699426134488412 0.04434936930957554 0.001633003052162775
100 0.1573142695894155 0.05011320850966303 -0.01044193005700049 -0.0003826621333728423 -0.0002043689674158494 -0.002220374326624003 0.1599430975100212 0.04702597297189322 -0.001019979592803872 0.168924866194481 0.0446101739097986 0.001475559935862928
110 0.157838649009653 0.04912582936221457 -0.01016493148307608 -0.0002307254269550346 -0.000144630960170426 -0.004317453947703972 0.160556001295673 0.04588572385096942 -0.002977423293275093 0.1535551226756564 0.04300322315644346 0.001982034615106045
120 0.1586232921316358 0.04779012454973271 -0.009889738095610889 -6.629639904752506e-05 -0.0002817584952348143 -0.004339539772102921 0.1614319879390298 0.04432071738485398 -0.002986103942624347 0.1567671860460073 0.04383841157031861 0.0008398994575461705
130 0.1590789077721481 0.04614817986878515 -0.009583613256947484 8.899153438030008e-05 -0.0004616950870965375 -0.002189837845535955 0.16191938384717 0.04260001592316871 -0.001266904910823691 0.1582026770812111 0.04494140675884295 7.494629772342885e-06
140 0.1591686466375124 0.04489780020514631 -0.009280703169799552 0.0004000124247957554 -0.0006139969835338231 0.000368375122627058 0.1620183384653937 0.04125339904838248 0.001040444578300449 0.1591219204151521 0.04551356014282835 -0.0001320075471221894
150 0.1599229405468844 0.04531213637325254 -0.009234011460583565 0.0007022641837988895 -0.0007780602602164274 0.001989334998749254 0.1628446438252732 0.04153711021358576 0.002605887579627477 0.1600269420768042 0.04539994803672027 -0.0001490834461287316
160 0.1607530837514905 0.0460083140095039 -0.009358269292573836 0.001060239261563815 -0.001012461873809258 0.002720017078500983 0.1638057436147628 0.04208493566726865 0.003376735317764275 0.1607744999265961 0.04486093790780522 7.676948915603223e-05
170 0.1607636779413779 0.04626177895759125 -0.009595732640203108 0.001383720808317652 -0.001222482177229769 0.003446579496207261 0.1639801542694945 0.04224731748984244 0.004171295200535358 0.1613203041209322 0.0442318723842314 0.0004402771092546129
180 0.1604577179299289 0.04687003196876709 -0.009879431190804415 0.001395754837740261 -0.001130643104149212 0.00419615175100631 0.1637574383583811 0.04282773775259958 0.004755945446229903 0.1617973412614286 0.04378470870613287 0.0007693944559234904
190 0.1602174024392595 0.04812882943910063 -0.01005704616910164 0.001114542989813195 -0.0008017917854612599 0.005201595922719821 0.1634925097316089 0.04396708018534171 0.005571068689446819 0.1622015784883527 0.04349545797379388 0.001109410374417685
200 0.1598738030735925 0.04889523737053632 -0.01013703770617818 0.0008362226474824312 -0.0005967279523068693 0.005393048495154077 0.1630759418931431 0.04460674752733549 0.005464847896676376 0.1625544388144494 0.04323806891308534 0.001672326446818033
210 0.1595791719265128 0.04892310927128447 -0.01017801546172429 0.0009523366496232568 -0.0007575358032471225 0.004911080875549788 0.1626880034299651 0.04451329190739458 0.004776108757718221 0.1628149312432405 0.04304510840227049 0.002394327878575437
220 0.1595020297535194 0.04954080002930138 -0.01016654525202725 0.001001340850587618 -0.0008635121825336805 0.004414467759021743 0.1625644928053685 0.0451141409837079 0.00448457061256416 0.1629692334576177 0.04301969744732946 0.003171754598868105
230 0.1591106612882593 0.04963861229099777 -0.009953877148402157 0.0008451464186056435 -0.0006879214549139608 0.003831976055601769 0.1621264113992929 0.04530359531610011 0.004251873529065753 0.1630352003443038 0.0432139562848328 0.003827039607049024
240 0.1584959134933347 0.04899282245405939 -0.009552624518369525 0.000460067326633986 -0.0004320499476743973 0.002679768245134049 0.1615202242308873 0.04454462796165525 0.003429149786276055 0.163013268877339 0.04353108302495416 0.004201123060212128
250 0.158290252462288 0.04851530084795323 -0.009280220253115 0.0002482615126870081 -0.0004462589701833858 0.001820443331979517 0.1613682459783185 0.04413146892456798 0.002986379709543201 0.1629157235813993 0.04382082019221348 0.004325029090844316
260 0.1582001183415271 0.04818304822986218 -0.009194920457504757 0.0003492600842313559 -0.0006428014405564165 0.001222407048320828 0.1613172247305518 0.04412660105982419 0.002979616956156049 0.1627073302622423 0.04405092471813742 0.004301394367217506
270 0.1580699294980857 0.04773873486743441 -0.009186223395022779 0.0005560419410051784 -0.0007006552834382929 0.001392777591973195 0.1611800173799408 0.04396194617922183 0.003427182537070882 0.162435636343775 0.04423439747386734 0.004255805874453967
280 0.1585225483088982 0.04710104720240983 -0.009177356898611879 0.0005735650058442652 -0.0005900787313060709 0.001723667207948698 0.1615550628914433 0.04338419928687207 0.003374350748890513 0.1621792072647878 0.04435251987368726 0.004143265349076331
290 0.1592793713237152 0.04670740993405852 -0.009178017089033092 0.0004464101386656827 -0.0004750736996685823 0.00158055564200246 0.1622791930360943 0.04303876999135101 0.002623839911583715 0.1620163179188764 0.04432569490965881 0.003926363274841556
300 0.1596227737934111 0.04612440743248859 -0.009079534934545289 0.0003795842010432939 -0.000266029240971045 0.001638649472645307 0.1626286352188556 0.04238763088032829 0.002026138486721042 0.1619394878886257 0.0441545764541399 0.00358846373590792
310 0.1596631568153533 0.04585975254242462 -0.008933672795155528 0.0001872301435274593 -3.108710833918571e-05 0.001691058739239315 0.1627523808707032 0.04173343566387636 0.00168696855898338 0.1619216635469626 0.0439038176446282 0.003263382589794152
320 0.1593744621223822 0.04562592507927229 -0.008765813599103733 -0.0001342135475667468 0.0001722423624647316 0.001449337252085393 0.1626076119365679 0.04101188473202912 0.001307738705336678 0.1619355726213448 0.04355877951511267 0.002956701673948724
330 0.1590379520494499 0.04519602876790574 -0.008490311173450534 -0.0003333165082417575 0.0002838391120904751 0.001089069092558434 0.1623330626453178 0.0402967765158788 0.001022414291147086 0.1619375846091967 0.04308417048841066 0.002624673907845401
340 0.159372004891638 0.04535708618299579 -0.008402495951267165 -0.0002940592245458833 0.0002189362216719365 0.0008640726208929436 0.1626829878126422 0.04043610937772672 0.0009344999966042521 0.1620093937374018 0.04262377458797266 0.002345409283760465
350 0.160181175926451 0.04532438527032532 -0.008424671278481236 -0.0001630769003081462 5.807641669831111e-05 0.0007563783125955296 0.1634916121734882 0.04039563175357154 0.0009484757829055728 0.1621809662087025 0.04224736220748548 0.002123509278331814
360 0.1606426972061121 0.04520859576219884 -0.00832938488607793 -6.42144314287649e-05 -0.0001324176282033531 -0.0002725149808028093 0.164006758236953 0.04025385190874543 0.0001333345011774225 0.1624281114268994 0.04186482678495788 0.001882918560438149
370 0.1606901373077208 0.04467252360353829 -0.007994127819074602 -4.642935869202512e-06 -0.0002081967305015574 -0.0002997609585553182 0.164160592053813 0.03973490468066503 0.0002496988691706002 0.16271671528148 0.04145748591002186 0.00157575987981724
380 0.1602288763725248 0.0445991536368261 -0.007795393377558729 -0.0001711942513710065 -0.0001855726209962258 -0.001235269975444501 0.1637729618875235 0.03970385272819055 -0.0002889949034868087 0.1629821344907004 0.0410583901066123 0.001231779166056942
390 0.1601153020864748 0.04499060763628814 -0.007844085679724394 -0.0002708347062180737 -0.0001879050394122949 -0.002482002290878672 0.1635570382592068 0.04017848040774726 -0.001100726171359941 0.1631469170653151 0.04073166501104287 0.000858612740630558
400 0.1607934254813792 0.04537389105029682 -0.008102460709413201 -0.0003230230226211365 -1.904093652902068e-05 -0.002579192482167775 0.1640597932039048 0.04078184446800845 -0.001119749941546129 0.1632757208322249 0.04051696850928385 0.0005110417940686795
410 0.1609725570279743 0.04557614481653724 -0.008290954854684819 -0.000439914284736401 0.0001116871015140314 -0.002707254355273827 0.164111937825898 0.04127899508346087 -0.001146826022953292 0.1634205431047719 0.04041619235385172 0.0002236199488315656
420 0.1612858244147176 0.04598376144926705 -0.00840654122339006 -0.000364584066211801 2.959826015443096e-05 -0.003345942999397651 0.1643989013956908 0.04171619718462765 -0.001467748007653502 0.1635707550218877 0.04043806495206061 -6.171399606665611e-05
430 0.1616638595225595 0.04638505304944754 -0.008417467435497353 -0.0003028557095611365 -1.008337596791387e-06 -0.003302348921451608 0.1648174253272609 0.04167525154291676 -0.001372133198028087 0.1637934990449688 0.04055362703182158 -0.000315673695522782
440 0.1614954308496724 0.04644984333442004 -0.008323730765965787 -0.0004353008999636016 8.636037935976621e-05 -0.003199170946584423 0.1647478975490752 0.04139024013955073 -0.001342754060233034 0.164028933570785 0.04067126617171996 -0.0005444137890280066
450 0.161187002347712 0.04638234762689075 -0.008204671841820383 -0.0004132432261240755 5.68602274782756e-05 -0.003230735051403819 0.1645923387074203 0.04151618410304674 -0.001559738312737937 0.1641814197086525 0.04077085443488913 -0.000791230842402553
460 0.1609521951288909 0.04583863597144842 -0.008056456292019209 -0.0004272997064038551 -3.66635293259885e-05 -0.003195733109990488 0.1644396416347399 0.04136028433181742 -0.001675204346428615 0.164248867825875 0.04088429691605563 -0.0009999054908257747
470 0.16062494358525 0.04521683734964847 -0.007871817593732752 -0.0006224050143769344 2.654769112125568e-05 -0.002655218958798893 0.1641278809301491 0.04089701207886937 -0.001471562643039597 0.1642694147206573 0.04099873923978978 -0.00117948584439042
480 0.1601282555244224 0.04491679946921232 -0.007786963352959801 -0.000755299678256955 5.599245220328853e-05 -0.002049679554632354 0.1635927691247839 0.04053150939784356 -0.001405757541821808 0.1642513150847115 0.04109991918515837 -0.001320760911646811
490 0.1598815164323187 0.04463077092698151 -0.007821326455586497 -0.00069125361694895 -3.306258711800745e-05 -0.002393180575668644 0.1632867262550471 0.04014224008084566 -0.002100298155108659 0.1642322850092384 0.04113923472213567 -0.001413707935536235
500 0.1601122268103299 0.04470001909833148 -0.007970096447243875 -0.0006297130383468305 -0.0001117353554830842 -0.003068427455122886 0.1634659393326318 0.04012339355612018 -0.002986250041334695 0.1641847042759527 0.04109265956321193 -0.001564832808712021
510 0.1606367553889361 0.04525721995788298 -0.008123771279870167 -0.0006474891986482137 -5.527928460069402e-05 -0.003080355517855611 0.1639448800382916 0.04066572234800103 -0.002899111662102407 0.1641439825835386 0.04102766249124854 -0.001752701697447723
520 0.1610818398380379 0.04566376263093571 -0.008189701304672682 -0.0005918224578198718 -0.0001092349472821033 -0.003048004233090906 0.1643247984183254 0.04113400092022955 -0.002560316934191999 0.1641382664513067 0.0409694785951978 -0.001893769449903977
530 0.1612921757296707 0.04581855484977947 -0.008218236507515242 -0.0004873007023035794 -0.000237936141459999 -0.002828648127288043 0.1644959548313293 0.04120075565492728 -0.001995143222709855 0.1641162898711454 0.04091284619133956 -0.001976094973408826
540 0.1614094782212873 0.04633929934562838 -0.008125791316519802 -0.0005089731958588828 -0.0003083483818556459 -0.002252828561155001 0.1646221325108485 0.04163682537517551 -0.001232230565903136 0.1640912152423888 0.04090195461634073 -0.002000789450723384
550 0.1616098832522549 0.04723769929186324 -0.007977703491894543 -0.0005642921577603834 -0.0003320484742509895 -0.001823513155425864 0.1647518624969471 0.04265412176605551 -0.0008769377303836797 0.1640959588539762 0.04097531209559777 -0.001953575129036404
560 0.1614323281376032 0.04761994114266339 -0.007986895394629066 -0.0003820066126608391 -0.0003985783239521084 -0.002057661483482226 0.1644713074039737 0.04329129966447687 -0.001150829026109078 0.1641093399111279 0.04113489529574282 -0.001885146907824146
570 0.1612023910732351 0.0474289139918808 -0.008071587802217922 -0.000111320016409878 -0.0005575913189187621 -0.00316736281991091 0.1642110800565293 0.04335247958073444 -0.0022140654400694 0.1641085378401884 0.04135908384391955 -0.001897040447720767
580 0.1612957780064726 0.04708166065948689 -0.008142204519742697 0.0001173878583660292 -0.0006621783077772628 -0.004113316158263913 0.1642723023503351 0.04313366309740201 -0.003177926301304342 0.164150149939876 0.04161619578475515 -0.002034794886908783
590 0.1615838947105968 0.04668300494029032 -0.008129751217068784 0.0004471792489882513 -0.0007665540592301359 -0.004675270995452258 0.1645079135116715 0.04285931020397676 -0.003567303591010009 0.1642477887218285 0.041880555323307 -0.002209372767459876
600 0.1617197915921416 0.04625467076043486 -0.00803263193599074 0.0007302784665673939 -0.0008059447183085688 -0.005468333123631421 0.1646040787002681 0.04259911194661023 -0.003720989778593474 0.164375537558915 0.04214718647476849 -0.002308185805608004
610 0.1612940032159844 0.04582246845431148 -0.007878275074656629 0.0009187030999937261 -0.0007871316981486549 -0.005749501465372189 0.1641719956510752 0.0422090871140921 -0.003234281693250694 0.1644404737750287 0.0423461568400544 -0.002363561694924349
620 0.1608535107212667 0.04560395326032062 -0.007729890349523177 0.0007688682409233249 -0.0006688129975539441 -0.005192520748050473 0.1638191021556685 0.04179001272989075 -0.002198316737698956 0.1644219353073579 0.04244861469780255 -0.002357463857204741
630 0.1599883968238487 0.0451897284615109 -0.007617316814984013 0.0005903285635427466 -0.0005973645096686759 -0.004730000079640155 0.1630673864092471 0.04113251671423407 -0.001576253321058228 0.1643224022474592 0.04247619884685079 -0.00230931220515654
640 0.1596037972548724 0.04451748563181514 -0.007560692824642072 0.0006406524643021376 -0.0006221704113162487 -0.004890530959160778 0.1626921960143715 0.04042809388065449 -0.001919929649438419 0.164143860292208 0.04241003966392418 -0.002319732497071842
650 0.1597466639096826 0.04419775690983921 -0.007563283362422644 0.0008158773381308156 -0.0006227231402223808 -0.005371623576156499 0.1627297890503208 0.04019910532896021 -0.002929561499181123 0.1639479884035699 0.04221887836263506 -0.002468127133155907
660 0.1596539115481578 0.04423271034827108 -0.00762767688929508 0.0008181095111324553 -0.000602351485182109 -0.005116108484070513 0.1625005417720375 0.04035023959951141 -0.003440970746191642 0.1637426934491673 0.04193510044665649 -0.002700546783311945
670 0.1596315559800256 0.0447197216750644 -0.007816916630530789 0.0005266676546663295 -0.0004366481916730943 -0.004310525084363005 0.1623849157403081 0.04086846092315 -0.003126101531237488 0.1635586938742335 0.04166411863284056 -0.002862300830050843
680 0.1594070318794638 0.04495375608537537 -0.008022923860600772 0.0002891062197713936 -0.0003725490067765746 -0.003607525415207663 0.1621094352822804 0.04118485256337832 -0.002542953185023999 0.1633587810639373 0.04144457145369352 -0.002864664947975049
690 0.1592368157950688 0.04521514591852937 -0.008245199024385261 0.0002428137864471227 -0.0003361421206517197 -0.003277090519096101 0.1618797510284918 0.04161984610262415 -0.002065408167771495 0.1631186807077891 0.04128811025376074 -0.002749058958731153
700 0.1592543341480765 0.0455728258637069 -0.008424159742039498 0.0003760818186794991 -0.0003021013393290007 -0.003142230474522663 0.1618508939932961 0.04210591830784782 -0.001636364141083857 0.1628408809781369 0.0412052531134895 -0.002563558897575908
710 0.1595205672226973 0.0457080544263372 -0.008555895033017034 0.0003953725472435656 -0.0002769250569885984 -0.003299092290896752 0.1620984633374126 0.04219169075770263 -0.001543743243879384 0.1626000520252742 0.04118575574064672 -0.002366169918055407
720 0.1598741043940804 0.0458113242485151 -0.008654781168101146 0.0002941212511636498 -0.0002236054646748001 -0.003399351944232511 0.1624666360764245 0.04216725671436041 -0.001543029422521457 0.1624323865992062 0.04120340117119699 -0.002255682469564002
730 0.159801530686044 0.04578655622138567 -0.008726196414790692 0.0001520963009144849 -0.0001117713023840841 -0.003061848488034708 0.1624238871829886 0.04206491865034365 -0.001243660555351088 0.162337449149604 0.041271065827939 -0.002215392545789586
740 0.1595498866954558 0.04592660233053385 -0.008756103227795789 0.0001381264164012499 -7.342278050618357e-05 -0.002699060404337915 0.1622029397514323 0.04214855925528632 -0.00106592305663737 0.1622893728430996 0.04140584270564374 -0.002159182635968439
750 0.1591808351863572 0.04616401075739632 -0.008873067444757301 0.0001864737227143711 -7.967704098585108e-05 -0.002519426180396791 0.1618767572243918 0.04232727861605518 -0.001294289551735469 0.1622200614514774 0.04160821458479078 -0.002029029849693225
760 0.1585728000461337 0.04561909765788704 -0.008976399704870875 0.0002491037763524615 -5.313956171785076e-05 -0.002156439186780215 0.16128509996785 0.04172970169281167 -0.001340427601461413 0.1621167930479623 0.04178957923617282 -0.001839608663267005
770 0.1585333933579233 0.04528333520644857 -0.00908292362238463 0.0003620844050868168 3.859055427244296e-06 -0.001337258928242215 0.1612631796843059 0.04124795697853233 -0.0008307416173044356 0.1619892261414108 0.04186608661326626 -0.001609216653972806
780 0.1589237030610999 0.04536332166800876 -0.009114259468776189 0.0004501309119643961 3.964277182875449e-05 -0.001504402701945944 0.1617315730475539 0.04120595045002338 -0.001434132652631078 0.1619215918599538 0.04188141761926422 -0.001436983722249819
790 0.1588625233308432 0.04542152165587979 -0.009103414312577602 0.0005800761119084712 1.733487794639168e-05 -0.002061264682497707 0.1616701026206826 0.0414674266861792 -0.002497207112157129 0.1618958998958376 0.04187480779431672 -0.001409470660203203
800 0.1589943893700571 0.04516228917717335 -0.008947126683475049 0.0006472218607314898 -6.518717396008242e-06 -0.002602593286675478 0.1617512304482041 0.04151021090135815 -0.003500254752609901 0.1618797751473509 0.04183511210069666 -0.001537480076754517
810 0.1597421062585315 0.04538538011094603 -0.008736142692716236 0.0004719972030582048 8.679256562415368e-05 -0.002174071668237491 0.1624826075669474 0.04187757006966152 -0.003574995611960299 0.1618925900789079 0.04178313034144786 -0.001744555951786401
820 0.1606163109115484 0.04561281231200379 -0.008528259297767245 2.514265817023658e-05 0.0003560242499867939 -0.001268287498041083 0.163379679699194 0.04206047039470987 -0.002953210273056874 0.1619637350164459 0.04177074641479329 -0.001914558952972625
830 0.1608981275045941 0.04522944635438274 -0.008354788842863361 -0.000146246618235742 0.0004336694702221036 -0.0005138984551579443 0.1636530368379933 0.04158644596538281 -0.002031815269057441 0.1620710320565465 0.04174100754223826 -0.002022180641391787
840 0.1611223438837265 0.04470750914998833 -0.008182840748380965 1.62685487767261e-05 0.0003300418156022987 -0.000102198151698689 0.1638671398166549 0.04100834861429851 -0.001199489181181388 0.1622195704313057 0.04166018733879497 -0.002064582854751732
850 0.1609808798477139 0.04429745792565321 -0.008030544498074173 9.947329624693302e-05 0.0002791185769334297 -0.0002817634492798579 0.1637243496077785 0.04059133374508628 -0.001086902903931026 0.1623953256169083 0.04150812657949022 -0.002055086498348939
860 0.1609208527734413 0.0438483009610383 -0.007951607172221861 2.067242520849946e-06 0.0004074892299368581 -0.0004633787398324518 0.1636822054694601 0.04017246609813768 -0.001278162680917269 0.1626075876690218 0.04133895716084891 -0.002036867977645949
870 0.1611732896318143 0.04356904652569329 -0.007914967220769205 -0.0001911407383409238 0.0006010670573267933 -0.0003675114481852011 0.1639401961502142 0.03993375070424918 -0.001269213374202329 0.1628704817642614 0.0411999026549058 -0.002063318840626072
880 0.1611758674288428 0.04335252535542983 -0.007882141612860067 -0.0003665429327070877 0.0006880116728789782 -0.0003938436591957146 0.1639252367190201 0.03978167072690346 -0.001278405809367808 0.1631133243419868 0.04106624698912191 -0.002082473616269451
890 0.1608668092777383 0.04307159446790974 -0.007857346529312755 -0.0004477682375498887 0.0006544378238760593 -0.0001470872749576565 0.1635932204406901 0.03947145773089879 -0.001034161092495893 0.1633149391256125 0.04089268743660226 -0.001999719100843504
900 0.1606081469004216 0.04298524210781457 -0.007904850428491025 -0.0004785779336395024 0.0005687768699538365 0.000226030949131843 0.1633210006028009 0.0393045078655947 -0.0008239241678989306 0.1634919997856815 0.04067947626007239 -0.00177821828768806
910 0.1602949783271174 0.04300011560464024 -0.007932651212955506 -0.000441474664075435 0.0005082039206300183 1.669189600333952e-06 0.1629960783576135 0.03933138224758272 -0.001251840494598659 0.1635960390716024 0.04044094083208088 -0.001514443276603838
920 0.1602034468570026 0.04337405825680687 -0.007969546852269098 -0.0004025899446347261 0.0003698031398061327 -0.001116917848245439 0.1628636189841839 0.03975639342858881 -0.002377403486020845 0.1635855865887612 0.04019198118148157 -0.001373081873536822
930 0.1598305260314248 0.0435700389155693 -0.008170858735417169 -0.0003185530030458221 0.0002497441211962697 -0.001864886718222288 0.1624066351054796 0.03986935639962513 -0.002986830490981979 0.1634965825686705 0.03999561099466014 -0.001408301158173036
940 0.1591300046714446 0.04328681192302437 -0.008522870795962515 -8.891888872070935e-05 0.0002826362069578162 -0.001385417294635538 0.1616217062635596 0.03941896939794401 -0.002240104482972826 0.1633128177812266 0.03983372436134118 -0.001521179684392266
950 0.1590903597621227 0.04338932807676326 -0.008804972502594731 8.710495598047965e-07 0.0005075660038770228 -0.0005116573347758839 0.1615485966474812 0.03943029352153388 -0.001207593243236502 0.1630847555693563 0.03969240183879945 -0.001576065588806971
960 0.1591229348411851 0.04374681330855978 -0.009050632633099506 -9.571267641584573e-05 0.0006281040343000105 -0.0006149653462352404 0.1615626882467715 0.03976063319538914 -0.001387401512342787 0.1628741151588529 0.03961903724796649 -0.001572595844364551
970 0.1592632610048028 0.04387350852691374 -0.009194763052635987 -0.0001702716376149526 0.0005921406479361789 -0.001256965895778757 0.1617300769442556 0.03986965443763219 -0.002420094836965272 0.1626551679321162 0.03960190544156321 -0.001642273027433334
980 0.1595428296899693 0.04392016698599862 -0.009305809457209761 -0.000191596346411645 0.0005203523648988282 -0.001031872972188011 0.1620736703098944 0.03980239902414179 -0.002539438410794865 0.1624505676751287 0.0395991919314159 -0.001772044699340311
990 0.1593584086502948 0.04400714852826941 -0.009369725871364566 -0.0001782459801563582 0.0003935339204953174 -0.001088416281942779 0.16200177575374 0.03971695893905244 -0.002507229652066271 0.1622835971819929 0.03961350517329989 -0.001901090968419116
1000 0.1590254031572166 0.04414609648695389 -0.009320246304777565 -0.0001014298035052435 0.0001621269999630662 -0.002186595534167294 0.1617997808336291 0.03970190482737728 -0.003178860532610115 0.1621274967903504 0.03964545283969916 -0.002098820792183885
1010 0.1586919488123925 0.04425065397790238 -0.00926917661637534 0.0001519629397071032 3.312256982560777e-05 -0.002711871117357569 0.1615335417740664 0.0398621780403533 -0.003144817705330389 0.1619799731166488 0.03969539199681822 -0.002321550493857469
1020 0.1588106696396265 0.04431372419792529 -0.009203756441718473 0.0001457166367707075 4.183025969341258e-05 -0.002606693153442471 0.1616811993101036 0.04003419236774346 -0.002823903130823139 0.1618424679722984 0.03973522848824664 -0.002438090885458015
1030 0.1590023340038672 0.04425823264764882 -0.009001588813319989 -8.445091330679242e-05 0.0001668552382703782 -0.0007569418361686742 0.1619253252284432 0.04008818523422166 -0.001094421285541917 0.1617637577839692 0.03975692989449203 -0.002354819357413115
1040 0.1589037170762257 0.04403244805242829 -0.008750942948501855 -0.0002860412161066216 0.0002522231666270738 0.0008985733300307139 0.1618489193689617 0.04002996860083039 0.0001384716465096358 0.1617540424873657 0.03979811205315714 -0.002115102989847001
1050 0.1591916570478624 0.04388979425372 -0.008574505121969393 -0.0001641256596961317 0.0001181998052516785 0.001452544499523789 0.1620753492811282 0.03983942950088484 0.0004764133799421087 0.1617991742000413 0.03985868159437676 -0.001919842688979388
1060 0.1592254342493473 0.04348435237002073 -0.008418857006661409 1.396589637904612e-05 -3.490587774896724e-05 0.001018867350412685 0.1621249230600942 0.03925213137155296 0.0004144700328712979 0.1618525678175667 0.03984726326428564 -0.001752051463146351
1070 0.1595792377114531 0.04339923907490314 -0.00833166417140278 0.000137770641674214 -0.0001951861385106322 -0.0002762912049011207 0.1625308798669801 0.03914573103435007 -0.0001399807021109744 0.161921579858075 0.03977845325545318 -0.001542239949661001
1080 0.1600114172602886 0.04326197364217436 -0.008247554988287583 0.000255327339557487 -0.0002759008594442593 -0.001488822560526241 0.1629441020971298 0.03920399026995271 -0.0007685799556902996 0.1620079093371732 0.03971157504598828 -0.001334881600693459
1090 0.160030868928084 0.04330121868138945 -0.008169367690208502 0.0002077036849541438 -0.00022358618226689 -0.001568055939826677 0.1628956721417063 0.03940444240462764 -0.0007053374907992136 0.1620948881640818 0.03966785153533518 -0.00116933259880962
1100 0.1600318362287855 0.04314111405596817 -0.008122482633023901 -9.867361718119516e-05 -9.820992439766372e-06 -0.000822271898578481 0.1628840741173792 0.03921684744553684 -2.096300231920141e-05 0.1621929184724193 0.03963353345224191 -0.0009185023206897059
1110 0.1601794473095324 0.04274937635992191 -0.008078526212143991 -0.0003029066181708724 0.0001259580179389356 -0.0002301384742500788 0.1630417213162536 0.03868576867751482 0.0005237773575016577 0.1623244019596983 0.03954853036399134 -0.0005654974893902197
1120 0.1601941607056862 0.04236014807104099 -0.007975887657642426 -0.0002740469400154157 6.304211763662287e-05 -0.0001517356361084011 0.1630825667943777 0.03819399816796601 0.0005689616778749832 0.1624772144259268 0.03939368923705489 -0.0002052523792616517
1130 0.1601936238089474 0.04207238822492803 -0.00786618875050844 -0.0002248003379652827 -1.305644173519557e-05 -0.0001219397547134197 0.1631130775529073 0.03783327972126552 0.0005248050616023145 0.1625992064524725 0.03918358631935931 4.594390627441283e-05
1140 0.1601704062901339 0.0420142137518701 -0.007848450847197447 -0.0002982853897384909 -1.271663146807916e-06 6.239990352669714e-05 0.1631422961811405 0.03769722813582474 0.0004302312455957087 0.1627271294793493 0.03895289612538591 0.0001214669530787705
1150 0.1601759813349063 0.04194674677357627 -0.007829018037421224 -0.0003961763059840738 5.98556026556454e-05 0.0003941964455028756 0.1632316906196925 0.0376148587526409 0.0004067496788204895 0.1628465662788185 0.03872086209434655 0.0001284098209895918
1160 0.1603972438052173 0.04218204498291833 -0.00791121760928999 -0.0003884973992073215 9.786165780953233e-05 0.0005958629594198651 0.1634799583988882 0.03789697014765135 0.0004309543644157444 0.162973274921335 0.03854352652210051 0.0001216899636753655
1170 0.1607802256376327 0.04249509752121002 -0.008102180770072893 -0.0001936044487258198 -7.111613230752925e-05 -0.0001565533106113298 0.1638359299023119 0.03831278055593441 -7.117304707286091e-05 0.1631071614762043 0.03843785433965643 0.0001276041599499953
1180 0.1612095486182232 0.04318182888007172 -0.008412766162661157 0.0002207971415439112 -0.0003983441192702618 -0.0008434963538215218 0.1642059205947713 0.03905026798752872 -0.0002728915041022515 0.1632341409710709 0.03839244247573088 0.0001552204496721236
1190 0.1613721958869445 0.0440121895136478 -0.008550899453437916 0.0004218054777601991 -0.0005921461629517314 -0.0007793851337452201 0.1642547775547052 0.03982075092446521 5.001406616491533e-05 0.1633648434848699 0.03840754462180526 0.0002249121806147582
1200 0.1614332937141458 0.04488952428057306 -0.008628040256737007 0.0003587462521089857 -0.0006741048470110058 -0.001015718680816639 0.164208712695538 0.0405318937724803 -0.0001153287067269215 0.1635017717935443 0.03849729055281377 0.0002618980804210752
1210 0.1613270963559484 0.04530385351386872 -0.008641404174673847 0.0003637879102208123 -0.0007127837567222568 -0.001448110909093327 0.1641113460852423 0.04072083272498377 -0.000478351803636888 0.1636198494518048 0.03867070575811305 0.0001974186971663472
1220 0.1612239434052771 0.04540849087550507 -0.008595537364053073 0.0003124069620823332 -0.0006377155740018836 -0.001482086993226497 0.1641177949132326 0.04066312306570414 -0.0005458565072304705 0.1637226134193588 0.0389010990544935 8.446648673997458e-05
1230 0.1610835128603824 0.04517998504799067 -0.008537539119884042 0.000144451443187276 -0.0004027763586766763 -0.001096198357505483 0.1640696999947422 0.04039528084488105 -0.0003712959944002373 0.1638251835638947 0.03915577880663059 -1.469824031934379e-05
1240 0.1606060267916017 0.04468980405242055 -0.008603425651245999 1.924024061250999e-06 -0.0002068437302179161 -0.0005249931823031088 0.1636010568116694 0.04000928628043451 1.280030562745173e-05 0.1638962900364171 0.03940031394188176 -7.848366522665528e-05
1250 0.1600127361273516 0.04388879622752372 -0.008767071180645906 4.993192794676389e-06 -0.0002562019741619753 -0.0008517406044828966 0.1629975133978117 0.0393605211281316 -0.0004293263529766688 0.1639036677878075 0.03960457361716647 -0.0001318059781113435
1260 0.1597551343696694 0.04317478570816763 -0.008856261918103379 0.0001923413071852439 -0.000478461855908144 -0.001278996624215622 0.1627360631561584 0.03868253649756891 -0.0009886551292936933 0.1638509331900203 0.03972709122664122 -0.0002577940236268368
1270 0.1597027249617091 0.04316512298349639 -0.008834755015896209 0.0004217852762310446 -0.000529432528701744 -0.001036239322365257 0.1626754810054024 0.03863814905254883 -0.000733858399209992 0.163752814946048 0.03977658414605855 -0.0003616374204313123
1280 0.1600117373334851 0.04355216943126462 -0.00879173789095479 0.0003553647413297397 -0.0004941449935871943 -0.001667044925873513 0.1629731519697361 0.03903409683340209 -0.001288147666383658 0.1636290415355201 0.03979037198146256 -0.0004347477390039427
1290 0.1604623679553139 0.04378126983761673 -0.008714483094645998 0.0002231778239276134 -0.0004177584676774652 -0.001533891029050831 0.1634097351765258 0.03927949911541994 -0.001216250131947615 0.1635231432052091 0.03976187980958641 -0.0005646904018259262
1300 0.1609620280790497 0.04397383701799982 -0.008624507252963003 0.0003133441339434225 -0.0004118918539806311 -0.00055755224587813 0.1639502973763903 0.03953532435218876 -0.0003037158643513865 0.1634727349369926 0.03967915884492618 -0.0006315300559890522
1310 0.1609407591094516 0.04391367772814037 -0.008500229034065497 0.00055656902207806 -0.0005644893675744409 -0.001095769828204273 0.1640256624496295 0.0395773563683599 -0.0009069602331555325 0.1634598762392735 0.0395720205846817 -0.0006505488887699685
1320 0.16082294323043 0.04365059611962498 -0.008365809097317014 0.0006972034227723658 -0.0006556094892789407 -0.001710720625239132 0.1640130365137471 0.0393643302981827 -0.001701573697757342 0.1634508495026579 0.03944608638537322 -0.000736667323599134
1330 0.1609035033926076 0.04337514355437859 -0.008300612102657676 0.0007235998495624462 -0.0005876762714275847 -0.001360159832594385 0.1641904695711163 0.03912886865501598 -0.001461853176497782 0.163449621462267 0.03932020115184711 -0.000853147638608286
1340 0.160676589126674 0.04302585871749848 -0.008281347804948462 0.0007583303447752762 -0.000593820481865181 -0.00158571420393441 0.1639657443765902 0.03882599894853039 -0.001973203225432223 0.1634745127674486 0.03919372921171237 -0.001000801903323637
1350 0.1609056681904208 0.04352014733472023 -0.008140929625737045 0.0007379821255015274 -0.0005521498174964457 -0.00178762907820074 0.1641702669157519 0.0393655839530699 -0.00235323500316755 0.1635507018910717 0.03912827242110927 -0.001217942610528652
1360 0.1613861419112438 0.04416593906369377 -0.007980866909261924 0.0005840310704444398 -0.0004332218025690733 -0.001087271877954341 0.1646063339597425 0.04005255201357813 -0.001883127187673987 0.1637114638404249 0.03921551888659444 -0.001342103446580755
1370 0.1614555353514577 0.04409519593599504 -0.007920074131250461 0.0006526822143253533 -0.0006096099536974205 -0.00126102197240265 0.1646418645745013 0.03988606012351015 -0.002018078723757403 0.1639086123199805 0.03935323467173243 -0.001450799716212734
1380 0.161354869217779 0.04412021194040961 -0.007901818776361829 0.0008198676793614157 -0.0008175981254455293 -0.001664313468627519 0.1645313492856894 0.03982123249651974 -0.001945494418979426 0.1640845316824157 0.03945217728083982 -0.001555967971592187
1390 0.1612261814283043 0.04387380391587578 -0.007935556251989079 0.001020033062211965 -0.000953952966607789 -0.001983508786039032 0.1644016743982689 0.03956906135265841 -0.001836760808777108 0.1642128210358412 0.03950515442602744 -0.001601152470339136
1400 0.160766053853132 0.04347610392687839 -0.007969800363367321 0.0009571639755840159 -0.000871845051885237 -0.001883035996441539 0.1639126532128495 0.03924689564682438 -0.001628901157356634 0.1642563165781766 0.0395003052491511 -0.00171334481084104
1410 0.1603247694967049 0.04342200688734962 -0.00793633247228921 0.0006983597245708002 -0.0006758117407749302 -0.0008772213691865113 0.1634358811422248 0.03938716773974076 -0.0008578745313034068 0.1642152379509613 0.03946980697936272 -0.0017846792429735
1420 0.1603765319970392 0.04350458334543204 -0.00785359852856219 0.0005664355644063744 -0.0005481034260364833 -0.0002180030391220359 0.1634384645803818 0.03964146812052698 -0.0005464575909761599 0.1641551071120669 0.03947774910326939 -0.00170051797272378
1430 0.1606672880366114 0.04365429711902827 -0.007813157411760016 0.000548361861298392 -0.0006011848457221502 -0.0009795870907692958 0.1636682039926435 0.03983400535684151 -0.001561513057702066 0.1640992490303034 0.03952640833748224 -0.001643488516525346
1440 0.1609540988263057 0.04372049823476589 -0.007844809378539416 0.000455273058483412 -0.0006449784329273403 -0.001698358220131911 0.1639094327208368 0.03986573742487357 -0.002231509077335654 0.1640708839238179 0.03962153476966264 -0.001682034194824414
1450 0.1612658274300441 0.04361060779813859 -0.007926310446406125 0.0004874828167097748 -0.0006841097822392942 -0.001725139020771316 0.1642315103467793 0.0395515427271777 -0.00182449873633749 0.1640772434215831 0.03968846321867063 -0.001660504349604288
1460 0.161572829196301 0.04375365105217951 -0.007983529596373514 0.0004772135303009533 -0.000698587066470789 -0.001370993491962199 0.1645953978964058 0.03940795192271181 -0.0009280142299304014 0.1640770041208695 0.03965039706482135 -0.00158680043536696
1470 0.161728716705279 0.04391119707822234 -0.008017532296726306 0.0004191911106771086 -0.0007329607552590881 -0.00110784910709148 0.164751240857123 0.03949026148584149 -0.0003677579127719375 0.1640814396550738 0.03959644199204432 -0.001450624640697428
1480 0.1616885943335835 0.04389745890936613 -0.008053801951212141 0.0003183695089893085 -0.0007115802495200256 -0.0007279443593937768 0.1646898479698333 0.03950750998833737 -2.872090973821429e-05 0.1640984278980105 0.03956597552902288 -0.001269215060075992
1490 0.1614411201061389 0.04367961353748676 -0.008078874911165202 0.0003164748385915381 -0.0006392277631180729 -1.97788642566902e-05 0.1644523547626305 0.03927887230347816 0.0004425835903717723 0.1641047461561685 0.03953228135987499 -0.001057362346382368
1500 0.1613059071966647 0.04352458441613802 -0.008087567372753303 0.0004804301870168657 -0.000642410335231296 -0.000283403706241372 0.1643660667050162 0.03912545857386878 5.329335973438818e-05 0.1641305101194952 0.03951491403431463 -0.0008482796254197151
1510 0.1608877479371779 0.04320433176843554 -0.008067261980361815 0.0004991754818329268 -0.0007271684999550651 -0.001291517877226841 0.1639888710827622 0.03884772489891661 -0.001043989055275556 0.1641867828465339 0.03948398841553873 -0.000780418803176391
1520 0.1603631207516399 0.04280071421766866 -0.008150724869231941 0.0004291112843988741 -0.0007098613228350577 -0.001453687596655432 0.1634366738624513 0.03848377035396894 -0.001253040680604775 0.1642150685597901 0.03939588340754862 -0.0008514280024074073
1530 0.1601328237164509 0.04274844211905876 -0.008235007616455689 0.0004621369259777745 -0.0005996317822958065 -0.001135003284489 0.1631565179634745 0.03840853723758307 -0.0009115167976971897 0.1641826973132018 0.03925953226132852 -0.0008475929932034565
1540 0.1604445310813371 0.04337916112504089 -0.008399729285504585 0.00067953553691093 -0.0006250873674507508 -0.001862006005480469 0.1634225715193653 0.03901846099522124 -0.00158746917329349 0.1641300395004032 0.03914085655267435 -0.0007661867574829207
1550 0.1607468019405144 0.04418595620682386 -0.008601593753784937 0.0007054074844095653 -0.0006502820369730095 -0.002858622878743479 0.1637120833610782 0.03978707740059785 -0.002613295805110625 0.1640812412598559 0.03911674081279686 -0.000774979127299101
1560 0.1607957132519801 0.04463726056843188 -0.008734516041885283 0.0006409593057704278 -0.00057798880916953 -0.002974261650196367 0.1637745992099233 0.0401204127046416 -0.002883492132941263 0.1640165263703328 0.0391728445057237 -0.0009241063017673863
1570 0.1602718621177424 0.04454067066626347 -0.008741774637987471 0.0006438571864801989 -0.0005470983154349945 -0.003299213681494745 0.1632481025534805 0.04003000825816422 -0.00328609036763359 0.1638979635883103 0.03923947341238103 -0.001169742087160779
1580 0.159979876078953 0.04400110576071362 -0.008659025494557491 0.0006412677414509441 -0.0005471361407823382 -0.004191050419381139 0.1629418562741208 0.03959065758132312 -0.004145475289805388 0.1637271202301849 0.03926477114561813 -0.001526735067885647
1590 0.1598736825512389 0.04377426222978364 -0.008589427982858458 0.0005186116418866941 -0.0005218089724431538 -0.005125000902187689 0.1627988185293262 0.03953752069880929 -0.005132156229281119 0.1635598720936262 0.03927908596092175 -0.002022116477488552
1600 0.1596181484276797 0.04366964442937948 -0.008463354472489842 0.0002027747724906434 -0.0003248033622715025 -0.004645933047201269 0.1625657306560263 0.03976825914413349 -0.005093264754018802 0.163385492976238 0.03932529554503752 -0.002578840396257815
1610 0.1597048430090323 0.04357426101276887 -0.008330912461313358 -9.290181230398125e-05 -0.0001386410607410874 -0.003046463586163092 0.1626967943729466 0.03996420115089955 -0.003986758664048206 0.1632249028774689 0.03941552054534478 -0.002974071755333909
1620 0.1601991571071224 0.04361612537310523 -0.008249970496800858 -0.0001916192548524453 -0.0001611511205618274 -0.001965608169689981 0.1631731831000219 0.04002989860460979 -0.003170717817787281 0.1631545778311245 0.03955176700350008 -0.003193090144404046
1630 0.1605266559496213 0.04389821156524212 -0.008163353649892284 -0.0001477941339697656 -0.0002565768286411328 -0.002139054660258683 0.1634862264747087 0.0402286283022763 -0.003334435755096907 0.1631637114807356 0.03972373794850845 -0.003412116925392987
1640 0.160943237301158 0.0443280128666332 -0.008143930140608838 -0.0001288417576023452 -0.000326695985912482 -0.002501506244725078 0.1639027543029848 0.0405767741190392 -0.003503275534814814 0.1632110351918759 0.03989717423846043 -0.003637439021871355
1650 0.1607012304679783 0.04453785207269619 -0.00814549807454237 -0.0001531827277208919 -0.0003246531375105317 -0.002665557784166165 0.163622580520049 0.04073482876379319 -0.003700643104308129 0.1632318564113552 0.04001948429177202 -0.003776929291747509
1660 0.1603097627749057 0.0446551124044471 -0.008079001231093775 -8.341657432900311e-05 -0.0004116533464660709 -0.003236862197569144 0.1632402305049415 0.04080610666136348 -0.004492305503891722 0.1631909487914053 0.04009488657119868 -0.003905418605819744
1670 0.1602670771414754 0.04499481279190311 -0.008051877271286688 -0.0001127085361425019 -0.000455082100113908 -0.003588068895681332 0.1632507487230806 0.04105892150379419 -0.00493079357951571 0.1631623244715334 0.04017751163254508 -0.004082304456286608
1680 0.1605662241912054 0.04544051702171759 -0.008076754947479895 -6.385966967791027e-05 -0.0004919119513149591 -0.00350977816474627 0.1636055808990193 0.04135123977891339 -0.004695076743893844 0.1631991147752829 0.04032173891387349 -0.004188435969321295
1690 0.160892579489246 0.04575727818094187 -0.008034607702944147 2.079915028386061e-05 -0.0005677136006987702 -0.003949299833694378 0.1639596030555793 0.04148674246733624 -0.00479048305180999 0.1632956043236567 0.04051319763771104 -0.004189009449031549
1700 0.1610144671217436 0.04602477908869853 -0.007965440591940858 4.421227577439048e-05 -0.0006662405129138192 -0.004226867903392325 0.1641483279851762 0.04151208994038494 -0.004623851831498276 0.1634335946827042 0.04069890346018494 -0.00414246796331056
1710 0.161132188517354 0.04602375882220765 -0.007890921514609728 0.0001462932393735583 -0.0007031609080106532 -0.004020120886260903 0.1643022742365681 0.04140033255443357 -0.003772583433963094 0.1636016617099292 0.04085609554186811 -0.004107722460042712
1720 0.1610757577378051 0.04566149720767576 -0.007796259834105482 0.0002029090705088815 -0.0006639268223617115 -0.0040204469771103 0.1642059340512003 0.04120471937607193 -0.003246084033251364 0.1637287880269768 0.04098409245646448 -0.00410652969580875
1730 0.1610297638112616 0.04539557700126298 -0.007775304978438496 0.0001151960040961855 -0.000511526303305466 -0.003740337166673645 0.1640862590928412 0.04125024876801645 -0.002672653365083408 0.1638111575170244 0.0410934306018271 -0.004081524317022927
1740 0.1609377668375274 0.04512201653215759 -0.007741713749421101 -8.905343004612415e-05 -0.0003258740122976378 -0.003323182732662802 0.1639057182664736 0.04125896867972533 -0.002022524516937047 0.1638347122871714 0.04117913470263995 -0.003966542677365104
1750 0.1608544230260031 0.04474584719356039 -0.007758336850042835 -0.0002995878873807381 -0.0001565014267084836 -0.002934461188515067 0.163747895030962 0.04111296464995093 -0.0014267132681561 0.1638374642368255 0.04122746609348364 -0.003779115008923074
1760 0.1606011814151604 0.04466433478366947 -0.007911500309030163 -0.0004987621392998726 5.720671660584675e-06 -0.002364490637520626 0.1634393873131374 0.04122206955846192 -0.00072126074930908 0.1638579926229464 0.04126678664040239 -0.003474202179368882
1770 0.1602824454527766 0.04465266526178166 -0.008145559293527376 -0.0006180525981705235 9.320436055620841e-05 -0.001873691558481214 0.1630877320436084 0.04133317275917234 -0.000188251752974416 0.1638601866040582 0.04130257354513235 -0.00303176367178495
1780 0.1600427816606105 0.04489546633610151 -0.00838926106756141 -0.0007702228399317199 0.0001867556866324552 -0.001693424228886011 0.1628545265928671 0.04159435129809742 -4.799187439096677e-05 0.1638137497215789 0.04132542794633456 -0.002559694184199443
1790 0.1601587590780428 0.04526175735117996 -0.008594663735346571 -0.000810811017693285 0.0002328257644679021 -0.001314465758984529 0.1629339358721389 0.04197616079118714 0.0003169477138585022 0.1637164180677737 0.04136180885738665 -0.002074118021634923
1800 0.1602606060219919 0.04559973533511488 -0.008792493806200043 -0.000798826292125192 0.0001906696654287941 -0.001427016868231119 0.1630416126062718 0.04219608557214756 4.848840025849142e-05 0.1636126572444082 0.04142505582435547 -0.001572073461064576
1810 0.1602059388752176 0.04565033136663926 -0.008893065620876248 -0.0007791094729406082 5.898029599438081e-05 -0.001999882613728598 0.1630292976610835 0.04192142001298563 -0.0007751280948850214 0.1634890747961733 0.04148641678361297 -0.001195806346358335
1820 0.1602658247345643 0.04546659191436499 -0.008948335263073899 -0.0006729340593797053 -7.739110879607102e-05 -0.002188510972340424 0.1631380950807877 0.0414265397272076 -0.0009531142484891049 0.1633732420860199 0.04152248110608411 -0.0009485955318155316
1830 0.1603334421290262 0.04534630049330859 -0.008950601595844409 -0.0003586268752708153 -0.0001913385031426488 -0.001476587800403701 0.1632250972188329 0.04124136654172388 -2.902595403641992e-05 0.1632757042310431 0.0415296494973492 -0.0007012410808872771
1840 0.1605248714843344 0.04550356078747012 -0.008880216357258715 -2.778426611527716e-05 -0.0002882631877572175 -0.0009728783917384887 0.1633932687982043 0.04148415565286017 0.0005462544890420414 0.1632095704275535 0.04153725388647107 -0.000434128051136892
1850 0.1607994675469858 0.04572380949045835 -0.008828915995912028 0.0001432802304578379 -0.0003958174509595767 -0.0008168960098837194 0.1635992036292337 0.0417571721157632 0.0006232496465908804 0.1631763000750991 0.04158507564213014 -0.0002084392504696056
1860 0.1610121755267739 0.04554926228095201 -0.008831598918362913 0.000239010980785074 -0.0004240527332432147 0.0007343169915889068 0.1637842441140084 0.04155413721025756 0.001987732332857481 0.1631897138257662 0.04163900608184243 2.256098566817503e-05
1870 0.160799118154258 0.04494895015141535 -0.008744081945501345 0.0002037731363983251 -0.0003989687344566465 0.002093772597778474 0.163658924981972 0.04103542001810778 0.003334415951360708 0.1632382518995312 0.04163693157700506 0.0003444239289513624
1880 0.1608381026742763 0.04452425976180724 -0.008655870784921135 9.239773666433824e-05 -0.0003564076871484237 0.002053830182752597 0.1637672125548067 0.0407877338386196 0.003383493699662039 0.1633131718895502 0.04157764433269 0.0007006607093818379
1890 0.1609810701394027 0.04420106370039745 -0.008631802573160641 2.796435762586625e-05 -0.0002763360132246658 0.001261992256855505 0.1638922049585603 0.04062531888641899 0.00275155860868682 0.1634120855284841 0.04146978017209236 0.0009904595944632087
1900 0.1608338292043735 0.04378487787662557 -0.008571449632622921 -0.000103245585830492 -0.0001741495423264398 0.0003326853389784384 0.163682433929576 0.04025270964750072 0.001939993598975134 0.1634907665690123 0.04129798387162914 0.001196985088814044
1910 0.1608406182646352 0.04349586946921928 -0.00843793163480416 -0.000235625685949222 -0.0001168250928862375 -1.039469594308589e-05 0.1636724218625963 0.03987110308397231 0.001677942924031607 0.1635502647125844 0.04109338713431836 0.00140818015859235
1920 0.1613395801708033 0.0435645359024663 -0.008318552128823646 -0.0002659761590757138 -8.363232588476373e-05 5.653535235238249e-05 0.164244308498865 0.03975110212997325 0.001801134188899035 0.1636377346680956 0.04090685256229442 0.001684309751241475
1930 0.161704019892382 0.04390382379454221 -0.008226949645336041 -0.0001199739325319388 -0.0001418689846480412 -0.0003234174882064271 0.1647094225134154 0.03997910706477541 0.001504721785534246 0.1637734430226711 0.04076303015863265 0.001897936026304734
1940 0.1616115573640962 0.04400669882950602 -0.008189275605409841 0.0001669811777979022 -0.0002481396049388383 -0.0007185812066500501 0.1646362052348057 0.04014883866101161 0.001044664490211794 0.1639134108074929 0.04063967920392678 0.001989441598120676
1950 0.1612427186011064 0.0436046781899883 -0.008098353167362276 0.0002357132722090983 -0.0003065487376488214 -0.001261511232898146 0.164223192816782 0.03992107321864535 0.0002069760475352236 0.1640046115523798 0.04047666909105403 0.001994414369969963
1960 0.1609774373202579 0.04363943020670372 -0.007991316067604113 0.0002497202553658401 -0.0003647762993820698 -0.002129894406902003 0.1639145206355331 0.04000938564102096 -0.0008968539993846079 0.1640360786687597 0.04030077439245252 0.001829581632324883
1970 0.1612090560283967 0.04423542713190538 -0.007856087134990343 0.0001090301029876199 -0.0002359435298827498 -0.002365234319951408 0.1640959576172609 0.04055660082181675 -0.001361336506816142 0.164059577139942 0.04020218651309659 0.001417757372267276
1980 0.1614858546496959 0.04443466269111637 -0.007861975998638136 -0.000274779755460244 0.0001047223044436243 -0.00108132402137988 0.164269496989099 0.04063990454799893 -0.0003724360099292284 0.1641145731466449 0.04018556239318299 0.0009864914206286161
1990 0.1612891552183169 0.04424166083088126 -0.008009268374115669 -0.0003757597923771742 0.0002040292798186672 -0.0006298541304428203 0.1640276259133055 0.04017394890504185 -0.0002443004784814607 0.164142692124503 0.0401491881200055 0.0006630353869253803
2000 0.1611741363302047 0.04433187533843335 -0.008036972679401027 -0.0001634124873490626 9.198916544573355e-06 -0.0006880142941420147 0.1639320764532772 0.04012477892971218 -0.0006408157940588304 0.1641599409805448 0.04012009310565753 0.0003830345052392077
2010 0.1607366186272503 0.04409835354020127 -0.008002299586824774 -4.840028829638256e-05 -0.0001945897296274449 -0.000416058142139318 0.163528049072336 0.04003050238752032 -0.0003053385770818378 0.1641727586637001 0.040124998885565 0.0001592046471459556
2020 0.1602262181240078 0.04381736733653956 -0.008073625683767911 0.0002038106199832701 -0.0004661445138114281 1.572688660666338e-05 0.1630269966032296 0.04003291754436947 0.0004314110516186099 0.1640988619764453 0.04014914525960764 -8.326989909791863e-06
2030 0.1601379392710516 0.04367822883882188 -0.008037379703319931 0.0003644424953091922 -0.0006170766549291721 0.0004318031756391505 0.1629600920652916 0.04011641154172826 0.001036142304852819 0.1639419637702357 0.04017263748997438 -9.715722951345538e-05
2040 0.1599487149795742 0.04332987920473196 -0.007937523061268385 0.0002604372443958615 -0.0005884658588279065 0.001007750427264827 0.162834392785361 0.03984176517732433 0.001490349104556719 0.1637621850657562 0.04016266683643976 -9.38933723336703e-05
2050 0.1595914179703692 0.04264766985734264 -0.007892919153292165 0.0001309314918556843 -0.000506893637662427 0.001470548643614592 0.1624974047254438 0.03905752650917782 0.001684829331342635 0.1635852852879322 0.04010244367908346 6.458242065150051e-06
2060 0.1596262146043031 0.04245781053417223 -0.007927121831131693 6.998980977375114e-05 -0.0004340202802661362 0.001341804068139351 0.1625032254316165 0.03861984417432893 0.001558435465790782 0.1634287070328292 0.03998582298240678 0.0002108732567929509
2070 0.1597165962116632 0.04281585389209605 -0.007942838318366396 3.503499267359283e-07 -0.0003378001868981354 0.000617989519606217 0.1625122941675173 0.03878090426994617 0.0009986248066531525 0.1632854592329615 0.03982321250014993 0.0004669150476413135
2080 0.1599366584305241 0.04348301172253897 -0.008028951220553358 6.395348519482324e-06 -0.0003834132436112698 -0.0001708741058054963 0.1626546965499261 0.03932445772021325 0.0004843027699588978 0.1631152822073705 0.03966012396734999 0.0006216170905303962
2090 0.1602034422671685 0.04384362103430938 -0.008157553743314901 5.727390425670585e-05 -0.0004712482628478235 -0.001465363690564788 0.1629574973514221 0.03986651199733619 -0.0001903347968253245 0.1629883350697548 0.03958777681032134 0.0006554040860089684
2100 0.1600292347983232 0.04418316860964077 -0.0083559666207354 4.298751620910797e-05 -0.0005034777768584601 -0.00308664020014301 0.1627397892463309 0.04040318441868922 -0.001143533723077256 0.162876461219772 0.0395884089682105 0.0006323287101625375
2110 0.1599241100368919 0.04471421754322887 -0.008525102430744268 0.0001938523982751426 -0.0005623033481544137 -0.003975200506842948 0.1626365677293156 0.04111744114100116 -0.00167022220248951 0.1627676958744697 0.03966039289245453 0.0005368671625575177
2120 0.1600281099409322 0.04512960192885836 -0.0085587264560635 0.0003739997086773339 -0.0005684268698510176 -0.004003197499261454 0.1627936584902797 0.04172772937387716 -0.001769029475587669 0.1627148587011896 0.03980512369150595 0.0003510829312308147
2130 0.160151107800392 0.04541622858798781 -0.008549400033146632 0.0003344708651390513 -0.0004354902408965203 -0.003372033900184118 0.1629549416101678 0.04209712387093369 -0.001449792029599923 0.1627091965130511 0.03999180474707519 0.0001117230284441794
2140 0.1598612793615473 0.04555531645814522 -0.008606706101828124 0.0002450563214954039 -0.0002932082194353306 -0.002540704900899818 0.1626362164077009 0.04211780682959228 -0.001073941609308021 0.1626988225642298 0.04020552110221626 -0.0001408891604943466
2150 0.1596043238102029 0.0453849893374437 -0.00864272740425908 0.0002859504021322815 -0.0002888918698676748 -0.002707680604108395 0.1623170572622481 0.0416829548877691 -0.00162247788207997 0.1626770220420341 0.04045297823295853 -0.0004285703873349921
2160 0.1596619312920398 0.04538953474086835 -0.008702479813990666 0.0004742954848547238 -0.0003958785658317837 -0.00363787570549489 0.1623314440669303 0.04138854545790063 -0.002845217176950485 0.1626623349629139 0.04072435473327568 -0.0008239417279741135
2170 0.1596040317595228 0.04563735802558545 -0.008782960480124049 0.0008488160906597179 -0.0005944157893847773 -0.004172275432748982 0.1622256356166708 0.04155307603493361 -0.00354660495920669 0.1626383365434519 0.04100380497195179 -0.00128191734898227
2180 0.1593354633783592 0.04589164774069406 -0.00892876135892102 0.001151197004005794 -0.0007119598657051827 -0.003903158492577654 0.1618824958321987 0.04184245836386298 -0.003393686898416506 0.162587894675511 0.04126810109115076 -0.001702995963784829
2190 0.1593101087771373 0.04624280622163216 -0.009135715624526673 0.001098458330350934 -0.0006417176560089993 -0.00322296676774835 0.1618329490697681 0.04216270312282739 -0.002964776148037472 0.1624837219604484 0.04150698092054397 -0.002035392472936713
2200 0.1592614704689666 0.04625246876645434 -0.009295664839163971 0.0009997017484917896 -0.0004889843242851453 -0.002091075685022751 0.1618388719139346 0.04204666688752406 -0.002027402429013629 0.1623845489208366 0.04170927939133869 -0.002213851401773444
2210 0.1588151469981413 0.04567575377937855 -0.009337192283453781 0.0009235760421016137 -0.0004478486278905438 -0.0008487676676242295 0.1614814194173876 0.04129152870817215 -0.0009561587293765593 0.1622852165080736 0.0417959745711729 -0.002205005399010565
2220 0.1583947108911258 0.0450079498581536 -0.00927467695235696 0.0006991198681579555 -0.0004605153528251849 -0.0004941404396000222 0.1611457108702112 0.04058446987454753 -0.0006960930548895452 0.1621414795333347 0.04173480730251563 -0.002103703022448297
2230 0.1586008725321655 0.044637454168053 -0.009135452104562951 0.0005040904815539358 -0.0004494969296066031 -0.0007370563071008297 0.1613991091803234 0.04032666257052869 -0.0008873327911031135 0.1619757844376888 0.04158397650637403 -0.002021820555047456
2240 0.1586720118901196 0.04430377830640096 -0.008985287614958346 0.0004220345985075476 -0.0003995191208875256 -0.0003152102279194881 0.1614473889873567 0.04018215251521914 -0.0004614450360531401 0.1618405499000587 0.04138829050463627 -0.001972616488146594
2250 0.1585011957114128 0.04435173265635767 -0.008929264576798764 0.0002561338924650171 -0.0003082621166735773 -0.0002654689030339888 0.1612567073641684 0.04036842099579578 -0.000258878512980088 0.161732293917578 0.04122858298166783 -0.001870674359532292
2260 0.1589899621422882 0.04423538135356119 -0.008817707317713962 0.0001111752429245559 -0.0001444849964541233 -0.001260753367000626 0.1617853264796254 0.04039889217477441 -0.001082854886971752 0.1616478998353733 0.04111964384062014 -0.001707982157866273
2270 0.1593160588663545 0.04403688532655152 -0.00861716427164538 2.515865696553882e-05 1.843696865081218e-05 -0.001638219572661199 0.1621968658780403 0.04020303785295676 -0.001517285643428752 0.1616255349030185 0.04100564370853847 -0.001521962891018984
2280 0.1596052949385132 0.04410455787495061 -0.008341831441695065 -0.0002703268736667674 0.0002088034007330337 -0.00060484602369883 0.1626405419296611 0.04009710526592839 -0.0006438170023704952 0.1616596089137623 0.04084545916578875 -0.00127927456210943
2290 0.1604482830488372 0.04464058178466639 -0.007993737373209926 -0.0002007697856144916 9.631072247347276e-05 -0.0008293227377110657 0.1635669691896467 0.04046379284943418 -0.00068061696873751 0.1617941855817006 0.04067142131504812 -0.001009111290257518
2300 0.1608275854099277 0.04472568371033566 -0.007807277951277045 -2.297800331352729e-05 -0.0001138791101488096 -0.002176679633739183 0.1639216208667093 0.04050779064985462 -0.001939348389010594 0.16198792541339 0.04050767243333094 -0.0008996804717624131
2310 0.1610809623810377 0.04454298488969794 -0.007726151376417538 -0.0002356439920956294 5.15026434955279e-05 -0.001730559617196397 0.1642244379670828 0.04025701843685442 -0.001902874234225523 0.1622277113236678 0.04037945636751528 -0.0009650127080885921
2320 0.1614621888707979 0.04437977929310475 -0.007645842245216902 -0.0006730738776555253 0.000392524954817015 -0.0004553061338356433 0.164672381697068 0.03997754954523974 -0.001235612366907323 0.1625505648001174 0.04030371439570702 -0.001041536044186991
2330 0.1613696181550887 0.04419612300959917 -0.007624719254063232 -0.0008878826717694367 0.0005235757645575174 0.000300430519844649 0.164676446352596 0.03981240103397986 -0.001154293851038719 0.162896388445939 0.04024727133483266 -0.001074448485074206
2340 0.1610631487657674 0.04421341996527177 -0.00769702666887613 -0.0007066294474442208 0.0003285071071789761 -4.993085380083166e-05 0.16444306763431 0.03979917784482206 -0.001835418054832241 0.163205199491148 0.04020634759347114 -0.00114914424788258
2350 0.1607109485973981 0.04445115918834408 -0.007809717844023693 -0.0002815139594090244 3.333349416120472e-05 -0.001071687568821078 0.1641388226307569 0.03981808199960693 -0.002677472758458456 0.1634982930752267 0.04015962225476828 -0.001356795576955124
2360 0.160806431919046 0.04474645396263913 -0.007974545402848962 6.532725696170474e-05 -0.0002094259448858291 -0.002052099840011786 0.1642304919130102 0.03984817536538078 -0.003248664847151024 0.1637667388836085 0.0400989054221881 -0.001592908083361231
2370 0.1607012025377743 0.04529495086517204 -0.008168349843000973 0.0001773798084203773 -0.0002483291029161221 -0.002338644214260965 0.1641162991842956 0.04029598548420146 -0.003166908129446475 0.1639806358424061 0.04007713558234203 -0.001778399052704485
2380 0.1604020412212143 0.0454625388162879 -0.008208154329673546 -2.849316752261389e-05 -8.800035059733336e-05 -0.001449724379916012 0.1637258020233232 0.04035477004981867 -0.001779788300914495 0.1641341703266249 0.04010562174404596 -0.001917279305486598
2390 0.1597634643051299 0.0445947635461048 -0.008088650490509667 -0.0003318169498191797 6.94234968809019e-05 -0.0002583071732026055 0.1630378873232094 0.03953048148748546 -0.0002689238615231785 0.1641540990941983 0.04007246864333264 -0.001961293302468941
2400 0.1594682208723961 0.04381847715429922 -0.007954283682858162 -0.0004029635752811398 -6.19509807026173e-05 -3.979539942249236e-05 0.1626369199471195 0.03893061698598346 0.000248264856932294 0.1640518787787086 0.03993539217416241 -0.001803866206737392
2410 0.1595354286945742 0.04314813773256852 -0.00777320262677682 -0.0002252031304344564 -0.0002488053685288621 -0.0007611004492532409 0.1625766235515106 0.03860804402124206 -0.0004291798353816899 0.1639023588506873 0.03976997591351313 -0.001612552699426196
2420 0.1599411459184531 0.04294113852468529 -0.007745902754749318 -7.578680162527339e-06 -0.0003923957611273153 -0.0009033368099119685 0.1628829193731505 0.03877089545835079 -0.0006702763200764732 0.1637275454175608 0.03962666589870647 -0.001518167757029034
2430 0.1601739823903334 0.0430334610587646 -0.007845145235883238 4.635995005398713e-05 -0.0004055306595449942 -0.001117336553990163 0.1630230086160921 0.03895238310057039 -0.001058699781691366 0.1635536965896161 0.03952808757045759 -0.001493110364914413
2440 0.1604420982169875 0.04352408731076187 -0.008048026245935782 -9.111765621226343e-06 -0.000352221771416683 -0.001022275365049645 0.1632705165778483 0.039244001367872 -0.001024927269169802 0.1634127575757312 0.03945752094722636 -0.001456166273845347
2450 0.1605716833754066 0.04398909685719835 -0.008227265575096687 2.215886245826216e-05 -0.0004007577171208791 -0.001574469081133839 0.1634155793303851 0.03957225551807678 -0.0013037607031957 0.1633232819268957 0.03941812825357553 -0.001330684881738825
2460 0.1604861486395714 0.04426585064835113 -0.008402829490704533 0.0001346685697899836 -0.0006286508908848582 -0.003121074960679591 0.1633361520718702 0.03998489144836261 -0.002464005343561176 0.1632446501951764 0.03941853102263494 -0.001220788404861197
2470 0.1604782077961174 0.04434060423126728 -0.008590743557796179 0.000217077241229519 -0.0007205249956620602 -0.00404905274975373 0.1633213611514826 0.04029854302370441 -0.003022474759630535 0.1631560041925307 0.03942717800334328 -0.001175991308575883
2480 0.1601308348851429 0.04430452615320357 -0.008749729352699425 5.045493536173986e-05 -0.0005650948678165628 -0.004219458589537391 0.16298784552796 0.04053161979921301 -0.00286567087278381 0.1630827120651142 0.03942951711987948 -0.001226727659258363
2490 0.1599150891594921 0.04432146848688665 -0.008889351222198541 -0.0002672417891769561 -0.0003431939399859606 -0.003386801629290436 0.1627990755907202 0.04080328960303242 -0.001756646862675571 0.163028010944444 0.03950262448965669 -0.00137222143245762
2500 0.1600999927177149 0.0443831008382814 -0.009005150503994822 -0.0004770993359765669 -0.0001280457118415206 -0.001832843891509321 0.1630130104256937 0.04100849844729824 -1.395021660422277e-06 0.1630426789715955 0.03968095555517198 -0.001463178392315966
2510 0.1602256916678287 0.0445261845027401 -0.009091165185091682 -0.0004468989939798444 -0.0001074072525276072 -0.001630574491740727 0.1631484689465972 0.04106497141182752 0.0002755449403579869 0.1630932087041957 0.03991111179834341 -0.001420161906866005
2520 0.1606525901558181 0.04485648773880464 -0.009062066369990676 -0.0001476134390979175 -0.0002694001145999625 -0.002325637484770403 0.1635458767293626 0.04125020330647722 -0.0004855558731954955 0.1631550685075929 0.04016113331664108 -0.001374183191910821
2530 0.1609332847048542 0.04484706844881862 -0.008909430933722106 8.393126094576895e-05 -0.0004228034955831447 -0.003474054084484204 0.163815767074881 0.04113945872164137 -0.001933520168927365 0.1632296015996247 0.04039521487864394 -0.001407469383054873
2540 0.160890740457525 0.04459781484532687 -0.008759886420089258 0.0002215831989296503 -0.0005899485425747996 -0.004769763417424184 0.163757682334026 0.0408064833696276 -0.003509910393154123 0.163296084824647 0.04058291815001785 -0.001582297516958076
2550 0.1608611212043545 0.04433222192877245 -0.008680499020970473 0.0003237866065569231 -0.0007055932554114364 -0.005111670874825103 0.1637472322916401 0.04044238730821445 -0.004015757499519119 0.1633298268024411 0.04069937435647434 -0.001864916436721095
2560 0.1613231947313746 0.04420108296954181 -0.008567809570167244 0.000292775543408367 -0.0006442350156090443 -0.00461939719078902 0.1642199750441668 0.04028944258086005 -0.003582007599788744 0.1633918045529087 0.04075472279107863 -0.002052015916440756
2570 0.1612504563776382 0.0438832218115588 -0.008411149357080179 0.0001415085438798069 -0.0005373090649368589 -0.004579116933937209 0.1641358617722496 0.0400660663337695 -0.003535748674854591 0.1634848218986996 0.04075515850173447 -0.002117487448410429
2580 0.1608363917643852 0.04335500399156858 -0.008297055403080988 5.656380548584449e-05 -0.0005387243370513522 -0.004374539746024187 0.1637056037109941 0.03965425959162749 -0.00329076826785801 0.1635539844793611 0.04069871440874914 -0.00216640808317044
2590 0.1607142698343531 0.04288479301668145 -0.008241968126752429 6.719441930265897e-05 -0.0006353875664499804 -0.003713212441526254 0.1635745568226338 0.03919345364427689 -0.002547451943672803 0.1636352540419355 0.0405700678789561 -0.002217379543039739
2600 0.1604942065390944 0.04270881760606099 -0.008202515273186521 0.0001573353680111373 -0.0007233410855796931 -0.003256296563486254 0.1633776141091501 0.03900000373823487 -0.002074547927896313 0.1636891167969083 0.04038073207828403 -0.00236976596156678
2610 0.1603399167573367 0.04310221354175461 -0.008150057652681644 0.0001635316743067736 -0.0007054524328444758 -0.002518976494489834 0.163265685395362 0.03940911643795526 -0.001332829814373059 0.1637120762036918 0.04019576642419732 -0.00257020094779497
2620 0.1603630139155067 0.04365584975419131 -0.008138626957644106 2.662125483996148e-05 -0.0005661807825083388 -0.001906054174140014 0.1633456134355904 0.04010518355317832 -0.0005403531645787857 0.1637054855666062 0.04005720505338311 -0.002646871062193864
2630 0.1603120252968691 0.04403312373804971 -0.008257314617452353 1.730296854922927e-06 -0.0004814367972017864 -0.001895161665161186 0.1632823680861406 0.04059745970963751 -0.0002200368103694486 0.163667534859415 0.0399770133419915 -0.002556707695631799
2640 0.1604971976402775 0.04429498883623586 -0.008372207762375756 -1.830633244237915e-06 -0.000423693857857816 -0.001976498159924327 0.1634196149753412 0.04067392456736656 -0.0001188018143640607 0.1636174207157323 0.03994535754296167 -0.002290739776641905
2650 0.1609533248260514 0.04484219667812356 -0.008481805092259181 -3.875345032487454e-06 -0.0004330041197720713 -0.00145264928686719 0.16383707564063 0.0409592554988059 0.0004946313126202819 0.1636124402345124 0.03996575554712162 -0.001883033317624076
2660 0.1611851412257789 0.04568645827359771 -0.008581159579301305 0.0001130004447593927 -0.0005204685738907492 -0.0008242461909808425 0.1640560103353009 0.04168359697834931 0.001249713824880481 0.1636087148833833 0.04006227267629348 -0.001411246888893939
2670 0.1614214638757875 0.04680718527690233 -0.008605679315941259 0.0003325721317761522 -0.0006263409203924879 -0.0004381615833380857 0.16430183679283 0.04282198104406956 0.001757645521353941 0.1636020994991821 0.04027484101977073 -0.0009041033299941979
2680 0.1619237514290599 0.04743468299236735 -0.008511531073915311 0.0004151267445117212 -0.0006606920999404431 -0.0003145967379581559 0.1648098187140192 0.04357628646304675 0.001943344722300196 0.1636703774139038 0.04061852428976694 -0.0003705848634057003
2690 0.1621004422460337 0.04731574231562722 -0.00843242904205513 0.0003277707399892158 -0.0006200381288424939 -0.0001627291095706706 0.1649806810595715 0.04361253328129635 0.002085609934915022 0.1638049338441234 0.04104490588853565 0.0001208973782389694
2700 0.1618863471604344 0.04692821522712016 -0.008437714015018496 0.0001895027924571644 -0.0005285001919464347 -6.418826557796865e-05 0.164764850755189 0.04330397843456448 0.002166108371435172 0.1639434471159915 0.04148409727278032 0.000560542828545059
2710 0.161895145066224 0.04690746738525162 -0.008566027258503122 0.0002270518909514064 -0.0005200972197018966 -0.0001136058197621931 0.1647871973372676 0.04323131572185636 0.002253292130194564 0.1640897502768919 0.04189029698328978 0.0009534009582937285
2720 0.1617334629537635 0.04681052244321422 -0.008686684788843678 0.0002831143930065473 -0.0006504428304638553 -0.0006099993579090374 0.1646769702333053 0.04298175803252995 0.001910012937171208 0.1642343305252837 0.04222620628452146 0.001250102969294509
2730 0.1613784242806432 0.04624836715056371 -0.008679729591537374 0.000391967064363511 -0.0006921374627594296 -0.0007764471533813218 0.1644015780991404 0.04221731414398957 0.001696421206113905 0.1643545360290978 0.04244188693731079 0.001455942244361579
2740 0.1610553820476314 0.04572621013847632 -0.00853746145782224 0.0003959965692240605 -0.0006202935048790365 -0.0001691055717603074 0.1641685746540905 0.04151332676367098 0.002083815220781715 0.1644478412275831 0.04255777194437682 0.001663892916896129
2750 0.1612299882553373 0.04551099086115426 -0.008309702033272552 0.0002449590337186182 -0.0005123672151715496 0.0005107812803909285 0.1643651912160926 0.04123863489017007 0.002554954637105139 0.1645074017531223 0.04260920113247247 0.001877584195636821
2760 0.1614888635223469 0.04548935713074734 -0.008128363643316922 8.278761875886208e-05 -0.0003521966624003611 0.001181304219292942 0.1645519416355458 0.04131798255548422 0.00295475232624088 0.1645600740253046 0.04260488486032512 0.002071125723467201
2770 0.1612970857239591 0.04541720358441171 -0.007994249275878624 -0.0001490955034859486 -0.0001620972520858345 0.0007982184687353786 0.1643173519433481 0.04149573227376144 0.002440899051909052 0.1645868245834268 0.04251675909968031 0.002185926712230403
2780 0.1611034668573151 0.0450061880550208 -0.007924122689957937 -0.000279923513028996 -3.193261638254885e-05 0.0003933025432900184 0.1641222375520635 0.04135322504706617 0.001894868195694482 0.1645511231581121 0.04233248777999318 0.002211815207420012
2790 0.1607356220348654 0.04434204117563637 -0.007849122296752451 -0.0004143648651100451 9.079168895373941e-05 0.0004108747808456374 0.163708907367094 0.04075743584969644 0.001661810022279455 0.1644461592899048 0.04207293780026736 0.002181594880170212
2800 0.1604147184273199 0.04372579521066429 -0.007826732256809528 -0.0003684566435367107 5.018183143218514e-05 0.0005450949073718355 0.1633281479519914 0.04003337059311308 0.001760647154522229 0.164307849552213 0.04176400144254418 0.002138510424371455
2810 0.1602804739401285 0.04322905800975476 -0.007849649999103243 -0.000151985224919633 -6.422305904672053e-05 0.0007383203846562652 0.1631699858427847 0.03946570094546497 0.001942789617178213 0.1641556972091172 0.04141130614195442 0.002104215952240021
2820 0.1602559191236927 0.04268646448485647 -0.007869881346632732 -2.236164448743316e-05 -0.0001822733550314887 0.000343602904967508 0.1631140210409497 0.03901453543763397 0.001378045891732786 0.1639922823930995 0.04101679674700941 0.002067790363597475
2830 0.1604060344561722 0.0425127185939609 -0.007897593870503549 -0.0001079700266214609 -0.000250765834389037 -0.0008923567837592445 0.1632070825918883 0.03897816310940395 -8.408736307316119e-05 0.1638569357932927 0.04065397744365035 0.001952364328762373
2840 0.1604131225458583 0.04280301011029617 -0.00784311482313484 -0.0001230749497289335 -0.000336746071119054 -0.001603542090409227 0.1631748764744143 0.03930738847568257 -0.0007704217447845202 0.1637495098405618 0.04038727797225863 0.001705469720924929
2850 0.1604628972696345 0.04320583300480244 -0.007719609443794778 -0.0001192303657345539 -0.0003137548543940186 -0.001546263066814263 0.1632080955065989 0.03970588520851177 -0.0004997288078879143 0.1636471301897084 0.04020839247766663 0.001408771475148168
2860 0.1600108037042341 0.04361867435402472 -0.007719530305854936 -0.0001822595110275193 -0.0002143503996586997 -0.001101623397192389 0.1627395100309627 0.04021223755359975 -1.265255165377892e-05 0.1634941396671168 0.0400802547983854 0.00109736937753724
2870 0.1599320449950445 0.04373513765858217 -0.007839876705932699 -0.0002374871040859415 -8.126391197703828e-05 4.50398526887029e-06 0.1626204453617535 0.04043748116707726 0.0008704533383417744 0.163312538648071 0.03997479694953761 0.0008735834292958475
2880 0.159898394074973 0.04363758462668373 -0.007972620483546002 -0.0001985152119467507 3.708631288339866e-05 0.0002638752556172834 0.1625438161831298 0.04039887858026817 0.0009619604558621294 0.1631533278594396 0.03987142821545676 0.0007655463163767828
2890 0.1594916813994009 0.04379429384196367 -0.008099235213247834 -1.11428159258111e-05 -6.113851819238182e-05 -0.0008986779735376009 0.1620849783866355 0.04054256132703962 -0.000174431374939494 0.162991889213581 0.03981166532770262 0.0006306258372997537
2900 0.159180258626745 0.04406613051278797 -0.008168146134036051 0.0001179184347891144 -0.0001614377649737748 -0.002014849410855741 0.1617464594380406 0.0407021065151744 -0.001112777513062026 0.1628311561409269 0.03984031144528154 0.0003866396705135832
2910 0.1593457751596398 0.04461494981540321 -0.008169011849710851 2.724354504237377e-05 -0.0001415130769529249 -0.002687029216973407 0.1619486255942884 0.04098478288236074 -0.001597296413348794 0.1626881458133693 0.03995253696464861 5.823002582476168e-05
2920 0.1597257426269378 0.04536845237050066 -0.008171008506013003 -0.0001332719355714353 -3.36240696040511e-05 -0.00273649153327517 0.1624472273508916 0.0413539808898688 -0.001661847636679337 0.1625991071853158 0.04015251758631837 -0.0002826816384598528
2930 0.1597400995216577 0.04585420865425822 -0.008262332981673084 -0.0001950853869532521 8.04888359034301e-05 -0.002461577232182035 0.1626106517484355 0.04162828878969121 -0.001352799713193388 0.1625398426432877 0.04040809249237584 -0.0004922468987032539
2940 0.1594417402428804 0.04598032275115317 -0.0084607509667013 -0.0003540511975490307 0.0002548579735969313 -0.002269350711926783 0.1623438074553671 0.04177135725115946 -0.001082735288506956 0.1624705849734098 0.04066741169708593 -0.0005536537770026685
2950 0.1590636994180644 0.04575930648152986 -0.008663862761555848 -0.0004431759835174892 0.0003466405431282111 -0.002227604048624287 0.1619215837832871 0.04159665911264031 -0.000994689317041888 0.162360054359628 0.04088425236686954 -0.000589828806448787
2960 0.158899512260854 0.04564539645897333 -0.008750636727233033 -0.0003075055194248833 0.0002964230399093058 -0.002284568623762776 0.1616569839919922 0.041460517442725 -0.001050651163062391 0.1622363312761792 0.04103427708596379 -0.0006677803530978916
2970 0.1593540407513665 0.04619416189065517 -0.008805519498309908 -0.0001275973019272523 0.0001699956903731058 -0.001810943391315171 0.1620268823826871 0.04189868381583585 -0.0006298203932316722 0.1621571936160789 0.04116409404593116 -0.000801267472687413
2980 0.159718780885206 0.04653006818878203 -0.008882892118312335 9.88221590712169e-05 9.722710791727692e-05 -0.001358445325807248 0.1623459097739491 0.04219195453011355 -0.0002784652915360379 0.1621182115550142 0.0413315463479925 -0.0009438858700729659
2990 0.1596981694417157 0.04653568638509314 -0.008965124186302817 0.0002995055972544773 3.352858282405509e-05 -0.001934476384124411 0.1623511834674265 0.04222513702391094 -0.001010444540923766 0.1621236434625254 0.04150982579587192 -0.001041704486524608
3000 0.1597627792030166 0.04630696778272252 -0.008873117242075332 0.0004168679212934812 3.220891602802169e-05 -0.002414389696697208 0.1625151030985544 0.04202734154239052 -0.001896962553813007 0.1621804315439018 0.04165682194788863 -0.001123577266688152
