"report"
"Iteration" "cd-scale etc.."
("Iteration" "cd-scale" "cl-scale" "cs-scale" "cmx-scale" "cmy-scale" "cmz-scale")
10 0.2581326662542338 -0.02045114975795263 -0.01472245919725012 -0.001689695808828544 -0.006469151463123782 0.02279619572628207
20 0.2672878841987327 -0.006374180153154899 0.03308855991477992 -0.004774832291563191 -0.008991243417818004 0.01718844309099752
30 0.2554965655780089 0.001920980956441768 0.03499242268967205 -0.00391209178523254 -0.005971542654330718 0.01813560980727309
40 0.2547444384641643 -0.0007958824213246148 0.01897911198142857 -0.004999613571422912 -0.006738182677422331 0.01862754876605602
50 0.253608601026087 -0.001549906998966437 0.01612318395719098 -0.00504489225352546 -0.00681969459018639 0.01928439441451603
60 0.2532749173365099 -0.003347681160948142 0.01253287536162499 -0.005483083212340432 -0.006580696412728368 0.01919602158444872
70 0.2535811357318845 -0.002661906501011046 0.01254395920080082 -0.004938977134249173 -0.006303653459689067 0.01895005321730032
80 0.2516349394467908 -0.001717384510290153 0.01444891437942064 -0.004340275840111496 -0.006029584719450763 0.01901599512634242
90 0.2503027268815865 -0.002324462418103585 0.01529597891447215 -0.004338763689803358 -0.005882265877614213 0.01833697883993472
100 0.2500180428436457 -0.003028572749182662 0.01839874532767012 -0.004132325184992018 -0.005814836961550074 0.01758127277135055
110 0.2490079250231046 -0.002307600180292721 0.02007859155985709 -0.004002738058156934 -0.005631634860121857 0.01757640067350311
120 0.2492647996971307 -0.002334705902628646 0.01983048404307221 -0.004226849124567713 -0.005453624404032253 0.01746799098091147
130 0.2488910245823723 -0.002348504171674334 0.02009198010358808 -0.004059694468612022 -0.005366307113804688 0.01730896475796698
140 0.2488046982020658 -0.001918372754115195 0.01957857998086366 -0.004166178567975621 -0.005355891033318936 0.01742366248463064
150 0.2491154838810549 -0.002583158011062407 0.01890476175339549 -0.00431904328440463 -0.005418994966883928 0.01743529040814527
160 0.2488156510635269 -0.002037300438566741 0.01812582657821116 -0.004071180837984546 -0.005373885467554723 0.01744410909058122
170 0.2488927798257816 -0.001984464727947386 0.0180226299526221 -0.00403429766618847 -0.005391943584659936 0.01730226716532155
180 0.2486971085813964 -0.00234620720494532 0.01774182331861584 -0.003961938253275794 -0.005400164937601162 0.01726348372832769
190 0.2486853646710492 -0.002331119930942494 0.01638695421026849 -0.003849479668879022 -0.005411318883388731 0.01765578377130484
200 0.2484867867850367 -0.003081858158991231 0.01720227238668122 -0.003623211891754503 -0.005540275945412202 0.01749185216420869
210 0.2479652748631543 -0.002828042013340269 0.0177484536682877 -0.003409730123420569 -0.005569201421257545 0.0173797342223114
220 0.2481548279674249 -0.002788199577451665 0.01737958400520788 -0.003480114376296638 -0.005649365586481461 0.01745178317422576
230 0.2476629127488584 -0.002704709283658022 0.01781575762339321 -0.003234982277063071 -0.005693615164746277 0.01734342274160667
240 0.2476257699477961 -0.002262906897218435 0.01775467491521273 -0.00314191566343797 -0.005657391275629655 0.01739888639822139
250 0.2481172338868599 -0.002664106783946654 0.0181088570656503 -0.003258840793048116 -0.005734562433728904 0.0173556194270545
260 0.2479886180062079 -0.00215603305387272 0.01748518429218745 -0.003165667701699805 -0.005722012996902428 0.01757905466728265
270 0.2481521302832865 -0.002327416602529582 0.01711379455505239 -0.003167683262641791 -0.005712026740013977 0.01758054612384353
280 0.2479873837077131 -0.002451204329851765 0.01785658583517895 -0.003115806181929642 -0.00569011305073129 0.01725760491958226
290 0.2480322364810128 -0.001861538960440298 0.01743828065103593 -0.003251937147493354 -0.005624878310019396 0.01748968550800084
300 0.2480511431543333 -0.002416207518866704 0.01745225637138782 -0.00327224110380353 -0.005655951580276608 0.0176055462641939
310 0.2477777222644359 -0.002248882484959244 0.017445916959488 -0.003096590857324242 -0.005617713633722001 0.0175844692865584
320 0.2483270112949033 -0.002480321772469291 0.01724801463144181 -0.0032675455806986 -0.005646025944226195 0.01760952835762172
330 0.2483169696772465 -0.002701448005341552 0.01733626732877094 -0.003190721934818398 -0.005693025349912176 0.01759747279282417
340 0.2479139121979632 -0.00227573073842316 0.01727531609995414 -0.003079560076751285 -0.005650521316007912 0.01763139984280155
350 0.2477679060064742 -0.002792377480103895 0.01839125217205027 -0.003151335556352665 -0.005642982268046016 0.01734035271536513
360 0.2476492609897979 -0.002354301649890902 0.01847601735485488 -0.00316579170210316 -0.00557587285748937 0.01750534960010944
370 0.2480541429575836 -0.002543568406625242 0.01768340834003289 -0.003254844979523747 -0.00560439928971977 0.01783447115673129
380 0.2480827640298885 -0.003092542126134025 0.01772397669376941 -0.00309344905605784 -0.00567171615458752 0.01762848364318174
390 0.2482939035962881 -0.002510060800223341 0.01725937720994448 -0.003141568102745671 -0.005691634556432643 0.0175401966193009
400 0.2482001398520194 -0.002746824966279964 0.01741310042847955 -0.003289169277699379 -0.005718782211032802 0.01743086954427213
410 0.2472598780863889 -0.002382079133072855 0.01789330996573953 -0.00309344827355108 -0.005610235399404234 0.01751556348750368
420 0.247498315319661 -0.002588315269868597 0.01875275381432451 -0.003182931751006089 -0.005557866778627162 0.01761946670566888
430 0.2480105127810488 -0.003230772548546546 0.0188593744119717 -0.003262995475805533 -0.005573872243010091 0.01762865422641132
440 0.2484667481547075 -0.002938878920308562 0.01701562232749499 -0.003196506544520129 -0.005653816130267137 0.01788609887867753
450 0.2485205753674344 -0.003201746150633727 0.01701102768855209 -0.003155871515683274 -0.005815896926305379 0.01753739662761241
460 0.247424595949573 -0.002641441298479234 0.01735767127867669 -0.003163691443937668 -0.005705540780274788 0.01716985529244981
470 0.2472774740074336 -0.002429272735648818 0.01772083526748001 -0.003367974407888026 -0.005609174085135706 0.01747945783972161
480 0.2473335679930834 -0.00292859124949419 0.01926881805040154 -0.00324437460308047 -0.005569962467576154 0.01780174659848773
490 0.2476195212934671 -0.003355882483596244 0.01876234764582215 -0.003233415402814684 -0.005532371680708176 0.01789564341212408
500 0.2488387216018363 -0.004223320652346044 0.017589125375613 -0.003340724304682071 -0.005707849846510611 0.01766409415462269
510 0.2486087753491556 -0.003145727518115277 0.01680096964921401 -0.003195106028423566 -0.005796719073150295 0.01755232733695138
520 0.2474781771312481 -0.002863717169620315 0.01642725951150033 -0.003309401913640129 -0.005673522435847471 0.01730029365201774
530 0.2469707740248503 -0.003164755587219914 0.01843634535463269 -0.003292776405202412 -0.005581778897077989 0.01730117923924773
540 0.2474645422778191 -0.002634779150619812 0.01947426890566082 -0.003354277418077596 -0.00551655164643252 0.01791442173829257
550 0.2479371190427838 -0.003919641458679494 0.01883106776945544 -0.003411696714507832 -0.005598911059106033 0.01799557822339253
560 0.2483727060669262 -0.004283955357734031 0.01743570234333668 -0.003159926169863756 -0.005691551451244599 0.01774727951591934
570 0.2487772227356073 -0.003340981234213043 0.01680226791683795 -0.003310924248197973 -0.005774171640239309 0.01737700391368599
580 0.2475820046149342 -0.003121891873002833 0.01671142498846171 -0.003391521337485943 -0.005649582443300365 0.01713615253859551
590 0.2469346273945435 -0.002715743138946492 0.01774361960777643 -0.003288020909245037 -0.005548149250653681 0.01766426470271564
600 0.2474734151939389 -0.003350253492187209 0.01976363022494643 -0.003351466528808396 -0.005566923774567922 0.01778986200978348
610 0.2477974681540479 -0.003808900110331981 0.01897048521759759 -0.003373099516798312 -0.005577685220118376 0.01787125244533315
620 0.2488378800761706 -0.004170723945365906 0.01687227049905106 -0.003325646086504833 -0.005729050107557184 0.01792560471506682
630 0.2484434467008821 -0.003617574820744579 0.0171033807802649 -0.003146424492665333 -0.00578499169805988 0.0172991245331117
640 0.2472997278015013 -0.002827785245612485 0.0169384188265008 -0.003325571764636488 -0.005596242594491588 0.01711445487507099
650 0.2472995145424478 -0.003191171361531153 0.01831085283173464 -0.003460492967306646 -0.005604380942232784 0.01758091802868398
660 0.2472142722091405 -0.002938500053833831 0.01933780419642233 -0.003233342913579532 -0.005554001385094209 0.01798725098721231
670 0.2478668429581728 -0.00401164187865074 0.01859599790027823 -0.003353636706443701 -0.005593306881347545 0.0179101476712072
680 0.2488651654052036 -0.004553866599198053 0.01768505947700431 -0.003289138406205498 -0.005735841865979889 0.01760910416087455
690 0.2484911298209927 -0.003016090388968178 0.01662154903941639 -0.003220509394962038 -0.005741950758584847 0.01749298522063587
700 0.2472533163234744 -0.003216192666363327 0.01709646405887358 -0.003317280266876089 -0.005640892004680882 0.01711972748002868
710 0.2468236296660646 -0.002946734531713215 0.01872256358015797 -0.003271110881994817 -0.005556959798439701 0.01748229361256563
720 0.2476870771487445 -0.002986197627009334 0.01908719607292533 -0.003454673252535769 -0.005568472116675523 0.01803588997610527
730 0.2479970158591782 -0.004217539351033198 0.01839885673263724 -0.003331570311539985 -0.00563214302012386 0.01796652856594969
740 0.248655968339685 -0.004113220923041491 0.01720353418099228 -0.003156051528188397 -0.005708263674919589 0.01774291718176087
750 0.2486154489518025 -0.003627983860684476 0.01726983294234605 -0.003308260710791398 -0.005763753123035065 0.01718635104802726
760 0.2471063458948787 -0.002798452916856993 0.01705748024305881 -0.003298043803660492 -0.005595387472843954 0.01719090368534361
770 0.2469887102284964 -0.002896796248912873 0.01831429149053588 -0.003322830955869357 -0.005577495736754765 0.01773207159724514
780 0.2474064585906729 -0.003465563464517825 0.01962976601052658 -0.003309576198433711 -0.005577288163228885 0.01780350732647364
790 0.2481879377004219 -0.0038590016553193 0.01808209467099656 -0.003413313622210546 -0.005596415859344332 0.01798905090963717
800 0.2490306136682892 -0.004465207922795319 0.01712748564408066 -0.003281242716011075 -0.005774777192892195 0.01776840105120296
810 0.2480195757517434 -0.003257594566013009 0.01714697952688313 -0.003074671029248753 -0.00572121005715047 0.01719895403859877
820 0.2472173517172765 -0.002899020952309863 0.0174204187385712 -0.003379595230093035 -0.005591239428684147 0.01706975387937011
830 0.2471083318721382 -0.003086148995981384 0.01886178738449109 -0.003374924640022282 -0.005584454238523317 0.01766354195290702
840 0.2473902445275424 -0.002976192835517156 0.01872503713742686 -0.003295021838102717 -0.00555300917157975 0.01813852481766786
850 0.2482450273488731 -0.004480247867217456 0.01826371569463072 -0.003370729923270296 -0.005658094607964603 0.01780824605986473
860 0.2488509702833781 -0.004077660737328647 0.0173731246169511 -0.003216808847669315 -0.005741602507563651 0.0176219075589127
870 0.2483561213568735 -0.003256145511106212 0.01660451914901912 -0.003269012316599797 -0.005731243773013036 0.01739203635060051
880 0.2469530950471897 -0.003187074711517623 0.01773694205108073 -0.003218609377328788 -0.005598288661055845 0.01705571520719671
890 0.2469780899122327 -0.002696689021346348 0.01907595325886959 -0.003312393008439105 -0.005530475578704765 0.01763097280495158
900 0.2477389240795929 -0.003462525134154344 0.01903482483344305 -0.003479237265780637 -0.005595530576515296 0.01800294305586448
910 0.2480338612187033 -0.004107757388329067 0.01766048995358237 -0.003268068686574342 -0.005644553478403102 0.01800072069924812
920 0.2488999476456397 -0.004113442746331723 0.01714798827971537 -0.003210043332089477 -0.005766799924536577 0.01762809228178048
930 0.2482594071139832 -0.003486646464031585 0.01730021943451008 -0.00325227069961988 -0.005719855884534979 0.01707330986975225
940 0.2470753204347921 -0.002612814210818994 0.01719634438426831 -0.003310956652414313 -0.005558794367406077 0.01731627378469679
950 0.2470361355510494 -0.003223524837633877 0.01924630041436881 -0.003313521357642948 -0.005581365941976788 0.01769625196169058
960 0.2473147435716027 -0.003366639479172113 0.0193200754697077 -0.003288467198537319 -0.005558909289553905 0.01788232649805543
970 0.2485666414389051 -0.004081087827140443 0.017470417241282 -0.003449297779057421 -0.005671006489361666 0.01797628389207332
980 0.2489034834760257 -0.004146267877832667 0.01714960939477141 -0.003180735029793549 -0.005791060364918661 0.0176533288812297
990 0.247870568381004 -0.003152765499873332 0.01688939207668781 -0.003157690316755251 -0.005672598397831169 0.01721566110968649
1000 0.2472052931179821 -0.003215006662210569 0.01799161507917949 -0.003381924323039591 -0.005597809173878191 0.01705936747307983
1010 0.246997052645909 -0.002679143318852461 0.01922369383766505 -0.003284081949904827 -0.005542451942027227 0.0177789624511596
1020 0.2475083062685494 -0.003388070042358791 0.01864255344868449 -0.003362372397787686 -0.005574505124834012 0.01811561259950767
1030 0.2483444941594703 -0.004574561311209179 0.01789386631080945 -0.003306664689598658 -0.005686422260323202 0.01775199887179089
1040 0.2490265491094632 -0.00361380604651602 0.0169362518038875 -0.003261371959833646 -0.005759252203333883 0.01766266223146178
1050 0.2481163366874155 -0.003498447441410013 0.01677198426636228 -0.003294258768796068 -0.005714204287015278 0.01724583731767843
1060 0.2466918393503747 -0.00293897875093275 0.01794266713114618 -0.003155929534144499 -0.005552278628874764 0.01716277798703623
1070 0.2472098489482426 -0.002901832463621859 0.01961911780806225 -0.003371980162163166 -0.005542276898423813 0.01768538329496961
1080 0.2476369881694924 -0.00364113321832984 0.01906987525858291 -0.003406112225981146 -0.005591050082800101 0.01798367144900062
1090 0.2483538078350931 -0.003990763086220098 0.01696445004796313 -0.003274169391362789 -0.005670006793665783 0.01803719255463728
1100 0.2489541764272654 -0.004120035215400623 0.01728534998283862 -0.003235788056011841 -0.005805398259155975 0.01745187814769002
1110 0.2478166024145664 -0.003183287543592124 0.01702260525400662 -0.003265509753390982 -0.005655754274494128 0.01711718877472083
1120 0.2471153956248823 -0.002884178619317198 0.01757500529641 -0.003351010676277603 -0.005577963764056983 0.01739946871043702
1130 0.2469881832199651 -0.003066916342998621 0.01983543862384883 -0.003209206152798646 -0.005554095027905092 0.01767398108716494
1140 0.2475141261838332 -0.003372420184169685 0.01889271232189136 -0.003370016486333172 -0.005541793319371355 0.017964255452601
1150 0.2487895693656072 -0.004528883146281555 0.01715522988658237 -0.003444256463738502 -0.005725574732865541 0.01791137862671862
1160 0.2486785046228291 -0.003605638887296098 0.01681935743451203 -0.003113250240328178 -0.005784489137788835 0.01761479859474632
1170 0.2477416195333359 -0.003293431508717466 0.01696550050216726 -0.003253689481379414 -0.005655806683035633 0.0171036943333781
1180 0.2470281405971884 -0.003210488617572511 0.01848426378440926 -0.003317903586371693 -0.005566122371333877 0.01714673604488491
1190 0.2471728767841329 -0.002568440422025016 0.0193061710845522 -0.003318925210763939 -0.005525445317873652 0.01793981435184904
1200 0.2475951510004776 -0.003937656157013009 0.01881220482005832 -0.003373280320364204 -0.005608044329927619 0.01798497388632823
1210 0.2484213124338287 -0.004293755599087766 0.01732301955339573 -0.003242279008859138 -0.00569267147000125 0.01776028757017372
1220 0.2490979451585928 -0.003545900287492409 0.01674119976127884 -0.003322389692361215 -0.005791052495186183 0.01757475695979654
1230 0.2476570833432985 -0.003419070707287241 0.01698730455771553 -0.003249445001650103 -0.005657130210500701 0.01716582625492396
1240 0.2467513546601921 -0.002827216750915234 0.01819903709277798 -0.003205359960340522 -0.005535148813985484 0.01733558174865394
1250 0.2473382413246706 -0.003121410764426511 0.02001163379422127 -0.003378767337287213 -0.005564622996526193 0.01765855228366972
1260 0.2475690122855462 -0.003563998669023828 0.01857394897573274 -0.003362616609648656 -0.005577071334891787 0.01806018292646472
1270 0.2486833408557594 -0.00433666077860517 0.01664299222519414 -0.00330407983008883 -0.005722986142189636 0.01798856158459496
1280 0.2487900600309442 -0.003835761041322859 0.01733613775538385 -0.003167981662624692 -0.005797412094488117 0.01730080817175819
1290 0.2476601590128136 -0.002883578667563909 0.01688733860750762 -0.003335708824149644 -0.005605458832448053 0.01716731998055952
1300 0.2470366423789144 -0.003223338862075148 0.018252247774705 -0.003351758224010804 -0.005585861001552722 0.01743848826756714
1310 0.2468984534703617 -0.002873519599555434 0.01979857554550252 -0.003176892628269553 -0.005535206895577537 0.01778016902411974
1320 0.2478242514786928 -0.00376261754650411 0.01866807917179923 -0.00344911060077455 -0.005589112999472126 0.01793223227011811
1330 0.248805880396574 -0.004493941673549976 0.01703562494246639 -0.003324109614085958 -0.005738459911353062 0.01783737773125893
1340 0.2486237359276148 -0.003320544428095948 0.01652652210566364 -0.003143110570520887 -0.005764056188539196 0.0175914802088433
1350 0.2475320238544527 -0.003542315500087434 0.01740715846892162 -0.003295769522190677 -0.005640145786065086 0.01698361040040533
1360 0.2468807432931449 -0.002895539659021694 0.01871299168424318 -0.003280642601542982 -0.005540152768074868 0.01734162544292867
1370 0.2473769935120234 -0.002784766914371128 0.01930590649010366 -0.003366389930526158 -0.005555575821755356 0.01797570292325292
1380 0.2476070563909889 -0.004074782248066074 0.01866671758835004 -0.003307503803855064 -0.005610084834643892 0.01791847703267496
1390 0.248724986494507 -0.004156650955235211 0.01684256596481544 -0.003288320934990582 -0.005702936901268808 0.01782205497356086
1400 0.2489889786937584 -0.0036865677367857 0.01677595801312775 -0.003318518952977659 -0.005806587588485955 0.01741983973565472
1410 0.2472269070504182 -0.003043306576347226 0.01699477910558963 -0.003187289148521487 -0.005594871549606344 0.01718103342036697
1420 0.2468867138326412 -0.003117308412928508 0.0187930734723135 -0.003279820263000612 -0.005550480495422149 0.01741687007296016
1430 0.2473060106458906 -0.003207829895469362 0.02008471355284104 -0.00333574285340999 -0.005563459263169969 0.01770631929331404
1440 0.2478301885856462 -0.003525479031408116 0.01797016038781778 -0.003393006211255601 -0.005593747472517928 0.01811793241591094
1450 0.2487950290199544 -0.004582254594017825 0.0168022272733417 -0.003268777595007134 -0.005766552777974459 0.01781404578351096
1460 0.2484461071483833 -0.003462011870408567 0.01701765611964774 -0.003137354260927813 -0.005749141191318021 0.0172798735688429
1470 0.24762091121046 -0.003053167253690333 0.01705449618823691 -0.00340230111586412 -0.005601978088317384 0.01716923987758661
1480 0.2469113148354591 -0.0031177535121349 0.01888749909882337 -0.003260329101507899 -0.005564062399248684 0.01750711205584803
1490 0.2470700743642491 -0.002812341742882135 0.01949389751598789 -0.003239555074097921 -0.005524345398625198 0.01788106787197625
1500 0.2480458530391955 -0.004247699204524098 0.01847906449264167 -0.003467362449340222 -0.005638601908138321 0.01784562177628054
1510 0.2487723781489787 -0.004144566642635526 0.01673242483880195 -0.003239712838904642 -0.005744836441077663 0.01787176016197557
1520 0.2485898880343143 -0.0034596720546725 0.01653081102012866 -0.003187030804507071 -0.005769379969107202 0.01745807680118212
1530 0.2472462522887695 -0.00337233242016666 0.01780425182632614 -0.00322554019056694 -0.005595328739843525 0.01692823706247833
1540 0.2470014494252509 -0.002696723008598181 0.0189630723690601 -0.003340332805503673 -0.005523986700839483 0.01756700216207178
1550 0.2474196284366943 -0.003279787428988525 0.01942201276820413 -0.003383569937563309 -0.005589131059789427 0.01795916546811141
1560 0.2476949943142897 -0.003894428477817312 0.01810699867865 -0.003245994225249147 -0.005622327720110273 0.01791954511492437
1570 0.249035045038895 -0.004143855580703586 0.01688026510171815 -0.003331377959612316 -0.005756961236757633 0.01772822248913362
1580 0.2485825376975887 -0.003588567130770151 0.01681023832126359 -0.003260670486346208 -0.005760697699773184 0.01733696343928972
1590 0.2471250254637006 -0.00286289474137011 0.01701322515662167 -0.003223701304980694 -0.00556960790455177 0.01726515255295854
1600 0.2469757823682287 -0.003280519174399483 0.01957845634855341 -0.003280434711276531 -0.005566132324184365 0.01740904081758012
1610 0.2472666746639541 -0.003020908357534786 0.01971913187483618 -0.003316914718591799 -0.005536207963047008 0.01783646988017493
1620 0.2481995665903796 -0.0039455082968604 0.01753579378289497 -0.003436409706169945 -0.005652190476948627 0.01810509122478186
1630 0.2487589604545727 -0.004330763570329042 0.01705353467959602 -0.003169290589814042 -0.005790066592755824 0.01768815335931081
1640 0.2483271843757927 -0.003177369690225119 0.01670568279945573 -0.003221155502949863 -0.005712833810599007 0.01727660033091606
1650 0.2474563745104489 -0.003270612773856458 0.01739714924137068 -0.003394539417701919 -0.005603534840507317 0.01713892454983665
1660 0.2468072917543644 -0.002826325483364962 0.01924078954978689 -0.003191030104352836 -0.005527813755467814 0.01767683826524971
1670 0.2473331837088489 -0.003283211214494231 0.01952210358413714 -0.003325456167386307 -0.005553127858933946 0.01789189792306367
1680 0.2481935596549149 -0.004302234820850817 0.01814193450265318 -0.003385399806799807 -0.005666274029129799 0.01778557923079746
1690 0.2489212923401925 -0.003672472565045213 0.01642937317448865 -0.003256457273987858 -0.005764704055933594 0.01787510437275537
1700 0.2482731136311271 -0.003720672195527985 0.01668805139497034 -0.00323704570475232 -0.005749745770059738 0.0172854008416393
1710 0.2469808345052055 -0.0030834634107722 0.01780253254408889 -0.003204249579214712 -0.00555435682979461 0.01705116807894672
1720 0.2472821488863014 -0.002810793598041658 0.01943596168851383 -0.00338499119477393 -0.005541509325627723 0.01766429975299156
1730 0.2473221814688027 -0.003395711106261994 0.01944707585560249 -0.003310566303622798 -0.005570561493034126 0.01794966449767727
1740 0.2480209347711987 -0.003964179682093331 0.01739902415946758 -0.003291994814842975 -0.005641817964868797 0.01796682372042664
1750 0.2491316168473173 -0.004174305784988566 0.01704351868142849 -0.003328077866928352 -0.005813236772566212 0.01756639132609717
1760 0.2481225201125459 -0.003170507856134098 0.01658056312266474 -0.003228160947692701 -0.005696999745256525 0.01731346928812142
1770 0.2471086815494552 -0.003105504574164175 0.01745113121212735 -0.003271176933351693 -0.005571413704038602 0.01727909705952144
1780 0.2469411373244378 -0.003173133269879931 0.02016031994542138 -0.003220067191066949 -0.005543642292739547 0.0174766465983895
1790 0.2474614979095534 -0.003042841475495633 0.01921835944973572 -0.003401819921682168 -0.005538737646238959 0.01798219642255077
1800 0.2484537840016708 -0.0043799954357163 0.01719024481718874 -0.003406319108318894 -0.005711910667094889 0.01799914156321562
1810 0.2486719560244402 -0.00375847986877067 0.0168300732934237 -0.003107357438547999 -0.005781936781864757 0.01762766300914863
1820 0.2482061492973945 -0.003372128075195116 0.01682463376255644 -0.003342803036512335 -0.005691311209640243 0.01718474920315873
1830 0.2471520548985426 -0.003236002587955358 0.01788989315501124 -0.003317799652119254 -0.005577645756736411 0.01721479501611573
1840 0.2469393425961887 -0.002592947433822224 0.01941393479024098 -0.003210393143441317 -0.005517731288437581 0.01781010944824173
1850 0.2474373673953421 -0.003779074134862144 0.01959678401551726 -0.003354781105670415 -0.005579554931707363 0.01781095152480118
1860 0.2483549454294404 -0.004202525310279342 0.01744043987515646 -0.003338464766880175 -0.005670408112954932 0.01786961004280477
1870 0.2491131946080748 -0.003653589043964882 0.01644123368901731 -0.003290130682150401 -0.005812896078527525 0.01776158381132096
1880 0.247796648144516 -0.003480045809120821 0.01702576282484127 -0.003186530560958706 -0.005690242993917466 0.01711538312364893
1890 0.2469341273543156 -0.002879397495307085 0.01796715296467291 -0.003276567637193003 -0.005530079912257452 0.01721636034568627
1900 0.2473596213112685 -0.003056916130004772 0.01979790336969891 -0.003394090703146712 -0.005565999910569925 0.01771369813485044
1910 0.247320695511663 -0.00331995098034303 0.0189543816755731 -0.003277479794207857 -0.005561240342901056 0.01803846899847434
1920 0.248491958631059 -0.004325981343013686 0.01704161001384012 -0.003333627005257061 -0.005698435412968814 0.01789956345369074
1930 0.2489882676627646 -0.003890455866037472 0.01709551572569889 -0.003254776507918058 -0.00581043455299836 0.0174388923718823
1940 0.2478359642221958 -0.002989960307205929 0.0164113439422196 -0.003301018437770749 -0.005644971946874694 0.01734153527415082
1950 0.246988062777729 -0.003417849206016231 0.01814535080782162 -0.00327112167734976 -0.005583252351895219 0.01728122213153169
1960 0.2469562920084759 -0.002820795722669489 0.02013827357799154 -0.003191463276129677 -0.005515760743223533 0.01760443487124072
1970 0.2477635662057191 -0.003489539172200897 0.01892048786671929 -0.003485623004416646 -0.005573761816087996 0.01799750554808761
1980 0.2484685079079825 -0.004509594434939613 0.01700401276695746 -0.003298387226361887 -0.005724558141969102 0.01793198896391276
1990 0.248683192096998 -0.003403337496526013 0.01657682896606443 -0.003142511506043795 -0.005780555192171942 0.01756101520192521
2000 0.247929066838332 -0.003479956740510411 0.0171483153341179 -0.003370592123309017 -0.005663990321720005 0.01702145831816474
2010 0.2469281527604235 -0.002939921413673282 0.01814137561574615 -0.003272886571947579 -0.005535283030588544 0.01740958335491704
2020 0.2471797239846265 -0.002926199902345169 0.01960325025967814 -0.003280621404861828 -0.00554937376355024 0.0178666863618616
2030 0.247472092575455 -0.00389595852584254 0.0193613974849378 -0.003309117652057255 -0.005593197614719494 0.01777417621998258
2040 0.2486792664987465 -0.004035683679768289 0.0167465210897302 -0.003361878307204006 -0.005692533844503844 0.01793493939801639
2050 0.248996711011266 -0.003799255831415676 0.01651858986779626 -0.003269691894664091 -0.005824571366736956 0.01758142362347961
2060 0.2473879329770268 -0.003174324922484278 0.01703802787248659 -0.00316228568626997 -0.00561246271321454 0.01711473598298774
2070 0.2470822577286832 -0.003115852132543655 0.01859237649646731 -0.003355462636921501 -0.005550981204777706 0.01730593325714775
2080 0.2472333197224574 -0.002996973452547227 0.01991126997737799 -0.003320579008652028 -0.005561488330409294 0.01776098180032596
2090 0.2475040689594021 -0.003420996302759948 0.01832711673907944 -0.003328307461333173 -0.005573682506743074 0.01809917835864637
2100 0.2486985407529679 -0.004706992328959015 0.01710123981213386 -0.00331677666320993 -0.005742574481432706 0.01775564019943396
2110 0.2487726878521385 -0.003420357877133809 0.01683430605186279 -0.003203747167041392 -0.00577167838482108 0.01741530009458992
2120 0.247728533145514 -0.003096150102634176 0.01669590289120718 -0.003348467919901955 -0.005629499189023565 0.01726588057998024
2130 0.2467496760223951 -0.003305986938034661 0.01886761983596114 -0.003198458829457721 -0.005557988118235344 0.017340162935399
2140 0.2471218510783161 -0.002795897622505858 0.0198169681699595 -0.003282648511793805 -0.005520482432569262 0.01777565647470864
2150 0.2479742305756333 -0.003932165987044128 0.0186352344986354 -0.003476106513413024 -0.005629852123103893 0.01793872367423892
2160 0.2485489643758829 -0.004166176219983635 0.01668783387741928 -0.003201039257499923 -0.005723075131950346 0.01793859736819316
2170 0.2487215041839602 -0.003625032781076467 0.0166772179422682 -0.003211370116441685 -0.005781785957065401 0.01743030480886347
2180 0.2475431508711074 -0.003365514572949611 0.0174771126182666 -0.003309352928703358 -0.00562123947921021 0.01697921459892334
2190 0.2469567477726258 -0.002705185697602115 0.0184196978948948 -0.0033047751639815 -0.005532830539303052 0.01760124420035521
2200 0.2472320747125663 -0.00326503646622631 0.01974041608553074 -0.003293956894651012 -0.005571706816927196 0.01782729293569638
2210 0.2476217081971033 -0.003788905571926695 0.01865789790319995 -0.003303741475210686 -0.005589480570387254 0.0178433233608195
2220 0.2490330160123788 -0.004210079038110911 0.0166984722431146 -0.003402323173872979 -0.005751063621411481 0.01788648220346423
2230 0.248582310649154 -0.003644184586053084 0.01665274955439954 -0.003173853103536935 -0.005791743948716002 0.0174351817971898
2240 0.2472020415014511 -0.002945747617545612 0.01704583271374696 -0.003196065077403583 -0.005578121681644067 0.01712913771245378
2250 0.2471232172692866 -0.003307403105966639 0.01932489884115843 -0.00336221187694076 -0.005559556970293009 0.01734839095846266
2260 0.2472346983547635 -0.002879194328458391 0.01958194561379196 -0.003301798967378261 -0.005534625458549997 0.01792911383173633
2270 0.2479095854969594 -0.003862500145487268 0.01794320076382196 -0.003373742774508968 -0.005636152829752543 0.01804392054588884
2280 0.2486876713295046 -0.004439621136388001 0.01725170048119892 -0.00321466857906667 -0.005767700444257227 0.01763003812290633
2290 0.2486080722665788 -0.003227942192418709 0.01645374983099712 -0.00327715047301844 -0.005737526150928238 0.01744051241930014
2300 0.2475101906523622 -0.003365192162095476 0.01709083208839251 -0.003333994106355593 -0.005623272409262427 0.01719746715839431
2310 0.2467192609196828 -0.00289862356985412 0.0192688876004526 -0.003143929145352491 -0.005519698851010679 0.01749110324652648
2320 0.2473924504546462 -0.00315038532843366 0.01979909801408057 -0.003381518086122036 -0.005543409693016301 0.01780668088727689
2330 0.2479908343551701 -0.004126004073842391 0.01817445902154665 -0.003398423379733734 -0.005653081371996114 0.01792090062144657
2340 0.2487320355474003 -0.00385069873231977 0.01643400182861519 -0.003203145334207188 -0.005755598815803062 0.01792209917853491
2350 0.2485084341519453 -0.003765516333686792 0.01692966694223757 -0.003232884937985659 -0.005767634627437869 0.0172171694203158
2360 0.2472661696392496 -0.002973704628483696 0.01743278276490322 -0.003280014028109706 -0.005559333358676654 0.01708178428917077
2370 0.2471591952061613 -0.002891914057275473 0.01902133469885587 -0.003356427644414974 -0.005549428794300178 0.017700154307681
2380 0.2471062185307537 -0.00339083425355762 0.01983307289705648 -0.003239585857504679 -0.005565329011197887 0.01783504200564115
2390 0.2479927283900054 -0.003824557123900749 0.01784772533755775 -0.003355750650357743 -0.005625032909182007 0.01790372823918909
2400 0.2491685380231592 -0.004192129612141353 0.0168379061098023 -0.003356987567777889 -0.005805517977638428 0.01773469979435402
2410 0.2481765943824821 -0.003303978941137874 0.01650170716992744 -0.003155566842968201 -0.005720405396546215 0.0174167855572521
2420 0.2471892222824366 -0.003245532206980101 0.01748045491705479 -0.003270024892233293 -0.005584159747384926 0.01712599327419265
2430 0.2470372736146818 -0.003075624449879432 0.01991984156443726 -0.003273934655032532 -0.005547397378382449 0.01742529730854477
2440 0.2473450254272518 -0.002873234338395302 0.01919154827735715 -0.003351705991437651 -0.005532286215689216 0.01805948325928688
2450 0.2481589574936629 -0.004422811652603652 0.01762989844380024 -0.00336138694528261 -0.005681967390703034 0.01795191300099723
2460 0.2487829090567574 -0.003874482442670029 0.01702575843959248 -0.003176438576642546 -0.005769060530399021 0.01761286959499661
2470 0.2484995527746864 -0.003286687495982719 0.01654632656015571 -0.00337484260453892 -0.005728797059443578 0.0173278420715217
2480 0.2470741159736231 -0.003272427252287906 0.01749154295962412 -0.003250346588463989 -0.005587009923107619 0.01720977814976774
2490 0.2468448138217887 -0.002755433574011837 0.01952453802897585 -0.003188355010565054 -0.005513406518281564 0.01764742720572803
2500 0.2475392980387231 -0.003588772758380263 0.01989770380193516 -0.0034128673013071 -0.005571136753344485 0.01778105431440971
2510 0.2481996015868645 -0.003991471696965979 0.0174156584435174 -0.003338227535211124 -0.005656274517222927 0.01799632967299477
2520 0.2489638388446831 -0.00384381144533697 0.0164891309200384 -0.003239211917289758 -0.005808846643097352 0.01778218082431083
2530 0.2479976094982168 -0.003607416124080697 0.01712954402208381 -0.003214052350490525 -0.00571457584787854 0.01708088746192963
2540 0.247164201065806 -0.002863483052086411 0.01748632128545522 -0.003338216466932175 -0.005545722656431733 0.01725372263378594
2550 0.2472514967119031 -0.003028467821136048 0.01956512850238863 -0.003321699330729963 -0.005563799920394753 0.01771137224920231
2560 0.247143182811434 -0.003237262541887992 0.01944734728191439 -0.003229048641117085 -0.005534022114305356 0.01790982207033366
2570 0.2484461001645046 -0.004313477358333157 0.0173590216688745 -0.003434598351856706 -0.005676046132736955 0.01788745022009954
2580 0.2490116867409328 -0.003910763436707653 0.01682275219216131 -0.003258426694331957 -0.005823300754756126 0.01761755836920349
2590 0.2478831811735348 -0.00304931655131415 0.01638491910560936 -0.003205738447683947 -0.005673032802119497 0.01735411278403597
2600 0.247064373962071 -0.003513024998436828 0.01816756080733856 -0.003283172585757934 -0.005575312205607022 0.01710902845757006
2610 0.2470785727990653 -0.002780990413384274 0.01994507852728189 -0.003266533278734185 -0.005515828079390485 0.01763203616897443
2620 0.2476034395101601 -0.00333238312852372 0.0189847553830309 -0.003428533857596606 -0.005575796984688309 0.01807142684302433
2630 0.2481997766076903 -0.00451141825927533 0.01735114614027456 -0.003250168751692411 -0.005703959883391488 0.0178584099200541
2640 0.2488781651086429 -0.003515671001298675 0.01668660721072243 -0.003215281664530857 -0.005776637261034195 0.01757387645605048
2650 0.2482015733343616 -0.003472023297729072 0.01683365663749148 -0.003397184408967606 -0.005692055613086017 0.01718604437281439
2660 0.2468447930924854 -0.002978886183857194 0.0178229061439342 -0.003207485268260972 -0.005539558450724781 0.01736659133865415
2670 0.2470831604571088 -0.002933987430397617 0.01983222927491096 -0.003261208202874902 -0.005543625753092747 0.01767560662126715
2680 0.2474914473634904 -0.003675430607871423 0.01958555122032029 -0.003375243847341215 -0.005579550525715267 0.01778982080501998
2690 0.2485089423463458 -0.004049223474866719 0.01664821685055323 -0.003362536897863276 -0.00568058468396474 0.01808671154134573
2700 0.248974993116577 -0.003946073531782111 0.0166848337305266 -0.003208772225300237 -0.005831942357316999 0.01757134975482937
2710 0.2476615924817112 -0.003138987584163768 0.01711978695733092 -0.003204148514645438 -0.005632699030249882 0.0170533927799543
2720 0.2471873193351704 -0.003076655410256185 0.01805515876110623 -0.003412078907319992 -0.005558508641400471 0.01735249091673076
2730 0.2470624253828682 -0.00304127441274198 0.0197698983372419 -0.003248852303550707 -0.005564740846930617 0.01777928134576746
2740 0.2473718096861387 -0.003339343324589482 0.01889400718399409 -0.003286910650955286 -0.005556835053663256 0.01796494585754421
2750 0.2487364228067001 -0.004641271388091612 0.01729732484045688 -0.003404209857734798 -0.005719032521659696 0.01776522657684654
2760 0.2488310467235355 -0.003478198979969187 0.01656059611601924 -0.003201393892918023 -0.005782069200945363 0.01760816160316633
2770 0.2477269284982555 -0.003245793788770081 0.01668890989216764 -0.003281515942135825 -0.00565622643596703 0.01724807435674882
2780 0.2468090917752718 -0.003358642075125339 0.01881421752111959 -0.003222854968438498 -0.005561220320111433 0.01716512749353245
2790 0.2472305538753156 -0.002633715608331943 0.01965545639028699 -0.003329150257820248 -0.005520822292129787 0.0178027816298304
2800 0.2477715636835135 -0.003795245588196325 0.01875570279293863 -0.003425040340251667 -0.005614023616864666 0.01801370356896381
2810 0.2483451484779764 -0.004296922638287748 0.01696275300417248 -0.003196304632158719 -0.005697309564730766 0.01788631038723534
2820 0.2489729707634623 -0.003632139043347956 0.01668757277443529 -0.003282666849540389 -0.005797121458615127 0.01745272772260064
2830 0.2477161268043704 -0.003280947423579619 0.01703074352012753 -0.003304950738992547 -0.005646015320726473 0.01710435245460621
2840 0.2468208960950107 -0.002862492209111556 0.01816888792610364 -0.003235833888880065 -0.005528567183295037 0.01752940745567971
2850 0.2472100080300935 -0.00334614390088401 0.02009374633055725 -0.003294502655250604 -0.005563586012560733 0.01767179187543004
2860 0.2476563128187309 -0.003521958676667996 0.01887427054578339 -0.003366674174489593 -0.005579244252452393 0.01787390298593042
2870 0.2488186291817196 -0.004209955483866898 0.0165305285887461 -0.003378213521021292 -0.005738270405706102 0.01800309124372023
2880 0.2485585712108217 -0.003818936481407838 0.01678798439283545 -0.003126346019561376 -0.005799028585450497 0.01741887622847993
2890 0.2474978132142336 -0.002997462682713419 0.01704321954383188 -0.003266596553328777 -0.005595587280264018 0.01708971844024891
2900 0.2472186597819113 -0.003227204794612553 0.01879937106359614 -0.003393848305447309 -0.005568095742574548 0.01739823621327386
2910 0.2470300520149878 -0.002812108057879941 0.01955148636272991 -0.003217434771820134 -0.00552608734492391 0.01790839133002009
2920 0.2477137016901723 -0.003848289841527447 0.01849285664582962 -0.003369680344109283 -0.005610565216317616 0.01792822157385231
2930 0.2487467073840757 -0.004498984977670855 0.01728252949934918 -0.003300737597656489 -0.00575146594657398 0.01769934170948086
2940 0.2487364359846249 -0.003258023043946988 0.01626384817387888 -0.003226067484054995 -0.005762215630960437 0.01759726380821551
2950 0.2475221373344248 -0.003433051814396288 0.01715774276317263 -0.003258985950878476 -0.005632750685526283 0.01710437595876029
2960 0.246758519165994 -0.002947049679561367 0.01921226050525879 -0.003203524082932889 -0.005516296442598304 0.01734421892556995
2970 0.2474418931614375 -0.003008369324651862 0.01963157279127071 -0.003433560213362591 -0.005555622604366779 0.0178905041926165
2980 0.247765315690555 -0.003940731658698468 0.01829001469217451 -0.003337149683485591 -0.005646492656519602 0.01797400724138468
2990 0.2486315480884931 -0.003966717877430419 0.01670048977761113 -0.003201940021925097 -0.005730528690494173 0.01785018818651434
3000 0.2488103101996078 -0.003834667695691359 0.01694380598695288 -0.003310790228907591 -0.005781320216249276 0.01729135443636861
