"report"
"Iteration" "cd-scale etc.."
("Iteration" "cd-scale" "cl-scale" "cs-scale" "cmx-scale" "cmy-scale" "cmz-scale")
10 0.1531420914394414 0.04892096121048525 -0.0002407180052549766 -0.02222734381129893 9.739957447998002e-05 -3.619774935976686e-05
20 0.1835344518845022 0.05476125742246658 -0.0001254132369738976 -0.01526474708259803 0.0001591687640046783 -1.000932753527e-05
30 0.1815471241542088 0.06551783651207257 1.668804669161598e-05 -0.01679455386541822 0.0002571718342739983 -1.272794040840529e-05
40 0.1777115044269904 0.05755261008827835 -3.607126776211211e-05 -0.01619799133459192 0.0003866550242960182 9.1528615408681e-05
50 0.1771845231693422 0.05538286041558449 -0.001124134680421191 -0.01569002537169183 0.0004622856338906894 0.0002394985741483091
60 0.1754106433090717 0.05357444544146633 -0.001749769967351261 -0.01548908950662078 0.0004904606163265053 0.0003640393309041274
70 0.175505682157161 0.05394121555046875 -0.001413394317905794 -0.01577137589012035 -4.546340424911639e-05 0.0008550493411305736
80 0.1740310058463287 0.0536992463469925 -0.0005501517411394914 -0.01521613143640556 -0.0005139664791004837 0.001111575774305135
90 0.1727030201981001 0.05104269219190633 -0.001704110737462351 -0.01367973220502331 -7.946029931154185e-05 0.0006339133838766183
100 0.1729142871292596 0.0493655076106831 -0.002132218363813353 -0.01275637992571356 0.0003960396192246957 0.0002739252439866385
110 0.1731907327252114 0.04926592481552662 -0.001036265443456961 -0.01245522024403001 0.0002590677801739053 0.0003460156924863635
120 0.1730277151479531 0.04960620939533992 -0.0009318726705545093 -0.01222825916103554 0.0001482012420214094 0.0003119511483041787
130 0.1725003466983159 0.04889714412547419 -0.002344671001335847 -0.01209598888525725 0.0004045991663336628 0.0001393284579822685
140 0.1725893067400988 0.04836688713074935 -0.001429464814112524 -0.01193881016598559 4.919222297924805e-05 0.000730595245570515
150 0.1729932318468259 0.04814958253043146 0.0007868704844407858 -0.01171674964953677 -0.000559679724573333 0.001378909586393778
160 0.1733565904309655 0.04809504584704824 0.002179944319324841 -0.0113115511006802 -0.0008867517224756541 0.001558190819150131
170 0.1733782454269829 0.04850470462879537 0.001469250347557798 -0.01087527359438576 -0.0006171403458188828 0.00116408430014536
180 0.1732713270889173 0.0488190206759496 0.0007220009602193428 -0.01071856230606315 -0.0001632713132184942 0.0008443306629130827
190 0.1736501564887085 0.04888535103463779 0.0005167021440038001 -0.01066551633248816 1.145560859904179e-05 0.0008334049299027904
200 0.1743934409620712 0.04900040598968774 0.0001531418564318925 -0.0105416901616269 2.698501175450274e-05 0.0009082733708226585
210 0.1747799860904846 0.04893538480879744 -0.0004403630060882176 -0.01056872412377054 2.365250709240236e-05 0.0009536970225958927
220 0.1748861674709024 0.04882135477552073 -0.0008233602822287683 -0.01071247950417745 5.908920608652309e-05 0.0009207865100778741
230 0.1749487856220054 0.04874344578853652 -0.0005546974856002857 -0.01083515769920127 5.656813172941914e-05 0.0009334762567788476
240 0.174884628779996 0.04863710989621653 0.0001446506594416669 -0.01089114205102625 1.044546323967986e-05 0.001016986474973733
250 0.1747176438331516 0.04839890835853099 0.000589338521481836 -0.01095693311748499 -6.382435416473159e-06 0.001084390349856946
260 0.17448635131912 0.04835315634089916 0.0002826759901430571 -0.01107619405711807 0.0001124878184692519 0.001043299920497553
270 0.174552559240724 0.04884553778138261 -0.0003110425039770344 -0.01111844338939063 0.0002125240664073643 0.001064749129331199
280 0.1748871336011875 0.04941749775656379 -0.0009638531456279744 -0.01104552556376634 0.0001883919117214089 0.001143723706516119
290 0.1754321885853963 0.04950526158432686 -0.001505935574793861 -0.01091830859346852 8.92812709016216e-05 0.001189865607595639
300 0.1759508669806172 0.04933271418377265 -0.001376403124215805 -0.01080336261021136 3.409922015489328e-05 0.001135277618058994
310 0.1761075305779656 0.04917449987637517 -0.0008988008712340578 -0.01077685634744281 0.0001098441257177169 0.001014601298123459
320 0.1758933956736608 0.04908702757176152 -0.0007056571297316159 -0.01086240564903421 0.0002339107381336435 0.0009084624994367028
330 0.1757287227573661 0.0491419890013193 -0.0005887158354379723 -0.01093328864315411 0.0003330245700811501 0.0008367570022685359
340 0.1757044862492164 0.04916440481269269 -0.0005463760969191513 -0.0109675405788693 0.0003743459257924664 0.0008023623556068402
350 0.1758944954319351 0.04918772656500629 -0.0004775299988419017 -0.01097067080756763 0.0003496420339019857 0.0008136189849827661
360 0.1760858126294381 0.04916542336878151 -0.0005070702128877318 -0.01097018260436751 0.0003036952269871465 0.0008612179947896673
370 0.1761056207618368 0.0491302763565324 -0.0005603675211967359 -0.01097364007199966 0.000277665428638869 0.0008973350757051034
380 0.1760545619272212 0.04910385796471785 -0.0005025814394838701 -0.01096186413791523 0.0002963524753966327 0.0009180054210456284
390 0.1759874351029886 0.04902666475729382 -0.0001965789001181315 -0.01098317825602496 0.0003654891371634931 0.0009502629758384405
400 0.1757412067583088 0.0488155273800222 0.0004080156575363943 -0.01104812203378086 0.0004133751216457334 0.001018478666059337
410 0.1749926730941895 0.04868139968935752 0.0004793216429942141 -0.01111159050475981 0.0004582852011949274 0.001051614228830903
420 0.1744450839889812 0.04896880062287659 -0.0003407664503624889 -0.01105592931578805 0.000529497276469608 0.001020351773633593
430 0.1746627080378545 0.04956348112162665 -0.001654952600449443 -0.01089989828310383 0.000740027570263391 0.0008441825447847731
440 0.1750647311599915 0.04981995261112018 -0.002673395226105709 -0.01079918391956903 0.000933360276803922 0.0006587570149419701
450 0.1756866396897466 0.04986611090063707 -0.001743759439630326 -0.01072564920383665 0.0005893295635657492 0.0008663508882573203
460 0.1764441173405018 0.05001827915336749 -0.0005535943537859118 -0.01057608998478673 0.0002365009651929225 0.001015597588479208
470 0.1769003048081041 0.04989560691040489 -0.0008527765725668094 -0.01049570982095987 0.0003715366230160725 0.0008064302341254304
480 0.1769082117100899 0.04958043581958355 -0.001973477224168815 -0.01053327689976056 0.0007544856296620101 0.0004613558193227093
490 0.1765838726856854 0.04927907568580694 -0.00247631821227516 -0.01063405669445349 0.0008933715974476547 0.0003311946732816108
500 0.1763860938838542 0.04922352247268988 -0.001756656479274618 -0.01065860409139934 0.0006168822539468817 0.0005215421836445276
510 0.1766013869259495 0.04950600323797013 -0.001095265336438854 -0.01056180683799485 0.000330223468824484 0.0007259602328193284
520 0.1768905523868643 0.04965996959579159 -0.002043657134819445 -0.01054130584310676 0.0004200993945725918 0.0006610631490201693
530 0.1770018203591669 0.04940852715421434 -0.003699258358398004 -0.01062440696891332 0.0006755742303661133 0.0004504391513527144
540 0.176921968949329 0.04915635269738616 -0.00501072896295734 -0.01076212794172539 0.0008245416706987287 0.0002429332082166763
550 0.1764798053752145 0.048524405184181 -0.005598965913112657 -0.01096119347597867 0.001054314716719835 -6.602431931580251e-05
560 0.1759969936529444 0.04812930308860334 -0.005777081856607504 -0.0111066222831558 0.001328512466772689 -0.000244522083214451
570 0.1760192818807192 0.04823370193418962 -0.005633556761703857 -0.01108586294326775 0.001345789800928859 -0.0001699026799243058
580 0.1764413442499173 0.04891452215015609 -0.004590142903976681 -0.01087742447711344 0.0008990763479993471 0.0001849502380854243
590 0.1771043522917087 0.04956086701347018 -0.00365411566024392 -0.01065198449685431 0.0005118214366214033 0.0004012193518636125
600 0.1777087079295434 0.0492312757419735 -0.004347702743683696 -0.01062810101963942 0.0006491618980360889 0.000194724123815978
610 0.1776374252804688 0.04853634453732469 -0.005188039547676012 -0.01074802677837923 0.0008042572724023653 -2.283290125521786e-05
620 0.1769564529925654 0.04790695674682476 -0.005095384050230872 -0.01089095299950885 0.0008634717144818913 -0.0001187487346950373
630 0.1764541002186056 0.0478668302895287 -0.0051756521662877 -0.0109021269066225 0.0009514389725852401 -6.716097374650453e-05
640 0.176187290362354 0.04837758092873883 -0.005062412554056 -0.01085884690249894 0.0008463833785409347 0.0001168224848801095
650 0.1760554197436439 0.04893566689268982 -0.004479929312327841 -0.01084956097191797 0.000547700629024632 0.0003668519496515143
660 0.1761090883613972 0.04915295408579955 -0.003768789711110215 -0.01083984094986929 0.0001241418617257107 0.0006672185104498259
670 0.1761810413239616 0.04880527534155026 -0.003243501378601369 -0.01082487616105729 -0.0003487220454475063 0.0008661736697548073
680 0.1759054966598269 0.048366908469466 -0.003181972724504328 -0.01088070225785101 -0.0004141817518213083 0.0007587404802599464
690 0.1757957118988353 0.04866719954920005 -0.003584026549376277 -0.01076540093960266 -3.920058909319562e-05 0.0005466086857233152
700 0.1759748894514188 0.04972283751312218 -0.00279609407443221 -0.01048295250385636 1.062733217104247e-05 0.0006321157318902135
710 0.1761936459415785 0.05006507268874608 -0.003069525913340801 -0.0104110876153795 9.524155503622741e-05 0.0006129770251522266
720 0.1767466874458551 0.04982542446465911 -0.003551679961682371 -0.01046220782248749 0.0001792071519884556 0.0005496174880533686
730 0.1774519624907478 0.04960309540098664 -0.002552083394787574 -0.01048372788211842 -6.61769620898848e-06 0.0007053663128313213
740 0.1779405433886193 0.04927276750444288 -0.001033122116066271 -0.01049162209067679 -0.0003567652643643182 0.001034393423827718
750 0.1778960740033042 0.04842239764661069 -0.0006671610574630721 -0.0106428051824655 -0.0004475287047160078 0.001229343972594131
760 0.1771640085090444 0.04750683704844647 -0.0006799307482925279 -0.01084578222483719 -0.0002551569850269136 0.001238288734856222
770 0.1765120645446763 0.04740072636354792 0.0003665154272732894 -0.01095237874721529 -0.0003560162476219633 0.001489455432801469
780 0.176263798558554 0.04800107094640427 0.00132081039519875 -0.01095507605328848 -0.000674985096872866 0.001792995494787691
790 0.1760845167362855 0.04854115604582425 9.19261693853693e-05 -0.01092586180322457 -0.0005177384476802789 0.001559978178392221
800 0.1760335916102027 0.04883690808856596 -0.001293647465833534 -0.01095291568585157 -0.0002075162704149229 0.001129167029460542
810 0.1760898057075667 0.04914925234105306 -0.001776617967068587 -0.01096267321249052 5.523931063308102e-05 0.0008575760278373481
820 0.1761761359691907 0.04949135008465899 -0.001554428909409365 -0.01092266520347904 0.0001595527352966885 0.0008171116707794383
830 0.1762426405113097 0.04954888976722033 -0.0009946005868460117 -0.01086339126416577 7.847938026818195e-05 0.0009268896425680186
840 0.1762792094727016 0.04933871137317284 -0.0008030157156643789 -0.01082815272256778 1.653725437949887e-06 0.0009686662456824897
850 0.1762740895589654 0.04913252265550922 -0.0008793408402170299 -0.01084946080167531 6.174593613986879e-06 0.000922072720072094
860 0.176185205678548 0.04907779843475048 -0.001030952196206203 -0.01090302238708228 7.848660227323323e-05 0.0008502961522002492
870 0.1760692985694793 0.04915462749705447 -0.001210829088287007 -0.01092956299669884 0.0002297739796573392 0.000775122356548507
880 0.1760898632860635 0.04932667451081962 -0.00138208154888388 -0.01095366129389125 0.0003628930093449669 0.0007540896423757321
890 0.1761871535025725 0.04943619787405591 -0.001503460473167656 -0.0109867999970813 0.0004147524807182307 0.0008029270699814837
900 0.1762608439720156 0.04941454721489812 -0.001567779256011859 -0.01097615138039608 0.0003827315633092963 0.0008692660297214681
910 0.1762637921344084 0.04934415272372914 -0.001473502100552849 -0.01090225234314371 0.0003663557922839093 0.0008820235441648987
920 0.1761924865219213 0.0492562593646905 -0.001262405314350943 -0.01081269874177925 0.000365312399289906 0.0008485921958420369
930 0.1760557650963164 0.0491555036434523 -0.0009509096896244035 -0.0107814440883168 0.0003971085865192578 0.0008046657217534343
940 0.175872311999574 0.04914487017361766 -0.0006895247941032135 -0.01081234001740084 0.0004593195570779009 0.0007767030085131427
950 0.1757264814898402 0.04920461567686147 -0.0005197906413181986 -0.01087450336042341 0.0004924018423075997 0.0007703875966120956
960 0.1757417906855595 0.04924861751833585 -0.0003601261267122365 -0.01091867449208228 0.0004609061981185065 0.000789716865010179
970 0.1759539405488672 0.04934073110274353 -0.0003856137760959133 -0.0109347448585387 0.0003747518440534051 0.0008653837898383112
980 0.1761119594771556 0.0493428316005249 -0.0006606641543812622 -0.01091314625218465 0.0002892936381737596 0.0009420947727322825
990 0.176152143556007 0.04918771782571088 -0.0009600206622707451 -0.01084899015129936 0.0002618104283659275 0.000966516112566626
1000 0.1761073008368933 0.04902617612298911 -0.0009585016452036016 -0.01081447505814435 0.0003050346815507639 0.0009348026496842092
1010 0.175895191475104 0.04884595037598502 -0.0005917972968199872 -0.01081626548613275 0.0003924785332007176 0.0008742549918478481
1020 0.1757059272569307 0.04878516225520438 -3.346891702906485e-05 -0.01083303197772935 0.0004690665790959491 0.0008480215764866175
1030 0.1756190106779527 0.04885237582328394 0.0004608994852159547 -0.01084359627570112 0.0005002834654667711 0.0008700856567589683
1040 0.1756765751010841 0.04892599258225631 0.0006927683283964189 -0.01083753555664855 0.0004753848830309949 0.000934149439836362
1050 0.1759134192364516 0.04904122275425028 0.000554305769234765 -0.01082480562412606 0.0004262008618558471 0.001037397475925382
1060 0.1761995190658139 0.04909757802187118 3.061892312016689e-05 -0.01078812840380437 0.0003697197586393697 0.001123506521885856
1070 0.1763709313151386 0.04900636706937685 -0.0004375432536024944 -0.01073208402377894 0.0003525466270588454 0.001102070837057756
1080 0.1763910696204792 0.04887116352045331 -0.0004587419488894745 -0.01071431617408823 0.0003694836382079541 0.001009322750016053
1090 0.176258845639254 0.04880271527507152 -0.0001122996170172071 -0.01075864752467044 0.000389767036515037 0.0009372698211661548
1100 0.1760324402451774 0.04887753427172564 0.0002345429164521431 -0.01084177309448807 0.0004043726170366689 0.0009086605436713541
1110 0.1758483576179564 0.04892870019774441 0.0003614321964418116 -0.01089121370292203 0.000425433529998816 0.000902646926169116
1120 0.1758341903306573 0.04891811179121928 0.0003605422809283303 -0.01089625343680229 0.0004331726978668283 0.0009279576422214197
1130 0.1760094244139513 0.04890348842216113 0.0003153352981948049 -0.0108795745300337 0.0004041182285135899 0.0009998383352280635
1140 0.1761914991760429 0.04884485862185279 0.0003004527398210688 -0.0108266240525308 0.0003646629735205315 0.001076054909250803
1150 0.1762218573691652 0.04872695152933015 0.0003349513003579405 -0.01075420779791624 0.0003890435480492572 0.001087990023156778
1160 0.1761197182642958 0.0486502657426898 0.0003631315723871616 -0.010731483242445 0.0004759284293160886 0.001047602654296263
1170 0.1759964241783818 0.04867865262504981 0.0003730859837732182 -0.01079104164113427 0.0005501225697024057 0.001022401240365831
1180 0.1758694538211982 0.04874860747104333 0.000395204259611015 -0.01086784281611775 0.0005522589746589041 0.001033703415706882
1190 0.1758633053759925 0.04881208929022584 0.0004108746191120059 -0.01091729590482548 0.0005200238719546529 0.00104988365281755
1200 0.1759272046127427 0.04881125190786856 0.000291319416543519 -0.01093390597579516 0.0004958445480166965 0.001054069129510388
1210 0.1760670058174337 0.04874143812454784 0.0001305145410911038 -0.0109041323679526 0.0004741906443749409 0.001064244181583293
1220 0.1761680996614087 0.04862608561917068 0.0001108290969762114 -0.01084646781791766 0.0004620366897599311 0.001068024604679858
1230 0.1761212471721819 0.04846398999056839 0.0003108002224285561 -0.01079282630412257 0.0004874203472471241 0.001042930829065435
1240 0.1760249531967579 0.04843556443302591 0.0005581461510684947 -0.01078721414029065 0.000517994346548916 0.001025571424032756
1250 0.1759617322706036 0.04858529179396873 0.000732653098643999 -0.01082819671835029 0.0005302700624561699 0.001038228407035815
1260 0.1759456081111897 0.04875969937728316 0.0007804913364368796 -0.01087706833533023 0.0005233755234392802 0.001072368516622309
1270 0.1760064948683835 0.0488477156298376 0.0007530746192914952 -0.01090729030319633 0.0005183881236064135 0.001105690615772352
1280 0.176094858674544 0.04880118494858209 0.000681630985571037 -0.01091652623547126 0.0005380925033306893 0.001115913750124659
1290 0.1760680460468678 0.04864050773701633 0.0005785849316690875 -0.01092124429644795 0.0005646307595746551 0.001091272861350396
1300 0.1758613646330704 0.04846218262183932 0.000433899102754461 -0.01092344162003834 0.0005817293616880122 0.001042995668037055
1310 0.1755463657743084 0.04849902878604222 0.0001444163217593365 -0.01091590176720465 0.0005748765835425524 0.0009934607303621235
1320 0.1752578246041766 0.04876875197039299 -6.796356117409925e-05 -0.01090905136277237 0.0005539454864453509 0.000966606356364112
1330 0.1749511071948868 0.04888982232108622 -0.0004116239279071536 -0.01094374849874534 0.0005845531228144968 0.0009659451531684605
1340 0.1746810593419075 0.04878036288764796 -0.00107003152069011 -0.01103600938621013 0.0006592961539678597 0.0009717602514994267
1350 0.1745138798940263 0.04868268930920568 -0.001769868728280051 -0.01110133010412838 0.0007790910431125682 0.00091216663534675
1360 0.1744404447205467 0.04892232908984978 -0.002299749371760383 -0.01107569727180859 0.0009182842354114167 0.000805247939733888
1370 0.1745622931014606 0.04931929390759547 -0.002146026971560157 -0.01096808899926474 0.0008564614773124675 0.0008076561217550261
1380 0.1749820880762893 0.04969429726269243 -0.001419339037453972 -0.01075999100974578 0.0006351886822268282 0.0008647038935301276
1390 0.1755520790466427 0.04992656218290389 -0.001033514113943013 -0.01053443394918654 0.0004863459414563265 0.0008312680598601157
1400 0.175956197128239 0.04997479434793071 -0.001442609673883852 -0.01046837270469849 0.0004820550229766152 0.0007244451325336667
1410 0.176198795434783 0.05001484122548886 -0.002278773413090051 -0.01053548019120177 0.0005289376158073212 0.0006367008924541889
1420 0.176367287271273 0.04998787624312683 -0.002760411147916246 -0.01062384975553029 0.0005229686984728971 0.0006276385146870114
1430 0.1766509078128396 0.04984397089044816 -0.00248165949193583 -0.0106177438027977 0.000387641235399624 0.0007286444227382886
1440 0.1769849440668342 0.04970248346681645 -0.002019660624798863 -0.01052214793055736 0.0002855350031965966 0.0007911569369836249
1450 0.1770308580562834 0.04950577578624125 -0.001930511978618216 -0.01046198555667099 0.0003971876577385762 0.0007046000669056351
1460 0.176757033017252 0.04938418874510774 -0.002267038786408718 -0.01049254234848728 0.0006049743894101206 0.000560004946384279
1470 0.176450787222077 0.04951079797611104 -0.002651460591944936 -0.01054201279768678 0.0007111450550593681 0.0004864957441791775
1480 0.1763157124631093 0.04963118514781073 -0.00334198270560708 -0.0105998818347243 0.0008047719779055465 0.0003800896220923491
1490 0.1762224644479815 0.04948203462791504 -0.004275931535472818 -0.0107349313009572 0.0009784352763640941 0.000199111882604954
1500 0.1761694046078268 0.04940885281095161 -0.004320059283247525 -0.0108376134210285 0.0009268052504984962 0.0002430559411713056
1510 0.1762369309949361 0.04964134136882242 -0.003500682300159557 -0.0107820119695606 0.0006592922711372788 0.0004655509595717284
1520 0.1763388178008934 0.04971607621054439 -0.002849214052361663 -0.01065854079328784 0.0004689232160670644 0.0005657435260182671
1530 0.1764842397946279 0.04963238030043444 -0.002942746401542801 -0.01059521517915495 0.0004930085501347604 0.0004888684745260898
1540 0.1764518577150338 0.04959926279522027 -0.003356137914702385 -0.0106039097228266 0.0005825121727457112 0.0004221183721543334
1550 0.1763039327892185 0.04946898098116419 -0.003605213662314291 -0.01063479117382627 0.0006026871916715165 0.0004224517952126255
1560 0.1761342407698469 0.04920684006556087 -0.003480024609939151 -0.01065485732847669 0.0005512738592758295 0.0004586071572652886
1570 0.1760195481313529 0.04918777751116029 -0.003057207320003696 -0.01066429090630648 0.0003866618953615902 0.000626680461797206
1580 0.1760759719387125 0.04953162271359425 -0.002630684040124293 -0.0106086342728798 0.0001513283233343363 0.000842215789570668
1590 0.1764770479910471 0.04962925045278709 -0.002050514499828304 -0.0104709895430454 -3.526989644513606e-05 0.0009420480997180131
1600 0.1771183507056817 0.04947757573259403 -0.001130599007109662 -0.01034293848795027 -8.284033124764663e-05 0.0009360061676567673
1610 0.1774241055553064 0.04912987743089204 -0.0004837424667570684 -0.01038361751386822 -4.775705866457656e-05 0.0009879654164103621
1620 0.1772133829572563 0.0485152653868734 -0.0002300447468838159 -0.01060537187369963 -6.207092562791956e-05 0.001178420494842892
1630 0.1768411394198802 0.0481727935122398 -0.0001096417034818656 -0.01083188221449712 -0.0001146515322648983 0.001364873772096464
1640 0.1768074955082479 0.04833298274259446 5.558268431209207e-07 -0.01092576146408017 -0.0003041629209554602 0.001592311261885668
1650 0.1769023874297625 0.0486766637379997 -0.0002541346159449784 -0.01088999634634113 -0.0004207112825771715 0.001585083420020262
1660 0.1766683471866952 0.04872700823523893 -0.001115352823023286 -0.01084535666260142 -0.0002392598212729604 0.001233845987248541
1670 0.1763411158926349 0.0487946470307822 -0.001123688716759665 -0.01081020694837807 1.178628699100172e-05 0.0009013632630608543
1680 0.1760811478946102 0.04904538155230041 -0.000679297445908268 -0.01080073159393796 0.00016555282309487 0.0007898557520079931
1690 0.1761208905782629 0.0494047389840245 -0.0005092499419767432 -0.01079210423107271 0.0002170062684783964 0.0008438528152270809
1700 0.1761986894187875 0.04947344379652499 -0.0008328090527185566 -0.01081989802473657 0.0002598431377632964 0.0008591518889338952
1710 0.1763771747973395 0.04942928719801928 -0.001166534507355218 -0.01088036360931372 0.0002787125047174761 0.0008721587099169556
1720 0.1765415910725189 0.04940901873800001 -0.001336602563296209 -0.01091993154374834 0.0002576355040383219 0.0009133281470252853
1730 0.1765053133724004 0.04928253379290811 -0.001520194591324653 -0.01090444175833372 0.0002745212820458703 0.0009040253751460488
1740 0.1762951181346888 0.04911223572016327 -0.001508566287381742 -0.01086124116664119 0.0003541889867653005 0.0008282942869952344
1750 0.1760211971690782 0.04902710777554329 -0.001285209751469048 -0.01086128618305007 0.0004263389387133316 0.0007640565422173004
1760 0.1757495623135452 0.04906923780450811 -0.001041048914936103 -0.01090193209565039 0.0004385482398613341 0.0007379465387033148
1770 0.1756075449500884 0.04919090247226646 -0.0008194797577152627 -0.01093779237155545 0.0004187534973394448 0.0007392770947584606
1780 0.1755887802258173 0.04930562885580238 -0.0006502084944473525 -0.01096001419196637 0.00039572160947586 0.0007547783530996752
1790 0.1757556406303753 0.0493849748123362 -0.0006580227738222401 -0.01096567429801695 0.0003632080908678397 0.0008223256668383852
1800 0.1760217743782677 0.04942212108460224 -0.0008922397137855143 -0.01096760695972524 0.0003173660523558203 0.0009393110633951891
1810 0.1761391332934616 0.04928252943561626 -0.0009539103241831734 -0.01092025221138486 0.0002975801924367615 0.0009992697540709557
1820 0.1760553672330162 0.04904081941333877 -0.000639875297252641 -0.01083147971838685 0.0003218806201912132 0.0009887682827475271
1830 0.1758870046557456 0.04889033835998257 -9.168570912156531e-05 -0.01077459631187875 0.0003765578351025372 0.0009484024456089601
1840 0.175732906169879 0.04890280541015476 0.0003242571261827713 -0.01076970383466751 0.0004116106164091402 0.0009449153465915975
1850 0.1756540693333061 0.04901942965006528 0.0005657078532229549 -0.01080020398559166 0.0004313848032376944 0.0009789359658329609
1860 0.1757469340643698 0.04911734679784565 0.0006320268669245792 -0.01083198462402175 0.000458908907101619 0.001011258976477622
1870 0.1760338448226419 0.04920848112911853 0.0004409158401017007 -0.0108679751987553 0.0004697989225817097 0.001053648018800832
1880 0.1762982620462164 0.04920266100200434 6.47854813784771e-05 -0.01087798182192512 0.0004319548615570209 0.001083330355117427
1890 0.1764044691311356 0.04907818320884663 -0.0002498485062118509 -0.01082645904369311 0.0003743352189834283 0.001061974809630952
1900 0.1763540701665607 0.04899603613758322 -0.0003593409095762945 -0.01075134757258967 0.0003308925252103767 0.0009966219719998236
1910 0.1762044248470809 0.04892266772744362 -0.0003009753284458348 -0.01072428064126891 0.0003362927558887002 0.0009298532271137306
1920 0.1760469067552211 0.04886248065962305 -0.00023224055172525 -0.01074986174880711 0.0003704806520309259 0.000901247399385308
1930 0.1759860203617037 0.04884011493938021 -4.953597047249409e-05 -0.0107989192293441 0.0004005456370640712 0.0009064191596119053
1940 0.1760200041365438 0.04883393516549606 0.0002618984675173282 -0.0108489895326329 0.0004266335763029124 0.0009375999908850346
1950 0.1761665611915027 0.04893439580409639 0.000444102898947066 -0.01088034675516137 0.000425537021648447 0.001021400033295123
1960 0.1763039332167592 0.04900882558570998 0.0003925731264228421 -0.01086564225470034 0.0004186471998351872 0.001103482027263956
1970 0.1762863913455417 0.04891020059714209 0.0001963897177450061 -0.01080585509204689 0.0004453397108800616 0.001113282882641087
1980 0.1761544873470683 0.04877617265917215 -7.192251999095618e-06 -0.01074839627930001 0.0004758363020473794 0.001067699607533745
1990 0.1760793659207255 0.0487351265376802 -7.549112952096529e-06 -0.0107315062487754 0.0005004078020871745 0.001003884140077672
2000 0.1760697353122544 0.04870881844428972 0.0001784224489297588 -0.01075198439519008 0.0005037459193053051 0.0009649562297638811
2010 0.1761087571557539 0.04872127392222057 0.0004104789937839565 -0.01080872519402123 0.0004827006069020166 0.0009638381097050018
2020 0.1761964390500195 0.04887150108145367 0.0004841469756593132 -0.01086863289245017 0.0004501153981740863 0.0009901697558752226
2030 0.1763149281632887 0.04903556273868937 0.0003523134402902864 -0.0109047452740537 0.0004198448101038539 0.00103286166831278
2040 0.1763274977564217 0.04903629576557845 0.0001427306078280787 -0.01089062316129338 0.0003976651963893532 0.001056942579624105
2050 0.1762218037496157 0.04881145475334057 8.173910422935766e-05 -0.01080661179676108 0.0004066512702666462 0.001032992410341751
2060 0.1761419848555923 0.04861011892184061 0.0001196299097644261 -0.01073564365952403 0.0004304272637551559 0.001004319349335056
2070 0.1760758966307242 0.04852074645346342 0.0002106493428864957 -0.01073251199458432 0.000431876010186822 0.0009978786951166084
2080 0.1760219913720358 0.04852162050097995 0.0004208022262591689 -0.01078443297442809 0.0004432734437140073 0.001017232455607927
2090 0.1759999699488185 0.04861978879692271 0.0005776534999564055 -0.01086183417767128 0.0004766983347479799 0.001050979148476904
2100 0.176026125259246 0.04873550023053403 0.0006217011128928312 -0.0109284430129891 0.0005248849783339668 0.001082391563462348
2110 0.1760200790016116 0.04874486415268193 0.0005631201675515509 -0.01095139964467748 0.0005543266486310699 0.001106655327266117
2120 0.1759369766980282 0.0486400454913988 0.0005133361501291545 -0.01092049561213301 0.0005726725963643441 0.001105342003715282
2130 0.1757740085302347 0.04852929152673485 0.0004886493186129796 -0.01087172563220977 0.0005894218506487987 0.001076092269241407
2140 0.1755934967578646 0.04853435194153558 0.000465321551573842 -0.01086652265091142 0.000580044661581877 0.001045260418548251
2150 0.175492654035216 0.04867843998178063 0.0003896431308891393 -0.01091603753015691 0.0005550868580608584 0.0010305152819541
2160 0.1753930509205341 0.04886267089002738 0.0001786885596546301 -0.01101086989184164 0.0005650145804740984 0.001010831767250443
2170 0.175166612975683 0.04892629321289151 -0.0002831776756708519 -0.01109390111367403 0.0006338771671155496 0.000966246703215713
2180 0.174949711967131 0.04895715110064437 -0.0006671092550628334 -0.01109951289969602 0.000691292544389465 0.000937951851103195
2190 0.174702080109907 0.0488275001705505 -0.001017686041585448 -0.01104472464036831 0.0007460155978824135 0.0009176010001336148
2200 0.1745205848405742 0.04864962086779092 -0.001460979349090505 -0.01097412043358976 0.0008571640410063528 0.0008302768957505054
2210 0.174399388235973 0.04873174549132543 -0.001873941897281534 -0.01090998468434203 0.0009982169132909911 0.0007035743478831827
2220 0.1745364343506453 0.04911845292667598 -0.001717951635650507 -0.01085921011794276 0.0009086833104155676 0.0007480732219770326
2230 0.1750526164461991 0.04974165624808938 -0.001115695154823009 -0.01075602403174725 0.0005959049510749998 0.0009165592747744176
2240 0.1756793842196934 0.05018496592016917 -0.001126862118263074 -0.01062495140719737 0.0004121725027732908 0.0009169517997667201
2250 0.176167534719172 0.05022594989832854 -0.001804105166556234 -0.01057546133469494 0.0004641849280638364 0.0007475484006193816
2260 0.1763920063590204 0.05008847877696364 -0.002343321813951612 -0.01057590322620094 0.0005212242278361072 0.0006306890161970291
2270 0.1765115240396152 0.04983769533244971 -0.002239284455767333 -0.01056170905461714 0.0004702715240411258 0.0006324963345336798
2280 0.1766693722454942 0.04955548701401861 -0.001708401029630537 -0.01050730752105424 0.0003834657581781739 0.0006837949218290733
2290 0.1767396753117028 0.04937250413272916 -0.001490075063670088 -0.01046858948150669 0.0004197099686588321 0.0006713753829425772
2300 0.1765926094060898 0.04928061067672136 -0.001892036879871163 -0.01052863836090445 0.0005840611312345447 0.0005874250925122852
2310 0.1763011680434436 0.04925393262238212 -0.002382817378004813 -0.01060689148054303 0.0006953243553105332 0.0005534518607346278
2320 0.1760862989006158 0.04933119467251199 -0.002885593997212793 -0.01064512147627467 0.0007182366508043767 0.0005612591601669755
2330 0.1759875771026814 0.04936159393065927 -0.003623834382988248 -0.01066829963388066 0.0007533026851508685 0.0005217783151890653
2340 0.1758792658135894 0.04933930572922193 -0.003713687489847101 -0.01064283840564893 0.0006789472842729818 0.0005497010229156766
2350 0.1758382995857324 0.04937285668889604 -0.00284534653146435 -0.01051896270488054 0.0004282892219947862 0.0006807960115420756
2360 0.1760199554696587 0.04947248852719263 -0.002092730252155527 -0.0103837845603912 0.0001814752037514489 0.0007544630670635491
2370 0.1762335925970967 0.04963306903690576 -0.002165208563107552 -0.01038419197075345 0.0001039830594110678 0.0007179529096318682
2380 0.1762126659035868 0.04973483741994505 -0.002420907041115579 -0.01049690586310855 8.392741216243383e-05 0.0007142624272997913
2390 0.1762237102995179 0.04971599545125779 -0.00240054275473241 -0.01054571833440669 -6.498088513377647e-06 0.0008024141244605368
2400 0.1764668523305991 0.04967453537557643 -0.002766375286696822 -0.0105292506927755 -6.858498501784661e-05 0.0008738720694493436
2410 0.1766734611366882 0.04951602367631363 -0.003345969545825001 -0.01049353459686643 5.155861618466581e-05 0.0007902487318096676
2420 0.1766048218902111 0.04924379178002564 -0.003383540036651792 -0.01043869122351076 0.0002368821834275661 0.0006765343236715479
2430 0.1764080641226735 0.04910669096047031 -0.002791090537866749 -0.01038229984709632 0.0002974874907624133 0.0006692967396463334
2440 0.1763823797296618 0.04919954362032574 -0.002463059090224503 -0.01036887513776991 0.0002480763587544426 0.0007461665327338835
2450 0.176606838640412 0.04941058760015502 -0.002777293126334557 -0.01041530653050109 0.0002169132216849341 0.0007663250800865364
2460 0.1768216173233822 0.04954257015775564 -0.002940953705999256 -0.01046134942982055 0.0001830708374539748 0.000741021856472219
2470 0.1770084288147693 0.04960997385368486 -0.00252356914368839 -0.01049247374806293 4.186463117553986e-05 0.0008298839790781589
2480 0.1769583831909398 0.04940373611396522 -0.002254922204717 -0.01052141234110031 -6.49606525218709e-05 0.0009006233806873344
2490 0.1766219248032413 0.04889873673728741 -0.002882100156731751 -0.01054530698472887 8.296346976474393e-05 0.0007617236534552351
2500 0.176205523159848 0.04862069495797137 -0.00347947413865124 -0.01053960190100453 0.0003312493007388404 0.0005729761667305315
2510 0.1758178061549554 0.04875116380460952 -0.003163018874667683 -0.01052820322816796 0.0003099389288730253 0.0006204777872839112
2520 0.1757071849479658 0.04921057101952195 -0.002834812722281342 -0.01050776654680094 0.0002100516390482037 0.0007139556484547606
2530 0.1759007982739334 0.04972371230723036 -0.002599545511036534 -0.010457229541144 0.0002094009433740029 0.0007677376703460606
2540 0.1763631648587514 0.05012013759291197 -0.002228640174979349 -0.01041345554173753 0.0002006332897646323 0.0008821471232792832
2550 0.1769255880062263 0.05017398353213989 -0.002282832403873543 -0.01038213569478705 0.0002137749496617373 0.0009115942233151612
2560 0.1771726961174739 0.04973476476101896 -0.002811473588887273 -0.01041769408402524 0.0003345176077780452 0.0007666234620072544
2570 0.176912275327926 0.04911088244201832 -0.003272100894291498 -0.01049741082176065 0.000516180122473395 0.0005463547462157763
2580 0.1765534683345641 0.04891006489289665 -0.003052176612815301 -0.0105171752437811 0.0004681454662852448 0.0005184478856776573
2590 0.1764861371186508 0.04924294126938122 -0.002061116225373795 -0.01048005681067351 0.0001353580646150016 0.000735037017356758
2600 0.1764433980804156 0.04934323413585798 -0.00156297234144746 -0.01049647382044785 -5.692406187438052e-05 0.0008712088553515902
2610 0.1762038028104259 0.0490672427752807 -0.002455360560700303 -0.01060945158024552 0.0001240155229219562 0.0007560868414951677
2620 0.175877505128659 0.04902397717645787 -0.00387444379413455 -0.01070320888986136 0.0004024738051286137 0.0005827821546803417
2630 0.1756678953756837 0.04915567684128454 -0.004106318805617282 -0.01066636315043728 0.0003689741624600567 0.0006075925280729913
2640 0.1758764148156194 0.04938044092215139 -0.003159458722430752 -0.01043665027849409 0.0001593760664550815 0.0007320216861972374
2650 0.1761242191372501 0.04955271727504678 -0.002472529198658484 -0.0102887386777513 0.000179039462937115 0.0007448230056867101
2660 0.1762374807737769 0.0496470684947842 -0.002691532572367863 -0.01036973952453757 0.0003941585792319311 0.0006630780931294912
2670 0.1763694542174186 0.04957722808752155 -0.003275604013930645 -0.0105238772980292 0.0005128330441319875 0.0005881134153788969
2680 0.1765985192626195 0.04946614282473699 -0.003093175342002772 -0.01058806680531006 0.0003746035002369276 0.0006551543864279904
2690 0.1767961894635254 0.04943585816556909 -0.002356717073370673 -0.01053725126049032 0.0001437562101843411 0.0008155892716185935
2700 0.1767825438890047 0.04931616077010055 -0.001715563127026419 -0.01048067432245599 1.854188758860454e-05 0.0009254827773385577
2710 0.1764944884778802 0.04899141941880045 -0.001884806472993871 -0.01046218429765344 0.0001174944883494543 0.0008133722836540739
2720 0.1761441556125457 0.04872709727140537 -0.00251322569432863 -0.01050077885716418 0.0003447737120798147 0.0006114106311387021
2730 0.1757839474218572 0.04882234750628359 -0.002766490778888624 -0.01059100408006534 0.0003305800062139735 0.0006295607174945852
2740 0.175592212400856 0.04910072111791839 -0.003118024221007078 -0.01066132977862665 0.0002642034255354213 0.0006693111018877975
2750 0.1755083827650529 0.04937220868071923 -0.003426518490217913 -0.01065966472868097 0.0003006098606674048 0.00065922278775904
2760 0.1755043539131625 0.049618233563531 -0.003100968287445748 -0.01060231025700924 0.0002105310323975102 0.0007858078911128282
2770 0.1757623813844522 0.04971512135965342 -0.002442186181784515 -0.01048736244216376 7.151105278813607e-05 0.0009276831395007087
2780 0.1761043092910791 0.04978927534119953 -0.002215094756259705 -0.01036351925625937 0.0001660471581719817 0.0009107692374412353
2790 0.1763265136707879 0.04980572041257542 -0.002754046251050118 -0.01035152294559821 0.0005159397219920401 0.0006929090765451421
2800 0.1764431520664637 0.04963366573067367 -0.003055989168735959 -0.01046654628941908 0.000682527590288765 0.000552215662548715
2810 0.1766730281115491 0.04951835529641337 -0.002737678867091497 -0.01052720928468379 0.0004658855681743365 0.0006325615178705596
2820 0.1769048424421624 0.04958067515960705 -0.002105574886578589 -0.01049226168627022 0.0001119677356281927 0.0008128435354064693
2830 0.1769877954231816 0.04964415618764428 -0.00149979614159343 -0.01047672178495609 -0.0001809014380592948 0.001011159682851276
2840 0.1767047408815873 0.04937510067298592 -0.001805779300905957 -0.01052037807734832 -0.0001205940350574745 0.0009460426923720675
2850 0.1762824068049378 0.04891054389366367 -0.003151983800700701 -0.01058192471063774 0.0002877260415512103 0.0006371768458731643
2860 0.1758027049444306 0.04880734136980063 -0.003687961749731958 -0.01062132827636721 0.0004896916398622095 0.0004986629808100004
2870 0.1755947623388937 0.04916728405404408 -0.003063318480108315 -0.0105576356993806 0.0003425855061670453 0.0006028655985063301
2880 0.1759648371257872 0.04978303137513557 -0.002436539548734841 -0.01040111409221693 0.0001970283464077326 0.000724509266928922
2890 0.1763854087393513 0.05016544642303045 -0.002266849838279498 -0.01034899369517255 0.0002390644895028874 0.0007899591427660043
2900 0.1766869002845733 0.05015785015807354 -0.0028676033827236 -0.01041600586677801 0.0004107459701384972 0.0007300415515982154
2910 0.1767975608643528 0.04979355891597712 -0.003572524956450038 -0.01052161292317887 0.0005334430551077953 0.000582880610641878
2920 0.1767895381959755 0.04942216740664514 -0.003597405147648623 -0.01053474172591994 0.0004665909247667245 0.0005291799662178916
2930 0.1766942941714726 0.04933657988933877 -0.00272215580115344 -0.01045225676663861 0.0002729283952540545 0.0006065043059563727
2940 0.1766376371573026 0.04935180194014462 -0.001570683178738365 -0.01038209439225976 1.398009729744365e-05 0.0008168743201988468
2950 0.1765151833553703 0.04920304890551459 -0.001486435690180681 -0.01043077867127667 -5.706888197094797e-05 0.0008994335017808373
2960 0.1762459185384463 0.04903103710214024 -0.002898867664526311 -0.01055263367644094 0.0002383827602532777 0.0006809216869579282
2970 0.1760335690971006 0.04917223181801117 -0.004088532524756212 -0.01066518109777938 0.0004885425368542448 0.0005241773261740379
2980 0.1759017202728023 0.04945453545219121 -0.003676099764738285 -0.01069014962977394 0.0002813933393351375 0.0006724713972331098
2990 0.1760095938245393 0.04959059991806524 -0.002997809306810762 -0.01054110830349194 3.946483789777406e-05 0.0007647725451141293
3000 0.1760288981053238 0.04949502015957481 -0.002840478460138481 -0.01042479987617333 0.0001189897695793698 0.0006559228748751677
