"report"
"Iteration" "cd-scale etc.."
("Iteration" "cd-scale" "cl-scale" "cx-scale" "cmx-scale" "cmy-scale" "cmz-scale")
10 0.1650940662973338 0.04338019608323843 -0.001221196255104697 -0.0149960807431249 -0.0001952840866290341 2.50096977749808e-05
20 0.1682475476917108 0.03906182229656734 -0.00255919597331192 -0.0116813852137798 -0.0003472498139161265 8.150610029261066e-05
30 0.1655031129143326 0.04073733887451909 -0.0008238072071594079 -0.01343617575381753 -0.0001279981829297937 0.0002530178349428881
40 0.1643833772997719 0.03942332856189322 0.0001150865283682709 -0.01246107337724814 6.134036915246433e-05 0.0002185954249698156
50 0.1635115046764615 0.03732625465010913 3.797991158047584e-06 -0.01198983855206698 0.0004674989626777515 1.83132737405704e-05
60 0.1628724242067873 0.03770368834216791 3.201945026922134e-05 -0.01224315280190066 0.0005163145878893202 -8.717218443248836e-05
70 0.1624341096073318 0.03809396316546848 -0.0004372982060717371 -0.01225911361429527 0.0003520518255157893 -5.367407442878936e-05
80 0.1622489356606645 0.03851396097659736 -0.0008398296894788799 -0.01227440562019388 0.0001784475051891554 -3.965432063432124e-05
90 0.1622699446302758 0.03886517629515709 -0.0007448060704591638 -0.01224710055248375 3.53373241941186e-05 -7.647976084474141e-05
100 0.1622494773504123 0.03902170271742916 -0.0007087827667049432 -0.0122043845852944 -9.579653321718979e-05 -0.0001036753738504944
110 0.1621968801153058 0.03890763177627564 -0.0008709996320668007 -0.01222947565375084 -0.0001834430839607357 -0.0001288670744580686
120 0.1621780877604495 0.03877420849668479 -0.001174647282648426 -0.0122847194184812 -0.0001525382538526107 -0.0001851291369178643
130 0.162191003907319 0.03869828421603386 -0.001602450283316941 -0.01230256394464509 -4.292980093353903e-05 -0.0002351533814271454
140 0.1621657511764679 0.03864318130349641 -0.001948984165452182 -0.01230131777076754 3.487218977555782e-05 -0.0002490189000555651
150 0.1621072293506163 0.0386303758517161 -0.00209522794166119 -0.01228036738310419 3.564795588307357e-05 -0.0002343201616951731
160 0.1620345544058856 0.03856311843697164 -0.002210977626075574 -0.0122798599674212 1.794077494019133e-05 -0.0002145214929293509
170 0.1619418914176573 0.03847125808037102 -0.002312860149707372 -0.01228883197502559 2.818829938749196e-06 -0.0001988330787908693
180 0.1618276350802883 0.03841437929590758 -0.002348217898839252 -0.01228747531841564 -1.877292471435851e-05 -0.0001854715834502254
190 0.1617132804433889 0.03837638122336808 -0.002345074072293242 -0.01229247510322388 -3.851703644291306e-05 -0.0001754408309031829
200 0.1616292146938439 0.03835202661826072 -0.002320739305222393 -0.01229969764943393 -5.45118695154198e-05 -0.0001687175565479718
210 0.1615815681625299 0.03834660315890866 -0.002283815914195473 -0.01229935589661427 -6.73171623923626e-05 -0.0001628815649673659
220 0.1615624886258604 0.0383601456881384 -0.002243646862414263 -0.01229104991883424 -8.109705607729548e-05 -0.0001548923543189649
230 0.1615556400326451 0.03838446015279417 -0.002201785736390195 -0.01227967124050074 -9.552078940306055e-05 -0.0001455405379451704
240 0.1615529432608498 0.03840659830660958 -0.002160083931627909 -0.0122698741728224 -0.0001085825291000162 -0.0001368235107118928
250 0.161549141600882 0.03842149499349695 -0.002126624516659016 -0.01226383753591371 -0.000118383379790116 -0.0001300338649118167
260 0.1615461873085568 0.03843354271701279 -0.00209975553868219 -0.01226075533338661 -0.0001255765012210148 -0.0001250839755888475
270 0.1615461551132492 0.03844351038584769 -0.002082857417167015 -0.01225943423920382 -0.0001307784104779171 -0.0001216634199493411
280 0.1615463078713197 0.03844403209889039 -0.002080144551058872 -0.01225883804310568 -0.00013249227697565 -0.0001200352010806314
290 0.1615453347647503 0.03844168013636257 -0.00208273317268084 -0.01225830252090778 -0.0001323698038951741 -0.0001197249784554593
300 0.1615427309377212 0.03843756877382846 -0.002080606202114426 -0.012258146876759 -0.0001313377757893328 -0.0001210195845694021
310 0.1615388367113335 0.03842889735671939 -0.002070176826050318 -0.01225780678089439 -0.000129726407220012 -0.0001238387672322601
320 0.1615347878438975 0.03841759129183874 -0.002061818410471478 -0.01225674391057009 -0.0001290733812069861 -0.0001259417785853684
330 0.1615322666048633 0.03840734946425887 -0.00205779477183286 -0.01225524946763614 -0.0001284716389567964 -0.000127499144316644
340 0.1615283698030527 0.0383949511844917 -0.002058966623711486 -0.0122518349624943 -0.0001288404082341861 -0.0001284883952599132
350 0.1615214540601297 0.03838047324573048 -0.002061193587595979 -0.01224644326545334 -0.0001302642172726605 -0.0001287456026552429
360 0.161514487079497 0.03837001926248069 -0.002057540118276375 -0.01224141085276877 -0.0001312911098002917 -0.0001291411155862745
370 0.1615089811872658 0.03836457223537908 -0.002049598015733183 -0.01223808764979652 -0.0001316184409365944 -0.0001295830105189746
380 0.1615046877313348 0.03836154340541345 -0.002042583743811682 -0.01223630979196862 -0.0001316260645788798 -0.0001298100982355059
390 0.1615007473754446 0.0383583540940259 -0.002040691439536414 -0.01223515895220054 -0.0001319975425944116 -0.0001296829454600168
400 0.1614968733793224 0.03835495172746067 -0.002039910432039972 -0.01223433690680211 -0.0001321950134519535 -0.0001295793889965069
410 0.1614935077530879 0.03835291877352552 -0.002038607863395313 -0.01223359217762257 -0.0001325022307596786 -0.0001294289899433169
420 0.1614902771313745 0.0383517420443009 -0.002036366650959974 -0.01223269240589939 -0.0001328240984216223 -0.0001292567190260511
430 0.1614881400311949 0.03835084592489571 -0.002033366243956514 -0.01223184320707593 -0.0001332484530356415 -0.0001290153331917532
440 0.161486795279165 0.03834925232975915 -0.002031646491304903 -0.01223088781667661 -0.0001338935530936957 -0.0001286620956331877
450 0.1614857842386312 0.03834759850223143 -0.002029358206148033 -0.01223006657012275 -0.0001342570826702928 -0.0001283908840436638
460 0.1614851844358293 0.03834649331251477 -0.002027842423541873 -0.01222932011762308 -0.0001347000458100154 -0.0001280369697117221
470 0.1614844558715245 0.03834574840295173 -0.002026139427321916 -0.0122286189921906 -0.000135074412732407 -0.0001276529241502103
480 0.1614839531727139 0.03834551145049968 -0.002023979575571263 -0.01222800375848358 -0.0001354277628767637 -0.0001272604487217109
490 0.1614837835354572 0.03834554850525663 -0.002022253382262234 -0.01222741479114016 -0.0001359433116232851 -0.0001268035060177435
500 0.161483384331133 0.03834554822450031 -0.00201978402171233 -0.01222693871833472 -0.0001362861743843756 -0.0001264207248464896
510 0.1614830505049541 0.03834567342748102 -0.002017715255915825 -0.01222643649501216 -0.0001368004252162488 -0.000125947932642844
520 0.1614826179281964 0.03834551971590557 -0.002016228345866245 -0.01222584878407819 -0.0001373398845647944 -0.0001254853714560929
530 0.1614820807210787 0.03834539071628447 -0.002014003037257557 -0.01222531647899164 -0.0001377009840743857 -0.0001251416640063116
540 0.1614816650573687 0.03834554339452802 -0.00201175838198257 -0.01222482919849965 -0.0001381014545909013 -0.0001248048306085819
550 0.1614811846770496 0.03834569472585754 -0.002010153111587633 -0.01222432069363098 -0.0001385731944646237 -0.0001244265342037148
560 0.1614806582138292 0.03834574477231031 -0.002008236474287475 -0.01222390293980754 -0.0001388444072557673 -0.0001241310335250902
570 0.1614803196398014 0.03834587730997333 -0.00200639606467222 -0.01222355165803467 -0.0001391279736735352 -0.000123851889428234
580 0.1614799457769623 0.03834588351974612 -0.002005172443955484 -0.01222318154378676 -0.0001394552232082894 -0.0001235639897813115
590 0.1614794950026391 0.03834592606197958 -0.00200336843859141 -0.0122228790709177 -0.0001396468561330404 -0.0001233344115178825
600 0.1614792787901791 0.0383461517262952 -0.002001843231137839 -0.01222259444197808 -0.0001399100030250074 -0.0001230909415139922
610 0.1614789627709518 0.03834619075843682 -0.002000703570205069 -0.01222229521860496 -0.0001401909255712316 -0.0001228434471612159
620 0.1614786543129742 0.03834624175599664 -0.001998988536031121 -0.01222210976864481 -0.0001402956961505247 -0.0001226826344579882
630 0.1614784382471537 0.0383462961003193 -0.001998099266989403 -0.01222193548230114 -0.0001405452446911041 -0.0001224667546174677
640 0.1614780636548905 0.03834601739739104 -0.001997244150336655 -0.01222181519535665 -0.0001406312411622814 -0.0001223195429557926
650 0.1614778584362996 0.03834594523975852 -0.001996109726073766 -0.01222177370550987 -0.0001406751950696854 -0.000122214442908216
660 0.1614776318784246 0.03834577219200178 -0.001995805983620814 -0.01222168021696193 -0.0001408350798377494 -0.0001220698789179885
670 0.1614774004189626 0.03834562526892935 -0.00199488728680219 -0.01222162979480809 -0.0001408321865500046 -0.0001220045284298323
680 0.1614773474602339 0.03834569328633883 -0.001994297263871818 -0.01222158376095867 -0.0001408983442774185 -0.0001219255275274776
690 0.1614772187623522 0.0383456219822251 -0.001994016806820504 -0.01222147712482034 -0.0001410275108501351 -0.0001218133215460445
700 0.1614771616947145 0.03834563412767533 -0.001993108698807455 -0.01222143988619079 -0.0001409981420861554 -0.0001217787692243064
710 0.1614771685749229 0.03834575482810968 -0.001992869787526658 -0.01222136108671334 -0.0001411443472088782 -0.0001216759534004428
720 0.1614769980604093 0.03834564950893399 -0.001992464400696953 -0.01222128492733234 -0.0001411794845522165 -0.0001216176419439682
730 0.1614770029957683 0.03834578621441599 -0.001991732834878541 -0.01222125759901849 -0.0001411956547619817 -0.0001215780710817204
740 0.1614769135645759 0.0383457906176698 -0.001991798482287531 -0.01222117790573537 -0.0001413383010044671 -0.0001214869425267753
750 0.1614767618146837 0.0383457374247755 -0.001991242535023581 -0.01222114731146983 -0.0001413058072699654 -0.0001214733827410842
760 0.1614767900846021 0.03834584894664604 -0.001990973586210447 -0.01222113085670307 -0.0001413625773476578 -0.0001214330054042307
770 0.1614766836544629 0.03834579422034897 -0.00199107973550635 -0.01222106338436196 -0.0001414439835859304 -0.0001213780022038243
780 0.1614766044738722 0.03834580445352627 -0.001990498585104212 -0.01222107585299126 -0.0001413748840531557 -0.000121393478447512
790 0.1614766586242028 0.03834590342483384 -0.001990610125416632 -0.01222104470954405 -0.000141475927726431 -0.0001213409771119939
800 0.1614765090760413 0.0383457908889975 -0.001990540093448424 -0.01222101337792659 -0.0001414628853161366 -0.0001213328517347549
810 0.1614765482477958 0.03834590698265347 -0.001990084433375287 -0.01222102704862411 -0.0001414339642320231 -0.0001213386398702578
820 0.1614765490449764 0.03834587719519636 -0.001990376398628851 -0.01222097929332001 -0.0001415464500387706 -0.0001212816145369287
830 0.1614764487557576 0.03834582198218265 -0.001990026839335907 -0.01222097441250618 -0.0001414862562016708 -0.0001212962268053154
840 0.161476510451713 0.03834591600422363 -0.001989920237585538 -0.01222098096062895 -0.0001415107432181878 -0.0001212850855793381
850 0.161476448908819 0.03834584458992501 -0.001990189168608855 -0.01222093766209897 -0.0001415721863046567 -0.0001212507638380875
860 0.1614764010741227 0.03834584516599607 -0.001989757653774103 -0.01222096734810311 -0.0001414754618686257 -0.0001212891395411959
870 0.1614764678743894 0.03834595092407849 -0.001989946938553842 -0.01222094669065091 -0.0001415638647092114 -0.0001212507047351146
880 0.1614763803012389 0.03834582243503201 -0.001989928016846545 -0.01222092497890417 -0.0001415595078143907 -0.0001212424179557186
890 0.1614764312224571 0.03834593113972389 -0.001989572911614342 -0.01222095040436918 -0.0001415134976177065 -0.0001212625287261066
900 0.1614764102931928 0.03834589575548452 -0.00198995578864175 -0.01222091393443716 -0.0001416048934309241 -0.0001212190411899356
910 0.1614763518166198 0.03834583059782502 -0.001989681487659197 -0.01222091938537461 -0.0001415317409187602 -0.0001212463053744658
920 0.1614764076091619 0.0383459342213894 -0.001989663640575205 -0.01222093560820303 -0.0001415390641037136 -0.0001212482363643155
930 0.1614763525755077 0.03834586510356725 -0.001989933638139362 -0.01222089637755299 -0.0001416023059619131 -0.0001212156414054295
940 0.1614763494594745 0.03834586864450341 -0.001989498684097248 -0.01222092659705106 -0.0001415204165778199 -0.0001212486419426019
950 0.1614764167672402 0.03834597274316028 -0.001989741425333682 -0.01222091346162566 -0.0001416015510356982 -0.0001212156525960509
960 0.1614763124752334 0.03834584073463715 -0.001989754109619401 -0.01222089912994795 -0.0001415820478327352 -0.0001212188923640042
970 0.1614763902035727 0.03834594235676806 -0.001989442168642499 -0.01222093007209975 -0.000141529477603521 -0.0001212448831580111
980 0.1614763743854711 0.03834591163733103 -0.001989875601978136 -0.01222090014370776 -0.000141608651203273 -0.0001212114440643053
990 0.1614763041289221 0.03834585119924947 -0.001989578297469084 -0.01222090469932364 -0.000141540422234461 -0.0001212361324197393
1000 0.1614764110236705 0.03834594712481652 -0.001989525988155139 -0.01222091792676919 -0.0001415662943886293 -0.0001212289737813999
1010 0.1614763433480161 0.03834587972024146 -0.001989830002936393 -0.01222088140770162 -0.0001416234204572963 -0.0001212001100834573
1020 0.1614763201984123 0.03834587516521681 -0.001989414658748317 -0.0122209169318614 -0.000141530416049883 -0.0001212396907178962
1030 0.161476412201457 0.0383459668313127 -0.001989685788066601 -0.01222090615424232 -0.0001416058768855758 -0.0001212111036703533
1040 0.1614762926989544 0.03834583921449281 -0.001989743484743688 -0.01222089531112857 -0.0001415756875709072 -0.0001212198686271354
1050 0.1614763644085409 0.03834593998002794 -0.001989395555509582 -0.01222092296651455 -0.0001415293098260193 -0.0001212420228860481
1060 0.1614763857624117 0.03834591367408074 -0.001989792762204901 -0.01222088863801424 -0.0001416279347402097 -0.0001211984593439443
1070 0.1614763041226583 0.03834584393911602 -0.001989526624339602 -0.01222089418896686 -0.0001415549715504067 -0.0001212232695575436
1080 0.1614763773277973 0.03834594535996886 -0.001989494410362456 -0.01222091199370428 -0.0001415695148907194 -0.0001212230750363866
1090 0.1614763373346944 0.03834586871331264 -0.001989820547192475 -0.01222087828813822 -0.0001416229248988858 -0.0001211976367103686
1100 0.1614763013063192 0.03834587038763381 -0.001989444459740585 -0.0122209165612592 -0.0001415190893963689 -0.0001212433534359775
1110 0.1614763809287736 0.03834597465886976 -0.001989677342898067 -0.01222090339182638 -0.0001416016863885583 -0.0001212111404836499
1120 0.1614763089995711 0.03834584503478871 -0.001989692665920686 -0.01222088758100735 -0.0001415913748835047 -0.0001212101322009815
1130 0.1614763628584354 0.03834595620963691 -0.001989375412248583 -0.01222091867340718 -0.0001415413134435491 -0.0001212338578473646
1140 0.1614763649978173 0.0383459195955941 -0.001989777263658014 -0.01222088820052808 -0.0001416293271320792 -0.0001211966887837341
1150 0.1614763105795924 0.03834584816128183 -0.001989525255801976 -0.01222089664276676 -0.0001415526864363655 -0.0001212269517223389
1160 0.1614763741663903 0.03834594990781857 -0.001989530076227746 -0.01222091675301052 -0.0001415578732882477 -0.0001212307913129672
1170 0.1614763227634846 0.03834587718956005 -0.001989813536442506 -0.01222087924642999 -0.0001416176159058191 -0.0001212014909199476
1180 0.1614763256264738 0.0383458779390122 -0.001989393044506964 -0.01222091168861494 -0.0001415340304525389 -0.0001212364210326102
1190 0.161476400231079 0.03834597750000643 -0.001989647833057267 -0.01222090002244545 -0.0001416127339355577 -0.000121205882024847
1200 0.161476293716402 0.03834584415706739 -0.001989676640290277 -0.01222088754633428 -0.0001415921457977422 -0.0001212094618733363
1210 0.1614763770652726 0.03834593596263032 -0.001989372751613024 -0.01222091938878558 -0.0001415384112380347 -0.000121235883856265
1220 0.1614763595991275 0.03834590822849397 -0.001989813159624121 -0.01222089055562964 -0.0001416161189474403 -0.0001212041661188854
1230 0.1614762858171586 0.03834584235921836 -0.001989529856696579 -0.01222089501087957 -0.0001415469467790609 -0.0001212273051654432
1240 0.1614763892274011 0.03834594669032457 -0.001989489080503901 -0.0122209097683612 -0.0001415715171258426 -0.0001212215864928275
1250 0.1614763254228981 0.03834587973098935 -0.001989797767267424 -0.0122208744664115 -0.0001416280021357078 -0.0001211939526899351
1260 0.1614763056727943 0.03834587518951219 -0.001989389783359872 -0.01222091118536561 -0.0001415342387168696 -0.0001212342516633132
1270 0.1614763967126183 0.03834596992125212 -0.001989664957263985 -0.01222090138588545 -0.0001416090799814441 -0.0001212064888406907
1280 0.1614762854528488 0.03834584111187948 -0.001989723714491109 -0.01222089110008504 -0.000141578363636305 -0.0001212168944224058
1290 0.1614763497300599 0.03834595153342338 -0.001989385437517785 -0.01222092035957263 -0.0001415317026948289 -0.0001212391399687315
1300 0.1614763768095229 0.03834592242138254 -0.001989780876739953 -0.0122208870436102 -0.0001416303209972073 -0.0001211960245001154
1310 0.1614763045527588 0.03834585720825189 -0.001989508170502433 -0.0122208939009226 -0.0001415571664378585 -0.0001212241061140755
1320 0.1614763778568962 0.03834595535274842 -0.001989480882072916 -0.01222091200750617 -0.0001415720354303587 -0.0001212224803300382
1330 0.1614763408199759 0.03834587233910192 -0.0019898056118033 -0.01222087819551867 -0.0001416245601206465 -0.0001211973225591062
1340 0.1614763033549227 0.03834587299450924 -0.001989428445586332 -0.01222091575497222 -0.000141520280998093 -0.000121243893432551
1350 0.1614763873695928 0.03834597406697795 -0.001989662859792971 -0.01222090260109949 -0.0001416028159712991 -0.0001212115576716684
1360 0.1614763084326667 0.03834584394736375 -0.001989681716080839 -0.01222088667029531 -0.000141592290611033 -0.0001212094598618434
1370 0.1614763691029874 0.03834594679181771 -0.001989359868509337 -0.01222091715773679 -0.0001415425034615648 -0.0001212333336331083
1380 0.1614763678076198 0.0383459118888045 -0.001989765704443976 -0.01222088634571641 -0.0001416302328308199 -0.0001211962003292576
1390 0.1614763021459697 0.03834583815545217 -0.001989524100926835 -0.01222089405174639 -0.0001415533871864369 -0.0001212234638344208
1400 0.1614763683296387 0.03834594163734231 -0.001989525897743469 -0.01222091425109132 -0.0001415577530425176 -0.0001212291064395963
1410 0.1614763129958101 0.03834587544669582 -0.001989814174423605 -0.01222087706620715 -0.0001416177753984024 -0.0001211999121664838
1420 0.1614763198184687 0.03834587655002005 -0.001989397006166744 -0.01222091071048095 -0.0001415345044984906 -0.0001212342368023045
1430 0.1614763908510626 0.03834597805793625 -0.001989651012518895 -0.01222089901317462 -0.0001416127202693549 -0.0001212042391361448
1440 0.1614762910037634 0.03834584680843661 -0.00198967843152588 -0.01222088706617205 -0.0001415924240143913 -0.0001212089198982289
1450 0.1614763699387098 0.03834594569921061 -0.001989379842055886 -0.01222091967893446 -0.0001415383435088388 -0.0001212354112071942
1460 0.1614763536478432 0.03834591811526426 -0.001989818617747754 -0.01222089142440861 -0.00014161623036353 -0.0001212036992352399
1470 0.1614762930585266 0.03834585290936006 -0.001989524973487611 -0.01222089676544786 -0.0001415470579526817 -0.0001212299783584912
1480 0.1614763920817531 0.03834595596174476 -0.001989488605752191 -0.01222091142720183 -0.0001415720954030076 -0.0001212226436270464
1490 0.1614763341268476 0.03834588213420952 -0.001989793066917215 -0.01222087611760088 -0.0001416284087787704 -0.0001211949700577544
1500 0.1614763108117443 0.03834587606734368 -0.001989381472664702 -0.01222091148588049 -0.0001415339623892584 -0.00012123614112984
1510 0.1614764047717311 0.03834597032571443 -0.001989658895125345 -0.01222090201281715 -0.0001416094620537666 -0.000121207755963295
1520 0.16147628903544 0.03834583806472103 -0.001989719153321012 -0.01222089125762175 -0.0001415784526173001 -0.0001212171892120471
1530 0.161476355239977 0.03834594329700087 -0.001989377181841524 -0.01222091985596888 -0.0001415321151524652 -0.0001212393099442799
1540 0.1614763828707356 0.03834591253552351 -0.001989773459678879 -0.01222088597485142 -0.0001416304532090267 -0.0001211962331024897
1550 0.1614762954497715 0.0383458472459918 -0.001989511755246259 -0.01222089182348442 -0.0001415570693621988 -0.000121221249164348
1560 0.1614763748743083 0.03834594640875147 -0.001989480069637208 -0.01222091023856989 -0.0001415716745422052 -0.0001212212188173969
1570 0.1614763322371961 0.03834586911801306 -0.001989808303253762 -0.01222087621161574 -0.0001416240682557327 -0.000121196306239501
1580 0.1614762975575783 0.03834587279203013 -0.001989435889971242 -0.01222091536299325 -0.0001415206950707585 -0.0001212418682588525
1590 0.1614763807019826 0.03834597301697124 -0.001989667850314741 -0.01222090189312469 -0.000141602603512651 -0.0001212102500539801
1600 0.1614763036605644 0.0383458482856187 -0.001989686544460132 -0.01222088650734372 -0.0001415923818523004 -0.0001212090380135992
1610 0.1614763640471933 0.03834595485485286 -0.001989367390035051 -0.01222091763974433 -0.0001415422008963335 -0.0001212330490130562
1620 0.1614763601626687 0.03834592221039438 -0.001989772858826913 -0.01222088724247435 -0.0001416299972084706 -0.0001211959361943971
1630 0.1614763113674146 0.03834584830243042 -0.001989520136326454 -0.01222089615182599 -0.0001415536028457073 -0.0001212262238957386
1640 0.1614763716394426 0.03834594963544619 -0.001989525490274061 -0.01222091579986046 -0.0001415579430895498 -0.0001212304596830306
1650 0.161476321095476 0.03834587923161589 -0.001989811277356414 -0.01222087905271205 -0.0001416183283969579 -0.0001212008750359256
1660 0.1614763271659279 0.03834587600977087 -0.001989389059162238 -0.0122209111021723 -0.0001415341988946156 -0.0001212362865222684
1670 0.161476396455032 0.03834598031902396 -0.001989646764152681 -0.01222089978056585 -0.0001416130615718934 -0.000121205474441196
1680 0.1614762963408969 0.03834584222585408 -0.001989673263626352 -0.01222088726158111 -0.0001415923987333877 -0.0001212092750542737
1690 0.1614763735086509 0.03834593801098844 -0.001989372400817259 -0.01222091907147671 -0.0001415385085304713 -0.000121235676742401
1700 0.1614763614873373 0.03834590792642677 -0.001989811367300138 -0.01222089058745327 -0.0001416165535822247 -0.0001212038998156899
1710 0.1614762842336138 0.03834584176971617 -0.00198952795915156 -0.01222089447792257 -0.0001415466460137408 -0.0001212273382245365
1720 0.1614763883447499 0.03834594848708114 -0.001989489019687648 -0.01222090990864563 -0.0001415719467443915 -0.0001212212579227603
1730 0.1614763276197592 0.03834587757371809 -0.001989795631400604 -0.01222087415307734 -0.0001416279451699138 -0.00012119405276771
1740 0.161476302442829 0.03834587778715676 -0.001989390313701741 -0.01222091117431856 -0.0001415343826326414 -0.0001212340350042446
1750 0.1614763997636017 0.03834596779486185 -0.001989662934131382 -0.01222090129492331 -0.0001416091748391877 -0.0001212064668061776
1760 0.1614762822376331 0.03834584299818859 -0.00198972450825024 -0.01222089095036983 -0.0001415783290654347 -0.0001212168278381801
1770 0.1614763518892069 0.03834595109684064 -0.001989384621444947 -0.01222092053559691 -0.0001415320298121858 -0.0001212389894360016
1780 0.1614763754452948 0.03834592171391808 -0.001989779808916849 -0.01222088663314531 -0.0001416299266070313 -0.0001211961600093904
1790 0.1614763038642794 0.03834585889368972 -0.001989508836005824 -0.01222089414877385 -0.0001415575162875299 -0.0001212238642629179
1800 0.1614763802196882 0.03834595309440423 -0.001989479377782208 -0.01222091178548216 -0.0001415719088581998 -0.0001212226538395653
1810 0.1614763377317049 0.03834587484852675 -0.001989806670956855 -0.01222087826002667 -0.0001416246418064264 -0.0001211971719405795
1820 0.1614763065342099 0.03834587079269836 -0.00198942687398605 -0.01222091572803403 -0.0001415203260255249 -0.0001212439240871831
1830 0.1614763842580334 0.03834597589124013 -0.001989664027979083 -0.01222090250245966 -0.0001416027396971597 -0.0001212115349327571
1840 0.1614763106831358 0.0383458434564358 -0.001989681210486381 -0.01222088688896522 -0.0001415925825712288 -0.0001212093474269871
1850 0.1614763678179499 0.03834594603815302 -0.001989359071267378 -0.01222091678450019 -0.0001415420815117963 -0.0001212334986242866
1860 0.1614763671797002 0.03834591353454307 -0.001989766598120116 -0.01222088662405963 -0.0001416305580832683 -0.0001211959851884114
1870 0.1614763045626302 0.03834583586139242 -0.001989522792797815 -0.01222089385691495 -0.0001415532400176337 -0.0001212236604439176
1880 0.161476365285625 0.03834594411401639 -0.001989527131675707 -0.01222091433896906 -0.0001415578185918213 -0.0001212289734337701
1890 0.1614763162082938 0.03834587321692183 -0.00198981274607979 -0.01222087705821649 -0.0001416178048918006 -0.0001211999597729935
1900 0.1614763167392584 0.03834587834828547 -0.001989398300725287 -0.01222091062901068 -0.000141534416474294 -0.0001212342272802091
1910 0.1614763931263907 0.03834597754791901 -0.001989650611973186 -0.01222089924587767 -0.0001416130020415069 -0.0001212041376601923
1920 0.1614762897406195 0.03834584603707537 -0.001989677718872583 -0.01222088670375284 -0.0001415919926637118 -0.0001212090954421239
1930 0.1614763693327205 0.03834594732879325 -0.001989380809026667 -0.01222091996664346 -0.0001415386620729739 -0.0001212352031673708
1940 0.1614763560807267 0.03834591580722285 -0.001989817369131421 -0.01222089123607652 -0.0001416160773650758 -0.0001212039017753054
1950 0.1614762900281222 0.03834585537556365 -0.001989526251936731 -0.01222089685880704 -0.0001415471181652622 -0.0001212298511935443
1960 0.1614763953079258 0.03834595372432221 -0.001989487218348092 -0.01222091142463264 -0.0001415721218209828 -0.0001212226947349481
1970 0.1614763310552306 0.03834588392661364 -0.001989794393158801 -0.01222087604017683 -0.0001416283171706227 -0.0001211949646427196
1980 0.1614763130963435 0.03834587554890307 -0.001989381103437108 -0.01222091172270686 -0.0001415342417000508 -0.0001212360428259838
1990 0.1614764035134532 0.03834596954573903 -0.001989658213212673 -0.01222090165385295 -0.0001416090291437604 -0.0001212079330687242
2000 0.1614762884324901 0.03834583968710126 -0.001989720143107258 -0.01222089154792844 -0.0001415787689872811 -0.0001212169837908673
2010 0.1614763576763341 0.03834594098320992 -0.001989375954348191 -0.0122209196704306 -0.000141531960963183 -0.0001212395139603022
2020 0.1614763798426661 0.03834591499658552 -0.00198977475587869 -0.01222088606994164 -0.0001416305125251171 -0.0001211961068956961
2030 0.161476298678133 0.03834584500333584 -0.001989510379624507 -0.01222089182167151 -0.000141557094572465 -0.000121221301599059
2040 0.1614763718064776 0.03834594819555349 -0.001989481405833531 -0.01222091016145572 -0.0001415715827449465 -0.0001212212132982957
2050 0.1614763345225467 0.03834586859678735 -0.001989807937749166 -0.01222087644766813 -0.0001416243467019042 -0.0001211962080679921
2060 0.1614762963024821 0.0383458720114774 -0.001989435208129941 -0.01222091500369658 -0.0001415202615953596 -0.0001212420460815013
2070 0.1614763801019653 0.03834597463997862 -0.001989668841367804 -0.01222090218346332 -0.0001416029197685796 -0.0001212100445754046
2080 0.161476306098521 0.03834584597129293 -0.001989685318550304 -0.0122208863217163 -0.0001415922275093466 -0.0001212092425664549
2090 0.1614763610204587 0.03834595731478648 -0.00198936868979477 -0.01222091773558687 -0.0001415422601645911 -0.0001212329231394441
2100 0.1614763633902934 0.03834591996621212 -0.001989771489994842 -0.01222088724167374 -0.000141630022694984 -0.0001211959885172065
2110 0.1614763082974804 0.03834585008925719 -0.001989521477736506 -0.01222089607589387 -0.0001415535105185301 -0.0001212262193407631
2120 0.1614763739253123 0.03834594911339419 -0.001989525132548182 -0.01222091603756155 -0.0001415582217844293 -0.0001212303620022573
2130 0.1614763198391566 0.03834587844922582 -0.001989810602094508 -0.01222087869408124 -0.0001416178947784996 -0.0001212010531109597
2140 0.1614763265664897 0.03834587763019118 -0.001989390053310042 -0.01222091139264201 -0.0001415345148326987 -0.000121236081415308
2150 0.1614763988935625 0.03834597800315011 -0.001989645539102495 -0.01222089959467831 -0.0001416129071124561 -0.0001212056786292118
2160 0.1614762933151746 0.0383458446861433 -0.001989674559969495 -0.01222088735661762 -0.0001415924576776013 -0.0001212091491784494
2170 0.1614763767378721 0.03834593576805716 -0.001989371027661528 -0.0122209190698946 -0.0001415385339663604 -0.000121235729119876
2180 0.1614763584192087 0.03834590971347944 -0.001989812704973154 -0.01222089051072778 -0.0001416164614947293 -0.0001212038948084135
2190 0.1614762865196823 0.03834584124731629 -0.001989527598504551 -0.01222089471489916 -0.0001415469247886039 -0.0001212272402856253
2200 0.1614763870886439 0.03834594770395233 -0.001989488342925623 -0.012220909550058 -0.0001415715132871358 -0.0001212214357674238
2210 0.1614763270188632 0.03834587919426597 -0.001989796627535276 -0.01222087444408184 -0.0001416282613967577 -0.0001211938473959953
2220 0.1614763048794473 0.03834587547092898 -0.001989389090588614 -0.01222091098892072 -0.0001415342280432349 -0.0001212342396560115
2230 0.1614763967370904 0.03834597025352054 -0.001989664236428898 -0.01222090139061586 -0.0001416092342169619 -0.0001212063408215607
2240 0.1614762854651453 0.03834584075249794 -0.001989723139477096 -0.0122208909488882 -0.0001415783547048186 -0.0001212168800287825
2250 0.1614763488206863 0.03834595288229102 -0.0019893859608223 -0.01222092045886047 -0.000141531937645677 -0.0001212389843859657
2260 0.1614763777309657 0.03834592119134126 -0.001989779447757282 -0.01222088686977793 -0.0001416302054850636 -0.0001211960617712499
2270 0.1614763026084331 0.03834585811205047 -0.001989508156135789 -0.01222089378942035 -0.0001415570826153802 -0.0001212240421455495
2280 0.1614763796201883 0.03834595471588739 -0.001989480370173278 -0.01222091207546634 -0.0001415722250389705 -0.0001212224484870298
2290 0.1614763401707351 0.03834587253298474 -0.001989805444754436 -0.01222087807393133 -0.0001416244873148696 -0.0001211973763597491
2300 0.1614763035089755 0.03834587325242082 -0.001989428172558873 -0.01222091582336651 -0.0001415203852522203 -0.0001212437981380992
2310 0.1614763874858303 0.03834597364717385 -0.001989662657837988 -0.01222090250143953 -0.000141602765357611 -0.0001212115872817407
2320 0.1614763076133898 0.03834584524410593 -0.001989682551193602 -0.01222088681320777 -0.0001415924904666924 -0.0001212093427173364
2330 0.161476370102577 0.03834594551549 -0.001989358714354864 -0.01222091702213058 -0.000141542360390384 -0.0001212334009088332
2340 0.161476365923438 0.03834591275099865 -0.001989765923952341 -0.01222088626574822 -0.0001416301244968232 -0.0001211961631987726
2350 0.1614763039623653 0.03834583747982558 -0.001989523790455676 -0.01222089414743018 -0.0001415535561100767 -0.0001212234550674819
2360 0.1614763677234552 0.03834594179730708 -0.001989525906028567 -0.01222091415299368 -0.0001415576637313952 -0.000121229177917953
2370 0.1614763131832829 0.03834587567658393 -0.001989814043941604 -0.01222087715329917 -0.0001416178641885613 -0.0001211998336505848
2380 0.1614763199677129 0.03834587610468911 -0.001989396926283557 -0.01222091062707415 -0.0001415344419738044 -0.0001212342795102845
2390 0.16147639005858 0.03834597933426243 -0.001989651949689038 -0.01222089916881953 -0.0001416129102918066 -0.0001212041323457284
2400 0.1614762920253451 0.03834584551382231 -0.001989677356928825 -0.01222088694008251 -0.0001415922716818754 -0.0001212089970549491
2410 0.1614763680770918 0.038345946546576 -0.001989380129938327 -0.01222091960768109 -0.0001415382285066001 -0.0001212353809704144
2420 0.1614763554796791 0.03834591742802333 -0.001989818363426242 -0.01222089152666649 -0.0001416163935722317 -0.0001212036963962551
2430 0.1614762924662314 0.03834585305985411 -0.001989525028107121 -0.01222089667348136 -0.0001415469635590185 -0.0001212300558380531
2440 0.1614763922809215 0.03834595618261347 -0.001989488520333587 -0.01222091152020805 -0.0001415721810833007 -0.0001212225688243071
2450 0.1614763342831933 0.03834588168081327 -0.001989793024909542 -0.0122208760389429 -0.0001416283426991407 -0.0001211950169592155
2460 0.161476310026531 0.03834587733453608 -0.001989382445559678 -0.01222091164634199 -0.0001415341498472398 -0.0001212360376990652
2470 0.161476405798601 0.03834596902350197 -0.001989657853196065 -0.01222090189101689 -0.000141609307921911 -0.0001212078352280778
2480 0.1614762871763416 0.03834583890543023 -0.001989719465577088 -0.01222089118906269 -0.0001415783354371265 -0.0001212171616406253
2490 0.1614763570762042 0.03834594260336082 -0.001989376948061076 -0.01222091996046157 -0.0001415322771867139 -0.0001212393085355002
2500 0.1614763822818052 0.03834591268101712 -0.001989773528978812 -0.01222088588376915 -0.0001416303578429052 -0.0001211963113084454
2510 0.1614762956526917 0.0383458474625579 -0.001989511677081231 -0.01222089191655139 -0.0001415571537631353 -0.0001212211755360911
2520 0.1614763750353274 0.03834594595242473 -0.001989480032526631 -0.01222091015995328 -0.0001415716080808254 -0.0001212212657398924
2530 0.1614763314541423 0.03834587038399359 -0.001989809278103277 -0.01222087637154465 -0.0001416242551644115 -0.0001211962030733278
2540 0.1614762985867649 0.03834587148923479 -0.001989434849268906 -0.01222091524114464 -0.0001415205405192492 -0.0001212419482046946
2550 0.1614763788451184 0.03834597385602993 -0.001989668167422378 -0.01222090182505575 -0.0001416024864115261 -0.0001212102223667933
2560 0.16147630549686 0.03834584759046624 -0.001989686315656604 -0.01222088661252168 -0.0001415925435833294 -0.0001212090372442782
2570 0.1614763634581572 0.0383459549974417 -0.001989367467422801 -0.01222091754993818 -0.0001415421055422697 -0.0001212331275542641
2580 0.1614763603638049 0.03834592242509839 -0.001989772789043631 -0.0122208873367858 -0.0001416300816991955 -0.00012119586266184
2590 0.1614763115270613 0.03834584784446293 -0.001989520105212108 -0.01222089607401788 -0.000141553535908683 -0.0001212262715989893
2600 0.1614763708571322 0.03834595089895101 -0.001989526470645138 -0.01222091596039702 -0.0001415581299966002 -0.0001212303566164702
2610 0.1614763221249248 0.03834587792631825 -0.001989810239552704 -0.01222087893048084 -0.0001416181737709802 -0.0001212009547394784
2620 0.1614763253096709 0.03834587684827175 -0.001989389374097768 -0.01222091103333692 -0.0001415340815074488 -0.0001212362589728371
2630 0.1614763982931302 0.03834597962469468 -0.001989646531520737 -0.01222089988495168 -0.0001416132233228631 -0.0001212054733096844
2640 0.1614762957534155 0.03834584237082307 -0.001989673335053844 -0.01222088717098395 -0.0001415923031660473 -0.0001212093536639182
2650 0.1614763737118452 0.03834593822664598 -0.001989372328075065 -0.0122209191654253 -0.0001415385931589848 -0.0001212356032493236
2660 0.161476361647501 0.03834590746867316 -0.001989811336009338 -0.01222089050974817 -0.0001416164870064819 -0.0001212039471800079
2670 0.1614762834497296 0.03834584303314502 -0.001989528940551214 -0.01222089463874134 -0.0001415468329323467 -0.0001212272353109616
2680 0.1614763893731568 0.03834594718190187 -0.001989487985432927 -0.0122209097876404 -0.0001415717923249823 -0.0001212213378806473
2690 0.1614763257618129 0.03834587841125795 -0.001989795952605869 -0.01222087408552337 -0.00014162782820065 -0.0001211940252372573
2700 0.1614763042786464 0.03834587709058705 -0.001989390085904965 -0.01222091127933706 -0.0001415345442481135 -0.0001212340341632889
2710 0.1614763991749366 0.0383459679368278 -0.001989663011019596 -0.01222090120449171 -0.0001416090797634363 -0.0001212065449865817
2720 0.161476282439565 0.03834584321222287 -0.001989724435514651 -0.01222089104365162 -0.0001415784136168194 -0.0001212167540361429
2730 0.1614763520501329 0.03834595063892481 -0.001989384586708993 -0.01222092045689826 -0.0001415319631757993 -0.0001212390366113689
2740 0.1614763746632947 0.03834592297855347 -0.001989780784387237 -0.01222088679286257 -0.0001416301135205885 -0.0001211960567501294
2750 0.1614763048943345 0.03834585758932933 -0.001989507795547448 -0.01222089402628467 -0.000141557361918516 -0.0001212239438235925
2760 0.161476378362922 0.03834595393285595 -0.001989479693517603 -0.01222091171681147 -0.0001415717919098188 -0.0001212226260772402
2770 0.1614763395688264 0.03834587415342602 -0.001989806440310294 -0.01222087836486956 -0.0001416248036534907 -0.0001211971709221883
2780 0.1614763059453018 0.03834587093590458 -0.001989426949927305 -0.01222091563796869 -0.0001415202307110405 -0.0001212440026295402
2790 0.1614763844594856 0.0383459761053124 -0.001989663959364285 -0.01222090259694297 -0.000141602824509765 -0.0001212114613807985
2800 0.16147631084193 0.03834584299791361 -0.001989681182223277 -0.01222088681152511 -0.0001415925159937227 -0.000121209394933866
2810 0.1614763670341396 0.03834594730086723 -0.001989360052763864 -0.01222091694513265 -0.0001415422682452464 -0.0001212333957896371
2820 0.1614763682092917 0.03834591222868843 -0.001989765562201054 -0.01222088650227197 -0.0001416304034865021 -0.0001211960649548488
2830 0.1614763027061471 0.03834583669867004 -0.001989523110246615 -0.0122208937882286 -0.0001415531227949754 -0.0001212236327746995
2840 0.161476367123466 0.03834594341885825 -0.001989526899252709 -0.01222091444315408 -0.000141557980155105 -0.0001212289724047331
2850 0.161476315621248 0.03834587336088258 -0.001989812817601735 -0.01222087696719248 -0.0001416177096327744 -0.0001212000380805422
2860 0.1614763169426356 0.03834587856415235 -0.001989398225444464 -0.01222091072246285 -0.0001415345011361368 -0.0001212341535495623
2870 0.1614763932868923 0.0383459770900865 -0.001989650578770282 -0.01222089916767498 -0.0001416129356352977 -0.0001212041848340613
2880 0.1614762889571605 0.03834584730109255 -0.001989678697708782 -0.01222088686427135 -0.0001415921795801005 -0.0001212089923630551
2890 0.1614763703616616 0.0383459460239862 -0.001989379772609128 -0.01222091984520692 -0.0001415385075143714 -0.0001212352831447218
2900 0.1614763542229929 0.03834591664447711 -0.001989817689698814 -0.01222089116830625 -0.0001416159603463584 -0.0001212038742438406
2910 0.1614762918646262 0.03834585467895107 -0.001989526025307204 -0.01222089696414028 -0.0001415472799646903 -0.0001212298502953212
2920 0.1614763947183932 0.03834595386593536 -0.001989487295592292 -0.01222091133444444 -0.0001415720265074613 -0.0001212227731271006
2930 0.1614763312570107 0.03834588414026668 -0.001989794322604256 -0.01222087613397644 -0.0001416284019015289 -0.0001211948908176404
2940 0.1614763132553572 0.03834587509013871 -0.001989381071423785 -0.01222091164425557 -0.0001415341753056392 -0.0001212360898812846
2950 0.1614764027309639 0.03834597080995889 -0.001989659189438289 -0.01222090181367721 -0.0001416092159457091 -0.0001212078299631003
2960 0.1614762894624263 0.03834583838199011 -0.001989719102898824 -0.01222089142522738 -0.0001415786145888053 -0.0001212170632003756
2970 0.1614763558205264 0.03834594182150314 -0.001989376268270703 -0.01222091960143281 -0.0001415318438469271 -0.0001212394861792827
2980 0.1614763816803149 0.03834591430179282 -0.00198977452371327 -0.01222088617434979 -0.0001416306744500641 -0.0001211961057330728
2990 0.1614762980894117 0.03834584514755378 -0.001989510452688822 -0.01222089173128698 -0.0001415569993166987 -0.0001212213801109402
3000 0.161476372008468 0.03834594841086882 -0.00198948133467917 -0.01222091025567226 -0.0001415716674177792 -0.0001212211398143073
