"report"
"Iteration" "cd-scale etc.."
("Iteration" "cd-scale" "cl-scale" "cx-scale" "cmx-scale" "cmy-scale" "cmz-scale")
10 0.1920141805568303 0.06154466863460652 -0.0003751210139358999 -0.02151956195697272 6.37301195343438e-05 -5.186041111244114e-05
20 0.225694418027733 0.0654549965985199 3.325176977569741e-05 -0.01994500112112937 0.0001229133432921573 -0.0001227517422169849
30 0.2270385973863656 0.06150965101424391 0.0007230884625520877 -0.01556067841493814 -4.331577984587017e-06 9.282046121680921e-05
40 0.2266490881925093 0.06461778943757231 -0.005816626272710391 -0.01251609760342335 -0.0004764363390333904 0.0001796581316669111
50 0.2240649218650186 0.0652909916424034 -0.01426197068447599 -0.01235481919398124 -0.0003246345040298498 0.0003069105815549834
60 0.2247883646979332 0.06291828245285892 -0.004063307332990632 -0.01442994845623454 -0.000743524519930264 0.00182339662391203
70 0.2292922567817435 0.05808202686049141 0.0002426022273517165 -0.0148434430889387 0.0006058099793150052 -0.00110476955200548
80 0.2306156890453092 0.05839816244882211 -0.000896727210165103 -0.01462320618933398 -3.300927439696311e-05 4.078926200428772e-05
90 0.2304733954590596 0.0593659231891219 -0.00250805563110494 -0.0142240654530049 -0.0001772133752847689 0.0007201925243879825
100 0.2303765471760931 0.05912629134494907 -0.008168612849514265 -0.01465555882932577 0.0003110657967798826 -0.000418775424783275
110 0.2301264126292378 0.06142120646837944 -0.007703092036874104 -0.01560631452510111 0.0002897826021113872 0.000231693219279084
120 0.2321474505676036 0.06212614610280758 -0.002667064388392278 -0.01623447924245641 -0.0002604663605606984 0.001463781712672698
130 0.2337048820622066 0.06124172481832809 -0.00468645169636221 -0.01631873523965212 -0.0001348897958851334 0.0009526876754851903
140 0.232098045156645 0.06110768589073801 -0.006283264334370122 -0.0161823694708815 0.0003546240682600528 0.0001941837260594427
150 0.231833958907539 0.06051145946310835 -0.00135280219861334 -0.01581239561956647 0.0004696559748687361 6.932451562088348e-05
160 0.2318263613154632 0.06067760748484342 0.001095841255509776 -0.01528268475975566 0.0005814804980711972 -0.0004173054880732618
170 0.2301185125522028 0.06134858667909418 -0.0002387323068519197 -0.01519766376853981 0.0009405708788332717 -0.001280471382430623
180 0.2295071673903376 0.06134227585013281 0.001849370379128933 -0.0156713011544365 0.000946985022066604 -0.001241527024843633
190 0.2306640713081463 0.06214627393955188 0.003391932418132989 -0.01604783325721189 0.000681207653409572 -0.001052923760073505
200 0.2306659362628155 0.06257604264489319 -0.002307795795253625 -0.01640983931752532 0.0007118779622239365 -0.001161049691653817
210 0.2299690446948364 0.06250206016764276 -0.004041672439723017 -0.0166077515306206 0.0009057829962614373 -0.001286370806323683
220 0.2304492705138866 0.06328998959883074 0.001444071670961054 -0.01652778939554322 0.0009264682708675508 -0.001394574570636148
230 0.2304784277232559 0.0638680316664872 -0.0001233115316153527 -0.01647244076816378 0.0008147171995464931 -0.001499560491132724
240 0.2300771326398198 0.06300552368029907 -0.00492396935992351 -0.01644362905949579 0.0005515306495819194 -0.00070709949336552
250 0.2312749865814259 0.06196242590824699 -0.003977755567180129 -0.01615172686451102 0.0005110731251095358 -0.0001783516070654707
260 0.2308695881022586 0.06076483153152047 -0.001526248200381827 -0.01585445091720459 0.0008997566130805614 -0.001261248570714475
270 0.2295430717085245 0.06231149729222562 0.002795003795705951 -0.01641983582011752 0.001200479057533723 -0.002350912393756979
280 0.230242965025305 0.06243684481008128 0.003382753771594739 -0.01686426176528198 0.0003677756785297471 -0.001127903503416759
290 0.2296467310445118 0.06079741709367883 -0.003542703629961923 -0.01631216415336707 -2.668091754958959e-05 -0.0006359251856165134
300 0.2285989498106658 0.06139430750749478 -0.006561685314409815 -0.01641250238238309 7.769401492106583e-05 -0.000301125083019326
310 0.2297860135285288 0.06310822118961086 -0.005905876436422544 -0.01663973405123093 -0.0002981075173853735 0.0004947030330937022
320 0.2298055459787481 0.06411985668476053 -0.007397181117318917 -0.01712169313089949 -0.000541670390965015 0.0006982616749023726
330 0.2305153141844385 0.06290086911956091 -0.007623864925652326 -0.01759700100458838 -0.000735361375372315 0.000929930381388025
340 0.2303127559621155 0.06248893653139093 -0.006545427467283905 -0.01722081019568289 -0.001014412925212456 0.001374755235547574
350 0.2285814743080112 0.06255047283118541 -0.005550915605782331 -0.01708827885477751 -0.0009389218850967438 0.001173812963689107
360 0.2283242479724462 0.06115025613978312 -0.003564361106287629 -0.01664417696010705 -0.0005357536325470701 0.0004017017115416624
370 0.2290756468603411 0.06221135727443504 -0.002629786610124745 -0.01609946236735156 -0.0002558006414630109 -2.162325110044217e-05
380 0.2290531159561791 0.06262655233139047 -0.0009292785603251418 -0.01604584234774727 0.0002643348695371971 -0.0009186361921973324
390 0.229383152898347 0.06254771369743112 0.00224826556931513 -0.01622204855651818 0.0006451954806966504 -0.001494418824392368
400 0.2296691086579825 0.06417473719196493 0.004166274978190387 -0.01653744549655074 0.000726572529455771 -0.001762334744263957
410 0.2291486348833265 0.06410350528586045 0.0008516389594847244 -0.01696671953410474 0.0007086114760129185 -0.002022884841913706
420 0.2287356742369525 0.06346638255527864 -0.001919271640895683 -0.01708265002377814 0.0006543438857184082 -0.00172864613995782
430 0.2288639633509505 0.06447610890494729 0.0002291705506589451 -0.01693246963239405 0.0005550131286161174 -0.001439972633867675
440 0.2282166105592142 0.06460761006297873 -0.0006910821013006264 -0.01705610724484454 0.0007095498058164391 -0.002087299783530991
450 0.2290461963677047 0.06390890475836913 -0.002755035815744611 -0.01715110173878358 0.000693985946662665 -0.001825369604270399
460 0.230145118519906 0.06256430477352141 -0.003739306041502821 -0.01679972461249351 0.0003712985542940106 -0.0008531264093920814
470 0.2296736906450528 0.06147155378564995 -0.002146880864795765 -0.01639862336335182 0.0007332646618214172 -0.00154392529311019
480 0.2297085189432294 0.06137913789111436 0.003561507774683821 -0.0164893019785755 0.0009721816504872659 -0.002086504546662326
490 0.2299516039016435 0.0622777836342579 0.002681724271390172 -0.01692371564815013 0.0005914122270709319 -0.002040890513935873
500 0.2283423322457373 0.06086608604657749 -0.004458854324940329 -0.01657512152269754 0.0001965618237943579 -0.001325163352377779
510 0.2275509202420608 0.06114947618576669 -0.003574728201828822 -0.01613156402158168 -1.575880624905386e-05 -0.0004497865859773402
520 0.2273984811251129 0.06266794236277066 -0.001782390997626376 -0.01620060360374133 -0.0003319150426140675 0.0001694159176251885
530 0.2277809094091902 0.06294382633545068 -0.003815939425323645 -0.01658271385339668 -0.0001519537268311357 -0.000242233325992043
540 0.2297198705250888 0.06242183223279563 -0.005591916531425444 -0.01666343862230338 -0.000408685631930874 0.0003062425222986103
550 0.2291969744606281 0.06401473455402754 -0.005839900252969769 -0.01669777412756281 -0.0009211897326053723 0.001350188690280065
560 0.229373642443466 0.06333261771689984 -0.008479253955296157 -0.01681494355409077 -0.0006018035035663731 0.0006541714861483903
570 0.2297716885178871 0.06120839622681609 -0.007912469000447392 -0.01664015162944887 -0.0002083337637967256 9.900164688156197e-05
580 0.2293751441421157 0.06099538148741546 -0.00400270326143176 -0.01633388046332511 -0.0005053771301750227 0.000429005655845986
590 0.2295837128414479 0.06064127332452354 -0.003067942735865627 -0.0163199033547259 -0.0002160031241491495 -0.0005610329875845653
600 0.229806975734752 0.06091233123852533 -0.001168558294366783 -0.01641893341330376 0.0001396350641679933 -0.0009559887738946952
610 0.2297125755589096 0.06179859195515652 0.001366352852822092 -0.0165458688404084 0.0005250348850458494 -0.001560476512362063
620 0.2293398059874244 0.06285379023774973 0.001266519459434364 -0.01692509260350984 0.000848033005796801 -0.002313801050963887
630 0.2298474849995112 0.06320447597241226 0.0006458706533934482 -0.01688403965399777 0.0007454491660105855 -0.001798179171725365
640 0.2295720110808214 0.06292703252529303 -0.0003830665226079735 -0.01675373731954297 0.0005641733079831019 -0.000863879798477846
650 0.2293413955561733 0.06423934340657048 -0.001375704615589444 -0.01699360556665662 0.0008783426970631063 -0.001364792197366217
660 0.2302270958216519 0.06526493310266042 0.001936790413572746 -0.0172990298671695 0.001065925760590655 -0.002023985063847928
670 0.2297792563764299 0.06497392926007822 0.002345291312643444 -0.0172276134020749 0.0005871501792723387 -0.001291199769075628
680 0.2294318193102095 0.06417304816399054 -0.00456485239174485 -0.01695326006368575 0.0004002250625891728 -0.001034844422086367
690 0.2304784037225538 0.06201712917374079 -0.006083808551408143 -0.01648710101879975 0.0005765981583303104 -0.001083786946405336
700 0.2295508583936445 0.06159261670230358 0.001162410784086057 -0.01619864783127256 0.0004733440421776628 -0.0008327970370096584
710 0.2277089887788075 0.06187052816231513 0.001533943350564895 -0.01647035899040698 0.0007956374645037267 -0.002172573608480431
720 0.2286625146718521 0.06132551813186905 -0.001099397484853652 -0.01676486096684898 0.0008307764480433373 -0.002742343578035934
730 0.2279957813770355 0.0615962944651472 -0.002296614456267279 -0.01647060001586061 0.0006178035537812662 -0.002078486620465025
740 0.2268982146739663 0.06170924478936659 -0.001300123042121104 -0.01622773688990036 0.0007041659645080394 -0.001760568396222443
750 0.2275306577430846 0.06205198539051445 0.0006888775702097047 -0.0161444873008453 0.0006727208922241614 -0.001724294890648958
760 0.2281484590631276 0.06306993305145391 0.000372974755523028 -0.01591004827680181 0.0005824082100761779 -0.001824966506142287
770 0.2277370414566627 0.06279127035109584 -0.001565133299027071 -0.01572192220600969 0.0004355262771962795 -0.001624200372100838
780 0.2274052702651753 0.06128769671741216 -0.00238550473792455 -0.01554417446354 0.0001626953687554452 -0.001107180992417474
790 0.2271435393339484 0.06105766936709103 -0.002564583367023606 -0.0151411655858 -0.0001489069351267596 -0.0008198303209353117
800 0.2267654596509341 0.06062909037612844 -0.0044648714504394 -0.01483993388622881 -6.657707202075862e-05 -0.001155222430028306
810 0.2271369840562689 0.06019571744178839 -0.003189581707228344 -0.01467584131270763 -0.0001556036065111385 -0.0008891900647790715
820 0.2283481671388191 0.0597861068919751 -0.002252606791909604 -0.01498707685792767 -0.000541394878875311 -0.0002031012363885482
830 0.2297107644955318 0.06044798175637413 -0.003376919262566605 -0.01579832860930491 -0.0006390751880137026 0.0002249670703460796
840 0.2307488428041969 0.0619057144513943 -0.002824991034427429 -0.0165355646577089 -0.0006988731552128874 0.0007795741972774309
850 0.2313967024045712 0.06220468448365135 -0.0008927100548995663 -0.01680342251117896 -0.0007563807852343278 0.000768400726320352
860 0.2315967466991263 0.06235145114317547 -0.0003416303878346936 -0.01685433140187199 -0.0006310555787051998 0.0004151544720506706
870 0.2322084884098353 0.06180519401010191 -0.002720014987642678 -0.01697074185585427 -0.0004615079094378259 0.0005216505708134662
880 0.2319708583535071 0.0626477792900528 -0.004373427027648692 -0.01657981335629486 -0.0004704232515388521 0.0009950204218223337
890 0.2312954308073078 0.06438802975412114 -0.003297209819841987 -0.01653249181034886 -0.000688474448071965 0.001337620556471375
900 0.2312014139990372 0.06420645806564169 -0.001378432227860949 -0.01639935975453915 -0.0005291825441788023 0.0007383630102001752
910 0.2316463410499456 0.06429264976026586 0.001137562022799136 -0.01602500239402357 -0.0001942411553527343 1.420682543745258e-05
920 0.231840094082839 0.06430073832262891 0.00259150960651525 -0.01565223040899392 5.129193946367814e-05 -0.0003007535207001537
930 0.2316795142604105 0.06387103463393475 0.002184721646900347 -0.01548113146802156 0.0004126269195359984 -0.0007786508429652392
940 0.2317641990392074 0.06432212087504259 0.003106776680922955 -0.01573169448004776 0.0008530381007755349 -0.001547876587033404
950 0.2314660037083304 0.0654119411313068 0.003180328301151158 -0.01611193792975304 0.001045569912073645 -0.001944044303774521
960 0.2308823779625301 0.06486154981019562 0.00279898087041918 -0.01630647021737287 0.0007157719153515324 -0.0009718380157123017
970 0.2311800481614583 0.0637475128325776 -0.0007253937254029 -0.01619768140021047 0.0005872320020893969 -0.0004818217822850633
980 0.2307364857130939 0.06367816593500623 -0.002854831966843675 -0.01603493549596001 0.001106015171306525 -0.001670620018257833
990 0.2302993638770311 0.0638511019795476 0.003284349684180744 -0.01600368468768096 0.001145242089928422 -0.002061295027460149
1000 0.2303783640087958 0.06386801672904921 0.003634453822538475 -0.01624473708936039 0.0004860636840530128 -0.001000715826332995
1010 0.2308607573258712 0.06381110199007238 -0.004059819722654478 -0.01639260560818845 0.0004024622942358287 -0.000734223860746557
1020 0.2315709223343758 0.06189703229135 -0.002338342730340829 -0.01632350632367315 0.000721154115424819 -0.0009228041503033694
1030 0.2310851644537465 0.06153956307492649 0.003273275253041455 -0.01595004718084284 0.0008423294945144218 -0.001177802230094595
1040 0.2307245074615814 0.0642078839376489 0.004724543864048958 -0.01637212772985269 0.0009834935682380488 -0.001955735438800635
1050 0.2306623059251699 0.06323588566022818 0.001617273013017397 -0.01634597235083378 0.0005091832054208844 -0.001228628441717074
1060 0.2294422124201032 0.06308411048740957 -0.00191947725903821 -0.01601711952583812 0.0001001982559726647 -0.0002305588416187928
1070 0.2292014844717158 0.06379425203239411 -0.004380808604797471 -0.01631660714526014 0.0001149567056939059 -0.000325417419332912
1080 0.2297873234411192 0.06364773804419985 -0.004614890388310412 -0.01639687979161015 -6.101402680614396e-05 -0.0001545150218244247
1090 0.2308249161322427 0.06328803511592682 -0.002735464295909399 -0.01652782597774662 -0.000667533600099289 0.0008265001516540643
1100 0.2305762094066647 0.06472275079038997 -0.006074283006233252 -0.01677334767798004 -0.0007819596478332086 0.0009361497392377228
1110 0.2310220150132267 0.06419949037214373 -0.006552581775872285 -0.01709045792940538 -0.0006125215298518846 0.0006531342730825827
1120 0.2313264072354184 0.06213599186357113 -0.00232731124274079 -0.01646369197176853 -0.000534741092266746 0.0006323595697557778
1130 0.2299982816304276 0.06220365526665229 -0.00217869183111534 -0.01625276239350747 -0.0005056421700870565 0.0004870564057557664
1140 0.2300483648162327 0.06266775724840197 -0.002279494534648927 -0.01618482451142481 -3.345426843689601e-05 -0.0003947841537125576
1150 0.2309717140818596 0.06366826399126921 0.00107122051497378 -0.0161488105259984 0.0003011159124744105 -0.0008921144513379053
1160 0.231814658655856 0.06472557764162247 0.003253743506564548 -0.01653360494206034 0.0005079902137381093 -0.001491345587459907
1170 0.2326551650884027 0.0656323195160215 0.002491775825216031 -0.01703407698488349 0.0008804624619577083 -0.002156567642752386
1180 0.2323693137561242 0.06587408308371914 0.001928055819017642 -0.01692901870934278 0.0006222167822170328 -0.00128475110707083
1190 0.2316512328619051 0.06641654427182954 0.001952015549580792 -0.01680513986854128 0.0004117674032848168 -0.0008217196754833539
1200 0.2314837392436343 0.06670350887203726 0.002247169109765074 -0.01703678525400936 0.0007153478299346073 -0.001670098427869283
1210 0.230977862530277 0.06692165216855521 0.001782054998846187 -0.01722536047595306 0.0006071576961199309 -0.001472824665513865
1220 0.2316404346686065 0.06459041293165646 -0.0008507624240575763 -0.01663664730100096 1.146118482614843e-05 -0.0005418907113171718
1230 0.2312026732832313 0.06293942217190823 -0.008609344409740033 -0.01572096418646864 0.0004183875608010451 -0.001527087482738329
1240 0.2302203698852631 0.06240364392011966 -0.005315224196031303 -0.01595405809794036 0.0008782015322993054 -0.001897039591353673
1250 0.2312875046132398 0.06263986140628482 0.0013001808601642 -0.01620592668001523 0.0007422075914016261 -0.001765913809265789
1260 0.2307137144718751 0.06223315242906161 0.0006108309227517472 -0.01635061627688306 0.0005989251753763929 -0.002172049726614724
1270 0.2295624189014062 0.06172667910115968 -0.001720363346285065 -0.01625929110711902 0.0003436075437738571 -0.001616002442702512
1280 0.2298010863274676 0.06247101288604141 -0.001033453193571779 -0.01587158340036203 0.0002621185334144422 -0.001253744451178134
1290 0.2291258438241602 0.06384905658113668 -0.0004536140079802103 -0.0160994677750208 0.0003700088642835524 -0.001565654383840934
1300 0.2294585344463113 0.06359736497356724 0.0007089519756905289 -0.01614831211828188 0.00031041904022326 -0.001580314126877314
1310 0.2300272586354534 0.06350425571856883 0.000243525057593672 -0.01552206052118686 -6.723055981032612e-05 -0.001088238303184747
1320 0.228567497619546 0.06325183265769135 -0.003954733952400748 -0.0149526801920156 0.0001918812659696311 -0.001851420670804066
1330 0.2280728778016701 0.06089684346654636 -0.004310812216095383 -0.01477030638558452 0.0004119040742577615 -0.002219875430721059
1340 0.2290295818290822 0.06049096916774013 -0.0001721878846849185 -0.01462820937302468 -6.860097259811762e-05 -0.00128501309641752
1350 0.228697224238871 0.06047119002858786 -0.001609585631477499 -0.01468394711952048 -0.0002167698736001764 -0.001186556775027719
1360 0.2292076872986711 0.05907761207541053 -0.001473515437697903 -0.01481177042509477 -0.0007152439291252102 1.268298621889017e-05
1370 0.2296999347551394 0.06049297331184374 -0.002819479697316623 -0.01489928757678074 -0.001013176575532958 0.0007976070336912322
1380 0.2300828833845549 0.06164137740193139 -0.004995475847296432 -0.01553210019738574 -0.0008584422713779848 0.0007603877513783796
1390 0.230889016659376 0.06204830609457979 -0.003548723726815834 -0.0162899108102395 -0.0006340851419750418 0.0005180308598580191
1400 0.231682432166257 0.06332687959577415 -0.001519424982182238 -0.01661728504428964 -0.0005381291756064548 0.0004484937371237271
1410 0.2318736436168749 0.06443801493662155 -0.003368806147808908 -0.01667391910982373 -0.0006042968495649244 0.0005312566187773365
1420 0.2323600032299831 0.0641989218791879 -0.003720941877230493 -0.01692815690074998 -0.0008923386503061191 0.00106873543370254
1430 0.2326831418018159 0.06349695007022345 -0.002888550111884967 -0.01667860389097572 -0.001065561952795381 0.001674356560827968
1440 0.2315922702077567 0.06390204850271476 -0.003046091817928979 -0.01624388599484373 -0.001027315931210743 0.001766195562683606
1450 0.2309484114947013 0.06339955948139625 -0.0003131474399274569 -0.01606836051032013 -0.0007521110168508593 0.001077323023342752
1460 0.2315194965457992 0.06337181589847618 0.001711990995938491 -0.01589501187906842 -0.0005698017365569633 0.0006817657044851295
1470 0.2317282456150788 0.06439074138741552 0.001806446489214821 -0.01581661364621344 -0.0001421894963319296 -0.0001175180628314974
1480 0.232102798063951 0.06518932216580228 0.003165915156470836 -0.0158985823663441 0.0003575306391165365 -0.001050511501930481
1490 0.2331961821175617 0.06584554673593358 0.004798004008187541 -0.01625963588895099 0.0005211736964938318 -0.001370670804050364
1500 0.2336311934100204 0.06683227296346252 0.004778375561954038 -0.0166026765691913 0.000512708053516076 -0.0012436668358036
1510 0.2328043103514285 0.06673051211862648 0.001065924048355565 -0.01675316359436735 0.0005228855728335669 -0.001212181446969325
1520 0.2317596117893702 0.06714500793877781 0.0004498680586300235 -0.01695469643779016 0.0007310284900307976 -0.00136345992505772
1530 0.2320544867908184 0.06722824521427619 0.003442312989065449 -0.01701522153266885 0.0006901367597875464 -0.001356287358212681
1540 0.2330031269690383 0.06700452045814592 -0.0007039117511428682 -0.01668743758716514 0.000509947939785905 -0.001494675619279148
1550 0.2324626058764985 0.06451753943758333 -0.006495421260516757 -0.01640287371263019 0.0007724474341355664 -0.001828815329105639
1560 0.2323194357241568 0.06269331470359758 -0.001818695381042539 -0.01594726252563007 0.0006304317112905554 -0.001095083993051209
1570 0.2312646916361721 0.06369761735122506 0.001576643904407902 -0.01601407293635146 0.0007551790210136397 -0.001718201387538946
1580 0.2310246997324527 0.06277865620179124 0.002162631093900748 -0.01644272824828355 0.0007462992373758943 -0.002170905180046505
1590 0.2304882748067701 0.06160399738192684 -0.0005480922548208956 -0.01580106824184106 6.339230208752068e-05 -0.0007356144058896785
1600 0.2287376891038057 0.06274103444269011 -0.003485317637425214 -0.01551849366324251 -1.209718905686406e-05 -0.0002859420669862446
1610 0.2286788689582862 0.06350793436158657 -0.004759794134948247 -0.01608126177360572 -7.311919054149625e-05 -8.125377770135019e-05
1620 0.2297362294465343 0.06383899546577106 -0.004151791913659657 -0.01653170369371406 -0.0004623691417648644 0.0005551344080198187
1630 0.2304703040751696 0.06476143974145677 -0.00600552718237109 -0.01663050991408813 -0.0006228410678458698 0.0007984243847552774
1640 0.2312133370117652 0.06494954656237346 -0.007186874210325253 -0.01697673789358414 -0.0006461635383769339 0.0009478574440649009
1650 0.232214251603823 0.06399820260172698 -0.005208552203860839 -0.01726754646804932 -0.0007151804858297789 0.001169854841109617
1660 0.2313675895223339 0.06375068214207524 -0.005465527375796727 -0.01682238772638988 -0.0006614199585239346 0.001012572767617858
1670 0.2300822095911951 0.06302014121479094 -0.004268283947229471 -0.01649015668876036 -0.0003629128106321882 0.0002213017661789884
1680 0.2304950933131423 0.06348734926349558 0.001010423135683591 -0.01637845177069989 -0.0002192221414738645 -6.519036024068471e-05
1690 0.2308040325687983 0.06449862011905699 0.002228590611981259 -0.01636388116999149 0.0002948293869509895 -0.001001089218222712
1700 0.2308490714653617 0.0653512397221067 0.001378906396191413 -0.01663731944898828 0.0008451259808025878 -0.001947222642469358
1710 0.2318906011004289 0.06574878490852983 0.004230271274710699 -0.01669423825163874 0.0007148779958258207 -0.001520846841424408
1720 0.2312657203775525 0.06580741831993563 0.0009376459664891019 -0.01644160963146612 0.000467024734218557 -0.0009918691704661805
1730 0.2299104217387584 0.0661579289811098 -0.001467589572797415 -0.01649257673244944 0.0008595360952409507 -0.001464152689826687
1740 0.2304077788985293 0.0660014453809795 0.004120932885972303 -0.01656253067849895 0.0007978757971632407 -0.001175979479164837
1750 0.2311607468332126 0.06577608993331069 0.002277477037291477 -0.01657291215873015 0.0006146145982562447 -0.001220317010289675
1760 0.2312131788369698 0.0643302031001366 -0.006078080391002745 -0.01651271324003166 0.0008366015794829649 -0.001704692529966564
1770 0.2315939016504047 0.06256765734078489 -0.002767357989203994 -0.01603846625733412 0.0007314738512394801 -0.001310286954968448
1780 0.2305147806662504 0.06354091682365719 0.001963898655549401 -0.01592569453585159 0.0007920673347413395 -0.001626965741301257
1790 0.2299973397450158 0.06376730485651275 0.001329415877778812 -0.01644923874636794 0.0008563363981245342 -0.002111229640222819
1800 0.230591160216374 0.06334410198343983 -0.0004352486459424004 -0.01610726761627755 0.0001887543811446735 -0.0009622396196217874
1810 0.2294603173505841 0.06370471277742117 -0.00187821334538218 -0.01570455887402607 -4.3643371151144e-05 -0.0004152893949321408
1820 0.2287216426428933 0.06333822518590357 -0.004241665346062775 -0.0159037916476592 2.740553008209266e-05 -0.0005814186324730506
1830 0.2300701227976831 0.0625118369124925 -0.002014224519452632 -0.01604273459753225 -0.0002253716643265951 -0.0002698645880795576
1840 0.2299116043542301 0.06328151937461121 -0.001451535116279153 -0.01585223272255453 -0.0004993211585018599 0.0001433943301053929
1850 0.2285268069198526 0.0634476979201415 -0.007296907003125509 -0.01609236222584666 -0.0006790612932484103 0.0006504986512611847
1860 0.2307241097208796 0.06436632560445076 -0.006001557859090005 -0.01637649615934085 -0.0007928058907198535 0.00109583676138785
1870 0.2316817723957047 0.06480936591632463 -0.002652131920059606 -0.0165124275183035 -0.0007161064334846123 0.0008432445538730026
1880 0.2312194019972687 0.06307649430010762 -0.001804123131434794 -0.01663342903996368 -0.0004834892614649799 0.000521781868776658
1890 0.2313404284574556 0.06280102728036041 0.0008725073881610902 -0.01637983388889207 -0.000114667876878906 -7.595805230084389e-05
1900 0.2310567864828731 0.06400152117252264 0.002765136331062693 -0.01636729693970048 0.0002009636925766085 -0.000833476395614303
1910 0.2317207351755275 0.06532678749845831 0.003804786730243 -0.01704534770613403 0.0005742192518263962 -0.001729659872492057
1920 0.2336380412526713 0.06563329959165762 0.00326926403913462 -0.01720426303179338 0.0006017114539865006 -0.001597183684312339
1930 0.2337247801395007 0.06677327326073657 0.002215293143699234 -0.01709959680444136 0.0004178989013234547 -0.0009393359167122049
1940 0.2331748238736071 0.06687686738735664 0.002011054899458514 -0.01730736735998257 0.0006067564179030951 -0.001434634226734348
1950 0.2331450076656395 0.06552859151143943 0.002296575903293977 -0.01717095728080407 0.0003702419165390104 -0.001412764917564684
1960 0.2316731995537896 0.06558582954144104 0.0008284458314936273 -0.0165293902204506 -4.515492451859637e-05 -0.0006824672322153669
1970 0.2300561802417596 0.06522815963190216 -0.00245387969107857 -0.01619506086753868 0.000167914646198442 -0.0009580887565849958
1980 0.2301033568527969 0.06457175607974412 -0.002203245766116371 -0.01619972356546831 0.0004698814985540035 -0.001750654748268563
1990 0.2308081622140761 0.06448621428347463 0.0004140685994788847 -0.01580130894403053 0.0003143677224243103 -0.001734680802870445
2000 0.2293781804248902 0.06381889078947292 -0.002333546725725792 -0.01515538516035709 8.727150364181309e-05 -0.001272753528964757
2010 0.2288839020269691 0.06289191908610736 -0.001001142928680938 -0.01514461734687009 0.0001398598468059238 -0.001235126667494121
2020 0.2304741586382646 0.06314110563417985 0.002456590837420617 -0.01522249187316107 0.0002658945509420043 -0.001668652411682978
2030 0.2300608263283943 0.06360586044297224 0.001680358829329037 -0.01524790762143149 0.0003248160410439108 -0.002131570585282818
2040 0.2296732470265598 0.0628081571237484 0.0002853498623904377 -0.01512439291057592 -9.691233224967002e-06 -0.00135258329992687
2050 0.2300940296051659 0.06205552081017136 0.001037814850562313 -0.01469142679458982 -0.0004195059815350861 -0.0003747609754351739
2060 0.2297065283713008 0.06258054700353997 0.0009565337776220368 -0.0144480477466382 -0.0003034784792946156 -0.0007430523425387176
2070 0.229456357856158 0.06205715566172901 0.000963843196386146 -0.01452200514159474 -0.0001030093874750368 -0.001231958771199783
2080 0.2298419847976454 0.06153977994051252 0.001689212354562172 -0.0145307395230133 -0.0002427871166173294 -0.000894138991251976
2090 0.229755104677627 0.06205612680904182 0.0009998189998108589 -0.01448026102511361 -0.000360122216721092 -0.0004676167640015125
2100 0.2296086619657273 0.06160426435975001 0.0003953222995209009 -0.01466174756293394 -0.0007241709481544491 0.0005879435847962867
2110 0.2305358265391846 0.06183417852357465 -8.38537149819165e-05 -0.01507215302369843 -0.001130422990991577 0.001580182673318645
2120 0.2315699591435443 0.06335376562701019 -0.001535242243847291 -0.01564881765383297 -0.001051257984258486 0.001447747468761339
2130 0.2318694452854432 0.06358662358307104 -0.001014251590509951 -0.01624457742814447 -0.000875870163561336 0.001141200585110212
2140 0.2323151215728215 0.06395929003594901 0.001067419314105448 -0.01649768187993174 -0.0008983683402870397 0.001287503015471922
2150 0.2329215393125803 0.06412308714485974 0.000127838626305875 -0.01660902935443826 -0.000913041445089006 0.001405794624603872
2160 0.2325817361432148 0.06280515558649973 -0.00154340385181446 -0.01636725158278281 -0.0008442536252334854 0.0016462079648335
2170 0.2318292707214073 0.06351616341086273 -0.001954534772673515 -0.0161342597533475 -0.001024446213762022 0.002097394233944235
2180 0.2313377618739267 0.06373733219047645 -0.001168547722838434 -0.01588248151011187 -0.0008834792290625309 0.001571805256082144
2190 0.2311222979589635 0.06387865440566233 0.0007880350814548565 -0.01581748930068312 -0.0004290529204100545 0.000591363985773466
2200 0.2320429249326842 0.06412764316354497 0.004299875521983213 -0.01581646795379894 -0.000114082525948266 4.488130665408631e-05
2210 0.232611296911014 0.0652548575422157 0.006418767087348357 -0.01585313732953516 0.0003071363088782482 -0.0008189102861272942
2220 0.2327292196566932 0.06628293479388983 0.005584918293895429 -0.0162381557426242 0.0007641045966055524 -0.001639988610666064
2230 0.2336826571760146 0.06579810038761219 0.005101251020691926 -0.01647453042418379 0.0004357736531736359 -0.0008227482026282806
2240 0.2331147998787397 0.06648121720145346 0.002858896881678545 -0.01660502607680558 0.0003350833804051033 -0.0005317096054974211
2250 0.2310115574592155 0.06752543872081834 0.0021304739902651 -0.01695165082269215 0.0007614770905195252 -0.001173307251510817
2260 0.2318179933169598 0.06659305937064393 0.003449157032945641 -0.01718474694455125 0.0007379336268145127 -0.001420236880433526
2270 0.2337691080423077 0.06574286369403909 -0.001210436611168263 -0.01680898804532573 0.0006048337874431383 -0.001612342324758477
2280 0.2330462320826138 0.06434541862216156 -0.00239343631645878 -0.01643358069800163 0.0007172245672293666 -0.00141390183795638
2290 0.2319202441720292 0.06396128002015698 0.002031643674920929 -0.01663084063403522 0.0005971553812623815 -0.001186993467924363
2300 0.2319988047375792 0.06399281096859064 0.003248535353980914 -0.01673335845030773 0.0004508741156286052 -0.001651862336164161
2310 0.2309381960711765 0.06373460186543141 -0.001473253236163824 -0.01645723629510198 0.0003217209813401456 -0.001779604292240878
2320 0.230302040458739 0.06331028272807436 -0.002613671615076367 -0.01597457030339796 0.0001820840256634307 -0.001219398917913028
2330 0.2301574105070067 0.06410125106235066 -0.001363131851354085 -0.01587333900249857 0.0003081038537998345 -0.001406839857463766
2340 0.2300393170955678 0.06411588509912672 7.140414230991773e-05 -0.01612814675718522 0.0004772098381644169 -0.001883680084952784
2350 0.2307873811135189 0.06389038984896588 0.001716986764049255 -0.01582316538683944 0.0003160797773791939 -0.001839804349534671
2360 0.2304347012188205 0.06389618536257012 7.106293743688535e-05 -0.01527246878750393 2.240513587525705e-05 -0.001482284224759331
2370 0.2289890743140567 0.06270584098144853 -0.001643179698684187 -0.01500502299623353 -0.0002613395122276462 -0.0008235631655114909
2380 0.229340402884794 0.06214218747352623 -0.0002311521621745783 -0.01486802368631471 -0.0005389109181966772 -0.0002190479163138216
2390 0.229120600754486 0.06298683992056756 -0.002058149422857548 -0.01504549930672903 -0.0006547229024779573 -2.439378976266065e-05
2400 0.2294259618676303 0.06328528700338933 -0.002391235302159847 -0.01568763666188356 -0.0007677232064397431 0.0005195057517520864
2410 0.231332360972349 0.06420907638633835 -0.001436905579400608 -0.01626567525079864 -0.001025881585130556 0.001284722631593479
2420 0.2317407781132842 0.06500654404916992 -0.002198338362678712 -0.01672198280680497 -0.0008224126486807341 0.0009413728119300405
2430 0.2314821174669628 0.06493499881881268 -0.002577225057580123 -0.01678930080694604 -0.0007146849142678251 0.0007414840651968826
2440 0.2327673818998393 0.06431009322797837 -0.001911925865695183 -0.0167288864299287 -0.001013063331871049 0.001227648567188159
2450 0.2322081262598144 0.0636635614727241 -0.002902946311709217 -0.01625359070562757 -0.001033867296913937 0.001524526883607372
2460 0.23079904798694 0.06387643749468418 -0.003776066165371916 -0.01629919182711903 -0.001001252186255159 0.00159364306608853
2470 0.2308192561370684 0.06335585502648519 -0.0006429284201423953 -0.01613541451689894 -0.0007788356911269367 0.00119592563196074
2480 0.2312838560429794 0.06365766794033652 0.0016159530830053 -0.01579734902818598 -0.0002548780656206586 0.0002537351159848991
2490 0.2313383057104555 0.06434709900186648 0.002010997738864099 -0.01578880659980499 0.0003968689205927071 -0.0008760270648195338
2500 0.2317650131388408 0.06503233028312476 0.004472729089096566 -0.01590710308003107 0.0006490476360675849 -0.001319925543718516
2510 0.2327828578780601 0.06609822985609365 0.006125572499844839 -0.01620783231273376 0.0004210002903842439 -0.001099173776369933
2520 0.2321775730846395 0.0670277850556852 0.00247235571990506 -0.01656780798842214 0.0004829333217777832 -0.001281636903820583
2530 0.23134126414143 0.0666952732774652 0.0009909703267604339 -0.0168001369265619 0.0007014781565329023 -0.001211762522638985
2540 0.2320837064362227 0.06613818727423669 0.003478424303662842 -0.01682663467650886 0.0006948587643168636 -0.0009613863280822298
2550 0.2321389298575597 0.06714252076387599 0.0009685684991671146 -0.01681244169340855 0.0008870091120022573 -0.001795578471503331
2560 0.2317475433434328 0.06647038363217851 -0.003496291777958614 -0.01689394142441828 0.0009303261426415331 -0.002020693514432494
2570 0.2334525320727535 0.06433140235432674 -0.001919676981978026 -0.01651043901360969 0.0004578719290179827 -0.0008556041793352108
2580 0.2322441210555978 0.06377132894375052 0.00017371366708669 -0.01613055952419975 0.0006075153513758511 -0.001085715263301549
2590 0.2314194551936516 0.06398380757100243 0.001697986897702187 -0.01659128308966765 0.0008929226058689942 -0.002160476885174646
2600 0.2315659867950231 0.06282484969905607 0.002036551026609486 -0.01644715436572332 0.0004165145653340545 -0.001488843916119785
2610 0.2297008680350784 0.06200698514856445 -0.001808957639800048 -0.01566569948282153 0.0002903066688419877 -0.00100035275194522
2620 0.2284969704718783 0.06256671124554852 -0.002467851445011553 -0.01558828569398175 0.0003644805178701425 -0.001030838804140007
2630 0.2294935096524971 0.06296323658995143 -0.00104862579519355 -0.01571749639058632 0.0001879892102040064 -0.0008593201789275705
2640 0.229651469692762 0.0628902029023001 -0.003454405152674297 -0.01575470314586879 -3.112285513578241e-05 -0.0007804261929340901
2650 0.229192304122061 0.06289919160074001 -0.005187341538061436 -0.0157750633664906 -0.0004100228662584687 -8.74412878758047e-06
2660 0.230316476262742 0.0635940438433769 -0.005433221094365381 -0.01585530032218151 -0.0009019391676421221 0.001256251238504265
2670 0.2303005422487832 0.06464288154806121 -0.005742563487444602 -0.01629580964224608 -0.0008721345013958655 0.001165857087909805
2680 0.2304804154180169 0.0649267758556035 -0.003435174278831042 -0.01679668386530788 -0.0004701924003884958 0.0002481903880222959
2690 0.232269668101877 0.06373786175812958 -0.0006881833614426471 -0.01678581032262003 -0.0005429586737997521 0.0005123752440943263
2700 0.2312806149938773 0.0634653366056817 0.0002443248578158096 -0.01643176328893447 -0.0004529182066731872 0.0003000134498953865
2710 0.2300795640354216 0.06356791460380053 0.0009016160176504288 -0.0164162965929165 -4.046251133548121e-05 -0.0004745681028289392
2720 0.230970611491233 0.06445791964369876 0.004152619611002345 -0.01641611747847772 0.0002555438074999775 -0.001306077447642603
2730 0.2315102710300016 0.06681497571848945 0.005390496316103054 -0.01692503537377387 0.0005465619708234293 -0.002014005182813472
2740 0.2321187244572894 0.06669640880483654 0.001423617343344777 -0.01723248468185609 0.0006238387177616912 -0.001845127783982093
2750 0.2322121708947176 0.06523658317282485 0.0003408817878838667 -0.01661301048147104 0.0004311175684250721 -0.001335823910662798
2760 0.2308984626693718 0.06628565124754235 0.001696870778799442 -0.01611507763028446 0.0004525007191631501 -0.001523128194302308
2770 0.2297974277798337 0.06647916821332642 0.001651839782422587 -0.01626967180616558 0.0005604817781232438 -0.00195500493386236
2780 0.2309807535820591 0.06463354181100678 6.155249678084363e-05 -0.01612484487273066 0.0002194255258124767 -0.001565064115414928
2790 0.2312993460544929 0.06346833548054945 -0.001636824017444453 -0.01521751763149582 -0.0001307859326500225 -0.001249246477511789
2800 0.228918864481504 0.06303469008025853 -0.002470844494746008 -0.01517039794069848 -0.0003725418187836838 -0.0006609690824892286
2810 0.2294750190227207 0.06224103770693407 -0.00241086388039679 -0.01535367357959595 -0.0007921302581609681 0.0003565161845169223
2820 0.2307493519860131 0.06313453522398838 -0.003641882256337675 -0.01549985700874822 -0.001043305263943559 0.0007789443501004159
2830 0.230584674788921 0.06392276390850761 -0.004052223094185323 -0.01608417077558593 -0.0008764377418323889 0.0006455083290092346
2840 0.2313857572651601 0.06364164172234626 -0.001628140244158108 -0.01642881105733969 -0.0008226766594444357 0.0007594048133659472
2850 0.2319765101855511 0.06418628743697929 -0.0006146752550859213 -0.01648125790106114 -0.0008481440125967149 0.0007146977756063583
2860 0.2318800140927239 0.06340250477623197 -0.0008486153072433463 -0.01669849714321583 -0.0007271552574457308 0.0008473385315240724
2870 0.2315140693027196 0.0632451559614403 -0.001792167758788322 -0.01644974183617776 -0.0007459040717866304 0.001454108257008606
2880 0.231112569335971 0.06491156737202301 -0.003120585340142732 -0.01638656282586105 -0.0008827529902336372 0.001704373971690031
2890 0.2311382714071209 0.06497991906789884 -0.001108533733151834 -0.01621021785786949 -0.0007049282966586432 0.001068469865501125
2900 0.2315298522287835 0.06444852306704309 0.0009337745633311614 -0.0160045247013753 -0.000387460314597809 0.0003653849116840869
2910 0.2319353627743366 0.06450378029557959 0.002853403612968753 -0.01581637519571073 -2.821055013024429e-05 -0.000115294606500423
2920 0.2317669732920098 0.06485486855275961 0.003334852834068504 -0.01554740939504146 0.0003059207698842958 -0.0006539069826408088
2930 0.2314190678977661 0.06517925207542299 0.002790144044335284 -0.015826651131091 0.0007320222197435042 -0.001528937507146306
2940 0.2317687106896545 0.06585913854179376 0.002423998197754686 -0.01631206861900839 0.001007826495131084 -0.002050837691255379
2950 0.2316263047615943 0.06597176893839624 0.001605015976999627 -0.01629853635323966 0.0008085507747295047 -0.001486298752227052
2960 0.2315098217665385 0.06536406719252665 -0.001448386068090436 -0.01609395969805253 0.0007688300620342333 -0.001148955694113001
2970 0.2317679362726887 0.06452914334753042 -0.001119633864361799 -0.01598357780344188 0.001025165456335741 -0.001592262340042877
2980 0.2317929200957488 0.06485930575892668 0.00197204265027183 -0.01592183469615058 0.0008985735796702468 -0.001736907843332258
2990 0.2308800975160909 0.06471961013510194 0.0008687192863067224 -0.01603613208096165 0.0006993916861990085 -0.001416602705298153
3000 0.2312246509877488 0.06241772036691882 -0.002868740774591744 -0.01627508997045867 0.0005705935356256896 -0.0008885649127298605
