"report"
"Iteration" "cd-scale etc.."
("Iteration" "cd-scale" "cl-scale" "cx-scale" "cmx-scale" "cmy-scale" "cmz-scale")
10 0.1795601128318098 0.05802767735355208 -0.0001198664769316423 -0.02071091542064657 0.0002912790232400808 -0.0001062443801360585
20 0.2002485439865716 0.06696180335042901 -0.0002520467497414668 -0.01871632881099757 0.0004788315490773945 -0.0003444049702844328
30 0.2020497937276205 0.06875034946658824 0.0005685308743032561 -0.01488531184862145 0.000721688347114189 -0.0007189288305066056
40 0.2061796007330706 0.06418833760150099 -0.00157370841472211 -0.01304538061971557 0.0004712207854257881 -0.0005472748120973958
50 0.2066199208368551 0.05980732610383512 0.0003659958474908201 -0.01403213820715785 0.0006230724346541068 -0.0005209579745746036
60 0.2028778900475476 0.06017988814448112 0.00155699481389389 -0.0156595306428162 0.0008893534481107063 -0.0008462110395685563
70 0.1985353686281796 0.05906208533369831 0.002082103567457297 -0.01551624423841835 0.001055901704393801 -0.001029863479616396
80 0.1954966707881289 0.05808915195087997 0.003863421206620174 -0.01520192041557324 0.0007085248233050839 -0.0005250246704820509
90 0.1939092219171321 0.05996232780911613 0.004999979336171433 -0.01585474089469558 0.0009083941692143415 -0.0006817495820497999
100 0.1928844266160196 0.06145466943390344 0.006448208477841924 -0.01705092519595546 0.00106690673438352 -0.0008067178643238131
110 0.1932703031196661 0.06189694795897236 0.005481834678953333 -0.01866601269274034 0.0009420443657277754 -0.0007834003261883888
120 0.1925060219294291 0.0622754386766613 0.005476851082374781 -0.01908007816429038 0.0007165952053704615 -0.0004571964910569765
130 0.1913199985448083 0.06114271156244586 0.00415116091331857 -0.01891631666182036 0.0002694551090229978 -5.163343786376448e-05
140 0.1910451518646707 0.05909720228843008 0.0007371741688458865 -0.01883228544130178 0.0001537605256191602 -6.147268578718461e-05
150 0.1913699691281226 0.05789039233666046 -0.001859194780506347 -0.01837889617902711 0.0002301763744388043 -6.375711240288909e-05
160 0.191931368052721 0.05718395308102319 -0.0005114298711948963 -0.01784069629830678 0.0002552626767601601 5.168393026574512e-05
170 0.1928332731954354 0.05802233174484196 0.00162372658218606 -0.01731691554314539 0.0004034406424751175 -3.238877800808808e-05
180 0.1936283572876565 0.058470091648558 0.002835804989613922 -0.01723050642000969 0.0005106200805825318 -0.0001105696269608349
190 0.1937904304234932 0.0580310925114909 0.00381284543034267 -0.0174730577947529 0.0004674548954768668 -2.268307059026615e-05
200 0.1935052150611075 0.05873907215000498 0.004019839712021656 -0.01773605246435355 0.000652589999696787 -0.0002946168292566221
210 0.193545067587004 0.06018692805786365 0.003378746763724528 -0.01804325391280513 0.0009654330958967938 -0.0007706009307055444
220 0.1937324933975102 0.06053491004764188 0.002391434832575079 -0.01844962897776808 0.001086966969166738 -0.001095129357089584
230 0.1939443188998292 0.06014569820380229 0.001452170526370499 -0.01883250114898843 0.0006684563034320418 -0.0008150418105420064
240 0.1942616256955269 0.06038031499337344 -0.001059364820026678 -0.01899466148195019 0.0002245093805696992 -0.0002692473485765357
250 0.1940787602991174 0.06068526903872411 -0.001498822942909282 -0.0190346806953757 -8.746627578240836e-05 0.0002499432486399901
260 0.1932736390245842 0.06012938837160711 0.0001734925977029057 -0.01895270308045287 -0.0002713599789455345 0.0006016930979436181
270 0.1921219061912288 0.05927574370022203 0.0007064379749913579 -0.01866983215424905 -0.0002701297219351716 0.0006537673112653186
280 0.1923005716040823 0.05942682260925339 0.001739976500733817 -0.01830412497184024 -8.121639975547895e-05 0.0004081441610600223
290 0.1932447744070642 0.05990391645196159 0.002199302898083679 -0.0179083221217303 0.0003385757997290915 -0.0001091714366878209
300 0.1941791095369791 0.05914392776862368 0.001991726136837218 -0.01785027721757431 0.0005905376767892034 -0.0003347947363450491
310 0.1942182751486281 0.05808857608901486 0.001883070824457241 -0.01785298396385048 0.0006353268591474906 -0.0003292968106594039
320 0.1940333588186816 0.05772682354599933 0.001003805768851513 -0.017772629674087 0.000623202479073952 -0.0002385765198108899
330 0.1940875802178737 0.05805135778095743 -1.580491256382906e-06 -0.01768460881525158 0.000745829301820029 -0.0003311304071665303
340 0.1943219295122074 0.05788354540395416 -0.0006476009338853964 -0.01769994198176989 0.0009952110902797383 -0.0005534799114231897
350 0.1942966416201337 0.05757515000826639 -0.0004412166054816646 -0.01772467434631212 0.001188032616301413 -0.0007400540961002443
360 0.1936453902078082 0.0575265853607055 0.000687727775449109 -0.01767990299158377 0.00128460432796183 -0.0009412604210149179
370 0.1927710216154764 0.05777827690053951 0.001797855815374065 -0.01769533125501127 0.001582780440409803 -0.001330316866911979
380 0.1921727083970723 0.0587444754567012 0.003846937113372399 -0.01784735648092988 0.001663060351093963 -0.001357506077341816
390 0.1922327445779023 0.05921307987678601 0.004657633256434879 -0.01802886489791706 0.001271782187071836 -0.001073099526998129
400 0.1927291250370988 0.05923258817343675 0.002531111129779334 -0.0180141539244669 0.000709092933403811 -0.0004317608038842522
410 0.1929647036897591 0.05888427472298533 -0.0004738710243997341 -0.01784719646755423 0.0002722328018502053 0.0002225163077635022
420 0.1933909879229752 0.05828407268626105 -0.002897193538337221 -0.01786429776923691 0.0001210926731926105 0.0003303677141946954
430 0.1933520619680696 0.05780204347612387 -0.002763858508636779 -0.01770838859190879 7.197516679320081e-05 0.0001969197973801778
440 0.1933673989719941 0.05822348353666894 -0.0005681303735812185 -0.01748438444491291 9.72398291946433e-05 7.34192141813651e-05
450 0.1938370358052138 0.05918397957755699 0.002269043537587583 -0.01741382104909187 0.0002469655014178215 -0.0001432051976142417
460 0.1942269700228354 0.05902230111839909 0.003721931242573443 -0.01743168704261391 0.0004708228551511001 -0.0003139800824965342
470 0.194379396440936 0.05912185139152545 0.005299254397077662 -0.01736283249845848 0.0005187880336028382 -0.0001745070683378008
480 0.1944732356711662 0.05983168413956663 0.004438579077366714 -0.0178175080594787 0.0008033140342245281 -0.000459194500638915
490 0.1943056429184701 0.06032719667331787 0.002794045013218685 -0.01855900409030819 0.0008842571079943472 -0.0006660738158859966
500 0.1939710922823867 0.05989402807497088 0.0008459569338415275 -0.01886549456169757 0.0006554860734655587 -0.0007152223702332276
510 0.1940666304723813 0.06003228248058932 -0.001228851935598038 -0.01864287933244712 0.0001506906066511837 -0.0002261644546695712
520 0.1937142133366405 0.06073916629437612 -0.001036819169392154 -0.01844524870464104 -0.0001906768157964958 0.0001707280198077219
530 0.1934521707303976 0.06076878838457511 -0.0004077354381200296 -0.01872855090171669 -0.0002277961985280997 0.0002764137311787798
540 0.1930870959789485 0.05994309804923641 0.0009765676203590781 -0.01880991878584652 -0.0001688717680813064 0.0004851859584294258
550 0.1925454738767832 0.05947784325308873 0.003197200157362147 -0.01868207810606513 -0.0001819068996522008 0.0006930464530277375
560 0.1930495180546693 0.05974192788280391 0.003573432501465156 -0.01821793054456124 -2.030606915532409e-05 0.0003789654815427473
570 0.193625063526231 0.05896970533469401 0.001530808215718965 -0.01798708020811772 0.0002611542357237482 1.960196373172592e-05
580 0.193486230202258 0.05816920488035367 0.0008508509060537762 -0.01774603576733182 0.0003534632503633364 -7.414171113358683e-05
590 0.1935998424864158 0.05772817544805759 0.0008852828174771645 -0.01764049593004761 0.0004247877159672123 -0.00021992839775644
600 0.1939288749625601 0.05801330934010835 0.001387897679538538 -0.01754299054912201 0.0005872501824179694 -0.0003977971138645435
610 0.1939681169685343 0.05826624071347843 0.002027803027455205 -0.0174496526073445 0.0007450518631874639 -0.0004183215381005115
620 0.1936102460825029 0.05800562813016417 0.002097212100310929 -0.01737622155088666 0.0008389106329196618 -0.0003877257640769538
630 0.1936723424939842 0.05882270734111326 0.001697151420442155 -0.01747519762966068 0.00102421195979327 -0.0005611109553608327
640 0.1942200446096036 0.06016331822002225 0.001014005604566303 -0.01807732762942366 0.001343709211761845 -0.0009494029530473874
650 0.1941865686235965 0.06079553842820524 0.0005232762389337445 -0.01883714091663358 0.00147008657098267 -0.001471770494067003
660 0.1936671428158786 0.06046518956888756 -1.889038517619592e-05 -0.01951890019597375 0.001158855282780287 -0.001474694301253406
670 0.1932565373316559 0.06005903333430496 -0.002273708915210843 -0.01963145375061624 0.0007691098030451509 -0.0009167746408338692
680 0.1919825518169204 0.05978891229331406 -0.00262977531755694 -0.01897810987670199 0.0005017845266822277 -0.0003310463673952876
690 0.1912413176189334 0.05912900706033601 -0.001246657814404744 -0.01827013056667333 3.709190217577685e-05 0.0003571722459278897
700 0.1917780692270041 0.05885373174857148 -0.0001446468777276044 -0.01783910389234745 -0.0003655734762742491 0.0008402220191990285
710 0.192973437886362 0.05959384532536353 -0.0001351695586453403 -0.01794796409932957 -0.0005675605540481518 0.001017570808295166
720 0.1937306190267966 0.06003350878330527 5.887909477085899e-05 -0.01803300563531956 -0.0004479074671216334 0.0008019688394408411
730 0.1939384411328239 0.05987121527942972 0.0005623715445946675 -0.01821261151904267 -0.0002005802002874115 0.0005023499506653696
740 0.1940145149902108 0.05961137756870559 0.0007275429776261935 -0.01852131885773813 5.227147370424419e-05 0.0002107623727773579
750 0.1940809599434671 0.0595153370379196 0.002411367192333248 -0.01872347247768283 0.0001639111407905747 0.0001046214784659061
760 0.1935070424153804 0.05930262047368963 0.004388421246007718 -0.01841934490696159 0.0003141299999973129 -5.161661071197421e-05
770 0.1931461170526017 0.05856309382382588 0.003960233491610404 -0.01787562987795273 0.0002837090127846072 -4.492943966065009e-05
780 0.1936433776818851 0.05841655745911082 0.001829548751107115 -0.0176124585842369 0.0002648950248806726 7.504587675516001e-05
790 0.1943140727972884 0.0586886353536059 -0.0002189980325353207 -0.01789829039617083 0.0004199800569434623 5.422982367032886e-07
800 0.1943363780679495 0.05844263970609326 -0.001675705855582839 -0.01810912918355172 0.0006058775225823502 -0.0003492028931122605
810 0.1936609638508283 0.05803830378389516 -0.001616923011788677 -0.01818082343327777 0.000900655973627229 -0.0007112248664511591
820 0.19248690535594 0.05906058367044765 0.001291796921623595 -0.01803422557224389 0.001210032982115729 -0.0008986605507935825
830 0.1921973969090796 0.06005371152692632 0.004601395819272781 -0.01793386962955505 0.001157064220409729 -0.0009732300695122535
840 0.1928549567705621 0.06045544331129922 0.004849053661336411 -0.01788970747682984 0.0009640470615668484 -0.001097922369156009
850 0.1937465425878774 0.06033849717315445 0.002290034565494356 -0.01804561654609935 0.0004005888817735538 -0.0004120751784227253
860 0.1942509415079904 0.05940202938639203 -0.001100517995117635 -0.01852851549991205 -0.0001123112293018907 0.0003452131654027895
870 0.1941385769126858 0.05834088329300682 -0.002596339532868997 -0.0189409045511261 -0.0004365483992832048 0.0007267555715049164
880 0.1934376507909006 0.05853399270137226 -0.002526134835034924 -0.01852020473913066 -0.0005035055580414016 0.0008003630172221354
890 0.1929756081005466 0.06003242756967896 -0.0008738168641141532 -0.01807301346856023 -0.0005257778133291782 0.0007307927193348163
900 0.1929447177810084 0.06099555756432601 0.001396935808703199 -0.01822985439150237 -0.0004007321738276029 0.0003998243741521599
910 0.1940058006131793 0.06026079841807203 0.003714887372216556 -0.01852829126611033 -3.290110925465904e-05 0.0002535446230211445
920 0.1939994800927251 0.05911724930362145 0.005552096378024256 -0.0184806517053337 0.0001789645845195614 0.0002665641114224481
930 0.1939803151863097 0.05900084336026119 0.00375898608055654 -0.0182207770551741 0.0001590481287336901 0.0001971967384541331
940 0.1938970975805694 0.05917817184956797 0.0001167715981767513 -0.01802122317700705 0.0003570193192983475 -1.230323892732023e-05
950 0.1942487593141561 0.05855193177899199 -0.002024037683310941 -0.01797446521842457 0.0005574081158431516 -0.0003180410828630818
960 0.1941384041295052 0.05794769121210977 -0.002589279911560316 -0.01797668172590607 0.0007219729113274 -0.0006160114609820849
970 0.1926500275196002 0.05799857153891232 -0.001162376197207449 -0.01788867244916331 0.0009695148066291449 -0.0007066399959979629
980 0.1916241651284284 0.05870455087212844 0.002387896463459671 -0.01769651144611903 0.0008679701533116524 -0.0005469135493187286
990 0.1923860327673843 0.05914018312621656 0.005190043301889029 -0.01774297287274993 0.0009523446450630182 -0.0007523060948800839
1000 0.1930460702085751 0.05978730086154633 0.005986825862802679 -0.01785441199363761 0.001108020993925415 -0.000983093786464314
1010 0.1934269279432928 0.06000495445952128 0.004176120012111303 -0.01806633371483518 0.0008429563472601302 -0.0006892336291232274
1020 0.1938173186393337 0.05979202101806145 -0.0003360552032027061 -0.01837856082072406 0.000339715469115894 -8.475181217792303e-05
1030 0.1938098518067437 0.05886296799755151 -0.003159546123194139 -0.01850032851864026 -5.226052348391732e-05 0.0001823926481204011
1040 0.1937285662048451 0.05863172393384069 -0.002278389858634192 -0.01831784504863988 -0.0001254521817290174 0.0002300612955344913
1050 0.1936345476228581 0.05953393109646246 0.0007019815547520514 -0.01814776838433239 -7.959514095928358e-05 0.0002357158302266046
1060 0.1933274742194054 0.06005828705597119 0.002655078424446866 -0.01834841366950907 -6.541200041960997e-05 0.000193365535881873
1070 0.1931980457355167 0.05937269137409983 0.004204507352410048 -0.01845467665708031 2.292434250392015e-05 0.0003007147264720878
1080 0.1930541117991258 0.05903807926561259 0.00516098456131874 -0.01814300122412758 0.0001926902486002742 0.0002776440106474475
1090 0.1935628554870885 0.0589928258031459 0.003170382414532885 -0.0178127561977042 0.0004638372628753865 -4.134094107961604e-05
1100 0.193738077383374 0.05920149106582519 0.001347766717236258 -0.01782344595121265 0.0008085308539339324 -0.000396103927881066
1110 0.1936526180663443 0.0600636844470555 0.001041269573904127 -0.0180179122535309 0.001209221684659743 -0.0009665116918710153
1120 0.1937955283997373 0.06035063938459019 0.002141515686350552 -0.01833789615434956 0.001284407252397239 -0.001241547235464409
1130 0.1937557370936488 0.06068816855583706 0.002652075054837579 -0.01850968279810055 0.0008973088907594232 -0.0009855063349726598
1140 0.1932206379571077 0.06052532608272788 0.001728475544916642 -0.01866834025155278 0.000225194857436479 -0.0002146951904887256
1150 0.1933536561923442 0.06024160346372597 -4.667938121001567e-05 -0.01859504542953788 -0.0001724880417383331 0.0002661157785697835
1160 0.1937706833980343 0.05985918735048392 -0.0008931381394023261 -0.01848975783727797 -0.0003842430993669922 0.0007540556048049066
1170 0.1936282392956454 0.05941184963974874 -0.002252047995260163 -0.01868937092779539 -0.0005400479133554727 0.0008487641067656214
1180 0.1928642966195181 0.05965665653135871 -0.004638391470648055 -0.01866286974238139 -0.0003876330485880734 0.0004861134602677064
1190 0.1929489020793559 0.06006622944255319 -0.004147944056297212 -0.01846421532003574 -8.239307491212947e-05 0.0003286978068164145
1200 0.1936939332191944 0.05960305230382979 -0.0009196130482463664 -0.01814057750515706 -1.265108939877584e-05 0.0003841726620873309
1210 0.1938825634747507 0.05931668413242652 0.001916905659570605 -0.01782080161462996 -3.206077852184778e-05 0.0004284925713538672
1220 0.1936326330457893 0.05895953661688714 0.00249597699769247 -0.01759812446110937 -6.686734851373517e-05 0.0004844588443660107
1230 0.1936752020321239 0.06031018455676146 0.0007947701966344084 -0.01755741633845005 -8.074304977017714e-05 0.0006067663298736755
1240 0.1939865001029273 0.0605633226318105 -0.001553229431653144 -0.01810305348873103 -0.0001554982470201936 0.000670757457051772
1250 0.1940465093983021 0.06018820965280145 -0.002953129421952869 -0.01867822943762695 -0.0003047352042332844 0.0005696733524699012
1260 0.1935392998979966 0.05986600994599131 -0.001909782820495497 -0.01884725698374659 -0.0003067215569893342 0.0004964896079038883
1270 0.1920423726408378 0.05872300139952961 0.0001602537042759571 -0.01857405026372 -0.0001908851328601291 0.0004176829265187641
1280 0.1907472502526754 0.05856371035244378 0.0009089422938225292 -0.01797823319784907 -5.606302452938287e-05 0.0004041229601757103
1290 0.1916169951031433 0.05783796112113015 0.001490261773518162 -0.01754377061859587 0.0002003983389944722 0.0002197692787690357
1300 0.1928062513661219 0.05805361824629067 0.002644787243248038 -0.01726671169867507 0.0002975087718061489 0.0001131777343327202
1310 0.1937415752950352 0.05797304583554969 0.002819834422175311 -0.01718881811042204 0.0004548610089323767 -0.0001980976595709349
1320 0.1944784501843218 0.0580844350337146 0.002208824864321738 -0.01703605744670546 0.0006526114779862866 -0.0005111021422551383
1330 0.1947668795176195 0.05816497508186745 0.001630207455974632 -0.01710910054350283 0.0008729461541481629 -0.0007402943262760788
1340 0.1948257812736516 0.05856953484281509 0.00101940457803731 -0.01735076403809957 0.001070521985865908 -0.0008945399205583185
1350 0.1951782584209063 0.05922092619941886 -0.000116286498702747 -0.01769429626463957 0.001322217366790278 -0.001092047905462992
1360 0.1944449756241976 0.05925476661862212 -0.0007232417477675385 -0.01815009918015693 0.001361764909466236 -0.001188660706982876
1370 0.1929028633013523 0.05921125070653915 0.001080116549071496 -0.01832613647057256 0.001193741194030045 -0.0009719999318919063
1380 0.1918395803676147 0.05890785864188088 0.002513560373391976 -0.01844637055111779 0.001210849607276239 -0.0009337724429734837
1390 0.191432101652718 0.05913285516113136 0.002997783467960092 -0.01862536972075496 0.00139948456301605 -0.001104843820557592
1400 0.1914411780491266 0.05963795551576795 0.002733623188404229 -0.01881583821779514 0.001454035532229786 -0.001231937959757079
1410 0.1918580609534861 0.05987047005791309 0.001542417705100071 -0.0188376729061197 0.001072344529114529 -0.001054988639756054
1420 0.1928579947343595 0.05928775605965073 -0.0004856215537518643 -0.01875057795935737 0.0004886161456459803 -0.000523136980434736
1430 0.1932436155521589 0.05875933876389113 -0.001216777203409666 -0.01845185371030883 0.0001822731166511361 -1.710784157280321e-05
1440 0.1933040331428547 0.05890911515144935 8.417526071293808e-05 -0.01828993585638957 -0.0001760243833296032 0.0005500423826818302
1450 0.193013951814741 0.05863201701442564 0.003191286849808162 -0.01820513540341918 -0.0005451829369402185 0.001008273439304029
1460 0.19239447348519 0.05898090215344855 0.004569545105424857 -0.01817774840928409 -0.0007235578038064327 0.001106060699050526
1470 0.1926436141779459 0.05993074243743979 0.001985050508410508 -0.0180699945794437 -0.0003499199330144577 0.0004400419282701961
1480 0.1930494351642813 0.05966458942650859 0.001129028739117084 -0.01804904288983212 -0.0001178491542006664 0.0001723751263989966
1490 0.1932476655295947 0.05956029128071404 0.00135525369347489 -0.01801366078712871 0.0001992699156591769 -0.0002503148031609262
1500 0.1936413149207959 0.05962469990165704 0.002494909111985173 -0.01841457621961994 0.0005026430909972601 -0.0004179507296680229
1510 0.194174682067686 0.05961065752713445 0.003962715170672652 -0.01900914835930074 0.0008620526003739829 -0.0006076284098099998
1520 0.1937881952311077 0.06018241195571605 0.005776434759685533 -0.01931944024719615 0.001039564083481424 -0.0007418520734543702
1530 0.1927819768376569 0.06058808979801505 0.005402996054685673 -0.01913302865829584 0.001014706201172419 -0.0008264132971862152
1540 0.1930126860723542 0.06084956154494898 0.001807052713163745 -0.01912290215281818 0.0007443780168867038 -0.0006303964108754851
1550 0.1940053391771568 0.06037944049342149 -0.002604448448165742 -0.01937779651852078 0.0004395422653270778 -0.0003001407965264304
1560 0.1946048394850472 0.059805013314063 -0.005023576832386661 -0.01946276438339714 0.0002723536300184897 -0.0001058514923177941
1570 0.194180589746275 0.05910188963523093 -0.004723143996259943 -0.01922343365597419 0.000239799105507522 1.239313848485031e-05
1580 0.1930426748239798 0.05881892984504188 -0.003042291030550385 -0.01879468211562218 0.0002178991439674994 0.0001557000325270708
1590 0.1921472629851333 0.0590152236417 -0.0007616431972782387 -0.01839205320876751 2.899687384946282e-05 0.0004378644071478363
1600 0.1926727316732838 0.05927360587263096 0.0001490312932375775 -0.01800824446395055 -6.945475012333518e-05 0.0005702005831639249
1610 0.1936966987312218 0.060060616874789 -0.0001042907112404378 -0.01779255336640101 6.71100967408498e-05 0.0005826491676859391
1620 0.1946008002991399 0.06027947766651107 -0.0003918383710034238 -0.0177401430025084 0.0002275910433701611 0.0004088026448986062
1630 0.1948173931994225 0.05978819175024806 -0.001357974277589121 -0.01783360623505896 0.0005949367203105793 -0.0002735545174346516
1640 0.1950614488193389 0.05928723487637504 -0.0009446067560291002 -0.0180407859647848 0.001055510932238968 -0.0007178286524262899
1650 0.1949855194705462 0.05926239001113365 0.0009112831654931354 -0.01799525974794575 0.001185124600521522 -0.0006833433819050629
1660 0.1941476614571963 0.0585441377689927 0.001602806977006073 -0.01778610071541003 0.00118334458746542 -0.0007477943813673807
1670 0.1933040009091921 0.05745821444687874 0.001133777097557974 -0.01753166427995836 0.001421686252060533 -0.001059560148036578
1680 0.1930005433530762 0.05667367179147598 0.001906532291554956 -0.01749194999294732 0.001503831192873025 -0.001143235270948616
1690 0.1930490642465443 0.05622390902451909 0.002485051209478737 -0.01748669869992952 0.001420553016422779 -0.001004238999177901
1700 0.1931703165655915 0.05614482020439767 0.002152655802543926 -0.01736231521372186 0.001369167063515243 -0.0008343317856135614
1710 0.1934762653064931 0.05629389355875138 0.002236987096116444 -0.01731368339715281 0.00122089900506432 -0.0005828402317202966
1720 0.1935803308306871 0.05632598619785574 0.002125135862777402 -0.01734085724122839 0.001018672078550911 -0.0004234691285693468
1730 0.1930826817165097 0.05646673938557804 0.001519502161948527 -0.017413733675253 0.0009083149365232124 -0.0004169655441017097
1740 0.1923350413541091 0.05662732449088859 0.001107269105813549 -0.01754806963084733 0.0008398305253013293 -0.0004615301768177194
1750 0.191856087850537 0.05690840417247961 0.0008906127880600654 -0.01763830822134575 0.0008579900064323137 -0.0005210760878179569
1760 0.1916698349724964 0.05746614060513662 0.001043017091843795 -0.01761276367888275 0.000989112526500474 -0.0005767070406321177
1770 0.1921067804096408 0.05788811590450191 0.00255847333503332 -0.01746740191486528 0.001111097352989601 -0.0006523025512921552
1780 0.19285945170809 0.05870378002254173 0.004776372773990016 -0.01738274176057329 0.001347641682158695 -0.0009673045393003803
1790 0.1936052758718558 0.0595039640141904 0.005511904245744642 -0.01752667793154391 0.001625745031319835 -0.001368883366527975
1800 0.1943403231412595 0.05975142395575909 0.003838103168528227 -0.01765397939071724 0.001628618972695598 -0.001408497167603901
1810 0.1943762168788939 0.0596993982007797 0.0001243957307204899 -0.01787411762474204 0.00129933885488382 -0.001008880590455374
1820 0.1934371072081504 0.05987171671081049 -0.001388882048936934 -0.01858702596943568 0.0007343775315632816 -0.0004551734447569576
1830 0.193260897446815 0.06051018804014605 -2.31042481039527e-05 -0.01916991370797543 -0.0001129683879577481 0.0004894532090742163
1840 0.192400005786727 0.05996391975805402 -0.000553907917946395 -0.01898919318683024 -0.0006307433620908293 0.0009318827914060999
1850 0.1910126377378503 0.05878214148269264 -0.002860690568295944 -0.01843076838731791 -0.0006583307306689614 0.0007537422734899764
1860 0.1908019627218981 0.05939070448301105 -0.003295745832899811 -0.0179291336631993 -0.0005236574419978934 0.000698708554183962
1870 0.1924884028265078 0.05995708677627012 -0.0007295206694100737 -0.01767389839022318 -0.000349729262965205 0.0007317812558899322
1880 0.194017735059851 0.05941566258897733 0.0009697926135904336 -0.01753981516783734 -0.0001638640608309231 0.0005175002022534087
1890 0.1940512633866914 0.05850706721869056 0.002132673108916348 -0.01770228899799885 -0.0001926260024903862 0.0007240549414291994
1900 0.193478931803631 0.05950558558073294 0.001198800332585069 -0.01782068367900382 -0.000277942603390382 0.0008466444745901226
1910 0.1934857233868556 0.06080460519250423 -0.001683007132711618 -0.0179291493036059 -0.0001308281318880568 0.0006954714032858981
1920 0.1932024301381825 0.0607736274958296 -0.002005021299134652 -0.01830908808862411 -0.0001928141490904871 0.0006534984533738506
1930 0.1930561200473492 0.05994125108147799 -0.001268734056656099 -0.01872366296312693 -0.000536576662393103 0.0006944639943085245
1940 0.1925868649434729 0.05849479423915595 -0.0009290197208277036 -0.01893605348682616 -0.0006244919876577623 0.0006690615721120708
1950 0.1916829372937932 0.0583304842908054 -0.0007142588624959001 -0.01853934748102942 -0.0004458183410875015 0.0006693996583727521
1960 0.1918685897233714 0.05860810637090965 0.001026745410436403 -0.01794098780895862 -0.0003065798193024969 0.0006426935059658292
1970 0.1930023975421407 0.05839744441358741 0.002223690032001205 -0.0175118786399172 3.436256500561938e-06 0.000341294677004398
1980 0.193410502534122 0.05792628522911036 0.003350907824545085 -0.0174005753340652 0.0002865328978849837 0.0001145211984532501
1990 0.1936191674902782 0.05816053690976394 0.002496543228262331 -0.01730776621800288 0.0005419301629544697 -0.0002527780317470221
2000 0.1942610370488432 0.05804689799830409 0.0007026420453155195 -0.0172442731115383 0.0006420038783624894 -0.000522431256674428
2010 0.1947210829628366 0.05795953250528703 0.0002097282301958464 -0.01721709057775662 0.0007775073529333813 -0.0007806293179582843
2020 0.1947682386090223 0.05782675611310478 0.001070790474416166 -0.01729902481860611 0.00101717698065426 -0.0009697530650812216
2030 0.194369334155202 0.05774491004390887 0.002707932858861164 -0.01741386615783491 0.001259413062715437 -0.001030864857513578
2040 0.1941512125006966 0.05808482522219736 0.003461470703128571 -0.01740802827796982 0.00146532942395405 -0.001087145184667258
2050 0.1945411186350273 0.05922141176429206 0.003080193234268014 -0.01741714627275343 0.001810356131923236 -0.001310563146455261
2060 0.1946247311752363 0.06049127806026593 0.00240214928872646 -0.01779781509064412 0.002040107255993727 -0.001603973066739989
2070 0.1940460742422211 0.06052839225049495 0.002517243089657156 -0.0185348333957141 0.001791910816104116 -0.001660491971604006
2080 0.1937376609592909 0.06019783184159042 0.000518364595714815 -0.01922439052814922 0.001255382636896329 -0.001264733622175605
2090 0.1930199838316654 0.06038944416865889 -0.0006571517311429674 -0.01918258504420055 0.0007487491773169096 -0.0005959423188008653
2100 0.192520614319977 0.05928993699325166 7.750423519320558e-05 -0.0187181245784147 0.0002285320394745306 6.0525579050853e-05
2110 0.1918360751586795 0.05740024320852587 -0.0001951057984038274 -0.01801960524486913 -0.0001933556274929412 0.0003223551657598259
2120 0.1912861848806962 0.05775652846615364 -0.00133437742693658 -0.01749746269618179 -0.0001115550744176119 0.0002492043996092496
2130 0.1924513879905983 0.05738706553858508 0.000692481699676929 -0.01738416061497105 0.0002574317163710758 0.0001733810830354568
2140 0.1940073700309669 0.05713395842245329 0.003522479059417301 -0.01708095863924748 0.0004132536274954152 6.609695847731353e-05
2150 0.1942559645926022 0.05742322193984094 0.003349447172887133 -0.01692816265450823 0.0005723550632165526 -0.0002058846440540654
2160 0.193875382793943 0.05793162360244548 0.003392822075923901 -0.01689694266399058 0.0007354444142939951 -0.0002711897595657247
2170 0.193976700730343 0.05923397754394243 0.00221713844484309 -0.01702904620899286 0.001071806710619735 -0.0005602338114583943
2180 0.1937499108432129 0.0603453883155474 0.001452577664033194 -0.01770505753074472 0.001195233433083049 -0.0008911809782396736
2190 0.1935473808716911 0.06025787848395599 0.002112811736329855 -0.018843185944886 0.0008936454298004948 -0.001038931166943898
2200 0.1945587901317771 0.05983483570903961 0.001433002981339473 -0.01979900378642101 0.0005672104020104792 -0.0009236035368275943
2210 0.1938880905473614 0.06044484175006619 0.0006032630769205727 -0.01932890025029362 0.0002315422058502022 -0.0002299418119147899
2220 0.1924566959857242 0.06029572368127744 0.001842629355945117 -0.01855035256805653 -0.0002291786704878049 0.00063175513136294
2230 0.1923874618366092 0.05903254786825728 0.002159626136357122 -0.01835255278799724 -0.0007118907622875656 0.001126880074145693
2240 0.1934426234929588 0.05954586202204586 0.0007779959576419823 -0.01823060104818544 -0.000966331741957986 0.001219189178239963
2250 0.1940025974030865 0.06045713561786768 0.0002778834273646549 -0.01854378981089502 -0.0008901863990224975 0.001081088899674908
2260 0.1943377130330916 0.06154656547257967 0.001284440271177189 -0.0185942438235126 -0.0008373005729581179 0.001000019556836739
2270 0.193949973017327 0.06131331550077921 0.001881815202315904 -0.01834496417540586 -0.0008675074482105222 0.0008531441305525462
2280 0.1936169325115978 0.06070765750681734 0.001572762117104892 -0.01811041216430886 -0.0007505810233937846 0.0006662101562513222
2290 0.1938103328068036 0.06035163386388884 0.0009745731896406604 -0.0180214722758037 -0.0006322111315945695 0.0005380786877586403
2300 0.1940206660384392 0.06035491392562056 0.001144240057750921 -0.01812013514828478 -0.0004091711718942575 0.000308623344190602
2310 0.1940238588014034 0.06080846875292311 0.002264222123415767 -0.01835220290385835 -4.917060041708411e-05 -7.163727697611764e-05
2320 0.1940148002030037 0.0616713449956194 0.003590848912533725 -0.01884688150395099 0.000415393490573991 -0.000504672725625624
2330 0.1945203191703923 0.06241662542756678 0.004270107608622527 -0.01931033688523345 0.0005822149103455691 -0.0007553935048475607
2340 0.1946245851760185 0.0623329302884369 0.002730341837201345 -0.01940410541301873 0.0002659121913625823 -0.0004621936802051734
2350 0.1938343534270019 0.06130486480811766 0.0001364964750736182 -0.0191745385507241 -0.0001049429482115837 0.000242652726934708
2360 0.1925201617292459 0.06024905221139823 -0.0009550101333843154 -0.01882293046666134 -0.0002755138815524144 0.0007275821293164926
2370 0.1921061858003291 0.05938917968423086 -0.0007231576535743983 -0.01838232235348691 -0.0005175992022907749 0.0008926100900897579
2380 0.1927008767096604 0.06005352765285114 -0.001143650411153532 -0.01822922721404415 -0.0006291417032699672 0.0007491927653332586
2390 0.1934616870278273 0.0601419482864573 -0.001144046656503423 -0.01843747525619822 -0.0005114936136045246 0.0006893713360242609
2400 0.1937735689928916 0.05996334035041746 -0.0004334823161615652 -0.01850964617330845 -0.0004718639584715376 0.0007486364390857035
2410 0.1937883241565599 0.05977121227472388 0.0007723667369525254 -0.01852027444050966 -0.0004253229121057031 0.0007860054361732657
2420 0.1936242203177904 0.05965912048481804 0.002301926355304053 -0.0184639547750905 -0.0003329323833013406 0.0007393997175261497
2430 0.1933211981686203 0.05928930035945797 0.002969217864445319 -0.01837163196037863 -9.074904458280458e-05 0.0004821949070921497
2440 0.1933772383857573 0.05916350222365898 0.00241757207802963 -0.01826947814603567 0.0003064726696631955 3.505260877327659e-05
2450 0.1936754243613454 0.05885668378124145 0.001011970758748169 -0.01830286927301026 0.0005668758218862976 -0.0003970058833685024
2460 0.1940420949921512 0.05836813005947102 -0.0008409332785972624 -0.01824260211434048 0.0007050268161160595 -0.0005897313594844868
2470 0.1935847933451904 0.05733882139233068 -0.001356729795300983 -0.01804375733875224 0.0007988590796283169 -0.0006404056502493498
2480 0.1927102742220539 0.05691503629600834 -0.000931382343096241 -0.01774633591733522 0.0008260994011647221 -0.000584992617317359
2490 0.1922503010003775 0.0574465731442251 0.0006285496003724048 -0.01759194910335937 0.0006267386106083397 -0.0003001077593381006
2500 0.1926840522644236 0.05762800967959382 0.002133334997724235 -0.01750707946667578 0.0005534131992400636 -0.0002830854115968238
2510 0.1931322980190728 0.05794409276548166 0.003736313953663427 -0.01731774220258414 0.0007299628074672685 -0.000446975647232704
2520 0.1932298202168873 0.05866744794214377 0.005050696093589374 -0.01737067992824781 0.0009436774842331702 -0.0006169659224743704
2530 0.1933258954290384 0.05951163538822835 0.005257690342502752 -0.01780115518742301 0.001053780430033621 -0.0008253447211748778
2540 0.1935563902472787 0.05957208968439449 0.004072820809116248 -0.01843233115202559 0.0008417451646027181 -0.000809768831622316
2550 0.1938458990189206 0.05918442675935764 0.001231713699089338 -0.01902052893540899 0.0004201759889238614 -0.0003870212509119755
2560 0.1936331218482263 0.05900602559941166 -0.00100443921852106 -0.01914668479478457 0.0001723202692960698 -4.594387685471325e-05
2570 0.192615241170733 0.05842520305277919 -0.001712727836153171 -0.01869836137646066 0.0001354833800342492 9.953436956358217e-05
2580 0.1918820983690218 0.05814740671215959 -0.00100601337553932 -0.01801960668585834 7.016316379555265e-05 0.000292743425314202
2590 0.1924715398177427 0.0587210661435392 0.000345773074854769 -0.01794709892307917 -3.893468083953034e-05 0.0003713341425278348
2600 0.1934102465351036 0.05895974654440038 0.001669735003694741 -0.01809935975069833 6.292145971461406e-05 0.0002469901784363881
2610 0.1941404944381701 0.05859260286061945 0.002684752613104321 -0.01805887665663402 0.0002149682327401704 0.0002281342578146326
2620 0.1943896525191749 0.05861409169592215 0.002590444749600322 -0.01775890864875767 0.0004480679527849508 0.0001878527719344248
2630 0.1944481427183329 0.05866198512045664 0.001425775995455822 -0.01762426808348586 0.0006909074682321981 -2.532619831148432e-05
2640 0.1947309739984507 0.057977447915707 3.547871230595648e-05 -0.01772638883391976 0.0008291123403766479 -0.0003824880966179406
2650 0.1946643385355956 0.05752820765757755 -0.0007056553656864568 -0.0177180135101399 0.0009726483555969089 -0.0006942430827080491
2660 0.194009940513936 0.05730013746386914 -0.0006074252160498382 -0.01762123671010312 0.001111508880924979 -0.0008550184056309815
2670 0.1930955169214871 0.0574629052067888 0.0002227339523357809 -0.01752521125602279 0.001134298754939825 -0.0007452331998438956
2680 0.1926238247892408 0.05756813577790471 0.002169786518254845 -0.01756847774067022 0.000900403245950651 -0.0003682496509986591
2690 0.1930114187788854 0.05763493184001554 0.003260386542554644 -0.01755816863056865 0.000858030188202969 -0.0001883240081933636
2700 0.1935852264929698 0.0581984574322871 0.00311604162215184 -0.01754246774753036 0.001012871650929171 -0.0003258033968756097
2710 0.1937977293909049 0.05871411099150973 0.0023920354226083 -0.01776625694007604 0.001299585474549898 -0.0008236396914283682
2720 0.1936450867010067 0.05920979998494608 0.002242164281628179 -0.01801822884224135 0.001641142393426198 -0.001387903782318328
2730 0.193092057980325 0.05967886308602113 0.002167320826457535 -0.01817265162369711 0.001510759654017195 -0.001457001873254623
2740 0.1926111065604915 0.0599324200834002 0.001139327061548481 -0.01821482121184946 0.0007556786771057585 -0.0007377544801544016
2750 0.1926373833226252 0.0595829815051674 0.0004785419173970918 -0.01812392013679024 0.0001524363792609159 3.946523194031693e-06
2760 0.1933171593216287 0.05882603691288026 0.0006378349540389943 -0.01806938896858034 -0.0001101638050753853 0.0004458195522019885
2770 0.1935008444573401 0.05826020798129514 0.0005675315629112726 -0.01793423668762753 -0.0002598506494544069 0.0007247337992317147
2780 0.1932253596011839 0.05838108847681504 -0.0001523321548968819 -0.01787619685408852 -0.000289783185801504 0.0007691206320148589
2790 0.1932491012894302 0.0583497696522515 -0.0001604209440254639 -0.01774508052888175 -8.458919975448669e-05 0.0004590725964186809
2800 0.1935411124548784 0.05825525479993589 0.0007078535762986881 -0.01757662672076554 0.000260755339409201 1.899563220719735e-05
2810 0.193720787757239 0.05847296467678565 0.002126087700676046 -0.01743249184243103 0.0004175940613985783 -0.0002635813998246583
2820 0.1938731412980378 0.05852698020684073 0.002600777798468279 -0.01731984620460718 0.0004796375925640708 -0.0003874755135030312
2830 0.1942198644969099 0.05854591142232432 0.002669625142044923 -0.01724416020061995 0.0005489078379794637 -0.0002400735898123265
2840 0.1943771107137666 0.05854538577677112 0.002529576296149548 -0.01748548304920114 0.0006418174515181149 -0.000165057366333853
2850 0.1940170196950072 0.05913159324136532 0.002099961083752962 -0.01813342119995283 0.0008560644281775408 -0.0004734354112607162
2860 0.1937777463144609 0.05968480603009071 0.001162456225219906 -0.01885834287939121 0.001051532330182857 -0.0009604670894836443
2870 0.1938855341008171 0.05975735746134538 0.00113649994464393 -0.01918335358178487 0.0009047459013477917 -0.00101540466173718
2880 0.1943347042393289 0.0604698148107241 0.0002690812798676779 -0.01906662763660291 0.0003716146106555162 -0.0003690242384891443
2890 0.1935899299432796 0.06082515294249354 0.0007455673739851757 -0.01889338596644814 -0.0001818681642297938 0.0004049825343190529
2900 0.1924105936348962 0.0601159336687019 -0.0002075758030915165 -0.0189080935704356 -0.0003399442197203403 0.0006668148926782849
2910 0.1922333808186183 0.05967700916864575 3.971414442063061e-05 -0.01857654908168296 -0.0006371915380545455 0.001042538518478495
2920 0.1931769023337347 0.06048417837487432 -0.001042832832081673 -0.01847362287204335 -0.0006255739353000198 0.000947709432561118
2930 0.1937506295871261 0.06032276536164043 -0.001918580572969269 -0.01867707848598026 -0.000489136676903607 0.000759086722201083
2940 0.1938885056771623 0.06000367810669351 -0.003049625448971788 -0.01873419209359444 -0.0002421192267847767 0.0004575636817032292
2950 0.1935394024545339 0.05988933070252015 -0.003581505319942183 -0.01847420828944155 -6.182684542401612e-06 0.0004204412390983197
2960 0.1928262877737498 0.05941386953909608 -0.002863666484897594 -0.01816498446387406 3.834400073573917e-06 0.0005847585716805223
2970 0.1930406331599771 0.05924221321672635 -0.001930191591361981 -0.01797299750726322 -0.0001956446395127352 0.0007416305794479376
2980 0.1935248540013905 0.05911691804384353 -0.001823514751231757 -0.0179898783589815 -0.0002606760911297802 0.0006920952633153872
2990 0.1936523277173219 0.05894072704929415 -0.001885580259252791 -0.01802077875462632 -0.0001515909977310092 0.000566719662367837
3000 0.1935959402969622 0.05896550041617991 -0.001543173128273739 -0.01801776372740739 -3.553141558594898e-05 0.0004766788567740704
