"report"
"Iteration" "cd etc.."
("Iteration" "cd" "cl" "cmx" "cmy" "cmz" "cx" "cd-scale" "cl-scale" "cs-scale" "cmx-scale" "cmy-scale" "cmz-scale")
10 0.1527740311559804 0.0619725701555579 -0.02549244288460207 0.0001256606026411537 -0.0001112959306292125 8.783973876466659e-05 0.1586905858795259 0.05469768087574213 0.000126888310652016 -0.02772462003713461 0.0001171611818130757 -0.0001084223970142638
20 0.1799891794853542 0.06206750660092195 -0.01808455892727511 0.0001239070022071744 -7.12326259258377e-06 0.0004892360156347306 0.1848845449746611 0.05724738836161643 0.0004499702623708802 -0.01985299460279329 0.0001555833322368749 -9.237333799740337e-06
30 0.1827674951484973 0.06266479557892884 -0.01570004408096863 5.162991795881483e-05 7.147758116236185e-05 0.0004042490119206448 0.1870601586916278 0.05795283630128659 0.0002783957427076189 -0.01787096576569457 0.000113263964690499 6.076043656167769e-05
40 0.1774780839689902 0.06508541225449012 -0.01675723759883385 6.738360279521888e-05 6.20932556184076e-05 0.000508929433339025 0.1818866301892647 0.06010997064546952 0.0005204220862506827 -0.01908354823961511 0.0001035545424800674 7.197306043974807e-05
50 0.1760946664773507 0.06541877157195661 -0.01668601597973263 9.854144220245895e-05 9.481649370073761e-05 0.0002573731715453032 0.1806745549313757 0.06113283766658507 0.0001881684296224972 -0.01885829888645475 0.0002170221209061084 0.0001081653567918851
60 0.1759005536039709 0.06245720158062183 -0.01713151377658691 5.947484839487881e-05 5.928062764379687e-05 0.0005667880418588524 0.1803080045896597 0.0573347622689914 0.0004647613098109463 -0.01956977890350184 0.0001755523404384762 5.309608809715354e-05
70 0.1766899723400895 0.06289385545793158 -0.01752804140204347 -2.426885756376992e-05 0.0001091666196000919 -0.000164429789045418 0.1808851999719837 0.05761996006910156 0.0002055687732319977 -0.01991559000945526 -9.726768519084894e-05 0.0001262889493504239
80 0.1760718677341227 0.06376460840046171 -0.01725261976718437 -2.008577160515319e-05 9.094585540887427e-05 -0.0009983112359346798 0.1801210827551019 0.05924935073761346 -0.0003016827549355602 -0.01932100032338656 -0.0001795698357271405 0.0001286678685514508
90 0.1742632430727433 0.06317808209130001 -0.01665058851376916 4.369152234903183e-06 7.292757491335981e-06 -0.001328268904958217 0.1782860994078338 0.05946278293394314 -0.0006441364886663295 -0.01841984969367294 -0.0001475579145902505 4.689470856782139e-05
100 0.1731714914933525 0.06253307625697292 -0.01618435922510893 -8.371374773203208e-07 -1.630356787894505e-05 -0.001330505908546944 0.1770551366590817 0.05934735867548325 -0.0008664014875752204 -0.01776249296194447 -0.0001284015872186988 1.342581118294017e-05
110 0.1725093600283366 0.0623783431910928 -0.01589897584138678 -9.939317449428041e-06 -2.839310788779868e-07 -0.001082600832242641 0.1762268644871738 0.0593957503922035 -0.0008488303459970968 -0.01738893807501043 -0.0001011394954711282 1.832943013032674e-05
120 0.1719215434950769 0.06210543314460101 -0.01577569116555242 -2.930140419849048e-05 4.526459258417506e-05 -0.0006188316336645248 0.1755110743953167 0.05896581070168599 -0.0005225689980393999 -0.01728486668994366 -8.793614356614185e-05 5.507301888704422e-05
130 0.1716881475675063 0.06187757979721755 -0.01570044871228459 -8.709847540601494e-05 0.0001221311939761185 -0.0001481105434247094 0.1752850540661355 0.05846702623111218 -7.244195003803005e-05 -0.01727113768682929 -0.0001272165434984708 0.0001284047958916248
140 0.1715236022856803 0.06208529226211118 -0.01555759448618363 -6.899422176497654e-05 0.0001280094376896967 -4.853668976562875e-05 0.1751815566930441 0.05863926630305438 5.860397037903949e-05 -0.01715028482639912 -9.914252215517081e-05 0.0001356096340032687
150 0.1711748685439779 0.06239840119523667 -0.01539733438816109 1.789282763192424e-05 5.958849876303998e-05 -0.0002785508812262398 0.1748543029481466 0.05909091588245381 -0.0001722235940443901 -0.01697344187867231 1.008672801724068e-06 6.818810489936048e-05
160 0.1707725309076833 0.06236004726968607 -0.01531116527271549 4.620800728563064e-05 3.416538043601714e-05 -0.0003868584792215183 0.1744472687490743 0.05915326122542825 -0.0003015083345356995 -0.01687379609442399 4.659724007603527e-05 4.26043776108081e-05
170 0.1704838284544395 0.06203128135633112 -0.0152868024653074 -2.989693915708412e-05 9.718996699761086e-05 -0.0001613190241099856 0.1741667552381865 0.05880140314301741 -8.277286176342668e-05 -0.01685901647892228 -1.476503401748995e-05 0.0001064033060106622
180 0.1702391697583805 0.06176678755374547 -0.01528151966375998 -9.716109757138211e-05 0.0001486604153518828 -1.1635097187307e-05 0.1739521159409395 0.05845674036052897 9.020595664007779e-05 -0.01686669679308089 -8.132939842668687e-05 0.0001603236941683232
190 0.1699740392066239 0.06161182192944802 -0.01525893435320846 -0.0001211855578654997 0.0001561477074239043 -0.0001218424772540469 0.1737135332724795 0.05825092885875409 2.808760592204543e-05 -0.01684618510654036 -0.0001227867389003524 0.0001709620706473514
200 0.1697423299634442 0.06151354781782886 -0.01520149689182898 -0.0001425252160479745 0.0001600174235437063 -0.0003003118838637378 0.1734938443752262 0.05817061421715247 -0.0001006310840069227 -0.01677404390758623 -0.0001690166565639298 0.0001776022775028444
210 0.1695655358980719 0.06144867642621892 -0.01512544193904127 -0.0001597878905651319 0.0001605731036479853 -0.0004744801668335643 0.173316526783843 0.05817012313449686 -0.0002379958367627224 -0.01667127321274069 -0.0002088956286650301 0.0001801094534084854
220 0.1694392236247414 0.06135734148148513 -0.0150504763565052 -0.0001663495965172297 0.0001480618915053835 -0.000667754650879452 0.1731817376165529 0.05814157433534996 -0.0004151045834438581 -0.01657035238572447 -0.0002318594697502574 0.0001683593535557981
230 0.1693451149739399 0.06120133587906634 -0.01498226268699485 -0.0001744010111380465 0.0001336208873849747 -0.0008271938642351553 0.1730788510573438 0.05801609114208384 -0.000580660943659659 -0.01648678800202383 -0.0002480301531641788 0.0001532265489069892
240 0.1692673528333289 0.06100560633637725 -0.01491971213980185 -0.0001901876494666788 0.0001278891388379518 -0.0009068694601243057 0.1729954150544546 0.05781988720990156 -0.0006872305246609504 -0.016420563641228 -0.0002618439599679758 0.0001454109965284797
250 0.1691805381492382 0.06080774481582314 -0.01485826810821349 -0.0002027380974073105 0.0001273285093012149 -0.0009139906831835653 0.1729041340088306 0.05760964947231119 -0.0007343818038984988 -0.0163618602741371 -0.0002647421016481059 0.0001418634804473763
260 0.1690786332854738 0.06062394524790787 -0.01479329860065011 -0.0002075884412273854 0.0001257724540003157 -0.0008911113342679208 0.1727966311564411 0.05741614098323655 -0.0007571928844257391 -0.01630086090708991 -0.000256130513771434 0.0001368878849590841
270 0.1689845537937763 0.06045498104701714 -0.01472674827096258 -0.0002112381725612397 0.0001248131745777208 -0.0008505364261291476 0.1726951254150452 0.05724320544241391 -0.0007618425596776113 -0.01623690944802673 -0.0002448789373044376 0.0001325965798039787
280 0.1689038568592034 0.06029726364902799 -0.01466213750152641 -0.000212192909587605 0.0001227657348382098 -0.0007832501163121748 0.1726061755835506 0.05708400818506038 -0.0007329606954144564 -0.01617353620879312 -0.0002316322580765811 0.0001278638360869418
290 0.1688272780673232 0.06014425580181316 -0.01460377723117691 -0.0001988676902968033 0.0001111498180380669 -0.0007071499230387173 0.1725222172509498 0.05692876446921612 -0.0006812550008900631 -0.01611613825728088 -0.0002085767986166161 0.0001146262123686152
300 0.1687438023878064 0.05999982111813657 -0.01455338610068759 -0.0001776079710632079 9.600240696337278e-05 -0.0006424988804112755 0.1724321309176725 0.05677923715272511 -0.0006270281567880674 -0.01606732699939964 -0.0001834724966780973 9.872294639645877e-05
310 0.1686583362099754 0.05985917904309315 -0.01450708866306207 -0.000162234681993444 8.648743845364482e-05 -0.0005717826055170884 0.1723405046665212 0.05663074856926232 -0.0005582374201327071 -0.01602337380809681 -0.0001685322928002415 8.887645939464076e-05
320 0.1685720965948568 0.05972026878549284 -0.01446198743305202 -0.0001435419332758248 7.597240019509277e-05 -0.0004964006984478122 0.1722488709477703 0.05648285360467736 -0.0004812150010450965 -0.01598131244054677 -0.0001521417664827544 7.81761161040498e-05
330 0.1684855541728706 0.0595960682447432 -0.01442062369645689 -0.0001187918561820356 6.441613127334352e-05 -0.0004203162593099404 0.1721577009910432 0.05635091794310156 -0.0004018202793455668 -0.0159431435815496 -0.000130633818978027 6.651166339775769e-05
340 0.1683956484622341 0.05948163644660052 -0.0143826531986631 -9.2786683512221e-05 5.225966106513637e-05 -0.0003531012368489106 0.1720637630412194 0.05623077173085587 -0.0003307195658446528 -0.01590788526036559 -0.0001084840581765838 5.428649141099256e-05
350 0.168306948704639 0.05937560068205275 -0.01434829539569166 -6.967376663141426e-05 4.187219269378636e-05 -0.0002914082515509233 0.1719716508779943 0.05612094910437801 -0.0002658716950013146 -0.01587547838059059 -8.889906298976194e-05 4.384293290891894e-05
360 0.1682355089890616 0.05928605341080508 -0.01432132681217074 -4.797004888352082e-05 3.531518979164406e-05 -0.0002392329435640879 0.1718971788271546 0.05602937460721037 -0.0002100833759193526 -0.01584965492662597 -7.034855632343973e-05 3.736428816129891e-05
370 0.1681733451553581 0.05920555144092108 -0.01429773026669382 -2.603371892100538e-05 2.841585064066651e-05 -0.0001939181765708899 0.1718321606975186 0.05594911324517401 -0.0001587851404309348 -0.01582619517912363 -5.200973006101907e-05 3.077504612932734e-05
380 0.168110961228187 0.05913575870317387 -0.01427528259750531 -4.844056947812379e-06 2.010274386106508e-05 -0.0001488022173156558 0.1717668619774327 0.05588193466267715 -0.0001055196519981742 -0.01580288405959012 -3.510444269460403e-05 2.295078866783115e-05
390 0.1680610732267982 0.05907697577731584 -0.01425626227940798 1.341507332151181e-05 1.487486053307609e-05 -0.0001092632117178107 0.1717139236624802 0.05582736696016049 -5.716967343626244e-05 -0.0157822790892437 -2.122977993010483e-05 1.82776875212907e-05
400 0.1680178661476242 0.05901557491751952 -0.01423611722321368 2.967298133109673e-05 1.035518161198878e-05 -6.908209689743967e-05 0.171667643071578 0.05577049004400756 -8.137943597298667e-06 -0.01576028449232339 -9.127598895864891e-06 1.433541706684179e-05
410 0.1679807876451636 0.05896142859655937 -0.01421639197961536 4.483415947200019e-05 7.326470941025874e-06 -3.731300410524034e-05 0.1716272816669149 0.05572064704832326 3.259571008812169e-05 -0.01573858138088528 2.019491209484934e-06 1.190349270098256e-05
420 0.1679532392567108 0.05891593385019686 -0.014199270191002 5.769737942503452e-05 6.796394902396184e-06 -2.576540978181353e-05 0.1715965451243339 0.0556796054401945 5.34755875149524e-05 -0.01571932913895779 1.068557895014396e-05 1.201278285548255e-05
430 0.1679193672179415 0.05886984277551866 -0.0141800241480466 6.778093422053836e-05 3.923907093987374e-06 -1.631363071314391e-05 0.1715598110111241 0.05563846070247976 7.245274636010698e-05 -0.01569778406591192 1.650730456985612e-05 9.813902944067434e-06
440 0.1678881993594432 0.05883614892251867 -0.01416310058031592 7.541288394157239e-05 3.564859786565077e-06 -1.444335566690353e-05 0.1715261509491645 0.05560996340111877 8.354163782715022e-05 -0.01567845861643914 2.008281669584032e-05 1.011361716695284e-05
450 0.1678658248428792 0.05880564509108493 -0.0141482095550105 7.99699341263666e-05 6.856232369593921e-06 -3.11707168529971e-05 0.1715014268289065 0.05558422844143979 7.547844897323687e-05 -0.01566113771409592 2.080420307598986e-05 1.402043782065546e-05
460 0.1678342551741406 0.05876997460049658 -0.0141297823828651 8.214117261531389e-05 8.513735420504179e-06 -5.260788314803961e-05 0.1714675973872983 0.05555270954733629 6.144780912305187e-05 -0.01564033197049806 1.955407391087404e-05 1.619622465571103e-05
470 0.1678100294988978 0.05874596267903594 -0.01411499114290158 8.164404792316486e-05 1.578565658136429e-05 -9.290369616310983e-05 0.1714413584635454 0.05553266000543723 2.711813983335506e-05 -0.01562324342926613 1.62091485712897e-05 2.38997326217103e-05
480 0.1677924372431894 0.05871562582709286 -0.01410024013577104 7.871523272578502e-05 2.490349733457713e-05 -0.0001479465000424797 0.1714221685580123 0.05550650807055047 -2.26764692740293e-05 -0.01560624008502499 1.079927827674262e-05 3.34184832598777e-05
490 0.1677684208704687 0.05868061758559307 -0.01408199629591823 7.817703367197857e-05 2.719694457817156e-05 -0.0001769953554124304 0.1713971558145497 0.05547638294140091 -4.706515005679078e-05 -0.0155856943489869 8.066364680687314e-06 3.608881458404798e-05
500 0.1677524566915819 0.05865569707497153 -0.01406813900825356 8.218151633716767e-05 3.044453819017427e-05 -0.0001893318153997837 0.1713805775094979 0.05545693377399913 -5.525457711286061e-05 -0.01556945227694207 1.015723294210122e-05 3.969574776574726e-05
510 0.1677276330277176 0.05861625021891181 -0.01405085362481105 8.867115277633584e-05 3.170580813257398e-05 -0.0001894484443903897 0.1713551695918577 0.05542279444211899 -5.208197257878872e-05 -0.0155498265586104 1.508396973382569e-05 4.127069687839533e-05
520 0.1676902008031887 0.05858320817514507 -0.01403138949390516 9.612405662806796e-05 3.198141682000014e-05 -0.0001709480296014858 0.1713172655134064 0.05539433229358012 -3.218497749053195e-05 -0.01552829821424704 2.176159635620806e-05 4.175797283999195e-05
530 0.1676689525369572 0.05856671535871872 -0.01401953766818977 0.0001021099521245352 3.939591800881247e-05 -0.0001534736605508794 0.1712962522264951 0.0553819929374291 -1.543370130727477e-05 -0.01551473075850675 2.803660461964283e-05 4.931095205630008e-05
540 0.1676390048703261 0.05853684394506049 -0.01400440437877562 0.0001069215326188778 4.134233664338671e-05 -0.0001116779789695729 0.171267895160645 0.0553567570457892 2.38929944117494e-05 -0.01549815135761688 3.441539081598164e-05 5.136184333528903e-05
550 0.1676058345768754 0.0585165418244343 -0.01399017977228716 0.00011091543452164 4.531317918536288e-05 -5.695700026583298e-05 0.1712376155523195 0.05534230330622555 7.550160418911766e-05 -0.01548245033354671 4.113963913406074e-05 5.545335020623339e-05
560 0.1675955495340672 0.05849640969285719 -0.01398132942099603 0.0001114524299688822 5.885649920524753e-05 -3.773163073459667e-05 0.1712298221540124 0.05532876512832829 9.339755465322398e-05 -0.01547174238509494 4.456540243065154e-05 6.923339801489251e-05
570 0.1675663772576519 0.05844781409048783 -0.01396218118600863 0.0001097914616844831 6.398168347900402e-05 -1.671589293635579e-05 0.1712013842254786 0.05528577071237711 0.0001162064566304872 -0.01545047110991489 4.489998268573167e-05 7.472985719439685e-05
580 0.1675434109481829 0.05842450360498348 -0.01394681124862874 0.0001070785422834344 7.213916971931168e-05 -8.782933682900838e-06 0.17117686744938 0.05526591921351582 0.000129894487590401 -0.01543303065816073 4.261856952873082e-05 8.342632615534959e-05
590 0.167544946243531 0.05841157131600892 -0.01393839004861461 0.0001029773090232157 8.437896476707389e-05 -3.905963174845502e-05 0.1711750195812961 0.05525364790108648 0.0001084945644818409 -0.01542300378020769 3.716340943783168e-05 9.628429652551244e-05
600 0.1675104735135088 0.05838081196565865 -0.01391998656213936 0.0001020047516689111 8.153304514920747e-05 -5.285296254453184e-05 0.171137819359492 0.05522278868344381 0.0001047670941426678 -0.01540349508391938 3.32058575991562e-05 9.396176272803395e-05
610 0.167481020333065 0.05837787517970101 -0.01391026356954155 0.0001036660899141788 8.461884302992572e-05 -8.976135348487532e-05 0.1711070146579455 0.05522147049328383 7.789717120683242e-05 -0.01539267014531951 3.086748537822938e-05 9.740284039713319e-05
620 0.1674651646017234 0.05835699673383636 -0.01390396657870359 0.0001051001518251195 8.879829096895646e-05 -0.0001631797901843168 0.1710906065956992 0.05520441429878273 1.397851570532812e-05 -0.01538478461127832 2.77494379384587e-05 0.0001017867421690343
630 0.1674101571099987 0.05831095005475475 -0.01388489075437262 0.000109719345076484 7.716783810883196e-05 -0.0002020340174417287 0.1710357349788696 0.05516428482006061 -1.677858346673314e-05 -0.01536333714070272 2.801156690581389e-05 9.024367768687214e-05
640 0.1673854348567271 0.05830667083733758 -0.01387872646011689 0.0001156468323363675 7.724110143094188e-05 -0.0002626993411467482 0.1710109372110903 0.05516715366979831 -7.126211337304433e-05 -0.0153539853794872 3.055717023194834e-05 9.036711809970754e-05
650 0.1673814967267241 0.05828706574916771 -0.01387249657197583 0.0001205280036743717 7.553016755527443e-05 -0.0003375055210501861 0.1710061670515828 0.05515473858278686 -0.0001415732509988015 -0.01534413340578812 3.323784527491557e-05 8.871634819072442e-05
660 0.1673432028353909 0.05826137816289869 -0.01385203330518245 0.0001279748604131671 5.959728494550328e-05 -0.0003548200926869251 0.1709659607110837 0.0551360175909841 -0.0001562034549782885 -0.01532013626274767 3.969450781509499e-05 7.285010066050243e-05
670 0.1673525491975832 0.05829074645084869 -0.01384757197699834 0.0001336814784410169 6.180393590243292e-05 -0.0003956946523968702 0.1709723589947752 0.05517211714691457 -0.0001954707192788793 -0.01531247642830127 4.538331540189051e-05 7.518391282910305e-05
680 0.1673762075039939 0.05829132419743092 -0.01383897691519253 0.0001360114517222723 5.977481961237696e-05 -0.0004360193361914952 0.170992203516036 0.05517843867526111 -0.000234345269328081 -0.01530130745437329 4.795993285973859e-05 7.333494891844855e-05
690 0.1673619519777121 0.05828731596795195 -0.01381735274794485 0.0001398822468888 4.552731240254495e-05 -0.0004122956915095553 0.1709742516609906 0.05517858907478308 -0.0002096202993925339 -0.01527789454331703 5.225860080771695e-05 5.924402690769245e-05
700 0.1674028330892748 0.05833411697728027 -0.01381676970781482 0.0001408697797324639 5.248749555402543e-05 -0.0004200871454850491 0.1710125594606846 0.05522785331444591 -0.0002173401712972886 -0.01527617515074333 5.394511608035871e-05 6.630216017586495e-05
710 0.1674450265644663 0.05833380040914726 -0.01381008160020135 0.0001381509547726344 5.230607153647175e-05 -0.0004138382804579519 0.1710530724871044 0.05522776401838562 -0.0002117961577785133 -0.01526907678202111 5.206738057347254e-05 6.613403590078361e-05
720 0.1674418932060265 0.05832909652163065 -0.01379248246049202 0.0001373030729537167 4.240853109349892e-05 -0.0003386353303238448 0.1710495767235373 0.05522137644446976 -0.0001396345120562214 -0.01525180744689665 5.273952134530225e-05 5.608036036750681e-05
730 0.1674927006918173 0.05837053514274806 -0.01379887972461779 0.0001336192897016278 5.582958578670298e-05 -0.000303265814470017 0.1711007906266806 0.0552593585566134 -0.0001101786595821861 -0.01525910163154994 5.152821283069003e-05 6.918931241654383e-05
740 0.1675241951994219 0.05835165851260948 -0.01379550062268 0.0001277147973124194 5.941213956752864e-05 -0.0002578419629080241 0.1711330483583377 0.05523516368914953 -7.234164424736912e-05 -0.01525718070642041 4.851503434139658e-05 7.234628763128744e-05
750 0.1675018030906466 0.05833465533275121 -0.0137827983088983 0.0001257239072551383 5.411623475951818e-05 -0.0001640132566560068 0.1711119559482802 0.05521221957333047 1.324785581323566e-05 -0.01524620786384921 4.965032968614585e-05 6.659296119478402e-05
760 0.167533897482085 0.05836307101813317 -0.0137952381273997 0.0001222273502586854 7.113340141220489e-05 -0.0001387145682503243 0.1711451885939765 0.05523480854036229 3.173425652735327e-05 -0.01526023853720034 4.886327859625842e-05 8.328543490300438e-05
770 0.1675369487993101 0.05832869779986248 -0.01379395516818029 0.0001177839862075606 7.467556642469477e-05 -0.0001179384276939693 0.1711490007914342 0.05519493144187155 4.889072233159108e-05 -0.01526036847561098 4.572481478224664e-05 8.66938680755044e-05
780 0.1674933583765793 0.05830905361815229 -0.01378438929070096 0.0001179673245319993 6.887629629748641e-05 -5.975145108357045e-05 0.1711061128051314 0.05517139983381782 0.0001061247657381731 -0.01525187449409763 4.608482888096865e-05 8.091687820267209e-05
790 0.1675140447171591 0.05833617644586823 -0.01379894942592629 0.0001159051021915702 8.499868320062369e-05 -7.262119505718889e-05 0.1711267872858507 0.05519621190215619 9.447083757062459e-05 -0.01526701654738759 4.341187882801009e-05 9.719799161246985e-05
800 0.1675052454886116 0.05829971347659961 -0.01379642042769504 0.0001125189249699167 8.606802818761682e-05 -7.931066809173303e-05 0.1711175503503438 0.05515837681501526 9.066920457831515e-05 -0.01526479489148991 3.852535782748268e-05 9.847378173654154e-05
810 0.1674597980298469 0.05828664799038343 -0.01378711786635265 0.0001131333879276226 7.88522872924281e-05 -4.015808600090893e-05 0.1710716861975908 0.05514528633703981 0.0001325396564289999 -0.01525553234300782 3.763615114243281e-05 9.142006061442384e-05
820 0.167483226294365 0.05831596879912068 -0.01380153639059894 0.000111212818505636 9.400468281724916e-05 -6.703490222549053e-05 0.1710942777626028 0.05517542100166506 0.0001078542092238716 -0.0152696861642608 3.455284877536116e-05 0.0001067030142909711
830 0.1674730457699225 0.0582802131281509 -0.0137973330645208 0.0001083819548763395 9.285515021856315e-05 -7.883153586099516e-05 0.1710829941179665 0.05514039507582379 9.784005814082089e-05 -0.01526522491449986 3.068453086899504e-05 0.000105625966327667
840 0.1674326124491349 0.05827340368370035 -0.01378891308823378 0.0001100608474094702 8.407489436963023e-05 -4.2728374982311e-05 0.1710416758162927 0.05513473059719456 0.000134556656004721 -0.01525655128326234 3.192267899711646e-05 9.68463335798946e-05
850 0.1674599666197669 0.05830384491794197 -0.01380318611742654 0.0001088867661649783 9.850212584271448e-05 -7.319354834253963e-05 0.1710678854094208 0.0551663623381824 0.0001041997769998517 -0.01527052484997997 3.077430231464135e-05 0.0001112754581748497
860 0.1674506427688425 0.05826947465198783 -0.01379810786056598 0.0001070214001403258 9.510917930602311e-05 -8.22491686509214e-05 0.1710573563913542 0.05513258731475378 9.529816307982674e-05 -0.01526534303009075 2.890334410057641e-05 0.0001078714294045001
870 0.1674165776025908 0.05826800518946529 -0.01379047188732814 0.0001097313895038534 8.513946067218657e-05 -4.313304090682603e-05 0.1710225050336977 0.05513185129790017 0.0001339280878978633 -0.01525769535401043 3.192324143751003e-05 9.785659406937521e-05
880 0.1674503136911558 0.05829711279333043 -0.01380379520572095 0.0001084374480291266 9.964795673624409e-05 -7.160409418485303e-05 0.1710553429107221 0.05516154409263817 0.0001049311001518 -0.01527099017132328 3.110504989403906e-05 0.0001123459108008094
890 0.1674458177813057 0.05826076010655957 -0.01379842562055044 0.0001024607944679184 9.886754015453986e-05 -6.109722900646567e-05 0.171050024319662 0.05512485642917581 0.0001153692806020003 -0.01526590625054122 2.52904666639341e-05 0.0001115533559233757
900 0.1674134170132293 0.05826177821015958 -0.01379228195896741 0.0001043159953347516 9.026896497575011e-05 -1.338208393447582e-05 0.1710172576428592 0.05512585756505121 0.0001626675400879854 -0.01526005180253107 2.741910923292943e-05 0.0001029243736134666
910 0.1674445845566202 0.05829079591399314 -0.01380655034252711 0.0001043759792503817 0.0001041938775028259 -4.487636545616947e-05 0.171047956646572 0.05515506307183735 0.0001309502194785558 -0.0152743931672221 2.773303907975546e-05 0.0001168535645034737
920 0.1674361449179701 0.05825769206095578 -0.01380142684558342 0.0001027345009161089 9.804061488013727e-05 -4.119788673653179e-05 0.1710390221553686 0.05512165473309118 0.0001349992941037357 -0.01526943915579306 2.588826255543917e-05 0.0001107119908464403
930 0.1674062992747895 0.05825912760597088 -0.01379528033430552 0.0001053381903880617 8.958186741190375e-05 1.895158742355475e-06 0.1710090193129665 0.05512302198234879 0.000178080806215969 -0.01526351240283612 2.839509881573523e-05 0.0001022420887916433
940 0.1674377203355258 0.05828842939419433 -0.01380933524114598 0.0001046738150294467 0.0001040065250648294 -3.128043879483808e-05 0.1710401371270237 0.05515233105017037 0.0001449554267671742 -0.01527765659430565 2.769568689646697e-05 0.0001166823604091615
950 0.1674285579347888 0.05825672785675073 -0.0138039507570443 0.0001039290246611611 9.574745676121722e-05 -2.812954271704437e-05 0.1710306849998014 0.05512031238097146 0.0001485352394471155 -0.01527241802200497 2.659308843893874e-05 0.0001084334361304076
960 0.1673987760595455 0.05825857602080356 -0.013797671202289 0.0001070121805264046 8.811424159354133e-05 8.608325083314845e-06 0.1710009423603147 0.05512226407437354 0.0001852762861236898 -0.01526623207018197 2.950409361992967e-05 0.0001007890868677127
970 0.1674312758234449 0.05828823132140797 -0.01381180082903742 0.0001062510753141084 0.0001022560560247902 -2.878553437898848e-05 0.1710332259858224 0.05515211612805164 0.0001480789408383449 -0.0152803153173732 2.861025370913221e-05 0.0001149535708463031
980 0.1674220447660404 0.05825563981096848 -0.01380578308145042 0.0001057470343335768 9.300376197652475e-05 -2.478604968942307e-05 0.1710237449353336 0.05511939504070969 0.0001526278429118585 -0.01527432649610105 2.768910834880433e-05 0.0001057165979064833
990 0.1673923620277949 0.05825842491947403 -0.01379914402992998 0.000108811742707039 8.669455743441768e-05 7.072293677863834e-06 0.1709941156202956 0.05512246743699905 0.0001844916289926716 -0.01526767252365791 3.061855151783383e-05 9.939830192711471e-05
1000 0.1674276550394741 0.0582892007240666 -0.01381355484100505 0.0001079078860883964 0.0001000962680101415 -3.179160508090147e-05 0.1710291976327824 0.05515357503634644 0.0001457481812304074 -0.01528195534764161 2.966579749407922e-05 0.0001128203836675983
1010 0.1674172286525753 0.05825441875618081 -0.01380634030505343 0.0001073534281072186 9.064384245661037e-05 -2.636670155208044e-05 0.171018547499275 0.05511872250456933 0.0001516212423183603 -0.01527472127408031 2.880453439933097e-05 0.0001033802024209596
1020 0.1673881957572977 0.05825927604290317 -0.01379968276485306 0.0001102921000734109 8.548420684137225e-05 2.001138889429811e-06 0.1709896020891554 0.05512391049564271 0.0001799235856308039 -0.0152680168345794 3.170679692508262e-05 9.821366527423803e-05
1030 0.1674273353446888 0.05829055431499801 -0.01381471653237041 0.0001092358581871693 9.818394304742431e-05 -3.586416738987072e-05 0.1710285737296521 0.05515550446211766 0.0001421697452353363 -0.01528290832713495 3.066222420860992e-05 0.0001109369763801812
1040 0.1674143240037193 0.05825264718643795 -0.01380587915838165 0.0001084879121390847 8.925821058449902e-05 -2.975022637916445e-05 0.1710153940352009 0.05511749412176119 0.0001486924816368477 -0.01527405497764046 2.966395694510829e-05 0.000102025881712931
1050 0.1673866976449359 0.05826088758689156 -0.01379979980532726 0.0001112530828796016 8.473646661911436e-05 -2.528077053978968e-06 0.170987917636772 0.05512601522516963 0.0001758435327677939 -0.0152679368329529 3.243443251706605e-05 9.750152038975672e-05
1060 0.167428846152187 0.0582913163700766 -0.0138153033575704 0.000110078956814961 9.694246606241964e-05 -3.830264193039478e-05 0.1710299234872825 0.05515664538831484 0.0001401729198890806 -0.01528332045716175 3.128517093044496e-05 0.000109732570860903
1070 0.1674119538495496 0.05825014113690444 -0.01380479161147575 0.0001091914418106229 8.870546808717949e-05 -3.182921621593345e-05 0.1710129086310885 0.05511524357683865 0.0001470042476692834 -0.01527282904870539 3.017447533954586e-05 0.0001015091180088282
1080 0.1673872627073624 0.05826278338328714 -0.01379999399758174 0.0001117127826908387 8.428994491279087e-05 -4.813755317393565e-06 0.170988414173866 0.05512807652069602 0.0001738859942198948 -0.01526802361347855 3.273730283065848e-05 9.708935969197466e-05
1090 0.1674309288258806 0.05829073063982908 -0.01381534524584788 0.0001103413589358531 9.66017112924254e-05 -3.988093016128038e-05 0.1710319648004659 0.05515612500125242 0.0001388879866230056 -0.01528328643697958 3.141655064199765e-05 0.0001094250530850847
1100 0.1674099394817953 0.058247785045014 -0.01380340352402386 0.0001093910467052043 8.873143626198905e-05 -3.376420368749987e-05 0.1710109038015347 0.05511287605645532 0.0001453673848104236 -0.01527139889872857 3.026180670244145e-05 0.0001015697207676069
1110 0.1673897412959945 0.05826506159158675 -0.01380043870374301 0.0001118101292988526 8.406385365168459e-05 -5.731929499106263e-06 0.1709909314871973 0.05513030013544395 0.0001732795707004551 -0.01526844477212665 3.273627999723873e-05 9.689907434361897e-05
1120 0.1674321291399224 0.05828810872323056 -0.01381483213057604 0.0001103043150265589 9.700993821169332e-05 -4.177521152925134e-05 0.1710332094875776 0.05515336989480714 0.0001373025346311621 -0.01528277230724573 3.129196358556045e-05 0.0001098681846651001
1130 0.1674077034925006 0.05824585411780134 -0.0138021560792505 0.0001093494869645477 8.884412609939164e-05 -3.468220264966167e-05 0.1710087480662603 0.05511079152421167 0.0001447221796904662 -0.01527016879015948 3.015126358580258e-05 0.0001017138362877119
1140 0.1673924599202405 0.05826644233738241 -0.0138009767514898 0.0001117290057478883 8.393608941760519e-05 -5.240299442529732e-06 0.1709937334274008 0.05513152719917486 0.0001739744253831608 -0.01526900362100688 3.261506063405962e-05 9.679688265366316e-05
1150 0.1674321102672663 0.05828422537313487 -0.01381378796063661 0.0001099040832076976 9.806613194593833e-05 -4.394480078255514e-05 0.1710332806777817 0.0551493151135333 0.0001352779793389788 -0.01528175671620109 3.08779370454056e-05 0.0001109458815726324
1160 0.1674064492444657 0.05824532946584191 -0.01380130798917012 0.0001091705803499055 8.86088873890021e-05 -3.415136058243246e-05 0.171007611351232 0.0551101312900011 0.0001453633476274286 -0.01526935295869658 2.997112220102217e-05 0.0001014969966295993
1170 0.1673953593673849 0.0582676018897639 -0.01380144159790432 0.0001115159288631886 8.430908529655601e-05 -4.512035895134342e-06 0.1709967297111864 0.05513258723569496 0.0001747855278851879 -0.0152694896256527 3.24083420021764e-05 9.718649807702265e-05
1180 0.1674314681780676 0.05828067816147318 -0.01381277739475896 0.0001094668629773439 9.951937799283113e-05 -4.735298539984328e-05 0.1710327268566962 0.05514565845991205 0.000131969477758266 -0.01528077045207982 3.043251686064118e-05 0.0001124161632459345
1190 0.1674058371426952 0.05824537456713234 -0.01380094172485294 0.0001089735255820277 8.790283963307841e-05 -3.228256119116479e-05 0.1710070911807276 0.05511006907308576 0.0001473072597330743 -0.01526901791177871 2.975652277518407e-05 0.0001008036839043216
1200 0.1673966569400276 0.05826717909009276 -0.01380148895215087 0.0001113866391558393 8.493240273207683e-05 -3.870158639653176e-06 0.1709980917240701 0.0551320388882545 0.0001754614664696288 -0.01526957255250461 3.227481328491628e-05 9.782003669838841e-05
1210 0.1674303782687974 0.05827835497184573 -0.01381193987311298 0.0001091494927984962 0.0001005218712303667 -5.015976394008454e-05 0.1710317001570855 0.05514318611520624 0.0001291940594195661 -0.01527998300855106 3.010434937091298e-05 0.0001134273322482848
1220 0.1674070138409711 0.05824613395559293 -0.01380114073946838 0.000108845076634429 8.693350930730961e-05 -2.951262624793091e-05 0.1710083522830164 0.05511070035917159 0.0001500708495091546 -0.01526927228143262 2.962056630208549e-05 9.983772160517772e-05
1230 0.1673964495908243 0.05826519740525332 -0.01380095567206043 0.0001112257299899473 8.603836417915442e-05 -4.790678059045059e-06 0.1709979661320372 0.05512993747492919 0.0001745102369118301 -0.01526909076210182 3.213170037643753e-05 9.89292451734478e-05
1240 0.1674295775697819 0.05827776331045811 -0.01381151087102131 0.0001090558817243271 0.000100759179540045 -5.209603877657299e-05 0.1710309847280092 0.05514247573608825 0.0001272873012198624 -0.01527960617037092 3.000935474385532e-05 0.0001136709443576105
1250 0.1674080466043142 0.05824600070543436 -0.01380137555897658 0.0001089996818968111 8.585447630749411e-05 -2.629046497582789e-05 0.1710094659269338 0.05511045064860367 0.0001533354018217018 -0.01526955640111221 2.976242616106304e-05 9.87634268657932e-05
1260 0.1673948198152281 0.05826276708249166 -0.01380017758836272 0.0001112347292274492 8.727950936923766e-05 -7.124135596799669e-06 0.1709964134880316 0.05512740568589471 0.0001722122609926795 -0.01526835740783214 3.213793438122214e-05 0.0001001756856876669
1270 0.1674298598177558 0.05827878365044446 -0.01381181026643379 0.0001090549719102942 0.0001002696117247909 -5.258736730633275e-05 0.171031341137509 0.05514341727600831 0.000126853954091619 -0.01527994400707777 2.998750214334053e-05 0.0001131861042022332
1280 0.1674085182702406 0.05824429313490161 -0.01380116010495689 0.0001091960858818137 8.516324184596725e-05 -2.39790199220844e-05 0.1710100042940851 0.05510868382060252 0.0001556757766332162 -0.0152693698148713 2.994069729621642e-05 9.807391813628558e-05
1290 0.1673927563932048 0.05826140876339427 -0.01379931577114986 0.000111164034692055 8.848178922220516e-05 -1.034755338073418e-05 0.1709944241692001 0.055126025148276 0.0001690232765558483 -0.01526751566824245 3.205198431530554e-05 0.0001013819872400078
1300 0.167431735826672 0.05828055095411618 -0.013812476474494 0.0001091072605830113 9.916847764347419e-05 -5.210274722367514e-05 0.1710332853676392 0.05514519597445032 0.0001273942805423254 -0.01528061763637011 3.000168438011192e-05 0.0001120887254373192
1310 0.1674071829471913 0.058241559628427 -0.01380029039047662 0.0001093463469906896 8.507811591505956e-05 -2.30358396874657e-05 0.1710087276494453 0.05510596358275027 0.0001566494283922453 -0.01526850172286234 3.005543138885503e-05 9.799108510845845e-05
1320 0.1673916515957557 0.05826186654717686 -0.01379897985475803 0.0001112817460806155 8.907084757632549e-05 -1.341427248161485e-05 0.1709933703531213 0.0551265174935254 0.000165992341157478 -0.01526717174948283 3.213141534693212e-05 0.0001019746146878279
1330 0.1674345651309155 0.05828173645389662 -0.01381331956296983 0.0001092880466656804 9.793722665480871e-05 -5.035453046896732e-05 0.1710361330858259 0.05514640149020953 0.0001291596994064086 -0.01528144698396559 3.012931301540426e-05 0.0001108577058625312
1340 0.1674042490852553 0.05823804212108525 -0.01379893360130584 0.0001095394516465449 8.55148314799742e-05 -2.353972659258172e-05 0.1710058057880686 0.0551024504872369 0.0001561232576455022 -0.0152671363069209 3.020689165857087e-05 9.842718248352543e-05
1350 0.167391785062923 0.05826458574910354 -0.01379931175108931 0.0001113857240207402 8.900783812057575e-05 -1.519844424921987e-05 0.1709935311088498 0.05512926058405884 0.0001641950110681831 -0.01526749770334099 3.219079574864418e-05 0.000101912696765547
1360 0.1674372638987738 0.0582814019196836 -0.01381379264348102 0.0001094594258958713 9.708572013002709e-05 -4.909800178469374e-05 0.1710388526756098 0.05514606809238658 0.0001304142369443656 -0.01528191667352743 3.025432363532554e-05 0.0001100063283942781
1370 0.16740021598947 0.0582347679834439 -0.01379727300050679 0.0001096856331720034 8.61452210070065e-05 -2.556500864755531e-05 0.1710018096067664 0.05509916978506255 0.0001541417908857682 -0.01526547947851688 3.031625396506023e-05 9.906176165438578e-05
1380 0.1673937002241443 0.0582685987027051 -0.01380035400438188 0.000111573567804706 8.825818998523633e-05 -1.558748838056117e-05 0.1709954806614244 0.05513328050173056 0.0001638989961687809 -0.0152685368458839 3.233454809488359e-05 0.0001011694570103964
1390 0.1674384756505068 0.05827871702914782 -0.01381364630067531 0.0001096044543190868 9.694523844156864e-05 -4.887483848644269e-05 0.1710400773542006 0.05514335554366406 0.0001307354850107727 -0.01528176991627227 3.035578691066759e-05 0.0001098716304592587
1400 0.1673961492901415 0.05823311634661153 -0.0137959451714337 0.0001097755450992803 8.658278722447878e-05 -2.790883029162734e-05 0.1709977789690112 0.05509751890099184 0.0001518704312801084 -0.01526415296198304 3.037745513821379e-05 9.950425209187282e-05
1410 0.1673970676322714 0.05827253329462179 -0.01380177644870515 0.0001116964871528473 8.734020894426665e-05 -1.444368210122673e-05 0.1709988748520954 0.05513725026891991 0.0001650803525396927 -0.01526994639391636 3.243808351618455e-05 0.0001002534970167558
1420 0.1674376170707862 0.05827457823645082 -0.01381260819714193 0.0001095660521668976 9.760515000688376e-05 -5.052749196849961e-05 0.171039231401253 0.05513922937578135 0.0001291070342805684 -0.01528071929885004 3.030588391089712e-05 0.000110533658477867
1430 0.1673937366470703 0.05823408342969025 -0.01379525535531898 0.0001097550873558812 8.640937657904864e-05 -2.92214182832459e-05 0.1709954059086055 0.05509853667052386 0.0001506005026170295 -0.0152634485750406 3.03396298213526e-05 9.933493269916075e-05
1440 0.1674012341657541 0.05827524344793442 -0.01380308006227129 0.0001117351756063416 8.66066171472452e-05 -1.339657618545277e-05 0.1710030579875853 0.05514002025675426 0.0001661589703076109 -0.01527122343117352 3.245709831608632e-05 9.952304002878149e-05
1450 0.1674347583967557 0.05827032641888518 -0.01381111123862101 0.0001094596781752682 9.871359220050099e-05 -5.366179414680975e-05 0.1710363782433337 0.05513500009463353 0.0001260208864029069 -0.01527920321983607 3.017072601187424e-05 0.0001116471682191945
1460 0.1673936214245845 0.05823686482870139 -0.01379556240847602 0.0001098912660192143 8.545019778521869e-05 -2.850806976841648e-05 0.1709953013121405 0.05510134664169421 0.0001513526640127049 -0.0152637396701597 3.043665903148022e-05 9.837864474262745e-05
1470 0.1674043541833017 0.05827567422883128 -0.01380387417249036 0.0001117917648926556 8.66676209464354e-05 -1.226305750573657e-05 0.1710061594420236 0.05514044605239495 0.0001672725097445182 -0.01527200328269148 3.249235526511935e-05 9.958271427175639e-05
1480 0.1674313759956588 0.05826717441450818 -0.01380969355953639 0.0001093216181856868 9.975325193492498e-05 -5.707729519035186e-05 0.1710329873370006 0.0551318203910216 0.0001225730638365963 -0.01527778641120825 3.002299602659231e-05 0.0001126857883182861
1490 0.1673951978281761 0.05824066825506355 -0.01379641125324141 0.0001100134579096533 8.392763204509877e-05 -2.555625891952758e-05 0.1709968867944231 0.05510515158361215 0.0001542678898997233 -0.01526458833230288 3.055120022297587e-05 9.685362219850833e-05
1500 0.1674055982401817 0.05827381467631639 -0.01380379337662379 0.0001118477478829078 8.747530418360039e-05 -1.313905936724505e-05 0.1710073965361736 0.05513856435110411 0.0001663730188666443 -0.01527192151729376 3.255403085924081e-05 0.0001003903127387256
1510 0.1674283791222664 0.05826607151637217 -0.01380873110576309 0.0001092244763659512 0.000100224408125657 -6.033942940237967e-05 0.1710300005990536 0.05513069779752885 0.0001193569972019677 -0.01527683069953175 2.991666514325551e-05 0.0001131615910900908
1520 0.1673977785643511 0.05824360406892936 -0.01379755936887016 0.0001102074667022221 8.234047880879533e-05 -2.188350499784035e-05 0.1709994728430642 0.05510808053496007 0.0001579849948486786 -0.01526573820120755 3.073406248210471e-05 9.526902123661725e-05
1530 0.1674044848560914 0.05827068064884956 -0.01380306966364535 0.0001117915015144703 8.906580992793334e-05 -1.577876276858985e-05 0.1710062694153622 0.05513539780015965 0.0001637669043406397 -0.0152712025015312 3.250414544577015e-05 0.0001019845599161095
1540 0.1674273462972287 0.05826734720900285 -0.01380874859914935 0.000109132844322098 9.984477906350703e-05 -6.17297886973965e-05 0.1710289730450475 0.05513196023885353 0.0001180118773821249 -0.01527685726532207 2.981978877185297e-05 0.0001127848769989622
1550 0.1673999303549231 0.05824447908613183 -0.01379821974248006 0.0001102855718664874 8.130434987401632e-05 -1.802456491102806e-05 0.1710016260499772 0.05510896441254653 0.0001618324477732757 -0.01526639856733102 3.082170577822596e-05 9.423116987753145e-05
1560 0.1674019268780824 0.05826796353343874 -0.01380193103255833 0.0001115851671904245 9.086552158603499e-05 -2.017330695011263e-05 0.1710037141274017 0.05513269685708273 0.0001593657945879436 -0.0152700619195514 3.231737260290588e-05 0.0001037858732769531
1570 0.1674289278148404 0.05827051317056633 -0.01380959207997911 0.0001090829213916808 9.86449060984633e-05 -6.113759588782939e-05 0.1710305650996175 0.05513516549750003 0.0001186311009315613 -0.01527769429675444 2.975910356668472e-05 0.0001115868262693867
1580 0.1674007979096759 0.05824300649784916 -0.01379817252883731 0.0001103704978921221 8.112330651785868e-05 -1.605550738079213e-05 0.1710024863300922 0.0551075180287782 0.0001637979779375639 -0.01526634035273194 3.090190288340687e-05 9.405019252331798e-05
1590 0.1673994437010005 0.05826704621087014 -0.0138011318591131 0.0001114309035309773 9.234756914255946e-05 -2.456612282117816e-05 0.1710012243485932 0.05513179886529396 0.0001549866122913444 -0.01526925685096457 3.215319190163421e-05 0.0001052708999701556
1600 0.1674321242914424 0.05827350879214301 -0.01381089423616842 0.0001091623248159822 9.700039412759787e-05 -5.828405791429985e-05 0.1710337399115458 0.05513815548309092 0.0001214908365033482 -0.01527899461441628 2.980760073758145e-05 0.0001099413113913287
1610 0.1673991993240768 0.05823957956421293 -0.01379721883333554 0.0001104575899489726 8.177963031260546e-05 -1.537324996398683e-05 0.1710008630699481 0.05510405391738087 0.0001644246157835362 -0.01526539457744055 3.09855718660326e-05 9.470249978689074e-05
1620 0.1673981424156266 0.05826914327107301 -0.01380113041296852 0.0001113268823065344 9.300050658000898e-05 -2.779470180191514e-05 0.1709999233686139 0.05513388510649644 0.0001517135725871609 -0.01526926636412211 3.205292891479881e-05 0.0001059218790548814
1630 0.1674357425724788 0.05827498361667079 -0.01381205102661628 0.0001091978193903986 9.55481501390045e-05 -5.489001810546384e-05 0.1710373484618518 0.05513961020893906 0.0001248535979492179 -0.01528015909061685 2.984039462125805e-05 0.000108485775881436
1640 0.1673957471855365 0.0582352666345798 -0.01379570907560897 0.0001105264478765976 8.300924108945748e-05 -1.714118558054703e-05 0.1709974100195792 0.05509970787694376 0.0001626502322037503 -0.01526389724060705 3.106374830898864e-05 9.593287316643156e-05
1650 0.1673991062902629 0.05827313372002317 -0.0138021341342763 0.0001112883799328222 9.276650124371891e-05 -2.921938776658115e-05 0.1710008931623376 0.05513786550951291 0.0001503335499057248 -0.01527027875167979 3.200789807634622e-05 0.0001056913131328983
1660 0.1674379104563425 0.05827366440548547 -0.01381254082006646 0.0001092717814098882 9.472735141356383e-05 -5.218209350877948e-05 0.1710395007726419 0.055138259630165 0.000127588527722268 -0.01528065652058599 2.990806224100232e-05 0.0001076651319050105
1670 0.1673906734373445 0.05823242232088092 -0.01379407282993472 0.0001104524816630521 8.430356371778322e-05 -1.971858548784356e-05 0.1709923369641337 0.05509683994449022 0.0001600828418587104 -0.01526227411876992 3.100347899765451e-05 9.722839106801534e-05
1680 0.1674027913470427 0.05827828196741588 -0.01380383302662008 0.0001113067798709612 9.175245712434134e-05 -2.8513686428927e-05 0.1710045832577277 0.05514302772328609 0.0001510463204920891 -0.01527198090490374 3.203313001063277e-05 0.000104676845827698
1690 0.1674381033720307 0.05827021206605216 -0.01381203845387271 0.0001091787497443359 9.49292667992417e-05 -5.153383872398634e-05 0.1710396873835318 0.05513480585714659 0.0001282210949812948 -0.01528015532478012 2.982766445950978e-05 0.0001078651912747816
1700 0.1673867593825052 0.05823187459890256 -0.01379296167170654 0.0001103235671086504 8.503993585685564e-05 -2.265899835171428e-05 0.1709884460630048 0.0550963371338762 0.0001571436818855389 -0.01526116079671893 3.088518385048068e-05 9.796614743462885e-05
1710 0.1674078535534932 0.0582826958932943 -0.01380585394707797 0.0001113313779430846 9.065283023563233e-05 -2.63724824055407e-05 0.1710096466358919 0.05514749684089303 0.0001532017083253629 -0.01527398556924949 3.204698486330753e-05 0.0001035779545560209
1720 0.1674360286349242 0.05826495715537999 -0.01381070638665647 0.0001091661670833346 9.585471422308566e-05 -5.285750713388321e-05 0.171037591957859 0.05512954732992358 0.0001269097814570021 -0.01527881728503268 2.980063496034731e-05 0.0001087919311322771
1730 0.1673844723103805 0.05823443258085146 -0.01379279608367289 0.0001103374050414953 8.482045228842078e-05 -2.321209847561023e-05 0.1709861593875175 0.05509891059404503 0.0001565973039733652 -0.01526099413536553 3.087872993839597e-05 9.774743159652699e-05
1740 0.1674124594132035 0.05828522359110738 -0.01380742914787025 0.0001113633153708365 8.99336465413564e-05 -2.380910704208926e-05 0.1710142227801917 0.05515001528062437 0.0001557303814150226 -0.01527555714391609 3.20642118938389e-05 0.0001028552198131304
1750 0.1674319804683931 0.05825991731748793 -0.0138088745424858 0.0001090685709768332 9.715801788864915e-05 -5.559097980657813e-05 0.1710335271265939 0.05512446871180935 0.0001241296603167509 -0.01527699740438555 2.970161201829186e-05 0.0001100922623660847
1760 0.1673852457829725 0.05823908512542381 -0.01379369159595114 0.0001104401182125772 8.371021527725546e-05 -2.205295746437641e-05 0.1709869474021363 0.05510357130200664 0.0001577223465700336 -0.01526189883710282 3.09810042710444e-05 9.663446850996379e-05
1770 0.1674157784240952 0.05828451768197399 -0.01380820629335242 0.0001114002746493337 9.006746756101384e-05 -2.288616937664585e-05 0.1710175280200264 0.05514929220916888 0.0001566296460213349 -0.01527633671906846 3.211024831012669e-05 0.0001029875163001887
1780 0.1674273496103557 0.05825636731142885 -0.01380727397635249 0.0001089988297664237 9.819723920058999e-05 -5.92113653844524e-05 0.1710289002982077 0.05512088963282076 0.0001205490795832229 -0.01527541012774419 2.962970705037583e-05 0.0001111352604058889
1790 0.167387737422617 0.05824394279786083 -0.01379515258196861 0.0001106372482167423 8.204602147923796e-05 -1.839407438876632e-05 0.1709894461579326 0.05510842538249199 0.0001614244542302887 -0.01526336697418842 3.116886990261329e-05 9.497211165467646e-05
1800 0.1674165356268413 0.05828156725554264 -0.01380796243286857 0.0001113543262047779 9.116779622456544e-05 -2.404140337437692e-05 0.1710182674222729 0.05514630674974629 0.0001554815266644255 -0.01527609992736437 3.20764318631531e-05 0.0001040882104641504
1810 0.1674237694721043 0.05825583520993258 -0.01380628136485742 0.0001087942090808689 9.853729788104241e-05 -6.168939705832579e-05 0.1710253302191251 0.05512034303811135 0.0001180924795670933 -0.01527443068506075 2.943198814007233e-05 0.0001114766474941175
1820 0.167391721508911 0.05824760963777883 -0.01379668978148596 0.0001108117383790003 8.046137846192274e-05 -1.427132853188143e-05 0.1709934388312812 0.05511211066468531 0.0001655329932082705 -0.01526490441517858 3.135343393703118e-05 9.338493786387573e-05
1830 0.16741481947568 0.05827756628508891 -0.01380694801175235 0.0001111812874542609 9.30179366148099e-05 -2.759743691960423e-05 0.1710165533776931 0.05514231768255316 0.0001519125661591732 -0.01527508284338031 3.192226313484288e-05 0.0001059387694030697
1840 0.1674227081880285 0.05825765237642087 -0.01380628573928508 0.0001086820377620819 9.781331013023304e-05 -6.260916321851585e-05 0.1710242902282746 0.05512220583968257 0.0001172026875411541 -0.01527442868084175 2.930849101001742e-05 0.0001107548082411408
1850 0.1673946691179161 0.05824867019642475 -0.01379766358869012 0.0001109573446380643 7.957471314003042e-05 -1.04168246405287e-05 0.1709963824976497 0.05511320799772678 0.0001693834738898855 -0.01526586175747904 3.148783045632772e-05 9.249734148727168e-05
1860 0.1674119062141037 0.05827426608130434 -0.01380565337175132 0.0001111161757794374 9.485298190159887e-05 -3.203588049170687e-05 0.1710136240037427 0.05513901441318655 0.0001474756551020445 -0.0152737826853381 3.184843350805063e-05 0.0001077755543803073
1870 0.1674241548007414 0.0582613918167413 -0.01380722220975932 0.0001086946680479174 9.627061997382453e-05 -6.04488007808586e-05 0.1710257302637896 0.05512594641167225 0.0001193544951166083 -0.01527536461700254 2.929626093161106e-05 0.0001092101091998745
1880 0.167395939514979 0.05824718570089137 -0.01379767683840627 0.0001110423764054798 7.964940252993324e-05 -8.15710524831753e-06 0.1709976338656129 0.05511170517287666 0.0001715742955630367 -0.01526587621614474 3.157582694654486e-05 9.256674106831985e-05
1890 0.1674091154672864 0.0582732764567216 -0.01380481542337879 0.0001110012956712878 9.633691722238488e-05 -3.66018220332469e-05 0.1710108345679457 0.05513801003865887 0.0001428731487498153 -0.01527295376106334 3.174047633030635e-05 0.0001092584860389319
1900 0.1674272920523065 0.05826468833557838 -0.01380859214071928 0.0001088579867531314 9.430098612399151e-05 -5.668257213829109e-05 0.1710288713405616 0.0551292331355026 0.0001231148760558139 -0.01527674101958997 2.945051977029593e-05 0.0001072385571754752
1910 0.1673941516265001 0.05824336364493251 -0.01379670262756468 0.0001110968601296509 8.064180723519595e-05 -8.33064298858962e-06 0.1709958400597627 0.05510785058607569 0.0001713948498011779 -0.01526491042705932 3.164217429758723e-05 9.355954571198697e-05
1920 0.1674079546968427 0.05827512472419939 -0.01380490159946803 0.0001108797018201467 9.690528098242366e-05 -4.009499069243502e-05 0.171009681762259 0.05513984095920928 0.0001394329279934965 -0.01527305036720475 3.161710233558585e-05 0.0001098315173878541
1930 0.1674309727164561 0.05826610267824274 -0.01380975145745748 0.000108993733142971 9.257710453793017e-05 -5.234476061592316e-05 0.1710325444374904 0.05513062262929619 0.0001274841713245108 -0.01527790748817019 2.957894758413916e-05 0.0001055146341529591
1940 0.1673903564220094 0.05823937907153488 -0.01379513338473024 0.0001110775718459722 8.224350800230704e-05 -1.071201482958776e-05 0.1709920468466837 0.05510384414799521 0.0001690066784517409 -0.01526335074406254 3.164478338357066e-05 9.516132016196681e-05
1950 0.1674092938714239 0.05827926546800172 -0.01380582817422432 0.000110705235820849 9.656915721663907e-05 -4.144654583386362e-05 0.1710110378323373 0.05514400670942362 0.0001380930706623403 -0.01527397897671783 3.145239071202019e-05 0.0001094960886137974
1960 0.1674330859815012 0.05826458666828845 -0.01381008014042947 0.0001090127539277474 9.173907001680995e-05 -4.933156338379974e-05 0.1710346570084376 0.0551291194979126 0.0001304901487302391 -0.01527823202964707 2.960395877106098e-05 0.000104674755329648
1970 0.1673857728089316 0.05823699751163972 -0.01379358826369868 0.0001109674432493943 8.379541503875582e-05 -1.421697450958073e-05 0.1709874822368004 0.05510149837882374 0.0001655038386968923 -0.01526180117806867 3.154523082640753e-05 9.671528521757017e-05
1980 0.1674130521592989 0.05828424882690551 -0.01380758908784577 0.0001106717171445649 9.53951626235153e-05 -4.051320402346501e-05 0.171014803992791 0.05514904285435899 0.000139055438453564 -0.01527572493804451 3.140138899949519e-05 0.0001083239601800133
1990 0.1674327835519997 0.05826061475661944 -0.0138093436260141 0.000109001661510821 9.191595228699628e-05 -4.790340134760683e-05 0.1710343322381503 0.05512514211500721 0.0001319146875654009 -0.01527748633229224 2.957701268845393e-05 0.0001048507701219001
2000 0.1673823498785811 0.05823711392142624 -0.01379263871885586 0.0001109433593731687 8.464184621496228e-05 -1.701129300540004e-05 0.1709840570595228 0.05510161463735149 0.0001626967450159388 -0.01526085268083046 3.151164852777515e-05 9.75617475419265e-05
2010 0.1674181601285385 0.05828856559340356 -0.01380955395908925 0.0001107033770032724 9.4132836451097e-05 -3.773607210314035e-05 0.1710198936938347 0.05515335119601479 0.0001417871879059112 -0.01527768860017037 3.142315096345535e-05 0.0001070571321085315
2020 0.1674299486125453 0.05825500073344474 -0.01380776735172815 0.000108958453572054 9.285921984119917e-05 -4.868866530276962e-05 0.1710314845971734 0.0551194931693025 0.0001310663630727013 -0.01527591927285826 2.954359053878228e-05 0.0001057899543632418
2030 0.1673806592553771 0.05824025234621202 -0.0137927194644726 0.0001109967482804965 8.455944547345686e-05 -1.790430044677856e-05 0.170982385390153 0.05510475616361647 0.0001617804463977179 -0.01526094169051259 3.157156694677389e-05 9.747859694977164e-05
2040 0.1674233695028373 0.05829032723786012 -0.01381121089360249 0.0001108690440273168 9.321070437524327e-05 -3.521975016500832e-05 0.1710250940641421 0.05515509761260148 0.0001443066934611083 -0.01527934594727662 3.15871619581434e-05 0.0001061344082587621
2050 0.1674252028444899 0.05824965071414726 -0.01380577076640105 0.0001088993397188115 9.413002451165053e-05 -5.132979350169177e-05 0.1710267380271271 0.05511410461994124 0.0001284553927329077 -0.01527393466093736 2.948854171598217e-05 0.000107063647242231
2060 0.1673816813576855 0.05824519477486498 -0.01379377258483582 0.0001110457421302121 8.357952462078645e-05 -1.689996711860547e-05 0.1709834219013225 0.05510970419518385 0.000162826015515866 -0.01526200026297856 3.161940034323682e-05 9.650115691782939e-05
2070 0.1674266929047198 0.05828915945058987 -0.01381188538589105 0.0001108648453016085 9.329948020963503e-05 -3.400676791433549e-05 0.1710283987836169 0.05515390464353771 0.0001455312404391027 -0.01528002274340298 3.159073137068864e-05 0.0001062229907905819
2080 0.1674198684028382 0.05824613762494356 -0.01380392897920658 0.0001087919590724029 9.515216110698404e-05 -5.456415490723384e-05 0.17102141470831 0.05511057556654717 0.0001252280202846913 -0.01527210424797906 2.939381408432094e-05 0.0001080864386713033
2090 0.167384958513234 0.05825062801774328 -0.01379546171404599 0.000111104126166895 8.209560242756403e-05 -1.391086337515732e-05 0.170986718301434 0.05511518035175452 0.0001658103207899194 -0.01526368466765889 3.16866567587727e-05 9.501601215633753e-05
2100 0.1674271691851201 0.05828572405785745 -0.01381150959280737 0.0001107822454002479 9.433528771389197e-05 -3.536264788521444e-05 0.1710288673292938 0.05515048450508973 0.0001441641270077864 -0.01527963809191316 3.152048606337014e-05 0.0001072587109092477
2110 0.1674162101057824 0.05824572864935904 -0.01380292802662218 0.000108696505856059 9.536174438777284e-05 -5.679795689892726e-05 0.1710177752190069 0.05511020076459735 0.0001230294134087055 -0.01527109907634728 2.928658116619896e-05 0.0001082994167106883
2120 0.1673896494408569 0.05825450374445541 -0.0137971447803974 0.0001112587653458298 8.065593840641279e-05 -9.975241829347544e-06 0.1709914077876183 0.05511909598840944 0.0001697523765554026 -0.01526535311245788 3.182390205987978e-05 9.357600627221062e-05
2130 0.1674253134970804 0.05828110179874436 -0.01381028187289607 0.0001106580186969207 9.61407228049236e-05 -3.833810607815049e-05 0.1710269882705878 0.05514584974427763 0.0001411791154122188 -0.0152784047479052 3.138666228535759e-05 0.000109064411245842
2140 0.1674148620342365 0.05824798538413105 -0.01380287472774747 0.0001087127960189491 9.447572724160361e-05 -5.651782774918306e-05 0.1710164246742215 0.05511245250772002 0.0001233058568882291 -0.01527105021072088 2.927991141631402e-05 0.0001074123683900723
2150 0.1673931689815602 0.05825617292683035 -0.01379832203471387 0.0001114285162306455 7.987314293348446e-05 -6.100208494589909e-06 0.1709949140164844 0.05512075430202654 0.0001735594022389914 -0.01526653124519767 3.199509103546741e-05 9.278748770685966e-05
2160 0.1674221955591374 0.05827720274453067 -0.0138088608428906 0.0001105375042323974 9.797635457627921e-05 -4.290349099582013e-05 0.1710238666294896 0.05514192128530065 0.0001365758047871343 -0.01527699440559859 3.127994205631492e-05 0.0001108992023445789
2170 0.16741587608842 0.05825168265056407 -0.01380373588434464 0.0001088004211375006 9.278456640471963e-05 -5.414832527634396e-05 0.1710174525508809 0.05511614127571154 0.0001256855343572616 -0.01527192029783351 2.936037580845407e-05 0.0001057210344560825
2180 0.167394717669907 0.05825477028396914 -0.01379856301465018 0.0001116187137655251 8.008751890803089e-05 -4.447528876842834e-06 0.1709964537517963 0.05511931818767444 0.0001752159965032072 -0.0152667774212759 3.219241147756604e-05 9.300204106336145e-05
2190 0.1674188201702446 0.05827548315180527 -0.01380783836273557 0.0001103311476276643 9.942900980759885e-05 -4.769411148523211e-05 0.1710204953877247 0.05514017106604903 0.0001318277736348827 -0.01527598334013556 3.107833606844941e-05 0.0001123559503617321
2200 0.1674186928356739 0.0582550493753357 -0.01380500949009713 0.0001089002771186876 9.074770666698257e-05 -4.994972382923019e-05 0.1710202744595212 0.05511950020456784 0.0001299103101979174 -0.01527319902713885 2.945641089627456e-05 0.0001036837814775393
2210 0.1673933202093933 0.05825130021063701 -0.01379769482619911 0.0001116335360507429 8.124662502582637e-05 -4.91185178158614e-06 0.1709950516938912 0.05511583492800154 0.0001747347188873034 -0.01526591185988837 3.223081467317049e-05 9.416027921368876e-05
2220 0.1674172561225771 0.05827691194394424 -0.01380767805318196 0.0001101703678092881 9.988857923344786e-05 -5.117686780358808e-05 0.1710189496275212 0.05514161909248367 0.0001283575504163189 -0.01527582450386652 3.092792842652758e-05 0.0001128168923233574
2230 0.1674218589123655 0.05825663415048218 -0.01380606269804456 0.0001089001787671882 8.908396777391721e-05 -4.564103321116406e-05 0.1710234500942127 0.0551211233535964 0.0001342143270460212 -0.01527424239810524 2.945758550105661e-05 0.000102018081104044
2240 0.167390199146323 0.05824772203835965 -0.01379626882439327 0.000111550335690868 8.304923066881587e-05 -8.148791090503767e-06 0.1709919378006549 0.05511229123086329 0.0001714868939297204 -0.01526447508384183 3.216224121189526e-05 9.596411208986302e-05
2250 0.1674188332316477 0.0582807790404891 -0.01380863209991484 0.000110117701052134 9.935215952676886e-05 -5.220837364211821e-05 0.1710205332105099 0.05514552790473293 0.0001273639651912956 -0.01527676591334657 3.085594248480866e-05 0.0001122836239836466
2260 0.1674240067307505 0.05825541016899412 -0.01380637630238744 0.0001090294056377055 8.811807306599412e-05 -4.174371908526996e-05 0.1710255769928968 0.05511989780289511 0.0001381128040005134 -0.01527454641370829 2.956344337202079e-05 0.0001010509961107661
2270 0.1673859144274948 0.05824528297108648 -0.01379475877520775 0.0001114439467350203 8.479160979306669e-05 -1.142084056054714e-05 0.1709876445683802 0.05510984258427129 0.000168193359173446 -0.01526296535866854 3.204916723500662e-05 9.770646123228057e-05
2280 0.167422411819624 0.05828553568444316 -0.01381030285542673 0.0001101387942600294 9.799596994618066e-05 -5.066750905667647e-05 0.1710241030152591 0.05515028271624412 0.0001288846246846234 -0.01527843699312981 3.085806904628667e-05 0.0001109248542088079
2290 0.1674236278120429 0.05825169707976914 -0.01380572681508884 0.0001091219097142776 8.817711403787548e-05 -3.976778138956833e-05 0.1710251850927161 0.05511615224544839 0.0001400313438297658 -0.01527390352215567 2.965871139530903e-05 0.000101105228578713
2300 0.1673825870713203 0.05824556610735222 -0.0137939752974224 0.0001113780335338099 8.591059375204075e-05 -1.521861080198356e-05 0.1709843324967968 0.05511011852448454 0.0001643797452699379 -0.01526219150999436 3.199570538270585e-05 9.882601736901023e-05
2310 0.1674274487730672 0.05828930378200735 -0.01381219356516465 0.0001102047553899391 9.656877990247257e-05 -4.808896306509384e-05 0.1710291392130618 0.05515404433060481 0.0001314851323684707 -0.01528032919944317 3.091856544839652e-05 0.0001094981499309114
2320 0.1674206779976758 0.05824611812368425 -0.01380413012891106 0.000109213815936772 8.901874519630629e-05 -4.025689501255063e-05 0.171022226843715 0.05511052882310431 0.0001395651049274002 -0.01527231722730679 2.975648185458186e-05 0.0001019484563706167
2330 0.1673813528495158 0.05824875872267015 -0.01379414572703923 0.0001113397108982425 8.604413741303282e-05 -1.694458848657074e-05 0.1709831115434059 0.05511331026349263 0.00016268501482458 -0.01526237042079737 3.196516143317598e-05 9.896210432515234e-05
2340 0.1674319820494892 0.05829053206029058 -0.01381358209426626 0.0001102204168953072 9.55602003782278e-05 -4.535560018810897e-05 0.1710336601280584 0.05515526266516894 0.0001342216964020136 -0.01528171823233153 3.094267130148682e-05 0.0001084881501677296
2350 0.1674154734689765 0.05824089545941788 -0.01380205859221103 0.0001091302609108886 9.028822478805911e-05 -4.253143136883402e-05 0.1710170272494466 0.05510529467014588 0.0001372849676743137 -0.01527025336939288 2.96935228785356e-05 0.0001032181770245491
2360 0.1673830641848782 0.05825401990466011 -0.01379540379378923 0.0001113323671731329 8.525429387748693e-05 -1.678639979996932e-05 0.1709848493517644 0.05511862136546393 0.0001628515514330689 -0.01526362379313943 3.196538015423368e-05 9.817286076622552e-05
2370 0.1674351083692472 0.05828902591185943 -0.01381413207777524 0.000110157912884341 9.555004931726175e-05 -4.417301401347969e-05 0.1710367787357143 0.05515377771107948 0.0001353986407028521 -0.01528225631364368 3.088333335677508e-05 0.0001084773933408537
2380 0.1674101941036486 0.05823759283249282 -0.01380011437062127 0.0001090372068388276 9.130702554687194e-05 -4.535781562520123e-05 0.1710117608516712 0.05510201905232871 0.0001344718243993628 -0.01526830304057088 2.959673196172808e-05 0.0001042393902758431
2390 0.1673871622287868 0.05825984938454078 -0.0137972286723143 0.0001115079349985505 8.380814527740399e-05 -1.376578287712293e-05 0.1709889470445082 0.05512448822509027 0.0001658784612815241 -0.01526543498581467 3.212239569504769e-05 9.672675492091672e-05
2400 0.1674356388587253 0.0582851383863405 -0.01381365652142978 0.0001101412311122241 9.64064407330395e-05 -4.466405640250419e-05 0.171037278165012 0.05514986789365599 0.00013488446676729 -0.01528177504519313 3.085549589501606e-05 0.0001093321749056513
2410 0.167405971634256 0.05823728229002912 -0.01379900749244649 0.0001089293552314474 9.157405025749634e-05 -4.714267500624738e-05 0.1710075413622864 0.05510169596402899 0.0001326614620449756 -0.0152672032419702 2.947892726372042e-05 0.0001045048735491838
2420 0.1673917822153182 0.05826432035823449 -0.01379920512419093 0.0001116558483583459 8.250152733339204e-05 -1.011408476234652e-05 0.1709935613630429 0.05512896387374933 0.0001694812372459164 -0.01526740947945602 3.226765663052041e-05 9.541575211078154e-05
2430 0.1674337679997508 0.05827996843858533 -0.01381239350771033 0.0001101168059351867 9.798883206568341e-05 -4.745828162177205e-05 0.1710353957834758 0.05514465809375559 0.0001320621522077594 -0.0152805210561086 3.084009475250734e-05 0.0001109135562619552
2440 0.1674043345303524 0.05823953489118294 -0.01379893724550854 0.0001089335852593935 9.08071660156658e-05 -4.718513983356982e-05 0.1710059230356211 0.05510393781837254 0.000132646346943157 -0.01526714464641157 2.947707278704553e-05 0.0001037398885838155
2450 0.1673957297932813 0.05826587440335027 -0.01380043777853129 0.0001117837626728549 8.183057096939619e-05 -6.939525802962527e-06 0.1709975030624972 0.05513049955291414 0.0001726723060340536 -0.01526864433293145 3.239752571897884e-05 9.474535659336042e-05
2460 0.1674298417731306 0.05827564084346987 -0.0138107797603519 0.0001099934554887487 9.967137295863394e-05 -5.175659309193064e-05 0.171031464601768 0.05514029129756791 0.000127803652504558 -0.01527891748468891 3.072156259694413e-05 0.0001125996820355346
2470 0.1674052756552167 0.05824349304309952 -0.01379981221933755 0.0001090054680388046 8.916727165899549e-05 -4.470165826818472e-05 0.1710068767334273 0.05510789874069506 0.0001351602670805892 -0.01526802555890914 2.954565045772716e-05 0.0001021003020914021
2480 0.1673976802864891 0.05826469277887094 -0.01380076226976866 0.0001117666039433666 8.226358916518873e-05 -6.045652745244746e-06 0.1709994477938335 0.05512932185273197 0.0001735370097308415 -0.01526896568733424 3.240461559468435e-05 9.517588931189887e-05
2490 0.167426153897289 0.05827351396795408 -0.013809555966385 0.0001097604109834576 0.0001010029721502007 -5.646432536297281e-05 0.1710277885876509 0.05513818051285686 0.0001231075556754019 -0.01527769465183796 3.050318141464622e-05 0.0001139333755714775
2500 0.1674082736373559 0.05824732973691922 -0.01380115296531281 0.0001091287438107025 8.711072153840097e-05 -4.057497649681752e-05 0.1710098932278847 0.05511178460649795 0.0001392966468813105 -0.01526935696491395 2.966430807792887e-05 0.0001000432358047599
2510 0.1673971883636124 0.05826145817137513 -0.01380006780668122 0.0001117168524101332 8.361568761029844e-05 -6.926627538366429e-06 0.1709989520040389 0.05512611240458239 0.0001726486033578445 -0.01526825849776445 3.236134780198477e-05 9.652899383023979e-05
2520 0.1674243661197449 0.05827447397055789 -0.01380913999573614 0.0001096098590237825 0.0001013442530603047 -5.958757196915705e-05 0.1710260036008383 0.05513916332714124 0.0001200160080043907 -0.01527727181805089 3.033405752161906e-05 0.000114277797428237
2530 0.1674114810087958 0.05824955896408468 -0.01380230142135933 0.000109328692745814 8.529011443646785e-05 -3.520966054369337e-05 0.1710130853760232 0.05511402158584922 0.0001446578673411396 -0.01527049733763251 2.983837741964377e-05 9.822048648244114e-05
2540 0.1673944449908697 0.05825788237390583 -0.0137988405707806 0.0001116649573105154 8.551913016836732e-05 -9.982798526940198e-06 0.1709961888945538 0.05512251229754686 0.0001695489381836615 -0.01526703325179721 3.231154892095313e-05 9.843058319820398e-05
2550 0.1674251644458319 0.0582775824443637 -0.01380986974932608 0.0001094976426228548 0.0001007127561182383 -6.021273710339269e-05 0.1710268054107057 0.05514226929496885 0.0001193706500521647 -0.01527800683513701 3.02104656020697e-05 0.000113644628248492
2560 0.1674136004798578 0.05824891911136855 -0.0138027732413597 0.0001095277677497258 8.430064840110604e-05 -3.121820352805094e-05 0.1710151968318918 0.05511335834121031 0.000148607018479875 -0.01527097399363725 3.003821870705247e-05 9.722694087562602e-05
2570 0.1673908679641737 0.05825537549435487 -0.01379753003981083 0.0001116654931767423 8.733076280514635e-05 -1.426416802445059e-05 0.1709926201182087 0.05511998155934669 0.0001652633978509849 -0.01526573279685477 3.232460286846659e-05 0.0001002439256824812
2580 0.167428284768452 0.05828188380404005 -0.01381137419132943 0.0001095386185379655 9.923216246276113e-05 -5.882756373326123e-05 0.1710299323673639 0.05514655703407217 0.0001207972671063667 -0.01527951753689561 3.024091421285597e-05 0.0001121659736168186
2590 0.1674130074460592 0.0582453182108098 -0.01380204293915467 0.0001095989676153011 8.436053429464614e-05 -2.914159940075067e-05 0.1710145967039186 0.05510972297244789 0.0001506916316785873 -0.01527025037025358 3.011717565532737e-05 9.728664204968995e-05
2600 0.1673879415272899 0.05825568488682272 -0.0137968323252878 0.00011158024925548 8.858873434466873e-05 -1.829357428558738e-05 0.1709897053378911 0.05512028298907107 0.0001612567753026915 -0.01526504269536507 3.225371646185269e-05 0.0001015044930993571
2610 0.167432851105231 0.05828516191593833 -0.01381311330533514 0.000109580943739902 9.764221784350286e-05 -5.574545907419253e-05 0.1710344981902308 0.05514983640682584 0.0001238900486931294 -0.01528125659782987 3.028495798761424e-05 0.0001105746225221366
2620 0.1674099497183894 0.0582401728399829 -0.01380051522262311 0.0001095818207756165 8.53367491893101e-05 -2.956018644892378e-05 0.171011542767721 0.05510457696611369 0.000150249914681736 -0.01526872321093704 3.012208249970409e-05 9.826138471803145e-05
2630 0.1673867502585479 0.0582588574648544 -0.01379704152631005 0.0001114258839851392 8.888308042984911e-05 -2.085626815859658e-05 0.170988537841906 0.05512350739165941 0.000158703939852692 -0.01526524406340702 3.211014626179274e-05 0.0001018009380165891
2640 0.1674376658483641 0.05828625257702638 -0.01381441451716522 0.0001096428735571721 9.637215362047793e-05 -5.266384682077705e-05 0.171039309169691 0.05515096424574501 0.0001269870134625638 -0.01528254125711683 3.033568553499236e-05 0.0001093048420078458
2650 0.1674051210797288 0.05823528156424677 -0.01379846178251736 0.0001095190364962689 8.669119159062424e-05 -3.16463231571079e-05 0.1710067134892232 0.05509969982539703 0.0001481700448631961 -0.01526666186159788 3.005399150792505e-05 9.961757456983104e-05
2660 0.1673887129473552 0.05826419559852151 -0.01379826250457908 0.000111432942662725 8.819707813689742e-05 -2.074327883262827e-05 0.1709904993122981 0.05512888050149916 0.0001588268720829403 -0.01526645302685538 3.209739144291521e-05 0.000101115708037531
2670 0.1674401997707041 0.0582846776543815 -0.01381486993660437 0.0001096881765889896 9.610075667108831e-05 -5.042997076071088e-05 0.171041809196794 0.05514936999765356 0.0001291942949477098 -0.01528299059471924 3.036449935166715e-05 0.0001090303358055709
2680 0.1674000649220915 0.05823227498145046 -0.01379668941409789 0.0001095207815248625 8.775315983227111e-05 -3.424813985444113e-05 0.1710016550460346 0.05509667376081132 0.0001455322143889897 -0.0152648986051264 3.005441092846893e-05 0.000100677841995194
2690 0.1673927426956465 0.05826999862714038 -0.0138002313282755 0.0001115069634733832 8.694261694740562e-05 -1.848616920740632e-05 0.17099453452615 0.05513469504328758 0.00016104561881013 -0.01526842356880879 3.217156701208988e-05 9.985818485173215e-05
2700 0.1674402233482231 0.05828046824725141 -0.01381419026568411 0.0001096751521624682 9.673019082471893e-05 -5.0712317731732e-05 0.1710418167969751 0.05514512134978722 0.0001288957183312248 -0.01528231786846524 3.03574298484295e-05 0.0001096588441261934
2710 0.167396019699317 0.05823214248744379 -0.01379560416114444 0.0001095214057399394 8.805267273461837e-05 -3.620278353655761e-05 0.1709976260428615 0.05509652089106733 0.0001436093131380071 -0.01526382702648053 3.00546454829086e-05 0.0001009802625887248
2720 0.1673978662527539 0.05827416514755758 -0.01380223299912614 0.0001116199471970751 8.574313060001534e-05 -1.557766083363802e-05 0.170999655997584 0.05513885348907473 0.0001639817540899924 -0.01527042798757996 3.228387976648534e-05 9.865958448661811e-05
2730 0.1674373926529427 0.0582747593907108 -0.01381268392604072 0.000109574582529607 9.815045426925137e-05 -5.303630744341526e-05 0.1710389733383068 0.05513937071246913 0.0001265852283316143 -0.01528082106243575 3.027094355213137e-05 0.0001110803602998202
2740 0.1673940522689542 0.05823498738783911 -0.01379564741927279 0.0001095523278667106 8.739623573135651e-05 -3.626032272781851e-05 0.1709956793484272 0.05509937424668944 0.0001435758108610885 -0.01526387813282512 3.009233053734506e-05 0.0001003251375826031
2750 0.1674023740286465 0.05827595390527001 -0.01380369037095379 0.0001116899904797237 8.517814467150934e-05 -1.27815762692463e-05 0.1710041612390668 0.05514065297032181 0.0001667661252536821 -0.01527188092074605 3.236758387139488e-05 9.809290966491694e-05
2760 0.1674333115911547 0.05826987438825207 -0.0138108664853465 0.0001093287475998548 9.978584567754331e-05 -5.732110660514384e-05 0.1710349014303192 0.05513449275780983 0.0001223026802805794 -0.01527900426954311 3.003839698327774e-05 0.0001127170550765131
2770 0.1673948750165081 0.05823941711100727 -0.01379642674161075 0.0001095468113866841 8.585258002170411e-05 -3.400302037969668e-05 0.1709965271743606 0.0551038575948657 0.0001458478779074771 -0.01526464887085436 3.008039377280087e-05 9.878221411425771e-05
2780 0.1674051048818169 0.05827486193312013 -0.01380409084005313 0.000111730083869309 8.555238833136514e-05 -1.194328108211574e-05 0.1710068817492229 0.05513958789644056 0.0001675987596497079 -0.01527226462175181 3.240515237624855e-05 9.846723105732772e-05
2790 0.1674294846046311 0.05826722249053599 -0.01380947141357329 0.0001091578637406077 0.0001009882244859674 -6.129160185104323e-05 0.1710310705906572 0.05513184124590004 0.0001183558503526967 -0.01527760554714574 2.984979298350499e-05 0.0001139220824391331
2800 0.1673978339837784 0.05824382278764571 -0.0137978885026862 0.0001097201289768678 8.389879771576037e-05 -2.951460044733336e-05 0.1709994803041051 0.05510827790946727 0.0001503187236756426 -0.01526610335737789 3.023129544790717e-05 9.682537402612379e-05
2810 0.1674047468536044 0.05827200031397207 -0.01380360899620207 0.0001117310426942236 8.69157938573471e-05 -1.290900605558808e-05 0.1710064972432389 0.05513670150424365 0.0001665705901337926 -0.01527178114405926 3.241194254371612e-05 9.982687801339181e-05
2820 0.1674271754068399 0.05826748197603976 -0.01380893850714073 0.0001091081660812454 0.0001011400015956858 -6.394564678043268e-05 0.1710287651197474 0.05513208834301952 0.0001156805963726735 -0.01527708123097577 2.979629583008798e-05 0.0001140729529447088
2830 0.1674015618033678 0.0582464723630251 -0.0137991936101755 0.0001099213079460919 8.223794778610389e-05 -2.452452526732353e-05 0.1710032117399154 0.05511092376004033 0.0001552873028225485 -0.01526741135187362 3.043004354741134e-05 9.516190461138583e-05
2840 0.1674025408116057 0.05826794902807385 -0.01380237690476546 0.0001116744750807569 8.883837567154244e-05 -1.663419783783276e-05 0.1710042884315202 0.05513262356652081 0.0001628571911361599 -0.01527055537984365 3.236568626026513e-05 0.0001017521693679769
2850 0.167427358986734 0.05827037348058067 -0.01380944586627312 0.0001091036845621553 0.0001002909875533897 -6.431475227027711e-05 0.1710289588583877 0.05513496464426686 0.0001153807523888991 -0.01527759708974865 2.977484411716399e-05 0.0001132282018389315
2860 0.1674036852077392 0.05824608079966094 -0.01379979673962349 0.0001101086450142181 8.134320076873363e-05 -2.042983407738816e-05 0.1710053279043796 0.05511050826161009 0.0001593958510952689 -0.01526801915431549 3.06190123322631e-05 9.426638114925228e-05
2870 0.1673987001597042 0.05826517072182695 -0.01380103296226957 0.0001115316657591192 9.079660933580485e-05 -2.12136389485416e-05 0.1710004489418731 0.05512982667392064 0.0001582786790455804 -0.01526921981957811 3.224580541847725e-05 0.0001037116938958532
2880 0.1674295963403999 0.05827439822468524 -0.0138107154985045 0.0001091080505228491 9.864830524941989e-05 -6.242621579682602e-05 0.1710312078191937 0.05513900185470042 0.0001172795038177407 -0.01527886934641294 2.978348875646028e-05 0.0001115847708254206
2890 0.1674037086091787 0.05824310771972949 -0.01379929804531553 0.0001101724628796443 8.147265026211796e-05 -1.85464958719839e-05 0.1710053538019248 0.0551075441721194 0.0001612563361180822 -0.01526751700388916 3.070084457002123e-05 9.439390767559152e-05
2900 0.1673961380841605 0.05826521537939369 -0.01380034330651909 0.0001113035949619275 9.221782586181195e-05 -2.607189952929078e-05 0.170997906943898 0.05512991182628731 0.0001534239217313559 -0.01526852333895167 3.203046779113119e-05 0.0001051351518273857
2910 0.1674337630660954 0.05827760707711371 -0.01381217654106375 0.0001091129661996659 9.689152812502596e-05 -5.904771355084248e-05 0.1710353780918852 0.0551422587068443 0.0001206796371415376 -0.01528031418763042 2.977159831856102e-05 0.0001098285385584999
2920 0.1674012653241354 0.05823856152908711 -0.01379788562942196 0.0001102492912941431 8.244702287705449e-05 -1.871986317234089e-05 0.1710028985538889 0.05510300699570801 0.0001610774149118755 -0.01526609436844947 3.077166329818434e-05 9.536871280367042e-05
2930 0.1673953856655962 0.05826813375862176 -0.01380059953724222 0.0001112150989139885 9.261245864301585e-05 -2.846438838503867e-05 0.1709971517484458 0.0551328470693956 0.0001510465522627507 -0.01526877400843851 3.192311090362172e-05 0.0001055317436580183
2940 0.1674375612364956 0.05827875280313138 -0.01381336835350123 0.0001091794988864698 9.547694325615414e-05 -5.517078726124606e-05 0.1710391501758529 0.05514338298931665 0.0001245268057810439 -0.01528150404059936 2.981834497464847e-05 0.0001084098393401412
2950 0.1673963813881952 0.058234346473595 -0.01379601084755876 0.0001102316513990829 8.389670605017332e-05 -2.067484317785063e-05 0.170998009068675 0.0550987626536352 0.0001590644654012305 -0.01526422937900547 3.076340781685513e-05 9.681537010141237e-05
2960 0.1673977565316092 0.05827307526680865 -0.01380189724926367 0.0001112432777447963 9.197132141064147e-05 -2.908581877254921e-05 0.1709995342180289 0.05513779117283479 0.0001504087379644336 -0.01527007771565518 3.195149335756562e-05 0.0001048897258428221
2970 0.1674398200291222 0.05827663725858354 -0.01381364513508893 0.000109216285560016 9.500773305118547e-05 -5.274623822706257e-05 0.1710413998918197 0.05514123460127375 0.0001269471661671402 -0.01528178565231139 2.985458528678454e-05 0.000107939443118061
2980 0.1673913296620341 0.05823162284598015 -0.01379430312008889 0.0001102059002258867 8.511232151995062e-05 -2.375940895928508e-05 0.1709929706674297 0.05509601679039808 0.0001560091150977973 -0.01526253177760704 3.074400018687548e-05 9.803444611367861e-05
2990 0.167401793137045 0.05827869060817045 -0.01380390624180903 0.0001113132497939617 9.07438247457217e-05 -2.698816494062778e-05 0.1710035740900695 0.05514340618696392 0.0001525482376309408 -0.01527208674888348 3.201511420767593e-05 0.0001036642795940479
3000 0.1674395194865297 0.0582719432899552 -0.01381289992532756 0.0001092363278959243 9.547262266308067e-05 -5.234144456923652e-05 0.1710410814807407 0.05513649942572814 0.0001273596262252883 -0.01528104713267992 2.988302641378092e-05 0.0001084038420514076
