"report"
"Iteration" "cd-scale etc.."
("Iteration" "cd-scale" "cl-scale" "cs-scale" "cmx-scale" "cmy-scale" "cmz-scale")
10 0.1660595166881771 0.04028226192838879 -0.0003940866755323672 -0.02941485705151678 0.0002024754694350853 -0.0001088264063372537
20 0.1839863184119669 0.05185262415358566 -0.0004167938808904404 -0.01678345339145221 -2.458928380737086e-05 5.754111068398435e-05
30 0.1813737940241571 0.06413149693618971 -0.0005949697371552717 -0.01257706617283511 -9.986172964675665e-05 6.891453165185787e-05
40 0.1735454033089246 0.06299653056401695 -0.00087866505056593 -0.01301771198399152 4.409774030530595e-05 9.441855729397185e-05
50 0.1706615398803187 0.06307401962157846 -0.0006625417583513885 -0.01372197648017716 0.0002228308632465393 0.0001216227984660856
60 0.1693802373156981 0.05826850092325778 4.298684741270709e-05 -0.0146764753890397 0.0001671663034720904 0.0001746595558537743
70 0.1688626201105656 0.0542081978652473 0.0001641887348229901 -0.015350027299032 3.784152997184826e-05 0.0002137766990237635
80 0.1680053562894263 0.05408988162597314 -0.0002482753353165287 -0.01513081255445131 3.08024257303159e-05 0.0001399819591096513
90 0.166556138473926 0.05420189202958619 -0.000712779196568747 -0.01494386062421944 0.0001264396320719339 5.273497192835923e-05
100 0.16559189297547 0.05377943660194284 -0.0008509767827710172 -0.01477403939195459 0.0001659318177567841 2.159834643421482e-05
110 0.1649711969020743 0.05366911132537257 -0.0006826257065902767 -0.01468038862494695 0.0001429687631991675 3.638786770169525e-05
120 0.1646244582485763 0.05361837408331249 -0.0005384895942553349 -0.01462041674658793 0.0001094119013928072 6.519689696870655e-05
130 0.1643954054288299 0.05376851983964442 -0.0004915801209473176 -0.01454309069045758 0.0001027687653619821 7.159099858433414e-05
140 0.1641515904230917 0.05378001978771293 -0.0004553632227847552 -0.01444745374504339 0.0001053721631995304 6.408037051021895e-05
150 0.1639641397375524 0.05361347393069021 -0.0004321833628811513 -0.01434737399708656 0.0001144936151950447 5.154859629780734e-05
160 0.1638243536184258 0.05344224675424149 -0.0004361494175841028 -0.0142534381655737 0.0001231555611667675 3.638557913808448e-05
170 0.163721948856111 0.05329523622284003 -0.0004479161790442974 -0.01418128439152359 0.0001261369609758116 2.895701615222809e-05
180 0.1636486931742326 0.05318280165551889 -0.0004555376657808921 -0.01413554241612928 0.0001223351105453363 2.668200719954451e-05
190 0.1635940522390639 0.05310994962565248 -0.0004361362406706536 -0.01410542766062923 0.0001198854999948863 2.641728924991868e-05
200 0.1635395082016418 0.05304960038248503 -0.0004059813131838081 -0.01407790089938812 0.0001211846284634316 2.559168587334027e-05
210 0.1634852031527201 0.05299388202475178 -0.0003694617924740316 -0.01404551326558181 0.0001222603574803662 2.469789157110063e-05
220 0.1634371795282147 0.05294485026780203 -0.0003364805242337268 -0.01401019860433005 0.0001228149096749854 2.343035160594557e-05
230 0.1634073933089389 0.05289632758278546 -0.000314783766332985 -0.01398176836443494 0.0001247414084811673 2.211657270150865e-05
240 0.163395261795521 0.05286200077022019 -0.0003074026335831681 -0.0139656012061432 0.0001266561944873683 2.093902914612203e-05
250 0.1633974530015882 0.05284255065731164 -0.0003123241369579073 -0.01396101518410331 0.0001277953450752964 2.051225842140881e-05
260 0.1634007939069886 0.0528405507373829 -0.0003247339988219737 -0.01396287388658758 0.0001268864571471799 2.223923594358249e-05
270 0.1633922266248246 0.05283891837920202 -0.0003470205947405041 -0.01396196279518553 0.0001242851207354832 2.643281582275508e-05
280 0.1633716363487253 0.05283418309808326 -0.0003831670511349907 -0.01395539121234778 0.0001190349120209638 3.323931146342384e-05
290 0.1633485833100702 0.05281573059957941 -0.0004240741840275663 -0.01394430579523156 0.0001130544910521839 4.035080531713746e-05
300 0.163328553387704 0.05278556563929542 -0.0004230341510639133 -0.0139318121442607 0.0001151957996893123 3.877058721622005e-05
310 0.163310164363702 0.05275847745011587 -0.0003844408911839856 -0.01392391355928673 0.0001241890225676504 3.372454732489597e-05
320 0.1632922879575376 0.052738744900219 -0.0003510858273066134 -0.01392157896766104 0.0001312680641568134 3.043416816322856e-05
330 0.1632785254127599 0.05274088490586282 -0.0003346780913187126 -0.01392282793990604 0.0001326076234332626 2.770496113031464e-05
340 0.1632680213809581 0.05276113164510876 -0.0003376193590358059 -0.01392428795528251 0.0001286921798565663 2.677285000917236e-05
350 0.1632599030285969 0.05278001612624992 -0.000349919446820049 -0.01392481212129905 0.000123085132909773 2.674248627203932e-05
360 0.1632547829747593 0.05279159245297168 -0.0003572743887646728 -0.01392247310723885 0.0001210024857104151 2.57081998778851e-05
370 0.1632503285718043 0.0527982028043622 -0.0003575758108241938 -0.0139189344469696 0.0001244740631366104 2.21411791701483e-05
380 0.1632473277725024 0.05280191700132322 -0.0003457240717533868 -0.01391702195544912 0.0001304030310802769 1.711070360485642e-05
390 0.1632458048199284 0.05280419232139761 -0.0003243058138938314 -0.01391734193869729 0.0001358777369310846 1.22285811472612e-05
400 0.163246934772349 0.05281019881565057 -0.0003020581880046702 -0.01392021362685555 0.0001392549145339212 8.553407079668652e-06
410 0.1632477277376414 0.05281724255084524 -0.0002859433774045508 -0.01392398631754648 0.0001396132977517671 6.565552711886266e-06
420 0.1632480766890723 0.0528232332197767 -0.0002776489548815944 -0.01392660767020426 0.0001381136874490342 5.919946125814179e-06
430 0.1632463583705991 0.0528263858009124 -0.0002764231728245831 -0.01392753897412802 0.0001359421662037879 5.811063661681143e-06
440 0.1632440792645488 0.05282896170780694 -0.0002786272288274113 -0.0139279727626793 0.000133913752041563 5.82565876578805e-06
450 0.1632417524344754 0.05282749054210399 -0.0002794889641943904 -0.01392746411147475 0.0001330314679209168 5.740508568444573e-06
460 0.1632406432016195 0.05282608914123126 -0.0002812663148805898 -0.01392733870661842 0.0001324212479968519 5.867702899351659e-06
470 0.1632425311736434 0.05282560771623373 -0.0002851217921894727 -0.01392831214696265 0.0001313803119109285 5.957378491211048e-06
480 0.1632445197134559 0.05282794113011874 -0.0002883428748689332 -0.01393015224983558 0.0001300417877271752 6.564432563611361e-06
490 0.1632460662166127 0.05282973319593751 -0.0002891429312183229 -0.01393175126371626 0.0001287782402694878 7.276530204765314e-06
500 0.16324581930299 0.05283111481858931 -0.0002899759213478917 -0.01393296521902692 0.0001284212461542372 7.503201605691868e-06
510 0.1632465386111663 0.05283194825283907 -0.0002907700396661835 -0.01393375465135299 0.0001285862186064688 7.40698775751656e-06
520 0.1632467225293122 0.05283219706007585 -0.000289625469510179 -0.01393350860277111 0.0001283847121935622 7.57166590336044e-06
530 0.1632475546282104 0.05283278817784652 -0.0002887822608622031 -0.01393368348189717 0.0001283449218461562 7.30205367121627e-06
540 0.1632492620668467 0.05283289478994541 -0.0002893733352815812 -0.01393465087210075 0.0001282288457814284 6.978701899842806e-06
550 0.1632506595158125 0.05283430706904532 -0.0002910938729114684 -0.01393575127638008 0.000127552160411055 6.999923528783278e-06
560 0.1632519651223291 0.05283559020293864 -0.0002933951759667913 -0.01393677320221413 0.0001269200046715026 6.722174057568058e-06
570 0.1632522478507369 0.05283712743248244 -0.0002972165294249703 -0.01393816054878891 0.0001262029776787103 6.622964622952812e-06
580 0.163250844339619 0.05283804826387965 -0.0003023933367644677 -0.01393885101627388 0.0001250048907607456 6.850843967452758e-06
590 0.1632464902238087 0.0528388302242691 -0.0003080865070592983 -0.01393880481527141 0.000124168946955775 7.002891558345564e-06
600 0.1632419536870526 0.05283834598093246 -0.0003120644438435094 -0.01393869262080603 0.0001237002163222034 6.842174000498939e-06
610 0.1632361869913634 0.0528387198929501 -0.0003146710219210176 -0.01393832476849792 0.0001230135617635435 6.929477660717976e-06
620 0.1632298291380201 0.05284065056222788 -0.0003173279615341022 -0.01393786456749615 0.0001223925011613746 6.960988270880077e-06
630 0.1632249642668207 0.05284563319125447 -0.0003208621962672729 -0.01393762157468242 0.0001218909360795224 6.791078150061141e-06
640 0.1632171061946748 0.05285352537411598 -0.0003234708680660892 -0.01393759479233463 0.0001212400514788712 6.942137385546105e-06
650 0.1632077135958561 0.05286096341883216 -0.0003247752189173357 -0.01393768078247419 0.0001204477431591808 7.036090306456785e-06
660 0.1631958772974755 0.05286795256556871 -0.000326508826472164 -0.01393764701283271 0.0001199974622676168 7.002678352509514e-06
670 0.1631849073785033 0.05287115953732213 -0.0003317785822988343 -0.01393761031116245 0.0001194006006449541 7.209454839285105e-06
680 0.1631759645344993 0.0528719657345551 -0.0003359142826181454 -0.01393785826475804 0.0001191406589792813 7.199236878761056e-06
690 0.1631691197972064 0.05286850527294921 -0.0003359098380485111 -0.01393727943685431 0.0001192354412227854 6.805072683569168e-06
700 0.1631658746662747 0.05286704594319594 -0.0003360350274543397 -0.01393734845192622 0.0001191646775414042 6.739867467873939e-06
710 0.1631650057113517 0.05286496289406262 -0.0003366006777761883 -0.01393751222559008 0.0001187058380028014 6.823820662854858e-06
720 0.1631654032509108 0.05286300662919385 -0.000337261882308851 -0.0139373256225551 0.0001183391116875199 6.93488273364263e-06
730 0.1631681833918656 0.05286182929398488 -0.0003395863268346759 -0.01393758977375088 0.000118057472345424 7.069921140961076e-06
740 0.1631707496107854 0.05286094737518563 -0.0003433573340412996 -0.01393769272885332 0.0001176624274133272 7.289501284069831e-06
750 0.1631715345785011 0.05285940724522244 -0.0003444759108033154 -0.01393741461889556 0.0001177161040353352 7.224205550883268e-06
760 0.1631745550637578 0.05285638813380012 -0.000345809579473366 -0.01393731741081985 0.0001176505953244677 7.174317055099978e-06
770 0.1631796212444959 0.05285435476135616 -0.0003481853263839968 -0.01393758842037902 0.0001177086315155666 7.158566341793302e-06
780 0.1631853209229954 0.05284948164725176 -0.0003491356417381782 -0.01393733019219784 0.0001177229705607376 7.126482876089118e-06
790 0.1631910332736649 0.05284533899336091 -0.000349993179460076 -0.01393726361874848 0.0001177542272193797 7.164725460440338e-06
800 0.163196038987995 0.05284353681990325 -0.0003504873336957873 -0.01393743363849636 0.00011773854781096 7.096317189216744e-06
810 0.1631996164588873 0.05284136670668199 -0.0003515700750123709 -0.01393738835448129 0.0001175237866738458 7.330026050290358e-06
820 0.1632025205030997 0.05283961437399862 -0.000351041291267727 -0.01393739033057027 0.0001175536046032914 7.282898394926707e-06
830 0.1632045244316874 0.05283889063413254 -0.0003513610461552123 -0.01393755969442672 0.0001174878397658779 7.262957574076287e-06
840 0.1632053618037695 0.05283832512381058 -0.0003517761494633625 -0.01393780945952995 0.0001174315607677792 7.377169977970314e-06
850 0.1632063882529713 0.0528368497258859 -0.0003515276428908445 -0.01393757559394982 0.0001172138034995851 7.411767094052847e-06
860 0.163206769567013 0.05283599997475921 -0.0003513912879123703 -0.01393771735903492 0.0001173723850230681 7.339866686451372e-06
870 0.1632078677961276 0.05283469121452401 -0.0003506174966978787 -0.01393802637310308 0.0001172364919814282 7.312653835590848e-06
880 0.1632087662493956 0.05283290600151608 -0.0003496394062802196 -0.0139378602425976 0.0001170829552519974 7.461281847849879e-06
890 0.1632112224106526 0.05283126384202997 -0.0003504292779191083 -0.01393801107181682 0.000117157818426118 7.304680929703428e-06
900 0.1632155856675842 0.05282983044306545 -0.0003507032921494252 -0.01393848800122267 0.0001172015528346687 7.257252374725183e-06
910 0.1632191027819417 0.05282702938530594 -0.0003513406134048122 -0.01393809546266176 0.0001170414623632235 7.438320993074031e-06
920 0.1632242420357456 0.05282663026548875 -0.0003511655855186029 -0.01393835999419219 0.0001170625052691733 7.362879941041056e-06
930 0.1632279626761528 0.05282478232084781 -0.0003502981896592953 -0.0139385183275189 0.000117326982659259 7.142696950089626e-06
940 0.1632305158600859 0.05282359672580614 -0.000351114273698229 -0.0139385429544765 0.0001169958327836348 7.377987638423083e-06
950 0.1632329015726 0.05282258320591181 -0.0003506779586059553 -0.01393867618711384 0.00011715376233017 7.214571570889964e-06
960 0.1632348270311407 0.05282148030148965 -0.0003501692281388225 -0.01393877250460555 0.000117276629298914 7.14005305391593e-06
970 0.1632365839985565 0.05282090038683313 -0.0003506769943253414 -0.01393879339406537 0.0001170463714046712 7.347118000894731e-06
980 0.1632372350613303 0.05282009174661924 -0.000351457395397506 -0.01393877113910439 0.0001169904102882725 7.286739877917189e-06
990 0.1632388105350832 0.05282021149739718 -0.0003511427850266772 -0.01393898293215117 0.0001171479908244072 7.230849455423019e-06
1000 0.163239422392751 0.0528201113742577 -0.0003512934166611955 -0.01393894633107915 0.0001170709402817153 7.322983489999673e-06
1010 0.1632395717595914 0.05282033175416424 -0.000351693503547298 -0.01393900105060477 0.0001170384760626502 7.260599796358586e-06
1020 0.1632392913240045 0.05281976516048695 -0.0003513495981002932 -0.01393885259528379 0.0001172881294256795 7.05971673714552e-06
1030 0.1632395163847993 0.05282045454233524 -0.0003518947250409144 -0.01393894422671824 0.0001171133381327979 7.21359033451224e-06
1040 0.1632392247862724 0.05282108591307057 -0.0003509979304386249 -0.01393885147570489 0.0001172161011083541 7.102608935765155e-06
1050 0.1632387260420601 0.05282089272494364 -0.0003502808837083776 -0.01393859433585402 0.0001172162991602524 7.065522731254082e-06
1060 0.1632395270268695 0.05282280702993786 -0.0003510827553720442 -0.0139387425491198 0.0001172412200224643 7.089833203956437e-06
1070 0.1632389409895344 0.05282421616818186 -0.0003516792694192183 -0.01393847375927818 0.0001172246303669608 7.075839432111973e-06
1080 0.1632374019500233 0.05282471079107169 -0.0003503797587207008 -0.01393811129258882 0.0001172223199364427 7.071115201600168e-06
1090 0.163234988498338 0.05282635859845271 -0.0003495512987820217 -0.01393788368251504 0.0001173101549860179 6.914914918078017e-06
1100 0.163231000302793 0.05282913616618633 -0.00034980065011803 -0.01393768631933135 0.0001171453701739402 7.082249440469637e-06
1110 0.1632262087225077 0.05283034210050463 -0.0003502005269316327 -0.01393722669770915 0.000117113594932593 7.048175031742391e-06
1120 0.1632213838652002 0.05283224653567965 -0.0003482775232417618 -0.01393711070816477 0.0001172585656178719 6.872866437450933e-06
1130 0.1632158316160033 0.052833783231655 -0.0003477315456161547 -0.0139370142004613 0.0001172441750914193 6.874862236242869e-06
1140 0.1632113415318192 0.05283558171276299 -0.0003494934391583165 -0.01393698505642904 0.0001170528359737427 6.992237013318462e-06
1150 0.1632064417825008 0.05283596042431844 -0.0003499756158196833 -0.01393662052990106 0.0001172163702354118 6.904279498720458e-06
1160 0.163201396731166 0.05284021272603029 -0.0003496426665956919 -0.01393686169987094 0.0001172797431662191 6.860026465741164e-06
1170 0.1631940962588446 0.05284836428533819 -0.0003485532262433261 -0.01393653151664248 0.0001171640350274537 6.862720578217997e-06
1180 0.1631847643198922 0.05285746747762227 -0.0003502475049240079 -0.01393584129551085 0.0001172339777875785 6.825127492187344e-06
1190 0.1631790317861545 0.05286241758758057 -0.0003506995382108943 -0.01393616141524026 0.0001174391763027645 6.596905613793413e-06
1200 0.1631729356417368 0.05286389275613779 -0.0003501352378127097 -0.01393609889671018 0.0001175513695745737 6.538502046975803e-06
1210 0.1631680888190184 0.05286492317031036 -0.0003504395115002563 -0.01393595016880311 0.0001174963955923538 6.616737293920438e-06
1220 0.1631652850438338 0.05286431679888903 -0.0003497069109893133 -0.01393609845119471 0.0001176834171602382 6.410193473865469e-06
1230 0.1631648510653582 0.05286404919434658 -0.0003501305321286304 -0.01393640911235458 0.0001178083611672324 6.359757313418302e-06
1240 0.1631664301197844 0.05286205228654428 -0.0003496641475206733 -0.01393628315035235 0.0001176955682525589 6.432034434228067e-06
1250 0.1631682212739161 0.05286103201317181 -0.0003485482620270566 -0.01393612435697461 0.0001177572496637163 6.311077844568065e-06
1260 0.1631693605803798 0.05286001090696434 -0.0003487432493755958 -0.0139360016485802 0.0001179421569361903 6.141323861791252e-06
1270 0.1631705585015521 0.05285746729666758 -0.0003488480700036598 -0.0139360113997437 0.0001178814753683329 6.248693628464194e-06
1280 0.1631751182928515 0.05285531668066407 -0.000347925566372782 -0.01393626340960067 0.0001178607530058578 6.239640802964793e-06
1290 0.1631785964582615 0.05285219244971823 -0.0003476218039752686 -0.01393610347615335 0.0001180186435997818 6.119886334534374e-06
1300 0.1631826369960336 0.05284873550687293 -0.0003479318270644951 -0.01393628897901084 0.000117981935399543 6.162296626410794e-06
1310 0.1631877319540385 0.05284388963810727 -0.0003482456369076951 -0.01393624235935837 0.0001180222196288511 6.076766676046865e-06
1320 0.1631910135638192 0.05284031615676932 -0.0003485332951747238 -0.01393584089573644 0.0001181621680407344 6.097308060536103e-06
1330 0.1631951282403591 0.05283650096124499 -0.0003478376079757411 -0.01393555440325808 0.000118277717102001 5.9549387786666e-06
1340 0.1631975453253932 0.05283459248450198 -0.0003476105255439115 -0.01393548566378624 0.0001183172927883382 5.954604283637249e-06
1350 0.1631995020709376 0.05283240892700379 -0.0003484135024629252 -0.01393533990618854 0.0001182630459748476 5.952861239757014e-06
1360 0.163201447579566 0.0528317416907375 -0.0003479496080133957 -0.01393564353131891 0.0001183157064492413 5.960337864277846e-06
1370 0.1632025752364237 0.05283090118877019 -0.0003480554682864899 -0.01393573102421013 0.0001182198588860543 5.991077250957154e-06
1380 0.1632031460198596 0.05283059099441961 -0.0003488041946081425 -0.01393599635305362 0.000118215619618368 5.966646074398558e-06
1390 0.1632036698393992 0.05283018182273192 -0.0003487522319030752 -0.01393596948144785 0.0001181963517976101 6.032426724095466e-06
1400 0.1632040945218495 0.05283008445419912 -0.0003479195055354427 -0.01393575287770405 0.000118146654463508 6.069611662102897e-06
1410 0.1632049490232005 0.05282907666070979 -0.0003467638952953625 -0.01393568993630838 0.0001182442924266624 5.882653233617128e-06
1420 0.163206204210097 0.05282712805530055 -0.0003466363792108035 -0.01393536642817224 0.0001181297740891701 5.964561351270491e-06
1430 0.1632094053326299 0.0528267595974608 -0.0003476783784784329 -0.0139355142503844 0.0001180592905494749 6.025405786878603e-06
1440 0.1632138041131379 0.05282417845813254 -0.0003484936250798185 -0.01393537028504264 0.0001180729730429242 5.962253612266107e-06
1450 0.1632177812830996 0.05282280508725516 -0.0003493639749579714 -0.0139353917912255 0.0001180574207965786 6.149319590698744e-06
1460 0.1632219733011025 0.05282166522598999 -0.0003497951519272628 -0.01393541315772593 0.0001179332774043013 6.1501148112595e-06
1470 0.1632249808741521 0.05282026042207272 -0.0003497279210275653 -0.01393537193270973 0.0001180926565341294 6.124452953691416e-06
1480 0.1632275996027727 0.05281890175753044 -0.0003485763370971741 -0.01393536490516845 0.0001180450775635188 6.166232026587817e-06
1490 0.1632293380057362 0.0528178762040498 -0.0003489352788707073 -0.0139352811197915 0.0001179794875678289 6.129896343083886e-06
1500 0.163230743501247 0.05281789692871987 -0.0003485550928712993 -0.0139353588945856 0.0001181302121739951 6.10846569426657e-06
1510 0.1632321374119821 0.05281681503929497 -0.0003490504180970015 -0.01393510089286687 0.0001178321132953291 6.335802650847529e-06
1520 0.1632328475009202 0.05281719505642673 -0.0003496984489939827 -0.01393523562287804 0.0001178253981934137 6.337739887357065e-06
1530 0.1632330318399758 0.05281710846975887 -0.0003498131985156128 -0.01393508963087638 0.0001177291432538496 6.38501418891308e-06
1540 0.1632326724993722 0.05281757960405005 -0.0003497417211979219 -0.01393501513942491 0.000117546679761876 6.691098199143201e-06
1550 0.1632329129204195 0.05281757788229877 -0.0003502694872878921 -0.01393479187775081 0.0001173961443112082 6.690611269142413e-06
1560 0.1632317245768331 0.05281651109122636 -0.0003504021032337782 -0.01393409998436351 0.0001177166337302366 6.580754487020279e-06
1570 0.1632321728346364 0.0528158434868735 -0.0003471967361516918 -0.01393371721237846 0.0001188588771699497 5.590099285666644e-06
1580 0.1632338915162543 0.0528184554245738 -0.0003420215098683944 -0.01393444429434221 0.0001203733439377944 4.430433819181737e-06
1590 0.1632332642920741 0.05282060085161467 -0.0003410516234639033 -0.01393491735349551 0.0001203642046686607 4.52659136445984e-06
1600 0.163232916531818 0.05282181809491442 -0.0003434737654796274 -0.01393458917943079 0.0001192131567697708 5.243163805451649e-06
1610 0.163231692827453 0.05282122762179531 -0.0003452033044197199 -0.01393355329416723 0.0001186408187621868 5.536166402442388e-06
1620 0.163230647955077 0.05282119397481189 -0.0003444899171550414 -0.01393292927241118 0.0001189810903335538 5.034036428100216e-06
1630 0.1632285944656315 0.05282399055019645 -0.0003422759894518865 -0.0139332768222871 0.0001198678021568833 4.389972197897129e-06
1640 0.1632230130137457 0.05282778575773472 -0.0003426072562713247 -0.01393343651079474 0.0001196493425730725 4.66669271800679e-06
1650 0.1632170211385594 0.05282921931187425 -0.0003424201690266382 -0.01393270057612981 0.0001190045022529365 5.122427294076701e-06
1660 0.1632115933129594 0.05282744851201836 -0.0003411766387202595 -0.01393127463379486 0.0001187359972007091 5.131756991258797e-06
1670 0.1632078001441921 0.05282821301107094 -0.0003402921321009622 -0.01393112356690474 0.0001194630558666773 4.448657248458272e-06
1680 0.1632036457121754 0.0528305935897098 -0.0003394134897363128 -0.01393193652074555 0.0001201790412493219 3.913967928903519e-06
1690 0.1631981783697208 0.05283478426675309 -0.0003413376693694722 -0.01393229558006647 0.0001195733702736902 4.517427378151539e-06
1700 0.163190796645096 0.05283913934292056 -0.0003427099781195845 -0.01393167222280218 0.0001189300104104189 4.90416225114857e-06
1710 0.1631812415041511 0.05284587233688463 -0.0003415187908615187 -0.01393034508042576 0.0001188811195411641 4.710608578688561e-06
1720 0.1631742157604318 0.05285282219414356 -0.000340812177329029 -0.01393011313336994 0.0001199103129994556 3.99147455251336e-06
1730 0.1631684059274493 0.05285588996338984 -0.0003408822740894181 -0.0139308450671261 0.0001205871489416506 3.433393311252763e-06
1740 0.1631613805366829 0.05285685855963052 -0.0003408233566375553 -0.01393115303378717 0.0001202913077845584 3.794754187739514e-06
1750 0.1631553293381193 0.05285433906775582 -0.0003404772997777415 -0.01393040918734898 0.0001197218725349218 4.096549886199832e-06
1760 0.1631532375568669 0.05285179886499203 -0.0003393500234679577 -0.01393016555666578 0.000120100080773594 3.678348899131646e-06
1770 0.1631541729188866 0.05285030889303301 -0.0003372770778557722 -0.01393046116190793 0.0001209876268741511 2.995894747177985e-06
1780 0.1631560462354454 0.05284994339263648 -0.0003359257547244624 -0.01393103480228425 0.0001211527972285599 2.942448472020593e-06
1790 0.163156962505727 0.05284933681640198 -0.0003351499640715822 -0.01393104700287687 0.0001212710171989674 2.722177506421098e-06
1800 0.1631583725151811 0.05284849729096179 -0.0003335762490720729 -0.0139309814345523 0.0001213990673680739 2.565907335687506e-06
1810 0.1631618708179365 0.05284694159781431 -0.0003328770789445634 -0.01393110571898039 0.00012146018611925 2.479710355941385e-06
1820 0.1631667480954062 0.05284690541860267 -0.0003329354159042818 -0.0139313675434409 0.0001211524010198881 2.558830944698808e-06
1830 0.1631711476190561 0.05284595757782942 -0.0003342080523348174 -0.01393120880588196 0.0001208815557792791 2.829939354654023e-06
1840 0.1631772836197622 0.05284327231155534 -0.0003384327930456921 -0.0139312322282987 0.0001207284235230676 2.90129266889285e-06
1850 0.1631822550783444 0.05284106388256256 -0.0003413367047134015 -0.01393127721476184 0.0001207378661130669 3.019955281578228e-06
1860 0.1631851897369072 0.05283975655139434 -0.0003423000895753367 -0.01393121019598165 0.0001205984947257879 3.326452076750995e-06
1870 0.1631883888112632 0.05283878913090179 -0.0003433268689103072 -0.01393142408729287 0.0001202234899831449 3.72542458752537e-06
1880 0.1631891513948018 0.05283774624120192 -0.0003452000741134528 -0.01393148834606157 0.0001197953249027293 4.277961106883139e-06
1890 0.1631896431625803 0.05283799366997895 -0.0003467249675937438 -0.01393176613188791 0.0001191401398181303 4.945522238147229e-06
1900 0.163188925799858 0.05283734550408038 -0.0003469739776847776 -0.0139315183264977 0.0001187431226870889 5.466406577404665e-06
1910 0.163188373656692 0.05283794478360828 -0.0003478813694694446 -0.01393151323173031 0.0001182668675784625 6.144895042066675e-06
1920 0.1631884303471194 0.05283790106488543 -0.0003483470518355148 -0.01393150693394582 0.0001178452857203702 6.679159279562442e-06
1930 0.1631874443055155 0.05283810702535648 -0.0003501434213453973 -0.0139315551923182 0.0001172846239671469 7.449645862526833e-06
1940 0.1631885757473819 0.05283925739336216 -0.0003511422668282226 -0.01393218907662005 0.0001166040994530766 8.393465786613438e-06
1950 0.163190066414253 0.05283814188944819 -0.0003534358971059617 -0.01393231536400258 0.0001158542846013204 9.338921763110616e-06
1960 0.1631941513935966 0.05283621527453598 -0.000356242457861399 -0.01393265998705089 0.0001153561951686914 1.022708948663267e-05
1970 0.1631996430992749 0.05283303532438757 -0.0003576806895980172 -0.01393295685080194 0.0001152049976641 1.081686879478443e-05
1980 0.1632053169096873 0.0528296460829452 -0.0003585126549551504 -0.0139327654129016 0.0001151366857746268 1.148898942535763e-05
1990 0.1632093747334166 0.05282430160863852 -0.0003593430680728191 -0.01393186164770041 0.0001151126645959566 1.221393673272324e-05
2000 0.1632111362334712 0.0528193279910404 -0.0003587375478292325 -0.01393040884516879 0.0001152599460461526 1.278595259288953e-05
2010 0.1632106685049934 0.05281422192702681 -0.0003566545107889407 -0.01392784534492794 0.0001159914159081187 1.28698254425605e-05
2020 0.1632087425391489 0.05281007724709957 -0.0003539045303183414 -0.0139254296232117 0.0001171537852859774 1.275928135822133e-05
2030 0.1632083801317823 0.05280748125430237 -0.0003482731353828359 -0.01392399313352933 0.0001184810578954152 1.225118122917807e-05
2040 0.1632086053388733 0.05280725637205141 -0.0003422942583849402 -0.01392347527923352 0.000119772711862917 1.167853496996938e-05
2050 0.1632097893818878 0.0528080029910862 -0.0003381769967006579 -0.01392366627708946 0.0001204255187160268 1.141798838445812e-05
2060 0.163211002226026 0.05280997212944179 -0.0003342890713429048 -0.01392421694249326 0.0001205239501493315 1.124720352677368e-05
2070 0.1632109157414436 0.05281116792057988 -0.0003335731703351462 -0.01392433454245153 0.0001199138558187766 1.15185367471481e-05
2080 0.1632105788632094 0.05281221204568463 -0.000336716420698377 -0.01392434139533953 0.0001186350684126768 1.228369176361291e-05
2090 0.1632109146175508 0.05281322554752402 -0.0003408074858266381 -0.01392425535506992 0.0001172357357673858 1.31431768234239e-05
2100 0.1632117400425167 0.05281263114913533 -0.000344512407400668 -0.01392405576052128 0.0001162895656953819 1.381253611082964e-05
2110 0.163213636683367 0.0528121526905312 -0.0003468111441603835 -0.01392418423243216 0.0001159160727170157 1.414731477605418e-05
2120 0.1632146111464696 0.05281128671270686 -0.0003479435222841766 -0.01392362149030655 0.0001159855837345641 1.429041593513871e-05
2130 0.1632149011806865 0.05281115902031323 -0.0003490297223780478 -0.01392307294736328 0.0001165703625192193 1.417675636107319e-05
2140 0.1632137047015062 0.05281025221424061 -0.0003479849054613096 -0.01392206770530323 0.000117237386639438 1.395439755560764e-05
2150 0.1632110900117116 0.05281104537471946 -0.0003453060155783533 -0.01392111349603318 0.0001178792065972666 1.375893543159396e-05
2160 0.1632082733510566 0.05281241990204315 -0.0003428361251649002 -0.01392037428512117 0.0001185205092170162 1.349171197591706e-05
2170 0.1632042240643561 0.0528144313592999 -0.0003394004301723287 -0.01391975182800721 0.0001189011211459974 1.328694768339864e-05
2180 0.1631994062380864 0.05281793949578336 -0.0003372228448864426 -0.01391975620321594 0.0001188065941108839 1.333067337498555e-05
2190 0.1631947317418582 0.05281983878364564 -0.0003368326140929708 -0.01391974919529824 0.0001183640313420685 1.348606335330647e-05
2200 0.1631898878870903 0.05282277401742407 -0.0003373573247973755 -0.01391995639811579 0.0001178566460629669 1.382251839310206e-05
2210 0.1631848312044434 0.05282418272061409 -0.0003399537577183006 -0.01391984190980126 0.0001172367919751282 1.407063994102543e-05
2220 0.1631797593812689 0.05282786849074765 -0.0003409609989367227 -0.01392000922598387 0.0001170829597533742 1.405722706694708e-05
2230 0.163173082706939 0.05283224609727624 -0.0003400910037747687 -0.01391929013931859 0.0001168958602140468 1.410478338462136e-05
2240 0.1631642440974761 0.05284073995397341 -0.000339024431319264 -0.0139189476266322 0.0001168784109703869 1.408184127239833e-05
2250 0.1631537389486471 0.0528479477485777 -0.0003404389463108571 -0.01391843529727457 0.0001169655913203216 1.401802099295689e-05
2260 0.163144938262092 0.05285138436092896 -0.0003439776850368848 -0.01391802508367231 0.0001170780350839754 1.422661726130856e-05
2270 0.1631387373961427 0.05285271895060864 -0.0003443636656484755 -0.0139179581591865 0.000117654144594313 1.393719780444456e-05
2280 0.1631331826751645 0.05285159592087702 -0.00034166104853259 -0.01391750703585454 0.0001181845018036389 1.362481977785884e-05
2290 0.163129660158385 0.05285047425358847 -0.0003397379085013618 -0.01391748216680539 0.0001184234947598859 1.349722489240485e-05
2300 0.1631286384157508 0.05284923781194281 -0.0003395297507703289 -0.01391773138236931 0.0001183419571996052 1.348029467401319e-05
2310 0.1631302964962094 0.05284791880810492 -0.000339471532974187 -0.01391810914522123 0.0001182794214659686 1.35578300562086e-05
2320 0.1631332554549634 0.05284593651599655 -0.0003398090301664828 -0.01391836123217424 0.000117874414303346 1.375629633363032e-05
2330 0.1631354618286472 0.05284590209548488 -0.0003399327489325992 -0.0139188702031232 0.0001176355930799537 1.386984319311788e-05
2340 0.16313677817165 0.05284378638630841 -0.0003399851467356201 -0.01391884178358456 0.0001174187911943633 1.401979293865665e-05
2350 0.1631410853522902 0.05284035096787316 -0.0003407557940440631 -0.01391888661653557 0.0001174027126912947 1.402791937889258e-05
2360 0.1631455208046684 0.05283652770658657 -0.000339319883178577 -0.01391889251391628 0.0001177422718376547 1.372561111150614e-05
2370 0.1631504951566797 0.0528315269025463 -0.0003377889881881516 -0.01391862307974711 0.0001178432660370842 1.370539645815633e-05
2380 0.1631563176861149 0.05282796847450484 -0.0003380724381513842 -0.01391862038136274 0.0001180722257733085 1.361275323451606e-05
2390 0.1631605435363639 0.05282441745481482 -0.0003384200767378115 -0.01391837583410043 0.0001181742697047543 1.354179951343013e-05
2400 0.1631641095896369 0.05282259617043039 -0.000337568385605818 -0.01391855685489972 0.0001183790360983397 1.349753753864064e-05
2410 0.1631669813236103 0.05282080463827524 -0.0003375328423673456 -0.01391868662150877 0.0001183007591933533 1.351730234493647e-05
2420 0.1631689004122435 0.05282085801182958 -0.0003377019164122751 -0.01391904985797641 0.0001183138929645954 1.361586856596564e-05
2430 0.1631704937096081 0.05281959942824015 -0.0003381354573608867 -0.01391923595547154 0.0001182153695467972 1.359060311569989e-05
2440 0.1631717683358744 0.05282002651917939 -0.0003384489825145686 -0.01391963610506975 0.0001180154983270107 1.378675540872288e-05
2450 0.1631727107379652 0.05282001085981444 -0.0003388142075656593 -0.01391972067804751 0.0001177636155981146 1.388159431916782e-05
2460 0.1631738586350375 0.05281962482073424 -0.0003389826830377516 -0.01391987258376677 0.0001175619751365563 1.395072735601673e-05
2470 0.1631750900801456 0.05281815833952108 -0.0003384874202319882 -0.01391983978662208 0.0001176358382094802 1.390607186468146e-05
2480 0.1631767889141725 0.05281659619576393 -0.0003391608053571936 -0.01391983304630005 0.00011753667535193 1.399735543126901e-05
2490 0.1631805359709722 0.05281528978949117 -0.0003395923952620313 -0.01391990526997525 0.0001178467110316871 1.386142127330329e-05
2500 0.163184639148282 0.05281249612918298 -0.0003399422488793144 -0.01391957546380621 0.0001179238520740807 1.387932757578518e-05
2510 0.1631889690848911 0.05281140835740226 -0.000339442978347255 -0.0139197019053413 0.0001180915112354144 1.377438110522209e-05
2520 0.1631923092855974 0.05281005181427027 -0.0003381777391273795 -0.01391966795650445 0.0001183096017773699 1.360236496512355e-05
2530 0.1631952369098036 0.05280901415085781 -0.000337584005849792 -0.01391963903291204 0.0001184036377236517 1.356432522533826e-05
2540 0.1631976479486766 0.05280846129630447 -0.0003371245152676838 -0.01391986751442925 0.0001184183568112539 1.339224329335905e-05
2550 0.1631994431320612 0.05280817289066241 -0.0003381984038358465 -0.0139200263865931 0.000118189397836216 1.356181250044569e-05
2560 0.1632007161447602 0.05280774457395306 -0.0003396478561844655 -0.01392009208844064 0.000117862140197194 1.389185782997283e-05
2570 0.1632022192647415 0.05280717412126794 -0.0003416398034462567 -0.01392028378387287 0.0001174881288771755 1.416810551494251e-05
2580 0.1632028486651995 0.05280710979498394 -0.0003420893968773758 -0.01392035224194897 0.0001175628775449435 1.42073275493993e-05
2590 0.1632030948938762 0.05280656743995202 -0.0003424645083933424 -0.01392036088963318 0.0001174371669714266 1.435480568451346e-05
2600 0.1632038320046458 0.05280765795676145 -0.0003418769082885902 -0.01392055746001777 0.0001175757825021034 1.429510197163707e-05
2610 0.1632029182711131 0.05280703558549684 -0.0003422267156236701 -0.01392018561692777 0.0001177437625281099 1.418448459121904e-05
2620 0.163202630446636 0.05280738978737717 -0.0003423567065675502 -0.01392017384947554 0.000117780351428827 1.421486654016702e-05
2630 0.1632022968570239 0.05280833936863313 -0.0003412996781680352 -0.01391997304932656 0.000117958651527419 1.401501010332084e-05
2640 0.1632019092728891 0.05280953882894997 -0.0003407022345774222 -0.01391980018349505 0.0001180547491537225 1.402589451188119e-05
2650 0.1632020009768293 0.05281087212368545 -0.0003407996717422681 -0.01391970624719159 0.0001181805534173465 1.387575255610024e-05
2660 0.163201002971915 0.05281269898394434 -0.0003398666632827209 -0.01391977302865031 0.0001182667371777885 1.381654126429731e-05
2670 0.1631993271656195 0.05281394673105683 -0.0003382293325978968 -0.01391961504107207 0.000118306741087275 1.370813909300446e-05
2680 0.1631964938572599 0.05281552155235732 -0.0003379597452154357 -0.01391939777998688 0.0001180839676699969 1.37565208500495e-05
2690 0.1631923458613344 0.05281717524761047 -0.0003377176282397017 -0.01391924158406079 0.0001179954827609611 1.373946502731624e-05
2700 0.1631874126735868 0.0528187297214672 -0.0003373181412959494 -0.01391899125724041 0.0001178413872152492 1.376414720521893e-05
2710 0.1631830619060615 0.05282032287304187 -0.0003366353793726277 -0.01391880155337347 0.0001177720571646266 1.380375588171558e-05
2720 0.1631778313028342 0.0528213249540237 -0.0003366018235754427 -0.01391858868475707 0.0001177518892994161 1.379161978261716e-05
2730 0.1631732892169538 0.05282174110964396 -0.0003377748446040729 -0.01391852370631247 0.0001177303929450638 1.37884227746701e-05
2740 0.163168746155431 0.05282282424958714 -0.0003386629131800797 -0.01391846155382013 0.0001178613979178395 1.375168905323005e-05
2750 0.163164008123708 0.05282684247411094 -0.0003385313615245161 -0.01391830229987748 0.0001178608974412039 1.377819211642059e-05
2760 0.1631563624113252 0.05283634264441821 -0.0003379457259606926 -0.01391802785837607 0.0001180122849215758 1.355601602624177e-05
2770 0.163148541860727 0.0528434408852017 -0.0003388646912035086 -0.01391788046227093 0.0001179755929632609 1.361978000176396e-05
2780 0.1631429437918091 0.05284644932834511 -0.0003395653286122683 -0.01391792377797328 0.0001179352326726547 1.360943750438463e-05
2790 0.1631374749256935 0.05284669097829429 -0.0003401974082783828 -0.01391791025799593 0.0001181301157391642 1.345926729574471e-05
2800 0.1631325306846313 0.05284573755939358 -0.000339639868630399 -0.01391793209387483 0.0001181717199835157 1.34713681211792e-05
2810 0.1631297223586382 0.05284508387576856 -0.0003388630001535252 -0.01391822570954726 0.0001181289075527852 1.340989072000963e-05
2820 0.1631296499593764 0.05284308244475627 -0.0003377820018640244 -0.01391838538361668 0.0001183142291728858 1.327529108993001e-05
2830 0.1631309134484787 0.05284047098530754 -0.0003370123139049926 -0.01391832128399527 0.0001182662606883662 1.327321229299623e-05
2840 0.1631322444572682 0.05283978772198618 -0.0003380681036452777 -0.0139183219874087 0.0001180135383232862 1.337805184046106e-05
2850 0.1631327945424222 0.05283912460708737 -0.0003386555113240893 -0.01391813052116612 0.0001179427568272005 1.34661135803242e-05
2860 0.1631358278648437 0.05283757534403642 -0.0003387586659749234 -0.01391812916540521 0.0001176917356856533 1.380684875705555e-05
2870 0.1631410989785328 0.05283631979398922 -0.0003387241475033678 -0.01391820344964891 0.0001175960127932065 1.380096984582201e-05
2880 0.163144716339092 0.05283633497263717 -0.0003395021769957972 -0.01391827438534363 0.0001176399951194685 1.393135902688702e-05
2890 0.1631498833464545 0.0528345062083432 -0.0003414979917726271 -0.01391822395506605 0.000117505575740144 1.40493472715118e-05
2900 0.1631555561413532 0.05283224291071503 -0.0003438307041960291 -0.01391852953422435 0.0001177642289396509 1.392418466000409e-05
2910 0.1631598617690112 0.05282909824909347 -0.0003446081070255949 -0.01391849544628181 0.0001180154163023703 1.384160880504267e-05
2920 0.1631638327278532 0.05282771829330705 -0.000343643653233069 -0.01391869807697083 0.0001181374408659863 1.382591843542485e-05
2930 0.1631666241535444 0.05282618150187122 -0.000343962082265359 -0.01391882988304624 0.0001182787897711117 1.377781633383379e-05
2940 0.1631681149775066 0.05282499161766688 -0.0003435683422294742 -0.01391891653215458 0.000118387649104122 1.370492100148018e-05
2950 0.163169018818104 0.05282382919437392 -0.0003423086472180209 -0.013919058227146 0.0001184299453170231 1.361790083024798e-05
2960 0.1631695272230451 0.05282378007767106 -0.0003402163045065582 -0.01391920840581621 0.0001184921039105009 1.355246965164672e-05
2970 0.1631699176700295 0.05282348736640573 -0.0003397454395651769 -0.01391931372234476 0.0001183956693794097 1.36221356547296e-05
2980 0.1631705347136748 0.05282290234579217 -0.000340207098217185 -0.013919287778688 0.0001182278076158545 1.365926315706644e-05
2990 0.1631710482447956 0.0528226017253814 -0.0003396791492041293 -0.01391948067536035 0.0001182563794386387 1.365341683872322e-05
3000 0.1631725823155123 0.05282147038582368 -0.0003389700207322034 -0.01391946212961831 0.0001181602609760092 1.365270914267176e-05
