"report"
"Iteration" "cd-scale etc.."
("Iteration" "cd-scale" "cl-scale" "cs-scale" "cmx-scale" "cmy-scale" "cmz-scale")
10 0.1597359225112775 0.03952871073021592 0.000107156255373765 -0.02851553815913846 0.0001920480912168644 -5.862338347411548e-05
20 0.1758324343606238 0.04783117685465492 -0.0004225057115694795 -0.01547360416368418 -5.621182214412742e-05 0.0001190559880578794
30 0.1739344783006702 0.06326695186549781 -0.0002936422079183571 -0.01162076534090605 -0.0001966664192894133 0.0001593373115163865
40 0.1668512876798652 0.06206030388211586 -0.0004892908832314269 -0.01166789960814416 -8.629700492985533e-05 0.0001826306641860824
50 0.1626711081786781 0.05940593264314806 -2.580653617078274e-05 -0.01207643166296504 0.0001001510605044523 6.256392410835217e-05
60 0.160153601352865 0.05458776330162069 0.0006081798113491073 -0.01252449667633567 9.906603178274349e-05 0.0001414226125387237
70 0.1597136200415452 0.0522100434987474 1.312535152590589e-06 -0.01292662636369535 0.000162403900328368 6.237632079398223e-05
80 0.1590963657604531 0.05137767979864611 -0.0007594278029557685 -0.01328870644059248 0.0003058432100106081 -7.771537044279197e-05
90 0.158317036302201 0.05073865511591608 -0.001149054117523062 -0.0136112499040006 0.0004042927845871921 -0.000138410107396312
100 0.1577657602432623 0.05022119387716385 -0.001102521385765137 -0.01368763364921618 0.0004205742404993301 -0.0001431562690446034
110 0.1574108802049691 0.05015192409443067 -0.0008303804315493033 -0.01352277951516592 0.0003759920204264395 -0.0001104374158639521
120 0.1570753230424465 0.05031324585404393 -0.0005499472227386656 -0.01327096383548353 0.0002853316660406008 -5.194795670645625e-05
130 0.1567038104602723 0.05043161991534383 -0.0003831716066852429 -0.01309611086774597 0.0001813653348780975 2.024577451575482e-07
140 0.1564059420040179 0.05033323284248725 -0.0004059022630068987 -0.01303154267176716 0.0001139337009425527 2.991411182625391e-05
150 0.1562781749046077 0.05023929896590776 -0.0005633420076450996 -0.01303775688789737 7.07394498416018e-05 5.122308000463458e-05
160 0.1562871269861305 0.05023459325562313 -0.0007589928025241194 -0.01307708182383758 2.925608051672607e-05 7.230526503293771e-05
170 0.1563370235562397 0.05026386708433351 -0.0009633961660715534 -0.01312635024779021 -1.593836137878939e-05 9.252603832085142e-05
180 0.1562923314131723 0.05027697287152025 -0.001151293466100618 -0.01314286857125394 -6.078420873015231e-05 0.0001095217865601571
190 0.1561289358845201 0.05026092788510059 -0.00130453177410834 -0.0131129965724853 -9.572608134151593e-05 0.0001232833995325397
200 0.1559306152963893 0.05024250017659093 -0.001422439517975761 -0.01306138864209592 -0.00011790052935347 0.0001367292432057191
210 0.1557619636279388 0.05022123639682423 -0.001506175105315634 -0.01300996682826966 -0.0001290366790530038 0.0001498068791810482
220 0.155651582670855 0.05019092383410701 -0.001560797725499876 -0.01297477750392272 -0.0001283321102896899 0.0001578329680127953
230 0.1556107684449734 0.05016074932678861 -0.001592559397510504 -0.01296820906470293 -0.0001190504869656792 0.0001585315504647926
240 0.155636455798891 0.05015461425528631 -0.001602956985166645 -0.01298963699627393 -0.0001052124234718292 0.0001539366936462943
250 0.1556991534381452 0.05017380732548369 -0.001591148027988479 -0.0130268761676293 -8.864016048790563e-05 0.0001469534661541145
260 0.1557426893578054 0.05018787370838155 -0.001553231073252117 -0.01305600897242004 -7.163675823054008e-05 0.0001407596524122981
270 0.1557382989096574 0.0501788988099858 -0.001497201381580183 -0.01305814047027069 -5.865790836526567e-05 0.000138232387506204
280 0.1556962536145411 0.05014971426267035 -0.001442869002143223 -0.01303329318489795 -5.392629782338182e-05 0.0001411595368592827
290 0.1556444864844676 0.0501214308287822 -0.001407611142359921 -0.0129976778789747 -6.014420498871665e-05 0.000148564327657453
300 0.1556081611143972 0.05010071987476285 -0.001395615653535199 -0.01296934450479287 -7.405330310834786e-05 0.0001571290429842183
310 0.1556048791673074 0.05009139810242229 -0.001403675316172301 -0.01295914724927463 -8.925302995650942e-05 0.0001635500230388986
320 0.155627012725645 0.05009883092030001 -0.001420289480462535 -0.01296624491816985 -9.929482169269914e-05 0.0001654805692824865
330 0.1556542636067084 0.05011255291113201 -0.001432130636341823 -0.01298032684197504 -0.0001010538181399487 0.0001630602087915934
340 0.1556689396177068 0.05011864408891181 -0.001437222905450771 -0.01298901561788241 -9.614583848061519e-05 0.0001594188777751986
350 0.155666134610928 0.05011367763371157 -0.001432330244163219 -0.01298673567825482 -8.882895246930578e-05 0.0001564626904715001
360 0.1556558409121025 0.05010189382823382 -0.001423550138282488 -0.0129783255028438 -8.40012632581797e-05 0.0001560676671643659
370 0.1556514439800148 0.05009273551416642 -0.001420855937415719 -0.01297249470171393 -8.443919533337107e-05 0.0001580366013953237
380 0.1556571300035525 0.05009267566975918 -0.001425900644519251 -0.0129737256972609 -8.838955913040388e-05 0.0001608072302742129
390 0.1556664629598178 0.05010068976314788 -0.001433989502396608 -0.0129795036929522 -9.204900761577508e-05 0.0001619853805228851
400 0.1556689777404291 0.05010978157490871 -0.001438735728856431 -0.0129835506580823 -9.205572900512477e-05 0.0001607655392802214
410 0.1556630079263119 0.05011310395271034 -0.001436117311275815 -0.01298199511679424 -8.89175213891095e-05 0.0001583189077993054
420 0.1556561632716532 0.05010890051239034 -0.001429788720758952 -0.01297645013905607 -8.500925172112949e-05 0.0001565211839962759
430 0.1556573459580427 0.05010236147494859 -0.001423499220153305 -0.0129720628416537 -8.290851619723823e-05 0.0001561212752120347
440 0.1556692879784609 0.05009735744869828 -0.001420912899987266 -0.01297315717054015 -8.338034872603667e-05 0.0001568661902925654
450 0.1556868187091079 0.05009632647273828 -0.001422167857192973 -0.01297860245836753 -8.551064128715559e-05 0.0001576826179375129
460 0.1556990532093689 0.05009728007612765 -0.00142639475705629 -0.01298348089653412 -8.715534299762435e-05 0.0001580983254628725
470 0.1557000319942183 0.05009690659584831 -0.001428596711441715 -0.01298342671048946 -8.742287649637401e-05 0.0001578808633150701
480 0.1556936373681324 0.05009281550074463 -0.001429539091451408 -0.01297868187682408 -8.722446878196018e-05 0.0001581910107037809
490 0.1556887471111113 0.05008986424295882 -0.001430291975449202 -0.01297364153365845 -8.776195304672191e-05 0.0001589848192770216
500 0.155691834275781 0.05009039767207942 -0.00143218918468251 -0.0129724486321366 -8.922861838910757e-05 0.0001602169387218004
510 0.155700570320004 0.05009599116930682 -0.001436992704015467 -0.01297565598298644 -9.085248800236472e-05 0.0001608069247362947
520 0.1557075981058466 0.05010308422136794 -0.001440585880586134 -0.0129799186391846 -9.115388870232121e-05 0.0001605180393075716
530 0.1557082363592392 0.05010844806859125 -0.001439809791400201 -0.01298157534627184 -8.957529367742439e-05 0.0001591820927951676
540 0.1557038376934523 0.05011017587347626 -0.001434632928371084 -0.01297968135747878 -8.675325829822629e-05 0.0001576843138127974
550 0.1556992179372178 0.0501090598050933 -0.00142821076209575 -0.01297624075988238 -8.462301884122668e-05 0.0001569251980615035
560 0.1556991239615478 0.05010724280172851 -0.001424360740000452 -0.01297425672342551 -8.416693795332653e-05 0.0001571406966126003
570 0.1557051744710165 0.05010577489377012 -0.001424385897589048 -0.01297558730003978 -8.550632624436199e-05 0.0001579914859487126
580 0.1557139017761063 0.05010314146138103 -0.001425794447068418 -0.0129791729761796 -8.71687345352801e-05 0.0001587382018204487
590 0.1557192989059183 0.05010292400634822 -0.001430212920603038 -0.01298171091164269 -8.830111371910243e-05 0.0001589703134345768
600 0.1557176964156425 0.05010104956688353 -0.001430946190958713 -0.01298104280073444 -8.815574954405013e-05 0.0001588314559191628
610 0.1557122820423449 0.05009774369374041 -0.001430295435550827 -0.01297794657692999 -8.773268479150686e-05 0.0001587298454077695
620 0.1557092231226146 0.05009512440161112 -0.00143097663246008 -0.01297515698715542 -8.7882719720798e-05 0.0001592636826510284
630 0.1557113000283291 0.05009639150973958 -0.001432116425262269 -0.01297492630839302 -8.86507476376868e-05 0.00015972846283785
640 0.1557162786940336 0.05009958058345851 -0.00143470592612051 -0.01297731757609073 -8.93200403545682e-05 0.0001600355088793111
650 0.1557180659966438 0.0501041940472991 -0.001435851521233702 -0.0129799436064172 -8.921282638342364e-05 0.0001594974617585306
660 0.1557139573893079 0.05010693921034737 -0.00143491842239005 -0.01298030889332431 -8.817401937340746e-05 0.0001588277820615963
670 0.1557054409233651 0.05010791889527086 -0.001432468092110509 -0.01297838395495478 -8.708286016582883e-05 0.0001583262243939712
680 0.155696870800288 0.05010749201566775 -0.001429503975604731 -0.01297580458270164 -8.65919278837843e-05 0.0001584961344989548
690 0.1556909060814955 0.05010779449138186 -0.001429825350376976 -0.01297444449130823 -8.734978622439416e-05 0.0001590641288445623
700 0.155687886808861 0.05010888826075485 -0.001431342239044703 -0.01297524866337686 -8.83892725864147e-05 0.0001595849921641721
710 0.1556850384601537 0.05011015823166522 -0.001432687971338968 -0.01297705406549866 -8.916208290154831e-05 0.0001596888648883934
720 0.1556797306090847 0.05010977705313639 -0.00143240406168552 -0.01297810125221065 -8.891567998860932e-05 0.0001593072551393794
730 0.1556708400812503 0.05010954733569418 -0.001433054046169657 -0.0129775747308977 -8.833408367077988e-05 0.0001589343937026908
740 0.1556606585504464 0.05010731120286818 -0.001430818598089621 -0.01297614547770224 -8.774900380444035e-05 0.0001588215031833735
750 0.1556541442752533 0.05010447434366408 -0.001429004168678603 -0.01297488339590825 -8.787483011036983e-05 0.0001590084276680433
760 0.1556520707934287 0.05010251900793247 -0.001429302676957167 -0.01297495589494606 -8.865250567869116e-05 0.0001595848781615162
770 0.1556521563109869 0.05010334800539125 -0.001430495011013951 -0.01297590913661668 -8.92567296016222e-05 0.0001596752561160191
780 0.1556517962654712 0.05010380969199262 -0.001431282983813676 -0.01297667688251978 -8.94062160548696e-05 0.0001596547539624711
790 0.1556503985632473 0.05010407580311929 -0.001431023134756161 -0.0129766473982988 -8.903089367594861e-05 0.0001593116596655511
800 0.1556481133298201 0.05010319586426799 -0.001430270997235437 -0.01297582404361025 -8.858971277099144e-05 0.0001592342191312534
810 0.1556470856198172 0.05010262753043869 -0.001429717108244171 -0.01297502403055216 -8.84547181303485e-05 0.0001592056427206054
820 0.1556469680143217 0.05010210466502307 -0.001430437302561388 -0.01297493333761281 -8.858801751105042e-05 0.0001594530945153206
830 0.1556476158709497 0.05010278304883532 -0.001430800829990436 -0.01297559057658202 -8.891649456617773e-05 0.000159474907443767
840 0.1556485094311513 0.05010335535699464 -0.001431098543899333 -0.01297622954156983 -8.884501597948046e-05 0.0001593984994893719
850 0.1556489049504899 0.05010238978190477 -0.001430887090153892 -0.01297649412813441 -8.86987717980706e-05 0.0001592309114104478
860 0.1556485985372545 0.05010024693174026 -0.001430162807126218 -0.01297622840511602 -8.833358817754115e-05 0.0001590582642815357
870 0.1556492800809633 0.05009744895397041 -0.001429881099342284 -0.01297574647262367 -8.827695253597153e-05 0.0001591069084315947
880 0.155650227394813 0.05009465625615361 -0.00143017047876758 -0.01297562751987862 -8.825738562528873e-05 0.0001591978053243758
890 0.1556513467861078 0.05009388475481763 -0.001430663680425994 -0.01297585853633895 -8.858214997335784e-05 0.000159329037726722
900 0.1556531408573446 0.05009380761085695 -0.00143104295357981 -0.01297634868751105 -8.873156574986199e-05 0.0001593781811545984
910 0.1556548283875421 0.0500946930418157 -0.001430522804728804 -0.01297667028955846 -8.86926530569396e-05 0.0001592219734941846
920 0.1556557267091205 0.0500955502864565 -0.00143044335248003 -0.01297656051383311 -8.858294723987157e-05 0.0001592312026319316
930 0.1556575448569164 0.05009712701672735 -0.00143053764516344 -0.01297618500120542 -8.846553335141878e-05 0.0001591569090473323
940 0.1556595932395023 0.05009786578214837 -0.00143059812016777 -0.01297598370909419 -8.844849176627995e-05 0.0001593365263137796
950 0.1556615175417812 0.05010001549971546 -0.001430500838238349 -0.01297607088941098 -8.85511792719645e-05 0.0001592686902558627
960 0.1556649151014798 0.05010164235082026 -0.001431302729137221 -0.01297634279770855 -8.85744351209969e-05 0.0001593542068022413
970 0.1556688199287806 0.05010266009038938 -0.001431774480224402 -0.01297671781090451 -8.851962970864913e-05 0.0001592412919456698
980 0.1556731072679576 0.05010186589745864 -0.001431349760062401 -0.01297683617826737 -8.83054985991855e-05 0.0001592122127564894
990 0.1556785804938349 0.05009798086018728 -0.001430989859072011 -0.01297683512642842 -8.816829069012502e-05 0.0001591369041609422
1000 0.1556851741869766 0.05009278873937572 -0.001432167228962568 -0.01297696587493042 -8.799458701829461e-05 0.0001591886575986399
1010 0.1556909081263664 0.05009021629481402 -0.001432301870274177 -0.01297717590790607 -8.802169226187489e-05 0.0001591918721428195
1020 0.1556954790835493 0.05008936186551595 -0.00143268586798541 -0.01297736335670282 -8.808926900850235e-05 0.0001592683529172819
1030 0.1556988228940374 0.05008964496965145 -0.001433204151146922 -0.01297758887956217 -8.820767666677843e-05 0.0001593025640851081
1040 0.1557006594376308 0.05009076183658687 -0.001433011041654064 -0.01297770678694018 -8.814710507108442e-05 0.0001592770797665135
1050 0.1557010857902373 0.05009278082626784 -0.00143309362185342 -0.01297742720635362 -8.814804973474881e-05 0.0001592169903306214
1060 0.1557010922835799 0.05009450917452449 -0.001433077026687329 -0.012977165795684 -8.811150177415204e-05 0.0001592988038495203
1070 0.1557016146571635 0.05009727331531354 -0.001432685747651569 -0.01297703387197151 -8.812677442718804e-05 0.0001592505142781694
1080 0.1557019178366602 0.05009974963121045 -0.001432647925493836 -0.01297694146621323 -8.820929167987536e-05 0.0001593511458795733
1090 0.1557018414366673 0.05010326377856663 -0.001432334165112812 -0.01297698073317807 -8.819214926293412e-05 0.0001591765025999051
1100 0.1557017887086414 0.05010620769682094 -0.001432157460400733 -0.01297697736185236 -8.815803892797078e-05 0.0001592583012276291
1110 0.1557027332493249 0.05010812848447808 -0.001432139527485187 -0.01297694460031693 -8.811635132240106e-05 0.0001591357237665391
1120 0.1557041335251268 0.05010615924668548 -0.001431558425884888 -0.01297698704278821 -8.800303210781535e-05 0.0001592182243353088
1130 0.1557067530087601 0.05010034109386453 -0.001430344031022052 -0.01297720238100149 -8.79525700764821e-05 0.0001590872340216306
1140 0.1557104286581885 0.05009653329118592 -0.001431885341683624 -0.01297743053461654 -8.799413648102512e-05 0.0001591877752565091
1150 0.1557129467996184 0.05009491678506309 -0.001431969970627053 -0.01297769255436348 -8.806592366759168e-05 0.0001592141201994337
1160 0.1557140374740139 0.05009382587740597 -0.001431582816903052 -0.01297778727998849 -8.801274946681852e-05 0.0001592179763760172
1170 0.1557139834674371 0.05009396776412874 -0.001431886843711285 -0.01297759172690226 -8.815719969313184e-05 0.0001592161213053367
1180 0.1557124352514193 0.05009506230937876 -0.001431479150129942 -0.01297743075966228 -8.81301592545358e-05 0.000159226053765198
1190 0.1557096712189462 0.05009651775899918 -0.001431872891360776 -0.01297723480430198 -8.826521549684472e-05 0.0001592489417662647
1200 0.1557057367923644 0.05009786805353862 -0.001432175904474912 -0.01297700558954831 -8.82650816812261e-05 0.0001592883790636571
1210 0.1557003695887445 0.0501000822487942 -0.00143252158564442 -0.01297679334750536 -8.831497810785546e-05 0.0001592226500657425
1220 0.1556950336152529 0.05010242163036649 -0.001432284737196797 -0.01297666855334143 -8.823588582277718e-05 0.000159210598209329
1230 0.1556894509777868 0.05010634802107367 -0.001431961856355833 -0.01297643026726853 -8.825438192194258e-05 0.0001591397220212096
1240 0.1556838515965286 0.05010973389370913 -0.001432058144155495 -0.01297617401450635 -8.822545594223413e-05 0.0001592563018164076
1250 0.1556777715921381 0.0501134979207844 -0.001432119202870525 -0.01297596248554546 -8.81882720148819e-05 0.0001591170784130883
1260 0.1556708407909126 0.05011608966088373 -0.001432379109354293 -0.0129757352440637 -8.82083960368492e-05 0.0001592156264495533
1270 0.1556633631310039 0.05011697965595407 -0.001432327133229218 -0.01297579072152141 -8.828650494995372e-05 0.0001591764955956092
1280 0.1556578569361624 0.05011355870436757 -0.001431529117364031 -0.01297591187476379 -8.825141858805101e-05 0.0001592929046667937
1290 0.1556548974695884 0.05010764344134006 -0.001430398488758335 -0.01297601293510317 -8.831661871567437e-05 0.0001592042985979156
1300 0.1556531892758052 0.05010255689028411 -0.001430797092046005 -0.01297605612305519 -8.839764275674788e-05 0.0001592874961360883
1310 0.1556511674286394 0.05009919478958177 -0.001429948291503021 -0.01297600485306725 -8.852439682361251e-05 0.0001592526269196115
1320 0.1556495134028022 0.05009705651421886 -0.001429247344513778 -0.01297583407456835 -8.86444766515281e-05 0.0001593079062027684
1330 0.1556490423265874 0.05009642063437544 -0.001429113571271211 -0.01297574181193278 -8.886647657477565e-05 0.0001593904680410922
1340 0.1556483887329997 0.05009661895518348 -0.001430219610856425 -0.01297572282598799 -8.89886687176797e-05 0.0001595328988972156
1350 0.1556476589466091 0.05009706097726181 -0.001430437723649575 -0.01297563146949598 -8.899885108750327e-05 0.0001594493111452996
1360 0.1556469847604541 0.05009746606328966 -0.00143095508977644 -0.01297557403638807 -8.894266200066618e-05 0.0001595246348210654
1370 0.1556463709894618 0.05009878576756013 -0.001431050286491126 -0.01297557185018268 -8.892592028529936e-05 0.0001594143556457458
1380 0.1556458071728102 0.05010003743254936 -0.001430935608822718 -0.01297554063649974 -8.885665983963442e-05 0.0001594468631650754
1390 0.1556461767772102 0.05010203840197695 -0.001431056711698827 -0.01297559749532511 -8.873939706222306e-05 0.0001593398460824953
1400 0.1556464459567179 0.05010324274662498 -0.001430717453418649 -0.01297571936003881 -8.858023657209055e-05 0.0001593300629417178
1410 0.1556469863774393 0.05010479677504181 -0.001429821684479469 -0.01297571578265666 -8.84317422289616e-05 0.0001591135836180621
1420 0.1556480444237936 0.05010354136033301 -0.00143002119638492 -0.0129758172144876 -8.837565348080501e-05 0.0001591872813148626
1430 0.1556500350516123 0.05009924871117417 -0.001430074850413492 -0.01297601070635777 -8.838579859191303e-05 0.0001591165422366788
1440 0.1556526136373137 0.05009526143397063 -0.001431179703798411 -0.01297621947542865 -8.845576163208409e-05 0.0001591924027636951
1450 0.1556544115419079 0.05009273073318925 -0.001430525287100034 -0.01297629948520091 -8.844573554138558e-05 0.0001591605423394555
1460 0.1556554207244907 0.05009060939727579 -0.001430113326783617 -0.01297634305731082 -8.847054884819112e-05 0.0001592075427161667
1470 0.1556567103366654 0.05009031305949763 -0.001430966239266772 -0.01297630221824689 -8.872083723232282e-05 0.0001592799509434382
1480 0.15565935402888 0.05009122010669248 -0.001430731066330246 -0.01297638251418834 -8.859880684128875e-05 0.0001592908167477801
1490 0.155662236809889 0.0500929288483941 -0.001430548845025971 -0.01297650352251607 -8.860718108535252e-05 0.0001592722587293234
1500 0.1556652216696282 0.05009447125983337 -0.001431675605702109 -0.01297651387661163 -8.856121689521751e-05 0.0001593293645760307
1510 0.1556691115997763 0.05009627467919197 -0.001432237530016997 -0.01297656060170844 -8.849063371747028e-05 0.0001593333923630229
1520 0.1556733058320773 0.05009722098894363 -0.001432319220562372 -0.01297669415267774 -8.834250830347509e-05 0.0001593528206822516
1530 0.1556775863132039 0.05009886519108776 -0.00143201067384829 -0.01297673784326298 -8.826186152078551e-05 0.0001591886233357463
1540 0.1556825500493599 0.05009967478857398 -0.001432497763331472 -0.01297680854128091 -8.817770075936381e-05 0.0001592812080777769
1550 0.1556875999710947 0.05010019494056323 -0.001432350878840906 -0.01297695540927278 -8.804928388469517e-05 0.0001591441796856494
1560 0.1556916647170997 0.05009769668449926 -0.001431593287704402 -0.01297702859490085 -8.799602070000397e-05 0.0001592225179847283
1570 0.1556964766343565 0.05009400274432872 -0.001432011876237189 -0.01297729164444905 -8.803899705582149e-05 0.0001591989899106924
1580 0.1557004051768488 0.05009183161621398 -0.00143255359548827 -0.0129775023114313 -8.802700812129581e-05 0.0001592580087566101
1590 0.1557021371233733 0.0500908510848644 -0.001431792770358078 -0.01297752383353697 -8.800603932987274e-05 0.0001591676577419455
1600 0.1557028496161119 0.05009036884239994 -0.001431437824752486 -0.01297747916149555 -8.806369003407328e-05 0.0001592601146709411
1610 0.15570396460435 0.05009135776194575 -0.001431842742440879 -0.01297746158698204 -8.823291474728736e-05 0.0001593065694342307
1620 0.1557046909237502 0.05009309489179498 -0.001432192055000898 -0.01297737074578316 -8.817471788600094e-05 0.0001593015172360652
1630 0.155704728731933 0.05009492806038133 -0.001433100655201001 -0.01297725776867328 -8.82379470522547e-05 0.000159319752260386
1640 0.1557045720126302 0.05009707840737258 -0.001432783351881005 -0.01297717415389019 -8.813297009791952e-05 0.0001593027974717307
1650 0.1557047451841987 0.05009993172912697 -0.001432771367966584 -0.01297708507546371 -8.818294279892643e-05 0.0001592787046782117
1660 0.1557050600073584 0.0501026964687654 -0.00143297768070719 -0.01297699891635983 -8.804070376707594e-05 0.0001592450165182012
1670 0.1557056053273733 0.05010603655476331 -0.001432440761987407 -0.01297695265288697 -8.79983667907962e-05 0.0001591428749902404
1680 0.1557061150519427 0.05010767777768465 -0.001432448142003606 -0.01297691211672217 -8.792712954479151e-05 0.000159160432119719
1690 0.1557071033902069 0.05010721556173615 -0.001431610228941404 -0.01297701981665392 -8.786572218785102e-05 0.0001590701527803293
1700 0.1557088691642048 0.05010127313731712 -0.001430392543545505 -0.01297718028179702 -8.778639544869927e-05 0.0001591411073065235
1710 0.1557117482048375 0.05009642173999165 -0.001431685286181106 -0.01297742023640718 -8.78644545586621e-05 0.0001590817192141986
1720 0.155712465621398 0.05009391943268494 -0.00143225742067163 -0.01297757644676095 -8.786463768189158e-05 0.0001592037570872387
1730 0.1557105610324704 0.05009343708320486 -0.001430889478740929 -0.01297753506632119 -8.792583414807236e-05 0.0001591071619754537
1740 0.1557074921833284 0.05009358851801408 -0.001431398911961253 -0.01297733283730894 -8.802962846443056e-05 0.000159179328723174
1750 0.1557028501175881 0.05009539757441431 -0.00143214055966237 -0.01297712609496141 -8.823518464182518e-05 0.0001592275957369722
1760 0.1556968732267814 0.05009716289455426 -0.001433028677333789 -0.01297691068657149 -8.824875323447115e-05 0.0001592761415743917
1770 0.1556906972191883 0.05009942593437203 -0.001433209937217605 -0.01297661273331269 -8.836055537567661e-05 0.000159264946791436
1780 0.1556842198052517 0.05010253896513584 -0.00143290204610703 -0.01297635915973822 -8.825984893852984e-05 0.0001592259993349086
1790 0.1556773670776546 0.0501068284333798 -0.001432810264262736 -0.01297607438685049 -8.831278735532931e-05 0.0001592348715630561
1800 0.1556694384443809 0.05011120545686044 -0.001432677482564114 -0.01297583954125851 -8.829406351839508e-05 0.0001592265873939966
1810 0.1556610476681043 0.05011512310142601 -0.001432595429272105 -0.01297571148783735 -8.839946980798289e-05 0.0001592396128525537
1820 0.1556542896483299 0.05011605048034239 -0.001432065836810494 -0.01297573556215796 -8.83404173403427e-05 0.0001592348670125969
1830 0.1556505864578726 0.05011305392625932 -0.001431193377228154 -0.01297578592353343 -8.832325306554359e-05 0.0001591709423040323
1840 0.1556493494593292 0.05010503904161853 -0.001430874907419164 -0.01297583654323368 -8.826977469175414e-05 0.0001592483928091089
1850 0.1556493163965431 0.05010031967160521 -0.00143157049118714 -0.01297605863208562 -8.842546924057522e-05 0.0001592626536064155
1860 0.1556484536803479 0.05009582081059522 -0.001430223488872617 -0.01297603298597724 -8.84087893643047e-05 0.0001593109246500616
1870 0.1556471084210865 0.05009171958180039 -0.001429246650979392 -0.0129759924286371 -8.852358112570403e-05 0.0001592495428770542
1880 0.1556456042828948 0.05008887094555364 -0.001430489454605668 -0.01297588722982457 -8.871464582085924e-05 0.0001594516262403702
1890 0.1556440848606933 0.05008818392615629 -0.001431365660078126 -0.0129759473606677 -8.892360201112063e-05 0.0001594491656084895
1900 0.1556442826120519 0.05008872739115938 -0.001429600271198118 -0.01297602601990709 -8.881108258631024e-05 0.0001594607743243759
1910 0.1556453109781969 0.05009044602733009 -0.001430550612068203 -0.01297610415121072 -8.900814216367197e-05 0.0001595100021625348
1920 0.1556460454764144 0.05009221472819819 -0.001431592442829685 -0.01297609990104578 -8.899624511977439e-05 0.0001595206530541287
1930 0.1556471019460717 0.05009414456888957 -0.001431236193920394 -0.01297617045975452 -8.8965266967406e-05 0.000159506597480467
1940 0.155648273605576 0.05009586345206435 -0.001430919088421223 -0.01297622875927709 -8.870926967513205e-05 0.0001593807686237367
1950 0.1556490255498707 0.0500977536456804 -0.001431073070432249 -0.01297614356136756 -8.864688048117201e-05 0.0001593015864061085
1960 0.1556495602246123 0.05009928318294769 -0.001430697834775583 -0.01297614672453151 -8.843863175515991e-05 0.0001592515250168722
1970 0.1556506082175954 0.05009998400343939 -0.001430554961884479 -0.01297613616495535 -8.840159029308817e-05 0.0001591982406510837
1980 0.1556516419091909 0.05009776092296721 -0.001430057061665671 -0.01297621624523719 -8.835943922226015e-05 0.000159223891466716
1990 0.1556533755995021 0.05009424395270208 -0.001429649851079503 -0.01297632927009966 -8.839058072618892e-05 0.0001591616908328922
2000 0.1556559455330169 0.05009124906277325 -0.001431346185918197 -0.01297649370003661 -8.844959761588842e-05 0.0001593065650039917
2010 0.1556575402664837 0.05009002182423936 -0.001431470936731587 -0.01297655767882646 -8.845187283851263e-05 0.0001592069317950716
2020 0.1556588341201433 0.05008866680689626 -0.001431133351521744 -0.0129765750918049 -8.847272901617354e-05 0.0001593231068794574
2030 0.1556614536894403 0.05008898311536487 -0.001431145224701568 -0.01297671943831773 -8.854429706683799e-05 0.0001592507150742498
2040 0.1556645723641686 0.05008952501798831 -0.001431540345343821 -0.01297676610626482 -8.854245511148644e-05 0.0001593530074707789
2050 0.1556680485660775 0.05009067607784132 -0.001431678463970687 -0.01297680603923226 -8.853396003512493e-05 0.0001593002797832344
2060 0.1556723068849515 0.05009173046898878 -0.001433033925287087 -0.0129768889364287 -8.851199007030762e-05 0.0001593871550786306
2070 0.1556771514085984 0.05009265217240679 -0.001432419924592199 -0.01297698728124023 -8.842837359002022e-05 0.0001592913160858576
2080 0.1556820737713403 0.05009381938396597 -0.001431970884645146 -0.01297708129937938 -8.829720536915686e-05 0.0001592877992338036
2090 0.1556871414487023 0.05009511369953968 -0.001433522369333293 -0.01297714243417199 -8.837279331209783e-05 0.0001593461660240745
2100 0.1556914785959152 0.05009568686169976 -0.001433326154618364 -0.01297715211974539 -8.814086919498212e-05 0.0001592515856504192
2110 0.1556950480168082 0.05009576924229939 -0.001432703814572059 -0.01297723875034279 -8.80655284274233e-05 0.0001592493545727611
2120 0.1556982208454371 0.05009379829703873 -0.001431757580635267 -0.01297739892318488 -8.795326297727664e-05 0.0001592477796729681
2130 0.1557016407421782 0.05009222604023671 -0.001432118422356191 -0.01297751728113937 -8.801039629475425e-05 0.0001592142043476846
2140 0.1557038625596973 0.05009099555369192 -0.001432088844123954 -0.01297764448441595 -8.803156127378079e-05 0.000159282048231526
2150 0.1557051150152295 0.05009081700683429 -0.00143211829348263 -0.01297767006843352 -8.811234588995628e-05 0.000159224256080009
2160 0.1557064544900457 0.05009060455086681 -0.001432679499690741 -0.01297755985669798 -8.81506172449647e-05 0.0001593361968055244
2170 0.155707373020528 0.05009213440355563 -0.001432582517548921 -0.0129775472577334 -8.816538089582593e-05 0.0001592428895739859
2180 0.1557076584968431 0.05009333790081915 -0.001432896058918316 -0.01297748584496255 -8.819677822815533e-05 0.00015932046959209
2190 0.1557078319718084 0.05009547916185782 -0.001433503089966123 -0.01297740178801905 -8.825310260228768e-05 0.0001592592401216609
2200 0.1557079496635238 0.05009743226128748 -0.001433797685355993 -0.01297731465106207 -8.815660346706311e-05 0.0001593139351015596
2210 0.1557083005827222 0.050100082114872 -0.001432840158965449 -0.01297727323812947 -8.809039047736043e-05 0.0001592037029022276
2220 0.1557081952585539 0.05010229927528013 -0.001432410872606204 -0.0129771233881311 -8.796839739704819e-05 0.0001591682314325102
2230 0.1557082306245921 0.05010404135712148 -0.001432215618115493 -0.01297709085926868 -8.80218864547601e-05 0.0001591585584283268
2240 0.1557083903239072 0.05010490813753662 -0.001432262745828909 -0.01297713941077041 -8.79365938205962e-05 0.0001591810732028016
2250 0.1557085902464413 0.05010349148593599 -0.001431940927481213 -0.01297715409510386 -8.796464443302108e-05 0.0001591805668964975
2260 0.1557082474698876 0.05009808282967885 -0.001431168887780037 -0.01297734697102451 -8.780681962823515e-05 0.0001590953452610753
2270 0.1557074138803831 0.05009483340965891 -0.001432002185999936 -0.01297746829852346 -8.794023513162347e-05 0.0001591463153913889
2280 0.1557039523826103 0.05009343735794447 -0.001432020017395513 -0.01297741041714548 -8.801394508432006e-05 0.0001591961001459431
2290 0.1556987336558477 0.05009307426290329 -0.001431796574029993 -0.01297721793772837 -8.813830350811927e-05 0.0001591983426547071
2300 0.1556925987432567 0.05009315260276591 -0.001432560631116441 -0.01297701369038542 -8.82151201959804e-05 0.0001592861706892031
2310 0.1556860083640733 0.05009570099232395 -0.001432642822725699 -0.01297675467379789 -8.833300561387565e-05 0.0001592142135502338
2320 0.1556788272286458 0.05009886912729686 -0.001432596634454112 -0.01297647778252525 -8.840314353381e-05 0.0001593561598723708
2330 0.1556708480749787 0.05010355884356809 -0.001432849085543992 -0.01297622735562792 -8.849009308438857e-05 0.0001593216796190115
2340 0.1556619104289586 0.05010769520109134 -0.0014331897713795 -0.01297582653056486 -8.849350335003503e-05 0.0001594035199069957
2350 0.1556535477282096 0.05011112923520318 -0.00143284780053075 -0.01297572123593186 -8.85390785037398e-05 0.0001593420798155605
2360 0.1556485338119459 0.05011231498177343 -0.001431590126549959 -0.01297563792764651 -8.840130606316312e-05 0.0001593399356563186
2370 0.1556462169686306 0.05011211942609527 -0.001431306338869177 -0.01297556674195621 -8.850635954718308e-05 0.0001593551518859637
2380 0.1556455699379231 0.05011037008283543 -0.001431465816232244 -0.01297555864702429 -8.843916006824497e-05 0.0001593885329875509
2390 0.1556462366168482 0.05010445502220212 -0.001430339353372756 -0.01297581163877703 -8.842884929429897e-05 0.0001592716231501545
2400 0.155648674682467 0.05009762659223198 -0.001430979129734036 -0.01297599217195257 -8.835698311587122e-05 0.0001592702690381777
2410 0.155649663280785 0.05009428371664533 -0.001430961115248634 -0.01297617701407147 -8.848167324562327e-05 0.0001593081404572034
2420 0.1556477068481247 0.05009053384406684 -0.001430489189884067 -0.01297609638257717 -8.853075180294846e-05 0.0001593840842063466
2430 0.1556455105590311 0.05008694534400906 -0.001431412307873331 -0.01297597754572997 -8.874821372530208e-05 0.0001594071062819185
2440 0.155643817010122 0.05008498555381313 -0.001432539347164223 -0.01297596257477134 -8.879564670493826e-05 0.0001595213482408924
2450 0.1556432826496405 0.05008562481449856 -0.001432383280218202 -0.01297602881543512 -8.87504330109471e-05 0.0001594193595864595
2460 0.155644401825477 0.05008681294040743 -0.001430141895703731 -0.01297612606559377 -8.869036574241662e-05 0.0001594482050890643
2470 0.1556463144272318 0.0500895855115459 -0.001430525634305918 -0.01297625431964859 -8.885049585357928e-05 0.0001594377821324445
2480 0.1556482422284233 0.05009173694497265 -0.001430367826884271 -0.01297627718254219 -8.882972890940671e-05 0.0001595151610903424
2490 0.1556496609001231 0.05009350730146982 -0.001430736582605606 -0.01297626652295591 -8.879246635682784e-05 0.0001593657143619906
2500 0.1556502273893681 0.05009487320682316 -0.001430875860527572 -0.01297619134460422 -8.869562895371637e-05 0.0001594158852810405
2510 0.1556507425363927 0.05009679073279241 -0.001431016229152839 -0.01297611388312175 -8.862126187430729e-05 0.0001592951274004588
2520 0.1556517031883248 0.05009810176694136 -0.001431082713991713 -0.01297608909740975 -8.853317921648204e-05 0.0001592449658277534
2530 0.1556528047495834 0.05009938503500497 -0.001430826807769957 -0.01297612421331012 -8.855138200204299e-05 0.0001592190778851314
2540 0.1556542074504947 0.05009899999690026 -0.001430551063314725 -0.01297619785401511 -8.84578344125581e-05 0.0001592313078428832
2550 0.1556565396914547 0.05009510004711682 -0.001429830925874595 -0.01297636508880753 -8.850017034496637e-05 0.0001592405928554608
2560 0.1556602000281511 0.05009103969597137 -0.00143126704411986 -0.01297668047697725 -8.851076838242036e-05 0.0001593143784302164
2570 0.1556640359909364 0.05008910094020432 -0.001431830839345939 -0.01297689339568049 -8.845340161093651e-05 0.0001592491207968105
2580 0.1556673766821455 0.05008695911360907 -0.001431489083317567 -0.01297691820962054 -8.83107075680274e-05 0.0001592351958274761
2590 0.1556716254574791 0.05008601902305016 -0.00143197080925482 -0.01297698797317053 -8.836148190474798e-05 0.0001592543081830934
2600 0.1556769538502118 0.05008609526430449 -0.001431955641393569 -0.01297705552741562 -8.838598445177288e-05 0.0001593944168564374
2610 0.1556826374946458 0.05008722635002492 -0.001431769193924148 -0.0129771504327785 -8.833592655691488e-05 0.0001592750230492772
2620 0.1556873357828569 0.05008855209325212 -0.001432615902265791 -0.01297716588033584 -8.836594814874792e-05 0.0001594148742278939
2630 0.1556917622289238 0.05009127577589061 -0.00143380122870506 -0.01297721190345858 -8.835019587046597e-05 0.0001593589044124931
2640 0.1556947448464804 0.05009341409270378 -0.001433575126221942 -0.01297715428907946 -8.826820595525203e-05 0.0001594210245353451
2650 0.1556968372960085 0.05009548925594123 -0.001432974395388048 -0.01297724405148752 -8.816944388144054e-05 0.0001592541871389695
2660 0.1556982779682964 0.05009735035282403 -0.001432888016785392 -0.01297720496986783 -8.805859208305561e-05 0.0001593024902346404
2670 0.1556997541122391 0.05009880354765694 -0.001432748093030892 -0.01297717961836509 -8.808669898366053e-05 0.0001592245289956118
2680 0.1557013091707361 0.05009846274478841 -0.001431665361613568 -0.01297724038631514 -8.795923441370163e-05 0.0001592201039464754
2690 0.1557038226785958 0.05009599153576558 -0.001431172268899497 -0.01297742140354527 -8.800275265023172e-05 0.0001591851075659338
2700 0.1557067526504628 0.05009410066914521 -0.001431678775934594 -0.01297755509881798 -8.801900389480487e-05 0.0001592044874352795
2710 0.1557088779610314 0.05009268921348157 -0.001432280813632697 -0.0129776739980211 -8.80920467264075e-05 0.0001592577353417068
2720 0.1557097860893414 0.05009150769370213 -0.001432598159571303 -0.01297766339888027 -8.802762080971302e-05 0.0001592718566437219
2730 0.1557106084390255 0.05009167517681995 -0.001432921788837716 -0.01297755928591082 -8.813019249804158e-05 0.0001592591705984849
2740 0.1557108574871583 0.05009296466204648 -0.001432717336038277 -0.01297752676195216 -8.813405895629367e-05 0.0001593037899464769
2750 0.1557112361131983 0.05009494338727925 -0.001433065108115014 -0.01297749256071045 -8.815337729480142e-05 0.0001592178037589903
2760 0.1557107372419473 0.05009628372535624 -0.001433400599026005 -0.01297737123218398 -8.814745808504835e-05 0.000159280433298481
2770 0.1557099844929256 0.05009856365647516 -0.001433124472242373 -0.0129772790958108 -8.807904408062258e-05 0.0001591731088887556
2780 0.1557083704784913 0.05010083501880499 -0.001432732532209036 -0.01297712069634876 -8.801296539952112e-05 0.0001592464556692679
2790 0.1557063606498836 0.0501038044159508 -0.0014325302202039 -0.0129770056460622 -8.80107940192194e-05 0.0001591229739282212
2800 0.1557031775112551 0.05010579092141663 -0.001432660955382202 -0.01297688205025668 -8.798957020598971e-05 0.0001592048351731288
2810 0.1556994243901291 0.05010693943683162 -0.001432369655162452 -0.01297685800164744 -8.801779255785235e-05 0.0001591072591972235
2820 0.1556949813139315 0.05010521842640601 -0.001431345475492675 -0.01297677054505691 -8.797524871666666e-05 0.0001591540671522298
2830 0.1556910445524135 0.05009974931890721 -0.00143086488362505 -0.01297681589203412 -8.804419260974713e-05 0.0001591485047912907
2840 0.1556865678871562 0.05009725659698488 -0.001432734848528546 -0.01297687493058928 -8.811063565544258e-05 0.000159255594647262
2850 0.1556798737110017 0.05009724290313108 -0.00143224863374564 -0.01297673344797868 -8.818068101847551e-05 0.0001591991768880556
2860 0.1556704422179493 0.05009840051188745 -0.001430865277982477 -0.01297639736750681 -8.824011877928942e-05 0.0001592242742775766
2870 0.1556605370113383 0.05010054307058254 -0.001431215663966056 -0.0129760882039054 -8.86183945389674e-05 0.0001593621835280668
2880 0.1556524993512504 0.05010183979270547 -0.001431209499713848 -0.01297589877684183 -8.877556254302519e-05 0.0001594605441537521
2890 0.1556479750676011 0.05010231432061305 -0.0014314200643919 -0.01297580796689642 -8.887211520899648e-05 0.0001594556307431622
2900 0.1556458586447358 0.05010267329468773 -0.001431963301856107 -0.01297572002038305 -8.89407444009766e-05 0.0001595427209154568
2910 0.155646045610536 0.05010375295126145 -0.00143172503496257 -0.01297565286910365 -8.884913698043691e-05 0.0001593954438121764
2920 0.1556469606494384 0.05010452581552298 -0.00143224520907197 -0.01297571318306147 -8.880194775934161e-05 0.0001595059275454455
2930 0.1556477888363665 0.05010547697513255 -0.001431967766415368 -0.01297587123860091 -8.860751019765733e-05 0.0001593154236695027
2940 0.1556480516545663 0.05010435889347999 -0.001429796977675807 -0.01297592755204505 -8.850342027365686e-05 0.0001593655913873751
2950 0.1556485190309544 0.05009924409938564 -0.001429844191219327 -0.012976097929344 -8.844581494459593e-05 0.0001592394716122602
2960 0.1556498023151524 0.05009335291873218 -0.001431547744320209 -0.01297626344432827 -8.850943696953212e-05 0.0001593820444132278
2970 0.1556499127356625 0.05009077306033331 -0.001431601877175084 -0.0129763781260204 -8.846894016017514e-05 0.0001592732700340591
2980 0.1556486877298102 0.05008813910586779 -0.001431070140055643 -0.01297625082248404 -8.842060937831255e-05 0.0001593295257943064
2990 0.1556475002773455 0.05008662730845252 -0.001431287517989174 -0.01297619905911568 -8.859679514294391e-05 0.0001593679390840615
3000 0.1556473015907767 0.05008703830901842 -0.001430838512961329 -0.01297617319848873 -8.867052195050413e-05 0.0001594161237080527
