"report"
"Iteration" "cd-scale etc.."
("Iteration" "cd-scale" "cl-scale" "cs-scale" "cmx-scale" "cmy-scale" "cmz-scale")
10 0.1585437208442525 0.05106487472320642 -0.000228775026107763 -0.02329417019405453 0.0001265722138824541 -4.247055309605049e-05
20 0.1935478304953333 0.05570038432131822 -0.0006606602939710674 -0.0166683871681144 0.0002959422154105953 -0.0001934212034233727
30 0.1938267487062714 0.06937044118506737 -0.0001444846694811637 -0.01821541270371809 0.0004039136552043274 -0.0002233925216550075
40 0.1944792937179237 0.06792669816245213 0.00192047185288834 -0.01743179743971655 6.426751112635229e-05 0.0004544675755288616
50 0.1941936771749291 0.06444233678013832 -6.897414370050002e-05 -0.01572902324751679 0.0002661886905249624 0.0002007028119177991
60 0.1909793540344902 0.05847716069358181 -0.00113299977749302 -0.01509111135951414 0.000731776601449942 -0.0001092712825506003
70 0.1906175503084292 0.05952651672941204 -9.574530596881609e-05 -0.01539688058516941 0.0003725526613191589 6.104426942723683e-05
80 0.1906059595138351 0.05915838653926881 0.0008070409411696905 -0.01522782983132792 0.0002933875140626306 -0.0002149133471276177
90 0.1901677137246545 0.05756388058138464 0.001082119081963451 -0.01436469471697949 0.0009893628061792737 -0.001008953242039348
100 0.1902398215206969 0.05670054485003104 0.00265968498542201 -0.01388148928066937 0.001272757671145791 -0.001106302018631893
110 0.18962080455356 0.05713228182463644 0.004200406939786273 -0.0138517392224726 0.001050134436719852 -0.0008424611364665044
120 0.1877004504682938 0.05673918164914456 0.002535472896734353 -0.01403654292553561 0.001084753229405335 -0.0008657928806292926
130 0.1861574019240283 0.05548997307657155 -0.001442052578594352 -0.01431319244374173 0.001231781608250245 -0.00107326068418774
140 0.185077975045589 0.05314761742636449 -0.003255150808355145 -0.01466056290969062 0.001201896185823841 -0.001145740284226876
150 0.185851352908354 0.05301253798255731 -0.002298503136926239 -0.01442598533404493 0.000924195985719771 -0.000815089919024713
160 0.1863462120538315 0.05390973485999134 -0.002025946015795625 -0.01388431287987122 0.0007330243265867758 -0.0005425580407885306
170 0.1867496699612148 0.05395774655679841 -0.003000998802376733 -0.01349651509042948 0.0004884705603325244 -0.0002634208093777011
180 0.1871578399537584 0.05366397815059318 -0.002976910675003108 -0.01328210302004424 0.0002883760820903364 -0.0003139728953140569
190 0.1868438141783809 0.05373379092231163 -0.003046573113090689 -0.01340799799074378 0.0004258483756587872 -0.0006587657867856018
200 0.1865152343577844 0.05382417429846322 -0.003048828786536581 -0.01382854360778385 0.000438960892950739 -0.0008164680113856782
210 0.1861793970485507 0.05330021441142452 -0.003486841248607909 -0.01430433036074165 0.0003894445377624732 -0.0009753694942577107
220 0.1853551869777988 0.0526310151475452 -0.003200246819506194 -0.01448692957931416 0.0001331072010387997 -0.0008954158935588522
230 0.1847967502845076 0.05292211166072344 -0.002096960972461845 -0.01438908719965778 -0.0005164651124296947 -0.0003024795250846162
240 0.1843737565690768 0.05304697732099474 -0.001723613960670347 -0.01406015481859603 -0.0008786286385861775 0.000176411152243073
250 0.1849585688568982 0.05381114328058029 -0.002322641341815301 -0.01397751199593204 -0.001242243266603813 0.0008606041915872092
260 0.1863443885088927 0.05433350277980338 -0.001754527991457176 -0.0136912259002748 -0.001460772640235474 0.00129199206770056
270 0.1867349762131912 0.05396361450839449 -0.002851682541418322 -0.01335842711357452 -0.001007541575388997 0.0008983036441317324
280 0.1863793480368344 0.05364391014615305 -0.001477738477286173 -0.01324910670934624 -0.0003830487609659349 0.0003907343168935749
290 0.1862082570308042 0.05262192639776132 0.002346324975337749 -0.01374873959821961 -0.0003456308135697369 0.0006086668718078621
300 0.1846429128761257 0.05142635942174233 0.004505289505478291 -0.01414890544753057 -0.0007200074467639753 0.001280278237333002
310 0.1839732535656322 0.05112104478649774 0.003795777024268659 -0.01373301698079627 -0.0007776936371974759 0.001382098500944114
320 0.1853930207325355 0.05219827356062327 0.0008920893932480682 -0.01276021058088896 -0.0003851708952146335 0.0009473281633503305
330 0.1867433765610407 0.05270276721348267 -0.001720515479475154 -0.0121228187227264 -5.095834979089007e-06 0.0006332313679467379
340 0.1865930327703541 0.0517491018411539 -0.000963719133910077 -0.01208088792968579 -0.0003640105468090552 0.001098700268029113
350 0.185908286544726 0.05099256045298282 -0.002171410771713897 -0.01221012210290489 -6.609581734052065e-05 0.000818378029157173
360 0.1847594611998277 0.05068376729326455 -0.004478045808315722 -0.01234874394504477 0.0003920316600830047 0.0003002420001539466
370 0.184015900150118 0.05026519672636107 -0.005426147157331287 -0.01222849505258039 0.0002471869165254427 0.0002471627519127419
380 0.1848358981089759 0.05099912331265013 -0.004587099189589244 -0.01205339507949021 -5.197806819916308e-05 0.0003963821938400866
390 0.1858486319701391 0.0517209682076412 -0.004101293850072013 -0.01200704569469546 -0.0003863040741912099 0.0007373149597200748
400 0.1865021966414983 0.05171117151045439 -0.004937118555937288 -0.01210546739884251 -0.0004847496466406906 0.0009055585767404581
410 0.1864486329503446 0.05144087187674191 -0.005095910442436673 -0.01205796882389712 -0.0004866393399210143 0.0009757938610597111
420 0.1869900535610688 0.05156255971043797 -0.004538578369235283 -0.01176008457276953 -0.0004657547315480805 0.0009115653010955696
430 0.1882063601987105 0.05166507897018474 -0.005784155515359148 -0.01148892792296829 -0.0003152742079921308 0.0007434691142910922
440 0.1887836012747234 0.05229299102750368 -0.007384824678114399 -0.01139086047215726 -0.0001768434479690052 0.0004718984771018977
450 0.1890120511489071 0.05273481558318625 -0.006672696283661269 -0.0113965676053693 -0.0001019920241546463 0.0002558210794137368
460 0.1893037219099236 0.05198689040694859 -0.005523241021776214 -0.01135682735511717 0.0001545170311494011 0.0002019996741611458
470 0.1899307371504384 0.05133975854512297 -0.005484514958342804 -0.01120879887548618 0.0002363964983441451 0.000315632645343906
480 0.1901319213704933 0.05136712663672945 -0.006019007442334794 -0.01115002788510394 0.0001653776714690348 0.000335750930012789
490 0.1904947569944079 0.05180141761660652 -0.006550285564661283 -0.01114988248037018 0.0001636433995061011 0.000250172016175825
500 0.1909851617315646 0.05170398991791084 -0.005984302448093699 -0.01116661127280654 0.0002176950837017327 0.0002124345685787188
510 0.1907429528768662 0.05084103141477795 -0.003950608656925233 -0.01134546246679932 0.0001649102118069701 0.0003940190015948165
520 0.1896130152806032 0.05070070361572215 -0.003260093919179225 -0.01150260458202439 0.0001956962812886187 0.0004306768443277109
530 0.1888119826320062 0.05150727421099563 -0.0042556378805175 -0.01147349144392342 0.0004390780488336244 0.0001310366170310973
540 0.1885537361889555 0.05237461041814644 -0.005433085544970431 -0.01153177201230068 0.0007874164638355097 -0.0002539321077001091
550 0.1884316533208298 0.05299318013209842 -0.006006690466368043 -0.01165677532558479 0.0009437143158262784 -0.0003708544400059391
560 0.188671267302039 0.05337659131933369 -0.00565344256012569 -0.0117884230774521 0.0008462657945995244 -0.0002661797519421847
570 0.1892337471733834 0.05329795269991594 -0.004387422310146679 -0.01183606084450109 0.0006334949876068792 -7.164428308349924e-05
580 0.1895368371496633 0.05263886298607618 -0.003273704229632824 -0.01184135780272511 0.0004797814514690883 0.0001071145289408474
590 0.1896676167618409 0.05263782965019578 -0.003862971353777235 -0.01183084613867075 0.0005267750478445724 9.860056873609113e-06
600 0.1900265256505585 0.05311530720544736 -0.00488405508570775 -0.01190797790978362 0.0008198837652046402 -0.0003214885125389684
610 0.1901939859180155 0.05287605117802777 -0.004063834296962748 -0.01213508701369997 0.001136240304031174 -0.0006132435758072028
620 0.1901527812423262 0.05233618956362596 -0.001971214418053688 -0.01224846594401081 0.001410732045984731 -0.0007896928932854951
630 0.1898998565822386 0.0519956052839488 1.080700908461903e-05 -0.01202873129507427 0.001494780018857755 -0.0008054896194349342
640 0.1902991177609097 0.05168626566863505 -0.0002873946060810589 -0.01168030343116347 0.001473439043703757 -0.000867215741361821
650 0.1913667113913638 0.05135743971405373 -0.001816574374484043 -0.01157525087975881 0.001668988779412479 -0.001245499256622739
660 0.1915288799133099 0.05101620513904283 -0.002116791483831425 -0.01165827434882465 0.001878606679435382 -0.001411498020699301
670 0.190893194615974 0.0522595877421958 -0.0009047623031954386 -0.01205652638029636 0.001718062266769658 -0.001096132957635339
680 0.1907117047935293 0.05228710968290481 0.0003764286587288965 -0.01217435412601422 0.001598502797484415 -0.0008695548005383448
690 0.1902201695411549 0.05188181337755765 0.000281277222019196 -0.01194629464400874 0.001548017243188861 -0.00086434507526951
700 0.1896579684461845 0.05188330829846891 -0.0007542342730209023 -0.01185725964226893 0.001386200190500184 -0.0008617924790933477
710 0.1893155631961575 0.05157255552172028 -0.002082770959255637 -0.01176690512623137 0.001496446942671782 -0.001067220997698153
720 0.1894444134283855 0.05139471627310866 -0.003368844669095138 -0.01168554896839016 0.001812763562564339 -0.001446125495642556
730 0.1893318597847763 0.05123596223674422 -0.003617095289101978 -0.0116423662998467 0.001992279191555307 -0.001664417463272595
740 0.189467033288052 0.05090950336601276 -0.003359636383024054 -0.01164439634529476 0.001927423005480608 -0.00170521915383007
750 0.1896963049529807 0.05058251688976357 -0.003206586293607073 -0.01145841946651801 0.002013497609639002 -0.001946213424298294
760 0.1899047955804659 0.05024965019565231 -0.003090632103760916 -0.01117108073056699 0.002227445633456298 -0.002309207369323299
770 0.1902031460186151 0.05026013593967964 -0.002041270014072343 -0.01113483852702684 0.002327572083017001 -0.00248256250762659
780 0.1901726574067823 0.04943671514063361 -0.0004935926430708435 -0.01129897697971422 0.00210246938086576 -0.002251707736051344
790 0.1897368885754702 0.04843546238462919 0.0009063107699883903 -0.01144216170844574 0.001924366734108598 -0.002003307057597572
800 0.1886462747831746 0.04796083258489852 0.001778750706133707 -0.01143054398507438 0.001866041803767908 -0.001840804414667246
810 0.1884723223081698 0.04839990267462208 0.001807902408778167 -0.0114960352320798 0.001783257508367819 -0.001719122922336044
820 0.188427427400433 0.04905871123641855 0.002089836163102394 -0.01159439117469022 0.001563938577851642 -0.001565633147796641
830 0.1877238589378377 0.04923422750209792 0.002805814977672048 -0.01160287630865835 0.001380450740666291 -0.001389173772858147
840 0.187145220961887 0.04903874432970363 0.003480803514109529 -0.01158211538526624 0.001318468742187199 -0.001292714671220684
850 0.1871400504203378 0.04913880552253104 0.003690903801563647 -0.01179842404791171 0.001211103419875393 -0.001146944819355568
860 0.1869466500761345 0.04933052680793406 0.003158676881558579 -0.01194233035466857 0.001128074387817199 -0.001102530559325833
870 0.1863711494196173 0.04962250000059432 0.002475728571066608 -0.01175913429838199 0.001230187689636635 -0.001278336984961067
880 0.1860170530393048 0.05013624325072864 0.001849182420923972 -0.01155912330623442 0.00139123122894069 -0.001365569403309343
890 0.1866673372139929 0.05089723987127063 0.001908221962869051 -0.01167232873499587 0.001300783268999687 -0.001172194000529245
900 0.1868698803305257 0.05095159507660566 0.002393508013605573 -0.01186558279154504 0.001057059185111448 -0.0008940897672167971
910 0.1862705416963441 0.0506260957090961 0.002877513544220518 -0.0119022241015096 0.0008311166598892571 -0.0006968315052292398
920 0.1862683994622373 0.05149093806522517 0.002940827269256302 -0.01187321910820526 0.0005774008163008145 -0.0005196521200021341
930 0.186679172928774 0.05218656962013404 0.003376389309556365 -0.01184079796331864 0.0002135088084745884 -0.0002530300031157388
940 0.1871188081461689 0.0525809322748048 0.003949423365933326 -0.01181437159877309 4.505148521014444e-06 -0.0001225677096743808
950 0.1873145860804201 0.05269563678245713 0.003789727072268024 -0.01168523563390129 0.0001294480048086768 -0.0002867114900090828
960 0.1878398940433257 0.05293525626540056 0.003792811659869039 -0.01158302293829543 0.0001836816525814113 -0.0002671547921888934
970 0.188425075215534 0.05273034650314375 0.003818130552419163 -0.0116005372197056 6.884325905051562e-05 -6.907269465268573e-05
980 0.1887520936542474 0.0521737484729226 0.004297566880226653 -0.01167752601029872 -0.0001147953197817699 0.0001664610195678423
990 0.1892746056852001 0.05245892896688245 0.00503102324309043 -0.01163173925449074 -8.728150487460636e-05 0.0002282411089784631
1000 0.1903815951085286 0.05282135668598986 0.005319351247257216 -0.01157751294500263 6.382841513471226e-05 0.0002209599431624538
1010 0.1910429657924227 0.05214537283916143 0.004320225199158412 -0.01163886904825939 0.0003930379131585922 7.814512602409548e-06
1020 0.1909215156086237 0.05105216069422495 0.003103009918399798 -0.01168767939543774 0.0005926894942783473 -0.0001758598697056394
1030 0.1903140106205042 0.05065559328609547 0.003759182277338809 -0.01171241720564194 0.0003999413360559138 -3.314780238373892e-05
1040 0.190487860110907 0.05127001747029183 0.004575384934074995 -0.01177651638321147 0.0001576654236159058 0.000136565791918545
1050 0.1908621734390445 0.0515651411380377 0.003560340602464701 -0.01184280255918354 0.0003187507072916133 -0.0001750111485346703
1060 0.1907258941450856 0.051482818202841 0.001735186918447592 -0.01183682459313945 0.0007166013341851837 -0.0006512322915090487
1070 0.1901575895755483 0.05114365821513214 0.001428446473183979 -0.01177828557807076 0.0007986895701530681 -0.0006899534647253919
1080 0.1897881082642519 0.05112347016849202 0.002583541564526571 -0.01190814995218056 0.000472548420623175 -0.0003119738109796805
1090 0.1898013074835656 0.05131156796987261 0.003254916970530441 -0.01200358844097091 0.0002638751545038186 -8.702843846632367e-05
1100 0.1898447269841339 0.05148164664513356 0.002227129889469261 -0.01194517135920844 0.0005042039636667231 -0.0003548348802741999
1110 0.1897435797052812 0.05148710746644644 0.001209280375276049 -0.01181669201853506 0.0008504214463327705 -0.0006883271285683724
1120 0.1897488788729531 0.05130186223488482 0.001666300508241752 -0.01180690103294076 0.0008072217260324448 -0.0005971790485952673
1130 0.1899611158686735 0.05127732126471398 0.002622020018787755 -0.01183182095601268 0.0005478760306090488 -0.0003322638834792853
1140 0.1900003718091773 0.05138848503378655 0.002118697879513023 -0.01179354461950328 0.0006263599070418667 -0.0004771646899688452
1150 0.1898277684641378 0.0515423520871696 0.0008519294466386844 -0.01172367536200074 0.0009556476974466289 -0.0008584759235957405
1160 0.189877262290269 0.051534102081092 0.0007501841859544815 -0.01175442638344972 0.001018732502797531 -0.0009060094721606092
1170 0.1900456484984025 0.05154302340523628 0.001618737726717048 -0.01186388081202574 0.0008044579249856133 -0.0006682121453894361
1180 0.1900268056062447 0.05147431473382086 0.001728272865614176 -0.01186822184159126 0.0007409158556524475 -0.0006309868173970821
1190 0.189904241386584 0.05147437560863177 0.0006021382595809544 -0.01181722768903373 0.0009934647085406319 -0.0009115371893344478
1200 0.1896929476547541 0.05143247451977885 -8.1112218102923e-05 -0.0118114312216081 0.00113600041105062 -0.001046658715182098
1210 0.1897009801569716 0.05139440394397184 0.0008019058804714464 -0.01185871480270067 0.0009519204020018013 -0.0008228791671315509
1220 0.1898057506112614 0.05147132643701793 0.001773169303331598 -0.01185807048994269 0.000796395237872985 -0.0006661533993843642
1230 0.1897795098932989 0.0516105915133099 0.001358603537783288 -0.01178283292390368 0.0009820446888823828 -0.0008763626601013661
1240 0.1897665658761546 0.05155274137242971 0.0005477065595058263 -0.01171646823767516 0.001174398435058246 -0.001074745175765449
1250 0.1897288798714876 0.05138479631905669 0.0006162904306961465 -0.01174730479230505 0.001054464169681372 -0.0009468217357904977
1260 0.1897849709845539 0.05143007447097384 0.001202060234082723 -0.0117936307874432 0.0008448950298352984 -0.0007479590189991566
1270 0.1898402142632686 0.05169633021217556 0.0008978319637559631 -0.01183905118530545 0.000951204839485463 -0.0008826554358981126
1280 0.1898123410161249 0.05182182573515647 0.0002107091350989261 -0.01182823978544099 0.00116834514888857 -0.001107353649828089
1290 0.1896997690146849 0.05155860393534975 0.0002609273367797616 -0.0117954207262945 0.001129756632107726 -0.001051528010827802
1300 0.1895899908366316 0.05134025291983885 0.0009675557291463728 -0.01180490111221512 0.0009087726229859246 -0.0008154934653733757
1310 0.1895249995239439 0.05151082631201603 0.001208633270922484 -0.01181742409169103 0.0008221437321730779 -0.000743505564252895
1320 0.1894260130964662 0.05173112513642127 0.0005847365049290474 -0.01182144431628196 0.001001223706619583 -0.0009362983864917647
1330 0.1894365370200058 0.05183378143078577 0.0003676479670910935 -0.0117997811521251 0.001149685615302511 -0.001051581289418414
1340 0.18953283597412 0.05171823167354872 0.0008843745487143415 -0.01174495602767981 0.001128444802387984 -0.0009840424648815027
1350 0.1896159373814592 0.05157632985418363 0.001139305197504436 -0.01172762835769718 0.001072284870576983 -0.0009090173403940235
1360 0.189629678544547 0.05154373205909184 0.0009728786591756321 -0.01177047545190095 0.001072186292303966 -0.0009188376694295262
1370 0.1895770573727677 0.05165272832168797 0.0007298309049619797 -0.01182461682118529 0.001064429981077497 -0.0009317620474205061
1380 0.1896415233768611 0.05176528232470212 0.0008322572009464411 -0.01186374502331146 0.001039403090275438 -0.0009133533988450528
1390 0.1896770038149156 0.05177631990114005 0.0009574468070764663 -0.01187514024649796 0.0010258889787326 -0.0008984318674862518
1400 0.1896647892418004 0.05160017880128835 0.0008231431792815188 -0.01186249789408537 0.001052608810149647 -0.0009131706479798143
1410 0.1896134301744889 0.05149456254917605 0.0006511790934712985 -0.01187515907512279 0.001053629057982684 -0.0009044259039248905
1420 0.1895283565057838 0.05154635306124344 0.000782223400633888 -0.01187472241668029 0.0009949573771603857 -0.0008537020542587242
1430 0.1895644884474059 0.05174842028887222 0.0009348905690170501 -0.01187711141285331 0.001002631217888292 -0.0008757102300625084
1440 0.1896293366877524 0.05189690112101866 0.0008857642579747537 -0.0118613573223766 0.001079687630678698 -0.0009524671020257067
1450 0.1897027987620568 0.05189362752151803 0.0008239101088946409 -0.0118155000879267 0.001117727069775361 -0.0009813794638017651
1460 0.1897315843418121 0.05172877381103508 0.0006798432864932592 -0.01180787208443473 0.001105899448143972 -0.0009571387031533694
1470 0.1897272754443963 0.05158791818637751 0.0006853548461031299 -0.01183903943168983 0.001074150589117779 -0.0009160258052678828
1480 0.1897267284464102 0.05164522005262455 0.0006556359310786432 -0.01187398019618402 0.001074284249070606 -0.000913583741908045
1490 0.189738145759272 0.05176118883111238 0.0005831240346776412 -0.0118830188027579 0.001129826014010047 -0.0009700284676250351
1500 0.1897787024433706 0.05176133520740202 0.0007057886107475538 -0.01184036450854108 0.001138103642688751 -0.0009834361783686439
1510 0.1898159488891882 0.05163268934516651 0.0008106216066164748 -0.01181928522995704 0.001104853640167777 -0.0009650847434079406
1520 0.1898408438705271 0.05156513943236262 0.0006156857314352319 -0.01186816811611902 0.001083221302120984 -0.0009607139408603932
1530 0.1897923847280784 0.05164634537194655 0.0004459787064708136 -0.01191513030622408 0.001078231965582737 -0.0009645559948478661
1540 0.1897396802129076 0.05180205383244806 0.000482398035394648 -0.01193360541742604 0.001074017780323518 -0.0009582247054606196
1550 0.1897836904973601 0.05183148923999576 0.0007625324858542277 -0.0119095101038756 0.001094276556140658 -0.0009528465848702042
1560 0.1898504499622755 0.05171999718511659 0.0009699625454083975 -0.01186982757136786 0.001098794552005486 -0.0009302127879364991
1570 0.1898588193101925 0.05154752766107333 0.000873728930365727 -0.01184968964611086 0.001115272416909662 -0.0009298878010073297
1580 0.1898096413051014 0.05154636938295012 0.0007718905088905577 -0.01187235834150363 0.001106669136517396 -0.0009254489420036097
1590 0.1898390943228549 0.05169672033398097 0.0008498181182961146 -0.01190902109784077 0.001076630063589472 -0.0009181780197195309
1600 0.189963914922263 0.05187150573856678 0.0007657721561117872 -0.01194770181590283 0.001098727383185437 -0.0009675755265399757
1610 0.1900195091166924 0.05184309175153518 0.0005753604295300201 -0.01193069920682383 0.001141462532203275 -0.001025930146294765
1620 0.1899647470634667 0.05175552414009385 0.0003400157583442595 -0.01191826930397312 0.001122717956287775 -0.001019071986645871
1630 0.1898715959893158 0.05162725041915405 0.0003630250440833188 -0.01194376221197995 0.001073335089138269 -0.0009509702673764451
1640 0.1898835030068005 0.05164570736357602 0.0005770405600172241 -0.01197752106486279 0.001028127442523989 -0.0008836930625199062
1650 0.1899445269210929 0.05172906481083061 0.0006459201576763895 -0.01198173677979793 0.001091571082559044 -0.0009377857853324058
1660 0.1899319190626627 0.05182201151758955 0.0005994281236415037 -0.01193364174726101 0.001175462883744282 -0.001016513917805188
1670 0.1899137060611296 0.05177245625705007 0.000725306367084428 -0.01187181276478176 0.001148124629700276 -0.0009915272096028959
1680 0.1899105751442657 0.05168197095339207 0.0008106140470987418 -0.01185693063526089 0.001079512648203252 -0.0009286106820364642
1690 0.1899615466185265 0.05165337890896764 0.0007639173167306307 -0.01187586981705359 0.00107530005326349 -0.0009328707397712631
1700 0.189992534905056 0.051757241267429 0.0005867368541469262 -0.01192389719231557 0.001121951603166976 -0.000989149875442787
1710 0.1900163313920158 0.05183508538039554 0.0004956837110376849 -0.01196272632867413 0.001127186459465371 -0.000999588636247829
1720 0.1900097680241065 0.05176842706709679 0.0004791892568336437 -0.01194965574641931 0.001089782008866403 -0.0009701430598954548
1730 0.1899742040011841 0.05162703648780333 0.000263480720587448 -0.01191035946591136 0.001097654440818433 -0.0009802423895994468
1740 0.1899052173804129 0.05168686890929038 6.397299267926166e-05 -0.0118951507815712 0.001150250561569375 -0.001024993221772733
1750 0.1898599346307301 0.05179371268750691 0.0002273793093258781 -0.01189647504561296 0.001153221484842963 -0.001008149875210549
1760 0.1899588009705689 0.05181163843247422 0.0008306962938320337 -0.01190240151630784 0.00110837905024396 -0.0009374001274159181
1770 0.1900261820710743 0.05172786721676876 0.001230238256280268 -0.01186823261133074 0.001085031771551237 -0.0008929979205103392
1780 0.1900575661793574 0.0516237236086067 0.001050955338740975 -0.0118348617913497 0.001116190428246467 -0.0009267521324625932
1790 0.1900066553696059 0.05167251317998555 0.0006365838509682405 -0.01184485949930802 0.001121543384459043 -0.0009567763293994744
1800 0.1899443064721737 0.05173735944818871 0.0004711563972234225 -0.01186303757569521 0.00107866811984779 -0.0009361053141361605
1810 0.1900839869365242 0.05184734054811205 0.0005653737022337037 -0.01190874221105942 0.001071043883716816 -0.000943613700813636
1820 0.1901247904029026 0.05185997308623011 0.0006206621601888312 -0.01193265027712737 0.001111486005608455 -0.0009892494277183239
1830 0.1900636421512417 0.05169747285899414 0.0004927449439425338 -0.01190868303753536 0.001144192447170818 -0.001011148062001812
1840 0.1900299711427382 0.05150843065066223 0.0003903214531934886 -0.01189712808999267 0.001126738585208368 -0.0009746493659902103
1850 0.1900059707326434 0.05159069825876283 0.0004515550103909245 -0.01189264245849891 0.001083545312281707 -0.0009360513467361862
1860 0.1900125315978942 0.05179569199733856 0.0004815288497679052 -0.01187723065267066 0.00113980819434976 -0.001003477038192871
1870 0.1900345092760449 0.05198951391789672 0.00056134190536063 -0.01185009159869034 0.001203737362849118 -0.001062735513013417
1880 0.1900660328747419 0.05190577057610013 0.0009095165618370893 -0.01179456206281911 0.001156235314208658 -0.001003474455007546
1890 0.1900682300053599 0.05168437784813722 0.001093199398364564 -0.01177628968557118 0.001075247764145631 -0.0009065255471705579
1900 0.1900497012637654 0.05154017665727509 0.0009298343416838854 -0.01180661741611851 0.001055017873866622 -0.0008899959510395954
1910 0.1900064916979148 0.05165087096515939 0.0005462534853793309 -0.01185701105062449 0.001089389343243179 -0.0009465729672402576
1920 0.190014358462706 0.05182099053382423 0.0003210845630406909 -0.0119023720769288 0.001124105908774722 -0.0009994414639490294
1930 0.1900436740712355 0.05186957778750806 0.0004175306893144747 -0.01190844201826157 0.001114585691967863 -0.0009971946231030464
1940 0.1900490873399004 0.05166311793246399 0.0005943638510826093 -0.01187567912024207 0.001098936065974656 -0.0009719136992627107
1950 0.1900216746709256 0.05154498519800684 0.0005588337992753225 -0.0118831350178282 0.001091227506394159 -0.0009465937460782183
1960 0.1899087673231035 0.0515553264102696 0.0005993254267179809 -0.01190213685190326 0.001057052223659643 -0.0009024494760109344
1970 0.1898916892391202 0.05165550067345205 0.0009162035365899113 -0.01190412045213152 0.001008641745306357 -0.0008496660499026826
1980 0.1899747681040203 0.051767843015485 0.001159954778363325 -0.01188219221342553 0.001036838064533753 -0.000878586370439342
1990 0.1900384444991862 0.05177796827862625 0.0010530812343046 -0.01184294311818312 0.001115521840588854 -0.0009612704174531087
2000 0.1900469800464736 0.05167734193625481 0.0007393402634355082 -0.0118219097915805 0.001151755171743645 -0.0009953757118616588
2010 0.190000785616598 0.05158730162327763 0.0005657859732835367 -0.01184573470723693 0.001113545482427571 -0.0009568612052773515
2020 0.1900357513770735 0.05164813885748992 0.0005500957254509145 -0.01189005494557804 0.001081126517811831 -0.0009343006650032561
2030 0.1901251931944001 0.05181370741141669 0.0004150494859666656 -0.01194909032560119 0.0011313153334719 -0.0009997790515125853
2040 0.1900981449913708 0.0517977756118035 0.0002834340170191158 -0.01194079651402307 0.001168426699736532 -0.001043462333994073
2050 0.1899983247154232 0.05160310729062031 0.0003675640997037312 -0.01189717601969185 0.001118061543364323 -0.0009904648772851251
2060 0.1899242648975454 0.05152327918805789 0.0006120377117205396 -0.01189369193400141 0.001025986214585796 -0.0008957634690504952
2070 0.1899327555889638 0.05160114268983449 0.0007561854975403117 -0.01191062605446244 0.001000287378647012 -0.0008748653438517703
2080 0.189944607986674 0.05176598061416825 0.0006363323646152157 -0.0119180448687895 0.001068711972501553 -0.00094492373461436
2090 0.1899330157321233 0.05192518820368654 0.0006403989578213216 -0.01188547883914077 0.001118429614852904 -0.0009849069623693244
2100 0.1899669921517684 0.05191512474454873 0.0008109404830373045 -0.01184867764889224 0.00109600837015867 -0.0009546121564438423
2110 0.1900062842136856 0.05175419231049755 0.0007632998083824521 -0.01183529245364356 0.001092600072887426 -0.0009379556050493942
2120 0.1899978466104037 0.05167024411131203 0.0005195043459010273 -0.0118348740970178 0.001129148424125347 -0.0009671811157949944
2130 0.1899821532136796 0.05165711002619333 0.0004677687117944142 -0.01183497471664363 0.001166296249694341 -0.001000686202978468
2140 0.1900498342967973 0.05173637117692269 0.0006947239004526255 -0.0118767724257099 0.001149823526785557 -0.0009856499219092782
2150 0.1901204460509392 0.05168716244242466 0.000864093273754341 -0.01190462015018186 0.001101751349184443 -0.0009525029757820392
2160 0.1901376280459974 0.05161304550112571 0.0006481980475728776 -0.01190274549562884 0.001064432987076909 -0.0009484146926086834
2170 0.1899499891437787 0.05165289164455147 0.0003413295823810659 -0.01187991151328324 0.001057993990941115 -0.0009685873876516478
2180 0.1898902816380218 0.05173919564710904 0.0004635137950175667 -0.01188371531019274 0.001053120933678267 -0.0009397707885543512
2190 0.1900670240289421 0.05178125879113769 0.0009968316115653944 -0.01191619172849448 0.001035291400756444 -0.0008794424783822803
2200 0.1900908083635505 0.05167241120060483 0.001237172830229631 -0.01189310830369432 0.001047253898087181 -0.0008581360948831841
2210 0.1900481512267025 0.05147128486182864 0.001169892711435019 -0.01183248468264042 0.001100488096102716 -0.0008907989015826818
2220 0.1900231127743008 0.05160121374404424 0.0009654777537623985 -0.01183751879309947 0.001090315110416373 -0.000906569483408445
2230 0.1900306380938167 0.05175686359128925 0.0007741913533545077 -0.01185891434294839 0.001054203301235117 -0.0009134376379364887
2240 0.1901556589877417 0.05183409413970588 0.0006177626394247962 -0.01187883708000996 0.001067914396632708 -0.0009606965649283082
2250 0.1901903517330501 0.05183732190586305 0.0006369339278879713 -0.01188248512659483 0.00110807259134967 -0.00100319758857034
2260 0.190122030858859 0.05173497803234749 0.0006960617206931117 -0.01189669167594823 0.001112236443994132 -0.0009830888186224233
2270 0.1900978035882041 0.05143968260187107 0.000669298333965008 -0.01191929649605209 0.001060452396080187 -0.0008928240433958809
2280 0.1901396893502873 0.0513717558108889 0.0005635436309862023 -0.01190811903579474 0.001039456987935364 -0.0008750450230525106
2290 0.1900556974552424 0.05157196442525586 0.0003210944722202648 -0.01184755708121416 0.001162348269196312 -0.001014417913249972
2300 0.1900671647250679 0.05186677351135192 0.0005183236573632786 -0.01181757551056773 0.001253673168333659 -0.001095457026935438
2310 0.1902096408060695 0.05190431295578911 0.001132084073286316 -0.01180496298303048 0.001159279648238551 -0.0009843213422133603
2320 0.1902454800623499 0.05155678396513159 0.001425661118431455 -0.01178272869457408 0.001014910486864893 -0.0008483819444664176
2330 0.1900966405757109 0.05144124407200285 0.001021788890811701 -0.01178659903040557 0.001004495395826284 -0.0008748722775836311
2340 0.1898868430770739 0.05163484381455755 0.0005530391061960006 -0.0118462101458728 0.001038846051365263 -0.0009297073658381055
2350 0.1899662172312003 0.05182705885479864 0.0004560894734159425 -0.01192751123881283 0.001024872336397459 -0.0009253495819036208
2360 0.1900055502880125 0.05178520607357458 0.0004214591620523044 -0.01193860143151551 0.001048662523616367 -0.0009594270367192109
2370 0.1899172189907775 0.0516260259948927 0.0003748620602301152 -0.01186689441994132 0.001126948905693134 -0.001018989012597553
2380 0.1899319877313245 0.05159204019468876 0.0004579653378365182 -0.01186201472690501 0.001149250292476999 -0.001004325272469294
2390 0.1899210606620495 0.05167299885951879 0.0006276573744209593 -0.01190740642994571 0.001065366613485697 -0.0009137643113184662
2400 0.1899456473597759 0.05169883140571268 0.0008503255939250804 -0.01189030618841384 0.001005744989509158 -0.0008678116200370922
2410 0.1899720096829198 0.05186626157413275 0.0009131246098585818 -0.01185300437631751 0.001056446515235846 -0.0009337343766273084
2420 0.1899882907244723 0.05196605117123257 0.0008886811072489689 -0.01183674774438959 0.001117753374397996 -0.000991719146391633
2430 0.1899935921116158 0.05182377608101448 0.0007809732441604717 -0.01184631592868185 0.001108876610866167 -0.0009583235671130438
2440 0.1899497781082871 0.0515396857804827 0.00071517760608275 -0.01183435960988749 0.001061506319800406 -0.0008943694251000003
2450 0.1899158369610865 0.05154027737190292 0.0005751549870109635 -0.01181478190590897 0.001098716981585033 -0.0009425855651479886
2460 0.1899677884207371 0.05177734365519142 0.0003444072292702121 -0.01186146093572374 0.001211203204697869 -0.001069139947620801
2470 0.1900395857553703 0.05191070526963823 0.0003867223610729992 -0.01191211820468921 0.001202727820479012 -0.001068848125443321
2480 0.1900688657651276 0.05169042357885114 0.0006575721230620893 -0.01189790022963317 0.001079001263381143 -0.0009653695774791994
2490 0.1899806149193538 0.05153542419583552 0.0007066978026311538 -0.01189034691412799 0.001010565302583895 -0.0009137368587080342
2500 0.189885495609999 0.05159789115312376 0.0006128152368959016 -0.01192416696566531 0.001026996687983351 -0.0009137025693419136
2510 0.1898639085504291 0.05171706139926682 0.0006853277765681618 -0.0119658348954527 0.001028952379670746 -0.0008853204050452042
2520 0.1899154711482897 0.05168515820442494 0.0009902562804226566 -0.01194315937855402 0.001022637452562465 -0.0008575730497104808
2530 0.1899230032943532 0.05163014894982985 0.001181097464815188 -0.0118748042083016 0.001070415763803196 -0.0008876698447793412
2540 0.1899890228084999 0.05164535276917188 0.0009479045968732767 -0.01185636821577007 0.001128472574327817 -0.0009496886626775202
2550 0.1899603648527195 0.05175219360072619 0.0005702664882766707 -0.01189058245479118 0.001131215289410814 -0.0009802611172478539
2560 0.1899752013972626 0.05176200475103701 0.0004467163072448812 -0.01190997973600026 0.001093199062929786 -0.0009664531397431414
2570 0.1900956351020475 0.05182762407769016 0.0005602501525072982 -0.01195084421928472 0.001097239152743679 -0.0009817473781945341
2580 0.1900969734809573 0.05180629392649864 0.0005730918815819374 -0.01197269979312664 0.001130848798783419 -0.001001597186280985
2590 0.1900385956196122 0.05159434681043549 0.0004988789291787525 -0.01196385955472806 0.00112759358040892 -0.0009712100680382773
2600 0.1899756002641758 0.05146550572676813 0.0005300808157941748 -0.01194622018276108 0.001057672688549514 -0.000900619591885817
2610 0.189888957999952 0.05158817487514848 0.0006333987911756335 -0.01191657722851633 0.001029463343248854 -0.0008920557592032642
2620 0.1899041563799794 0.05179532109508364 0.0006147619732583143 -0.01190083817556052 0.001111404571410323 -0.0009821483237272884
2630 0.189976545562275 0.05191834593091878 0.0007235988399282064 -0.01187285296222346 0.001170341975741755 -0.001029044081859534
2640 0.1900375826065001 0.05184710986766847 0.0009288122135860465 -0.0118277132799396 0.00114210438472573 -0.0009877042562260047
2650 0.1900320955665735 0.05161190000007206 0.0008075432010067562 -0.01182304855948729 0.001108871141929605 -0.0009474873737703876
2660 0.1900487275005201 0.05156028492101247 0.0004850742124541642 -0.01186396788701923 0.001104876126347696 -0.0009520983095187603
2670 0.1899964761177239 0.0517431508593785 7.778828519732881e-05 -0.01190333831683211 0.001143281650846279 -0.001014915082405505
2680 0.190006524610993 0.0519108170276479 1.58232275605402e-05 -0.01192684142047561 0.00116318203787546 -0.001050176769338009
2690 0.1900600820879533 0.05184972976891925 0.0004234449057572261 -0.01190102123716244 0.001129986822897539 -0.001012755284406741
2700 0.1900612767240028 0.05163312726458807 0.0006929605266946079 -0.01187192404094761 0.001089109612297328 -0.0009551216106945199
2710 0.190032646432287 0.05148741658454916 0.0006724333300873557 -0.01187188507684003 0.001080517867090917 -0.0009335930173243856
2720 0.1899526164296733 0.05161498651238831 0.0006562391706691155 -0.01188556628676153 0.001052024824236765 -0.0009098398274358487
2730 0.1899621904282036 0.05180772515559758 0.0008250614354284503 -0.01189267630494961 0.001031204931538425 -0.000899151124048133
2740 0.1900394237541669 0.05195171184031587 0.0009375061947798916 -0.01187725174189423 0.001058825006649281 -0.0009358958720291732
2750 0.190073984804965 0.05180850738569145 0.0009911543822069889 -0.01181481008389253 0.001109380162831196 -0.00097182747735854
2760 0.1900111291267115 0.05165615915316397 0.0009110786984185186 -0.01178920742984071 0.001101828406035024 -0.0009533580895977885
2770 0.1899487103234728 0.05151411384892749 0.0009596137898925378 -0.01181826968037135 0.001050630706106649 -0.0008857267717718733
2780 0.1900041050332668 0.05157811038600222 0.0009568004995177736 -0.01188120766651937 0.001018340006422761 -0.0008666288706392512
2790 0.1900457352790922 0.05175613884588783 0.0007008648311504487 -0.01192333138293308 0.001090310967914293 -0.0009673820690905894
2800 0.190032712682506 0.05187923817228657 0.0004241559270445843 -0.01190472050134021 0.001147509096884522 -0.001047308619672418
2810 0.1899883649547431 0.05179458756951768 0.0003956670865601356 -0.01188244199250512 0.001105165270967289 -0.001011114158166562
2820 0.1899415734895506 0.05166777030630963 0.0005979418294939479 -0.01190311569679129 0.00103198303648512 -0.0009136098222769928
2830 0.1899486844189023 0.05160845339693466 0.0008076313248919814 -0.01191720043764597 0.00102481595711921 -0.0008792477158348801
2840 0.1899498352018806 0.05168592393428464 0.0008206567647081311 -0.01192188370284127 0.001094151601801257 -0.0009342308410701193
2850 0.1899458228691677 0.05175723446188059 0.0008867468098921262 -0.01190279389334392 0.001136991453472838 -0.0009596015192492051
2860 0.1899836251241991 0.05171692278848022 0.001004242281686441 -0.01186746724555465 0.001095990740560541 -0.0009278140946831188
2870 0.1900161676319118 0.05167874526137467 0.0008601301600726547 -0.01185133151102256 0.001074616571866817 -0.0009361191564549568
2880 0.189977141935218 0.05176048868698578 0.0005613223196058546 -0.01187706683302855 0.001100558794617822 -0.0009819508888163099
2890 0.1900016769112756 0.05182007833262442 0.0005237956147602983 -0.01193771430975352 0.001095909764326477 -0.0009703056029238738
2900 0.1900633850036378 0.05179018898660647 0.0007220295255189828 -0.01199109374672626 0.00105975935186337 -0.0009200489611375956
2910 0.190037633217057 0.05161062115833369 0.0007774030450101469 -0.01198158325332944 0.001053230084385811 -0.0008979178072750147
2920 0.1899866340775133 0.05150659813859041 0.0005303239496483395 -0.01194567020656603 0.001089979193736292 -0.00093919854284484
2930 0.1898479854594502 0.05161558197475207 0.0002758179037438843 -0.01192174833927468 0.001104771802222256 -0.0009743137275009865
2940 0.1898139460408542 0.05167336731313434 0.0004550621689440695 -0.01190032676605946 0.00109498819445532 -0.000963307297535601
2950 0.189958395922402 0.05175440244431505 0.0008476878245809436 -0.01189514081860915 0.001100697187127587 -0.0009521117506863825
2960 0.1900360117180725 0.05178052850488951 0.001033904523079958 -0.01187558668341417 0.001136510706677905 -0.0009687051854324396
2970 0.190032986044278 0.05165311888437536 0.0008468417994467065 -0.01186227387790115 0.001143181728137168 -0.0009664406937448903
2980 0.1899915454948617 0.05154602741376645 0.0005346074607667171 -0.01187494542138123 0.001104712664386541 -0.0009440061771895662
2990 0.1899693651517144 0.05164225941549032 0.0002716592476626636 -0.01189977318530999 0.001079858914911454 -0.0009502323100667825
3000 0.1900186080154232 0.05180497332365012 0.0001557648786223879 -0.01192999569470879 0.001126218103693153 -0.001022046945552327
