"report"
"Iteration" "cd-scale etc.."
("Iteration" "cd-scale" "cl-scale" "cs-scale" "cmx-scale" "cmy-scale" "cmz-scale")
10 0.1471299291095245 0.04693547671105146 8.937388121815715e-05 -0.02081122809139881 0.0002753724732368114 -6.082705853761585e-05
20 0.1738202978760929 0.0522349210672659 -1.441458716463218e-05 -0.01341076711651109 0.0001571717331883193 2.448757320873587e-05
30 0.169859442918293 0.06220113678327623 -0.0008823092729453197 -0.01404483869757641 4.836406991294283e-05 0.0002205223788448738
40 0.1660148158328576 0.05697764136812469 -0.0006049141444539649 -0.01229575214200232 -8.033079560254786e-05 0.0003230624613037011
50 0.1667059341967985 0.05237455080059362 -0.001046008291747116 -0.01187182414209373 0.000141811976098737 0.0001482411861000205
60 0.1679950579427079 0.05063050355346441 -0.0006539159592069425 -0.01225974752412329 0.0002948072942698543 -9.331164571210166e-05
70 0.1671172380104846 0.05175678659807822 -0.001030666451052116 -0.01299373355175669 0.00117587594209616 -0.0004372763712137019
80 0.1651785790510656 0.05165939347284733 -0.001540369405190996 -0.01302945881277124 0.001643965360231057 -0.000565333420652795
90 0.164977107556392 0.05145412142861844 1.009788282442353e-05 -0.01244432216937975 0.0007071920176570176 0.0002080647725559978
100 0.1647367467197558 0.05065960067085403 0.001871712243734768 -0.01192093279398625 -0.000182167620529524 0.0006325880117256483
110 0.1638176363208552 0.04934365496300781 0.001166377102335974 -0.0117569911282139 6.929384513370888e-06 0.0002183626236621619
120 0.1630136750348909 0.04814569123910389 -0.001468656674990467 -0.01188664043142742 0.0003327586573532842 6.067498090907553e-05
130 0.1626556796028401 0.04766925221842257 -0.002594639974240496 -0.01198981360428363 0.0001330262479668235 0.0002065223497352952
140 0.1625125492727459 0.04739593222841287 -0.002864516498557589 -0.01188680491152212 -5.531289717187957e-05 0.0001532936098457375
150 0.1625374649723269 0.04641475416797468 -0.002470360397952774 -0.01166143843315475 0.000144362857462059 -0.0001813396272448363
160 0.1624716848673819 0.04512816861806066 -0.001618346776636699 -0.01161274722802473 0.0005621579854016763 -0.0004696367594392179
170 0.1622103208115453 0.04387284168154943 -0.0006421867442947528 -0.01160182412381744 0.0009831172898654818 -0.0006378587201636012
180 0.1621663758961467 0.04349469750689736 -0.0004203748175157052 -0.01141402253487352 0.001288078182206629 -0.0005868037964470876
190 0.1619806185040898 0.04392053037898208 -4.115070873694795e-05 -0.01117324665879789 0.00106356074091942 -0.000205224373809965
200 0.161343591315527 0.04459355520395856 0.0001150529432504698 -0.01099021102136214 0.0004882002471867102 0.000269839398571333
210 0.160877547585379 0.0453159940026707 -0.0009799966807611984 -0.0108095298549065 7.535564660025744e-05 0.0005276910298636536
220 0.1608951136675811 0.04655866625933227 -0.002560738601452349 -0.01060458247308502 3.144026251553208e-05 0.0005540251581777528
230 0.161419480874621 0.04715981462129722 -0.003429743421627777 -0.0105145420505989 7.597237819628856e-05 0.0006249693816188733
240 0.1618576671721113 0.04752880810678745 -0.003469043158173321 -0.01049958958628163 0.0001052867438934957 0.0007024784351449671
250 0.162326515238936 0.04794292351921109 -0.001792773023003213 -0.01047879407895564 0.0001308447429608306 0.0007705288670425375
260 0.1624035303378271 0.048282805692077 -0.000423867825848643 -0.01045368533111894 0.00015461472514117 0.0008241012486509455
270 0.1621795879929891 0.04888477891444794 -0.000464315649570576 -0.01040774797350845 0.0002899214844091332 0.0007237393614672072
280 0.1622019310945803 0.04823375444947725 -0.0006786122388989031 -0.01038434697983453 0.0004969202990184419 0.0005298925231608884
290 0.1623399102821872 0.04713913062434873 -0.0003174832569240718 -0.01031589639953022 0.0005766711099456787 0.0003174881706933186
300 0.1623900475763307 0.04652973029719819 0.0004259473597267593 -0.01023001414597641 0.0004206770201667495 0.0002246919453031583
310 0.1621634920781893 0.04635550043140854 0.000767821296880412 -0.01026659732916487 0.0001047346007751706 0.0002861673523038562
320 0.1621815406142351 0.04654854379172178 0.0009707938715366774 -0.01038575981418334 -0.000211884204518799 0.0004019298406740151
330 0.1626630373125042 0.04733769952366514 0.001830965678165134 -0.01044180366652868 -0.0004827746590933889 0.0005742562823437868
340 0.163330345942647 0.04816113962501405 0.002106415653092816 -0.01044596527593344 -0.0006702120726801559 0.00079686007042135
350 0.1638685179489081 0.04877844050744229 0.001270099036143993 -0.01040699844099409 -0.0005849530493442092 0.0007942036925547985
360 0.1643828774743931 0.04957559917740826 0.000309790323010989 -0.01025505395973186 -0.0004665417808430068 0.0006917596488153226
370 0.1649616584621511 0.050362304177137 5.978005621174328e-05 -0.01007130159776889 -0.0004436741445222087 0.0007151016308111035
380 0.165540616803467 0.05062814524898353 1.862288434853254e-05 -0.009933534560726339 -0.0004417554939810726 0.0008004322444223405
390 0.1662250475669771 0.05056241601686946 -0.0003077578315004906 -0.009836904611947779 -0.0003257675389080638 0.0007940759978733802
400 0.1668561908690332 0.05053322813845141 -0.0006120105085546839 -0.009825277263193882 -7.260260858437306e-05 0.000686855358462947
410 0.1671980591130081 0.05046919624891127 -0.0006770999237131719 -0.009919997329665906 0.0001961896157091169 0.0005892838038123933
420 0.1673041233018059 0.0503525550824963 -0.0007924800881820008 -0.01004038072139399 0.0004385619366937698 0.0005163287577451581
430 0.1670449234158517 0.05005131159138195 -0.000197112817898757 -0.01020542062331299 0.0003911012471685955 0.0005834001925595401
440 0.1666426084824854 0.04960455909433893 0.0006477780570981613 -0.01034202552556157 0.0001405830838405494 0.0007643683472968243
450 0.1664188839631368 0.04939816042891835 0.001050901744235799 -0.01036379646380819 -0.0001129330799145932 0.0009529813986095961
460 0.1663481578520361 0.04959696590208118 0.001149516432179124 -0.01033811072176789 -0.0002896824166894384 0.00109739721450602
470 0.1661283114546647 0.0500220915711649 0.001610647798688386 -0.01033727651432704 -0.0004932341717223917 0.00126409501143623
480 0.1656795168799278 0.05041649479871609 0.002171341021510304 -0.01036212374774492 -0.0006765145601606016 0.001416088551156075
490 0.1653675610971748 0.05070389499872512 0.002215921974345166 -0.01031385827282517 -0.0006418931307835789 0.001427000266870844
500 0.1654136148098131 0.05081128846362386 0.001933059230283142 -0.01022416861696749 -0.000440288336690001 0.001320944298955308
510 0.1656834544208717 0.0507484332183493 0.001579224974462997 -0.01017634691802773 -0.0002186969525891167 0.001202026259991983
520 0.1658517196787545 0.05051745137969459 0.001434281112627874 -0.010195274367597 -7.299394440469873e-05 0.001119735471223529
530 0.1657736313186959 0.0502903630925926 0.001670936876781628 -0.01022507482893671 -1.988263470855883e-05 0.001092979764093747
540 0.1654285843137687 0.0502357256293376 0.001984530813541668 -0.01024670838619139 1.839610996911722e-05 0.001088576375918914
550 0.1649091701876647 0.05035818864913111 0.0021602245209742 -0.01026860540993261 6.858906144746173e-05 0.001083862331002762
560 0.1644757527746739 0.05053473178266857 0.002232623869337882 -0.01027429131364836 0.0001140747044997585 0.001075941495907412
570 0.1642378440182923 0.05061387220791178 0.002323237576054804 -0.0102764960075932 0.0001020971119737982 0.001092676780935732
580 0.1640104110097967 0.0505992573672787 0.002483206329455422 -0.01031228598160203 6.919080056788414e-06 0.001139097231577202
590 0.1636638598503155 0.05062192351476761 0.002496748361453305 -0.01035665486782188 -6.33491085354001e-05 0.001153341298016497
600 0.1633414824798143 0.05075867676966379 0.002253239129957672 -0.01036873912652685 -3.080060929085603e-05 0.001110879721168713
610 0.1631566240078948 0.05085286265301769 0.002005203671557736 -0.01037694090702835 1.627931455029947e-05 0.001068971250442242
620 0.1630597860067439 0.0508037719061383 0.001806177929169267 -0.01039269145528011 4.74358089677196e-05 0.001038964451589094
630 0.1629722062973852 0.05059733137405491 0.00152951216911449 -0.01042153612347713 9.953984539742081e-05 0.0009904238725590359
640 0.1628567039749341 0.0502790015019167 0.001166766917477632 -0.01048360989583973 0.0001537815796883998 0.0009285083312358366
650 0.162708484776776 0.04992497998377858 0.000787462951766502 -0.01058264827307687 0.0001780289013617962 0.0008658756582006417
660 0.1625272142537079 0.04956409432129342 0.0005058491798255752 -0.01069832087732834 0.0001528674541622415 0.0008207708899533179
670 0.1623584637575834 0.04922593889302537 0.0002886939827231655 -0.01081355475274718 9.491488770919988e-05 0.0007882291811524374
680 0.1621939421752245 0.04891223867142774 -8.608289753303666e-05 -0.0109275767526297 7.825913094025275e-05 0.0007292324389818241
690 0.1619859572564171 0.04863456133772827 -0.0006010786873535707 -0.01103124720370737 0.0001138108638127605 0.000647770627211428
700 0.1617679107158105 0.04842108289478948 -0.001046239922966556 -0.01111297016952529 0.0001151372656452305 0.0005870929617504145
710 0.1616165591354534 0.04834460324576442 -0.001302744596467713 -0.01117365180777419 3.35174810014085e-05 0.0005587239248178048
720 0.1615170895111324 0.04834127811531723 -0.001467620866086831 -0.01121862581235065 -7.305790268353941e-05 0.0005318065784945862
730 0.161459531530866 0.04837821785007395 -0.001646343985966713 -0.01125182871308042 -0.00013211572291463 0.0004930852366388206
740 0.1614829537939233 0.04851851601383987 -0.001721304938338835 -0.01125656346551853 -0.0001691512519405704 0.0004926700001810317
750 0.1616058202763293 0.04873261919498047 -0.001673685014605384 -0.01120473598937465 -0.0002034892375757214 0.0005565579065037189
760 0.1619205765757983 0.04894711394271698 -0.001202885775561566 -0.01110658987591925 -0.0003043126738662656 0.0006965282006362383
770 0.1624505885701221 0.04917692162932424 -0.0004675627594451042 -0.01100206062334247 -0.0005169254949937208 0.0009074110491102744
780 0.1629971208458511 0.04943995573697305 -5.681337981867736e-05 -0.01092626965836973 -0.000713018740440862 0.001083334519250475
790 0.1634772464347302 0.04976362657263757 -0.0001874784457665945 -0.01085163004798664 -0.0007291835678055356 0.001123126756115277
800 0.1638332094481431 0.05004115690273423 -0.0004171388587468106 -0.01075685298847979 -0.0006124574675837098 0.001086065669258279
810 0.1641009808431163 0.05016279470902529 -0.0003110972511194513 -0.01063982908670688 -0.0005051289847754212 0.001080190234843161
820 0.1643011379594772 0.05016452869815496 5.484900387890549e-05 -0.01051236881099711 -0.0004336351049485022 0.001094696403374683
830 0.1645083969643696 0.05016314301978893 0.0004390056169053574 -0.01038994029436171 -0.0003373600263839533 0.001063360034776955
840 0.1648126052154704 0.05019167125687745 0.0006132723244266908 -0.01028554904394633 -0.0001788861895269004 0.000986780683529351
850 0.1651356202908868 0.05015732263577458 0.0007975951143705478 -0.0102366225238218 -4.499185616338379e-05 0.0009351648399726073
860 0.1653675813317606 0.0500042200332952 0.001240197339846056 -0.01024327969898447 -3.12022755788121e-05 0.0009592585425078723
870 0.1655605257292574 0.04978315903072305 0.001592729045364825 -0.01026602026457787 -7.817407757965159e-05 0.001008218040327303
880 0.1657064718403908 0.04964140757206607 0.001593459013148636 -0.01027308686282858 -8.905512706366351e-05 0.001017403607289489
890 0.1657712190638237 0.04971160007656784 0.001503505049912274 -0.01025932549638793 -7.031474244331731e-05 0.001012692563805317
900 0.1657863655596899 0.05001672116831666 0.001645867396477042 -0.01023624036010596 -0.0001029934104194767 0.001068228114597591
910 0.1657518844380335 0.05042416065116648 0.001940547432672759 -0.01022361745692351 -0.0002054297384926318 0.001176606786924473
920 0.1657523065511091 0.05075155027255414 0.002062380365762063 -0.01022124245703224 -0.0002681784387014916 0.001241706290557974
930 0.1658823532300926 0.05092967594318697 0.00183076765961808 -0.01021087251229873 -0.0001957248398372581 0.001219143600965142
940 0.166027730146368 0.05093227250955962 0.001474885980977547 -0.01020828462066176 -6.674578456842208e-05 0.001170331548119606
950 0.1660194624088993 0.05083095479700288 0.001313621635869488 -0.01022284260713115 1.257385618204674e-05 0.001155846694384648
960 0.1658168406596061 0.05078356298630524 0.00135206355951602 -0.0102495278161624 3.328808734636148e-05 0.001179610092548513
970 0.1654598358476206 0.05084531044868505 0.001471023621905075 -0.01029983587344589 8.639717208592119e-06 0.001226673556864365
980 0.165032717212602 0.05094909375521678 0.001599998027277306 -0.01036545496581581 -2.548228065556646e-05 0.001259688429999986
990 0.1646205709723551 0.0510235297037254 0.001692331308411997 -0.01040930839033786 -2.074737621063392e-05 0.001259059418785852
1000 0.1641982682702253 0.05101872049499551 0.001804516414788434 -0.01043853255983008 -1.434962518327749e-05 0.001260177150215804
1010 0.1637281197849403 0.05093556067700235 0.00186655176564357 -0.01047262649926989 -2.4742412710876e-05 0.001256004229148477
1020 0.1633241518099835 0.0508802565549006 0.001657982486427506 -0.01048805940575819 2.176552953966436e-05 0.001196702096313464
1030 0.1631013683418407 0.05076595400275702 0.00134235952730986 -0.01050238633755936 8.772794179709351e-05 0.001117870009730255
1040 0.1630190471610918 0.05052815911263821 0.001051356690993422 -0.01053274473693803 0.000128591711499353 0.001038342391815688
1050 0.1629331294390914 0.05016840616552874 0.0008248298704785563 -0.01057583682726492 0.0001572771754158035 0.0009484547074969142
1060 0.1627550723184721 0.049706799399181 0.0006756684221907957 -0.01063966548422671 0.0001687517616281163 0.0008688530161354424
1070 0.1625244350340276 0.0492860402283143 0.0005178705076048316 -0.01072449051320934 0.0001572702800065298 0.0008090645053953483
1080 0.1622917472750726 0.04898525036037299 0.0002769337889693745 -0.01082314362408456 0.0001444334329301953 0.0007507519549625453
1090 0.1620936578258212 0.04874990217582978 -0.0001042496474807295 -0.0109245576617273 0.0001677716835925144 0.0006725790930383839
1100 0.1619526896080375 0.04858392659877362 -0.0005003305067859439 -0.01101195139643648 0.0001935367422153516 0.0006007829348571841
1110 0.1618290529889683 0.04849858630352492 -0.0007681158677071931 -0.01106831879739698 0.0001712654142541811 0.0005643004770464989
1120 0.1616918102134347 0.0484495940419441 -0.0008961415449360502 -0.01109627186609786 9.754162688542152e-05 0.0005625017950806817
1130 0.1616120563092884 0.04841627374325983 -0.0009899650666418194 -0.0111112727251738 -1.15594559008197e-05 0.000575187800649372
1140 0.1616103974918546 0.04845591581804436 -0.001038209390865812 -0.01111769784657844 -0.0001407111071711494 0.0005941837853835905
1150 0.1616637579247944 0.04857506660225874 -0.001060590784116068 -0.01110843467783983 -0.0002398486019488114 0.0006091907810746227
1160 0.1617979189462619 0.0487477618309904 -0.001012898085823564 -0.01107069316193888 -0.0002909900841713502 0.0006392181471058439
1170 0.1621007182045083 0.04898539581544878 -0.0007086417709841836 -0.01099504971128597 -0.0003428374187359696 0.0007276846976347986
1180 0.1625798971784599 0.0492449603481898 -0.0002614750965938288 -0.01091001687407279 -0.000439653015923703 0.0008778446326589253
1190 0.163031984522263 0.04948001755697056 0.0001224203374941138 -0.01084920061147046 -0.0005742656144484742 0.001023111531847181
1200 0.1634761180034117 0.04979237508503123 0.0001055860695211985 -0.01078804028789793 -0.000612548272233918 0.001077950628619188
1210 0.1638686949423354 0.05008771598095325 -5.455126431048029e-05 -0.01071374483313753 -0.0005521917450753903 0.001074945867369583
1220 0.1641764628989004 0.05021921210248539 8.674107346214762e-05 -0.01062678805549747 -0.0005046418150782134 0.001094148728257609
1230 0.1644030006333781 0.05025374727324682 0.0004616069540861146 -0.01051836417960143 -0.0004775100393503888 0.001134846200733055
1240 0.1645658431132558 0.05028161764371464 0.0008891182304775898 -0.01041252495502769 -0.0004457399387864506 0.001164503553861446
1250 0.1647357826259018 0.05031792074694071 0.001227838926575061 -0.01032877205810504 -0.0003874511252882909 0.00116206362640883
1260 0.1650132182551744 0.05031389771357389 0.001386619666245081 -0.01027571367047372 -0.0002944568507882532 0.001138197010276536
1270 0.1653684260495772 0.05025450791919873 0.001487701531790165 -0.01025718682370238 -0.0002198131308429249 0.0011222465717405
1280 0.1656407943424878 0.05013824245579836 0.001602197092290319 -0.01026130722072733 -0.0001873995672779312 0.001119020320487798
1290 0.1657811844035413 0.05002886467928839 0.001601478072649244 -0.01027113095971365 -0.0001429064738617753 0.00110194161891862
1300 0.1658412873207809 0.05003725583852654 0.001534360959704212 -0.01027768769479409 -9.644882489197059e-05 0.001097307567623334
1310 0.1658421955026489 0.05022719674790968 0.001599883197764508 -0.01028117033061741 -0.000108697610508967 0.001141102523141349
1320 0.1657727829280377 0.0505108696578944 0.001803732272746929 -0.01028176319759127 -0.0001736526337487822 0.001215955842193265
1330 0.1657247614659522 0.05078787039629509 0.001880208835538762 -0.01027838345867181 -0.0002098199256529632 0.001268090821069899
1340 0.1657415031842729 0.05098439620859079 0.001681887952434642 -0.01026422614557835 -0.0001545147686835142 0.001255822337912403
1350 0.1657470401540318 0.05101224462002812 0.001419066698995421 -0.01024466040409884 -4.357850397538463e-05 0.001206539341186183
1360 0.1656540306957533 0.05093760758958223 0.001301876666429311 -0.01024468085378774 4.295945164148859e-05 0.001178779645205088
1370 0.165411975414479 0.05092461599701884 0.001357441891137451 -0.01027210042735265 6.314147198241497e-05 0.001194623303997046
1380 0.1650361134480989 0.05100156917323295 0.001547962591331545 -0.01031798280227465 2.705560701808179e-05 0.001236374164089945
1390 0.1646548439654696 0.05111576586582692 0.001702398315529503 -0.01035928161765505 1.012953943251756e-06 0.001261133558175312
1400 0.1642813246443177 0.05117206869190216 0.001765419835843854 -0.01039307099909918 8.936623856655161e-07 0.001262001731578625
1410 0.1638574925632293 0.05110304092101617 0.001761885314231099 -0.01042800610932312 1.949185148856706e-05 0.001234189184160264
1420 0.163450818794868 0.05095855727447962 0.001554446613531283 -0.01044989595470814 0.0001029613907053949 0.001152497748711128
1430 0.1631974719897953 0.05077733418558917 0.001268421357303216 -0.01046678897314202 0.000193796389602974 0.001061313134011993
1440 0.1630889654832235 0.05052982747295507 0.001053986110047016 -0.01049233577795331 0.0002235940772995256 0.0009948409840134596
1450 0.1630150117179897 0.05018177128742352 0.0009243896358337458 -0.0105348685162436 0.0002067077387252563 0.0009372174842375093
1460 0.1628753012260549 0.04974399260357856 0.0007974507202663852 -0.01060793560875314 0.0001807672742538307 0.0008720918291016988
1470 0.1626309303406435 0.0493258760209938 0.0005772355476240832 -0.01070170979099993 0.0001700626553922263 0.000798750876139822
1480 0.1623190975624249 0.048987207734245 0.0003129388589092801 -0.01080542750470066 0.0001728144632170208 0.0007282734418329656
1490 0.1620611890558394 0.04871295024208518 -2.190781863910466e-05 -0.01091471495839837 0.0001914529013295588 0.0006581069827024431
1500 0.1619158879885639 0.04853729285602965 -0.0004098881931902792 -0.01100995161443329 0.0002030537439174958 0.0005983853845856314
1510 0.1618184304935336 0.04846496069036994 -0.0007122283039825917 -0.01107493231274163 0.0001726121250545632 0.0005647306803171118
1520 0.1617133460148479 0.04843941801842228 -0.0008783380904428239 -0.01110976805427588 9.622160761150671e-05 0.0005606902136764052
1530 0.1616349992173913 0.04842768127685903 -0.0009930984637600093 -0.01112570796486453 -1.559061437667502e-05 0.0005739315759058782
1540 0.1615909649272097 0.04847439911569591 -0.001077774298663627 -0.01113253149529449 -0.000134973244500985 0.000583075946186037
1550 0.1615870654680862 0.0485809371932665 -0.00115588602393685 -0.01112966151781289 -0.0002159758272847138 0.000580636820268921
1560 0.1617003524748988 0.04875732072596702 -0.001155050343858226 -0.01110936009445904 -0.0002651956022761238 0.0006026855608509989
1570 0.1619771879438862 0.04899880784519897 -0.00093597810165441 -0.0110466551612866 -0.0003210728495756337 0.0006894173842316593
1580 0.1624295988014335 0.04923791100509979 -0.0004457160610386775 -0.01095384958647369 -0.0004199868909115079 0.0008413795937755737
1590 0.1628786432639913 0.04941748234910633 3.771349027640474e-05 -0.01088446336362437 -0.0005702011642811948 0.001007709048400781
1600 0.1633173794379798 0.04966474158067028 0.0001146771472032112 -0.01082690650877006 -0.0006493424547351686 0.001098684638270632
1610 0.1637230577438256 0.04997124088009377 -0.0001120173678996561 -0.01075563877877446 -0.0006074601796848918 0.001103541759102341
1620 0.1640707399229677 0.05017842252025798 -0.0001232974066863355 -0.0106720810020214 -0.0005496017905886789 0.001102761910137139
1630 0.1643701518081749 0.05028780660617429 0.0001240945311629337 -0.01056333446603915 -0.0005096853954066313 0.001127367432823497
1640 0.164567792670702 0.05031788954607534 0.0005205567410555761 -0.01045512526220711 -0.0004645730498604252 0.001146647849370019
1650 0.1647311017295327 0.05031172718296163 0.0008888008170277047 -0.01035613131365839 -0.0003712580682650666 0.001122818218921935
1660 0.1649877021545171 0.05028176849597139 0.001068720807684735 -0.01028167673237924 -0.0002338602665369053 0.001075654107758391
1670 0.1653024462959801 0.05020342608391608 0.001221022498049959 -0.01025539142595244 -0.0001447293233772413 0.00106240559827786
1680 0.1655735398062236 0.05007894704191908 0.001460344105684804 -0.01026423483126536 -0.0001487897349442423 0.001086777461365091
1690 0.1657756712719771 0.0499694044414682 0.001557896832646493 -0.01028264164633467 -0.0001571006445562385 0.001093998189505462
1700 0.1658901617594681 0.04996321399532634 0.001452415714050235 -0.01029242522208166 -0.0001182863991144972 0.001077882959542586
1710 0.1659049234769513 0.05009567804242521 0.001428132836295828 -0.01028515231368595 -8.954648518971e-05 0.001087977545024649
1720 0.1658515101218857 0.05034191606572665 0.001645616430735715 -0.01027517541859975 -0.0001338611262596534 0.001155736768723142
1730 0.1657955333313661 0.0506349661126814 0.001868017757667709 -0.0102711076770339 -0.0002138429151158712 0.001243144400946734
1740 0.1658150605163306 0.05088035179936919 0.001815308461065021 -0.01026122087950012 -0.0002236477907402466 0.001272600154881453
1750 0.1659003530068399 0.05097718710368381 0.001515282078649312 -0.01024494647777635 -0.0001218563039321856 0.001223033675887547
1760 0.1659372570249658 0.05091170498630952 0.001256457601278415 -0.01023853610556977 3.088775291481609e-06 0.001169474233712734
1770 0.1657968290671963 0.05082155383056203 0.001212826978756955 -0.01025117553619437 7.037736420711543e-05 0.001158035203701589
1780 0.165452157214312 0.05081312553800739 0.001371455341443571 -0.01028281663851693 7.419417582080224e-05 0.001184455478363958
1790 0.16500659641561 0.05088216124027405 0.001608916297073406 -0.01033765369416588 2.717704193414251e-05 0.001235566581194457
1800 0.1646055682991766 0.05098933537445888 0.001742227762812925 -0.01038880157884363 -1.396838304771814e-05 0.001265570802812409
1810 0.1642206215742339 0.05104769288497635 0.001830500425480407 -0.01041989129413261 -2.764207139747109e-05 0.001268311752811385
1820 0.163778093881685 0.05098398936294764 0.001901457839400206 -0.01045058860260055 -2.691092691007812e-05 0.001254729226189296
1830 0.1633715236929953 0.05088662058245504 0.001690933184922027 -0.01047189571804842 3.976201693760979e-05 0.001186373390262935
1840 0.1631145086805591 0.05074301202107478 0.001374248552625377 -0.01048751748234222 0.0001265641903794937 0.001094759470014756
1850 0.1629951058074158 0.05049326610585173 0.001149559499273965 -0.01051114633319144 0.0001706482641534455 0.001020268954190458
1860 0.1629459552868768 0.05016062200198085 0.0009681428659169812 -0.01055085581242464 0.0001703321674254907 0.0009549160634652744
1870 0.162837910925526 0.04975762583933914 0.0007790768040402079 -0.01061789151431789 0.00015179186569203 0.0008831030092995707
1880 0.1625940591253367 0.04934542969836355 0.0005423748935730814 -0.01070513816003851 0.0001551427579594082 0.0008024420423880208
1890 0.1622975893048491 0.04899353504745119 0.0002812610418711072 -0.01080780399192613 0.0001656655246529419 0.0007292123865552604
1900 0.1620617478361852 0.04870965804034057 -4.957284388375345e-05 -0.0109183114063622 0.0001757057248638985 0.0006594753954426352
1910 0.1618996202965216 0.04850951382821659 -0.0004336743925725827 -0.01101350389421989 0.0001871055068567859 0.0005970816534469654
1920 0.161786765870811 0.04840685456436781 -0.0007259816849901068 -0.01108195317366742 0.0001589964107894743 0.0005624615543730343
1930 0.1617193555562461 0.04839582636279117 -0.0009064374916652746 -0.0111197120798804 7.374152451246259e-05 0.0005635995247429913
1940 0.1616442347495517 0.04842641652554103 -0.00100410284783042 -0.01113321723838833 -4.039893068408612e-05 0.0005804006212834383
1950 0.1615837106946477 0.0484957610409393 -0.001074018320819262 -0.01113384932027857 -0.0001430173319545051 0.0005860779019119557
1960 0.1616191658597936 0.04863668306311015 -0.001130520313928088 -0.01112154176703139 -0.0002164022801613466 0.0005922177089916887
1970 0.1617940355259322 0.0488474480671585 -0.001058399345070014 -0.01108426090524895 -0.0002769028403461282 0.0006385749936948402
1980 0.1621359213102893 0.04909395705879732 -0.0007094961509322187 -0.01100815287849017 -0.0003469388414569529 0.0007450299756738429
1990 0.1626122311970861 0.04931567909136392 -0.0002388439069147712 -0.01092173137397184 -0.0004647092319720207 0.0009017347037656416
2000 0.1630418878691689 0.04952650196596916 0.0001109096973184692 -0.01085791945568298 -0.0005959403054103247 0.001041724018842671
2010 0.1634291443539622 0.04980729564974243 8.023086271161079e-06 -0.01079270565072138 -0.0006062492353282242 0.001085758216625288
2020 0.1638037164926689 0.05004771629594625 -0.0001329061842986227 -0.01072151053690486 -0.0005550091121267057 0.001088558601956323
2030 0.1641681363244414 0.05018547196514511 2.510483777801916e-06 -0.01063795965426974 -0.0005335745335550418 0.001118635521656309
2040 0.1644342828664026 0.0502756483839325 0.0003298162383217681 -0.01053078689815491 -0.0005150644505514068 0.001156038775713176
2050 0.1645976813504992 0.05031876281136823 0.0007738838594390956 -0.01042893918271047 -0.0004692728807500858 0.001166450210090947
2060 0.1647785253967885 0.05033607598716088 0.001140544411570198 -0.01034148486891705 -0.0003792829512743606 0.001147777456208407
2070 0.1650370375832999 0.05030988546873962 0.001321351929224773 -0.01027868339881983 -0.0002610322603073589 0.001118498895490562
2080 0.1653308727033649 0.05020971138855725 0.001490791546014579 -0.01025111070276953 -0.0001883341542401566 0.001108908094855172
2090 0.1656085553465247 0.0500738315250896 0.001632238262119328 -0.01025500208219657 -0.0001823891620951691 0.001123028134131397
2100 0.1658161455224471 0.05000825595306473 0.001580539665654073 -0.010273111669309 -0.0001685850148812249 0.001115830516964827
2110 0.165898550544281 0.05004706134467517 0.001475080802979191 -0.01028116391130038 -0.0001201677203486455 0.001091578501887587
2120 0.1658894018461784 0.05020339964907686 0.001534557685694063 -0.01027512632055 -9.381637009927947e-05 0.001109386382128747
2130 0.1658213884287167 0.05046023014126792 0.001747104825164251 -0.01026910657217462 -0.0001351272703398262 0.001182494248098378
2140 0.1657480956526585 0.05073248643005341 0.001901908129789107 -0.01026339690423656 -0.0001899608210259952 0.001251211001234871
2150 0.1657627935977253 0.05092192773734133 0.001779620131220358 -0.0102541347061473 -0.0001667442812704497 0.001258553568685066
2160 0.1658487176441552 0.05099826798851785 0.001463604387405183 -0.01024406243660062 -7.108298429246278e-05 0.001216010216292239
2170 0.1658289379494232 0.05095627698810496 0.001259692439328474 -0.01024232506643657 2.504613081941096e-05 0.001175056088447268
2180 0.1655977273273305 0.05090198046155463 0.001284096946192636 -0.01025782042256806 8.397035229239339e-05 0.001165264743627666
2190 0.1651987872435475 0.0509269426785577 0.001470004880753433 -0.0102993807899074 7.839016914339208e-05 0.001200280902393991
2200 0.1647652295256113 0.0510201336662015 0.00167513045507277 -0.01034979906378521 2.938794067253326e-05 0.001247988321332724
2210 0.1643732470203791 0.05109146008363311 0.001787789421996703 -0.01038873770314748 -2.079130609094547e-06 0.001266976456112921
2220 0.163983314721644 0.05107568499197788 0.001854864633238581 -0.01042780498089593 -2.000384998587011e-05 0.001265541761884487
2230 0.1635834092466241 0.05100090043005454 0.001703514308510434 -0.01045858750312122 2.311085744406855e-05 0.001207930692458031
2240 0.1632523005089105 0.05085636033651998 0.001385444017268044 -0.01047395895609267 0.0001322027160476586 0.001102705722356559
2250 0.1630557091221325 0.05060176779297292 0.001130688276379154 -0.01049430740335172 0.0002155430831114647 0.001012930837602569
2260 0.1629780694559153 0.0502826788158272 0.0009728175877179992 -0.01052896477906015 0.0002233048771928438 0.0009535582150827399
2270 0.1628978463618665 0.04988902018796325 0.0008670982508150147 -0.01058715580286711 0.0001781080489293869 0.0009043996362738247
2280 0.1627172095460553 0.04946390523831574 0.0006835524049032109 -0.01067340831086017 0.0001493455898684938 0.0008350966342947395
2290 0.1624453796625221 0.04910398135764161 0.0003768622156402354 -0.01077565956724954 0.0001569230906086135 0.0007515961812752259
2300 0.1621503990126707 0.0488022072457809 3.012147156996113e-05 -0.01088611763273375 0.0001774535264652 0.0006710372055172899
2310 0.1619157888737826 0.04854604136603072 -0.0003368630451397288 -0.01098881295166661 0.0002029024703177741 0.000602147634727562
2320 0.1617792465288972 0.04839303574721688 -0.0006560798792341896 -0.01106797550333581 0.0001873965800437685 0.0005617311602637773
2330 0.1617166076707796 0.04836304646495595 -0.0008698631580412176 -0.01111616751799894 0.000104001661958431 0.0005586285314722694
2340 0.1616613569652932 0.04839612128418801 -0.0009775583478187759 -0.01113934603529928 -1.270161576276877e-05 0.0005740729749679328
2350 0.1616076409544596 0.04845673080724539 -0.001062468551149825 -0.01114298342417651 -0.0001210340873918457 0.0005830630151367651
2360 0.1616037452629333 0.04858348841319397 -0.001176521781304793 -0.01113077574597148 -0.0001956224456865854 0.0005811793615566214
2370 0.1616903187652211 0.04876505599370193 -0.00116859926458754 -0.01110131118804953 -0.0002507850196992572 0.0006050132678932038
2380 0.1619501315712795 0.04898196910514812 -0.0009006087480204498 -0.01104264524334399 -0.0003173316618965358 0.0006895822225552594
2390 0.162441374174363 0.04923381698162752 -0.0004186679593859028 -0.01095691900934548 -0.0004285923632923134 0.0008399724242914055
2400 0.162904661799533 0.04944526168309176 3.17518687679797e-05 -0.01088612946470849 -0.0005737632255752616 0.0009994604876492257
2410 0.1632905829485686 0.04968617034009937 0.0001089238657569007 -0.01082302641299039 -0.0006265978815367221 0.001076308247530421
2420 0.1636636662227756 0.04995875790853429 -9.359138467793574e-05 -0.01074883908672141 -0.0005696842848497327 0.001079840935870063
2430 0.1640156327974774 0.05012713672606445 -8.204872548869401e-05 -0.01066909808880912 -0.0005325548572895985 0.00110220134194844
2440 0.1643209397116561 0.05022090750673652 0.0001670340464914831 -0.01056890926632981 -0.0005218435053246154 0.001140715231145437
2450 0.1645474387502976 0.05029099851827563 0.0005599093242384965 -0.01046486432052631 -0.0004955416462078188 0.001160597110729804
2460 0.1647514196265983 0.05035588177541852 0.0009462394353442834 -0.01037373243499802 -0.0004225263028704633 0.001146889974426842
2470 0.1649844645697927 0.05035689040059638 0.001186617036968943 -0.01030097106410877 -0.0002945899783768474 0.001104728469090867
2480 0.1652571494527718 0.05024833753225201 0.001391837093088723 -0.01025929489300409 -0.0001788417737664716 0.001075642178598563
2490 0.1655252629360973 0.05010101050221608 0.001618939969073996 -0.01024835151095946 -0.000150670104104299 0.001092975256645183
2500 0.1657285252242428 0.04999371164386416 0.001682036500583163 -0.01025787005744362 -0.0001602514374265308 0.001111728766981541
2510 0.1658526549363248 0.04997297283498204 0.001552023594923743 -0.01027359332194589 -0.0001397379393660598 0.001100743514145252
2520 0.1659262104677774 0.05010816640032609 0.001452567860691073 -0.01028422380344641 -0.0001142929423289876 0.001101821311926026
2530 0.1659089174294257 0.05037907014848868 0.001581842689786219 -0.01028264805317737 -0.0001377537630545 0.001151301627223256
2540 0.1658059819605966 0.05065536298516884 0.001823865688126204 -0.01027000479073558 -0.0001846886352413393 0.001219953342257147
2550 0.1657522728499754 0.05086244108656677 0.001856790610404592 -0.01025455097476695 -0.0001816980712546992 0.00125677776013857
2560 0.1658001551677664 0.05097464367357164 0.001598513045865001 -0.01024124719415663 -0.0001110199613536782 0.001240185977655436
2570 0.1658516207775281 0.05096837374608825 0.001345881436367015 -0.01023701592514532 -2.930156837752021e-05 0.0012050903403446
2580 0.1657758223700126 0.05092481959916273 0.001274513774680147 -0.01025216086693335 2.824375200409991e-05 0.001185588237619237
2590 0.1654999838751057 0.05094715217936704 0.001355902164698429 -0.01028163294759878 5.456391523361685e-05 0.001193593631345472
2600 0.1650527853046834 0.05099962999332926 0.001540889092651241 -0.01032312575863133 5.506750755471026e-05 0.001216287878565401
2610 0.1645881292713484 0.05103182300949051 0.001702844828400918 -0.01036312933688591 5.248963784031771e-05 0.001234974446044714
2620 0.1641738822338867 0.0510259330880355 0.001819337789439788 -0.01040397796084341 2.435265451987514e-05 0.001256782722126793
2630 0.1637721636310766 0.0509741659936291 0.001848377148940044 -0.01044578810049348 -1.334008110198957e-05 0.001256009001477476
2640 0.16341470594189 0.05091408219672994 0.001613803451048439 -0.01047004268297235 3.744312191043762e-05 0.001180488623208552
2650 0.1631720441528698 0.05076674357547022 0.001277667945993341 -0.01048785585921896 0.0001390734238633429 0.001074291839541592
2660 0.1630197976164735 0.05047828480732462 0.001008420928231173 -0.01051490439679604 0.0002123231387462766 0.0009815317867111438
2670 0.1628910228210009 0.05007527662454875 0.0008738534457113488 -0.01055785406324129 0.0002250306408893422 0.0009141687518935795
2680 0.1627481989341851 0.04962620308042626 0.0007998775005729447 -0.01062967726404377 0.0001821402323201337 0.0008661811499554072
2690 0.1625707265801013 0.0492465827338421 0.0005966765602397359 -0.01072491720785195 0.0001348783776306171 0.0008098673392295673
2700 0.1623227174614684 0.04894647152634325 0.0002478991322178523 -0.01083516960619539 0.0001318353129959154 0.0007251543831573245
2710 0.1620473218612242 0.04865595325236678 -0.0001851990627116107 -0.01094686560381028 0.000177301636961607 0.0006280820725364355
2720 0.1618334893165727 0.04842323187967189 -0.0005949910803351033 -0.01104110196281378 0.0002027543825576572 0.0005596354797604496
2730 0.1616879789563204 0.04830428307534446 -0.0008633384119774236 -0.01110545701634322 0.0001521218045450303 0.0005370655392710647
2740 0.1615916765127996 0.04830058544992679 -0.000965467815914691 -0.01114446987031106 4.146579435442868e-05 0.0005490895155944428
2750 0.1615694287285371 0.04838725857623916 -0.001058281412714828 -0.01116474158887211 -7.992097389585866e-05 0.0005643041747336753
2760 0.1615978969212254 0.04855161560779046 -0.001212114915502336 -0.01115777828823009 -0.0001623988145302771 0.0005659617421018886
2770 0.1616610928526434 0.0487498235621644 -0.001239014686053877 -0.01111889933364656 -0.0002162229291506524 0.0005862902031047464
2780 0.1618688510626157 0.04895591297189478 -0.0009814566169418875 -0.01105080220401421 -0.0002877490578811899 0.0006650014195678045
2790 0.162324544189693 0.049185658655958 -0.0005101467711357488 -0.01096486338282755 -0.0004065375271343076 0.000811093877527477
2800 0.162804215929035 0.04939394994706241 -4.771272642172499e-05 -0.01090004822033929 -0.0005648205272375767 0.0009722806589477556
2810 0.1632343137336437 0.0496566840156871 8.557498928656801e-05 -0.01084554431302135 -0.0006435988435851379 0.001059483461082236
2820 0.1636341798056766 0.04998057858293152 -0.0001183694188846397 -0.01077507901745096 -0.0005867587653920528 0.001061818450869584
2830 0.1639594131325439 0.0501413190531587 -0.0001058023761172277 -0.01069206039165583 -0.0005221207442274075 0.00107332312524015
2840 0.164219550670417 0.05015951082531225 0.0001853872758941851 -0.01058652722737673 -0.0004947092761303038 0.001116300064254373
2850 0.16442590195784 0.05018139096861471 0.0005675679761101914 -0.01047530778967878 -0.000478429646097814 0.001159922599333406
2860 0.1646280052178769 0.05025732590285158 0.000918689736524726 -0.01038372806588427 -0.0004426924603218535 0.001171285175878048
2870 0.1648879560569277 0.05032876699910237 0.001176410631112697 -0.01031439903277423 -0.0003642814083804701 0.001144425967603804
2880 0.1652107836606757 0.0503167408111632 0.001361664213277384 -0.01027023332551664 -0.0002593677266623354 0.001110650131844499
2890 0.1655011138634442 0.05020101958991034 0.001560023015725161 -0.01025223894817018 -0.0001995209282499999 0.001108481360970304
2900 0.1656793899851252 0.05003721015390761 0.001664140883031636 -0.01025284724504908 -0.0001702972193527313 0.001109878134577631
2910 0.1657911477733282 0.04997254814443031 0.001623424694621506 -0.01025917137044926 -0.0001362105508293738 0.001098044380779542
2920 0.165873570692466 0.05009589707058079 0.001580823567315333 -0.01026515687004684 -0.0001246526329795704 0.001111366660650596
2930 0.165884430760761 0.05034651016483803 0.001671034140257174 -0.01026959625617965 -0.0001600371568242423 0.001163745288769956
2940 0.1658466893838382 0.05061123858576726 0.001805221294283727 -0.01026920194383858 -0.0001960159772479869 0.001215674803955944
2950 0.1658372981815215 0.05082389683911336 0.001754700512079095 -0.01025844287033649 -0.0001681592568223716 0.001230238118080502
2960 0.1658504627043229 0.05092929090189042 0.001531118247786826 -0.01024286749516133 -8.040429842286159e-05 0.001206120739706535
2970 0.1658217528674348 0.05090624436359477 0.001365172954195021 -0.01023604476706921 2.47935561029336e-06 0.001182298747942311
2980 0.1656984815132029 0.05087343879895388 0.001340725913142415 -0.01025012278966988 3.541907013757303e-05 0.001189884390186223
2990 0.1654373770073982 0.05093269221892364 0.001420529494302983 -0.01028591093628301 2.281722694115813e-05 0.001219130031572753
3000 0.1650638921184365 0.05104524606563528 0.001571990371140449 -0.01033129322817124 3.416763339724361e-06 0.001243029458371565
