"report"
"Iteration" "cd-scale etc.."
("Iteration" "cd-scale" "cl-scale" "cx-scale" "cmx-scale" "cmy-scale" "cmz-scale")
10 0.2532801703955027 0.02699352069407365 0.001859187270854876 -0.009290586622712286 -0.0002936595614695178 0.0006321018933875809
20 0.251905593304371 0.0174442255055205 0.0008744490254659381 -0.01036389226797576 -0.0001460009657454763 -0.0005659108716979484
30 0.2541207533164951 0.0133609317967288 0.001448600494645592 -0.009827758144393919 -0.0001139067220845554 0.0003382004113618469
40 0.2574774368933281 0.01497547972312566 0.002989249949558649 -0.008811401195297603 -0.0002408794500855071 -4.939313990998864e-05
50 0.2569844394778186 0.008379461351823526 0.0008786620129026917 -0.007887164993765404 -0.0002582922518925174 0.000295297016903821
60 0.2581542239727904 0.004376299391401625 0.002056934736248164 -0.007475456910980169 -0.0001492425108635106 1.711828456947641e-05
70 0.2555304152984925 0.002998306674698359 0.00340087866468265 -0.006638891474297318 4.037766149892323e-05 -7.441309657006476e-05
80 0.2546007485492455 0.001999448522842897 0.005172458154341122 -0.006393825232541057 0.0001189736153638952 -0.0005179270424848083
90 0.2550674787841763 0.001052777577834515 0.004731741158059695 -0.006553136572585434 0.0002827555230063922 -0.0004838327848712319
100 0.2563562783359106 0.0004174368836419698 0.003364130839448946 -0.006838262090786921 0.0003304224159847957 -0.0002379488095160449
110 0.2571671537620306 -0.001231623453016706 0.001576956219299831 -0.006878795713916534 4.980172942528032e-05 -0.0001410179283059054
120 0.2563601163144082 -0.001362291932335853 0.002185597511116309 -0.006603097551239834 -2.846012188457218e-05 -0.0001184868590709258
130 0.2553790266841834 -0.0006824536698140552 0.002888779299472228 -0.006376852538034159 0.000216689651912048 -0.0001051096940963922
140 0.2550222210801741 0.0004507325064164719 0.003086708606439813 -0.006396859127836915 0.0003858597023787444 -0.0001093188735015513
150 0.2555936016344068 0.001275250957210943 0.004190593836656948 -0.006557419544066947 0.0004310590419711081 -0.0003081101863058524
160 0.256346231655346 -0.0002544894527351389 0.002609151649838837 -0.006620118616422355 0.0002273970342779222 -0.0001713337094290465
170 0.2555251616873059 -0.0006648749249567952 0.001586332592930968 -0.006407948393553456 -2.866289003738269e-05 -1.128686001251171e-05
180 0.2549613637291319 -0.0006398516917242241 0.002855416955615421 -0.006268372261254909 6.107708881964286e-05 -0.0001413980669780796
190 0.2546458166412573 3.473668038998138e-05 0.003152163154114598 -0.006274726351269384 0.0003231872575326151 -0.0001441138750059724
200 0.2550224160527169 0.001110955120220757 0.004172406973278877 -0.006454530070368652 0.0004186777560566673 -0.0002739333823482777
210 0.2557486701258426 0.0009264649092865058 0.003564245665422989 -0.006514607381455067 0.0003358228611626145 -0.0003210437175927419
220 0.2546021202505941 0.0009816962625889879 0.002052616157808159 -0.006244683524181524 9.88291618738915e-05 -0.000191812993373893
230 0.2533796675190063 0.002068823935968776 0.001815487718843873 -0.005982715715713799 -6.203511632369288e-06 -0.0001075732370900798
240 0.2531997429385636 0.002846201833475555 0.002196709650517074 -0.005938066436059821 0.000143624104580891 -7.026449986929796e-05
250 0.2529305910234904 0.003104651172619976 0.003598564685572267 -0.006024299789141178 0.0002772594796077745 -0.0002022466852070483
260 0.2541663087929608 0.003572774142202232 0.003937506570453542 -0.006245268706148869 0.0003625029469703555 -0.0002583720000859213
270 0.2545071444083155 0.004061715488577155 0.002585536354527402 -0.006293765950145977 0.0001998404642298129 -0.0003236298332660959
280 0.2532413921883972 0.00681554112044357 0.003142890552858566 -0.006263879292802195 -3.16845310534545e-05 -0.0006008094671081884
290 0.253880811795425 0.01027828338652499 0.00111513768705759 -0.006655422172177537 -1.826075136428476e-05 -0.000281407171965296
300 0.2556304414026779 0.0127272498260014 -0.0008315562415785834 -0.006984406980029674 -3.095313150057676e-05 -3.844032411256616e-05
310 0.255949536690007 0.01422370927678284 0.00242309575691773 -0.007134394342313203 9.343396388415207e-05 -0.000436868651346521
320 0.2563249166439154 0.01430948272431743 0.004362443372988789 -0.007348805282209246 0.0004688195139686789 -0.0004714929488994291
330 0.2564573262928886 0.01228898804588005 0.002749907078954313 -0.007407582577573438 0.00027885383720893 -0.0002535777559415558
340 0.2557549776714261 0.01229118868275315 -0.0001461351906900041 -0.007557171728516203 -3.423617623190519e-05 3.93561918162376e-05
350 0.2561760950644947 0.01221302634461097 0.0007682113494149797 -0.007506494103856894 -4.148203064276793e-05 -9.065987737903176e-05
360 0.2560713565992311 0.0117081723420705 0.00227796438970773 -0.007223106474397844 0.0001699684458259186 0.0001119572166419975
370 0.2555990755386173 0.01224063827547778 0.004945799860867031 -0.007117370577956229 0.0003673248405570385 7.777947622311236e-06
380 0.2560631202113279 0.01211830762641582 0.004505700465700328 -0.007205559276797545 0.0003274174693190631 -0.0001319702281157089
390 0.2564224525503118 0.01243386015180068 0.001265034566299213 -0.007344867507619529 1.942591651114693e-05 7.393788996603141e-06
400 0.2563435327695057 0.01295812188668507 5.416034955721653e-05 -0.007159419726101817 -0.0001251126248838075 9.022190483480131e-05
410 0.2565690783788992 0.01222776225751904 0.001109190507727202 -0.006937308323478131 9.738513634664029e-05 0.0001451073114656167
420 0.2562970076643018 0.01221309324075924 0.005491266241758902 -0.006903141823740871 0.0003904519077401463 -0.0001608550114544195
430 0.255952030798853 0.01139752816507577 0.006024570747129999 -0.006828203214093739 0.0004476550503372308 -0.0004617194712945208
440 0.2557327137015898 0.01178402905494983 0.002354010564082579 -0.0071286517886723 0.0001823527482518987 -0.0004343070710535603
450 0.256105055620614 0.01298639167296684 -0.0005531269036828077 -0.00726553626327381 -4.190958879313685e-05 -5.348843224193341e-05
460 0.2567613711219957 0.01342636655007397 -0.0009935372491430916 -0.007166753094898889 4.949963381041077e-05 0.0003306409649445466
470 0.2570060133618922 0.01271798278131739 0.003392378983576556 -0.007041420720120459 0.0002827330227862353 3.609548216268238e-05
480 0.2566156724678945 0.01147695709599298 0.006832175492104312 -0.006841547696045469 0.0004322169368345855 -0.0004934203032746549
490 0.2558150613442853 0.01090565170947518 0.003954398792057867 -0.006984111954107281 0.0002598089092403665 -0.0005206759748478616
500 0.2554898061810863 0.01258899208189898 0.0004120885830021539 -0.007256099931140738 4.98282331953847e-05 -0.0002050278974748741
510 0.256661712090146 0.01386945073215845 -0.000907155359708156 -0.007317035871894336 -5.060050232039722e-05 0.0002200262838000423
520 0.257087460227815 0.01341753761013301 0.0005444251247844698 -0.007135158346485883 0.0001592443928779046 0.0003653065879994161
530 0.2573352744546726 0.01196958696533127 0.005963303522816506 -0.007000572152157754 0.0003764862489880093 -0.0002686009793440073
540 0.2563166547938108 0.0103731483609346 0.005707142767259191 -0.006825083374193532 0.0003298315891758397 -0.0005623298812898947
550 0.2551489708758252 0.011836658998872 0.001746239569324702 -0.007137295454160249 0.0001360919054207781 -0.0003817074882217144
560 0.2560763297861121 0.01369438799153689 9.345689768953887e-05 -0.007342023430887605 -1.06765594398128e-05 -7.287101537395993e-05
570 0.2569761977256675 0.01427758998141947 -0.0009610923024291005 -0.007254592651016887 5.886206661566257e-05 0.0004733938368013426
580 0.2576995081018157 0.01276013310928972 0.003395868716219096 -0.007153391017392013 0.0002966632909413299 6.729919849678991e-05
590 0.2571511946249647 0.01055580075146006 0.00634692195469432 -0.006886570537480677 0.000342027378484892 -0.000471918532900736
600 0.2554378920829632 0.01084738626120081 0.003420486889367362 -0.006972268919226996 0.0002052961612839856 -0.0005019792690511803
610 0.2551813268813583 0.01297500772446538 0.0009457426563089997 -0.007263519391879828 6.132862044281536e-05 -0.0003091374140664875
620 0.2566914375496384 0.01457862630048157 -0.0009537299290829625 -0.007361948772252608 -2.593568409345992e-05 0.0003277514902748823
630 0.2575155016016359 0.01378105624436132 0.0008086123336536929 -0.007248722216394739 0.0001855072009052338 0.0003469928968752625
640 0.2578405542368801 0.01136695838787486 0.005407638976873745 -0.007064602349687889 0.000315701061234216 -0.0002359265408009399
650 0.256267480326981 0.01033381929878023 0.005011211893988871 -0.006863245794228004 0.0002642901972646527 -0.0005023272526917634
660 0.2548479016543211 0.01204421272708852 0.002033533783033213 -0.007120224958522696 0.0001268137529456601 -0.0004404749607423304
670 0.2560547597745147 0.01420577950114617 2.407314234441679e-05 -0.007375072565365315 2.349710930241202e-05 1.790816944006772e-05
680 0.2572812942726689 0.01463275486948 -0.000413519398196391 -0.007357623707561646 8.054502582391975e-05 0.0004424032204027834
690 0.2580899959051076 0.01235608116158788 0.003292405959675026 -0.007226142779914249 0.0002585911862786887 5.447773895674232e-05
700 0.2572425522146005 0.01036889511080745 0.005465681693625634 -0.006946635138252687 0.0002558967890538744 -0.0003963336270517268
710 0.2551680815898507 0.01113942997587881 0.003378702681334289 -0.006968324437995336 0.0001790321042087043 -0.0005035119133464618
720 0.2551585088358163 0.01336383475653194 0.0009627812548611615 -0.007248175239075688 9.525963872068167e-05 -0.0002332703420385732
730 0.2567658606665846 0.01480904588196307 -0.0007471826328962446 -0.007383920296475063 4.576071617195665e-05 0.0004002627885418971
740 0.2579082645489356 0.01360744688239715 0.001644144202031032 -0.007343094217107072 0.0002145396710334169 0.0002630261480509789
750 0.2578689032836192 0.01105085756706796 0.004615437758375513 -0.007111473235925152 0.0002574973152329568 -0.0001664127191576062
760 0.2560252153595204 0.01087371446053123 0.004170355916167546 -0.006943514304218818 0.000204177656826507 -0.0004349251971315252
770 0.2550066934802316 0.01255210999676131 0.00205635625152428 -0.00712342476238821 0.0001186558902423814 -0.0003847681502358079
780 0.2563519041852111 0.01432410231743329 -0.0004144458004732712 -0.007318034458610636 8.314628363573585e-05 0.000264276503032952
790 0.2576249972584733 0.01416366197408559 0.0009598296168383302 -0.007368424116933812 0.0002083797018571442 0.000369783545949409
800 0.2580786299979165 0.01169050758398164 0.003814059581404148 -0.007215112142774404 0.0002572558019435466 -1.505539224617728e-07
810 0.2566284281782802 0.01085587781603824 0.003940428943009302 -0.006992951629177076 0.0001917601902859722 -0.0003254718433741651
820 0.2551792300459776 0.0121025224739567 0.002402038089532512 -0.007060061017187607 0.0001108762585523629 -0.0004058766542742409
830 0.2560282177856936 0.01371877997740827 1.168460511440374e-05 -0.007220491879849209 0.0001083112700183472 0.0001619593147595693
840 0.257256518312161 0.01411382483459382 0.000750637088548525 -0.007328984022401308 0.0002356641257958662 0.0004297337941066769
850 0.2579527023277423 0.01257827514581738 0.003469281103819964 -0.007259497156993588 0.0002958370425150864 0.0001004627977496313
860 0.2570652360546004 0.01145645581678889 0.003327722648005595 -0.007078582285139223 0.0001627454760933149 -0.0002228557953938629
870 0.2557279282478174 0.01202175216422013 0.001634753940527948 -0.007067032566154549 5.340553534188532e-05 -0.0002722601767106909
880 0.2562291166346607 0.01297552158504232 0.0003114856802593482 -0.007180749786713051 0.0001228371237811344 0.0001732706463029916
890 0.2570037197608432 0.01381200852140881 0.001289601458107164 -0.007300640790688964 0.0002690762049144208 0.0004126344413627455
900 0.2575965702828633 0.01329589966247516 0.003487844180806638 -0.007247522826264531 0.0002967964351142939 6.086108908143073e-05
910 0.2572536916064794 0.01189323204526744 0.002517533007331923 -0.00714090057748872 9.525061372487051e-05 -0.0001840304255645486
920 0.2563584890455667 0.01166583915983319 0.0005264076043762949 -0.007092725150322751 1.488971203027545e-05 -2.282596679939088e-05
930 0.2563405767355789 0.01234105576723712 0.001031499016828623 -0.00713682676598855 0.0001257711849993626 0.0001636623346873781
940 0.256374420477389 0.01357933580711721 0.002482500837594084 -0.007134003942829211 0.0002529514774989063 0.0001735865052104284
950 0.2568275662376741 0.01345919985846145 0.00355543830056043 -0.007099945743271909 0.0002786885939778078 -6.891886611074387e-05
960 0.2571978910726991 0.0118776694035186 0.001612819966973049 -0.007155612854168518 0.0001155342180833142 -1.097540483139466e-05
970 0.2567894734704709 0.0116727278172696 0.000242528770973047 -0.007179634741462428 5.868424059744494e-05 0.0001784671500666245
980 0.2563705862644499 0.01235872997327158 0.001809192216793813 -0.007127441762631918 9.223303481101619e-05 4.164468531235345e-05
990 0.2560935214867361 0.01353423919132856 0.002756361646047303 -0.007044042024860981 0.0001806398992750745 2.296288632585951e-05
1000 0.2565770176886881 0.01353522833391033 0.00317986750705575 -0.007092531026812601 0.0002345085966405671 -3.385367471409729e-05
1010 0.2574077904460691 0.01207307943409534 0.001362693550064446 -0.007265164591339615 0.0001404672343444027 0.000125723175241623
1020 0.2571575739256532 0.01191718911831071 0.0004342948792750047 -0.007314835589654444 6.262188624845521e-05 0.0001951690307577469
1030 0.2565308240491926 0.0123346621209916 0.001903958864502461 -0.007151122605268768 3.938990260137501e-05 -5.071408390199751e-05
1040 0.2561071813731615 0.01328103535255902 0.002627704136118555 -0.007003084990675586 0.0001269382057994227 -1.830003227379054e-05
1050 0.2564494922605481 0.01352652071978168 0.003214071128873043 -0.007043468572116852 0.0002417596678692234 6.829902319872319e-07
1060 0.2571902507220591 0.01224702039853429 0.002193122980941727 -0.007202210874170692 0.0002029216473393615 4.854842727121642e-05
1070 0.256987350353939 0.01195465939314169 0.0007824306796472486 -0.00728285869146191 0.0001035280447505718 0.0001113902245315745
1080 0.256435427529664 0.0122684818508765 0.001585399552937042 -0.007142827057316698 6.764387318232917e-05 -5.743586301821001e-05
1090 0.2562520129337861 0.0130852090887706 0.002114138356717716 -0.00702705352052535 0.0001555055894438624 5.591697404451951e-05
1100 0.2565369969764885 0.01354365083391867 0.003074507596453749 -0.007045879039540869 0.0002713289723805298 7.685849346321665e-05
1110 0.2571083530221416 0.0123457357813471 0.002723595818748341 -0.007130449739297683 0.0002247601736234646 -4.160382725618398e-06
1120 0.2568395728575364 0.01171567587527318 0.001044130603885043 -0.007197264400553431 8.967112268747678e-05 3.189982342815147e-05
1130 0.2562860158237797 0.01196300541104497 0.00119920877642445 -0.00712329228617779 5.462358983293131e-05 -3.755153288145692e-05
1140 0.256267827069508 0.01298182737974684 0.001569361409861954 -0.007077349383543893 0.0001337290929886029 0.0001138995503604614
1150 0.2565871388655994 0.01376054036431725 0.002727252444531095 -0.007088084441733332 0.0002465322744643442 0.0001207064891791511
1160 0.2572189575928193 0.01271125062081294 0.00299252741398729 -0.007111758817857933 0.0002239280973246779 -1.254992577339576e-05
1170 0.25700355007655 0.01169835061524526 0.001491688353610883 -0.00714404623676327 8.293706596543988e-05 -6.550276153081701e-06
1180 0.2561835479462012 0.01187281617462307 0.001367775793872134 -0.007079102107793818 4.360025059237197e-05 -6.557352558123659e-05
1190 0.2561060725183436 0.01285605070370259 0.001836343317852893 -0.007072998995460518 0.0001190168954295909 6.80319850729494e-06
1200 0.2564672266255262 0.01381796374942211 0.002358650592443204 -0.007121739411957662 0.0002335354237120676 0.0001334561079720498
1210 0.2573509329373356 0.01309825624032409 0.002728034780561016 -0.007201705550129584 0.0002476351446615069 6.760393574273687e-05
1220 0.2574412611098241 0.01179250017922666 0.001588100322191585 -0.007205503037989871 0.0001054430793844539 3.88444038676108e-05
1230 0.2563833500867022 0.01175351235588165 0.001516703962809507 -0.007064783454976456 3.518901224445077e-05 -7.820886383711837e-05
1240 0.2558733265635469 0.01258245807439806 0.002161200233156435 -0.007001583146117139 8.190965036417083e-05 -0.000104826856610228
1250 0.2560261940825094 0.01378567805290101 0.002265618684592215 -0.007060038196055947 0.000206298674495797 9.127740235516862e-05
1260 0.2570989422185298 0.01359450961833163 0.002505402939414465 -0.007240414183954101 0.0002752918290797806 0.0001164397918018628
1270 0.2577402328867233 0.012301749582184 0.001466655230769814 -0.007332811515181019 0.0001560598643054679 0.000116925802022205
1280 0.256956829319449 0.01204544967673569 0.001192144185703349 -0.007182680564703707 5.795295795681507e-05 2.005620388820038e-05
1290 0.256197525818195 0.01238936883691265 0.002322331827328408 -0.007021790433081301 6.857390543843274e-05 -0.0001374696584234383
1300 0.2559946208026385 0.01353106800521304 0.002420245018145198 -0.007010185650170304 0.0001910497336916602 6.055341045886107e-05
1310 0.2567032307132001 0.01367499937464449 0.002864588602860061 -0.007161721806231478 0.0002853613294761463 7.174170216453435e-05
1320 0.2575302992664114 0.01228392749371972 0.001581544481909032 -0.007319143118175749 0.0001761681966452595 0.0001021102387831399
1330 0.2571423139033477 0.01200970608685703 0.0006737721300158615 -0.007277473282003411 6.819088756982385e-05 0.0001054700637610315
1340 0.2564447850065367 0.01223431646136332 0.001868544507181452 -0.007081017359789564 5.628412649089753e-05 -6.719155818413506e-05
1350 0.2560538856213345 0.01326108714839494 0.00243232325629505 -0.006978336281321684 0.0001532143934769156 4.682082039842755e-05
1360 0.2564410242055055 0.01366504983865378 0.003167442504037532 -0.007059053693038509 0.0002646635509744021 2.73338235960068e-05
1370 0.2572178044219725 0.01236579502320833 0.002076296065657804 -0.007222090642883225 0.0001962399172592238 4.448357618906993e-05
1380 0.257088669708724 0.01198605447012091 0.0005296373115865533 -0.007298597819252336 8.557636256626867e-05 0.0001368005488793898
1390 0.2565594922356603 0.01225815310846745 0.001480637910234957 -0.007156147764671307 5.711319970495725e-05 -1.96363055434603e-05
1400 0.2562731039494256 0.01314745280852959 0.002249736884732434 -0.007028248065186132 0.0001431477989088424 4.995728602292961e-05
1410 0.2564664196757246 0.01359746887441139 0.003256443071598492 -0.007031878112472459 0.0002492006187559148 2.86358261318062e-05
1420 0.2570781155843589 0.0123556319198132 0.002642452523871162 -0.007139161170392897 0.0002067948286441525 -1.089151197692089e-05
1430 0.2569421561049063 0.01174467977718652 0.0008465591468448862 -0.007242563726670205 9.092955716289641e-05 8.101996427652463e-05
1440 0.2564255734134369 0.01206220399136121 0.001203631637004779 -0.007164950331841802 5.595894363285722e-05 -1.438748791720401e-05
1450 0.2563043804033478 0.01302509203997224 0.001758355749899557 -0.007070276021393329 0.0001251019619432017 7.972843008345121e-05
1460 0.2565443809596286 0.01365913426034447 0.002867391998795155 -0.007049705706325976 0.0002350366424687442 8.660501687230439e-05
1470 0.257138515824087 0.01257466151750217 0.003012011983205935 -0.007089500972188194 0.0002209511934422261 -1.517038781656755e-05
1480 0.2569229681026735 0.01166777493161738 0.001502275680308665 -0.007149999169294824 9.44322547157218e-05 -4.795644039824568e-06
1490 0.2561571753431441 0.0119083256882539 0.001398360265623788 -0.0070946414513597 5.662297888363936e-05 -7.85955424426838e-05
1500 0.2561448237325515 0.01288364267847895 0.001696033690612541 -0.007081688070103182 0.0001267984594920934 2.536983453805863e-05
1510 0.2565498591190115 0.01380511249306727 0.002214552310486289 -0.007126279820794599 0.0002374613833945642 0.0001685641647512457
1520 0.257389249047177 0.01304131544104005 0.002787043658964561 -0.007186094382212771 0.0002438169582438328 6.795442707603482e-05
1530 0.2573447492974008 0.01171709309544907 0.001776992921114315 -0.007171443714605351 9.64003510503574e-05 -3.404419591994902e-06
1540 0.2562450004722066 0.01170962479857926 0.001620142887601512 -0.007049157560658163 3.268708284146215e-05 -0.0001156425633016192
1550 0.2558377337908151 0.01261837828205335 0.002043894585763456 -0.007014416079768132 9.1515625827865e-05 -8.999510868756846e-05
1560 0.2561212735202612 0.01382295892506772 0.002094886321215887 -0.007088343386748045 0.0002138071437436509 0.0001278346127018354
1570 0.2572253089368715 0.01361946855522939 0.002438624593700222 -0.007255959829261099 0.0002739649114074609 0.0001363527665770275
1580 0.2577706930818475 0.01228286192483324 0.001603116533810692 -0.007303851505931027 0.0001452305342547265 9.318883467361258e-05
1590 0.2568653870782897 0.01196312645730796 0.00135493802014993 -0.007140129216711544 4.753839134878117e-05 -1.72203767434309e-05
1600 0.2560934885250863 0.01238791787414053 0.002365861190078725 -0.00700874432111101 6.716627447619497e-05 -0.0001487808731158783
1610 0.2559512063455749 0.01361363549587983 0.002411365988992257 -0.007024123425709508 0.0001959960148348612 5.46329779520105e-05
1620 0.2567591532880272 0.01373271091765985 0.002777108024917409 -0.007187232957183575 0.0002853240734263784 7.618780596145001e-05
1630 0.2576360638404442 0.01234028492998447 0.001479709343764196 -0.007340399146124625 0.0001741160778871665 0.0001200148836474644
1640 0.2571997526666042 0.01204127368374573 0.0007446219657779098 -0.007271410859683186 6.715073956743556e-05 0.0001026223244082073
1650 0.2564210280792601 0.0122432683376377 0.00202654815785471 -0.007064432407585759 5.531438747779829e-05 -9.210800152309165e-05
1660 0.2559974707251886 0.01330849429409533 0.002482263516419207 -0.006973441124535274 0.0001531688493655319 3.143129913568489e-05
1670 0.2564263755438185 0.01372824801409556 0.003082571399987692 -0.007076442626688551 0.0002687685264443404 3.280951044934571e-05
1680 0.2572918903752117 0.01242231141177892 0.001922803463551582 -0.007257214584803573 0.0001982378541002177 6.949145468028172e-05
1690 0.2571869514756306 0.0120618332029641 0.0005137067787605855 -0.007322337766608779 8.702865954722141e-05 0.0001462807608363245
1700 0.2566006219238701 0.01227737332717821 0.001581275303610553 -0.007150686834310746 5.612811592257633e-05 -3.092626790995174e-05
1710 0.2562463000279046 0.0131483470372216 0.002366654825893717 -0.007014854549701455 0.0001441477450986457 3.287049884139486e-05
1720 0.2564220431406605 0.01361552108594744 0.003257686555768935 -0.007030818935431208 0.0002531179466634193 2.659061631551378e-05
1730 0.2570773213311547 0.01239532526328973 0.002531388421255683 -0.007159972653206327 0.0002101663356975655 2.703191771020619e-06
1740 0.2569979851564764 0.01180616955059054 0.0007192422841306948 -0.007270368819717055 9.214462875964528e-05 0.0001034662286132629
1750 0.2565074504124454 0.01210714867018462 0.001176309801176002 -0.007180160565133658 5.48645384308556e-05 -1.863754480796179e-06
1760 0.2563270823770829 0.01303009268412813 0.001834501769286578 -0.007064370923822727 0.0001246791125677731 7.751581459393796e-05
1770 0.256504352325002 0.01362732695954019 0.002994404006833094 -0.00703416439567889 0.0002350859721409622 6.928276384873942e-05
1780 0.2570686906497031 0.01253908485927681 0.003013726717081082 -0.007084252906554519 0.0002197778592414945 -2.424322790952348e-05
1790 0.2569023515972508 0.01169144390272397 0.001365358040739129 -0.007169183455474248 9.674751443336066e-05 1.109313396441724e-05
1800 0.2562413511571523 0.01195657254320472 0.001266743400432786 -0.007124427255656175 5.980121276627565e-05 -5.038672286522742e-05
1810 0.2562521147024048 0.01291136204879909 0.001651792816013858 -0.007097568468019377 0.000127183485572545 4.786659720179006e-05
1820 0.256592662348736 0.01376333600905213 0.002364225917574906 -0.007111942959576642 0.0002357949746204298 0.0001538819472478701
1830 0.2573183459695304 0.0128988961504268 0.002944983823120567 -0.007143871038154845 0.0002364735802596228 3.541920025884635e-05
1840 0.2571904433672583 0.01163449861295506 0.001823234619714167 -0.007143571808912989 9.291672676457185e-05 -2.54094554207356e-05
1850 0.2561442482688404 0.01171230391318664 0.001566448953278139 -0.007050944126770119 3.769739819181741e-05 -0.0001143370749555945
1860 0.2558690196177399 0.01267724597277129 0.001881578878596039 -0.007035040498879585 0.0001009898938230581 -5.923464714597371e-05
1870 0.2562420345275047 0.01383433182010941 0.001971501817790202 -0.007110193303234134 0.0002170050342199416 0.0001591361478019952
1880 0.257320910866074 0.0135615385693274 0.002488820130658985 -0.007252460890604763 0.000268741558260588 0.0001331749845549563
1890 0.2577237395325807 0.01216911822798288 0.001748953278795217 -0.007261991222976335 0.0001332537068166456 6.083255679874137e-05
1900 0.2567094491338932 0.01188033075478095 0.001501137792313354 -0.007103956748132366 4.094394797606958e-05 -5.527275504120777e-05
1910 0.255986939007381 0.0124228928048233 0.002345913600624626 -0.007004528671177707 7.119956256756566e-05 -0.0001506450141518756
1920 0.255956179500289 0.01368903107143393 0.002333272604086761 -0.007044750412434337 0.0002017439384602614 6.531938736495731e-05
1930 0.2568773578106371 0.01375857489249358 0.002642590705711838 -0.00721792696805676 0.0002841630854579309 9.84540478543451e-05
1940 0.2577341036584154 0.01237099885565745 0.001458859208921772 -0.007351050717646707 0.0001714813229743995 0.0001296174288691733
1950 0.2571880973919732 0.0120297662431679 0.0008860980116640857 -0.007246546258790171 6.278125206666884e-05 8.236999228867222e-05
1960 0.2563471945354449 0.01224143680233617 0.002153301871441143 -0.007045110762308853 5.303734025668638e-05 -0.0001174321719582375
1970 0.2559433818905494 0.01335948641894759 0.00244511782017321 -0.006977117565830777 0.0001568474391268122 3.208301291859475e-05
1980 0.2564557719788186 0.01377649913358656 0.002984465741448947 -0.007102419706020141 0.0002745482631024045 4.578727567463554e-05
1990 0.2573795975389356 0.01245832951099275 0.001804963357040146 -0.007286022847092695 0.0001976962504553061 8.973658409279608e-05
2000 0.2572519989531684 0.01210944240252746 0.0005481949663080164 -0.007327248422660942 8.487581491600579e-05 0.0001448328666047751
2010 0.2565975763967543 0.01226960418330444 0.00170265195081871 -0.007133077010036166 5.526593346446953e-05 -4.656369200053615e-05
2020 0.256198776935611 0.01315446053951908 0.002446424285125192 -0.00700216833619354 0.0001459621978086721 2.235550515299401e-05
2030 0.2563882537387125 0.01365231229691265 0.003230771265861116 -0.007037218190466693 0.0002578916292658639 2.753287333158901e-05
2040 0.2571069451575302 0.01242940846967154 0.002404784497823158 -0.007185312445749488 0.0002111752933505841 1.750940659134039e-05
2050 0.2570668035521441 0.01186036924481086 0.0006096422870145996 -0.007293776093468893 9.136896193885848e-05 0.0001239701962236862
2060 0.256567846439337 0.01213846063414022 0.001203101757281845 -0.007184367469383632 5.294418763771429e-05 2.574980286367967e-06
2070 0.256315588625884 0.01303253266848108 0.001951671406439967 -0.007050674994331597 0.0001246437840029953 6.703874069196543e-05
2080 0.2564471866113677 0.01361324976076477 0.003099015522885688 -0.007020942526830855 0.0002355380482357033 5.186892747648557e-05
2090 0.2570207569038661 0.01253261320757485 0.002945276898538708 -0.007091646995262493 0.0002199901679598187 -2.352686605772981e-05
2100 0.2569296779662117 0.01173736849613594 0.00119191773953758 -0.007199497249631075 9.930239249033755e-05 3.789299565605546e-05
2110 0.2563492015096867 0.01201300300761012 0.001171517584341545 -0.007153608480300714 6.081547453508793e-05 -2.447627889454995e-05
2120 0.2563316264506845 0.01293359032864669 0.001681999250343229 -0.007101840408322126 0.000126130399102288 5.741578444459957e-05
2130 0.2565882405140918 0.01370658641771233 0.002555348352473837 -0.00708775618784007 0.0002340052856445083 0.0001296190893945384
2140 0.2572259904795016 0.01277408984326278 0.00306513622633139 -0.007110133103921988 0.0002319565434021205 7.271277957748785e-06
2150 0.2570629550068934 0.01159725250364939 0.001785552562144625 -0.007134242959782621 9.420980870163004e-05 -3.077624602307849e-05
2160 0.2561143574899967 0.01173936287992246 0.001454188745167642 -0.007066087438945621 4.498126372197267e-05 -9.945211084306916e-05
2170 0.2559542880146466 0.01271659756314953 0.001720928739180338 -0.007057291608328875 0.0001066330985522323 -2.403829437142683e-05
2180 0.256355209770919 0.01382548298986971 0.001922917578790509 -0.007121041610048786 0.000217636961428807 0.0001796090259602149
2190 0.2573631017752824 0.01346238854767854 0.0025923031670337 -0.007229697423154162 0.0002609487253000995 0.0001188348145313385
2200 0.2576248231979149 0.01202392848832906 0.001861353595083067 -0.007217895286447606 0.0001197392904588954 2.977075144264228e-05
2210 0.2565465880079756 0.01181077268815036 0.001597266497010377 -0.007077556509807205 3.524408870922207e-05 -8.485672438126961e-05
2220 0.25590132280581 0.01246574123125717 0.002320635432691024 -0.007006804963237937 7.613052260565275e-05 -0.0001519065625575963
2230 0.2559865968574091 0.01374051257571105 0.002250914354756114 -0.00706403702599124 0.0002056991744026623 7.646755333643745e-05
2240 0.2569929208687984 0.0137582803132581 0.002505784445081212 -0.00724158613290597 0.00028268400204612 0.0001239568298152243
2250 0.2578061294977733 0.01237901850153367 0.001486416351475229 -0.007352084544913346 0.0001678114341511591 0.000131229694666879
2260 0.257143121556748 0.01199654555208337 0.001052817733411801 -0.007217045319466158 5.711397791642195e-05 5.199836498472692e-05
2270 0.2562609037444146 0.01224161066765218 0.002246785492335758 -0.007029328568361389 5.095976136521372e-05 -0.0001396340310371242
2280 0.2559015486452541 0.01341620084493373 0.002391104191008171 -0.0069852103293301 0.0001631680784819686 3.679251405196143e-05
2290 0.2565096565296346 0.0138099610650953 0.002891225978818249 -0.007127471723412963 0.0002800373484394134 5.927709587086052e-05
2300 0.257465543819878 0.01248755006826239 0.001717768517268948 -0.007306495973444425 0.0001958976156595343 0.000103464873334747
2310 0.2572896972772653 0.01213654295456696 0.0006096376552065658 -0.00731977203426949 8.150864815392285e-05 0.000135668207584732
2320 0.2565720040023301 0.01225153080031687 0.001820557600216639 -0.007111664909335276 5.52338071685436e-05 -6.403124999474135e-05
2330 0.2561461788229644 0.01317134565074473 0.002496198344152507 -0.006991922121567309 0.0001484528892336009 1.609346934869413e-05
2340 0.2563674725042114 0.01369688633202803 0.0032006341897267 -0.007046225812580546 0.0002626874141700737 2.743645569245875e-05
2350 0.2571508276942102 0.01245693159856861 0.002283625964613769 -0.007208811979826349 0.0002108259593624123 3.055865022673129e-05
2360 0.2571347931402008 0.01190697657090957 0.0005280285101802771 -0.007311653667402306 9.023637916002027e-05 0.0001395582839640262
2370 0.256611025837921 0.01216099774334767 0.001252807539059168 -0.007183127484369672 5.125170371281415e-05 2.405107614221685e-06
2380 0.2562926592559719 0.01304153312660271 0.00206801137374905 -0.007037180424297003 0.0001245717467094814 5.391631924214025e-05
2390 0.2564000354164081 0.01361522534957289 0.003164837795719896 -0.007013507229493003 0.0002357917342918703 3.834021557565735e-05
2400 0.2569986190745892 0.01254219209947298 0.00285249050828275 -0.007105217929475573 0.0002199627931426865 -1.767765923828415e-05
2410 0.2569724488485539 0.01178581169630985 0.001040058303166881 -0.007229247710911229 0.0001008760579436517 6.344021785323499e-05
2420 0.2564429257552722 0.01206814511566344 0.001128561572927311 -0.007175943749192742 6.101169904105245e-05 -7.842963122829291e-06
2430 0.2563718425689416 0.01295161204541376 0.001752472541123498 -0.007097374399399595 0.0001252659338230682 5.69030777506966e-05
2440 0.2565563949357152 0.01365825526994728 0.002724740467201555 -0.007064432479213342 0.0002333013210062336 0.0001060095986188457
2450 0.2571421598767824 0.01268998893335784 0.003120302580436634 -0.007090835186595062 0.0002295685633872903 -1.021921187325932e-05
2460 0.2569854049715025 0.01159092904156129 0.001687244116101664 -0.007139638917631703 9.695765233686261e-05 -2.379828295060307e-05
2470 0.2561418009438096 0.011775404050317 0.001331743233907005 -0.007087535514708126 5.142058775602668e-05 -7.861305892336424e-05
2480 0.2560566696744958 0.01274664227814825 0.001607184956522808 -0.007076073181130444 0.0001099223725083904 7.420975173454917e-06
2490 0.2564351234400052 0.01379827033692849 0.001985966165446867 -0.007119352529802766 0.00021867019201395 0.0001822064941696398
2500 0.2573492364802409 0.01332813209728985 0.00274103911126738 -0.007193869934483825 0.0002533322317537536 9.2538533359114e-05
2510 0.2574803382347932 0.01188681081640084 0.001939621575074732 -0.007176651684184585 0.0001103217622135182 2.295106346667187e-06
2520 0.2563915198024394 0.01177154340956975 0.001623720677718187 -0.007060762452310899 3.428944411115463e-05 -0.0001016517841498541
2530 0.2558603824515763 0.01252063290974281 0.00224385812583324 -0.007015386447655944 8.407752707080886e-05 -0.0001412857172102471
2540 0.2560580547626343 0.01377291780287925 0.002137454233880666 -0.007082916376120092 0.0002110991747998562 0.000101408980444267
2550 0.2571115993114798 0.01373302230264702 0.002423830611197129 -0.007256386966924203 0.000281423190008297 0.0001450826155965684
2560 0.2578345523813452 0.01233907397732148 0.001590917732927479 -0.007335186699271819 0.0001605932611375377 0.0001146664162760713
2570 0.257038488966163 0.01193179343514761 0.001217013640598292 -0.007179147277068218 5.038806637845958e-05 1.440636293905195e-05
2580 0.256154291701903 0.01224729171705025 0.002278457461386006 -0.007015235553702149 5.114715799423496e-05 -0.0001508550542369462
2590 0.2558763687714934 0.01347854380646042 0.002326960744427292 -0.006997574961055744 0.0001709532359786316 4.682849388604905e-05
2600 0.2565919595615386 0.01383263937184099 0.002803445294473145 -0.007153235480675701 0.0002829348575974478 7.257831388330868e-05
2610 0.2575534811944274 0.01250742662658119 0.001658616275448668 -0.007320750804782459 0.0001923635052249641 0.000112344002567972
2620 0.257300542839445 0.01214125769344604 0.0006897602401102321 -0.00730210327223321 7.794817884721023e-05 0.0001239787094526184
2630 0.2565235363337175 0.01223354186380913 0.001941818258167336 -0.007089106266226515 5.509019317359703e-05 -8.290552452333489e-05
2640 0.2560899517107513 0.01320543009644149 0.002521198084873011 -0.006986266735488856 0.0001509827357862559 1.174441733956119e-05
2650 0.2563647209241326 0.01374283253295187 0.003147294439756171 -0.007061681027062023 0.0002670660332148221 2.957203850680111e-05
2660 0.2572136971192509 0.01247460229137985 0.002145792299499833 -0.007235850711305851 0.0002092921279786525 4.773530205108297e-05
2670 0.2572042050102522 0.01195144306740676 0.0004839326762674729 -0.007326744607456585 8.904271867001436e-05 0.0001509521581969262
2680 0.2566330013461458 0.01217620016231767 0.00134342935524297 -0.007174645752996494 4.963605607354881e-05 -5.61621740971894e-06
2690 0.2562567472532818 0.01305494192434982 0.002184535414012102 -0.007022655257896462 0.0001254798624678722 3.883902965470348e-05
2700 0.2563618130982054 0.01363066552880588 0.003190263158730205 -0.007011587851615896 0.0002380708885269839 3.084951204174267e-05
2710 0.2570028704363405 0.01256214244431572 0.002734082588195264 -0.007125399656122045 0.0002213133868622266 -5.133474331862613e-06
2720 0.2570234983833211 0.01184158347448349 0.0009049301456748137 -0.007257207308578839 0.0001019773464365724 8.805802590785511e-05
2730 0.2565179914787489 0.0121163218118976 0.00112269437715042 -0.007189628421490631 5.980362041108288e-05 1.787557064563328e-06
2740 0.2563878993542976 0.01296054595335159 0.00183445595093405 -0.007088210805365112 0.0001245667355692752 5.360569766325837e-05
2750 0.2565178868885951 0.01362261368977849 0.002861035608588345 -0.007047228532489864 0.0002337578727591235 8.73457861990403e-05
2760 0.2570726028670795 0.012635233863254 0.00312841112808616 -0.007084489202336307 0.0002283833301308749 -2.055857993471633e-05
2770 0.2569494394027971 0.0116057794104728 0.001547971208210879 -0.007156945372138782 9.958028027083907e-05 -8.71242767993435e-06
2780 0.2562130983393299 0.01181493634635641 0.00120565621415771 -0.007113694443162185 5.533884312547403e-05 -5.289587478172582e-05
2790 0.2561624130655212 0.0127723934764563 0.001549271056483305 -0.007089763589977242 0.000111398153047598 3.304288868537014e-05
2800 0.2564841054255613 0.01376375384647934 0.002137632155245458 -0.00710640606292936 0.0002193917172069498 0.0001695041235624637
2810 0.2572919114170149 0.01317445440153304 0.00290155550816913 -0.007151846462360089 0.0002470997538115009 6.091517805740975e-05
2820 0.2573259162723436 0.0117759243506924 0.001973336148322612 -0.007146145874783164 0.0001054273906590752 -1.81217625145297e-05
2830 0.25626333138539 0.01175636012829503 0.001578285654221366 -0.007055298089908187 3.812203303160476e-05 -0.0001033843127619208
2840 0.2558672164010815 0.01257823425066338 0.002099306314970992 -0.007030377837346603 9.463000351776866e-05 -0.0001139133812827121
2850 0.2561645070955605 0.01378542630335512 0.002012121844071143 -0.007102639440061568 0.0002152391526306575 0.0001343806663061676
2860 0.2572224018581687 0.01367953237435642 0.002442967242274942 -0.007260787696357541 0.000277309381660891 0.0001483926024144227
2870 0.2578095430902522 0.01224566562994035 0.001734471897950005 -0.007300339016257007 0.0001497401998496525 8.450075206108377e-05
2880 0.2568883234340305 0.01184764599427978 0.001360147007790637 -0.007137788166848415 4.375781001180762e-05 -2.316296566597431e-05
2890 0.2560392728419676 0.01226445128883119 0.002274572068231278 -0.007004247756490656 5.299202379303514e-05 -0.000154786025477903
2900 0.2558674609771944 0.01354912880175124 0.00225937656823231 -0.007013735915808955 0.0001772957340499262 5.645273920855215e-05
2910 0.2566958675341192 0.01385575034050716 0.002703122497353925 -0.007181682113616165 0.000283232715470542 8.882970783737435e-05
2920 0.2576460755255481 0.01252520776602823 0.001614610075049568 -0.007332924124651892 0.0001898257672902955 0.0001226923512807309
2930 0.2572937540676635 0.01213550567543082 0.0007953914407888609 -0.007279282168054364 7.512616695385383e-05 0.0001098627133834368
2940 0.2564564720387457 0.01222644010662116 0.002077677954910589 -0.007067900470218778 5.410997121837332e-05 -0.000107890347474066
2950 0.2560324309284074 0.01325323154204809 0.002504098600575877 -0.006985704159397415 0.000153973419266111 1.081212579243364e-05
2960 0.2563836805078674 0.0137927908238299 0.003058436060043477 -0.007084296425993462 0.0002728444248131514 3.987314550863823e-05
2970 0.2572997157483684 0.01249762685215831 0.00201073310570602 -0.007265512489913097 0.0002086401873024248 6.964838866718396e-05
2980 0.2572726687394203 0.01199852069923229 0.0004922860363197718 -0.007336060509857894 8.725106162947534e-05 0.0001543101133894541
2990 0.256635231812621 0.01217206502823399 0.001458420608987844 -0.007158354169071266 4.760948186648152e-05 -1.998313184358153e-05
3000 0.2562093231972605 0.01305737154937092 0.002281604081710447 -0.007007574784912652 0.0001263606955176371 2.584339493356599e-05
