"report"
"Iteration" "cd-scale etc.."
("Iteration" "cd-scale" "cl-scale" "cx-scale" "cmx-scale" "cmy-scale" "cmz-scale")
10 0.2442618828379257 -0.01986233137215771 -0.02391624997160946 0.0009018760631504732 -0.006010988881775797 0.01324006252121495
20 0.2471698451132557 0.002530852123168116 0.01771971064933288 -0.001638604209527818 -0.007279600938584388 0.0225443345830264
30 0.2439195060932862 0.006357166634777243 0.01376459738781857 -0.001455867157311001 -0.007221300274757513 0.02328589505452557
40 0.2412680155520717 0.008340243583447223 0.02347414094345037 0.0001266057788380104 -0.006830490227163942 0.02234174703749983
50 0.2392691205989994 0.008114337604984328 0.02561590974119266 0.001071026956236196 -0.006874175166718464 0.02195448177661992
60 0.2388226199750402 0.007050736295821272 0.02325129813137364 0.001007376182426276 -0.007411364155803311 0.02293914387795118
70 0.2390470508231075 0.003570255129041471 0.01982135852249617 0.0006896746771172758 -0.007510033687698855 0.02295809358746833
80 0.2387631682308809 0.001399901018640026 0.01967065210681349 0.0003892837876084758 -0.00770790301010428 0.02277598977779671
90 0.2385399181240253 0.001194874101694977 0.01970219647660951 0.0001609042690455665 -0.007877619574770303 0.02269296497981118
100 0.2385993097690535 0.0009092474706440284 0.0198724646185507 5.342156363591139e-05 -0.007948312075594686 0.02269393020561209
110 0.2386788885359947 0.0005460279123610621 0.02003927865548335 -4.969597416929554e-08 -0.007978061008853458 0.02276236024513223
120 0.2388050786677202 0.0002989077769206946 0.02024095181493838 -1.284510999813318e-05 -0.007972449625261918 0.02283294581715176
130 0.2389436469043889 0.0001284223157496615 0.02047512035015086 -3.355348411282821e-05 -0.007966903368578337 0.02286097918262952
140 0.2390679776005834 1.88032945257623e-05 0.02064668347841275 -6.588433672526282e-05 -0.007962872998501866 0.02285412924738509
150 0.2391925650527139 -6.414472841447787e-05 0.02077071853008529 -0.0001002633506428155 -0.007962631137103004 0.02282685797352262
160 0.2393113153927933 -0.0001440345458703513 0.02085598745752883 -0.0001354710274518159 -0.0079647297302391 0.02280116065043576
170 0.2394091149543891 -0.0002285410050686051 0.02090527509983022 -0.0001665494988035712 -0.007966229563659149 0.02278201248567454
180 0.2394779202150064 -0.0002966465812739017 0.02093641811410343 -0.000188599441677242 -0.007967718314628411 0.02276988332528017
190 0.23952039484597 -0.0003401342400123758 0.02095337509095641 -0.0002006245839873729 -0.007968937533891385 0.02276423926148166
200 0.2395418072948293 -0.0003624315370343347 0.02095314980810024 -0.0002072663148549098 -0.007969754682743078 0.02276263859620743
210 0.2395482800406179 -0.0003714670566322406 0.02093899659763877 -0.0002097706062744214 -0.007970295104225485 0.02276378202825825
220 0.2395478813228789 -0.0003667042564661345 0.02092673640992294 -0.0002101821243797113 -0.007970654696403056 0.02276615967804714
230 0.2395459829357024 -0.0003594228781903304 0.02091650062177226 -0.0002094876259617159 -0.007970839420917348 0.02276807047999496
240 0.2395419742894623 -0.0003503162012549459 0.02091149955031162 -0.0002091093481222615 -0.007971202340223783 0.02277027904475531
250 0.2395387466314242 -0.000346470233132279 0.02090786648531691 -0.0002093282618873604 -0.007971203558821872 0.02276989330929493
260 0.239537582397078 -0.0003434817601931089 0.0209042659681696 -0.0002092983033541187 -0.007971221897640907 0.02276968761970715
270 0.239537176646118 -0.0003406712637618246 0.02090358162546362 -0.0002082896967377171 -0.007971470477111357 0.02277085174828277
280 0.2395353946182259 -0.0003398078310036708 0.02090389745134745 -0.0002089811441453144 -0.007971432143166007 0.02277058218241365
290 0.23953518338294 -0.0003401587297875129 0.02090206357150775 -0.0002091178798371898 -0.007971398788612952 0.02277042987395926
300 0.2395354097586075 -0.0003390806494660719 0.02090323155999419 -0.0002084257302770773 -0.007971480002791055 0.02277123900903272
310 0.2395356974054167 -0.0003397826221946567 0.02090379608877899 -0.0002084031447128628 -0.007971460241712835 0.02277088685083069
320 0.2395351306644976 -0.0003396210591661115 0.02090188525757495 -0.0002088926942284794 -0.007971294700110761 0.02277050101526396
330 0.2395349690961546 -0.0003403691074892358 0.02090235794918657 -0.0002086541615764842 -0.007971338066399507 0.02277063951800304
340 0.2395354169923315 -0.0003399545124329757 0.02090304925573641 -0.0002084842488562105 -0.007971329810239024 0.02277045467146815
350 0.2395352417127805 -0.0003383261155223045 0.02090459295314123 -0.0002083790467361106 -0.007971538346839167 0.02277152477050111
360 0.2395338336494495 -0.0003395348795403829 0.02090374502518182 -0.0002089784062100255 -0.007971383531271761 0.02277086484073938
370 0.2395350682343168 -0.0003404330805242474 0.02090217485204628 -0.0002089183690237015 -0.007971262736288048 0.02277017722501654
380 0.2395356190369446 -0.0003381347738502366 0.02090358334143245 -0.0002085387550218404 -0.007971323235026664 0.02277108309862845
390 0.2395341442929091 -0.0003399782049944055 0.02090344792197931 -0.000209009447712845 -0.00797133522950581 0.02277070569481288
400 0.2395340037508002 -0.0003394201813105416 0.02090251411143663 -0.000209367813251291 -0.007971289884299525 0.02277053453119248
410 0.2395351154019781 -0.0003388655778154256 0.02090391200208962 -0.0002087466617188208 -0.007971337656271303 0.02277107886926899
420 0.2395345896476357 -0.000338892423401166 0.02090411374042004 -0.0002088558000420479 -0.007971364021545413 0.02277091764574309
430 0.2395342391409221 -0.000339333455510725 0.02090183404311959 -0.000209104321436387 -0.007971292880081996 0.02277062622900357
440 0.2395339194536314 -0.0003388386884629045 0.02090278066770346 -0.0002092425253864276 -0.007971268069266534 0.02277059041425314
450 0.2395347902569891 -0.0003396237729195247 0.02090277996051799 -0.0002087214014811757 -0.007971335524616055 0.02277049601291861
460 0.239534481203527 -0.0003375059676066858 0.02090440242767368 -0.0002088417649709978 -0.007971540389774935 0.02277172457675019
470 0.239533894165512 -0.0003394826594800794 0.02090342320095153 -0.0002092722101900928 -0.007971340774232484 0.02277068119058159
480 0.239534475469303 -0.0003397874299375788 0.02090207172299026 -0.0002091168703017258 -0.007971238481175865 0.02277023232936378
490 0.2395355705360183 -0.0003388263894167497 0.02090306166608166 -0.0002085385826476634 -0.007971335898892635 0.02277113014727172
500 0.2395340109365034 -0.0003391606622528906 0.02090363862921314 -0.0002092742523671761 -0.007971270570642815 0.02277051049606007
510 0.2395340909580715 -0.0003396039146936647 0.02090242100085866 -0.0002092631751963572 -0.007971311446624619 0.02277055416721739
520 0.2395344949962674 -0.0003385681435770106 0.02090346473745125 -0.0002088593332254164 -0.007971373802978307 0.02277121114451443
530 0.2395346128514755 -0.0003386976007749346 0.02090398189082916 -0.0002087896044936057 -0.007971400629760431 0.0227707204188188
540 0.2395339702789379 -0.0003387827499487114 0.02090215568961135 -0.0002092180032223585 -0.007971322915426234 0.02277072305245674
550 0.2395342114102897 -0.000339876226405854 0.0209021874118196 -0.0002091519543157397 -0.007971298512208244 0.02277063407765791
560 0.2395350455027497 -0.0003387812234486643 0.0209034377449039 -0.0002088424247381971 -0.007971268905362825 0.02277033680288478
570 0.2395346793728475 -0.000338148233071984 0.02090470397412348 -0.0002087042613768907 -0.007971562690217355 0.02277181920409673
580 0.239533584608366 -0.00033956175958395 0.02090317013454555 -0.0002093771092701736 -0.007971335704543113 0.02277081192854144
590 0.2395349965105084 -0.0003397005696610943 0.0209025636584815 -0.0002090457157556452 -0.007971194936734075 0.02277003629840738
600 0.2395353588393885 -0.0003385122332142336 0.02090325670977656 -0.0002086791616808871 -0.007971314674896637 0.02277118396711984
610 0.239533759531432 -0.0003396573290142547 0.02090272639812027 -0.0002091071007704019 -0.007971342780848852 0.02277061164723453
620 0.2395336891696445 -0.0003383633697884137 0.02090309238788615 -0.0002094140877929946 -0.007971324663511177 0.02277047991455585
630 0.2395346193963471 -0.0003392129995919392 0.02090337203726035 -0.0002087823696894984 -0.007971442874570255 0.02277129661053249
640 0.2395344803244299 -0.0003385662078431337 0.02090367436805759 -0.0002088189863043803 -0.007971411868337599 0.02277087334216262
650 0.2395345375466108 -0.000338935085381436 0.02090286950080398 -0.0002092139337178956 -0.007971289367524519 0.0227705028579035
660 0.2395339853761696 -0.0003398899272891593 0.02090212626477602 -0.0002092756609791354 -0.007971271326893506 0.02277066516819422
670 0.2395352483944875 -0.000339433657075269 0.02090301867400468 -0.0002086218620030049 -0.007971283427239457 0.02277044574847492
680 0.239534795119002 -0.0003375347509641786 0.02090544653049081 -0.0002089352202068901 -0.007971468173092137 0.02277152014676501
690 0.2395337697637323 -0.0003400786680960752 0.02090253001100714 -0.0002092924571817846 -0.007971343034096218 0.02277079676262197
700 0.2395343276479233 -0.0003390337374984193 0.02090240702105604 -0.0002090422020169493 -0.007971244942387079 0.02277026244824031
710 0.239535427831843 -0.0003385475700036787 0.02090351398349385 -0.0002086688623223338 -0.00797133882024619 0.02277092626773504
720 0.2395335363206777 -0.0003392051735796005 0.02090242860368181 -0.0002091848578722111 -0.007971361626237402 0.02277075244217868
730 0.2395338771328575 -0.0003391080331680767 0.02090293532186607 -0.0002092656486264165 -0.00797136242343976 0.02277056790068129
740 0.2395348949723594 -0.0003387312339524827 0.02090411103132566 -0.0002090269443087631 -0.007971368339421282 0.02277102777249487
750 0.2395347834104088 -0.0003391159666229932 0.02090335066157996 -0.0002086416539061291 -0.007971404741383803 0.02277096228956374
760 0.2395342064730933 -0.0003389881614949157 0.02090302030390251 -0.0002092461383527176 -0.007971277962508509 0.02277060072099645
770 0.2395344990552248 -0.000340129396644086 0.02090236843741492 -0.0002092934122110595 -0.007971230298328648 0.02277038183961629
780 0.2395350158343578 -0.0003386899767224994 0.02090303678628643 -0.0002086927089419213 -0.00797126809756943 0.0227706622153298
790 0.2395344601123547 -0.0003382135840482304 0.02090501526216497 -0.0002087700665354903 -0.007971537798166398 0.02277154239615672
800 0.2395335127784719 -0.0003390406678364812 0.02090268962714014 -0.0002094560177947735 -0.007971346821475276 0.02277066977690708
810 0.2395344128167583 -0.0003393475240878638 0.02090216053790227 -0.0002089261490963226 -0.007971289040860261 0.02277040823331174
820 0.239535226134159 -0.0003387296190869856 0.02090353444850882 -0.0002087538874113136 -0.00797134313359177 0.02277092987706068
830 0.2395343035159862 -0.0003393466620842221 0.02090257522218122 -0.0002091265407189447 -0.007971317889401076 0.02277059365062051
840 0.239533610745455 -0.0003388674511399635 0.02090318373925006 -0.0002093219754075593 -0.007971331594241951 0.02277068806349262
850 0.2395349877718051 -0.0003398169035684757 0.0209034869449362 -0.0002089078236837084 -0.007971365209923741 0.02277088568152506
860 0.2395349748261296 -0.000338161074720273 0.02090375019411132 -0.0002087561091851401 -0.007971341397350231 0.02277096615166907
870 0.2395343282821649 -0.000339401691267769 0.02090302279896886 -0.0002091434821482406 -0.007971273770004953 0.02277058237131741
880 0.2395338747757582 -0.0003397339863002381 0.02090199134137206 -0.0002093575159163705 -0.007971282622689443 0.02277045686413063
890 0.2395350560968223 -0.000338517419833683 0.02090291153828079 -0.0002086157138601807 -0.007971311518037285 0.02277066634950311
900 0.2395341688638665 -0.0003377711948361985 0.02090546468091687 -0.000208857332857604 -0.007971549063106827 0.02277160269554837
910 0.2395338410034349 -0.0003398278728629738 0.02090230837186804 -0.0002093118198352053 -0.007971391979708859 0.02277076217262058
920 0.2395345373033629 -0.0003387732940119859 0.02090266518078867 -0.0002091055518209129 -0.007971231265114176 0.02277039250983069
930 0.239535366968828 -0.0003395056657787415 0.02090356374098612 -0.0002086442367805768 -0.007971333647577633 0.02277078313508935
940 0.239534198537159 -0.0003391260064062885 0.02090238302637033 -0.0002091541502014774 -0.007971313663907858 0.02277078628924437
950 0.2395340218105168 -0.0003391763086835655 0.02090342700589645 -0.0002092623011951231 -0.007971292717493363 0.02277056467814546
960 0.2395347291699164 -0.0003392447251506213 0.02090380272123079 -0.0002090355497453765 -0.007971344732035297 0.02277080625378715
970 0.2395347961924692 -0.0003384882978305765 0.02090301375634109 -0.0002086014250228023 -0.007971422018937949 0.02277120098687143
980 0.2395338565742183 -0.0003386637703203616 0.02090324696507438 -0.0002092787451196639 -0.007971274435983194 0.02277048074746494
990 0.2395341207288988 -0.0003400421006406734 0.02090191615770228 -0.0002092437763444334 -0.007971312770768089 0.02277036057040162
1000 0.2395349266330739 -0.0003384262988259039 0.02090265087849917 -0.000208718662179711 -0.007971323264096958 0.02277093561339362
1010 0.2395346253784078 -0.0003384073072962858 0.02090551870030197 -0.0002088410832003284 -0.007971496310647089 0.02277124716806734
1020 0.2395338590223925 -0.0003393438355515238 0.02090258070853196 -0.0002093507028886962 -0.007971347627358315 0.02277073113011691
1030 0.2395346911774805 -0.0003396794546674217 0.02090212756374722 -0.0002089587733243589 -0.007971251470201172 0.02277058161806724
1040 0.2395352971510408 -0.0003388700306990793 0.02090419293474064 -0.0002088040477931104 -0.00797127644729754 0.02277054507849069
1050 0.2395345029327181 -0.0003392147878811273 0.02090246930972164 -0.0002090626851554988 -0.007971321637862846 0.02277081629173511
1060 0.2395332933498178 -0.0003389657464025152 0.02090285091496063 -0.0002093417435261864 -0.007971331195415132 0.02277079485787203
1070 0.2395346781374314 -0.0003391103035373787 0.02090406656652563 -0.0002089192792577552 -0.007971408301343146 0.02277065128061949
1080 0.2395346206691501 -0.0003378901080437611 0.02090325228786548 -0.0002087616638079414 -0.007971432164102236 0.02277132585217474
1090 0.2395340236140703 -0.0003397723338640142 0.02090255539985702 -0.0002091591989938406 -0.00797130345932736 0.02277056818260112
1100 0.2395343578552366 -0.0003393108048402237 0.02090270829065576 -0.0002093445084302517 -0.007971251065290763 0.02277016082975455
1110 0.2395352080313941 -0.0003390448183997028 0.02090264807636631 -0.00020863730790815 -0.007971317745205634 0.02277099260931638
1120 0.2395342355447094 -0.0003384927229960201 0.02090516899727089 -0.0002089042280232246 -0.007971495176365917 0.0227713564582277
1130 0.2395343876114328 -0.0003393237892895367 0.02090315469289032 -0.0002092580536369658 -0.00797131864931009 0.02277052766856087
1140 0.2395345337638288 -0.0003392323149413739 0.02090222077102077 -0.0002091174870371429 -0.007971216876940728 0.02277067970274699
1150 0.2395349445312152 -0.0003394002846610181 0.02090333679829975 -0.0002086180396539928 -0.007971351694154501 0.02277062363899022
1160 0.2395341614886084 -0.0003381108623828955 0.02090304583625704 -0.0002092026660638539 -0.007971333375688634 0.02277073727981359
1170 0.2395335255948708 -0.000339588116105081 0.02090241710344662 -0.0002092763020199492 -0.007971348026295129 0.0227708072634917
1180 0.2395345481119186 -0.0003390546989620833 0.02090364416140323 -0.0002089359630289414 -0.007971388530833798 0.02277067446091504
1190 0.2395352562249416 -0.0003381253972621393 0.02090382381041104 -0.0002087373462518809 -0.007971401882837624 0.02277115007836065
1200 0.2395338116219355 -0.0003396433541449479 0.02090250061870001 -0.0002092713202251441 -0.00797126839045245 0.02277061540831489
1210 0.2395345107926611 -0.0003399687987356572 0.02090240510541726 -0.0002091123350889452 -0.00797127887045967 0.02277024280863751
1220 0.2395353323851175 -0.0003384310777916922 0.02090338246224413 -0.0002088274926844933 -0.007971252098791 0.02277085499470917
1230 0.239534380040268 -0.0003387656476050061 0.02090497123306777 -0.0002087948593634214 -0.007971515728978836 0.02277144341144335
1240 0.2395336650022239 -0.0003387383973290773 0.02090315387402642 -0.0002092840796948003 -0.007971377241256768 0.0227707563831014
1250 0.2395345969371063 -0.0003394467036483027 0.02090210924493048 -0.0002091046138309665 -0.007971239782217978 0.0227705009356302
1260 0.2395347349576039 -0.0003388109564913432 0.02090320866153925 -0.0002086926010614163 -0.00797135268088975 0.02277070340371618
1270 0.239534372158774 -0.000338890949694448 0.02090292216034588 -0.0002090713203311305 -0.007971376654431485 0.02277081549108188
1280 0.2395337219254883 -0.0003392101227175742 0.02090284917382981 -0.0002094863182055983 -0.007971287210849413 0.02277064609295078
1290 0.2395348031233688 -0.0003394789265892381 0.0209035382846372 -0.0002087315818375147 -0.007971385002768377 0.02277070983763318
1300 0.2395349947839989 -0.0003381096919134348 0.02090400892959461 -0.000208802496335842 -0.007971397988360742 0.02277125051279586
1310 0.2395342613269013 -0.0003399673328270428 0.02090247959195424 -0.00020926466954731 -0.007971236974383617 0.0227704178924102
1320 0.2395342827544357 -0.0003391570184581964 0.02090269928666815 -0.0002091790344037624 -0.007971256290686159 0.02277036132453897
1330 0.2395350880671558 -0.0003391232964853831 0.02090285302904533 -0.000208704374858765 -0.00797131425306421 0.0227708900152497
1340 0.23953403272608 -0.0003379541867805471 0.02090466704465378 -0.0002089549079367697 -0.007971501893324132 0.02277129136318078
1350 0.2395338236336371 -0.000338977280206463 0.02090307711395271 -0.0002091617457467267 -0.007971403079787137 0.02277075832825554
1360 0.2395344753023694 -0.0003395991523376157 0.02090202628159952 -0.000209213941099649 -0.007971245416146765 0.02277055625825989
1370 0.2395353841559874 -0.0003390240691085779 0.02090326727579312 -0.0002085876338881547 -0.007971321733316475 0.02277059407098073
1380 0.2395341201092513 -0.000338556218565197 0.02090349025428329 -0.0002091496001437497 -0.007971347701001906 0.02277085378228364
1390 0.2395338296195857 -0.0003402101998577786 0.020902305165721 -0.0002094001492209803 -0.007971315322304847 0.02277066014096926
1400 0.2395348587834384 -0.000338504101063353 0.02090421707059636 -0.0002088254510822522 -0.00797135325048088 0.02277079484291218
1410 0.2395351140745297 -0.0003385937749749833 0.02090417774819605 -0.0002087320916588133 -0.007971391781842242 0.0227711600632056
1420 0.2395336529363591 -0.000339626739786631 0.02090185659589195 -0.0002093466976633015 -0.007971280450228697 0.0227705601697583
1430 0.2395342582177037 -0.0003389943014547845 0.02090267542891691 -0.0002090821221969504 -0.007971292874533823 0.0227703321147827
1440 0.2395348547278049 -0.0003387927734889588 0.02090317560081207 -0.0002088459393582572 -0.007971306664105449 0.02277082982485781
1450 0.2395343944888114 -0.000338737743399352 0.02090395873222703 -0.0002087987792331512 -0.007971540814320286 0.02277142183988867
1460 0.239533896314929 -0.0003383319135171331 0.02090382625193614 -0.0002093116338602767 -0.007971353790700858 0.02277069823784275
1470 0.2395346749571683 -0.0003403445933566927 0.02090210071070216 -0.0002091286834880181 -0.00797124195151125 0.02277040952152476
1480 0.23953523386166 -0.0003388014747753484 0.02090291456867628 -0.0002086036352313305 -0.007971318628333087 0.02277084369734693
1490 0.2395345066776853 -0.0003388596081720447 0.02090393686228454 -0.0002090837870795155 -0.007971306398861882 0.02277065577466006
1500 0.2395336793731505 -0.0003396701297909122 0.0209024801529728 -0.0002095460544645156 -0.007971286032527251 0.02277059795815361
1510 0.239534666921082 -0.0003389404912983741 0.020903134119453 -0.0002086639878474978 -0.00797139771165538 0.02277096306642908
1520 0.2395346906019991 -0.0003378136533270628 0.02090459773670643 -0.0002088594086457185 -0.007971385063756777 0.02277098874762694
1530 0.2395339603180423 -0.0003399305710005632 0.02090161275443892 -0.0002092480734111762 -0.007971310826700153 0.02277052116399021
1540 0.2395340496011738 -0.0003388683476085155 0.02090244514814796 -0.0002091529653217809 -0.007971312147973805 0.02277061014813264
1550 0.2395353414432985 -0.0003392859281659216 0.02090365791289571 -0.0002088058372381168 -0.007971278353769227 0.02277050644947188
1560 0.2395343953075274 -0.0003381557318698117 0.02090437129575113 -0.0002088265276999475 -0.007971526350726328 0.02277159398118095
1570 0.2395339237108795 -0.0003392646210517204 0.02090346760837661 -0.0002091545865953667 -0.007971383293092556 0.02277090253782062
1580 0.2395346634506763 -0.0003397613772072746 0.02090276037570005 -0.0002093190352752227 -0.007971179259587284 0.02277012544581665
1590 0.2395355519257767 -0.0003389390939336989 0.02090270256596735 -0.0002085137006511291 -0.007971319917021411 0.02277095095477369
1600 0.2395337552122301 -0.0003386506916066515 0.0209034865190816 -0.0002091277551864045 -0.007971339904530838 0.0227708290711578
1610 0.2395337370964265 -0.0003396263476191048 0.02090255776257057 -0.0002094646735297669 -0.007971320409482847 0.02277033035395404
1620 0.2395344966856021 -0.0003382995144173863 0.02090318238255162 -0.0002088000987726922 -0.007971407541315294 0.02277116418701787
1630 0.2395348150606444 -0.0003388728952677521 0.02090413726696154 -0.000208715272815429 -0.007971422458544817 0.02277101787633346
1640 0.2395342634857606 -0.0003391890667402987 0.02090236401662465 -0.0002093699589259669 -0.007971256660556035 0.02277033972514757
1650 0.2395342739944774 -0.0003394890127007314 0.02090228870797323 -0.0002090501789429623 -0.007971308729794997 0.02277072007244273
1660 0.2395349381576371 -0.000339362279487721 0.02090351072765401 -0.0002088642334627138 -0.007971275589195923 0.02277053902753759
1670 0.2395349898598365 -0.0003382813212171808 0.02090455551763296 -0.0002087884721103718 -0.007971474032654132 0.0227713365475025
1680 0.2395337498002177 -0.0003388326804629894 0.02090334378985219 -0.0002092822945524407 -0.007971332658714891 0.02277097633365044
1690 0.2395343393205959 -0.0003402650140826231 0.02090213004974369 -0.0002091312266086328 -0.007971251742317005 0.0227701330666622
1700 0.2395352561960406 -0.000337849188125265 0.02090311777335091 -0.0002086706365065042 -0.007971331441025771 0.02277093090298066
1710 0.2395338783299173 -0.0003392454881626493 0.02090312960333905 -0.000209045904885676 -0.007971363826529068 0.02277084680982444
1720 0.2395336070202299 -0.0003394517804017927 0.02090254370535684 -0.0002094827547567991 -0.007971336106347695 0.02277040078742916
1730 0.2395351080932189 -0.0003385784163904341 0.02090355701238777 -0.0002087926291902354 -0.007971385780255016 0.0227710607270927
1740 0.2395345306416071 -0.0003387374118705081 0.0209042031368929 -0.0002088093817961059 -0.007971388376634688 0.02277103055285576
1750 0.2395344822539967 -0.0003398604444129516 0.02090211424226737 -0.0002091654799448107 -0.007971277878519423 0.0227703890978406
1760 0.2395343937154771 -0.0003389160952800534 0.02090278654021039 -0.0002092421439822481 -0.007971234679970974 0.02277064519660712
1770 0.2395350347044078 -0.000339749497691181 0.02090324998577609 -0.0002087691297332096 -0.00797127368293454 0.02277047799887076
1780 0.2395343816370978 -0.0003376897987755246 0.02090441758791356 -0.000208830234713206 -0.007971521790456848 0.02277152533859941
1790 0.2395337761815361 -0.0003390213263576365 0.02090313554446213 -0.0002092435468404319 -0.007971359841454979 0.02277085688498451
1800 0.239534096998002 -0.000339648978346174 0.0209022573303965 -0.0002091928557877953 -0.00797126013300733 0.02277015034289007
1810 0.2395355224347941 -0.0003386168684651532 0.02090290449707621 -0.0002085610111037399 -0.007971380704183994 0.02277104975355574
1820 0.2395340083780741 -0.0003388611161186298 0.02090346998690267 -0.0002092335362352051 -0.007971304270944746 0.02277072190980314
1830 0.2395338698470214 -0.0003398774695031136 0.02090262558993225 -0.0002092825374065329 -0.007971330115410782 0.02277036428323809
1840 0.2395349069277851 -0.0003385997512807034 0.0209035229883284 -0.0002088817608203403 -0.00797137423727739 0.02277121326529982
1850 0.2395349155777534 -0.000339076649786416 0.02090415841696182 -0.0002087798702965087 -0.007971349634008714 0.02277083014172879
1860 0.2395342954294175 -0.0003390558047023553 0.02090257691506564 -0.0002092459252220093 -0.007971251659031325 0.0227704424369682
1870 0.2395341791340691 -0.0003396181841281364 0.0209020472168677 -0.0002091289823515374 -0.007971297508221268 0.0227707547046843
1880 0.2395346181895316 -0.0003387893154313939 0.02090330248028484 -0.0002088710745692343 -0.007971283799479674 0.02277039298726706
1890 0.2395345531638416 -0.0003378093048567761 0.02090482095007548 -0.0002087060922951649 -0.007971580149817208 0.02277162333888506
1900 0.239533590600039 -0.0003391992890666578 0.02090292578335888 -0.0002093670243889624 -0.007971377752778903 0.02277103488530671
1910 0.239534679768661 -0.0003398571829800643 0.02090245092057839 -0.000209074348692108 -0.007971230224330658 0.02276998519775658
1920 0.2395353567894797 -0.0003383208282228832 0.02090345578594854 -0.0002086673955977198 -0.007971346703943345 0.02277107078255312
1930 0.2395341269131539 -0.0003399066042195638 0.02090266223112034 -0.0002091252023652665 -0.007971323771298399 0.02277079860030319
1940 0.2395339315918579 -0.0003389787785455466 0.02090326859219509 -0.0002093739440934263 -0.007971265514284313 0.02277028135844105
1950 0.2395351430910703 -0.0003390561737656657 0.02090362507210407 -0.0002088277897926503 -0.007971363048301009 0.02277114057291837
1960 0.2395342546810782 -0.0003387161267149437 0.02090339938748019 -0.0002088351328983735 -0.007971396468918864 0.02277102872717228
1970 0.2395342488022582 -0.0003388361141002276 0.02090281292130079 -0.0002091378236149607 -0.007971297499488186 0.02277034147374929
1980 0.2395340054567099 -0.0003392797219632915 0.02090226933690004 -0.0002092904297556912 -0.007971297621579949 0.02277073704936973
1990 0.2395349078712475 -0.0003395727896937222 0.02090252676585984 -0.0002086883285021786 -0.007971325076686157 0.02277055044847507
2000 0.2395346373943775 -0.00033726273909571 0.02090554187913446 -0.0002088909584261567 -0.007971512251385487 0.02277140047904644
2010 0.2395338941544777 -0.0003399829493956101 0.02090264659606627 -0.0002092959330998658 -0.007971358389622823 0.02277090003419686
2020 0.2395344737337697 -0.0003396307477359976 0.02090211385037382 -0.0002090596761110873 -0.007971220807940126 0.02277022943595044
2030 0.2395357843332522 -0.0003386100367104364 0.0209040641861305 -0.0002086183076398438 -0.007971301342061308 0.02277081136295717
2040 0.2395339630999726 -0.0003393742224035757 0.02090267002433032 -0.0002092921807566446 -0.007971296669644934 0.02277080488570812
2050 0.2395336033128661 -0.000339307624676565 0.02090257615102621 -0.0002091875268006878 -0.007971346061729305 0.02277052092129722
2060 0.2395347015160383 -0.0003382083045636302 0.02090439712600087 -0.0002089740558791981 -0.0079713950667449 0.02277103324354868
2070 0.2395345053931311 -0.000339074430835724 0.02090298293226101 -0.0002087478728971153 -0.007971435467899406 0.02277105704511488
2080 0.2395339886191162 -0.0003387046876867645 0.02090276800698132 -0.0002091997145745722 -0.007971317333091468 0.02277056661321861
2090 0.2395345647639411 -0.0003397872564857803 0.02090271376199912 -0.0002092830606724772 -0.007971261931184062 0.02277041274126466
2100 0.2395348701358415 -0.0003391257356063683 0.02090254846984626 -0.0002087364221086869 -0.007971285978517772 0.02277067892492444
2110 0.2395346993053077 -0.0003381924034160176 0.02090525441112773 -0.0002087219528609161 -0.007971527316349165 0.0227714878205169
2120 0.2395339612278821 -0.0003393882734714232 0.02090323114703806 -0.0002095031245254696 -0.007971293888203005 0.02277065039824124
2130 0.2395347257457184 -0.0003397535713148459 0.02090186700253562 -0.0002089458549547231 -0.007971224411417881 0.0227703672274125
2140 0.239535032620578 -0.0003383658766008851 0.02090386584062326 -0.0002086631596854139 -0.007971342083668389 0.02277091962737299
2150 0.2395340648476249 -0.0003393182816916777 0.02090259101862887 -0.0002092283329093338 -0.007971337011970584 0.02277060220736887
2160 0.2395333866241167 -0.0003386463162001016 0.02090262796361463 -0.0002092854277448815 -0.007971356805591608 0.02277072058723867
2170 0.2395348969871787 -0.0003393573864296188 0.02090385609329876 -0.0002088552073504657 -0.00797140155055817 0.02277090784364728
2180 0.2395348763628121 -0.0003383322060655768 0.02090347206257785 -0.0002088718516087491 -0.007971370069505908 0.02277094622862165
2190 0.2395341552981959 -0.0003393353936838681 0.02090266948025529 -0.0002090686670995904 -0.007971306475035239 0.02277064494988602
2200 0.2395342275808146 -0.0003398885796164266 0.02090264699702843 -0.0002093613432447115 -0.007971255545372976 0.02277040226124985
2210 0.2395354690093841 -0.0003391576744483049 0.02090271743218436 -0.0002086673413148354 -0.007971250950892284 0.0227705911914087
2220 0.2395344213370319 -0.0003376142583597768 0.0209056781969303 -0.0002088023237555156 -0.007971509565490333 0.02277164852182241
2230 0.2395336498367059 -0.0003399043347033911 0.02090276096444132 -0.0002093544689432376 -0.007971381784144648 0.02277068521613679
2240 0.2395343886689153 -0.0003386833331072951 0.02090204314640555 -0.0002090976986815111 -0.007971241357606918 0.02277042220281185
2250 0.2395351191817104 -0.0003389366719573759 0.02090369973714117 -0.0002085644711994084 -0.007971368906252689 0.02277087339617195
2260 0.2395340174680458 -0.0003391815144089263 0.02090248686198308 -0.0002092741282349503 -0.007971347736665179 0.02277068113843574
2270 0.2395339508014436 -0.0003389628501444567 0.02090281689692557 -0.0002092605687835167 -0.007971328383696494 0.0227706619998375
2280 0.2395346049686173 -0.0003392161363106902 0.02090412743993081 -0.0002089454269961696 -0.007971362967154779 0.0227708399470016
2290 0.2395351657958873 -0.0003390237829004473 0.02090309760985429 -0.0002086916243681335 -0.007971390035234184 0.02277103211340207
2300 0.239534205334768 -0.0003387534496410419 0.02090312552754827 -0.000209233368936762 -0.007971236402336714 0.02277059866148612
2310 0.2395343310435681 -0.0003402292671466815 0.02090262522527038 -0.0002092670687549057 -0.007971261707364665 0.02277027971015485
2320 0.2395349006995567 -0.0003385611651936969 0.02090242307973243 -0.0002087233381248778 -0.007971305527587073 0.02277084459284074
2330 0.2395343671889613 -0.0003379062756704092 0.02090527511961748 -0.0002087666592479139 -0.007971522424539274 0.02277143733291521
2340 0.2395334936284568 -0.0003392796523891568 0.02090287924645739 -0.0002094242203968709 -0.007971378761902034 0.02277061013128991
2350 0.2395346851118728 -0.0003394685010291579 0.02090161886756428 -0.0002089905625299093 -0.007971284065574317 0.02277060546961979
2360 0.2395351922411322 -0.0003385722085215634 0.0209041360008923 -0.000208733315601434 -0.007971301460462392 0.02277070658871348
2370 0.2395343431127666 -0.0003396112931084417 0.02090262390599341 -0.0002090987531061072 -0.007971336935162054 0.02277061443390032
2380 0.239533707070144 -0.0003389915634092381 0.02090261764211508 -0.0002093569098461563 -0.007971318218228916 0.022770886167356
2390 0.2395349039746056 -0.000339439347980246 0.02090451875730841 -0.0002088842192049686 -0.007971359703094946 0.02277068712888462
2400 0.2395349997436067 -0.0003382366957167952 0.02090357571914141 -0.0002088028725486065 -0.007971374429845869 0.02277109051599028
2410 0.2395339370479264 -0.0003394557898915031 0.0209022714197569 -0.0002091082566137116 -0.007971304543070625 0.02277076179745359
2420 0.2395338943211092 -0.0003392649949985708 0.0209028823907377 -0.0002093637168581801 -0.007971272066096682 0.02277013117063698
2430 0.239535138445944 -0.0003388173903367891 0.02090246310540585 -0.0002086566271547221 -0.007971340205051166 0.02277088378529491
2440 0.2395341770836821 -0.0003381012907216035 0.02090482584568664 -0.0002088659365792327 -0.007971523735916529 0.02277159713721133
2450 0.2395341015116147 -0.0003394723301089456 0.02090328312773559 -0.0002093042819385978 -0.007971344055731987 0.02277037562600367
2460 0.2395345687404386 -0.0003391747722255863 0.02090201288978476 -0.0002091171139726492 -0.00797124752643712 0.0227706788813382
2470 0.2395352340690425 -0.000339583586814365 0.02090338720472691 -0.0002085991655018772 -0.007971325114528064 0.02277078048208413
2480 0.239534436108011 -0.0003386842014016271 0.02090348918220384 -0.0002092011908871127 -0.007971280041288914 0.02277047448175188
2490 0.2395339922673016 -0.0003394390244708196 0.02090251195483584 -0.0002092987810773702 -0.007971312302177926 0.02277088896534828
2500 0.2395342058658082 -0.0003391391931968716 0.02090364097435198 -0.000208925292929884 -0.007971380075183471 0.02277076304881697
2510 0.2395350552662744 -0.0003379934592048454 0.02090389148226447 -0.0002087091995096081 -0.007971413149049566 0.02277095144991165
2520 0.2395337725081081 -0.0003391483392525457 0.02090220672801157 -0.0002092684503943964 -0.007971296785990982 0.0227708195119565
2530 0.2395341325926246 -0.0003400448291950164 0.02090224821380842 -0.0002091610096081619 -0.007971307333702864 0.02277022544936186
2540 0.2395353060880365 -0.000338185611510824 0.02090341858936924 -0.0002088396703155811 -0.007971285359011324 0.0227707294669269
2550 0.2395344105968985 -0.0003387902655087897 0.02090471397052032 -0.0002087608629396784 -0.007971531158908546 0.02277166059922056
2560 0.2395338025549248 -0.0003392326989786275 0.0209033057792699 -0.0002092887388116262 -0.007971349988599307 0.02277059190855171
2570 0.2395350657141719 -0.000339485251994435 0.02090253926774165 -0.0002091006315238979 -0.007971208263015821 0.02277044219991902
2580 0.2395350147173172 -0.000339042184838644 0.02090323921588607 -0.0002087424453079687 -0.007971303704446197 0.02277084961530301
2590 0.2395341245919548 -0.0003389810375506844 0.02090300719962086 -0.0002089955252608252 -0.007971361538023381 0.02277063592075237
2600 0.2395336568229344 -0.0003387100930848098 0.02090288622332271 -0.0002094824576214156 -0.007971310606604897 0.02277072197666327
2610 0.2395344290247287 -0.0003394867942859407 0.02090312531764506 -0.0002088042220732778 -0.007971408696232194 0.02277081066180291
2620 0.2395348221422502 -0.0003378618228835395 0.02090401447401249 -0.0002087727646703932 -0.007971427418663165 0.02277110501832139
2630 0.2395343831594913 -0.0003396852389378899 0.02090245053597782 -0.000209275709442722 -0.007971259704947444 0.022770553593035
2640 0.2395340213121774 -0.0003395841437374527 0.02090230669339991 -0.0002091781235699791 -0.007971272516831825 0.02277035471967183
2650 0.2395353991648774 -0.0003390740398676708 0.02090330918684127 -0.0002086796846572982 -0.007971308403189672 0.02277077313936021
2660 0.2395344755800845 -0.0003382969859821351 0.02090489659359094 -0.0002089988976715123 -0.007971457331915763 0.02277139788160256
2670 0.2395340287117181 -0.0003393352207688528 0.02090304180323508 -0.00020914111648501 -0.007971347789821734 0.02277065784437588
2680 0.2395343786278831 -0.0003392278360904515 0.02090241299142727 -0.0002091593328670674 -0.007971247300541561 0.02277052390460967
2690 0.2395351053794789 -0.0003390325898064544 0.02090293778251112 -0.0002086769833338868 -0.007971336261431379 0.02277070562076761
2700 0.2395338403027573 -0.0003383436127908066 0.02090320493085997 -0.000209093488340823 -0.007971365801012169 0.02277078092099768
2710 0.2395338610585244 -0.000339794992581417 0.02090254239054892 -0.0002093918924059857 -0.007971341381751464 0.02277069647641542
2720 0.2395346877524664 -0.0003387017722741943 0.02090371650231036 -0.0002089133760091899 -0.007971376547503514 0.02277084450004589
2730 0.2395349238085135 -0.0003384986574981906 0.02090418898451717 -0.0002086477628125693 -0.007971427956360574 0.02277111326365348
2740 0.2395340988517586 -0.0003397686209245466 0.02090232892618881 -0.0002093828984136197 -0.007971259829001622 0.02277058019512492
2750 0.2395345510936155 -0.0003395939756897938 0.02090244831174464 -0.0002090896115715442 -0.007971242138722662 0.02277029834654874
2760 0.2395351243995213 -0.000338600074780328 0.02090372709845481 -0.0002087967061739436 -0.007971274236074468 0.02277077379209955
2770 0.239534267691229 -0.0003388417639024574 0.0209040740562264 -0.000208866736956839 -0.007971529045303358 0.02277144753950566
2780 0.2395336337297878 -0.000338256595145875 0.02090323259797624 -0.0002092631645138362 -0.007971357867720521 0.02277070859580599
2790 0.2395345091141459 -0.0003398170213115197 0.02090242084462264 -0.0002090779342224983 -0.007971267384236081 0.02277040879249078
2800 0.2395350877428199 -0.0003389131442344573 0.02090261112675136 -0.0002087357283675008 -0.007971344076460624 0.02277085738737019
2810 0.2395343309573336 -0.0003386249868639247 0.02090352176773294 -0.0002090415500358936 -0.007971340973767387 0.02277069707660177
2820 0.2395336539038102 -0.0003396275186491283 0.02090295931706191 -0.0002094891534755095 -0.007971308948483738 0.02277058815989353
2830 0.2395350049727875 -0.0003394675273099441 0.02090290381477324 -0.0002087417437237773 -0.007971374149379271 0.02277092267103456
2840 0.2395349467633251 -0.0003378436418792964 0.02090480525602606 -0.0002087792429761047 -0.007971356500733289 0.02277102231223194
2850 0.2395342822872195 -0.0003401228884432341 0.0209023068924467 -0.0002093122616901572 -0.007971262539737182 0.0227704408128173
2860 0.239533958735431 -0.0003390367517172067 0.02090189653249823 -0.0002091363674406328 -0.007971289894159187 0.02277061587425061
2870 0.2395350458981572 -0.0003387804945701916 0.02090372435186101 -0.0002087186426739535 -0.007971297387620792 0.02277057646675769
2880 0.2395341536757372 -0.0003381436620176724 0.02090447050477244 -0.0002089444500797757 -0.007971547096585957 0.02277151083529853
2890 0.2395338229005425 -0.0003390772864821657 0.02090277389837753 -0.0002091510625959025 -0.007971409966792076 0.02277098378338583
2900 0.2395345580355754 -0.0003394275541101268 0.02090308515037088 -0.0002092445099152977 -0.007971207769381702 0.02277017112650037
2910 0.2395354799834662 -0.0003393482626039298 0.02090262408741066 -0.000208578661627465 -0.007971341540781629 0.0227708412216198
2920 0.2395340430071122 -0.000338649685753367 0.02090324892892072 -0.0002090951319146108 -0.007971336058441669 0.02277095054634119
2930 0.2395340014856136 -0.0003399155287495271 0.02090331376734822 -0.0002094428577981534 -0.007971278504808605 0.02277027385303432
2940 0.2395349292635568 -0.0003386795112381187 0.02090314338821317 -0.0002088632436904729 -0.007971348446309015 0.02277104079262007
2950 0.2395346193134804 -0.000338561606076513 0.02090392367646854 -0.0002086267858421405 -0.007971417660552994 0.0227711767216416
2960 0.2395338916942099 -0.0003391574894570899 0.02090268167083342 -0.0002094237846935565 -0.007971268124083617 0.02277023298763648
2970 0.2395342180651479 -0.000339310297785545 0.02090174232175866 -0.0002090753353940167 -0.007971323527740369 0.02277071704593041
2980 0.2395347921367762 -0.0003389579605487375 0.02090341075985543 -0.0002087915941760357 -0.007971303433685425 0.02277070595541093
2990 0.2395348055443867 -0.0003384114954794875 0.02090476136251033 -0.0002088691315727644 -0.007971503702621178 0.02277116663297578
3000 0.2395337314898297 -0.0003387640009251664 0.02090288438410865 -0.0002092614844481737 -0.007971372005748698 0.02277108498109729
