"report"
"Iteration" "cd-scale etc.."
("Iteration" "cd-scale" "cl-scale" "cs-scale" "cmx-scale" "cmy-scale" "cmz-scale")
10 0.1772334064525415 -0.0140018179635511 -0.01627504791175305 -0.002530563531995182 -0.004450523613255492 0.01605916121689872
20 0.2201582722468235 -0.01200051423800801 -0.002825934729876387 -0.003753911825380124 -0.005120108182960729 0.01215719773709418
30 0.2175910789073403 0.001586631818705181 0.008542564002002595 -0.003112872824402286 -0.005242887568138198 0.01156850828475364
40 0.2139053453501714 -0.008968827053147598 0.003080010986424107 -0.002773337939329978 -0.005034692606485728 0.0142568275556247
50 0.2131734856768837 -0.0004789335207860354 0.01195967584228193 -0.001961617823632579 -0.00557030730829371 0.01074924231364318
60 0.2118418275675518 0.0005745528402667357 0.01576094297838633 -0.001723027207175921 -0.006589317640760398 0.01051115214437804
70 0.2118058780044349 -0.0008686113482566747 0.01090347200157022 -0.002129695546715073 -0.006354563377811252 0.01122945274395864
80 0.2105127578295377 -0.001370138763234461 0.00991046282957396 -0.001936819740472626 -0.006260030503459532 0.0110062503019775
90 0.2100390844100508 -0.001351002753725408 0.009968347616499819 -0.001895898677377592 -0.006117360716946815 0.01065685951493269
100 0.2093944577964777 -0.0009482355381681554 0.008967274425044554 -0.00193631311841807 -0.005951645381101051 0.01102173856215455
110 0.2095405896429737 0.001637722583043449 0.008648237795122147 -0.002137889181099925 -0.005942703895815664 0.01131463447794703
120 0.2098571518415805 0.002825788465522539 0.00924939873399779 -0.002228829304058169 -0.006118648036738033 0.01140953347451542
130 0.2095375335182902 0.002561361568309596 0.01081260933590805 -0.00214815945163774 -0.006292742752382588 0.01124593684673134
140 0.209409769274126 0.002364461620493299 0.01188072935362245 -0.002217533741547928 -0.006299287832583486 0.01095074885024851
150 0.2091453262338777 0.002544769067435601 0.01326476472045252 -0.002287000481595581 -0.006280838400549518 0.01060289074665705
160 0.2089813098506242 0.002274271999045101 0.01481984169713491 -0.002335392957617098 -0.006389842558121347 0.01039878400421423
170 0.208501890303607 0.001260095020916729 0.01441511642176561 -0.002249618450597248 -0.006365875166979056 0.01066508716973185
180 0.2079463661729244 0.0006620877578259391 0.0140766838628938 -0.002216555681887917 -0.006239346435002214 0.01085191085330039
190 0.208018523198022 0.0009889650020073514 0.01280978340749995 -0.002207550221294079 -0.006239064928029088 0.0113266710461896
200 0.2077257839977442 0.00125073803624796 0.01149517297105922 -0.002062649889627764 -0.006165102615407714 0.01189660684336875
210 0.2077801735497829 0.002341095186949179 0.01159597639459871 -0.00213788573406444 -0.006194093929283601 0.01176603035716396
220 0.2085804537180197 0.003187149035328915 0.01002149889148887 -0.002460944230966796 -0.006268471770779044 0.01225467424020741
230 0.2092183660662857 0.003753174347720529 0.007080930010488261 -0.002745916426620464 -0.006141769049099737 0.01297323614179805
240 0.2097522653600435 0.00443139044420459 0.007015922438732663 -0.003009397726617525 -0.006169256848633628 0.01283787987841013
250 0.2104354158950314 0.003750256756873886 0.008101353744907379 -0.00328992547175114 -0.006224120767141981 0.01248845534069451
260 0.210655069892089 0.002771058878835585 0.009202604684309709 -0.003345203196553272 -0.006206353030495041 0.01200270358998482
270 0.2098020386612375 0.002709435909146023 0.0106689817501271 -0.003096334847867921 -0.006310261772251323 0.01134102640891387
280 0.2092955680666549 0.002296400160566454 0.01083053891377193 -0.002911224177917008 -0.00636133952535485 0.01112042661971092
290 0.209084587067225 0.001683832311989988 0.01112546037595286 -0.002944348979605364 -0.00627674003512517 0.01102369711907512
300 0.2086998848637301 0.001801344103303142 0.01182542205073542 -0.003010904678103331 -0.006340548067552817 0.01078223394628094
310 0.20811907193945 0.001767331931398593 0.01188457033777532 -0.002968910846493016 -0.006323410371008798 0.01069193036088034
320 0.2077297311728888 0.001650993052993224 0.01130387726944306 -0.003184080829517966 -0.006219987358655837 0.01068984524182864
330 0.2077171411749873 0.002224903557689488 0.01202075911255945 -0.00314420557618204 -0.006262876208974501 0.01052950834130109
340 0.2073841493661074 0.00217957551988078 0.01216024742109582 -0.002937255294006275 -0.006205167035565539 0.01045376258855893
350 0.207471581598973 0.001608892742387193 0.01169753985267533 -0.003118275498954629 -0.006111073689433686 0.01056787432882622
360 0.2076761217216957 0.002391557464915706 0.01183002310819737 -0.003027300929308455 -0.0061365005167464 0.01045730072566511
370 0.2076831739708464 0.001823305651531855 0.01042420496629587 -0.003124500219993759 -0.006067243349884273 0.01097258310337078
380 0.2076294848232483 0.002157394635854133 0.01048866585426571 -0.003236227057280848 -0.006092646397355993 0.0108348744087415
390 0.2078892833796825 0.002715087417354839 0.0105792731709909 -0.003277902158056138 -0.00619656038249015 0.01084535417453074
400 0.2078666070502905 0.00271417355040471 0.00783642918374124 -0.003303557509803275 -0.006083909822819075 0.01180139083078807
410 0.2073354588538768 0.002953057486205877 0.00817177065055831 -0.003110211620665371 -0.006028534529000672 0.01162921111106843
420 0.2075631412480481 0.002937604277993888 0.009588271585121641 -0.003044905042938763 -0.006044866717491185 0.0112667916865372
430 0.2083453770421733 0.00289464387981378 0.008578989742177927 -0.003259658218658131 -0.005929606894916715 0.01151601236057275
440 0.20894629391653 0.003009386177705772 0.006535366066667941 -0.003466851816666056 -0.005860647812485196 0.01202351672549857
450 0.2090316925617956 0.002808340204376458 0.006330498833762165 -0.003429091318275768 -0.005917672034468632 0.01213400313029289
460 0.2094181812936246 0.003242892350040731 0.00701479832651668 -0.003700501444557815 -0.0059066903388949 0.01194027605836319
470 0.2091499201501503 0.003458207355194591 0.007308269810152017 -0.003636449564096609 -0.005872268725347123 0.01185822167810054
480 0.2085577799896471 0.002643480417675682 0.009967159001681882 -0.003320132467280051 -0.005950926270831105 0.01100075183885607
490 0.2079539076911017 0.002390226303551521 0.01254017389468818 -0.003206406705347038 -0.005939286087285485 0.01008522081608437
500 0.2083494518993041 0.001942440910634784 0.01316284278539738 -0.003369384131151946 -0.005999346275211081 0.009816492725203265
510 0.2090254737084303 0.001948276322342809 0.01130520623736673 -0.003577544183252327 -0.006033505962826229 0.0104118481166611
520 0.2084286757489046 0.002498805980966034 0.008806182387121147 -0.003431487134709196 -0.005990821667065556 0.01135183151506215
530 0.2081489247153645 0.0037241351969191 0.007404601648341434 -0.003297078854605125 -0.006000813368451392 0.01206034525621448
540 0.2082118098625497 0.004451213108015311 0.006196369394675901 -0.003349604266392289 -0.005991246246168622 0.01266268472379492
550 0.2081579881136694 0.004533498685137419 0.007853016157548831 -0.003200808392047944 -0.006002138080642728 0.0120303906829498
560 0.2088490065423037 0.004144438025322166 0.009891106611338145 -0.003377480397236315 -0.005990552530814765 0.01121922768604034
570 0.2092505982908764 0.003362169509093876 0.01039241714477047 -0.003625767680508528 -0.005950053347479205 0.01083169006649189
580 0.2090147796731583 0.002498526578112772 0.0108262929760434 -0.00364589169344446 -0.005915385336142173 0.01045185654094565
590 0.2083744837010469 0.002488898701838737 0.01205618722602692 -0.003481249709542171 -0.005981876982139898 0.009998052765890171
600 0.2078800258790361 0.002692150093718528 0.01203760999650466 -0.003396530309496268 -0.005977985470491521 0.01004814502052821
610 0.2081240919397989 0.002603080734953542 0.01194875549242732 -0.003488876349026328 -0.005994222814296822 0.0102780333531245
620 0.2084833780790491 0.00343241562688537 0.01082582881018988 -0.003546032049218033 -0.006075547357447181 0.01082796814270445
630 0.2080856322160881 0.003685039229363635 0.009372424171728965 -0.003441960872284076 -0.005999726878197039 0.01122722630850003
640 0.2081343763885814 0.003848324081306325 0.00889971940687782 -0.003500598352329158 -0.005942208541551904 0.01151077946961003
650 0.2090413988707682 0.005124331216192227 0.007747179121377672 -0.003808100929746942 -0.005981878399829969 0.01195830628727517
660 0.2092372861410466 0.004609098316482683 0.00710197898870601 -0.003883430887931075 -0.005885583905427615 0.01199722309739857
670 0.2089770177055585 0.004056585187331163 0.007639471731534855 -0.003771247451034976 -0.005853420707864498 0.0118130181251476
680 0.2088680102224625 0.003737817600040091 0.009447957035216205 -0.003695778011145312 -0.005910342960783139 0.01117031666193114
690 0.2089311950061668 0.002591141836998457 0.01095104742906696 -0.00365558004220799 -0.005884751870190194 0.01059428426732812
700 0.2089182469903069 0.002555230425715766 0.01114574376468508 -0.003601364977474087 -0.005894946630171524 0.01056834861911924
710 0.2086253275589642 0.002321810219982295 0.01150364514731005 -0.00344119175127714 -0.005967544237732376 0.01042203405790318
720 0.2083165995264561 0.002105042737576333 0.01130236615747994 -0.00325388494271652 -0.005987729074267474 0.01052455602678707
730 0.2083960041317958 0.002841147067111068 0.01071633637862098 -0.003374057351000351 -0.005993052943504675 0.01081758668218669
740 0.2085729303941264 0.003005531078999981 0.009817525080918427 -0.003563551379797361 -0.006009265022030373 0.01121479035945417
750 0.2086159144816622 0.003252617796382994 0.009679194465255047 -0.003602589154680667 -0.005946752190109356 0.01135798480079856
760 0.2086218752974249 0.003881150462125845 0.00998364272159275 -0.003727778043159115 -0.005957808868590445 0.01125261614763239
770 0.2084009495311884 0.002810363249742682 0.01057250327722223 -0.003670146926903359 -0.005935211705727946 0.01090614981581004
780 0.2081151712518836 0.00218157629202613 0.01113117385523446 -0.003520453986887329 -0.005902067934474134 0.01067313634500601
790 0.2078591909030503 0.002129392705411229 0.01072849913735231 -0.003438507924546085 -0.00593551234313989 0.01075758079726686
800 0.2079341378037649 0.001836584377404877 0.01076093766944307 -0.003355374024724133 -0.006003516700251291 0.01077522381108993
810 0.2080139775162966 0.002776524151136924 0.009893034615350045 -0.003438359318079026 -0.005961177596861916 0.01114266787444234
820 0.2079773565719538 0.003142663740738756 0.007750805003647431 -0.003682852530429299 -0.005899236892351245 0.01188246253971419
830 0.208175455946969 0.00257807335216736 0.007712743783285626 -0.003707831829408505 -0.005922117085161644 0.01195933053284551
840 0.2075783294752651 0.002523884549248553 0.009471109275770384 -0.003435666588555713 -0.005905783852630285 0.01132050478322713
850 0.2072886365778039 0.002118468175279864 0.01125567839060061 -0.003297306691861527 -0.005987428758066189 0.0105488064788381
860 0.207168177330016 0.001911257957467025 0.009612132252053969 -0.003240415821138369 -0.005908527312979558 0.01100460152035445
870 0.2075973026167289 0.003379868857332857 0.006611270959372821 -0.00351827526143027 -0.005896551303600382 0.01204753550268602
880 0.2086085789694474 0.004884813030879787 0.005641482718989371 -0.003713868514218413 -0.006031104514908565 0.01242872189348806
890 0.2093826637676303 0.005220637408808373 0.00547070961322958 -0.003870350150023526 -0.005954018831311338 0.01267681541822986
900 0.2102401595777398 0.005526700577326672 0.006726134558260657 -0.004172082152085972 -0.005990341784834935 0.01238097977933652
910 0.2106475861377949 0.004455373836279653 0.009370087960894891 -0.004184515724169565 -0.006021529922838026 0.01145411395645902
920 0.210781587660464 0.003423758791459977 0.01046793888836502 -0.004215085430136807 -0.00590923856191436 0.01091977822816928
930 0.2097939880353861 0.002897463679359192 0.01112692836482834 -0.003970401385475728 -0.005936751847627799 0.01039798136885436
940 0.208890756686168 0.002125001815849235 0.01301697916634566 -0.003645872274479104 -0.006014577924679685 0.009636292008256761
950 0.2085444104672952 0.003266601553295765 0.01210814434068382 -0.003639943991152158 -0.006053357802296953 0.01001555712297578
960 0.2088640934689996 0.004085954907851383 0.009614980703584195 -0.003858801710379003 -0.006048301147506648 0.0109743554292807
970 0.2099107335518143 0.004142375019770783 0.009018469352916345 -0.004170963840412031 -0.00609560454408303 0.01133259489282161
980 0.2098735769434758 0.004017404564728402 0.01098720944794841 -0.004102726200684482 -0.006089978548039365 0.01082542938702156
990 0.2097947907500125 0.00325475431271776 0.01256413453015657 -0.003952868745401701 -0.006127906954435971 0.01035784608219905
1000 0.2095468602954552 0.002301644948122798 0.01330718478518149 -0.003770607459120617 -0.006071007629333101 0.009931699040719326
1010 0.2088479301842533 0.001743721416442395 0.01400360346407846 -0.003596179223911377 -0.005997881358993101 0.009496961192891704
1020 0.2082986562148297 0.001794817145645347 0.01359685546938651 -0.003429435206534906 -0.006068658137236352 0.009710070884612714
1030 0.2076266877252828 0.001844730208431102 0.01254605950343893 -0.00330259198161624 -0.006010566489751712 0.01018716801166518
1040 0.2080316659781513 0.001842430485730227 0.01242972526533625 -0.003465985997106545 -0.006009046245948138 0.01033147779007505
1050 0.2084127583726388 0.002675616324303095 0.0106944032538777 -0.003475136609543633 -0.006074285607024481 0.01104148132807987
1060 0.2079646744682258 0.002773068173420673 0.008611075486856268 -0.003378685230704011 -0.005959256782949807 0.01162237013176646
1070 0.2080831219353776 0.002896453234361632 0.009024404973245767 -0.003405026813130606 -0.005964660847900763 0.01149475086029424
1080 0.2091081160876668 0.003875834442640483 0.008133584425056288 -0.003693179715579192 -0.006028635259271952 0.01189592165801903
1090 0.2091547847396757 0.004331128178091549 0.006489568517134388 -0.003778887774018861 -0.005915924501492445 0.01219840855061328
1100 0.2089797205589201 0.003921089340908655 0.00762558759706771 -0.003722962027578549 -0.005910354402395077 0.01176172452056276
1110 0.2091722568856585 0.004044983776143804 0.009526393740003445 -0.003786092642323161 -0.005977060169799787 0.01117804837784646
1120 0.2088551402433686 0.00364924252474818 0.0101800046355236 -0.00375177238032073 -0.005913982558649408 0.01088581809264482
1130 0.2086576600827156 0.003365811408732414 0.01095131186372224 -0.003630626253764124 -0.005930511745406174 0.01066012680720246
1140 0.2081633088787624 0.003170599070284422 0.01175912127257934 -0.003433476788558226 -0.00594194332672256 0.01034427096527078
1150 0.2076997781654698 0.002349152103435694 0.01223554583386761 -0.003256833058547343 -0.005905400492327963 0.01013501645740454
1160 0.2081218150434795 0.001946477051506438 0.01255978316908336 -0.003347387960747037 -0.005977710324613203 0.01014692228330704
1170 0.2080949380819014 0.002104401698814069 0.01129988183449619 -0.003339941882752683 -0.005985950766036312 0.01060063553927002
1180 0.2081439984773404 0.002127258482952882 0.01085893653233161 -0.003314113297976139 -0.00600276548057105 0.01079144401500206
1190 0.2084238372867822 0.003355339824892831 0.01052336285408634 -0.003420087534678186 -0.006040101437773926 0.0110543017490074
1200 0.2082730560237822 0.003600291128809341 0.009133144205477393 -0.003574045778480888 -0.005940405742714752 0.01153032939683914
1210 0.2087350076614598 0.00337949162276564 0.008986859342472613 -0.003765143233820937 -0.005925150784347977 0.01164957407302505
1220 0.2088800721692247 0.003218215273275965 0.008959974767136385 -0.003766501044024086 -0.005925798783409669 0.01158726002709975
1230 0.2082299436156062 0.001544971188680775 0.009946489733509383 -0.003474247173814085 -0.005900340956676665 0.01100212139456819
1240 0.2078776784909284 0.00155071943028928 0.01086407231331343 -0.003173515468730928 -0.005981776483707951 0.01072199049382718
1250 0.2079286530051176 0.00261735677234497 0.008952595149073511 -0.00323422425630339 -0.00599062378897766 0.01145166907993615
1260 0.2082889127230838 0.002850985681729637 0.005499213579968493 -0.003374581837207225 -0.005926918847789385 0.01274001723961226
1270 0.2080358691075456 0.003740306198471203 0.006089152735964816 -0.003089364399354821 -0.00600178889183105 0.01267196816660715
1280 0.2089311335920268 0.004690562780956636 0.007389561860425227 -0.00336833959960046 -0.0060242567027823 0.01225022723500335
1290 0.2097522575749686 0.003898930419752965 0.008086751202330643 -0.003687442416141417 -0.005944613967846789 0.01193012308293396
1300 0.2096154494315746 0.003593082257328045 0.009521622325602554 -0.003721708219254714 -0.005929537819327381 0.01130840280522605
1310 0.209277299846921 0.002968432439699813 0.01056680434763244 -0.003852228403624867 -0.005902301946299032 0.01061317892158974
1320 0.2090170316502434 0.002217820118122416 0.01200000553525296 -0.003863615873746984 -0.005889819533023363 0.00994767209254393
1330 0.2087230421066865 0.003835022476038521 0.01111663254255028 -0.003846724382425654 -0.005992027421195928 0.01039053344427036
1340 0.2089784941530751 0.004558511947884546 0.009204267324976657 -0.003963918461947426 -0.005984142624911815 0.01110651702110365
1350 0.2100806231440578 0.004785928449621587 0.008786005686245541 -0.004277600409576521 -0.005991586867560809 0.01135471204436986
1360 0.2106306118756076 0.005042722687609055 0.009605960734099457 -0.004435950759647631 -0.006046329857222022 0.01122203979155758
1370 0.2104774230030767 0.003799937923715076 0.01102218711214319 -0.004260111207752772 -0.006062500936191204 0.01078133314957688
1380 0.2100045251682029 0.003073467162237357 0.0124041059772878 -0.003933538116610489 -0.006047382787191866 0.01028607867690945
1390 0.2091292680115029 0.002342400793936142 0.01389719453154575 -0.003651938195086487 -0.006047541314108869 0.009651525348071045
1400 0.2086637340160957 0.001547556522633084 0.01463397589193036 -0.003513241755525249 -0.006063299970793393 0.009417892629156236
1410 0.2078633242054338 0.002332495295307645 0.0131950378703252 -0.003297712765647339 -0.006026069968257212 0.01006518053338822
1420 0.2075451729348706 0.002332877959639734 0.01209465770859505 -0.00327480754726489 -0.006004820952026678 0.01051754326681705
1430 0.2079582140357104 0.002117682926366199 0.0126292980970925 -0.003320377941501477 -0.006033520344560212 0.01037260944059978
1440 0.208018383092327 0.002688379297716938 0.01064868855989675 -0.003409071430369843 -0.005985542516300174 0.01105663638810793
1450 0.2081634505862018 0.002762843117083058 0.008619439242604721 -0.003427848058257191 -0.005976594394895163 0.01160070167346423
1460 0.2084628872196274 0.00291378899801196 0.008052033705865659 -0.003488395569005581 -0.005904536001369348 0.01178250992375468
1470 0.2088173229275514 0.003866158821747753 0.00771653251405084 -0.003712919801647242 -0.00594309007043459 0.0119706664065318
1480 0.2089452281198468 0.004049276044180261 0.007153349826375407 -0.003686588488835461 -0.005962314169082041 0.01203032925412066
1490 0.2084089147919162 0.003395605760831935 0.007650711210834578 -0.003499522401670575 -0.005876708504657952 0.011778512171806
1500 0.2085980076295445 0.003732089784523376 0.00965362340088559 -0.003629111412053074 -0.005937013128189069 0.01110321199964365
1510 0.2088301012505625 0.003219686600467043 0.01064084200948677 -0.003685781079396511 -0.00595328684593278 0.01080439874970926
1520 0.2085061925692821 0.003043640304569463 0.01056292589454536 -0.003627639833661225 -0.005875782560125928 0.01082482558922846
1530 0.2078784635671465 0.002886399576505252 0.01142978755892305 -0.003410780038550199 -0.005916185765586801 0.01043419472797833
1540 0.2080140061365183 0.00237759419945861 0.01176373092165944 -0.003341806552635212 -0.005958795115620586 0.01037043318528063
1550 0.2082589261635107 0.002629705066758863 0.01104538716703194 -0.003393349148393755 -0.005949981806854059 0.01066233138292359
1560 0.2079832779809813 0.003074400293627067 0.01027228128055971 -0.003263057627053693 -0.005980985785893762 0.01094402350003933
1570 0.20801381714523 0.003055714930402086 0.009369286539991249 -0.003321297412582764 -0.005933969624750617 0.01136580799655486
1580 0.2082397731559398 0.003390854519133539 0.009420953601176816 -0.003525546666111831 -0.005932333715117052 0.01140515871107329
1590 0.2084875030233576 0.002811107247524705 0.01033770717719884 -0.003564799001216321 -0.005972591332075669 0.01108155735351827
1600 0.2084416168465031 0.00215397363126822 0.0111989969443253 -0.003509356226117439 -0.005950591467681874 0.01070315830331823
1610 0.2079350360692915 0.002026596498007917 0.01175058219952675 -0.00342074670573298 -0.005909888436456194 0.01033915693720192
1620 0.2081173235000416 0.00200362907439335 0.0112335640880716 -0.003479610177381153 -0.005980827037058515 0.01052342834183545
1630 0.2083392545249498 0.002555755989081492 0.01040536670429621 -0.003549539925792986 -0.005997199807798784 0.01084910117341435
1640 0.2077711803954038 0.003195782301763483 0.01000998126496901 -0.003347020754809543 -0.00602231952266996 0.01105936105817116
1650 0.207929790189186 0.003062219031148274 0.009306702794342385 -0.003296304638423129 -0.006035958601217668 0.01151566512795644
1660 0.207966031389695 0.002896580027909496 0.008572044327202795 -0.003270959131294893 -0.005957127759438714 0.01183504956519259
1670 0.2078825045180767 0.002828544910339321 0.008962320339140378 -0.003172847411342342 -0.005938014919139722 0.0116697420783261
1680 0.2078284492523559 0.003179612833614996 0.00989362038670139 -0.003065823066325335 -0.005981300201890995 0.01136334315573985
1690 0.2079224352555682 0.003647629010172463 0.009322338066015365 -0.003245648129894364 -0.005948297872754076 0.01145268946000412
1700 0.2089783559410483 0.005147337270555596 0.00737439844089344 -0.00363961098586096 -0.005988288712773138 0.01186318180779416
1710 0.2095729769875979 0.005602704730223746 0.005101038592036982 -0.003973426744669825 -0.005913289658927491 0.01242094588579589
1720 0.2102552068225306 0.005090397396769817 0.006093934151117824 -0.004365875149743513 -0.005900663962332226 0.01211234370543531
1730 0.2108344587148807 0.004488430538567812 0.008983973412682287 -0.004427824768646925 -0.005979697156059843 0.01132959155335401
1740 0.2105763973323468 0.003217970027301058 0.01119017959756806 -0.0042605771389534 -0.005982856283718502 0.0105950836763312
1750 0.2095468254594107 0.001992004182270244 0.01259669120727729 -0.003858184079150691 -0.005949488887893619 0.009926674683782154
1760 0.2090791018951702 0.001904049440432541 0.01419525873834433 -0.003589684951804802 -0.00604702560059832 0.009355266438466308
1770 0.2087380105235414 0.002922842824805514 0.01199855531753401 -0.003553254837976072 -0.006082325765943397 0.01012751905006195
1780 0.2087368782567058 0.003521124113356915 0.009296246031237913 -0.003691043950353605 -0.005997159483959159 0.0112107192535775
1790 0.2099206387353487 0.004929894814366184 0.009071521156289956 -0.004047748285176045 -0.006118030671430204 0.01154392213958073
1800 0.2102751993684359 0.004871027617954438 0.009954671595728356 -0.004168901999040544 -0.006087452758966764 0.01126447781442051
1810 0.2102408123223749 0.003508231172895276 0.01123150417437585 -0.00411924018631456 -0.006028499604792062 0.01076066924479546
1820 0.2100448752523504 0.003052018729394053 0.01155165886694124 -0.004001746465089324 -0.006028340532301541 0.01043714231991757
1830 0.2090790300420472 0.00179022325655952 0.01213593303403303 -0.003720738156881128 -0.005951088651738913 0.009972416329143622
1840 0.2085604260716231 0.001569142693315634 0.01288044024252408 -0.003526900638947032 -0.006023302234045603 0.009838987589169616
1850 0.2077435016502233 0.002507550579049062 0.01203444413036643 -0.003264032006170108 -0.006081295068715808 0.01035180695182938
1860 0.2077432004429061 0.001880094875319884 0.01210115026613869 -0.003308179579337081 -0.006053926327970444 0.0104783511866627
1870 0.2079133919602351 0.002648028791179524 0.01269480283828809 -0.003230479033587895 -0.006105457609458918 0.01043235146189984
1880 0.2076911056441634 0.002715058108106805 0.01107962343355396 -0.003250878146639304 -0.006091163941889011 0.01098692873102039
1890 0.2080276214023701 0.00211742924552129 0.01083911626530484 -0.003340916139086185 -0.006041561854573952 0.01093878667955429
1900 0.2084851561037489 0.003009306006144873 0.01044700314240967 -0.003479315273257256 -0.006038280071995018 0.01112867254074957
1910 0.2083284194061961 0.003570112141416613 0.008787030013807864 -0.003568247334046493 -0.006019193282892665 0.01155202647077522
1920 0.2086175672139114 0.003901757686927427 0.007095895951041887 -0.003769509919620726 -0.005895536287218688 0.01209936469344726
1930 0.2087199248911502 0.004776328156250875 0.006325040252908774 -0.003855340382980808 -0.005894959632124285 0.01246345545767982
1940 0.2086408056606698 0.004421225279565504 0.00761580322816418 -0.003759843888336828 -0.005909028899238413 0.0118042157604374
1950 0.2086666307936837 0.003044306419434616 0.009437225276485927 -0.003805436612695276 -0.005819768490335633 0.01105521849306412
1960 0.2087226804586713 0.002558034993018791 0.01077662943567623 -0.003931260920777677 -0.005867897957913248 0.01051441345624651
1970 0.208262167678647 0.001557554621252639 0.01181396718032788 -0.003780844256411852 -0.005898763449348471 0.01003494534148529
1980 0.2077270185327983 0.002016315453477994 0.01110761242823539 -0.00359753488413684 -0.005860027939695313 0.01028987802515161
1990 0.2076912115499882 0.002640281264138275 0.01048441342611203 -0.003681990541146015 -0.005927907372176458 0.01059993725025238
2000 0.207856301825126 0.002548875694785999 0.01060449579608841 -0.003640469593329919 -0.005996944601689435 0.01076038415301457
2010 0.2077871321034399 0.003157809274418372 0.01069537932909716 -0.003576598790804323 -0.005970441600147338 0.01086658047107538
2020 0.2076036349411142 0.003241106559049686 0.01024931125881534 -0.003588390085661175 -0.006008762069500157 0.01110345509821278
2030 0.2081196772444006 0.002853445133051144 0.009465283980703931 -0.003695392421244091 -0.005982264089778163 0.01144601368606976
2040 0.2084002726202011 0.003138789228947159 0.008801355309362893 -0.003799714142353787 -0.005930389006404287 0.01170312936181769
2050 0.2080376446467385 0.002570362411048201 0.009364806767343596 -0.003567032060530626 -0.005996978391429152 0.01149351784777412
2060 0.2079247857611355 0.001704376965645774 0.009762898447676888 -0.003333018724393753 -0.005996286733366999 0.01135672878852121
2070 0.2078861456660976 0.002777704493645141 0.009424072830456751 -0.003288645565878353 -0.006034182731866776 0.01147007735346363
2080 0.2080333273189727 0.00324220102539689 0.008050534447612135 -0.003338079409071654 -0.006023985681042713 0.0119119234677878
2090 0.2078420358844171 0.002735862418475112 0.007149488657840952 -0.003236499431495237 -0.00594031641409429 0.01231011667510709
2100 0.2073202292970383 0.003641203760124594 0.007693198813733367 -0.002922730085952883 -0.005982545431767805 0.01199017025664807
2110 0.2089763407771077 0.003957258994983352 0.007315553358964431 -0.003398663105117957 -0.00597324153997946 0.01204394411297813
2120 0.209458276449126 0.003851063885295288 0.007513818200758483 -0.003648366930444907 -0.005886796433657341 0.01190991278183359
2130 0.2093502270756276 0.003595444607902177 0.008395934699357841 -0.003759408973457525 -0.005900025855076321 0.01147233943440867
2140 0.2094189867646233 0.002297281563765562 0.01031761013741358 -0.003778614475053758 -0.005919398415580626 0.01065212499080168
2150 0.2088717740623047 0.002119017953850107 0.01218629976715223 -0.003729969615833547 -0.005919941913229867 0.01005705748649721
2160 0.2078825964557458 0.002207094504492756 0.01347593252254882 -0.003458649157368565 -0.005999046908085419 0.009685209347498804
2170 0.2079149352040725 0.002250184504869792 0.01298953726839278 -0.003407259748031886 -0.006030502621892109 0.009905427556810547
2180 0.2079774707750875 0.003471285046962874 0.009793713816553936 -0.003529907084832814 -0.005981206632963016 0.01105994236553722
2190 0.2088869099479886 0.004671671372537431 0.007998529574554209 -0.003740096325759537 -0.006033446329623868 0.01168606447386635
2200 0.2091753562535822 0.004812633344412464 0.00788621426757565 -0.003728133921645769 -0.005989469030119654 0.01184759145262367
2210 0.2095638059450495 0.004336399272543583 0.008623064708145124 -0.003931728362180906 -0.00594240765902884 0.01172840663675666
2220 0.2103596255294031 0.003643529690895292 0.00982193631875819 -0.004060756004934218 -0.005988039507700217 0.01128426810154236
2230 0.2098081208125056 0.002669813542888849 0.01043235818876783 -0.003899163434549749 -0.005946596764896514 0.01092298984547004
2240 0.2089314699334788 0.002385907321639376 0.01152789090243549 -0.003612333463281197 -0.005951226663361127 0.01042819846393368
2250 0.2086208714808284 0.002694919779052202 0.01287271741047361 -0.003395542141897061 -0.006063832950934723 0.01003456988448708
2260 0.208298532231394 0.002894842206160809 0.01213979605626521 -0.003426094961165417 -0.006018655360873889 0.01029879252281219
2270 0.2082917004329521 0.002395502497511784 0.01200256261751419 -0.003540776325235408 -0.006023593532928384 0.01034359097014356
2280 0.2080220633132678 0.002414479694104173 0.01175981578156681 -0.003364032953537567 -0.006042679464995151 0.01050390949911172
2290 0.2077262845178944 0.001774963188377614 0.01167175941041633 -0.003296183529670618 -0.005985269592364202 0.01054367551435866
2300 0.2078822511333678 0.001753171861767861 0.01252076454312091 -0.00318773122330821 -0.006024071251708923 0.01028879577884195
2310 0.208312835080983 0.002095868509397251 0.01094436438543206 -0.003311568836764816 -0.006047868107168944 0.01091242971682106
2320 0.2088838675435192 0.002963346964631593 0.007822249484191728 -0.003657171532750038 -0.005978395844050424 0.01191595815552462
2330 0.2086159956842054 0.003988295289070553 0.006552787163720895 -0.003545539977907569 -0.006009036292244203 0.01241515119844569
2340 0.2071365795007379 0.003721222593207622 0.00902426748417353 -0.003066025256143139 -0.006000753797561506 0.01159276007384477
2350 0.207449677103943 0.003833874175421068 0.009950298766443533 -0.003179557502196166 -0.00596339655678894 0.01123810885578094
2360 0.2092629353644951 0.005238796097891397 0.00830654092106496 -0.003670137982463348 -0.005966606837469818 0.01160796955391681
2370 0.2093345168844141 0.005321680872408549 0.006255054166223215 -0.003779889317474701 -0.005837133536298542 0.01209964455991884
2380 0.209291035656605 0.004232783257094792 0.007491498317103914 -0.003801260228853441 -0.005848588325067736 0.01168091992688589
2390 0.2097989601424555 0.003785737154516334 0.009752927080096219 -0.003928280798805566 -0.005929948535500226 0.01098739496397239
2400 0.2094521731169767 0.002646553114654884 0.01157178805771107 -0.00385330154137582 -0.005916881938969345 0.01037721358614683
2410 0.2086821701102825 0.001954955222105622 0.01262716219200698 -0.003564947337604567 -0.005950234400502982 0.01004090144623864
2420 0.2084701718417367 0.00246749488733927 0.01281845835223767 -0.003472198610834143 -0.006017046089092475 0.009978959976746594
2430 0.2084870242052096 0.003612979633944152 0.009831947636818071 -0.003592147637911151 -0.006031462672617138 0.0110336789763585
2440 0.2092001690960468 0.004976521746474456 0.007830569903523281 -0.00387353725342685 -0.005998812803450091 0.0117862529622198
2450 0.2096905400971462 0.005734459646701171 0.007836315820115758 -0.004067123719175263 -0.006022615023265967 0.01184491625702005
2460 0.2105352779671869 0.004945800215416797 0.007743461658895288 -0.004409428343427785 -0.005976801437101466 0.01189569441310624
2470 0.2113378669130977 0.004559682767564984 0.008429388696590302 -0.004560482807651724 -0.005955758322291797 0.01161865507182704
2480 0.2103055313508488 0.003514598842316213 0.01008468961413781 -0.004192959141580873 -0.005963974009204077 0.01089215076352406
2490 0.209514543585627 0.002099925930449074 0.01143305535738222 -0.003872107633350728 -0.005946709988000653 0.01030354487468616
2500 0.2088536877146822 0.001824599353890345 0.0137771401654883 -0.003587968710785565 -0.006045756495507733 0.009558455715451122
2510 0.2081192177769566 0.00214732275094394 0.01470227458019138 -0.003321956321330957 -0.006157639837223441 0.009327205550290419
2520 0.2076000538377833 0.001791008629319439 0.01237137966226837 -0.003200083306348686 -0.006060863546913118 0.01027532751992852
2530 0.2075678252358678 0.002144779976706471 0.01153442785805426 -0.003218523207505862 -0.00603430396467231 0.01074326795268989
2540 0.2078540117130961 0.002363244802325581 0.01251081976606869 -0.003231892836562565 -0.006126522803744524 0.01055097247834772
2550 0.2077308258098936 0.002119796556311306 0.01215213699541948 -0.003192004601152875 -0.006055236178405268 0.01069735106045426
2560 0.2080956303655175 0.002455542101993999 0.01072978970672669 -0.003436473646548895 -0.005978736808637682 0.01098530655553383
2570 0.2087713355717032 0.002403042139455722 0.008418725849803903 -0.003760472087176036 -0.005970620700406821 0.01169997494821178
2580 0.2086711972556593 0.003321169247718751 0.007080141171244807 -0.003752421199814318 -0.005963156737865595 0.01214094017708051
2590 0.206839160349718 0.003235854156594056 0.006706675603711644 -0.003266269897832021 -0.005907182241373367 0.01222891700949526
2600 0.2071006531932856 0.002939793564446784 0.009183804688614629 -0.003136794213695216 -0.006007766725925741 0.01146233936615239
2610 0.2085720652989853 0.004604076423851438 0.007929869342684867 -0.003579693445401283 -0.005947502091202558 0.01176506513640535
2620 0.2088804304086284 0.004611677825486475 0.005882162589099046 -0.003832707110165126 -0.005812534751604133 0.01223618330565602
2630 0.2094524876820909 0.003279183372430979 0.007520722053824936 -0.003965649409911833 -0.005865727825307226 0.01171346699163398
2640 0.209067876665295 0.003370101515152827 0.009950091342876234 -0.003898902540897275 -0.005823990975292696 0.01079062615686074
2650 0.2087415218688881 0.002326543867060628 0.01153875990504908 -0.003855297362776639 -0.005892375929076564 0.01019324056565576
2660 0.2084633458602334 0.001558043404003478 0.01213340448127486 -0.003669699867860702 -0.00592457256600182 0.010020512745935
2670 0.2079481696283592 0.002020559136394211 0.01262679348081251 -0.003524570330735893 -0.005973935467117164 0.009867509710844224
2680 0.2079543147803275 0.001695962865847081 0.01270871833957796 -0.003474971282301136 -0.006058274582504583 0.00998118814591918
2690 0.2081439117737069 0.001566232356571213 0.01177907738181697 -0.003472788553498554 -0.00602078760378454 0.01059384535368238
2700 0.2079526858778591 0.002516824189551412 0.01130812608169376 -0.003397827877142523 -0.006064912748303087 0.01090914099022624
2710 0.2078547021846466 0.002849080286055378 0.01100145996269218 -0.003289246529742988 -0.006127795141698167 0.01113530689095102
2720 0.207889530739121 0.002749161064147783 0.009139304149188513 -0.003383113137139365 -0.005972136627771218 0.01180916022634596
2730 0.2076084618970205 0.002768996601466225 0.00896035318531193 -0.003294311780635349 -0.005963270808990824 0.01173031205119834
2740 0.2079587945457264 0.002214072115317067 0.01038916810013162 -0.003357517954085711 -0.005978878560190999 0.01104483032802012
2750 0.2077382072016649 0.002411461976695212 0.01071550178550526 -0.003385488819285712 -0.005934771692440664 0.01085940712703819
2760 0.2076806597873977 0.003184654033443106 0.00987311525256286 -0.003369890568363884 -0.006000464746763438 0.01108430154106148
2770 0.2083272366938887 0.003570123800825786 0.005095782745610917 -0.003639274125854469 -0.005880904991217044 0.01262163700142238
2780 0.2082767825833653 0.004468700838287355 0.00485246214006903 -0.003735836066647086 -0.005866663829441105 0.01269715615592691
2790 0.2087394729465067 0.005261515919065713 0.007662675041651044 -0.003741543213680166 -0.005969796680693132 0.01188629476987707
2800 0.2092575453222513 0.00392536366308535 0.008891523348586325 -0.003925745488215944 -0.005886959163245537 0.01141425571241648
2810 0.2086573694586449 0.002880710806881246 0.01055289065542064 -0.00380649547459915 -0.005831764480798391 0.01061690699873413
2820 0.2081634391974974 0.002697194248665621 0.01210589980111188 -0.003716235571375143 -0.005927443861547719 0.009964810182596335
2830 0.2079734165645983 0.002734078151365468 0.0112437372267645 -0.003793579525600449 -0.005916757250321089 0.0101688818149062
2840 0.2074794456913544 0.003531656979869533 0.008883604738480847 -0.003796455421645247 -0.005906184632161805 0.01104463909466431
2850 0.2080200544067375 0.00490942017785912 0.007921485504692311 -0.00386680517444603 -0.00599389213235029 0.01150977660608002
2860 0.2091213135562215 0.006071818985795585 0.007577246211488836 -0.004160824497355836 -0.00596203211808159 0.01174818908275528
2870 0.2099480234109006 0.005739789929557814 0.00734459107617269 -0.004488114205100801 -0.00590288346668742 0.01197793245984075
2880 0.2108538928350086 0.00485485851757941 0.008254646760683887 -0.004730702540856294 -0.005956426098268157 0.01169450445886827
2890 0.2100425183194054 0.003448907251024707 0.009713379758781308 -0.004497439520114773 -0.005894704793254553 0.01100584280018219
2900 0.2088486987679364 0.002321954123648496 0.01187496846714115 -0.004032872710685875 -0.005901420817742569 0.01015519326284216
2910 0.2083463599688399 0.002034623942800946 0.01328779326361349 -0.003784034984147964 -0.006001121245853247 0.009691129997366444
2920 0.2077454416877854 0.001904922247053995 0.01333929156899533 -0.003586956141979466 -0.006037440626902101 0.009681901303380279
2930 0.207399907477209 0.001821839524858233 0.01311052523381491 -0.0034954131719959 -0.006049856650622385 0.009908213228383997
2940 0.2071410817992625 0.001839529845861596 0.01162756451472939 -0.003472176152896557 -0.005999875156663685 0.01057211155839449
2950 0.2071911851632801 0.001156508842056462 0.0123211187372043 -0.003462617020118282 -0.005976272749252378 0.01048908007639431
2960 0.207298701933683 0.001670858027525771 0.01272077475960226 -0.003380526813612292 -0.00604218765671894 0.01047623876549517
2970 0.2072704745657102 0.001462865196203197 0.01089366699386605 -0.003481068107266793 -0.00598453863334777 0.01092093136924656
2980 0.2074982150447101 0.001403148178219317 0.009600748827013865 -0.003577667011919623 -0.005950655358616757 0.01119755233850843
2990 0.2077389273700426 0.002630209805853081 0.007596813650557243 -0.003689294306432048 -0.006021251505715622 0.01205387473215347
3000 0.2073118925306227 0.003572978634274053 0.006512652930983845 -0.003507923489302358 -0.006051950829547906 0.01234484120106218
