"report"
"Iteration" "cd etc.."
("Iteration" "cd" "cl" "cmx" "cmy" "cmz" "cx" "cd-scale" "cl-scale" "cs-scale" "cmx-scale" "cmy-scale" "cmz-scale")
10 0.1586007081532039 0.06326784433081864 -0.02603145708103852 -3.750862339501778e-05 8.834769884365951e-05 0.0004496714387612211 0.1645393747632035 0.05641453679455351 0.0003677925699208133 -0.02804135386800399 -2.442736197241509e-05 8.164817280271776e-05
20 0.189880820734727 0.0669158062807433 -0.01844860202665418 -6.191493054499089e-05 6.632989667602993e-05 0.0003032572110826925 0.1951936139109195 0.06305980940490025 0.0002763735375855106 -0.01998939824445694 -3.915357325004296e-05 6.503960870739198e-05
30 0.1968772983478045 0.06770328737158564 -0.01560760675563486 3.454509062454892e-05 2.942708007118774e-06 0.0002863316122479946 0.2015495737234462 0.0647134790654716 0.0001432316956354603 -0.01740843354715861 0.0001084022411321776 -1.070552620154247e-05
40 0.1944832673113053 0.06935480779427532 -0.01588349755378903 9.61058847218332e-05 -1.651088658479316e-05 0.0006047179614421548 0.1989238455401513 0.06464376808647225 0.0009555532316010208 -0.01855897549802956 3.657859989425162e-05 1.66274403739416e-05
50 0.1909744685439305 0.06879931740270523 -0.01633505654320168 0.0001349213153890867 8.608195337619369e-06 0.0001633616203254497 0.1956953615716632 0.06422671866718453 0.0001711123401677304 -0.0187389114802856 0.0002750400180185531 1.603431181091201e-05
60 0.1906570966685812 0.06870704158283443 -0.01659539159329932 8.63041686149731e-06 0.0001590765902636431 0.0009429946203404651 0.1955979900106802 0.06493015188810998 0.0002003042492826377 -0.01867644686698937 0.0004867688594971152 9.679779313346648e-05
70 0.1892160666250453 0.06973737783831907 -0.01685503651007068 -0.0002807202877346798 0.0004627275298956907 0.001636475245147276 0.194053126042858 0.06626582730413466 0.0006794332017416002 -0.01883196611929629 0.0002832646923735571 0.0003673608218951053
80 0.1881475102059455 0.07080624266836401 -0.01666404774439561 -0.0004201320821187834 0.0005930329343741673 0.001582976217856202 0.1928332853752856 0.06769693878268497 0.0008655297624943091 -0.01847819396519021 4.534932271257707e-05 0.000516332447333356
90 0.1880301333350374 0.07103084617898113 -0.01622273870548071 -0.0003636969132308717 0.0004646139850167569 0.001488254454764973 0.192652853145854 0.0682192043160505 0.001034809667508221 -0.01789987107499485 -2.582028238536603e-05 0.0004110328593454313
100 0.1881607839953351 0.07075944687349441 -0.01577758123356289 -0.0002947859264401548 0.0002812823449900733 0.0008628429954106081 0.1927612055373011 0.0681931888267881 0.0005859991957440547 -0.0173452369588233 -6.584808136801893e-05 0.0002436899414962292
110 0.1877625268990031 0.07057375565607575 -0.01542969705573429 -0.0002261503427003717 0.0001662977755124962 0.0005260047340159116 0.1923416539113729 0.06818225311445812 0.0002881018105445268 -0.01689958589748205 -5.062429899884099e-05 0.0001310865623551768
120 0.186883517463228 0.07036162888945476 -0.01516150219674252 -0.0001926631183845791 0.0001313977074378346 0.0004874664454433173 0.1914893540901077 0.0680897754643279 0.0002346639004149458 -0.01657639686681456 -4.11429078901088e-05 9.601671674954864e-05
130 0.1859783539752378 0.06992939115596088 -0.01497159844650965 -0.0001654409076164401 0.0001346748700675684 0.0005669455277818435 0.1906002435460975 0.06771924552679481 0.0003600248369000494 -0.01638325853520437 -4.66115744379766e-05 0.0001059626076415797
140 0.1853770990114288 0.06934077568885974 -0.01479826600569381 -0.0001346312099189585 0.0001291982000437063 0.0004350197787256558 0.1899632844568993 0.06705197159979935 0.0003338657387318507 -0.01625444215751162 -5.284513280870631e-05 0.0001124435316962859
150 0.1848732127669851 0.06893021397810342 -0.01462365471824808 -0.0001020815377578714 0.0001043280481110712 0.0001358401361973918 0.189443480402944 0.06651168167466269 0.0001288990252566004 -0.01613359586778133 -5.211574733136023e-05 9.897830983557052e-05
160 0.1842769377614445 0.06870001863568491 -0.01447625384484582 -5.342419183303735e-05 6.2926402121318e-05 -0.0001331996121354347 0.1888711815775042 0.06621782009805666 -4.974354319465958e-05 -0.01601672380511016 -3.953602267948031e-05 6.756582337984095e-05
170 0.1837487537993673 0.0684443484167513 -0.01434374073639946 1.647793926591942e-05 -3.600673508040487e-06 -0.0003870419254141477 0.1883668794811649 0.06597101088016953 -0.0002110006443667385 -0.01589184339237592 -1.243984214577767e-05 1.039462811419986e-05
180 0.18345023988836 0.06817406866243111 -0.01420338417417844 7.602386866761888e-05 -7.152559637246656e-05 -0.0006036963885749241 0.1880875133857036 0.06572370542750867 -0.0003462536258581487 -0.01574924945918568 7.131511562509959e-06 -4.993685833070385e-05
190 0.1833226436429168 0.06805437740728905 -0.01405905576251534 9.556011353129088e-05 -0.0001094471478552879 -0.000721301809699919 0.187984166192988 0.06562337955140596 -0.0004145630078656144 -0.01560316288349561 -7.87405637738936e-07 -8.350607910661621e-05
200 0.1832027660165433 0.06811916452165509 -0.01392946462716602 8.267688056910295e-05 -0.0001096703913135844 -0.0006827727480930162 0.1878890075863864 0.06572078296680761 -0.0003731471954859903 -0.01547050140471282 -2.148341156767363e-05 -8.345500281854624e-05
210 0.1830563144645482 0.06824982784403051 -0.0138119294687049 5.943723092432914e-05 -8.64100934451518e-05 -0.0004911342234032596 0.1877617765088811 0.06591009186617079 -0.0002206599590502486 -0.01533734895493172 -3.291525198873383e-05 -6.367720930063995e-05
220 0.1829219563934414 0.06834162327273959 -0.01369571035728189 3.244398883217279e-05 -5.494631223808601e-05 -0.0002500766924993978 0.1876402633364829 0.06608169401487163 -4.142832724628364e-05 -0.01518994907941085 -3.661543947421338e-05 -3.790658760082696e-05
230 0.1827882640525783 0.06838016052772107 -0.01358312406010125 -4.866531243023887e-06 -1.245387979168989e-05 -1.595296324750863e-05 0.1875115308303817 0.0661978235428495 0.0001278505955735354 -0.01504270887121645 -4.914201807229928e-05 -1.526453079639453e-06
240 0.1826246116683246 0.06839716523860734 -0.01348349264729941 -5.138755206645576e-05 4.427038863649462e-05 0.0002429885438141764 0.1873451673823382 0.06626984447614793 0.0003258070082181635 -0.01491633261008322 -7.212716939332647e-05 4.944343042453958e-05
250 0.1824479949710945 0.06841883376104534 -0.01339455405293419 -9.726194327939608e-05 0.0001067327799952214 0.0005454895298286392 0.1871598723278652 0.06632147878855031 0.0005682315778007543 -0.01481039854970007 -9.339237165221027e-05 0.0001063287950595501
260 0.1822850609845808 0.06841779522452417 -0.01330948549449801 -0.0001351814216677821 0.000163076684704325 0.0008470709654675453 0.1869843183776153 0.06633158570326463 0.0008188694719877519 -0.01471598965907444 -0.0001087875693853084 0.0001580241921164596
270 0.1821460730635479 0.06837234780916038 -0.01322824127216077 -0.000169256756640265 0.0002132486486022351 0.00111083175398339 0.1868328592146318 0.06628503793323365 0.001048206984738833 -0.01463067304570143 -0.0001273233828907394 0.0002051158584830965
280 0.1820222509827154 0.06830583541724326 -0.01315821536759682 -0.0002007225517100285 0.0002601434948432848 0.001330885622849117 0.1866998853627285 0.06620880007454459 0.001252550954140013 -0.01455988383304921 -0.0001515737554105124 0.0002506698457383794
290 0.1818949748655297 0.06823274524437595 -0.01310227396472693 -0.0002218457239234103 0.0002994197004581885 0.001510420969453125 0.1865663927775727 0.06611864274711945 0.001432154707760771 -0.01450555283453005 -0.0001727580884603524 0.0002901013676407257
300 0.1817656088925218 0.06813233371858127 -0.013057684359575 -0.000231261260532122 0.0003265525062173974 0.001664237724436401 0.1864307707161963 0.06599530014503303 0.001597581276038897 -0.01446453743248088 -0.0001877738536178717 0.0003185322284728088
310 0.181644828935056 0.06798934344025519 -0.01302126766866998 -0.0002355741465966532 0.0003418421407241232 0.001800034844550248 0.1863028668420207 0.06582651001420359 0.00175321089821383 -0.01443317714181452 -0.0002012939344755696 0.0003359019728549522
320 0.181532014284608 0.06782393200709479 -0.01299099182358809 -0.0002386248611061139 0.0003517402670978855 0.00191285376444441 0.1861843892025072 0.06563516090254097 0.001890005488487073 -0.01440865205632054 -0.0002144651426678155 0.0003482687541861541
330 0.1814141328625816 0.06766477464799205 -0.01296566632034683 -0.0002410543260238648 0.0003622252132220374 0.001986195531906491 0.1860637768373876 0.06545046235389002 0.001986901293935111 -0.01438920099155882 -0.0002252211776452658 0.0003611871213881535
340 0.1812852431079922 0.06751693539020658 -0.0129448675921996 -0.0002425459329052704 0.0003715824697849938 0.0020254934622896 0.1859338022137965 0.06527702154625892 0.002046353921405937 -0.01437392981049275 -0.0002320084851161353 0.000372657097513657
350 0.1811547143044008 0.06736746788516122 -0.01292739898901414 -0.0002464283432569292 0.0003793946181241234 0.002049634995312405 0.1858012358979717 0.06510290631695473 0.002088419298210891 -0.01436135363210194 -0.0002393338764953838 0.0003823404860308926
360 0.1810313461306583 0.0672123885124508 -0.012911804725034 -0.0002557841954224214 0.0003895836587711019 0.002064645323816652 0.1856739072904844 0.06492649691191626 0.002122336470550481 -0.01434972184432772 -0.0002521686814497037 0.0003944066717726349
370 0.1809149690669961 0.06706826491552008 -0.01289923378556703 -0.0002702488333035842 0.0004044578637726213 0.002072077409834002 0.1855540220368713 0.06476549157414231 0.002150060267739497 -0.01433974823418707 -0.0002706324582852248 0.0004112022462667155
380 0.1807998275601971 0.06694265328570638 -0.01289129438713119 -0.0002865402175045756 0.000420181262116353 0.002073907680724873 0.1854366903510282 0.06462506182206089 0.002170295269387552 -0.01433352434675817 -0.0002907948476584167 0.0004286074513705738
390 0.180685232154687 0.06682172993587371 -0.01288649993334362 -0.0003005160089277197 0.000431973964233721 0.002081007119559433 0.1853204724252635 0.06449002165491259 0.002192272890367224 -0.01433009007559787 -0.0003081425084443516 0.0004417346994973497
400 0.1805755045152238 0.06669571474495543 -0.01288252371998796 -0.0003107206888436252 0.0004389735176859506 0.002103368353047511 0.1852078442404159 0.06435032219655847 0.002225976968537141 -0.01432748890757327 -0.0003210159681946768 0.0004497265541050092
410 0.1804755265316447 0.06657297772215034 -0.01287771061507642 -0.0003166383615908551 0.0004421998100416918 0.002140241482621241 0.1851040341263217 0.06421614869797514 0.002272005333097971 -0.01432361376555651 -0.0003287758843896232 0.0004536953420586956
420 0.1803807700936307 0.06646315680256622 -0.01287244557768802 -0.000318669100166931 0.0004442844568888607 0.002181166908437478 0.1850059493478536 0.06409749295345835 0.002319796451823136 -0.01431853474156248 -0.0003314823563830348 0.0004562605666869687
430 0.1802885989543334 0.066363918088444 -0.01286903628879476 -0.000317223038083571 0.0004460476495163656 0.002215344344771124 0.1849115643330467 0.06399051977276482 0.002357812480497947 -0.0143149026078623 -0.0003297478492291662 0.0004582141279795907
440 0.1802040413155995 0.06626361509993829 -0.01286734321030211 -0.0003133590692272585 0.0004453725066047168 0.002246846962702102 0.1848251497103361 0.06388149885127545 0.002390901379817675 -0.01431326616483265 -0.0003253153231628895 0.0004575429489877538
450 0.1801318925243353 0.0661595088291215 -0.01286583231383732 -0.0003082663666544172 0.0004428122175448528 0.002287834118301828 0.184749685727168 0.06376801788647389 0.002432617319721709 -0.01431220381933801 -0.0003200188092308822 0.0004549135005750022
460 0.1800703125059298 0.06606444728399334 -0.01286428756797213 -0.0003014335248736774 0.0004401810043947264 0.002332884057891572 0.1846842507438163 0.06366462783470976 0.002479195380908855 -0.01431097541527618 -0.0003133950427679653 0.00045226418058494
470 0.1800141502013965 0.06598788193044372 -0.01286330756956074 -0.0002932060861509504 0.0004372704857264365 0.002376873904322094 0.1846249282254186 0.06358172906901811 0.002525186473511508 -0.01430979812195957 -0.0003056641328831535 0.0004493656600071539
480 0.1799589140763619 0.06592006197448175 -0.01286304682392555 -0.000284036076354706 0.0004318294535309426 0.002419940309926359 0.1845682177494321 0.06350912212176583 0.002570531603237439 -0.01430887251506167 -0.0002973903558169549 0.000443982891239386
490 0.1799048383105497 0.06585024640081856 -0.01286256604172744 -0.0002743834405620846 0.0004237421283626067 0.002463201216337868 0.1845127157841548 0.06343412673192801 0.00261568930028926 -0.01430778299490225 -0.0002890901877732598 0.0004359701808301691
500 0.1798538170918623 0.06578490545083539 -0.01286172317990139 -0.0002655436327768366 0.000415907648082525 0.002503935918213347 0.184459231046943 0.06336337541572071 0.002657958854350752 -0.01430651335706577 -0.0002819715092517072 0.0004282133089995766
510 0.1798069667380601 0.06573522329664649 -0.01286133513060698 -0.0002588234162727696 0.0004098517639010654 0.002535893707068078 0.1844095625734188 0.06330912193235408 0.002691630681752784 -0.01430566278058894 -0.0002770291398209903 0.000422250247442419
520 0.1797612595352472 0.06569553832202628 -0.01286069081971872 -0.0002543731397839885 0.0004051213297841295 0.002557223586409952 0.1843620235276991 0.06326638355704002 0.00271445425770769 -0.01430430549530451 -0.0002742635751508602 0.0004175956863445579
530 0.1797122450320628 0.06565178791549227 -0.01285794461717719 -0.0002509912399983808 0.0003999333173964844 0.002570344995115349 0.1843123758079311 0.06322057623388543 0.002728439784492754 -0.01430064522825627 -0.0002725478352284091 0.0004124511637110549
540 0.1796623401633183 0.06560648593512679 -0.01285395518424889 -0.0002491061171496275 0.0003949640172459523 0.002575155198118871 0.1842617691016689 0.06317285211708197 0.002733419893679368 -0.01429581318689782 -0.0002723951893619978 0.000407499570320942
550 0.1796154131031259 0.06556832631850162 -0.01284980191496271 -0.0002506795604885205 0.0003937980612023783 0.002566751150993973 0.1842131371938766 0.0631318582567114 0.002724669412778204 -0.01429102724511385 -0.0002757095825041491 0.0004063261530726553
560 0.1795712510088137 0.0655354964783721 -0.01284459832737127 -0.0002586188799967004 0.0003998026633343563 0.002533299581305903 0.1841670566492014 0.06309664295822792 0.00269116660633504 -0.0142852133965457 -0.0002852461904629196 0.0004123340042725685
570 0.179529906680605 0.06549486699387458 -0.01283655871688224 -0.0002731033100333401 0.0004113860484498373 0.002471613986766604 0.1841247112615 0.06305447089369941 0.00262952123844006 -0.01427640322643231 -0.0003010537524247449 0.000423924754042023
580 0.1794967266766282 0.06544454946447857 -0.01282804558530247 -0.0002921775196750948 0.0004264669607108783 0.002388953755468896 0.1840913800751192 0.06300309748349849 0.002545815567527607 -0.01426704775661458 -0.00032107024681746 0.0004389287192239328
590 0.1794753957022214 0.06539659869240069 -0.01282159072832944 -0.0003124620930422899 0.0004444958921493892 0.002293553531533 0.1840695393189279 0.06295325520297326 0.002448523542311051 -0.01425998796647115 -0.0003418930436619213 0.000456790749772207
600 0.1794576923682729 0.06536400042309723 -0.01281634420745236 -0.0003292304552131981 0.0004627158607327026 0.002195523861868117 0.1840504254939256 0.06291763971473108 0.002348152073372481 -0.0142545660904867 -0.0003588412163368176 0.0004747899636603851
610 0.1794379794868217 0.06534388081180728 -0.01281055865016593 -0.0003357460805352965 0.0004734933783779905 0.002116706775504367 0.1840294475994503 0.0628947525832225 0.002267160997584402 -0.01424874965739013 -0.0003652319733888965 0.0004853401252727734
620 0.1794167850278415 0.0653227653219539 -0.01280343549171723 -0.0003257718305510718 0.0004695334476521829 0.002081883346688182 0.1840077790463484 0.06287188725476973 0.002230007915890998 -0.01424145601756202 -0.0003546984477501524 0.0004811012219104079
630 0.1794006439054617 0.06530058786702778 -0.01279836821564294 -0.000297230165722477 0.0004492828180365814 0.002106643337808098 0.1839918237691782 0.0628484987340375 0.002251170125987509 -0.01423608732045158 -0.0003247313740598626 0.000460431688172865
640 0.179400466761056 0.06529003114815241 -0.0128008546881771 -0.0002584137294032158 0.000421383478040807 0.002177070912612252 0.1839916484125644 0.06283621189038832 0.002315875325528328 -0.01423836225466893 -0.0002831382013089029 0.0004318995734865647
650 0.1794120420657805 0.06528128947171721 -0.01280834550001091 -0.0002263366478440946 0.0004006099937488689 0.002252274302372773 0.1840026530722496 0.06282543008293637 0.002383820746393659 -0.01424584763245616 -0.0002469742432978607 0.0004103331143158536
660 0.1794176116098005 0.06525855583311303 -0.01281392527488425 -0.0002110433627689848 0.0003928126623904337 0.002312993031400484 0.1840078195370828 0.06280107778297879 0.002438275763389773 -0.0142514765985184 -0.0002272007909830571 0.0004018267186967964
670 0.1794206161568811 0.06521948899445457 -0.01281622691509204 -0.0002112239354196956 0.0003950074462732023 0.002363131761375958 0.1840110967289548 0.06276112194151874 0.002486036288229164 -0.01425374510832715 -0.0002240212218983124 0.0004036927599544728
680 0.1794172395839287 0.06517279285295084 -0.01281323273841653 -0.0002220926844913086 0.0004050455549366475 0.002398140458390658 0.1840084751864666 0.06271388507210909 0.00252457394934834 -0.01425056505502785 -0.0002341051671786771 0.0004140053009599332
690 0.1794019098412523 0.06513298939718183 -0.01280671650904352 -0.000239118659895282 0.0004216148171688438 0.00240226619708127 0.1839934863898405 0.06267361762216619 0.002538827295398214 -0.01424378225380667 -0.0002539872579055025 0.0004315409296886367
700 0.1793803505358601 0.06510332051756697 -0.0128002171530914 -0.0002566224827799409 0.0004393003816297168 0.002373782057744411 0.1839719252769164 0.06264409242070883 0.002526588610354244 -0.01423685022926998 -0.0002782785270256705 0.0004508316752762672
710 0.1793645151661365 0.06508957754020672 -0.01279719861411205 -0.0002612928365164951 0.0004421764569336047 0.002353724259445619 0.1839559108380778 0.062631538615486 0.002525698188605432 -0.01423312578495818 -0.000292481254568635 0.0004556225085120165
720 0.1793690139240077 0.06508791374899574 -0.01279918795166097 -0.0002467125212702107 0.0004241833357753063 0.002372180726174758 0.1839602529903099 0.06263134122538735 0.002559535897643465 -0.01423429848886774 -0.0002871375045898056 0.0004391829639207124
730 0.1793821324633899 0.06509912055735913 -0.01280363260824336 -0.0002213163747633748 0.0003971260247639474 0.002417552359111098 0.1839731658134904 0.06264270209401705 0.002609942619552651 -0.01423820209789911 -0.0002670915119345788 0.000412682607021226
740 0.1793587959988763 0.06514096985206543 -0.01280566894567747 -0.0002003184877348146 0.000376086395746729 0.002458260290419751 0.1839489028608554 0.06268228319030504 0.002642936514186139 -0.01424029782464634 -0.000245468712232005 0.0003909847161045326
750 0.1793021730061367 0.06517343449473829 -0.01279848257139698 -0.0001913958712412536 0.0003674150773496619 0.002476836566996706 0.1838912550107219 0.0627113130149579 0.002643998637848212 -0.01423356521516477 -0.0002306180669318502 0.0003807228756447799
760 0.1792586953759178 0.06518977687870486 -0.01279417083444672 -0.0001989493720600691 0.0003769132775571655 0.00245312497671444 0.183847139030181 0.06272465309776319 0.002600450622144012 -0.0142297253308428 -0.0002298734245591376 0.0003883808452983573
770 0.1792416582569873 0.06520609694047054 -0.01280090728516062 -0.0002157431960576795 0.0003976116868495517 0.00239767072893526 0.1838299744594016 0.06273832664277512 0.002530638715267746 -0.01423683855154265 -0.0002397560594772845 0.0004077385360968438
780 0.1792239976758758 0.06522407570737124 -0.01280859537914151 -0.000231263318920968 0.000417780074818163 0.00233877974202879 0.183812441031848 0.06275364196168602 0.002466211054697126 -0.01424480724976263 -0.0002523546172201295 0.0004273870594972972
790 0.1792087950643765 0.06524230176778625 -0.01281816443790804 -0.0002384438121210952 0.000428263464153841 0.002300439267349911 0.1837968851355977 0.06276948940916069 0.002430584371067153 -0.01425454662460903 -0.0002609087655880685 0.0004381131738301036
800 0.1792040684982469 0.06525879935819315 -0.01283093253779101 -0.0002335195793369801 0.0004247453466694604 0.002297141741193718 0.1837911936310304 0.06278465880547293 0.002433765708295696 -0.01426720102737769 -0.0002596785971267903 0.0004351626421885157
810 0.179209684833803 0.06526857471238046 -0.01284498679960973 -0.0002204329030189061 0.000413959597975259 0.002317192441013662 0.1837959267486581 0.06279443993619739 0.002458939941315044 -0.01428077443359273 -0.0002498000879841468 0.0004247911022708259
820 0.1792081140331129 0.06526556189714867 -0.01285284973341156 -0.0002067901180094941 0.000405753106374866 0.002339965018128571 0.1837936092877049 0.06279184591906402 0.002482049952045283 -0.0142879791381892 -0.0002368489603702226 0.0004165484214993644
830 0.1791906656944814 0.06525836104267116 -0.01285280158318466 -0.0001946065837915485 0.0004021358031184827 0.002363390192325066 0.1837755503341463 0.06278467081968102 0.002500975403145038 -0.01428734473320064 -0.0002225816333813848 0.0004124656590030012
840 0.1791612672684965 0.06525937683533735 -0.01285020731288752 -0.0001827267095133622 0.0004007878082413078 0.002395473122027717 0.1837453764740473 0.06278518742809437 0.002526324540625698 -0.01428436840779989 -0.0002070997601650531 0.0004104667199362568
850 0.179131728964726 0.06526889464074567 -0.01284898785931772 -0.0001680305169505178 0.0003964984812223077 0.002449985580012495 0.183714859550988 0.06279385204800354 0.00257555105510771 -0.0142829604644351 -0.0001890261676328709 0.000405666321836331
860 0.1791078990455935 0.06527534173220768 -0.01284899659857274 -0.0001479424265766976 0.0003859507476660624 0.002533824694209864 0.1836901998053972 0.06279909650569532 0.002657681339518522 -0.0142829501912121 -0.0001670547849233723 0.0003949356939849235
870 0.1790920058610309 0.06527255074322579 -0.01285008605585194 -0.0001234039633022791 0.0003703415938116455 0.002636984037812365 0.1836739215386637 0.06279477483473879 0.002762981088750169 -0.01428418182555983 -0.0001426626949820467 0.0003795154292831945
880 0.1790813801008053 0.06525874761021858 -0.0128506690845621 -9.854747265610436e-05 0.000353427914205648 0.002746009806048923 0.1836629826590084 0.06277926522377192 0.002876879916453374 -0.01428501000832436 -0.0001197853641660419 0.0003630644117627672
890 0.1790687044783471 0.06523822436376854 -0.01284848498223707 -7.603094006224786e-05 0.0003376256791458501 0.002852888417239759 0.1836501286141407 0.06275774188492288 0.002989659018412417 -0.01428296037533796 -0.0001003820262078391 0.0003478457882083936
900 0.1790538067627747 0.06522362945525557 -0.01284456411914623 -5.777121598552533e-05 0.000325535947619966 0.002950272013753716 0.1836347660774324 0.06274286635848671 0.003092413676044947 -0.01427895030266327 -8.541590517099433e-05 0.0003363041914538355
910 0.1790408746008199 0.06522326828701842 -0.0128412325116819 -4.451816188326094e-05 0.0003171646469894619 0.003031621247956187 0.1836215844721497 0.06274280846656628 0.003177540825491211 -0.01427527121963066 -7.490798989834688e-05 0.0003283520809076116
920 0.1790343826358451 0.06522987080583166 -0.01283919139513103 -3.622165901594768e-05 0.0003107351899791598 0.003096767044998774 0.1836150111370456 0.06274988505838967 0.003244206757823058 -0.0142727767652655 -6.864325080750823e-05 0.0003221603077006903
930 0.1790331789612445 0.06523278145091164 -0.01283719614605323 -3.506442103223723e-05 0.0003071881035487125 0.003137392083155354 0.1836135122913745 0.06275294174209678 0.003285189911379102 -0.01427044202172536 -6.917609281309501e-05 0.0003187706015170401
940 0.1790369457752574 0.06523373755215715 -0.01283512400114473 -4.516356248772513e-05 0.000310512109635119 0.003142354441329758 0.1836168146810589 0.06275373663883804 0.003289763824885666 -0.01426814589268924 -8.090733347721498e-05 0.0003221908743806302
950 0.1790489946918479 0.06523623350846895 -0.01283498105864125 -6.874468590035282e-05 0.0003233766333891737 0.003102863326946361 0.1836283883644755 0.0627563499454344 0.003249617311953311 -0.01426775516407429 -0.000106081939886645 0.0003351293925687921
960 0.1790734274599807 0.0652347338328432 -0.01283885949020678 -0.0001016668144082168 0.0003435634495111798 0.003024058718310082 0.1836526727198264 0.06275553818005844 0.003169568429686486 -0.01427121387771428 -0.0001403845202626258 0.0003553282851884625
970 0.1791038955967394 0.06522066294801501 -0.01284461329749309 -0.0001307759230011495 0.0003612314371606915 0.002935545171417472 0.1836830483046604 0.06274248301252996 0.003079601024514758 -0.01427638085545171 -0.0001706658617581588 0.0003729859873944979
980 0.1791211469771106 0.06519197494214658 -0.01284531646831137 -0.0001455777549785473 0.0003691206911052141 0.002857583305877772 0.1837002221032455 0.06271534663325111 0.002999646117021242 -0.01427636823522287 -0.0001863512074280967 0.0003808028702117381
990 0.1791149176393519 0.06515125620166423 -0.01283600139779215 -0.0001467973405868436 0.0003689756717329788 0.002785600196860713 0.1836935314258282 0.06267658814546746 0.002925442419743199 -0.01426628110710689 -0.0001879831027715231 0.0003805337745710762
1000 0.1790921710864801 0.06510807911820267 -0.01282069008175759 -0.0001409640863381053 0.0003639976155484298 0.002719460868790302 0.1836705913960111 0.062635483725789 0.002856205701880759 -0.01425022703554948 -0.0001816214286701456 0.0003753008679617932
1010 0.1790576397248443 0.06506636266054427 -0.01280443884507822 -0.0001308417746742862 0.0003527308754616948 0.002682181153180079 0.1836357733056011 0.06259543268075085 0.002813706754018942 -0.01423340926479481 -0.0001693169260175578 0.000363525824216032
1020 0.179026224380237 0.06501872638057256 -0.01278950561557181 -0.0001231340166131064 0.000343605434992088 0.002670690405464831 0.1836043737534707 0.06254906374715266 0.002794131055938349 -0.01421810474836343 -0.0001571826996799949 0.0003535710871369871
1030 0.1790540397414998 0.06498020959345886 -0.01279111776962318 -0.0001376661547508149 0.0003605445924800643 0.002620822595407094 0.1836323156988847 0.06251158178727689 0.002734475680152961 -0.01421950700605264 -0.0001654302663499056 0.0003695011673063297
1040 0.1791051655875959 0.06496689817534375 -0.01280109398642049 -0.0001706066780369775 0.0003991971690299273 0.002529548120962778 0.1836835942301892 0.06249930246100803 0.002636213610621998 -0.01422932958285929 -0.0001920238840806283 0.0004074003546000934
1050 0.1791291097037174 0.06494193261881154 -0.0127952762800229 -0.0001951720238045984 0.0004315565613509289 0.002460316601168944 0.1837075719419712 0.06247490420015708 0.002567108139551728 -0.01422346262679685 -0.0002128444794711636 0.0004397020562383491
1060 0.1791146283993544 0.06492842235415659 -0.01277756942511075 -0.000180975364051204 0.0004309434958800528 0.002499545373991576 0.1836929422769374 0.06246146004469229 0.002615941024249482 -0.01420590435695647 -0.0001995595284107698 0.0004399536524164975
1070 0.1790944356931961 0.06496766561514922 -0.01277394719018038 -0.0001225599500535434 0.000391699983978756 0.002654508978338441 0.1836725428304039 0.06250053296887799 0.002787864891718285 -0.01420256475839431 -0.0001465414825864178 0.0004022764903590862
1080 0.179076404451603 0.06502125915458486 -0.01278440616159651 -5.364711380416521e-05 0.0003394849362652981 0.002835829528099133 0.1836542196308823 0.0625540900963537 0.002986639468630106 -0.01421327396570788 -8.471037105204955e-05 0.0003516675687688312
1090 0.1790391548054696 0.06501703098790532 -0.01278139354863922 1.74556260722677e-05 0.0002767128995630478 0.003070343971107295 0.1836162234250845 0.0625499533798833 0.003231216391052614 -0.01421034946062409 -1.837534832516562e-05 0.0002897910800445175
1100 0.179001937902123 0.06495960848263198 -0.01276103476207428 7.959490973963022e-05 0.0002132368070428599 0.003343638286362524 0.1835785704463976 0.06249271675409593 0.003504191841117563 -0.0141899123741073 4.388025233128474e-05 0.0002262266828773605
1110 0.1789906671624231 0.06489771695612463 -0.01273986661153772 0.0001080666826506626 0.0001743680057326518 0.003559779152943073 0.1835670881114909 0.06243101624008893 0.003711660566220926 -0.01416863886598416 7.687342600601443e-05 0.0001865352370861156
1120 0.1790008137953671 0.06488905009269348 -0.01273489019454949 8.548901958957976e-05 0.0001807236855569082 0.00362967014702157 0.1835773629759804 0.0624225509039498 0.003772778555551238 -0.01416356327802836 5.964088696552686e-05 0.0001921494904875843
1130 0.1790507651607573 0.06494764845725685 -0.01275635331835569 -2.950936916752288e-07 0.0002420752282438383 0.003489261307516741 0.1836273652880168 0.06248129395085521 0.003633321892173119 -0.01418497668296632 -2.506296789963187e-05 0.0002537770944465701
1140 0.1791568613514632 0.06507296969930311 -0.01281309492195184 -0.0001456200375262203 0.0003500741052486561 0.003137145535086568 0.1837334758591978 0.06260665897506869 0.003297353234329636 -0.01424170342097189 -0.0001771936851985006 0.0003635487166341462
1150 0.1791854359401442 0.06518146326297228 -0.01285717170730659 -0.0003119588348323078 0.0004743344807186469 0.002667793608233844 0.1837621603198857 0.06271500424495696 0.002856062698404778 -0.01428589007949878 -0.0003578502207440959 0.0004907343588434762
1160 0.1790363805260411 0.0651636977316255 -0.01283099689350157 -0.0004662595522713974 0.0005980111478654193 0.002133472631576397 0.1836129442096151 0.0626968372616377 0.002351481740041484 -0.01425998834559964 -0.0005295979068576318 0.0006174947019752719
1170 0.1789178399736229 0.06506340978194354 -0.01278659522591049 -0.0005941772420065712 0.0007151185368121341 0.00155254421527304 0.1834941817287757 0.06259611638100979 0.001790801682943077 -0.01421581167416166 -0.0006722788319188512 0.0007367622602658319
1180 0.178857184608887 0.0650219066424798 -0.0127643077312306 -0.0006572538299744052 0.0007830204452098973 0.001085906040335904 0.18343342769531 0.06255427306109734 0.001326295147192363 -0.01419345402406624 -0.0007424398657933074 0.0008050326062235009
1190 0.1788192477297829 0.06511934464695421 -0.01277451407823893 -0.0006554953772618139 0.0007911503657142995 0.0008138535488846266 0.1833955482189364 0.06265134301056348 0.00103316682852976 -0.01420339019782554 -0.0007363292444798561 0.0008111592945290937
1200 0.1787989941891416 0.06527509673794096 -0.01280180788050832 -0.000609264029963578 0.0007529264773118205 0.0007481501143635632 0.1833760870596067 0.06280566402372054 0.0009222750854949392 -0.01423063851823786 -0.000672101266164015 0.0007684104338828406
1210 0.1789172876533904 0.06543668818682277 -0.01287557479708601 -0.0005422127331734482 0.0006953707567309893 0.0008403807272820191 0.1834956911687129 0.06296318722910829 0.0009518878611393986 -0.01430522641232866 -0.0005746538338924946 0.0007044867518931788
1220 0.1790651943652453 0.06547938686515446 -0.01293703335563802 -0.0004700286047947808 0.0006350839177546208 0.001050025787251046 0.183644943173601 0.06299851657942031 0.001097653285225438 -0.01436868523995399 -0.0004663271842260052 0.000637631210822532
1230 0.1791440191849362 0.06533068759149493 -0.01293609771320663 -0.000365588685165896 0.0005542882481620387 0.001424347134221027 0.1837252035441525 0.06284146390369566 0.001430060216288867 -0.01437035157419364 -0.000331150404611618 0.0005523498629669915
1240 0.1792058946422175 0.06510022927609421 -0.01290460875112816 -0.0002464617019232311 0.0004728901493388527 0.001861345758147791 0.1837882710009775 0.0626067265904105 0.001862661013312545 -0.01434039144245491 -0.000196720546487073 0.0004700913047452977
1250 0.1792298355488513 0.06489289742246876 -0.01286317720956308 -0.0001236653283167209 0.0003908710441267185 0.002334640814851746 0.1838131730871437 0.06240246435976694 0.002370700554381527 -0.0142980052358673 -7.773039063437338e-05 0.0003910158990327549
1260 0.1792325120231793 0.0647420662069472 -0.01282556733169657 -1.288593481168429e-05 0.0003157898235235018 0.002786278720349614 0.1838162730262138 0.0622624722901414 0.002882654291376092 -0.01425668182063324 1.415538140517027e-05 0.0003214536195532504
1270 0.1792296931139013 0.06461955795271808 -0.01278808683503413 6.676987572432851e-05 0.0002570761767375472 0.003167488960468808 0.1838126622840267 0.06215570815297784 0.003331062017217861 -0.01421403631723895 6.784076040832715e-05 0.0002690768664699017
1280 0.1791969741632281 0.0645142478712248 -0.0127433770669823 9.79013271479228e-05 0.0002291586954597246 0.003425774082331734 0.1837774257413619 0.06206513359482443 0.003648341303024815 -0.01416491204648402 7.303915788847248e-05 0.0002469019476235972
1290 0.1791509790098158 0.06447062707704176 -0.01270563314789459 6.628758506855861e-05 0.0002485486796402406 0.003499069934755292 0.18372770005875 0.06202980855524359 0.003763622430557053 -0.01412520634227906 1.948699401111531e-05 0.0002705960431825014
1300 0.1791290016871839 0.0645072750955414 -0.01269382564591326 -2.712489207925738e-05 0.000313922619671916 0.003376361562435908 0.1837027398697375 0.0620679514538107 0.003662846188127639 -0.01411401353731749 -9.053922486131252e-05 0.0003384929431277978
1310 0.1791302194828474 0.06458889325597841 -0.01270410570089258 -0.0001607821450573944 0.0004061143165334702 0.003103865369595425 0.183701805137793 0.06214514806612303 0.003394569359432816 -0.01412675703839193 -0.00023609625745274 0.0004315844258456018
1320 0.1791462855742685 0.06468931614033392 -0.01272832611983618 -0.0002922732568163847 0.00049370384202817 0.002765143611290587 0.1837171364027061 0.06223899980525947 0.003045677500067226 -0.01415378808364949 -0.0003756249778377974 0.0005187150302759844
1330 0.1791592963778252 0.06479681877007468 -0.01275496708634494 -0.0003881977211827776 0.0005543614964516961 0.00241836917619063 0.18373072990869 0.06234109420062164 0.002678664827581976 -0.01418266548607832 -0.0004763106739659843 0.0005778861175921236
1340 0.17911761309138 0.06485724286727999 -0.01275078325552759 -0.0004548086985291463 0.0005999802984504017 0.002048364377472182 0.1836912905508201 0.06239778389101144 0.002280628031912722 -0.01418013176412026 -0.0005436345664928708 0.0006211605075165693
1350 0.1790842575115867 0.06485467115749491 -0.01273515103922402 -0.0004929039816509896 0.0006336597485080943 0.001694743739235597 0.1836618485337665 0.0623934741040945 0.001890299879848118 -0.01416574676170504 -0.0005762705903319279 0.0006515315313355064
1360 0.1790983982940582 0.06486169182279132 -0.01272951719366678 -0.0005019392984871599 0.0006525767029294852 0.001418681424130828 0.1836806720121107 0.06239985213508142 0.001567082193671422 -0.01416104147059983 -0.0005710695164062668 0.0006659710610314608
1370 0.1790920158923529 0.06491105003820455 -0.0127226690717405 -0.0004502900950205526 0.0006195466276679128 0.001386171964430884 0.1836789056273459 0.06244829862876738 0.001478218419487064 -0.01415506886434759 -0.0004954829644109901 0.0006274085702010344
1380 0.1790841319745348 0.06500322709663542 -0.01272545424268012 -0.0003338859946138127 0.0005348189496505987 0.001603112468310874 0.1836753606949881 0.06253861488526494 0.001637249507670853 -0.01415888230812133 -0.0003485325398507697 0.0005368723378981346
1390 0.1791350498019822 0.06507569263242717 -0.01274092489610492 -0.0002093875563707355 0.0004497065776206424 0.001890204223239808 0.1837302940634452 0.06260946799687829 0.001878571642350677 -0.014175397562186 -0.0001936737493295947 0.0004470247535861058
1400 0.1792142184558102 0.06498248679810692 -0.01272558955207716 -0.0001022457344433694 0.0003741947062981507 0.002231195104680857 0.1838129017821195 0.06251501388045765 0.002199296484150225 -0.0141610155436525 -6.447316595014072e-05 0.0003691733628322841
1410 0.1792437915865846 0.06474852194346252 -0.01266368535981362 -4.014283948873318e-05 0.000323526962206373 0.002560539507677706 0.1838446915223042 0.06227929353588262 0.002539730120939642 -0.01410017816496658 6.143274329006737e-06 0.0003191355048557388
1420 0.1792537181581998 0.06458010252382425 -0.01260975173634594 -5.354817637968939e-05 0.0003297832846589444 0.002751854091539214 0.1838563433501145 0.06211055741646074 0.00277043189646166 -0.01404676404641706 -1.301043901258473e-05 0.0003287667575156635
1430 0.1792632367676547 0.06451535184940541 -0.01258382064119009 -9.779586076158447e-05 0.0003613295356659996 0.002875947933670043 0.1838671515467883 0.06205069577462001 0.002953283459598252 -0.01401966322403793 -7.462603333368117e-05 0.000365715897090641
1440 0.1792732877729067 0.0645553004606946 -0.01258410259220137 -0.000160011423253685 0.0004176400275040614 0.002857984818029741 0.1838774900780872 0.06210007632398096 0.003004852978996274 -0.01401705719916018 -0.0001624413429440588 0.0004287037005433172
1450 0.1792717491741169 0.0646826219727783 -0.01259474354940404 -0.0002171388794346467 0.000469779332663369 0.002727623825703769 0.1838751417326314 0.06223759704572026 0.002946496673756288 -0.01402436488797106 -0.0002504062349222085 0.0004879807583742246
1460 0.1792480333850918 0.06481986519070303 -0.01260359602257894 -0.0002469292103281343 0.0004939575351781136 0.002579175455517691 0.1838498217417651 0.06238164705996226 0.002860782931275428 -0.01403124285484259 -0.0003117028332075096 0.0005185415369661817
1470 0.1792229378848548 0.06489367258969847 -0.0126088497371983 -0.0002491587299750337 0.0004931090238441666 0.002462804232889129 0.1838236325404879 0.06245640523056215 0.002783215036443187 -0.01403687436181523 -0.0003388909578266074 0.0005218007578132287
1480 0.1792363146601478 0.06491398563568528 -0.01261549747101483 -0.0002382710626852156 0.0004828602877557462 0.002372631808712816 0.1838370145612278 0.06247357631162436 0.002695392117655214 -0.01404546195000478 -0.000339005676861783 0.0005121082393109526
1490 0.1792342233833295 0.06494337875248618 -0.0126166564705531 -0.0002231088301689175 0.0004713627402855953 0.002320610010143455 0.1838373802170708 0.06249953449644469 0.00260697515315744 -0.01404834728781174 -0.000317033679627517 0.0004973596356465087
1500 0.1792097873546768 0.06497431486060601 -0.01260976269037099 -0.0002023853719391364 0.0004574917814178206 0.002329637313237667 0.1838164998855845 0.06252892787872769 0.002551041697669033 -0.01404197787394439 -0.000273828650782887 0.0004774140230843256
1510 0.179195320889416 0.06498954455257135 -0.012599812992472 -0.000173809285901534 0.0004360607591583917 0.002410622868426694 0.1838060635280265 0.06254389956754003 0.002558894156727701 -0.01403167055761776 -0.0002152148895113094 0.0004490384470832612
1520 0.1792032197877725 0.06499054005360247 -0.01259093751778273 -0.0001408596203230946 0.0004083531739436981 0.002547711687924437 0.18381705338193 0.0625452708003499 0.002637232678204748 -0.014022163716223 -0.0001549922994593828 0.000415646940975598
1530 0.1792188138256266 0.06498501321617428 -0.01258414511162192 -0.0001119055062127998 0.0003841167681280035 0.002698448427080424 0.1838341663613621 0.06254060548588786 0.002757028136061998 -0.01401481295849772 -0.0001087930591016468 0.0003882627026787036
1540 0.1792240996724042 0.06497270377054951 -0.01257656707582933 -9.294113652287817e-05 0.0003700608715979694 0.002828001424126252 0.1838385333804912 0.06252783234234419 0.002884784472554853 -0.01400721089361739 -8.490430657053683e-05 0.0003737863020010055
1550 0.179215543089531 0.06497194124452074 -0.01257190398065037 -8.968755019898568e-05 0.0003719510246137824 0.002905500673280445 0.1838282150560827 0.06252553528440226 0.002984948082215637 -0.01400298573418195 -8.752906271471602e-05 0.0003776371604053621
1560 0.1791997916547354 0.0650050400886215 -0.01257489669607257 -9.843291807597193e-05 0.0003845882475787579 0.002932478963333678 0.1838108312446352 0.06255697340124346 0.00304852243171497 -0.01400666925145229 -0.0001088016892276811 0.0003937057585628043
1570 0.1792014034142866 0.06506134912040153 -0.01258815915629546 -0.000109528721028457 0.0003952093187151601 0.002930442807179546 0.1838111115178225 0.06261102229691361 0.003085697077341303 -0.01402080840545539 -0.0001346551301563076 0.000408145290150596
1580 0.1792143371707184 0.06511970019831061 -0.01260635561639512 -0.0001186866421859472 0.0003998171571261275 0.002909402591380096 0.1838237543120619 0.06266682405694615 0.003097766006791162 -0.01403988053330582 -0.0001575617204248691 0.0004161006474621971
1590 0.1792294553139449 0.06515142758178732 -0.01261957920913828 -0.000128026563883975 0.000404348436377133 0.00286178429164301 0.1838388381190036 0.06269640411480371 0.003072652034763691 -0.01405370572766627 -0.000177750075603475 0.0004230238852385312
1600 0.179248025086473 0.06514695757180243 -0.01262600534128936 -0.0001385740675110855 0.0004123584117102968 0.002793442253354116 0.1838580807405716 0.06269038555751599 0.003013885165923004 -0.01406031258331858 -0.0001949589502161477 0.0004321747088175312
1610 0.1792592921042872 0.06512833180899263 -0.01262649067638827 -0.0001452902965143221 0.0004171644598467013 0.002741859395813863 0.1838705199092605 0.06267091042876874 0.002958252207979428 -0.01406054831940386 -0.0002033832213733518 0.0004367576605457523
1620 0.1792586346497557 0.06511075122020052 -0.01262348556780074 -0.0001448115326706698 0.0004155466914162534 0.002726029370389051 0.1838714486173512 0.06265335726806549 0.002926743754778246 -0.01405685704381218 -0.0001994901434301776 0.0004337242156016784
1630 0.1792527532328536 0.06509220207742379 -0.01261831606298576 -0.0001404865472229741 0.0004114859461282876 0.002732443794977517 0.1838666761824204 0.06263563000517049 0.002910620192400295 -0.01405072168712758 -0.0001877717682200645 0.000427514809455832
1640 0.1792473613621109 0.06506872233935079 -0.01261215947838242 -0.0001360533122072528 0.0004084060845581907 0.002744995462749187 0.1838618765023738 0.06261342942603204 0.002900672610974466 -0.0140434424243892 -0.0001743300782455753 0.0004222357065710568
1650 0.1792431140621026 0.06504461344112687 -0.012606587430016 -0.0001320816860439541 0.000405875270107659 0.002762485525492991 0.1838570442110678 0.06259040481356548 0.002901542967785448 -0.014036912619205 -0.0001624555714838142 0.0004180437926057105
1660 0.1792369419727526 0.06502639092926951 -0.01260285068499853 -0.0001307415891500966 0.0004058233088472504 0.002778062249211182 0.1838496857704168 0.06257269586279707 0.00290984850642967 -0.01403257822408505 -0.0001562524281806165 0.0004172150177001506
1670 0.1792275935302814 0.06501778984196217 -0.01260170080139895 -0.000134069512435941 0.0004097750822261768 0.002781848168126743 0.1838386983713341 0.06256398490929523 0.002915126143046244 -0.01403122429188494 -0.0001582348372650507 0.0004212465375284924
1680 0.1792173935177958 0.06502174561699933 -0.0126042735165556 -0.0001409038505143327 0.0004159956953982233 0.002775603524774464 0.18382688520757 0.06256755598659589 0.002916661374590756 -0.01403377875407313 -0.0001665509344305577 0.0004281582329370573
1690 0.1792123379176777 0.06503756900004758 -0.01261133293129001 -0.0001486344525776454 0.0004223028917933542 0.0027615163637833 0.1838206042919489 0.0625828587237923 0.002913325112275979 -0.01404089173431034 -0.0001774331290629769 0.0004354562773631949
1700 0.1792120966747216 0.06505611199131039 -0.01262072362859829 -0.0001557594301755472 0.0004278225092424521 0.002739114453347056 0.1838190439056991 0.06260030380881552 0.002902213406194051 -0.01405049752386251 -0.0001884757126313491 0.0004420373097058805
1710 0.1792128202770265 0.06506546921295715 -0.0126291220673072 -0.0001623218181262175 0.0004324819625256209 0.002709270735543903 0.183818837902843 0.06260818327036684 0.002882188719451743 -0.01405924363500877 -0.0001990859464693579 0.0004476375585743551
1720 0.1792139951466888 0.06505939420637404 -0.01263425911234331 -0.0001679612292991215 0.0004362704859995921 0.002677151708323588 0.1838194161049869 0.0626001935104662 0.002856753876594799 -0.01406479272687532 -0.0002081806543369144 0.0004520686493678588
1730 0.1792130517651752 0.06504610687818904 -0.01263666084349002 -0.0001709841912530839 0.0004386274175771504 0.0026500442276484 0.1838180792898326 0.06258476389422631 0.002832188768282441 -0.01406762687433617 -0.0002133101072858047 0.0004546698302180639
1740 0.1792108029928724 0.06503029385241181 -0.01263748509878422 -0.0001689593030854999 0.0004373580484684564 0.0026404314413373 0.1838155051955173 0.06256703533144962 0.002820135618857983 -0.01406879801509121 -0.0002114447608404476 0.0004531585098394371
1750 0.1792066662807802 0.06501000251294005 -0.01263644610278524 -0.000160952378659643 0.0004308038979974719 0.002654143623483053 0.1838114114225439 0.06254543756149292 0.0028275668117178 -0.0140678991235131 -0.0002016409505867545 0.0004459736911881932
1760 0.1792006308205564 0.06498204611474384 -0.01263257013847664 -0.0001494134016809286 0.0004213430258496479 0.00268321048976179 0.1838052973934351 0.06251682263480156 0.002848406734168538 -0.0140639320600534 -0.0001870083727192465 0.0004356928433322356
1770 0.1791938471837038 0.06495048515625958 -0.01262656712364157 -0.0001377201572469642 0.0004123896356326532 0.002717030726344225 0.1837982622531484 0.06248524069519727 0.002875201612870839 -0.01405762585918615 -0.0001720672562498389 0.0004260338621747351
1780 0.1791857597286704 0.06492196195365868 -0.01262024087381987 -0.0001285366977037667 0.0004060639212752946 0.002750971532913779 0.1837896945070789 0.0624571341136971 0.002904765558592072 -0.01405093334070104 -0.0001604827498285681 0.0004192579096184099
1790 0.1791764996555705 0.06490448092899954 -0.01261571504180732 -0.0001230270953340024 0.0004028818027474082 0.002781500639951787 0.1837798318584482 0.06244020648223583 0.002934441268861662 -0.01404603535558495 -0.0001539277625064793 0.0004159570082882126
1800 0.1791661730709635 0.06490229841165782 -0.01261480517803419 -0.0001213030466181231 0.0004026939617796258 0.00280438577365321 0.1837689024291179 0.06243874879252694 0.002959772962022234 -0.01404479473976179 -0.0001525977404828193 0.000415981751890056
1810 0.1791577406004098 0.06491392277968505 -0.01261756958188269 -0.000122350939741162 0.0004037917465120394 0.002820935678266354 0.1837597210270255 0.06245090408835022 0.002980736738850664 -0.01404734274301594 -0.0001552034931800541 0.0004174939302303378
1820 0.1791562573691006 0.06493189481561602 -0.01262378748582779 -0.0001245333443897931 0.0004044831938977442 0.002830951146550605 0.1837575899482155 0.06246885046449611 0.002996489224974008 -0.01405354471883559 -0.0001597140682096406 0.000418736418784888
1830 0.1791584139188276 0.06495054102498199 -0.01263150125257479 -0.0001274428199939593 0.000405295630530906 0.002830746727714592 0.1837589540971303 0.06248674537258709 0.00300191963536578 -0.01406154364814498 -0.0001653439188781152 0.0004201146391968042
1840 0.1791599460509002 0.06496360127523473 -0.01263847967064965 -0.000131605992464941 0.0004077418064499096 0.002816352735793207 0.1837602059695348 0.06249832330480655 0.002992226960266106 -0.01406907797687 -0.0001722443062753968 0.0004230480107907798
1850 0.1791616044553007 0.0649684432556388 -0.01264358636356498 -0.0001369612031600129 0.0004116107923422527 0.002790134945974855 0.1837615575959662 0.06250122446885502 0.002968431637421253 -0.0140749173812153 -0.0001798110232520668 0.0004271930415069938
1860 0.1791634213792147 0.06496871041296347 -0.01264694552074074 -0.0001424242343798403 0.0004156676539280454 0.002759997134817984 0.1837636551447661 0.06249969154083262 0.002937573967199355 -0.01407891291124293 -0.0001862759354753478 0.0004312133323683955
1870 0.1791661867848758 0.06496782978098237 -0.0126493111831925 -0.0001453201502949248 0.0004170869839167187 0.002738709485834138 0.1837665923781708 0.06249740458828333 0.002911984993125866 -0.01408173243687314 -0.0001885217884642129 0.000432239388199214
1880 0.1791697760838607 0.06496428784300229 -0.01265054837039903 -0.0001440972250612778 0.0004144725543965012 0.002732679091396212 0.1837707244663835 0.06249312532565811 0.002899092337104057 -0.01408309578055522 -0.0001851077758705785 0.0004289699866051244
1890 0.1791729661771805 0.06495435356438584 -0.01264996236647319 -0.0001399779422042987 0.0004095738215197767 0.002736798041291523 0.1837741339923683 0.06248310716338141 0.002895564170446282 -0.01408238803468828 -0.0001779683499143777 0.000423332982557376
1900 0.1791743441311799 0.06493972642996612 -0.01264766075626229 -0.0001358868975544147 0.0004060468349836948 0.002740813840817913 0.1837757038893488 0.06246902075430715 0.002893413011919239 -0.01407972467279785 -0.0001709822584542836 0.0004191999763833212
1910 0.1791727523582974 0.06492705170845496 -0.01264474535809961 -0.0001337252039864965 0.0004054801094860228 0.002741310176382848 0.1837741868259823 0.06245733244268621 0.002890459445066172 -0.01407632770163358 -0.0001667610002548346 0.0004182778623623513
1920 0.179168051078539 0.06492051860626145 -0.01264233101235391 -0.0001335085116554035 0.0004070769068903828 0.002740285258787151 0.1837690955859394 0.06245205177607686 0.00288896781056149 -0.01407339124850661 -0.000165612041484586 0.0004197974042184801
1930 0.1791620040641403 0.06491990628057405 -0.01264107112907289 -0.0001343423350641703 0.0004090689089309151 0.002740252883601548 0.1837628489558766 0.06245284362235629 0.002890993672625007 -0.01407158813649345 -0.0001665337940078313 0.0004219497402915565
1940 0.1791566945451344 0.06492090236196039 -0.01264084070771983 -0.0001349108572695153 0.0004099574734090745 0.002742880170670886 0.1837569350917067 0.06245504815219062 0.002897080029640339 -0.01407091536596657 -0.0001678912080800991 0.0004231414584290413
1950 0.1791529830869448 0.06492223576303294 -0.01264153210528371 -0.0001341423582835499 0.0004093416462061896 0.002747884079832277 0.183752832932342 0.0624571657955141 0.002906268590930736 -0.01407133211031053 -0.0001683140583770566 0.0004229052007854124
1960 0.1791493642711552 0.06492258281395402 -0.01264245756174493 -0.0001324851091155384 0.0004083637990064118 0.002751862590325504 0.1837485762958387 0.06245761789295047 0.002914288526699181 -0.01407227760087232 -0.000168042309953744 0.0004223049668406927
1970 0.1791445766119558 0.06492042490142062 -0.01264276836911149 -0.0001302680001632154 0.0004075247352670422 0.00275447102979198 0.1837433651664587 0.06245495277657245 0.002920182276799519 -0.01407283124726116 -0.0001671833034930209 0.0004217769311734563
1980 0.1791386028175664 0.06491471297872603 -0.01264201756118391 -0.0001271124995496005 0.0004061464494443087 0.00275912222088143 0.1837373973882741 0.06244849303796147 0.002926670220508027 -0.01407244491364873 -0.0001650657665070349 0.0004205708083268585
1990 0.1791320447709149 0.06490652819396064 -0.01264027496123168 -0.0001223998432671675 0.0004032662899363202 0.002770455643984477 0.1837305617963787 0.06243922881119247 0.002937775954799009 -0.01407113171958512 -0.0001607264876902367 0.0004176588951849072
2000 0.1791270535144054 0.06489799285383781 -0.01263805839002924 -0.0001160607378474613 0.0003988784253628276 0.002789924712017857 0.1837257939187484 0.06242975877410494 0.002955299315943806 -0.01406924376810692 -0.0001539176736134479 0.0004130651360963532
2010 0.1791225570328078 0.06488934233232667 -0.01263553699636119 -0.0001082067885465518 0.0003928986311072522 0.002817834001105592 0.1837211539939317 0.06242046693715661 0.002979881533250821 -0.01406693663093507 -0.0001449271604420988 0.0004067551558601917
2020 0.179118483716149 0.06488114123157042 -0.01263276809223076 -9.99910054667392e-05 0.0003863020219523378 0.002850831904885529 0.183717232959778 0.06241206443219594 0.0030095566214891 -0.01406420095654627 -0.0001353453125926797 0.0003998263796386339
2030 0.1791144221538031 0.06487477516856149 -0.01263005863959846 -9.279690514060878e-05 0.0003804602363990437 0.002882955921586425 0.1837131952140982 0.06240578674448393 0.003039449985871751 -0.01406141477045991 -0.000127092332243342 0.0003937671844474165
2040 0.1791089994673317 0.06487489067888126 -0.01262806729280232 -8.762571486870452e-05 0.0003765153777134483 0.00291095659548913 0.1837076203549742 0.06240623102996607 0.003066624143527071 -0.01405926535563572 -0.0001214774037156287 0.0003897411193299532
2050 0.1791033992181735 0.06488346150318915 -0.01262764336036123 -8.4210981068427e-05 0.0003739179450045372 0.002933233837023936 0.1837019096614662 0.06241520967815907 0.003090018715927703 -0.01405865120372271 -0.0001183737914715653 0.0003872508711071477
2060 0.1790978882797291 0.06489847327530854 -0.01262888689055107 -8.259906775522497e-05 0.0003725914981229785 0.002947302939964264 0.1836961072727887 0.06243054932291973 0.003106262961691243 -0.01405976045855654 -0.0001177506362599279 0.0003861443208532121
2070 0.1790914265120402 0.06491685522297701 -0.01263071320440332 -8.226844212631732e-05 0.0003719222851018893 0.002953470503197456 0.1836893534560524 0.0624490210464006 0.00311542656300656 -0.01406153889778156 -0.0001188690245531563 0.0003857763185809161
2080 0.1790848219007899 0.0649373026344907 -0.01263329488959356 -8.242772104017333e-05 0.000371551959015007 0.002952697074392452 0.1836825090335003 0.06246928946342859 0.003117441843892913 -0.01406419274655524 -0.0001205983762276686 0.0003856984387902478
2090 0.1790787400003183 0.064959792996423 -0.01263660533247883 -8.265810581305611e-05 0.0003713157865226381 0.002948012408779795 0.1836762067956547 0.06249122485318629 0.003114539181742107 -0.01406766427602328 -0.0001221229368545164 0.0003856612499620539
2100 0.1790719406106176 0.06498253669776284 -0.01264019815327575 -8.263871144987596e-05 0.0003709475897798787 0.002941212595997559 0.1836692515598524 0.06251338850113843 0.003107828990101945 -0.01407144393655923 -0.0001227845848832787 0.0003853248846258433
2110 0.1790654678946459 0.06500303958144485 -0.01264373222931113 -8.204836228564233e-05 0.0003699139978444435 0.002935159670625111 0.1836627794899851 0.06253337530744503 0.003100282913257614 -0.01407508132093958 -0.0001221220388892926 0.0003841665096911763
2120 0.1790595817801789 0.06502198369776506 -0.01264755501805431 -8.106058093625707e-05 0.0003685136238494556 0.002930909382517703 0.1836568359949769 0.0625519985046141 0.003093283526933295 -0.01407890320468048 -0.0001203408338299149 0.0003825098357395452
2130 0.1790549499370492 0.06503948202473075 -0.01265175217657057 -7.941039434422906e-05 0.0003667441030690614 0.002930051545410234 0.1836521221519333 0.06256943241107293 0.003088977708297269 -0.0140829885757001 -0.000117415846597823 0.0003804106713353466
2140 0.1790510814007562 0.06505546883045808 -0.01265628607881916 -7.720118189195775e-05 0.0003645480800807303 0.00293190308208615 0.1836480418231165 0.06258544555256912 0.003087811408136726 -0.01408734949180257 -0.0001137981157517645 0.000377914293792352
2150 0.179047435320256 0.06506923364200808 -0.01266098959287202 -7.44710828398698e-05 0.000361700776837324 0.002937265128758346 0.1836440947877455 0.06259940028583942 0.003090856758597828 -0.01409184490111103 -0.0001098506904899071 0.0003748327584649702
2160 0.1790440806838229 0.06508031829277618 -0.0126656539277119 -7.151018885575974e-05 0.0003586444798876441 0.00294495961529581 0.1836403511851119 0.06261069417117186 0.003097690711071918 -0.01409627434109742 -0.0001060926496966813 0.0003716722197189911
2170 0.1790418320690278 0.06508888438971887 -0.01267045633530657 -6.881239684200457e-05 0.0003559473801693041 0.002953417985643463 0.1836375155899155 0.06261949486398447 0.003106284107730026 -0.01410084276350001 -0.0001030511388890757 0.0003689654588939379
2180 0.1790406630676649 0.0650958187474429 -0.01267555655079832 -6.677419214869982e-05 0.0003539109749644809 0.002961258866201529 0.1836358430315783 0.06262674902539211 0.003115389091363679 -0.01410567529685675 -0.0001010764388810608 0.0003670257386122488
2190 0.1790395771618 0.06510062473812703 -0.01268055543752169 -6.559295180918952e-05 0.0003525741501667117 0.002967223154788467 0.1836338762329223 0.06263183485612403 0.003123147630333482 -0.0141103950829432 -0.0001002575192733807 0.0003658405593715773
2200 0.1790390162481945 0.06510196372475047 -0.01268507292721025 -6.515263167610104e-05 0.0003518564073916362 0.00297082293620324 0.1836327559064717 0.06263364054302768 0.00312878923195132 -0.01411456797894154 -0.0001003971182752611 0.0003653044745168415
2210 0.1790382943261699 0.06510066537796298 -0.01268925152383507 -6.518131990959465e-05 0.000351303345008156 0.002972268139430852 0.1836311643192612 0.06263275271787588 0.003132374273089405 -0.01411839500081931 -0.0001011318153281202 0.0003649501192202537
2220 0.1790379340347063 0.06509857441806119 -0.01269359585309312 -6.574379542926074e-05 0.0003511768883044103 0.002972295616257926 0.1836299343081226 0.0626311634049905 0.003134069030249064 -0.01412235722348275 -0.0001023893407771729 0.0003649776024915184
2230 0.1790374764109179 0.06509653774355637 -0.01269803862187063 -6.691917106672345e-05 0.000351501010429731 0.002969624742052575 0.1836287087183062 0.06262966000848921 0.003132726301430869 -0.01412640635034502 -0.0001041408447745526 0.0003654263147161182
2240 0.1790363177061584 0.06509454873354042 -0.01270239118906525 -6.901648516450908e-05 0.0003524844082706173 0.002964252562261989 0.1836266099898712 0.06262815123963066 0.0031277873650132 -0.01413038581495334 -0.0001065909508144359 0.0003664513895503653
2250 0.1790343440929693 0.06509291369729282 -0.01270678026749896 -7.181397327131937e-05 0.0003538754737083554 0.002955849336309107 0.1836237227666359 0.06262689078120004 0.003119392418260369 -0.01413444045863521 -0.0001095156970153025 0.0003678397152632598
2260 0.1790313753627971 0.06509151207946132 -0.01271112614159996 -7.504705752742427e-05 0.0003558694618214021 0.002944843171058819 0.1836197784643035 0.0626257193121756 0.003108010595494494 -0.01413853228003069 -0.0001127402783950733 0.0003698014744856937
2270 0.1790278337732932 0.06509122167213553 -0.01271577044798157 -7.818925600843048e-05 0.0003581010403395203 0.002933303124384439 0.1836151880664399 0.06262541957411921 0.003095731262239435 -0.0141430195347225 -0.0001157563422582794 0.0003719588051925298
2280 0.1790234969381675 0.0650919024455681 -0.01272060115247537 -8.049688874620328e-05 0.0003599638974653023 0.002921453471260393 0.1836100287000088 0.0626259397360996 0.003083266600658438 -0.01414777114259757 -0.0001178742991415185 0.0003737601274162497
2290 0.1790190110380235 0.06509223450477018 -0.01272538426874712 -8.123331587064615e-05 0.0003608004474159104 0.002912958776842795 0.18360449606786 0.06262590124648683 0.003073965394130299 -0.01415255980409132 -0.0001183928184428393 0.0003745199214341318
2300 0.1790138934214221 0.06509196760944899 -0.01273001277422238 -8.004991870342207e-05 0.0003602135422322754 0.002910190017678805 0.183598730836551 0.06262521679852578 0.003070420360825301 -0.01415720908562524 -0.0001169253351626067 0.0003738443248392614
2310 0.1790086193945941 0.06509176800738568 -0.01273440563849258 -7.654966909751383e-05 0.0003578157924418674 0.002914708199846997 0.183592490172816 0.06262453071936362 0.003074034718263413 -0.01416168103727447 -0.0001130468562199183 0.0003713461084475824
2320 0.1790029207757366 0.0650914120281325 -0.01273847269011936 -7.063677217333639e-05 0.000353651120218111 0.002928232725721694 0.1835860476042764 0.06262371893000677 0.003086656846597741 -0.01416581962169052 -0.0001066395876302347 0.0003670785399195438
2330 0.1789971112609832 0.06509104414195378 -0.01274227355681185 -6.277205726302081e-05 0.0003479382672373288 0.002950726895254912 0.1835796388560255 0.06262284264597938 0.003108085381580216 -0.01416970370453205 -9.817756304417988e-05 0.0003612455590015101
2340 0.1789914567090791 0.06509120650212796 -0.01274575980934319 -5.359762152091703e-05 0.000340991298751966 0.002981284103711887 0.1835733321805411 0.06262247864703759 0.003137777864403038 -0.01417329412609251 -8.84027325822936e-05 0.0003541988065297531
2350 0.1789864794004586 0.06509236920530825 -0.01274889702265036 -4.394570029055535e-05 0.0003333991458242676 0.003016554538087105 0.1835678008884259 0.06262311584355208 0.003172814691752076 -0.01417654156663307 -7.831087719193666e-05 0.0003465692670915002
2360 0.1789823745387119 0.0650942331851055 -0.01275178243279499 -3.559087760600731e-05 0.0003264711089837029 0.003053201305422173 0.1835631021570529 0.06262446513591172 0.003209574799296364 -0.01417956396546265 -6.980370440726754e-05 0.0003396409977960061
2370 0.1789797813365785 0.06509851612921669 -0.01275448342715093 -3.043897157041632e-05 0.0003213266354352701 0.003084063633588756 0.183560190216929 0.06262822235459517 0.003241488531640819 -0.01418237128381377 -6.488564379202483e-05 0.000334585063113225
2380 0.1789802535552117 0.06510340201133323 -0.012757286364315 -3.049445508451812e-05 0.0003190826808138722 0.003101880706851713 0.1835600910640172 0.06263252731818351 0.003261369965478121 -0.01418530850525456 -6.567512239842157e-05 0.0003325398570078829
2390 0.1789857005698617 0.06510747875361936 -0.01276068077107952 -3.799759140743441e-05 0.0003216945372343571 0.003098618660093304 0.1835650370020512 0.06263617021186856 0.003260453973235624 -0.0141888298459978 -7.43959884119826e-05 0.0003354048812820432
2400 0.1789994100647804 0.06510866460056687 -0.01276553650331565 -5.383625383865167e-05 0.000330088082818983 0.003067955263931873 0.1835784751425545 0.06263688981671438 0.00323249937888605 -0.01419376490838375 -9.180499614936626e-05 0.000344089770221214
2410 0.1790228871500577 0.06510523836386381 -0.01277283595612036 -7.373793612547248e-05 0.0003407537640363549 0.003018710721261219 0.183601639456844 0.06263321000115676 0.003185546063183254 -0.01420107243671959 -0.0001134440046002296 0.0003550092933653902
2420 0.1790516317527462 0.0650960506785266 -0.01278165511627882 -9.007585828612308e-05 0.0003483245976858443 0.002966968857789393 0.1836301398905189 0.06262426026169142 0.00313574000738605 -0.01420977395568141 -0.0001315613090991682 0.0003628027349697346
2430 0.1790751554096019 0.06508509548768518 -0.01278993838013745 -9.60927810244472e-05 0.000348138774947662 0.00292659613288302 0.1836535538635906 0.06261369147155682 0.003096664749208915 -0.01421784478022142 -0.0001392018078256807 0.0003627746887388688
2440 0.1790853379255072 0.06507254091768641 -0.0127943381014397 -9.100474347142629e-05 0.0003397526538682377 0.002900080559920905 0.1836634789985466 0.06260158219078019 0.003069868972509904 -0.01422201161606888 -0.000135210518564224 0.0003543870031463107
2450 0.1790806633861461 0.06506129633394574 -0.01279415881913408 -7.997614925243958e-05 0.0003265815029791223 0.002882163045470561 0.1836586061741274 0.06259073626033133 0.003049743377153477 -0.01422161154801306 -0.0001242400186548807 0.000341002622509267
2460 0.1790667972316889 0.0650541499363798 -0.01279334038439625 -6.962914256435284e-05 0.0003132122471918196 0.002870966469245757 0.1836444003832982 0.06258372472150929 0.003033945109302745 -0.01422069905777222 -0.000112447961710487 0.0003271659751576721
2470 0.1790500712816167 0.06504178178823417 -0.01279277206425169 -6.745593642045851e-05 0.0003074083915863023 0.002857730735173069 0.1836274230458224 0.06257132071775068 0.003013503124565426 -0.01422014811185275 -0.0001071331224317926 0.0003206207676602911
2480 0.179063295937761 0.06501690700956034 -0.01279663742660081 -8.598076001083672e-05 0.0003232609231656661 0.002801533747014561 0.1836406415553501 0.06254628199925868 0.002949499622189047 -0.0142240723223764 -0.0001213634741729748 0.0003356504501265089
2490 0.1791056272744579 0.06499983816166527 -0.01280812818324644 -0.0001279954638681443 0.0003634587731210644 0.002685792365011657 0.1836828918776539 0.0625289576818419 0.002828275941682991 -0.01423570787134529 -0.0001593967261358312 0.0003752554383900538
2500 0.1791504534725204 0.06497767853210198 -0.01281695778062976 -0.0001755874069113697 0.0004090216722745165 0.002546883544513864 0.1837274657009577 0.06250611762383713 0.002689334292396301 -0.01424482459848315 -0.0002051197578418871 0.0004207623026678973
2510 0.1791585249308753 0.06495356475538289 -0.01281219176252052 -0.0002077046642639734 0.0004404014633368813 0.002433401736059096 0.1837351721543074 0.06248084958819937 0.002582736042891717 -0.01424046194834566 -0.0002387258467939636 0.0004527593011571356
2520 0.1791356443544143 0.06494727582432121 -0.0128017152124115 -0.0002103292834984127 0.0004453759657240813 0.002389804831516127 0.1837118774409859 0.06247365317354826 0.002550667666712255 -0.01423036193988455 -0.0002458951662944151 0.0004588050530891323
2530 0.1791151438798184 0.06495492081975734 -0.0127968074122935 -0.0001847951948374744 0.0004250926546508731 0.002419561606529864 0.1836909406266659 0.06248122368970804 0.002591275990461482 -0.01422556840680729 -0.0002256502027223358 0.0004395045219685309
2540 0.1791118455546105 0.0649628378642868 -0.01279946930779093 -0.0001499660605187648 0.0003944614722013932 0.002488735005276454 0.1836875409001161 0.06249008790561132 0.002664236742983669 -0.0142279230440035 -0.0001934456515168683 0.0004091522861566585
2550 0.1790997978930452 0.06496934927618001 -0.0128009557992331 -0.0001259694476304837 0.0003712266806994769 0.002562273744130756 0.1836750543340188 0.06249794834575826 0.002731059796906128 -0.01422886428670717 -0.0001669030427853253 0.0003851832387981178
2560 0.1790824826774113 0.06496876652291116 -0.01279817549273701 -0.000113465882256201 0.0003575992666340518 0.002647948201577674 0.1836574396590151 0.06249850810726048 0.002802301640932682 -0.01422556827434413 -0.0001470022443765824 0.0003700954907097211
2570 0.1790653327242348 0.06496491467333494 -0.01279464017910429 -0.0001124057734856097 0.00035469636671426 0.002724433759284205 0.183639977244668 0.06249488976142197 0.002864376581690329 -0.01422184869611199 -0.0001370837661454396 0.0003657769573838268
2580 0.1790512181654953 0.06495445845100546 -0.0127922500337439 -0.0001236477920475658 0.0003639537820075302 0.002759691740407841 0.1836254105530788 0.06248384726625614 0.002893641997182886 -0.01421969754633746 -0.0001425878282907555 0.0003744746260599157
2590 0.1790493352731679 0.06494415130107536 -0.01279286204601123 -0.0001386161111901122 0.0003769014669222739 0.002757911462438328 0.1836232798914624 0.06247276847197399 0.002899030940965521 -0.01422075794989631 -0.000158314017884355 0.0003881546358512763
2600 0.1790735943621087 0.06494925951729744 -0.01280099050473399 -0.0001490343533366274 0.0003827911443378246 0.002739796637563466 0.1836475182598618 0.06247734778956399 0.002900030079215456 -0.0142293062438588 -0.0001763378419663258 0.0003959320784777535
2610 0.1791075757360647 0.06497923413842652 -0.01281400330425849 -0.0001566263989299216 0.0003807020153858581 0.002715537206817615 0.1836811738145803 0.06250669948787946 0.002898420678242152 -0.01424266657415225 -0.0001952581831027391 0.0003960637490373639
2620 0.1791172326960946 0.06502659590292517 -0.01282225255631794 -0.0001673842358089749 0.0003800189217751926 0.002674228418186548 0.1836905502199311 0.06255329761563318 0.002873990314505628 -0.01425123955089368 -0.0002161685652689963 0.0003970366970298499
2630 0.1790953741642657 0.06506661792120227 -0.01282080954870952 -0.0001829402600176496 0.0003860540049521287 0.002607270148889721 0.1836686391223053 0.06259224290347512 0.002811960902223764 -0.0142501300473114 -0.0002368230653869292 0.0004035992044212911
2640 0.1790739939004455 0.06508680907373196 -0.01281718059741226 -0.0002011963623554611 0.0003995273837071269 0.002513522433636805 0.1836475031750514 0.06261121730270314 0.002711385222891385 -0.01424680261481023 -0.0002542960830615242 0.0004165002432212933
2650 0.1790821059459942 0.06510560885907228 -0.01282480425650283 -0.0002174940336598726 0.000418090046915361 0.002401519801258876 0.1836561202747959 0.06262898409734045 0.002585824986621668 -0.01425461932123504 -0.000265894882912162 0.0004338532750180082
2660 0.1790943058811998 0.06513258905955717 -0.01283736147834994 -0.0002274400404521129 0.0004345067358350358 0.002295210885099982 0.1836689901677318 0.06265510158187583 0.002465434362017316 -0.01426729225756564 -0.0002700581670199885 0.0004489760393414461
2670 0.1790943837586955 0.06515776206311169 -0.01284647824031418 -0.0002291313722142742 0.0004428006293294065 0.002222779117753054 0.1836693761951833 0.06267909180326961 0.002381078793766633 -0.01427663805693876 -0.0002665817703959038 0.0004561141193072134
2680 0.1790787371934724 0.06517554831338207 -0.01284947303236644 -0.0002238039077037793 0.0004435926611080775 0.002193435653722814 0.1836539080850988 0.06269545547146226 0.002342226400126802 -0.01428003022236882 -0.0002567652580332835 0.0004558996856689184
2690 0.1790565897938511 0.06518904849541729 -0.01285031650125704 -0.0002139814092867707 0.0004405798702709331 0.0021991415062608 0.1836319707428585 0.06270738651368428 0.002339823389130362 -0.0142813943620332 -0.0002424433759126818 0.0004519631863215455
2700 0.1790347721718764 0.06519824540848652 -0.01285119386166263 -0.0001963498271122688 0.0004302365314671773 0.002247996061068967 0.183610289873331 0.06271535489083822 0.002381789086371377 -0.01428276954669428 -0.0002200424349033633 0.0004408026720596489
2710 0.1790224320771587 0.0651972362443709 -0.01285268734418108 -0.0001640918832257281 0.0004056054750502541 0.002355406522328349 0.1835982685449437 0.06271364699787535 0.00248531720619385 -0.01428459304627587 -0.0001835358945276938 0.0004156589856405573
2720 0.1790259872255794 0.06519466380443741 -0.01285755947309927 -0.0001224366882172634 0.0003741182918388352 0.00249816814498488 0.1836021483652699 0.06271085936559509 0.002628912219428803 -0.01428960444503324 -0.0001394789585842735 0.0003841386084385956
2730 0.1790258703751652 0.06519515697002158 -0.01286047353890087 -8.221590476717123e-05 0.0003459869984344972 0.002646677791392353 0.1836023314238459 0.06271146202751456 0.0027834721269515 -0.01429251849990224 -9.952739597520611e-05 0.0003564999320624663
2740 0.1790125409905459 0.06519490871299102 -0.01285819353457582 -4.914120502345981e-05 0.0003244180951704322 0.002789329905823882 0.1835892433752888 0.06271133498726469 0.002935652354930149 -0.01429018937360323 -6.903412444641332e-05 0.0003357707708579104
2750 0.1789889638403454 0.06519960904210456 -0.01285302352296131 -2.562146887550349e-05 0.0003110536924285771 0.00291731402303713 0.183565880819829 0.0627163885574126 0.003074351313763091 -0.01428493863127805 -4.938909625849571e-05 0.000323391891609877
2760 0.1789674130029962 0.06521072051697026 -0.01284780986233762 -1.045033638768591e-05 0.0003034893290195905 0.003026553068514332 0.1835445343079004 0.06272805870939646 0.003193392435072477 -0.0142795409807191 -3.847693004142947e-05 0.0003167707950279992
2770 0.1789592523549322 0.06522477069876206 -0.01284510251175436 -2.857954636908335e-08 0.0002952705009367175 0.003121086750517763 0.1835367347843571 0.06274267919371748 0.003296384303155535 -0.01427656083620099 -3.249959719436538e-05 0.0003094239883235553
2780 0.1789623917582575 0.06523992908610642 -0.01284434185676078 4.983595885056582e-06 0.000286058789236835 0.003194096317199709 0.1835400392176613 0.06275788161697454 0.00337638638073909 -0.01427561393095319 -3.228748206608505e-05 0.0003010045582020866
2790 0.1789705323968505 0.06525117963323984 -0.01284243978958965 -5.744409902421466e-06 0.0002855148388018474 0.003214987296433889 0.1835480964789218 0.06276861344518493 0.003401935472409687 -0.01427366908258005 -4.791325347454679e-05 0.0003010553726145068
2800 0.1789936713881758 0.06525715939166728 -0.01284323365651673 -4.472514015666689e-05 0.0003051648377221953 0.003147130225094661 0.1835710415471389 0.06277396116945819 0.003335230807262985 -0.01427445738052804 -9.103412306485443e-05 0.0003209545783592365
2810 0.1790425054942552 0.06526014442184128 -0.01285430483241177 -0.0001068519847397738 0.0003419866710047388 0.003003810090150944 0.1836197651618308 0.06277674967206459 0.003188425014741296 -0.01428537495859762 -0.0001556841744264954 0.0003575782623386658
2820 0.1790884656255333 0.06525812407534361 -0.01287154569399551 -0.0001679556318962053 0.0003785453033156147 0.002839507466916538 0.1836656414788159 0.06277530285905486 0.003017214419753939 -0.01430217918986213 -0.000217572203771426 0.0003936042173147739
2830 0.1790964862874009 0.065237937260805 -0.0128787690859496 -0.0002179893736130064 0.0004096016987726863 0.002649880808094182 0.1836736722705219 0.06275654731110727 0.002819115852461898 -0.01430871386300952 -0.0002673389004124072 0.0004239864914097515
2840 0.1790589999900489 0.06518327480568001 -0.01286350042698258 -0.0002672892022225186 0.0004495159853884166 0.002398033458977361 0.1836357769897975 0.06270332508036705 0.002559869000554195 -0.01429277748033349 -0.0003162040130616335 0.0004633061364581852
2850 0.1790451821937352 0.06512046976123947 -0.01284873032105181 -0.0003149805603279939 0.0004972255677078852 0.002121928993745402 0.1836213917978202 0.06264144289755581 0.002277265237976394 -0.014277600872874 -0.0003632843687145773 0.0005104568562589701
2860 0.179046862992295 0.0650833749934044 -0.01284118759198883 -0.0003638681734727912 0.0005462126084341723 0.001851425498354708 0.1836225040503241 0.06260451712953745 0.001997927399234642 -0.01427001923316273 -0.0004098859358063128 0.0005585686454851566
2870 0.1790252238717355 0.06507438012017842 -0.01283278858593681 -0.0004087713757851563 0.0005885838135682342 0.001626170830020039 0.1836003242203065 0.06259522493340196 0.001758161139138622 -0.01426176203797837 -0.0004486995483901985 0.0005994213207824585
2880 0.1789875799278229 0.06510943070038494 -0.0128281009435508 -0.0004210896687237876 0.0006013130728084343 0.001539743557309247 0.183562711650725 0.06263043662045936 0.001651546157836722 -0.01425706179281255 -0.000450439636604592 0.0006100374116526319
2890 0.1789780204799218 0.06519859877021338 -0.01284341790402634 -0.0003700908457357242 0.0005619045439007084 0.00166320271520944 0.1835534028041217 0.06272040155288594 0.001754467906833531 -0.01427221737812278 -0.0003866344249920408 0.0005684698091692007
2900 0.1790245223774866 0.06532568832331984 -0.01288462552066368 -0.0002739154786965303 0.0004886306432072684 0.001919156981954105 0.1835998938255026 0.06284784666916556 0.001997065072042278 -0.01431345531002318 -0.0002793552765460341 0.0004937059124740694
2910 0.1790901076739922 0.06537025974289065 -0.01292061921942854 -0.0001652805054174574 0.0004063186903504992 0.002230358817992758 0.1836651007292778 0.06289086741555551 0.002305903509311169 -0.01435011490996021 -0.0001640839364841899 0.0004109360697223955
2920 0.17911736053341 0.06524562070571617 -0.01291202600188021 -6.765800495981052e-05 0.0003308620339277951 0.002563017232139436 0.1836915224089672 0.06276294559160811 0.002645704057732083 -0.01434281973587521 -6.441102963988804e-05 0.000335910658112217
2930 0.179108386922915 0.06504504335350111 -0.01287357637779927 -1.229446895383992e-05 0.0002874478795619436 0.002839587225227257 0.1836820783312502 0.06255911079875949 0.002935698700446086 -0.01430576969482626 -1.012877697510763e-05 0.000293554281197013
2940 0.179077197397972 0.064881397867684 -0.01282990903301801 -3.113309990188873e-05 0.0003044214938817189 0.002944150562150009 0.1836509883551431 0.0623948722905143 0.003057037712048123 -0.01426274968011117 -3.195409323519259e-05 0.0003120053630821568
2950 0.1790820081088394 0.06483231805051114 -0.0128163147515838 -0.0001125405540248624 0.0003703210824248732 0.002883499078830089 0.1836566412971417 0.06234987071843964 0.003017249294461828 -0.01424820657942759 -0.0001187386173902281 0.0003799087952472363
2960 0.1791177788734186 0.06486996616632176 -0.01283044386764828 -0.0002236700177212226 0.0004567974793341127 0.00270953606307125 0.1836932090709115 0.06239515562039115 0.002870803922279002 -0.01425991639584157 -0.0002395794350890793 0.0004692026150012795
2970 0.1791454456488284 0.06493881461584904 -0.01285275085165979 -0.0003310419603269497 0.0005340548581434044 0.002464185901668994 0.1837205834042939 0.0624722871659454 0.002660332761178443 -0.01427933041685567 -0.0003626236645304805 0.000550137496499762
2980 0.1791158243121915 0.06499768002193154 -0.01285606338235131 -0.0004138346717406285 0.0005911364628893117 0.002170246766632831 0.1836897575022032 0.06253727248567008 0.002403856725610877 -0.01428055732293514 -0.0004661222703963899 0.0006112058271945734
2990 0.1790294993003647 0.06499983756267523 -0.01282912868035035 -0.0004784239972650393 0.0006428951126584277 0.001831304300726616 0.1836018604347042 0.0625423809445895 0.002095359987796057 -0.01425297303707136 -0.0005521013985567953 0.0006662388760825625
3000 0.1790153622342797 0.06497294305110687 -0.01281514151991804 -0.0005136977909935347 0.0006773912602981719 0.001538854946480681 0.1835864256665134 0.06251554290176813 0.001812405262792271 -0.01423958867443854 -0.0006018606294641535 0.000701888680943405
