"report"
"Iteration" "cd etc.."
("Iteration" "cd" "cl" "cmx" "cmy" "cmz" "cx" "cd-scale" "cl-scale" "cs-scale" "cmx-scale" "cmy-scale" "cmz-scale")
10 0.1212096873885268 0.05010218917024657 -0.01102582171645884 -0.0003980973975765651 5.662171592998456e-05 0.0001775161662475102 0.1236395384044892 0.04651044456379402 6.55021333936604e-05 -0.01210677009444094 -0.0003775699426430783 4.717374235080799e-05
20 0.1375967039764847 0.04769096483394035 -0.01012502115338656 -0.0007437573811705035 0.0003216294561803206 -0.0009715404482824345 0.1400577450369756 0.04499314967721503 -0.001156096809718785 -0.01121250177703283 -0.0006835366886976846 0.0003133118623737887
30 0.1411148153520532 0.04791961840636182 -0.01098411635820928 -0.0006238046002460968 0.0002268215072324435 -0.001434552464616097 0.1432527708739327 0.04570833688452176 -0.001550267784419082 -0.01205609751747464 -0.0005575068381913021 0.0002289878880721908
40 0.143286647367986 0.05154086831964496 -0.01127018034445591 -0.0006074883064002784 0.0003837615795366233 -0.001240540438958948 0.1453771102917457 0.04889948997562511 -0.001392497184754755 -0.01241576186001834 -0.0005027518586350541 0.0003939096764040974
50 0.1448234328966785 0.05054865476194977 -0.01122379779089785 -0.0003110361080096106 0.0004139850701098273 -0.0002799165624067484 0.1467198201741135 0.04739509572948713 -0.0005432906394694664 -0.01245584880275588 -0.0001349754934700121 0.0004297854570951609
60 0.1470381783417812 0.04812920209115906 -0.01114563244333038 -0.000153609152687147 0.0003892325389761881 -0.0001134546520350511 0.1487854852124744 0.04498634760142673 -0.0004306905659798509 -0.01236566854505751 5.030642225931756e-05 0.0004099096463925426
70 0.148874987485848 0.04687040315494125 -0.01128242936294752 -0.0003547952750764359 0.0004708749596165637 -0.0006619043180665482 0.1505204562071291 0.04376344041355588 -0.0009193882970989926 -0.01247532974181268 -0.0001619245443537257 0.0004969553871370493
80 0.1499000031853131 0.04635819542285474 -0.01129003511797704 -0.0005161345449158369 0.0005029000601762504 -0.0009900246721889323 0.1515911265224113 0.04329799484182003 -0.001115225033704502 -0.01249556107990916 -0.0003648747714811973 0.0005298020644996477
90 0.1508631788066758 0.04577942872021029 -0.01115226640479759 -0.0004668045564280699 0.0004171034241816454 -0.0009846646815125611 0.1526327829975217 0.04277318421470844 -0.0009272329936616074 -0.01238816010841537 -0.0004010384459911483 0.0004370206184441747
100 0.1515701813474896 0.04526126421703134 -0.01106033052604772 -0.0002988126557388332 0.0002457954583081723 -0.0009057457176020305 0.1534007259912227 0.0422718039474707 -0.0007578141701380951 -0.01233642557157099 -0.000304345855617173 0.0002561258723958946
110 0.1516021483142999 0.04466232875004628 -0.01087875827533062 -6.180890407880284e-05 8.483607542436223e-05 -0.0004848070380754969 0.1534863133131055 0.04162797283721232 -0.0003493472187810525 -0.01220257478681878 -9.615342136491652e-05 8.91002701048463e-05
120 0.1514233752123725 0.04417849787672534 -0.01067935607271598 0.0002210362032570584 -4.652188664110749e-05 0.0003053151093443221 0.1533646581043124 0.04107131488110197 0.0004119359315393427 -0.01204812806312389 0.000185942307439661 -4.559690563503402e-05
130 0.1512951547181553 0.04408660942550453 -0.01057987357821681 0.0005326057205816767 -0.0001790501092574629 0.001033876890789342 0.1533058491501589 0.04093275986057663 0.00111009984261293 -0.01197948730396168 0.0005120558643473295 -0.0001809611977726829
140 0.1512645767480628 0.04422603776585885 -0.01053281353772719 0.0008141362268894293 -0.0003093326809622918 0.001493002475801456 0.1533245214643017 0.04107728102556232 0.001516016902805149 -0.01193674577896854 0.000822599992998235 -0.0003110972069819623
150 0.151188287730684 0.04458048131477249 -0.01049012469741496 0.0009967399059758867 -0.0003967984990670838 0.001609459217794136 0.1532614762332108 0.04146862708815113 0.00157729428481309 -0.01187877710519973 0.001037840806257536 -0.0003943812469497831
160 0.1509643332684674 0.04511721600479719 -0.0105224280040333 0.001018902699945842 -0.0004074905680412734 0.001526472806351046 0.1530289795184301 0.04204582648965239 0.001462538960381642 -0.01189300947984888 0.001082523743854846 -0.0003999927705396922
170 0.1509430857364554 0.04561250556507648 -0.01066921531722061 0.0009769741802357454 -0.0003890139704506009 0.001659619041791036 0.152992090027307 0.04256149225206449 0.001572738249772887 -0.01202783883605153 0.001055809859726751 -0.0003787203203337897
180 0.151090176685473 0.04586267566816816 -0.01075000594653652 0.0008564485883579566 -0.0003202239524513877 0.001640572938878848 0.1531271574992381 0.04281106196526462 0.001544121235626631 -0.01210319501118302 0.0009437465471008946 -0.0003083947972148646
190 0.1512572579117264 0.04583286205257903 -0.01071206776186215 0.0005670656198103649 -0.0001703343835421987 0.001159021028684983 0.1532818030895371 0.04276427991492707 0.001094592876298456 -0.01206687655857317 0.0006492571958836177 -0.0001558315867921141
200 0.1512082229835192 0.04587986067535435 -0.0106366293417181 0.0001670211682711785 1.526083610750119e-05 0.00039204460499888 0.1532226945605728 0.04278806369110662 0.0004075820989456164 -0.01199696265622409 0.0002257979479971746 3.274305993518908e-05
210 0.1510804159201092 0.04582656020091543 -0.01055229860415537 -0.0002679203873690249 0.0002073825715922753 -0.0004923902292766944 0.1530944044181249 0.0427219254060749 -0.0003690801701959108 -0.01191524907177723 -0.0002506722251290045 0.0002256132192728797
220 0.1510150587795073 0.04561073224078326 -0.01048622871997125 -0.0006728974968830203 0.0003856572662547828 -0.001356718740752481 0.1530326886767893 0.04251476207197005 -0.001120398772749102 -0.01184345895896682 -0.0007096242472701131 0.0004017372703983692
230 0.1509187164484332 0.04571026516966885 -0.01048156427848795 -0.001041990961223203 0.0005414076176352993 -0.002251563020062212 0.1529339779229528 0.04265036045139802 -0.001903588723961326 -0.01182116400842713 -0.001138276253327069 0.000553666986100071
240 0.1508628404595258 0.04611524802783477 -0.0105725108086537 -0.001320430714198039 0.0006387621240684273 -0.003019493394290451 0.1528672862253308 0.04310451575829511 -0.002578161518166751 -0.01188616819607646 -0.001471832282681339 0.0006459376304079986
250 0.1507199393351815 0.04672992498614663 -0.01070252761508168 -0.001428874950342077 0.0006483197881643815 -0.003406321758158646 0.1527090111927277 0.0437583313403534 -0.002915361941688151 -0.01199082393150188 -0.001618408880806384 0.000649568295364516
260 0.1505368391741774 0.04736559116961293 -0.01083212066914052 -0.001333094142216787 0.0005874297409733187 -0.003359012317995394 0.1525101779389599 0.04441164405757068 -0.002873717895887089 -0.01210405295503112 -0.001537735647021441 0.0005825180076364643
270 0.1505955275091763 0.04777970516160696 -0.01097591082207672 -0.001316016277447774 0.000602398069542758 -0.003611542786673128 0.1525542972819291 0.04482423872859937 -0.003184917780427144 -0.01224245324469336 -0.001514317018085539 0.0005911699843637536
280 0.1506026118498771 0.04766373577276269 -0.01096261202178697 -0.001272704926705726 0.000576472880230521 -0.003612721850432122 0.1525557560906549 0.04469113955538952 -0.003296570724504202 -0.01223321999258174 -0.001443152941678324 0.0005593137323655927
290 0.1504674177219443 0.04733306547087179 -0.01086565882137729 -0.001036459152400672 0.0004458660536053539 -0.002938738318706348 0.1524341666614386 0.04434035924343029 -0.002764189048464824 -0.01214557325919379 -0.001158016833753811 0.0004259151201167749
300 0.1503836532325631 0.04700459459699335 -0.01074267038308538 -0.0007661574712081592 0.0003613436422882273 -0.002292308690707885 0.1523636660561048 0.04400517284909176 -0.002270038828697393 -0.01203023449894996 -0.0008203797564219462 0.0003430550829246369
310 0.1506722122193282 0.04681028597939832 -0.01069748206078199 -0.0004878913624254174 0.0002992074313152695 -0.001817779047357087 0.1526583184513357 0.04381707941783518 -0.001947068737123631 -0.01198576988084303 -0.000467442084680328 0.0002848988045334548
320 0.1513730539583443 0.04647041071300911 -0.01071111291615093 -0.0001288336666510783 0.0001576253753676952 -0.001133701877776284 0.1533673190658559 0.04348804909706425 -0.001383166832622043 -0.0119939517148934 -4.133684840033531e-05 0.0001490009368186915
330 0.1518184037044083 0.04587131584841889 -0.01061356984838746 0.0003007928203395264 -5.937960159186359e-05 -0.0002105667524052078 0.1538180505369049 0.04290122748851304 -0.0005304117661355177 -0.01188762144780848 0.0004368178425833764 -6.15844243540594e-05
340 0.1517182312289566 0.04558903836036634 -0.01048710270089455 0.0007606554248933572 -0.0002901197321738215 0.0007838463415297604 0.1537130960023376 0.04263362432788468 0.0004362646859823791 -0.01175169368002553 0.0009248764521762816 -0.0002868888852376907
350 0.1514524522620397 0.04556740246725052 -0.01039852044616021 0.001164424251974208 -0.0004857389702049586 0.00171518804471855 0.1534341219660111 0.04263031135398558 0.001368401857862278 -0.01165265804065781 0.001341313617004121 -0.0004784210822839564
360 0.1512995190706523 0.04574556536202135 -0.01040853950341028 0.001419249076738095 -0.0005999884413616267 0.002422961152116806 0.1532657518229263 0.04282070129041096 0.002098304877779338 -0.01165482108405497 0.001598679499336822 -0.0005891385935756863
370 0.1510794975996061 0.0462122023353492 -0.01049904749580536 0.001487785097490392 -0.0006198629826836193 0.002789961821261432 0.1530290714261525 0.04328321864097946 0.002503052987569191 -0.01174534008045898 0.001662607085962698 -0.000605746117950897
380 0.1507705803614011 0.04687943843869585 -0.01062413400285911 0.001373063888726251 -0.0005715986194404522 0.002791235605298652 0.1527059430824526 0.0439317319325162 0.002553583460591176 -0.0118791189616698 0.001537555987187035 -0.0005545317448408213
390 0.1507367991575754 0.04731314591988338 -0.01075859476464366 0.001289847153409238 -0.0005609031972295781 0.003001234812144894 0.1526652585544755 0.04433534140028515 0.002826105295907726 -0.01202880644966158 0.00143872040159773 -0.0005409223808121987
400 0.1508163959555439 0.04722502645565282 -0.01076831794844855 0.001109045204731921 -0.0004737373870007768 0.002852753789737982 0.1527475781159666 0.04420773592177117 0.002763192084632017 -0.01205819547200241 0.001232713197537457 -0.0004509430900059103
410 0.1508427289954528 0.04682351602128065 -0.01067872917157124 0.0007502439516952461 -0.0002978363152575117 0.002152591253350843 0.1527874991714035 0.04376867643401246 0.002178857930691164 -0.0119889443319782 0.000831723773159253 -0.0002735091210669833
420 0.15095826199661 0.04655618334745028 -0.01062088542945002 0.0003103622374873326 -0.0001165042599760796 0.0012812417056767 0.1529236740423639 0.04348212089200117 0.001441110465810871 -0.01194486101388297 0.0003329264370753396 -9.332573587121359e-05
430 0.1510550060067951 0.04641686398755959 -0.01056785879388282 -0.0002046198665487972 0.0001069456606444142 0.0002083516921606679 0.1530398920296493 0.0433506000709029 0.0004946969581763055 -0.01189249663327845 -0.0002471827316696102 0.0001262545152835292
440 0.1511141372961345 0.04605761189495482 -0.01047579641752263 -0.0006998680412799587 0.0003290682600945331 -0.0008412423682386448 0.1531125796136516 0.04301778710939988 -0.0004582342964869021 -0.01178931888495466 -0.0007997348139239811 0.0003430423430006829
450 0.1511192822505128 0.04586699454891584 -0.01044251511738319 -0.001161963845875846 0.0005387984049277719 -0.001891143034662339 0.1531240954274021 0.04285893697578502 -0.001444274208349202 -0.01173923632225849 -0.001305843465288566 0.0005472170241578132
460 0.1510799483074624 0.04607679870881647 -0.01051050049240826 -0.001514427488708419 0.0006852308272720182 -0.002793270367158002 0.153081087927014 0.04310343606600204 -0.002308130069754756 -0.01178772234618834 -0.0016912315192342 0.0006882646164577711
470 0.1508146501099498 0.04669294280126546 -0.01062608899838514 -0.001648776928777534 0.0007172227648079813 -0.003215044803116966 0.1528007833035377 0.0437503879920326 -0.002716500852248316 -0.01188454076987136 -0.001848827336097522 0.0007147669907230234
480 0.1504813033817183 0.04744466352913257 -0.01075761764278783 -0.001556554451740327 0.0006626019960904486 -0.003194334492863123 0.152446726167526 0.04451696541652036 -0.002710661100870496 -0.01200404879751524 -0.001769124198596948 0.00065437897203888
490 0.1504333281604671 0.04786742396040961 -0.01088031976057363 -0.001558408786489433 0.0006742910690804484 -0.003523714769411347 0.1523817130566537 0.04492892966705022 -0.003089908585557146 -0.01212758296807708 -0.001769427718354959 0.0006601244690176443
500 0.150364027425071 0.04780138440958564 -0.01085953749146872 -0.001518667067180266 0.0006226598273122301 -0.00355191925994521 0.1523077417050594 0.04482711794877819 -0.00320788192641729 -0.01212239323211893 -0.001709045662992095 0.000603249169294388
510 0.1502163166248455 0.04768565208435244 -0.01085112721339778 -0.001297341076270509 0.0004720159821469048 -0.002974242595208658 0.1521690934157542 0.04467106461020047 -0.002764675544795776 -0.0121359836827298 -0.001441373543641252 0.0004497401022342266
520 0.150087390705982 0.04765663521035376 -0.01089125114967985 -0.001028703808899643 0.0003682503068084947 -0.002331824296468412 0.1520577348385668 0.04461641223153179 -0.002290051935017499 -0.01219382755001146 -0.001101419203389563 0.000346790232771764
530 0.1500860918632755 0.04755441997682506 -0.01087833590460893 -0.0008164478435962256 0.0003520786899032022 -0.002016312102311847 0.152072274619457 0.04451191848694942 -0.002140164445703622 -0.01218601050863843 -0.0008072786588236568 0.0003351336175507754
540 0.1503094591107456 0.04717455556128222 -0.01080187342133896 -0.0006047119683051161 0.000344111313260202 -0.001827607371298678 0.1523054721968319 0.04414918980336259 -0.002078459835820013 -0.01210215342600499 -0.0005233430976855013 0.0003336194898001942
550 0.1508797238716559 0.04669599900449275 -0.01076457710099579 -0.0003201967094134822 0.0002819543210905383 -0.00146676171989289 0.1528799942163657 0.04369288952206242 -0.001787694926197451 -0.01205195911645961 -0.0001899449181377467 0.0002778827873681423
560 0.151482953660175 0.04627329261683183 -0.01072177306452811 9.223471683301383e-05 0.0001054645261575732 -0.0007415281924918773 0.1534811956777289 0.04329107151098983 -0.001077744700449192 -0.01199575979744204 0.0002455741170256897 0.0001067450976428001
570 0.1516501902336247 0.04588074765454327 -0.01058542294679229 0.0005723543768381613 -0.0001419049091887987 0.0002177385728015029 0.1536399796020011 0.04291742781614956 -9.338242009494727e-05 -0.01184772309437556 0.0007270579457654853 -0.0001370103435443553
580 0.1513326662241724 0.04567652478183948 -0.01041789011898402 0.0009878865303227552 -0.0003672761335622391 0.001120719863480588 0.1533099073735605 0.04272955540767835 0.0008540032216273722 -0.01167159836737916 0.001131687243180374 -0.0003602086281573447
590 0.1510634625149092 0.04552190341771011 -0.01031720519811392 0.00123212164839468 -0.0005123905972456611 0.001760660721275713 0.15302619097502 0.04258752657471205 0.001543206011615222 -0.01156607742957067 0.001360245443954799 -0.0005040117314963098
600 0.1509273873765202 0.04580674093272029 -0.01039315921518881 0.001253539801034705 -0.0005447793551701599 0.002038190314478509 0.1528741067014793 0.04287907121603507 0.001867068828828477 -0.01164079308860677 0.001366450853292393 -0.0005353669085973151
610 0.1510011858338725 0.04647736123952009 -0.01064899326518944 0.001273594968071644 -0.0005731944739274006 0.002535172508135349 0.1529320715867139 0.04354661660091932 0.002400815508559063 -0.01189945888111444 0.001377327756185458 -0.0005623186702282978
620 0.1509946925914107 0.04684318873464661 -0.01075825229797522 0.001267849105530828 -0.0005571455525267874 0.002913751077653689 0.152913436133297 0.0438945573124461 0.002807648304790727 -0.0120174353426832 0.001369879974668979 -0.0005437513045838318
630 0.1511576641625265 0.04679419369862348 -0.01075033482904031 0.001025751261409529 -0.0004111856879101008 0.002555535852756213 0.1530721412956174 0.04381023383777449 0.002482092487865183 -0.01202638195652327 0.001127481792017447 -0.0003940923429411518
640 0.15136108309219 0.04660986920805031 -0.01072460619723307 0.0006495395910794474 -0.0002334049219029421 0.001874838230958698 0.1532830912850784 0.04357736486177963 0.001850705885693795 -0.01202503903311273 0.0007433583006033924 -0.0002123291106937114
650 0.1513315423392993 0.0465286302052906 -0.01067877900527445 0.0002000934357551997 -3.551807849572752e-05 0.0009965834417872772 0.1532741417751675 0.04345075068442052 0.001046291528283043 -0.01200493813815556 0.0002702745561917444 -1.177078096298371e-05
660 0.1512768152970032 0.0463020589200315 -0.01060710716195712 -0.0002514304825575155 0.0001592599246480374 8.893553517436706e-05 0.1532468673859346 0.04320584842046336 0.0002349197992235907 -0.01194890324086276 -0.000223047789984776 0.0001829457418624236
670 0.151202020374225 0.0459742472606724 -0.01052345268533166 -0.0007041452841870864 0.0003599632946322845 -0.0009084296712567612 0.153195251656211 0.0428961131557065 -0.0006526194540884164 -0.01186258752248708 -0.0007316535613104995 0.0003806450184868221
680 0.15091680998479 0.04597585063004508 -0.01046375779343746 -0.001121741934591495 0.0005374975824106925 -0.001954946826858506 0.1529223900030274 0.0429397338980316 -0.001590044249685242 -0.01178419991583837 -0.001210592173143146 0.0005531309693288255
690 0.1507895293804563 0.04625236674704031 -0.01052035355180623 -0.001415641051482055 0.0006487677395954221 -0.00278909065366734 0.1527966253982719 0.0432585740238066 -0.002337839542336537 -0.01181689176118449 -0.001559708171048918 0.0006582149119717842
700 0.1506972072399741 0.04683795374916664 -0.01066034216648487 -0.001538093064114547 0.0006783316204446293 -0.003224676154771409 0.1526952458476833 0.04387483124179466 -0.002731308255310375 -0.01193560209193166 -0.001720490816883246 0.0006811045655096681
710 0.1504897960108549 0.04751059752942015 -0.01080266243575067 -0.001451890889266046 0.0006292746715718158 -0.003188123412674632 0.1524706981827071 0.04456387560521933 -0.002702761516803767 -0.01206341556758206 -0.001652674758698392 0.0006250908739150928
720 0.1505379124779603 0.04788826041547266 -0.01094540558755171 -0.001432180700983477 0.0006428586471748124 -0.003418196065404346 0.1525010002811669 0.04494133527277941 -0.002991022315398478 -0.0122014973458803 -0.001630710991347785 0.0006316447680646799
730 0.1505673090368488 0.0477670187737728 -0.01094209656114331 -0.00136647644483096 0.0006013904583617883 -0.003377993812259791 0.1525206790114375 0.04480250860026019 -0.003058113288188615 -0.0122050679186005 -0.001538488504799768 0.0005844887829467258
740 0.1504484452276735 0.04742835112735345 -0.0108597980025268 -0.001105211072420505 0.0004559188040314065 -0.002707100838935597 0.1524050610388607 0.04443790390520631 -0.002539038933904511 -0.01213741886830242 -0.001223530404241893 0.0004362966444899127
750 0.1503587835210145 0.04705692810132624 -0.01074559037971985 -0.0008207019017655144 0.000366817577027448 -0.00211181318731178 0.1523279090903087 0.044048902723823 -0.002118744233718136 -0.01203597999252063 -0.0008636878472317377 0.0003484909994477835
760 0.1506140674575058 0.04680459351614542 -0.0106981960805209 -0.0005411751627657062 0.0003148325537572715 -0.001703934627962749 0.1525973234342085 0.04379642207668073 -0.001871135603123254 -0.01199252806425271 -0.0005042902956003831 0.0003011801482853271
770 0.1513072573794692 0.04647262727418987 -0.01072677943948171 -0.0001854489813394516 0.0001893648104913604 -0.001080233048548792 0.1533005884139305 0.04347627114664031 -0.001364205941369617 -0.01201641484860034 -8.134424257693738e-05 0.0001819266327603206
780 0.1517953290936932 0.04585708337649071 -0.010640851162606 0.0002488859914649011 -2.356115454969245e-05 -0.0001809824561327156 0.1537925323925953 0.04287655862091138 -0.0005300179113513989 -0.01192123181839105 0.0003989477309097507 -2.48705094407698e-05
790 0.1517067333560963 0.04554526548491937 -0.01050980536884214 0.0007136967177299033 -0.0002545832125161224 0.0008142230329341449 0.1537007482081829 0.04258401985546583 0.0004481314195237058 -0.01177876776506737 0.0008870658278462071 -0.0002507962988888622
800 0.1514203371176428 0.04552527656821691 -0.01041099566259424 0.001132651046365159 -0.000460235485592176 0.001742143089905843 0.1534027917324002 0.04258534059188248 0.001392442760768887 -0.01166803690381643 0.001312476981108229 -0.0004525048763604193
810 0.1512549565710983 0.04567931109221982 -0.01040800797077584 0.00140665904096564 -0.000588160825658602 0.002433466631462284 0.1532195683814563 0.04275395394136143 0.002117391293778428 -0.01165637121415479 0.00158370210387592 -0.0005772669202494771
820 0.1510591143489519 0.04613386766344464 -0.01050273536864051 0.001487855696825867 -0.0006172412550179021 0.002778610443770615 0.1530048322591007 0.04320687117678499 0.002504390321834687 -0.01175024254217258 0.001657417762871126 -0.0006035441731005077
830 0.1507387978935292 0.0468268503069653 -0.01063719416213956 0.001380487303564974 -0.0005723538802048294 0.002770981684896482 0.1526699592378812 0.0438822416889144 0.002547054410716944 -0.01189318568000839 0.001539068715922676 -0.0005558143853592523
840 0.1506974452107055 0.04730344621511429 -0.01078063627049401 0.001306697884106295 -0.0005671636104938754 0.002994708264388947 0.1526215390636497 0.04432796694834849 0.002831623662892607 -0.01205273844768409 0.001450630392573478 -0.0005476387627751201
850 0.1507946996373745 0.04725946683879163 -0.01080315532648506 0.001136164072907244 -0.0004868128697323299 0.002862592785558862 0.1527212563313977 0.04424248590523459 0.002779881476127921 -0.01209626849298577 0.001257214545323073 -0.0004644070749905701
860 0.1508329647492292 0.04687592200688303 -0.01072265066348759 0.0007815576225655984 -0.0003123642713050546 0.002173720912525241 0.1527744927143476 0.04381761722596382 0.002200312099888298 -0.01203798678691722 0.0008635850367808649 -0.0002882194034715026
870 0.1509486367012381 0.04660558740188025 -0.01066752601977703 0.000344425255535786 -0.0001327428565192499 0.001314537579362617 0.1529132432333973 0.04352409945698582 0.001469404222972503 -0.01199867594804608 0.0003707130028555723 -0.0001093584287834706
880 0.1510404310518429 0.04647539773986427 -0.0106178464462089 -0.0001688977173221607 8.980279891823428e-05 0.000254205107058521 0.1530266437463035 0.04340005438024618 0.0005320091108203962 -0.01195091502434013 -0.0002054464755371125 0.0001096651350942503
890 0.151100576018658 0.04612924852651122 -0.01052656075646978 -0.000663424070429925 0.0003111498860192626 -0.0007833739235828491 0.1531015439809014 0.04308094183562099 -0.0004110041322369049 -0.01184852802812291 -0.0007558986314133072 0.0003259308055012738
900 0.1511084344094048 0.04592597865105128 -0.01048741661021698 -0.001129441846865966 0.0005213948484498073 -0.00183846089043149 0.1531162570808304 0.04291162688631113 -0.001401974512291391 -0.01179150513361117 -0.001265473790918274 0.0005308770611000406
910 0.1510719712568139 0.046116792483363 -0.010550925110819 -0.001490674746312133 0.0006725652280337182 -0.002747292914415749 0.1530765613841397 0.04313940650035025 -0.002270925609300154 -0.01183423182893254 -0.00165985033745284 0.0006768601773178792
920 0.1508267404621114 0.04671622521617205 -0.01066478179348158 -0.001641795948243186 0.0007133735554815399 -0.003198613896309612 0.1528165650616757 0.04377154608646505 -0.002706557256983458 -0.01192805910275301 -0.001834887697146778 0.0007122978937663349
930 0.1504808077904335 0.04745667709142784 -0.01078746578534294 -0.001554532288975752 0.0006594580162824648 -0.003171854116470786 0.1524497131251349 0.04452886290704685 -0.002691381256661261 -0.01203751818188636 -0.001761442127104053 0.0006526370223676974
940 0.1504336619134238 0.04790256386333878 -0.01091678643856332 -0.001550577895696813 0.0006707564736793941 -0.003476142547552271 0.1523849188502488 0.04496537832762647 -0.003043336506537838 -0.01216681266818125 -0.001756966988163309 0.0006579203557789418
950 0.1503702854460185 0.04783890791337992 -0.01089651330497912 -0.001520473059293201 0.0006273320174252328 -0.003532283848624868 0.1523157392269889 0.04486754548072285 -0.003187032822990769 -0.01216107316777112 -0.001707568241669133 0.0006090809558298834
960 0.1502263091521347 0.04771016554412118 -0.01088245093740036 -0.001308803324652067 0.000482087240633276 -0.002972454918400374 0.1521799709522761 0.0446983145651843 -0.002760476865730772 -0.01216880687908856 -0.00145068429502 0.0004607557514879946
970 0.15010026650324 0.04766680214815684 -0.01091649709176338 -0.00103815602804026 0.0003733105441364775 -0.002315945164691349 0.1520707991204758 0.0446287313436591 -0.002270945347157299 -0.01222057996331192 -0.001109729601096152 0.0003525910844942012
980 0.1500933907496588 0.04756127541937166 -0.0109013876828986 -0.0008261103290397342 0.0003549587286173016 -0.002001974638491652 0.1520795793913271 0.04452001881298565 -0.00212225777935757 -0.01221099242965054 -0.0008165417825448393 0.0003385694866676073
990 0.1503047247015627 0.04718673878982138 -0.0108232169749257 -0.0006165382130088379 0.0003487330647394519 -0.001814757478705232 0.1523009123639155 0.04416143761604899 -0.002062677083128172 -0.01212590381488456 -0.0005349406242530798 0.0003386610425126358
1000 0.1508774488557349 0.04671274790622445 -0.0107855826377244 -0.0003355182712010305 0.0002887767619174002 -0.001470835760124857 0.1528781131136843 0.0437080950240611 -0.001790016303526189 -0.01207600539276172 -0.0002046425092444697 0.0002851133270764658
1010 0.1514935920620192 0.04628429438542558 -0.01074466113926838 7.350184749522316e-05 0.0001140250567355977 -0.0007649851203836391 0.1534925503005302 0.04329938292931455 -0.001099749631194813 -0.01202217613576879 0.0002273389896802209 0.000115656627287879
1020 0.1516712898874313 0.04588487817895942 -0.01060924312866821 0.0005532087169458488 -0.0001334523997438812 0.0001877175132828227 0.1536620855023534 0.04291843957990423 -0.0001228661270437732 -0.01187514964304436 0.0007085840228249641 -0.0001282710048756055
1030 0.1513498876099471 0.04568673087789283 -0.01044055294444597 0.0009738960068695905 -0.0003600427139854666 0.001097263165148645 0.1533287210978268 0.04273674012208811 0.0008301912626706469 -0.01169778904366646 0.00111867180912952 -0.0003527276217073215
1040 0.1510776546255834 0.04553298497271067 -0.01033533489662263 0.001228048351230219 -0.0005091352377891128 0.00174700848548888 0.1530423561782319 0.04259502608723753 0.0015285947973076 -0.0115878084883103 0.001357376046948154 -0.0005005216591935955
1050 0.1509371718806402 0.04579807225860545 -0.01040277505792556 0.001254041684541496 -0.0005444612006825129 0.002016431920947248 0.1528861846735409 0.04286645747999598 0.001843987973738644 -0.01165404162513884 0.001368220571229172 -0.000534824620522045
1060 0.151000508531362 0.04647384072626468 -0.01065841162687161 0.001270777407368067 -0.0005710691523820262 0.002505251657360942 0.1529340970162126 0.04353903383700179 0.002369449533588357 -0.01191256840133718 0.001375564220281959 -0.0005600312966946107
1070 0.15099601930717 0.046858778355171 -0.01077314009409365 0.001272049830206948 -0.0005594031822794046 0.00290876659054333 0.1529175748070358 0.04390628576171937 0.002801007825061131 -0.01203585304407297 0.001375048386240789 -0.0005458885482586919
1080 0.1511532049288997 0.04682143745503553 -0.01076639662305184 0.001038959721634048 -0.0004171228117497226 0.002570729450783669 0.1530703926344102 0.04383444123240091 0.002496309007658152 -0.01204549946083422 0.001141102356282933 -0.0003999958428156424
1090 0.1513665862832265 0.04663403092582937 -0.01074111224433323 0.0006649368866472753 -0.0002394885208531495 0.001896202396698016 0.1532910127536087 0.04359896728224357 0.001871513849996135 -0.01204424382763761 0.0007587620070584837 -0.0002184753282473263
1100 0.1513460801586214 0.04655062642268958 -0.01069732363451896 0.0002162332652223272 -4.192716256332198e-05 0.001024354411729245 0.1532908137499165 0.04347034648389698 0.001073324264754008 -0.01202588486043995 0.0002864224571972683 -1.828647278746091e-05
1110 0.1512864615576325 0.04633468026617475 -0.01062525842342542 -0.0002350247107166472 0.0001533434583537459 0.0001265527809266188 0.1532585353225554 0.04323580375868687 0.0002718216040616482 -0.01196938224727351 -0.0002065841900320929 0.0001769285308369117
1120 0.1512229623191768 0.04599767245156521 -0.01053958310251462 -0.0006890120433791752 0.00035386767567816 -0.000874010620692814 0.1532181949416999 0.04291666791360235 -0.0006187630168008757 -0.01188102235031533 -0.0007164025569557998 0.0003744858056648801
1130 0.1509401956349566 0.04598318611718685 -0.01047662505853918 -0.001110471091965828 0.0005325590356948585 -0.001923001437694794 0.1529479774781069 0.04294425807948294 -0.001559168283217672 -0.01179946750027908 -0.001198849547352878 0.0005481678902746785
1140 0.150804040294584 0.04624981862084507 -0.01052807150800469 -0.001409122837232718 0.0006465435561561933 -0.002757135022999286 0.1528135133437056 0.04325349494543785 -0.00230683041309025 -0.01182692614545097 -0.001552564186366913 0.0006560066114651532
1150 0.1507180374035832 0.04682575282684681 -0.01066589815634079 -0.001539351922760171 0.0006792239543843813 -0.003216169884282827 0.1527183477619596 0.04386095813787681 -0.002722797497652446 -0.01194300018022817 -0.001721133002310973 0.0006821264030100716
1160 0.1505006731726056 0.04749873844925198 -0.01080470045251646 -0.001456109062930737 0.0006300933212754231 -0.003181191716843361 0.1524837952684337 0.04455137056388565 -0.002694724811659958 -0.01206677572958468 -0.001656498009294652 0.0006261250647570711
1170 0.1505456086953257 0.04789402723095429 -0.01095080179673137 -0.001432423485899428 0.0006413243222218674 -0.003404229416592923 0.1525105640988336 0.04494749843646336 -0.002974108476637809 -0.01220754259968861 -0.001631196060858174 0.0006303870738982198
1180 0.1505734426089436 0.04778593586042231 -0.01095080036381046 -0.001373075947736522 0.0006045219383891272 -0.003388667678722 0.1525280960639506 0.04482226478629526 -0.003064408742789001 -0.0122140189340407 -0.001545926983804837 0.0005878967265708381
1190 0.1504612337256425 0.04745400106849884 -0.01087099260167107 -0.001115833356035507 0.0004604142669845705 -0.002726532630336463 0.152418553440109 0.04446407466540445 -0.002552873123742064 -0.01214876458079495 -0.001235743696941227 0.000440977840163738
1200 0.1503648614328758 0.04708171117904947 -0.01075601675984936 -0.0008311001824465033 0.0003673833459259341 -0.002131188849103745 0.1523343568815906 0.04407358937842049 -0.002132021933390627 -0.01204673134805448 -0.0008762288791853548 0.0003491300704997065
1210 0.1505940670496574 0.04682257863900592 -0.01070305035118806 -0.0005554230775103756 0.0003181669150130173 -0.001727070411782476 0.1525777675959499 0.04381378059438547 -0.001889051804209245 -0.01199803178385701 -0.0005206865613063555 0.0003044793099340703
1220 0.1512768049766937 0.04650731709638886 -0.01073279721574461 -0.0002058064504795092 0.0001993972573924129 -0.001120299379184375 0.1532706203311696 0.04351003700354231 -0.001400586806788179 -0.01202320183793377 -0.0001033290807135848 0.0001918950001501399
1230 0.1517997311195325 0.04589293728231279 -0.01065319239342215 0.0002260012536639699 -1.115774611579063e-05 -0.000236527606532505 0.1537974827098645 0.04291132470216408 -0.0005828607382809486 -0.01193440752829419 0.0003748208948100408 -1.25247693290804e-05
1240 0.1517321322824904 0.04555582269018697 -0.01052027196241213 0.0006896642337215134 -0.0002422917075996188 0.0007547452037700358 0.15372692499463 0.04259329272198956 0.0003904946514347653 -0.01179010321600145 0.0008619928373662251 -0.0002385974723154575
1250 0.1514416641954549 0.0455274647003525 -0.01041769369423654 0.001113169956177002 -0.0004508186500617559 0.001693042472510275 0.1534253347393268 0.04258627265340876 0.001344507856432629 -0.01167559841768468 0.001292114584954782 -0.0004432116432203655
1260 0.1512676397936351 0.04566823423350513 -0.01040659828714568 0.001397084860822653 -0.0005833638686899603 0.002405546512021341 0.1532336421151994 0.04274229543006985 0.002090078884654727 -0.01165550289457833 0.001573414255186712 -0.0005726096000089264
1270 0.1510863942379111 0.04610030960380407 -0.01049718679652093 0.001489450798252484 -0.0006187389131536184 0.002767659524128345 0.153033374031 0.04317362487773015 0.002493737984580992 -0.01174472638982367 0.001658356031850046 -0.0006051987718199464
1280 0.1507562153877493 0.04679011350186921 -0.01062947595808037 0.001386317184481684 -0.0005744794142431841 0.002764279273838295 0.15268847906237 0.04384656623717956 0.002539762006862835 -0.01188513693785554 0.001544421975239874 -0.0005581446455511679
1290 0.1507006883047092 0.0472965310543809 -0.01077832187030807 0.001310594306246932 -0.0005679708997315746 0.002989395820606791 0.1526254872027696 0.04432273019535835 0.002824041464736273 -0.01204974942414341 0.001454622344904924 -0.0005486888278919266
1300 0.1507977961857987 0.04728236944670573 -0.01080822821826129 0.001152192202410605 -0.0004952762818479406 0.002893874138441698 0.152724402651056 0.04426737345078249 0.002806847388860307 -0.01210045426585781 0.001274325567069034 -0.0004730721178551201
1310 0.1508368233014472 0.04690499350399265 -0.01073067570088749 0.0008050745127821865 -0.0003225653800632975 0.002222053493444991 0.1527777743370285 0.04384802519847097 0.002241848270744029 -0.01204526295838186 0.0008895816143754561 -0.0002985122011472347
1320 0.1509487285801559 0.04662178634418258 -0.0106732784581829 0.0003732218801304213 -0.000145387386580628 0.00137569280447462 0.1529126113543071 0.04353989807902753 0.00152226316738248 -0.01200440356308964 0.0004032186418857916 -0.0001219126658833974
1330 0.1510396295832713 0.04649380599064428 -0.0106258256599154 -0.0001376881421791962 7.6139085333766e-05 0.0003277641351544728 0.1530254645803192 0.04341651697487067 0.0005975026771150773 -0.01195970739671899 -0.0001700843135952604 9.626030011362186e-05
1340 0.1511061145269683 0.04615790860350524 -0.01053478025432365 -0.0006324919492165903 0.0002977227746411351 -0.0007099199083403227 0.1531070610817215 0.04310706707107301 -0.0003438644728313673 -0.01185801929993702 -0.0007212833837357364 0.0003128486478891839
1350 0.1511151296487398 0.0459269819389849 -0.01048745716458612 -0.001102790908433713 0.000509229168427475 -0.00177667316283355 0.153123371764857 0.04291011341552661 -0.001344472633093868 -0.01179294362355432 -0.001235962556786794 0.0005190670600984558
1360 0.1510781134397546 0.0460914534308636 -0.01054447622528317 -0.001472781269694438 0.0006659365135311435 -0.002694472139163812 0.1530838427457956 0.04311171916457063 -0.00222090322813459 -0.01182924168206153 -0.001639721379143229 0.0006705764379538862
1370 0.1508602109692019 0.04667463631386434 -0.01065968650183433 -0.001641943939749966 0.0007157897310876781 -0.003189040148864255 0.1528515869109878 0.04372835773689427 -0.002697991835047419 -0.01192406681921849 -0.001833351469300415 0.0007151056178061371
1380 0.1504958726000832 0.04740754040969627 -0.0107749722274419 -0.001560614018135122 0.0006617787911218769 -0.003168151632939651 0.1524663742706124 0.04447964817623565 -0.002686411307579403 -0.01202539980092755 -0.001766652457960205 0.0006553900680575273
1390 0.1504413899278523 0.04789506946045879 -0.01091449380442351 -0.001546652278454325 0.0006691759236425582 -0.003449256161384837 0.1523937319261457 0.04495962927704351 -0.003012380638788105 -0.01216394004731574 -0.001753407673771643 0.0006567489585740867
1400 0.1503803511279953 0.04785129588203288 -0.01089997320142225 -0.001526528685552175 0.0006336780383792764 -0.00354804429027096 0.1523259355936103 0.04488283074234917 -0.003196030748148705 -0.01216315932213372 -0.001715336981034536 0.0006157619727338611
1410 0.1502407312169911 0.04771899787352257 -0.01088309604870177 -0.001325601976782642 0.000493547274454385 -0.003017503693066986 0.1521936981007155 0.04470984975471862 -0.002796082918793746 -0.01216790563816076 -0.001470882713058559 0.0004723558301981358
1420 0.1501129031265704 0.04766806249363732 -0.0109144458809113 -0.001051513200186444 0.000376706328271464 -0.002346689944264335 0.1520823638122809 0.04463112392918863 -0.002290741053920766 -0.01221758023993319 -0.001127842209092807 0.0003558887101130104
1430 0.1500936392714527 0.04756981870080813 -0.01090308494309843 -0.0008376953893422857 0.0003545129098305833 -0.00202127500878447 0.152079154353402 0.04452816633132715 -0.002131626746713536 -0.01221272814209622 -0.000833145004307271 0.0003378104522404331
1440 0.1502827867003815 0.04720980891347701 -0.0108259474335339 -0.0006298200625532361 0.0003501271227430162 -0.001825730366666875 0.1522785945546392 0.04418357525303998 -0.002067147854053835 -0.01212913585034946 -0.0005520911673764304 0.0003396632206023185
1450 0.1508441001225467 0.04673919985452851 -0.01078645033684319 -0.0003548013935723332 0.0002951288072695666 -0.001500161348322194 0.1528447498567471 0.04373340455399952 -0.001816201323565815 -0.01207758560590913 -0.0002262602262561611 0.0002911183776849326
1460 0.1514776180734554 0.0463077455656756 -0.01075071812833932 4.741884963767231e-05 0.0001264333942105354 -0.0008173096098102536 0.1534768647628086 0.04332181464820936 -0.001151883095039118 -0.01202891539586357 0.0002003287415431874 0.0001277909160370114
1470 0.1516851846638268 0.04589754192639112 -0.01061900619696074 0.0005255572133850222 -0.0001196527191858576 0.0001298631880683162 0.1536767556144524 0.04293006795326654 -0.0001825087821150657 -0.01188556379225708 0.000681037499932079 -0.000114666922578209
1480 0.15137120150933 0.04569655895082891 -0.01044931241762446 0.0009540169748626726 -0.000348914738133925 0.001056411620670315 0.1533509555211012 0.04274579595484321 0.0007861807054455483 -0.01170692587600247 0.001099722535691867 -0.0003417118938842839
1490 0.1510936592008285 0.04553812767787797 -0.01033781721491511 0.001221713266702897 -0.0005039005678032493 0.001726032081813881 0.1530592261622673 0.04259979595199755 0.001504228818346874 -0.0115903154162047 0.001352270927734278 -0.0004953364772769191
1500 0.1509396137997933 0.04576251446715771 -0.01038963012078547 0.001257178411788562 -0.000544820231819119 0.002000303089057013 0.1528895376160944 0.04283083281923417 0.001824873890669726 -0.01164074848400304 0.001372412219272447 -0.0005352226204765974
1510 0.150993306933115 0.0464383690306696 -0.01064389877449165 0.001266931147360113 -0.0005685342419915262 0.002467660142853907 0.152927863942835 0.04350413818938265 0.002329195674644441 -0.01189771603560653 0.001372397914988357 -0.000557592370428183
1520 0.1509915535570364 0.04685267648198808 -0.01077053603540475 0.001278308959384792 -0.0005639550451907436 0.002908668063459611 0.1529137292961559 0.04390149724961494 0.00279873958796869 -0.01203259316144565 0.001381620671009515 -0.0005505854695211295
1530 0.1511350294477425 0.04683756112916949 -0.01076756394166418 0.001060459640908014 -0.0004286293777685952 0.002609332656184006 0.153052254469069 0.04385295019034365 0.002532633161157595 -0.01204549494705194 0.001162855737081089 -0.0004116975955493804
1540 0.1513576244917706 0.04664396323172441 -0.01074264195174782 0.0006904346050053423 -0.000251143589996566 0.001941800533076317 0.1532813565044009 0.04361168338150385 0.001913973097666219 -0.01204429732237963 0.0007849265725919541 -0.0002303407339643668
1550 0.1513521638347819 0.04655698957794986 -0.01070184601022209 0.0002442788979747661 -5.440271624398077e-05 0.001080998064927874 0.1532955681720979 0.04347877260005747 0.001125420455379194 -0.01202910727789792 0.0003161100152040073 -3.087100631730272e-05
1560 0.1512831368999971 0.04635967996216756 -0.01063033916632836 -0.0002065476828128418 0.0001414531761333435 0.0001901312776817386 0.1532537583367445 0.04326091451016818 0.0003296222871845005 -0.0119739632000477 -0.0001754304457839243 0.0001650991334355881
1570 0.1512399876660415 0.0460137901172462 -0.01054541398655812 -0.0006607229768483519 0.0003411975358359277 -0.0008095791260763378 0.15323417512205 0.04293074423028026 -0.0005606333764229497 -0.01188747450841756 -0.0006847690365705845 0.0003620377024189347
1580 0.1509579352658842 0.04597419711140476 -0.01047845784317374 -0.001088792888286498 0.0005233394228565098 -0.00186606582508195 0.1529653876589498 0.04293261618050553 -0.001508208391517134 -0.01180259690333992 -0.001173742990238243 0.0005392506138853112
1590 0.1508063479155796 0.046225077087944 -0.01052119381201804 -0.001395480874097674 0.0006420028449953725 -0.002709647028663874 0.1528159893630328 0.0432266814684644 -0.002263821649244485 -0.01182132582678582 -0.001535920303445227 0.0006518296049037734
1600 0.1507328556493943 0.04678644539999462 -0.01065824342033327 -0.001539224481938338 0.0006807044625366794 -0.003207012335292176 0.152733892381977 0.04382042568092516 -0.002714931259803478 -0.01193628512356405 -0.001719172534996789 0.0006840184536187816
1610 0.1505053099973643 0.0474597920065709 -0.01079396563841689 -0.001462991429485417 0.0006327347227266953 -0.003183207061390584 0.1524894743839037 0.04451202489552552 -0.002694402852943654 -0.01205653688860489 -0.00166304235046809 0.0006291885740244812
1620 0.1505416892653706 0.04788692989577439 -0.01094621954837812 -0.001432477764261172 0.0006399236850834393 -0.003389748177067961 0.152507516074886 0.04494083938967227 -0.002954343081860864 -0.01220292290464065 -0.00163222506528138 0.0006293743312190087
1630 0.1505716899379682 0.04780215652713761 -0.01095360057324315 -0.001383215072045701 0.0006108902569262507 -0.003409014862916957 0.1525265923209095 0.0448398510910901 -0.003076853960509684 -0.012216142475335 -0.001558498151412502 0.0005945277006431613
1640 0.1504705830831303 0.04747897273444996 -0.01087770976845496 -0.001134073439863044 0.0004695703127310271 -0.002768451506992276 0.1524274364712264 0.04449038166400284 -0.002584554695283139 -0.01215456760952287 -0.001257985022126577 0.0004501876894280446
1650 0.1503649029046095 0.04710340581486751 -0.01076246588230686 -0.0008478980792366202 0.0003700839190316125 -0.002164247202508726 0.1523335077038002 0.04409572029249763 -0.002154228438153644 -0.01205265495707649 -0.0008980283881449316 0.0003516449196215883
1660 0.150562219303073 0.04683543551215832 -0.01070332506392229 -0.000574957852513654 0.000322491278751373 -0.001755864101953521 0.1525451957769174 0.04382633530429393 -0.001909011642987402 -0.01199831510053285 -0.0005449646971403917 0.0003084406462716143
1670 0.1512271424243295 0.04653710334369736 -0.01073215977640087 -0.0002315784684752245 0.0002109772691930528 -0.001167357370509635 0.1532204865925767 0.04353892464097011 -0.001442107275396761 -0.01202300253757844 -0.0001326193126351344 0.0002030755458620655
1680 0.1517889962824346 0.04592944843289087 -0.01066192063789641 0.0001977009638380345 3.258852093540056e-06 -0.0002988357585246598 0.1537866072209711 0.04294692242302024 -0.000642488896641191 -0.01194366672296406 0.000344317830088032 1.541675790752615e-06
1690 0.1517498523477159 0.04556492814782608 -0.01052857148848709 0.0006594908554618363 -0.0002274347174919924 0.0006864180457121283 0.1537450866622139 0.0426009925441997 0.0003225507467596489 -0.01179919085170694 0.0008306757108693136 -0.00022404242569171
1700 0.1514572225196835 0.04552432248978967 -0.01042250856469516 0.001089837100163484 -0.0004396596007843379 0.001640706154896055 0.1534418584025869 0.04258185683890795 0.001290736991357839 -0.01168112578042601 0.001268532477948503 -0.0004322984744655621
1710 0.1512705198041655 0.04565287368825286 -0.0104027675187687 0.001384874242409423 -0.0005771245856779363 0.002372973612760231 0.1532377404570287 0.04272638494252121 0.002055117761818112 -0.01165203028410496 0.001561498677128998 -0.000566566650489907
1720 0.1511078834508932 0.04606240563391067 -0.01048954369577721 0.001489907012547543 -0.0006197204660086474 0.002752707733122642 0.1530559459919981 0.04313605829404339 0.00247603558479973 -0.0117369311944436 0.001659347705200925 -0.000606352075063359
1730 0.1507696729489164 0.04674269551597338 -0.01061950964129033 0.001392605893964592 -0.0005766087743531168 0.002757363667728616 0.1527026923154602 0.04380064501334258 0.002529546794804581 -0.01187442304369274 0.001551387103015948 -0.0005604719268232634
1740 0.1506968308787411 0.04727941035699174 -0.01077229400618976 0.001314355130097511 -0.0005683227690986393 0.002978160321497397 0.1526218751135768 0.04430785891995929 0.002808368596050907 -0.01204259939190367 0.001459504395059464 -0.0005492456614522732
1750 0.1507950915004287 0.0472978202067844 -0.01081041167899473 0.001167845948992939 -0.000503354409040858 0.002919035188929455 0.1527211216128636 0.04428561701454168 0.002826222796177206 -0.01210120448094503 0.001291832824097469 -0.0004813025862292357
1760 0.1508385309735703 0.04692696698669837 -0.01073586967756214 0.0008281507398813852 -0.000332692239991887 0.00226554153195872 0.1527780949257471 0.04387235187675488 0.002277804457667859 -0.01204909349373526 0.0009155864353652365 -0.0003086931019757432
1770 0.150940821621024 0.04662909847435499 -0.01067503288709875 0.0004003140800004335 -0.0001568127503366069 0.001427913238603138 0.1529031700550594 0.04354783941404832 0.001566352610646563 -0.01200553274136279 0.0004340818273250994 -0.0001332226052957366
1780 0.1510344681728484 0.04650440908021251 -0.01063024023841687 -0.0001080366076305409 6.368574802156226e-05 0.0003924941391975005 0.1530191239643186 0.04342598881097142 0.0006547510317985851 -0.01196445735514339 -0.0001363860246530057 8.408918372020761e-05
1790 0.1511063775397891 0.0461827532587209 -0.01054045451377199 -0.0006034403988255803 0.0002852401338668366 -0.0006467230971618404 0.1531066064398536 0.04312979151664557 -0.0002860861022787374 -0.01186469377049663 -0.0006888057002746544 0.0003007286446818135
1800 0.1511164943718011 0.04592947565512304 -0.01048736834751115 -0.001076925313679806 0.0004973997644310349 -0.001720766793548737 0.1531245478297337 0.04291033794705047 -0.001291763191158982 -0.01179414134966954 -0.001207643020121527 0.0005075945297653767
1810 0.1510789396948276 0.04607042868797265 -0.01053898672000834 -0.001454904878845883 0.0006590991029435695 -0.002646499686418435 0.1530852414847343 0.04308847758538468 -0.002174656476100246 -0.01182512291703975 -0.001620081957919934 0.0006640661703989829
1820 0.1508824012504154 0.04663807239287261 -0.01065499854712072 -0.001639892037041948 0.0007167532185714818 -0.003179718317889827 0.1528748696111794 0.04369008907116692 -0.002688901555952438 -0.0119204881156159 -0.001830045547336103 0.0007164244017524956
1830 0.1505055334920239 0.04736391494374573 -0.0107647746092026 -0.001566127957292128 0.0006640120211308093 -0.003169181646920178 0.1524773052522305 0.0444355743497569 -0.002685374304982125 -0.01201571718272072 -0.001771829541008996 0.0006579942148736514
1840 0.1504445842399552 0.04788620848172526 -0.01091218014262893 -0.001544169644680335 0.0006678067244741618 -0.003428321601525807 0.1523978449655506 0.04495191837598276 -0.002987310916311567 -0.0121613115658084 -0.001751535871794644 0.0006557285797847204
1850 0.1503848223300147 0.04786018899788452 -0.01090271383277132 -0.00153177274171117 0.0006387310883141335 -0.003559991313130247 0.1523304512012071 0.04489412248784184 -0.003201632337507078 -0.01216479059742777 -0.001722353978988053 0.0006210876948260038
1860 0.150249543529245 0.04772484958634803 -0.01088338824119598 -0.001340616365649622 0.0005035336093290178 -0.003055546681281229 0.152201835441621 0.04471805023845801 -0.002825586191099041 -0.01216686541431344 -0.001489084406695148 0.0004824427667402201
1870 0.1501202618665774 0.04766839376919677 -0.01091240946222183 -0.001064755534825503 0.0003802761071733617 -0.002376277531746165 0.1520886421382558 0.04463263341483215 -0.002310671553952862 -0.01221464262276114 -0.001145399292151816 0.000359343849483502
1880 0.1500917187291806 0.04757664740576471 -0.01090513565725615 -0.0008492272842753725 0.0003546090903296375 -0.002037980252376832 0.1520765108378724 0.0445348190300387 -0.002139814991469095 -0.01221474736778704 -0.0008491339717529583 0.0003375960009220704
1890 0.1502620738162264 0.04723190917823947 -0.01082920374615466 -0.000642049348468144 0.0003512643906236328 -0.001833267642029708 0.1522573993875479 0.04420478285931414 -0.002069137130780548 -0.01213289490790959 -0.0005677583390137995 0.0003404304987594345
1900 0.1508096585943537 0.04676449408161989 -0.01078716088780237 -0.0003726501795384795 0.0003008273214367682 -0.00152544653030299 0.1528100342595622 0.04375776415826542 -0.001839037302406663 -0.01207890419607031 -0.0002461078948683843 0.0002964984141049658
1910 0.151456946739009 0.04632873629717927 -0.0107553821569134 2.317390417461322e-05 0.0001378625548432717 -0.0008641332644137498 0.1534563481371163 0.04334177485701142 -0.001198798430848597 -0.01203427301726277 0.0001753118658638732 0.0001389676560162494
1920 0.1516923563365417 0.04591174253336013 -0.01062828075701924 0.0004997888370131875 -0.0001067192499658461 7.778862650289489e-05 0.1536844711438476 0.04294324076975477 -0.0002365911751837437 -0.01189549180904456 0.0006555158727539246 -0.0001019049223559673
1930 0.1513887813028583 0.04570433026265212 -0.0104574232722079 0.0009351510166536085 -0.0003381934805318737 0.001019224697742594 0.1533692450105628 0.04275276749831956 0.0007460738032454453 -0.01171548161591531 0.001081720787771929 -0.0003310877417446764
1940 0.1511066325569506 0.04554192325158406 -0.01034066746846228 0.001214892311629813 -0.0004988423211225488 0.001705021691478377 0.1530729701353455 0.0426029753468044 0.001480098784343163 -0.01159334953467421 0.001346586362064 -0.0004903193874166053
1950 0.1509435730445567 0.04573218528460573 -0.01037952689757277 0.001259505015638734 -0.0005451127182165572 0.001985353872640551 0.1528943596851165 0.04280028940752 0.001807224922320257 -0.01163066114303915 0.001375678637007207 -0.0005355548546539328
1960 0.1509853638281309 0.04640441227465215 -0.01063067330348476 0.001263425625986327 -0.0005661140448083409 0.002435079789677116 0.1529207507864231 0.04347065916235676 0.002294239909878649 -0.01188427390903521 0.001369534757356856 -0.0005552507848280941
1970 0.1509891425139042 0.04684588510739714 -0.01076835373891983 0.001283014397940427 -0.0005674493224578288 0.002904959021627291 0.1529117618539912 0.0438960044090731 0.002792897875676105 -0.01202979193403322 0.001386722708654206 -0.0005541999973875033
1980 0.1511182541544473 0.04685047262622407 -0.01076864626659328 0.001079775506703006 -0.0004391252633946244 0.002643352171283788 0.1530354655358211 0.04386783977610342 0.002564435512240618 -0.01204561761034302 0.001182489296685292 -0.0004223638875246666
1990 0.1513488643896855 0.04665050921114863 -0.01074352453214545 0.0007129816185634857 -0.0002614720750207279 0.001980520217654859 0.1532719576445144 0.04362075464378439 0.001949768960108627 -0.01204387668738001 0.0008081253224056812 -0.0002408572739756633
2000 0.1513556948189805 0.04656215265436647 -0.01070572784858729 0.0002701420170512816 -6.586004228660327e-05 0.001133991724712283 0.1532979017965575 0.04348589892652672 0.001174246744407594 -0.01203183376754518 0.000343473265393125 -4.243400890216133e-05
2010 0.1512806727807765 0.04638256118828741 -0.01063541032596593 -0.0001807940550331964 0.0001307345515526535 0.0002472270135957387 0.153249875375458 0.04328403212919336 0.0003812168480687355 -0.0119785291627322 -0.0001471012052089924 0.0001544445026084479
2020 0.1512511430525902 0.04602868345856159 -0.01055049372970515 -0.0006355122918173694 0.0003298656780504435 -0.0007549759088312648 0.1532442728823382 0.04294408750737153 -0.0005119336895336361 -0.0118930112332182 -0.0006564110248546527 0.0003509166836177945
2030 0.1509744333029677 0.04596658700234706 -0.01048069393447999 -0.001068489791352515 0.0005148246084324843 -0.001812728092879721 0.1529815418201957 0.04292260817997702 -0.001460258329118623 -0.01180605373963699 -0.001150333816581782 0.0005310114252365294
2040 0.1508079110312887 0.04620413615414182 -0.01051540538798636 -0.001382630898375955 0.0006376053524521007 -0.002666070365237519 0.1528177261275091 0.0432037637722153 -0.002224252010617207 -0.01181676958128884 -0.001520353787901174 0.0006477664332280506
2050 0.1507453727887062 0.04675131020186207 -0.01065154978975919 -0.001537923912676011 0.0006815858831470965 -0.00319725098537557 0.1527470675893259 0.04378405594984635 -0.002706420976253571 -0.01193054507941198 -0.001716149445622533 0.0006852814126778271
2060 0.1505101645728965 0.0474228123805126 -0.01078422694810311 -0.001469611745279339 0.0006352875780740584 -0.003186252644462644 0.1524953244704401 0.04447455481745557 -0.002695760307312886 -0.0120473613636283 -0.001669156368695976 0.0006321273228128372
2070 0.1505381525242413 0.04787924362035235 -0.01094170271460117 -0.001432556331212553 0.000638422207725869 -0.003375438182620661 0.1525048491571728 0.04493358803140889 -0.002935432677034811 -0.01219841524222783 -0.001633075177410566 0.0006282351798962604
2080 0.1505692901248016 0.04781704436900934 -0.01095641457926051 -0.001391582095043277 0.0006163931865418037 -0.003424208741754854 0.1525245213685433 0.04485609224163597 -0.003084899364116811 -0.01221834772462461 -0.001568993104587652 0.0006002899621288524
2090 0.1504802796318198 0.04750206609461519 -0.01088385772747248 -0.001151072643524157 0.0004782522938359925 -0.002809271762455453 0.1524367060658915 0.0445147251261271 -0.002616077436294472 -0.01215989350985132 -0.001278577145999616 0.0004589347940959379
2100 0.1503658334043946 0.04712418818255843 -0.01076909103125358 -0.0008637357097991959 0.000372721468138875 -0.002195620166285487 0.1523336587364556 0.04411703918515013 -0.002175622549042214 -0.01205875948830381 -0.0009184128807360721 0.0003541276120730608
2110 0.1505336734940926 0.04684753948867251 -0.01070382923969754 -0.0005931318826402015 0.0003265488540893638 -0.001780372169595973 0.1525159771947417 0.04383804433645185 -0.001925461618333002 -0.01199888020685315 -0.0005674315507971767 0.0003121771079975106
2120 0.1511784084598806 0.04656610793226098 -0.01073135394699336 -0.0002560670073159942 0.0002219844172389472 -0.001212313502593567 0.1531713017765236 0.0435671099250228 -0.001481835912363268 -0.01202258174552078 -0.0001603133100949883 0.0002137395443615065
2130 0.1517770925167687 0.04596703536519846 -0.01067070337355654 0.0001698529016035405 1.770044787911315e-05 -0.0003606154239118024 0.1537745318111181 0.04298349990173348 -0.0007014591637253108 -0.0119530336023854 0.0003143092405332841 1.566383958460182e-05
2140 0.1517651919421348 0.04557187309402268 -0.01053637575086314 0.0006302702147911594 -0.0002131646434426159 0.0006212696849881516 0.1537607713657743 0.04260667729548726 0.0002578472634963518 -0.01180769368810298 0.0008003726886978139 -0.0002100489326806334
2150 0.1514732140046536 0.04552256682005913 -0.01042778722514751 0.001066093632398574 -0.0004281478220526039 0.001587392293521609 0.1534588057858106 0.0425787495036022 0.001236236201211317 -0.01168717183850362 0.001244519263050546 -0.0004210108261233176
2160 0.1512767524143939 0.04563962279451426 -0.01040000615513036 0.001372436599240168 -0.0005708324674452992 0.002340715830553329 0.1532450785259167 0.04271246459064472 0.002020917442010076 -0.01164967315504871 0.001549231119908058 -0.0005604547572563496
2170 0.1511266190323003 0.0460237322277727 -0.01048127010223093 0.001489585860168232 -0.000620477576474211 0.002735332900137018 0.1530756720032382 0.04309783360846672 0.00245651069051271 -0.01172847927389078 0.001659358325806896 -0.0006072689088373629
2180 0.1507852828678408 0.04669706923481798 -0.01060992352431604 0.001399915802509421 -0.0005793886497196996 0.002754248949723114 0.1527190080155901 0.04375633270034068 0.002523689147126985 -0.01186420571874587 0.001559170607027464 -0.0005634415921425166
2190 0.1506931414047816 0.04726040477225373 -0.01076591134843482 0.001317972577195403 -0.0005684295339243048 0.002966053810678891 0.1526183805240935 0.0442910367560241 0.002792473807897692 -0.01203510715780383 0.001464001835882017 -0.0005495509636656865
2200 0.1507904326391843 0.04731159338078524 -0.01081203971726957 0.001183462929971414 -0.0005113979196624533 0.002942724045036794 0.1527159582514523 0.04430216162452947 0.002844671126356457 -0.01210142108324924 0.001309032748992225 -0.000489512296186029
2210 0.1508392421924278 0.04695198242093989 -0.01074189755572159 0.000852227982168158 -0.0003437743121263329 0.002309983181326945 0.1527776269353432 0.04389955603152595 0.002315218224796385 -0.01205386795496105 0.0009422816040371275 -0.0003198599777045306
2220 0.1509344145269501 0.04663861498038951 -0.01067751647155632 0.0004285556385641745 -0.0001687542269342449 0.001483335875085566 0.1528952288862078 0.04355806573072817 0.001613671584600388 -0.0120073699575127 0.0004659911025880043 -0.000145076767246751
2230 0.1510276213523412 0.04651468986325809 -0.01063456829245046 -7.595359353805743e-05 5.023755110540752e-05 0.0004636706476895336 0.1530111080417262 0.04343517318671325 0.0007181317205990227 -0.01196907467762881 -0.0001001970565927806 7.09026230166684e-05
2240 0.1511062437621777 0.04620833653468068 -0.01054654348354887 -0.0005728812264960287 0.0002719758293973057 -0.0005827209197217271 0.1531057740440108 0.04315324477752255 -0.0002277290424662442 -0.01187173236721796 -0.0006547750312510722 0.0002878155017202151
2250 0.1511181298084801 0.04593295391407266 -0.01048758824138494 -0.001049633896085804 0.0004847484003381933 -0.001661096267191085 0.1531259954709981 0.04291147503891241 -0.00123580367284314 -0.01179566833808175 -0.001177741984057229 0.0004952873783583748
2260 0.1510803628435672 0.04604807853763129 -0.01053293155894967 -0.001435482086914024 0.0006517447730875837 -0.00259208357589858 0.1530871752064765 0.04306385475945642 -0.00212268187970334 -0.01182043012070384 -0.001598599525774604 0.0006570416414124743
2270 0.1509069557887499 0.04659664298547895 -0.01064889294882289 -0.001636898111324478 0.0007173894690861289 -0.003167010441438754 0.1529005809504736 0.04364685466173871 -0.002676871990239046 -0.01191554326367513 -0.001825567500104408 0.000717431598161003
2280 0.1505211227244947 0.04731617900861777 -0.01075408710959026 -0.001572647132776346 0.0006668852748639516 -0.003171179832529343 0.1524942036675134 0.04438745657528603 -0.002685877248316813 -0.01200556777215715 -0.00177772700572284 0.00066125593479835
2290 0.1504459358674577 0.0478724523195928 -0.01090782304854362 -0.001541823786830727 0.0006661562071882099 -0.003405959807016001 0.152400160743587 0.04493921209708026 -0.002961151104858729 -0.01215670889920689 -0.001749590014164931 0.0006544494134364797
2300 0.1503883375907348 0.04786954013584443 -0.01090554699796235 -0.001536813531604892 0.0006437633619606137 -0.003569712214350339 0.1523340727944681 0.04490586561435429 -0.003205061056884564 -0.01216656555642934 -0.001729031365698147 0.0006264275391919273
2310 0.15026066011715 0.04773289389097156 -0.010883819833178 -0.001356466844382953 0.0005143898720644589 -0.003095770186581955 0.1522121784045364 0.04472852602051502 -0.002856778389083095 -0.0121658836187022 -0.001508245567201915 0.0004934228955406504
2320 0.1501295771992961 0.04766951878434305 -0.01090984698841677 -0.001079859759288362 0.0003844585614830622 -0.002413110459017917 0.1520968367816755 0.04463491996858912 -0.00233682454337755 -0.01221115178437844 -0.001165199228655799 0.0003634210532804963
2330 0.1500900605416997 0.04758542203677324 -0.01090776680024826 -0.0008616801726189224 0.0003545403103456575 -0.002055411311604679 0.1520739332393331 0.04454350199045674 -0.00214746863024969 -0.01221727364345503 -0.0008666145255327416 0.0003372019282131567
2340 0.1502401029187562 0.04725637231050023 -0.01083297328519711 -0.0006555001505451092 0.0003523731885814298 -0.001841099920800393 0.1522349655970643 0.04422806516025976 -0.002070402029786922 -0.01213726582173732 -0.0005851352217346871 0.0003411421948499063
2350 0.1507708111642403 0.04679350717760734 -0.01078784338828105 -0.0003918862536005138 0.0003067262699017229 -0.001553568611059649 0.1527709255671851 0.04378560778643181 -0.001864034888596008 -0.01208031192038909 -0.0002677314745938258 0.0003020398198636697
2360 0.151431711547431 0.04635320682314762 -0.01076033926582642 -3.855290236099538e-06 0.0001506214731971355 -0.0009171452585778386 0.1534312755886124 0.04336510360449121 -0.001251528805434464 -0.01203998721939633 0.0001472527901225503 0.0001514354084906848
2370 0.1516950219485131 0.04592832518232303 -0.0106378697922458 0.0004705864127642139 -9.201591743142642e-05 1.802960894945482e-05 0.1536877170890558 0.04295871392654325 -0.0002982633901979813 -0.0119057703289236 0.0006264472390033407 -8.740231716883319e-05
2380 0.1514113465123519 0.04571440224420756 -0.01046740480064069 0.0009130024974979814 -0.0003255844866247237 0.0009747078067593982 0.1533927376083904 0.04276188398628587 0.0006985374556122677 -0.01172596237517846 0.001060416992485041 -0.0003185975062979012
2390 0.1511227591038566 0.04554873283647352 -0.01034447309643477 0.001205617840902134 -0.0004925156373164079 0.001676007395934508 0.1530899829592745 0.04260903382424783 0.001447907546549214 -0.01159739222468302 0.001338429700681732 -0.000484046908526122
2400 0.1509480637213871 0.04570068908644217 -0.0103692343691294 0.001261413163158649 -0.000545108486962681 0.001968524652132824 0.1528998206957979 0.0427686700371209 0.001787665419199698 -0.01162032041980216 0.001378496049590292 -0.0005356033604098995
2410 0.1509782565100527 0.04636441536413152 -0.01061525804784379 0.001259703128266437 -0.0005634050293765081 0.002398919567970043 0.1529145769363508 0.04343102871436478 0.002255592670162555 -0.0118686434318415 0.001366426508705976 -0.000552640688992877
2420 0.1509867355119174 0.04683296923231917 -0.0107646685327127 0.001287468112649228 -0.0005708604026053071 0.002897512012557757 0.1529098962233642 0.04388455018082767 0.0027835165380272 -0.0120254081802501 0.00139139883088692 -0.0005577564106359277
2430 0.1511010341235965 0.04686164745121708 -0.01076968411511789 0.001099870311032785 -0.0004502769942944717 0.002677259935869717 0.1530182470557976 0.04388145425534661 0.00259624652154066 -0.01204546053109232 0.001202684218249039 -0.0004337340047181086
2440 0.1513394003485849 0.04666036298295867 -0.0107452461937718 0.0007373375649832074 -0.0002728596119795222 0.002022746580375328 0.153261805509456 0.04363347066208902 0.001988907629055508 -0.01204414315050424 0.000833055648787996 -0.0002524773098257765
2450 0.1513583090032764 0.0465682759064525 -0.01071030373062514 0.0002987956814514924 -7.843595492305429e-05 0.001193201608782023 0.1532990840256559 0.0434944013974309 0.00122848892825579 -0.01203497871699694 0.0003738801386832348 -5.513964360480718e-05
2460 0.1512803809735562 0.04640552446083214 -0.01064042865988627 -0.0001521574020844812 0.0001189420684148974 0.0003093867247037197 0.153247970344091 0.04330724915507937 0.0004370588196136033 -0.01198297784543518 -0.0001155376992174789 0.0001427188917971493
2470 0.151265606674588 0.04604438556713512 -0.01055628065570499 -0.0006072714354703411 0.0003170136703590599 -0.0006945740501742224 0.1532575623481958 0.04295795963996838 -0.0004578704566629399 -0.01189933775870766 -0.0006247734802272919 0.0003382979754439201
2480 0.1509920974613921 0.04595808468910727 -0.01048343410604454 -0.001045057718613877 0.0005050162668948002 -0.001750886675801498 0.1529986471473807 0.04291156395988388 -0.001404517055117316 -0.01181004670554323 -0.001123386076060608 0.0005215164967300899
2490 0.150810911457257 0.04618103070114726 -0.01050878584739226 -0.001367151649971088 0.0006321653289530641 -0.002616694198167867 0.1528208802979357 0.04317836374064212 -0.002179618789951519 -0.01181156321095848 -0.001501710863164252 0.0006427063917833248
2500 0.1507573444732805 0.04671123316944183 -0.01064334688760504 -0.001535051686986145 0.0006818750843692282 -0.003182690648169122 0.152759763293141 0.0437425093313436 -0.002693288341331025 -0.01192346275430204 -0.00171137627103327 0.0006859878306760541
2510 0.1505163645731083 0.0473823311728282 -0.01077346683670734 -0.001477101768340681 0.0006383218922574573 -0.003190143481562527 0.1525026875492066 0.04443316717925194 -0.002698360010786564 -0.01203743439005941 -0.001675845345483693 0.0006355868456053394
2520 0.1505335399003647 0.04786810035303588 -0.01093577900437709 -0.00143232781365753 0.0006365808624938502 -0.003358620468741705 0.1525012298226701 0.04492282292138167 -0.002913832181118372 -0.01219257790468567 -0.001633556630183119 0.0006268017642413443
2530 0.1505665484170578 0.04783214392337558 -0.01095895927853934 -0.001399608803189008 0.0006220028841814894 -0.003437142809391843 0.152522156991698 0.04487267458130967 -0.003090336376743049 -0.0122202194298285 -0.001579186887767789 0.0006061952023905926
2540 0.1504926653590127 0.04752653077121823 -0.01089014359880291 -0.001170272683586684 0.0004882614356673497 -0.002857218623875865 0.1524485943672983 0.04454077675772608 -0.002654020616527848 -0.01216517396344751 -0.001301570407594542 0.000469039217982731
2550 0.1503683576249369 0.04714743567215043 -0.01077644038494776 -0.0008814957299558248 0.0003760576940378945 -0.002231449889124755 0.1523352746992679 0.04414113347192979 -0.002200474490511342 -0.01206544038390808 -0.0009411387531131623 0.000357308354078278
2560 0.1505060624424645 0.04686148921504215 -0.01070504719703503 -0.00061305314729343 0.0003308112569708431 -0.001806735196456045 0.1524875380153812 0.04385169647945539 -0.001942645224805274 -0.01200007186889055 -0.0005921780734361209 0.0003160940776485179
2570 0.1511257576340287 0.04659777115546947 -0.01073009032458025 -0.000282498868322748 0.0002334157161158461 -0.001260655404057817 0.1531180264367965 0.04359804920277361 -0.001524074510103358 -0.01202166720310664 -0.0001904342916743981 0.0002247876215375944
2580 0.151759798885707 0.04600980590447155 -0.01067992412960819 0.0001397328789339953 3.307274512467404e-05 -0.0004270050864441746 0.1537571084682738 0.04302525927640415 -0.0007646456008415394 -0.01196287120647973 0.0002817440880261387 3.067904379190795e-05
2590 0.1517819205022892 0.04558347331725121 -0.0105451799650362 0.000597543381207257 -0.0001971884066571466 0.0005485594793562182 0.1537778414267358 0.04261693003864923 0.000185881065853941 -0.01181728386718235 0.0007663271541964611 -0.0001943840267106748
2600 0.1514926477224027 0.04552060911702883 -0.01043425302223821 0.001039454965415254 -0.0004150678566293284 0.001529981629546275 0.1534792113050934 0.04257540966166931 0.00117750521925529 -0.01169443149513925 0.001217578902045254 -0.0004081801433308364
2610 0.1512855422447084 0.04562480487391833 -0.01039748594103684 0.001357590145561722 -0.0005633517959957953 0.002301832637175546 0.1532550925767762 0.04269686170014868 0.001979689039873815 -0.01164760185848232 0.001534684675527996 -0.0005531651666346361
2620 0.1511474964151588 0.04598160829844947 -0.01047237024910295 0.001488820674485379 -0.0006212162494965969 0.002716797327441881 0.1530976117707988 0.04305604323884989 0.002435484175483757 -0.01171946568194434 0.001659006227595265 -0.0006081842662596152
2630 0.1508031104871071 0.04664252395808758 -0.01059830147684587 0.001409182514668053 -0.0005829810037657473 0.002755608536544578 0.1527377311053774 0.04370339829641589 0.002521743892649339 -0.01185181280803453 0.00156907784268072 -0.0005672422103031559
2640 0.1506907286198438 0.04723977532323476 -0.01075772502342577 0.001321802621640267 -0.0005681874584708272 0.0029498664140814 0.1526163281340076 0.04427275293357961 0.00277207470294381 -0.01202574847819514 0.001468822962569119 -0.0005495229033515693
2650 0.1507833080137751 0.04732826871241184 -0.01081361626620482 0.001200659741258595 -0.0005202624077303989 0.002967227356029824 0.1527083803973405 0.04432190710280244 0.002863455222195388 -0.01210144779083547 0.001327912966102397 -0.0004985680058198349
2660 0.1508376239239249 0.0469815160880805 -0.01074875729544255 0.0008802456164322966 -0.0003569655136882395 0.002363710596482064 0.1527747367254789 0.04393164563001654 0.002361192587865961 -0.01205928754580736 0.0009731503828637627 -0.0003331523245028561
2670 0.1509234698611412 0.0466529455045739 -0.01068083580220481 0.0004622999270029474 -0.0001831329192952163 0.001550846904462198 0.1528827075225571 0.04357324201149118 0.001672145096872307 -0.01200993709623219 0.0005037806831913651 -0.0001593690028538826
2680 0.1510215056757801 0.04652682849853011 -0.01064015007682208 -3.760510247681447e-05 3.38384138999454e-05 0.0005482775921592777 0.1530037140845033 0.04344612659965424 0.0007940952162286424 -0.01197492501574194 -5.729736079406129e-05 5.479286404525069e-05
2690 0.1511083904532926 0.04623955122696196 -0.01055422200247121 -0.0005362501430104433 0.0002554953829409638 -0.0005052651217065946 0.153107026223906 0.04318214818563351 -0.0001567179523997194 -0.0118804280730551 -0.0006142120607083741 0.0002717243887572545
2700 0.1511180242007406 0.0459385355313985 -0.01048823822999807 -0.001016651442008299 0.0004696103386917391 -0.001586202486257373 0.1531256290659733 0.04291456466289176 -0.001165214030677626 -0.01179768531540577 -0.001141784988584747 0.0004805285634979837
2710 0.1510822286984638 0.04602225548273908 -0.01052553391800659 -0.001412014995943043 0.0006424071726269707 -0.002527020702104663 0.1530895858513231 0.04303537516114855 -0.002060484112613461 -0.01181456978503114 -0.001572751360885624 0.0006480782928773804
2720 0.1509347477327769 0.04654698436102765 -0.01064097311432964 -0.001631858005622438 0.0007173966772529121 -0.003147378094872711 0.1529295516949521 0.04359524797379721 -0.002658194287885817 -0.01190887837528324 -0.001818778002885736 0.0007178566055615026
2730 0.1505394650326922 0.04725740275994948 -0.01074143363376311 -0.001581736138353122 0.000671191059549238 -0.003176043144305942 0.152514079445147 0.04432804704255355 -0.002689372460713808 -0.01199360141265907 -0.001785973023458581 0.0006660022940224408
2740 0.1504495377909064 0.04785354781906544 -0.01090182301507602 -0.001539419230966451 0.0006641723299885274 -0.00337770532021728 0.1524048729138409 0.04492170991815191 -0.002928565573953626 -0.01215033517555937 -0.001747569683241661 0.0006529102299417598
2750 0.1503928535086266 0.04788095612942951 -0.01090877296954419 -0.00154191772504317 0.0006493003090506332 -0.003576534120021504 0.1523388347700853 0.04492008445160319 -0.003204813717699362 -0.01216856726071384 -0.001735892870648416 0.0006323391962566248
2760 0.1502735504636109 0.04774249080751785 -0.01088409327246603 -0.001375426459362067 0.0005271545681969531 -0.00314494515830124 0.1522242160788561 0.04474099282233036 -0.00289534936729673 -0.0121645004163479 -0.001531022416013734 0.0005063575957248311
2770 0.1501395735448877 0.04767188484484788 -0.01090676985465929 -0.001098605610771971 0.0003899481315968654 -0.002458923590973561 0.1521054662115631 0.04463875942218171 -0.002369792771274267 -0.01220693883904884 -0.001189554006616709 0.000368798115289046
2780 0.1500877611225295 0.04759616373203509 -0.01091114102712283 -0.0008768509369045949 0.0003547254133673669 -0.002076078372576924 0.15207066606392 0.04455407362398896 -0.002156366302270298 -0.01222055068775107 -0.0008878137800449778 0.0003369989170816784
2790 0.1502160879871093 0.04728861614493131 -0.010838948162166 -0.0006716146443022473 0.0003533581850426123 -0.001852539178120836 0.1522103144650393 0.04425906130374965 -0.00207366899754809 -0.01214384896761213 -0.000606087671398145 0.0003416493933778236
2800 0.1507221031623056 0.04682933222657318 -0.01078903291985274 -0.0004145198036943758 0.0003130859209054268 -0.001585082431078354 0.1527219553826158 0.04381998376576417 -0.001891241604111887 -0.01208240989583766 -0.0002935251247956589 0.0003079494644918039
2810 0.1513932450643923 0.04638382815305139 -0.01076525354637539 -3.663003563296552e-05 0.0001658790323657042 -0.0009805032368923464 0.1533931363656807 0.04339413999653283 -0.001314300936729412 -0.0120459226607765 0.0001130478374605471 0.0001663146940324514
2820 0.1516945209926102 0.0459531243975918 -0.01064982972744797 0.0004347557881769965 -7.377229210733013e-05 -5.478967235948417e-05 0.1536880744472229 0.04298211438808935 -0.0003731029908426819 -0.01191861686826863 0.0005906119840185678 -6.941585220475097e-05
2830 0.1514390323127981 0.0457275833760408 -0.01047965106444614 0.0008852670489590478 -0.0003098721501901198 0.0009173675585393556 0.1534213670929429 0.04277397877222348 0.0006376480665143868 -0.01173875411167519 0.001033626128870249 -0.0003030382312074396
2840 0.1511431201662249 0.04555852683018066 -0.01035028499408128 0.001192057258539036 -0.0004838172460535347 0.00163524668259645 0.1531113636049327 0.04261804411106453 0.001403433482861206 -0.01160342188224622 0.001326119291403541 -0.0004754287001161691
2850 0.1509547873089301 0.04566529370030597 -0.01035856324226296 0.00126345388537612 -0.0005449579803086399 0.001950602303318643 0.1529077469853361 0.04273308100681457 0.001766358769736798 -0.01160962175976759 0.00138162922645574 -0.0005355292341074157
2860 0.1509692900576063 0.04631247550553554 -0.01059549567665305 0.001254905740777272 -0.0005598994184347456 0.002352363902008481 0.152906700039837 0.04337978986580351 0.002206179960801021 -0.01184848267726753 0.001362300133807773 -0.0005492588005154737
2870 0.1509892095095192 0.04681661626422837 -0.01076065516982328 0.001291091522421776 -0.0005740771789598821 0.002881979324500519 0.1529130839455914 0.04386997927452544 0.00276576887264004 -0.01202053234184156 0.001395188208585605 -0.0005611648209824909
2880 0.1510839477467571 0.04687256390529054 -0.01077100030116599 0.00112280446383701 -0.0004633937994689695 0.002715878253908949 0.1530012424905496 0.04389527938163747 0.002632404150604389 -0.01204537103043223 0.001225675325298903 -0.000447125311204225
2890 0.1513266035796485 0.04667074439746875 -0.01074643313428736 0.0007658966608560195 -0.0002861807097172148 0.002072309438085595 0.1532482184614514 0.04364749187387951 0.002034673983731569 -0.0120434896430378 0.0008622938132233802 -0.0002660907975676795
2900 0.151363888858612 0.04657439945552577 -0.0107151132027078 0.0003332783772159171 -9.346150221460774e-05 0.001264935578828876 0.1533030555385322 0.04350339946327873 0.001294381768099522 -0.01203809393516292 0.0004103780130238529 -7.033457025039486e-05
2910 0.1512809331921169 0.04642992731156323 -0.01064575041849274 -0.0001187643885372319 0.0001049931885146981 0.0003788825227897816 0.1532464913882846 0.04333216171734098 0.0004991063684914917 -0.01198750616788139 -7.872577735375826e-05 0.0001288361742011103
2920 0.1512768927780077 0.04606613906046138 -0.0105626717696809 -0.000573888733980289 0.000301997507730297 -0.0006230493826293698 0.1532673113982533 0.04297753688155851 -0.0003945212352019337 -0.01190637742699533 -0.0005870920475896151 0.000323557659592639
2930 0.1510139373686978 0.04595074767211257 -0.01048688767319117 -0.001016177982254332 0.0004931185849440931 -0.001675127944997254 0.153019915330371 0.04290092231051054 -0.001336653251505885 -0.0118151374418106 -0.001090023304117049 0.0005100031597022659
2940 0.150814820379063 0.04615597882574876 -0.01050182165468339 -0.001348231722675224 0.0006253772557408184 -0.002559507493892629 0.1528249097397706 0.04315040971088236 -0.002128311339530372 -0.01180633652553488 -0.001478890132160749 0.0006363855174040856
2950 0.1507693413180924 0.04666608435022344 -0.01063389843442774 -0.0015303179943021 0.0006817466497251614 -0.003162383972703139 0.1527725805496133 0.04369541549614034 -0.002675080095374319 -0.0119154424313029 -0.001704225577728166 0.0006863550893299412
2960 0.1505304457833697 0.04733129385708316 -0.0107614277422848 -0.001486745414439132 0.0006424499490592003 -0.003200512650851573 0.1525180492266508 0.04438159067734326 -0.002706379535204353 -0.01202610445706334 -0.001684990725727937 0.0006401954857087036
2970 0.1505269586669836 0.04785177900450731 -0.01092799131615011 -0.001431570858242973 0.000634127553449465 -0.003336605877541293 0.1524959201605661 0.04490683145211803 -0.002886467900536018 -0.01218495847895149 -0.001633481250873254 0.0006248412669448225
2980 0.1505634823603139 0.04784942942117082 -0.01096178619721053 -0.001407563021286912 0.0006278759487032704 -0.003448146765007887 0.1525196616228447 0.04489156456131106 -0.003092518429466749 -0.01222232734214116 -0.001589620372625935 0.000612436785505398
2990 0.1505056274504034 0.04755496476831237 -0.01089710158707024 -0.001192480142915663 0.000500071801965488 -0.002915529502008287 0.1524610473463464 0.04457103739196171 -0.002700360488022605 -0.01217097985762345 -0.001328264849758057 0.000480980648060364
3000 0.1503710946806912 0.04717442233674082 -0.01078512932473333 -0.0009019591785832197 0.0003803657759925584 -0.002272423420860138 0.152337020329861 0.04416917750953375 -0.00222835077373542 -0.01207330125167387 -0.000967472777762933 0.0003614457842963605
