"report"
"Iteration" "cd-scale etc.."
("Iteration" "cd-scale" "cl-scale" "cx-scale" "cmx-scale" "cmy-scale" "cmz-scale")
10 0.2581273305596945 0.01120573847614231 0.01906177257240412 -0.0107160100825948 -0.002544967136795066 0.01434324473964813
20 0.2495566821431859 0.002463738048296191 -0.01139443373645129 -0.01366225106719634 -0.002258014700642351 0.007499174393316476
30 0.2455217722292307 -0.004673779613964008 -0.0009780811649909406 -0.01229451766332398 -0.003307814596592158 0.008561583353695756
40 0.2435622912692501 -0.007116070852743346 -0.002635409266361855 -0.01212224693044621 -0.002730151512591338 0.007864836805113157
50 0.244527583584864 -0.006947076804866164 -0.003327916511595801 -0.01149368199443923 -0.002419753232807882 0.008135501909083817
60 0.2484420674490036 -0.003284930082073708 -0.01003575675656324 -0.01102519006594195 -0.002240285151497295 0.008364386306512065
70 0.2513065970344616 -0.002930944823843842 -0.01285866328242783 -0.009666499978868932 -0.001847942348073056 0.00962458523570274
80 0.2527426385279285 -0.00583389417048768 -0.00973285808211603 -0.00945528828093592 -0.001842898355995139 0.01005732747143646
90 0.2519995030434034 -0.006547764097393498 -0.007605718767269682 -0.009811446282593053 -0.001861125075989903 0.009722365480973778
100 0.2507677901907708 -0.004623197129237269 -0.00593491382773765 -0.01010730780726669 -0.001847022570321801 0.009072459573773211
110 0.2499711021441994 -0.002922784504200877 -0.00366276879407411 -0.01025442688587697 -0.001724274839439816 0.008635931080709555
120 0.2501375748061938 -0.001759228426512796 -0.003583504384557292 -0.01049428527944887 -0.001682032561575108 0.008874953460157504
130 0.250582099204934 -0.002288355612539747 -0.004668799651816254 -0.01058658403122518 -0.001676230466620085 0.009244732473141965
140 0.2504802190579667 -0.002824065904120861 -0.005419796751160478 -0.01046283519868382 -0.001712965778474113 0.009515791386916684
150 0.2504727658508065 -0.00358743465450105 -0.005169214843717742 -0.01035537048869344 -0.001757967859191145 0.009498743853083171
160 0.2506107673071785 -0.004373839314957995 -0.004678688932248013 -0.01037015052979675 -0.001832606742766937 0.009366902633599359
170 0.2507663855950224 -0.004407179065521189 -0.004376414002890731 -0.0104424743297144 -0.001890717010351151 0.009391906500047894
180 0.2509427712078833 -0.003531188631452717 -0.003858643504394943 -0.01058470291832492 -0.001850160868525883 0.00940615524105071
190 0.2511708654771603 -0.002895967828256248 -0.003537038302102365 -0.01081304952752616 -0.001830490606724252 0.009498340538036014
200 0.2513188540825837 -0.003095317138024498 -0.004391780109799474 -0.01082602672749075 -0.00185510298628643 0.009842844228923672
210 0.2511516421518278 -0.003637229663333327 -0.004599749947585817 -0.01055009541108331 -0.001930540686475204 0.009890578690960449
220 0.2512752031497451 -0.00465330024728013 -0.003913455826868423 -0.01046860645387839 -0.00204949076778792 0.009720279962617687
230 0.2514701377245505 -0.005109357713861605 -0.003743701361810514 -0.0105721047134211 -0.002150457228613882 0.009727000151833278
240 0.2514118726607436 -0.004641699069412876 -0.003408536997722378 -0.01075804040437217 -0.002181250750208671 0.009656151920743521
250 0.25147335440665 -0.003673416516798437 -0.003178724405747368 -0.01108344038652221 -0.002136184574049611 0.009625600815145392
260 0.2516439348330283 -0.003289689338398301 -0.003938399282417504 -0.01115828050774512 -0.002048646431521444 0.009902191640906851
270 0.2515211339215852 -0.003419373067904888 -0.004411497326149445 -0.01088391276783632 -0.00201441309342047 0.009947816187457681
280 0.2515028627391993 -0.004210232542658545 -0.003772957368289974 -0.01066071048463735 -0.002051225467060476 0.009739167678632395
290 0.2515845109254016 -0.005065972322128986 -0.003647645990501863 -0.01059257129727489 -0.002144900430423212 0.009695528541675543
300 0.2514994852889892 -0.00519084118453258 -0.003605221682221371 -0.01067972999160568 -0.002207741123385521 0.009666669871518823
310 0.2515148042061542 -0.004038913583962949 -0.003507142902355664 -0.01105818984408939 -0.002168392466564236 0.009635007892191341
320 0.25176968739707 -0.003055010701689675 -0.004090466642597547 -0.01136447514851286 -0.002060298558612339 0.009863522189971299
330 0.2516817407425443 -0.002922775756127894 -0.004600134372169099 -0.01116660970839949 -0.001995271353967921 0.01000707779261129
340 0.2516175049670002 -0.003338759512387611 -0.004083078135445813 -0.01093783840231334 -0.002017402743241337 0.009801968876943633
350 0.2516100780532809 -0.004306500851930389 -0.003688041969630423 -0.0107261054506487 -0.002072747437188906 0.009706471183854169
360 0.2516200477821691 -0.005124495592630854 -0.00382037678421986 -0.01063842645048279 -0.002152374399936913 0.00973954046392948
370 0.2515645432418573 -0.004911785162698041 -0.003800655322033889 -0.01082370428147854 -0.002188990847413498 0.009664779648521851
380 0.2515649684408989 -0.003691888636251758 -0.003736417056920088 -0.01117607293133261 -0.002113358809694269 0.009660686117130966
390 0.2517094802986528 -0.003089851046311151 -0.004304940506432872 -0.0113054036615454 -0.002024653001334057 0.009900209183694882
400 0.2515983766465963 -0.003107890939191994 -0.004484431966393869 -0.01110182177268762 -0.0020160017027212 0.009906025976398688
410 0.2515982864751693 -0.003617710549255257 -0.004147924720617455 -0.01092696376208456 -0.002034491854855443 0.009806542322074729
420 0.2515983516852274 -0.004474379516676229 -0.004017329974471209 -0.01074653486807651 -0.002091146162417317 0.009806824942553707
430 0.2515454998946408 -0.005011827350626516 -0.003775644525752026 -0.01069351995030042 -0.002160333206897241 0.009710541360755982
440 0.2515700989844689 -0.004492509033165439 -0.003671773688357899 -0.01092843087430145 -0.002155013558132143 0.009600368807481071
450 0.2516146213994337 -0.003431693590651736 -0.003991524131553197 -0.01121699688192209 -0.002072135499809168 0.009710998209160484
460 0.2516401629522515 -0.003135895913030731 -0.004399663897198294 -0.01120044708265182 -0.002013187575467458 0.009896001271451741
470 0.2515765867238703 -0.003256388804274231 -0.004437866721209054 -0.01105161471955014 -0.00202817594939116 0.009848258377262331
480 0.2516114525693293 -0.003775668898655579 -0.00433567237209563 -0.01090617267827246 -0.002039427741403815 0.009837631589827941
490 0.2515485193323932 -0.004529349329987263 -0.004182743080490345 -0.01072935354362675 -0.002090863050081058 0.009831070280194162
500 0.2514924702492568 -0.004763482786586984 -0.003717080388045427 -0.01075212340071717 -0.002153513453169771 0.009636506903752602
510 0.251575913879042 -0.004049055380512903 -0.003648742034537714 -0.01101122839639359 -0.002108779996880161 0.009575373119193728
520 0.2516266326573612 -0.003269499550995508 -0.004231946663937822 -0.01119800595904012 -0.002033819370442985 0.009779717334851506
530 0.2515665081506404 -0.003175141766912398 -0.004395549764001374 -0.01110745218010452 -0.002009747907947529 0.009849677071444927
540 0.2515705444297771 -0.003369555210084714 -0.004425732419802856 -0.01100254303423886 -0.002019391423079185 0.009815855450710518
550 0.2516149642552762 -0.003856407111273816 -0.004565928982742471 -0.01087562806077447 -0.002035355877752278 0.009879107521477751
560 0.2514669613633123 -0.004485696996782543 -0.004126114794472497 -0.01071291985629797 -0.002085731473517151 0.009782753314426443
570 0.2514813695309838 -0.004400880258307759 -0.003617158384990147 -0.01082743288215959 -0.002128628509530678 0.00956834947390396
580 0.2515919800160205 -0.003639897968321041 -0.003836982368273945 -0.01106531683126075 -0.002061059150738009 0.009617972931234101
590 0.2515749450244456 -0.003193337243212178 -0.004343331323169152 -0.01111042761249725 -0.002001577915019778 0.009806846505672257
600 0.2515157213186728 -0.003215455345874359 -0.00435431435691875 -0.01102544479033943 -0.002003865513108639 0.009786815193143885
610 0.2515969305018283 -0.003431358352421809 -0.004480729190515538 -0.01095726533388543 -0.001997249932178393 0.009805798652862215
620 0.2515431889937359 -0.003890592196149645 -0.004666592482208362 -0.01079775799873391 -0.002018312529184239 0.009883195554025887
630 0.2513861116568206 -0.004322733629599541 -0.003951839610561696 -0.01070942264851075 -0.002075672704522526 0.009674272072372
640 0.2515053406325263 -0.004002406252558367 -0.003596296865942286 -0.01089487047340336 -0.002078609557247853 0.009529407427516692
650 0.2515802473726307 -0.003325493721923544 -0.004177872016090213 -0.01104662278822306 -0.002008783306111326 0.009705842727562345
660 0.2514749013238748 -0.003153540824128775 -0.004247113607646625 -0.01099238626591956 -0.001975867842096597 0.00975272876693563
670 0.2515000743031856 -0.003210857954237803 -0.004284846639110074 -0.0109629986786179 -0.001985126356474833 0.009721690044731451
680 0.2516170313827425 -0.00341318972093324 -0.004716332290694352 -0.01090268484964745 -0.001972082440038914 0.009848678201936077
690 0.2514057902898261 -0.003893761879650856 -0.004466722351655512 -0.01069797521105375 -0.002004541362033482 0.009802613102222675
700 0.2513873664286115 -0.004106450017752275 -0.003741176041655911 -0.01074795120582768 -0.002062904703570389 0.009566952801331985
710 0.2515466839618987 -0.003655970939619438 -0.003813098240387208 -0.01093271481006293 -0.002028329356265794 0.009585532040027753
720 0.251466236154784 -0.003170992725521787 -0.004288381831295723 -0.01095055019146781 -0.001980430088375476 0.00973175495797881
730 0.2514325842745269 -0.003135994571940131 -0.004091264588996233 -0.01093274754955474 -0.001971973046970253 0.009677217297066084
740 0.25157266442487 -0.003173179851814948 -0.004338805894901911 -0.01094571213229454 -0.001963186160100916 0.009727351742437239
750 0.25152222452446 -0.003414038159064194 -0.004809193737511156 -0.01079747143037405 -0.001964826777870198 0.009868471875542779
760 0.2513427508032152 -0.00391991001025788 -0.004060597733974026 -0.01067012307108401 -0.002012599167413247 0.009670158982264905
770 0.2514521926840327 -0.003905297715406612 -0.003685847267800807 -0.01081132583671251 -0.002048535413568083 0.00953549527272474
780 0.251509645971236 -0.00343250705293268 -0.00416602116309896 -0.01090463626393301 -0.002002266050375083 0.009692406578267851
790 0.2513793824871849 -0.003163998064800673 -0.004053238254192287 -0.01088200924478599 -0.001974879198886959 0.009670331342203147
800 0.2514960269331741 -0.003089148939040031 -0.004026434414391755 -0.0109509578725319 -0.001973942338207494 0.009639324353048486
810 0.2516291279373173 -0.003136864273775217 -0.004655987446101907 -0.01091217645301909 -0.00194144355531239 0.009829035440672696
820 0.2513797150056221 -0.003499714882078293 -0.004486761580353131 -0.01070064477441126 -0.001974214634903733 0.009771120739741086
830 0.2513945365949656 -0.003901635097389378 -0.003785347805147215 -0.01072480296819294 -0.002026143625519194 0.009571079801302097
840 0.2515116530281338 -0.00370443626711788 -0.003946643987462014 -0.01083923486312023 -0.002018570585534236 0.009627419312145643
850 0.2513651356484866 -0.003334522367868569 -0.004168079026971502 -0.01082750462004377 -0.001996762633105227 0.009691175617696715
860 0.2514230376853805 -0.0031464926696398 -0.003828013169041999 -0.01090551218857423 -0.001975771803383975 0.009603975107787646
870 0.2516080005728871 -0.003004939159797523 -0.004292288925194647 -0.01097676592344422 -0.001954235552326228 0.00971877478343201
880 0.2514961205256784 -0.003157212246001721 -0.004736868891210401 -0.01079983207086804 -0.001944005904862694 0.009841107209216741
890 0.2513657945157071 -0.003636593418064225 -0.004025247637170055 -0.01069248949097421 -0.001986432259007008 0.009641428946785413
900 0.2514624164181214 -0.003796246377575161 -0.003835147221206184 -0.01077797452105444 -0.002023167676033725 0.009578290472011683
910 0.2514336962308997 -0.003566197061253985 -0.004171632147325639 -0.01078967186816337 -0.00200192292600009 0.009702277158754519
920 0.2513309623400555 -0.003293894607920296 -0.003882806354856464 -0.01082112935939341 -0.001995546972929741 0.009611995169675869
930 0.2515247932245943 -0.003042777536095248 -0.003892958735810965 -0.01096564946178671 -0.00197278607382611 0.009609285010974985
940 0.2516023841212088 -0.002986039189586994 -0.00462931710261796 -0.01091238548302283 -0.001930652280888925 0.009831407104556981
950 0.2513822718157201 -0.003278840651770685 -0.004394576098351376 -0.01072896849379277 -0.001962712299999864 0.009732400992656499
960 0.2514201311983544 -0.003693089067237474 -0.003822517160277965 -0.01073607991684662 -0.001995871495694704 0.009577718334050659
970 0.2514794936502056 -0.003682100718048898 -0.004107264918391561 -0.01077566099270984 -0.002004350935464523 0.009675122864448132
980 0.251315081287193 -0.00349797365739738 -0.004051782537470335 -0.01074644072700127 -0.002006618128134011 0.009659857199816654
990 0.251426926468274 -0.00321662865126887 -0.003677171938003515 -0.01089001623805116 -0.001987794380056527 0.009555431763465959
1000 0.2516077655498037 -0.002942492009191081 -0.004303725331136844 -0.01098047794172901 -0.001952143872536796 0.009731581224679799
1010 0.2514676095113121 -0.003046876500688642 -0.00457635160638572 -0.01080530180490419 -0.001936693924743676 0.009805044105093199
1020 0.2513841986348347 -0.003418159773914164 -0.004034859394552903 -0.01072927870340387 -0.001973956753074071 0.009630372274928637
1030 0.2514825276712698 -0.003657520062730507 -0.003995627239519209 -0.01076833965137126 -0.001995843141788459 0.009627645697534517
1040 0.2513819087258793 -0.003631774404435783 -0.004158477673533012 -0.01071612342229152 -0.001996719117341776 0.009701348639430764
1050 0.2513247289836428 -0.003422694211989211 -0.003776188822078213 -0.01078382999923846 -0.002010418353460775 0.009573842868869328
1060 0.2515346693157717 -0.003075037503740148 -0.003835767104056454 -0.01095611154788214 -0.001973458676192966 0.009599347752480419
1070 0.2515475925402186 -0.002930069157633104 -0.004556249322919119 -0.01089838378381851 -0.001936057419177096 0.009812508346381272
1080 0.2513966374248172 -0.003164648999601267 -0.004293231795879704 -0.01076051500771831 -0.001956959755427065 0.009706839750011185
1090 0.2514493094369925 -0.003501459076913162 -0.003914506937988413 -0.01075936853310512 -0.001975025811179054 0.009600776177003955
1100 0.2514613546108664 -0.003621898692229731 -0.00423481292273672 -0.01073980140007537 -0.001990325105718349 0.009709987532796449
1110 0.251304359721939 -0.003604698690409872 -0.003947825483993028 -0.01069951684675512 -0.00200723376825566 0.009633520467426633
1120 0.251426588926317 -0.003309035239961561 -0.003628508022822245 -0.01086728406033298 -0.002001217344446808 0.009532720838298675
1130 0.2515886105667056 -0.002968717912435847 -0.004271392641672117 -0.01096072450206194 -0.001954619825388941 0.009731638173774017
1140 0.2514434134977293 -0.003005429389405737 -0.00439998428343751 -0.01081301440519559 -0.001939213096494756 0.009764558025108718
1150 0.2514127321352083 -0.003262527057923259 -0.004065922633109043 -0.01077025713478777 -0.001968361250174553 0.009633106896161477
1160 0.2515108042799753 -0.00351217779184253 -0.004140899043542506 -0.01077463254587986 -0.001972023819062398 0.009674595113555397
1170 0.2513523801578516 -0.003635194409051905 -0.004169147050090233 -0.01067712065796831 -0.001992638639022307 0.009700054186782202
1180 0.2513414085857132 -0.00353356086927905 -0.003711044420938548 -0.01075894766647326 -0.002017215803872379 0.009553089200034642
1190 0.251537929709841 -0.003158626912226022 -0.003818626798003317 -0.01093315172734053 -0.001978370165997426 0.009599743331160279
1200 0.2514977724673045 -0.002941755982350322 -0.004452883869296999 -0.01088193554351005 -0.001947580663715196 0.009783502574506591
1210 0.2514080047631903 -0.003107871482126217 -0.004169866888123365 -0.01079071936147504 -0.001954282463250878 0.009683633718438184
1220 0.2514820423947368 -0.00332527454553403 -0.00404090559439917 -0.01079546279153132 -0.001964535932153939 0.00963181126541118
1230 0.2514562594449178 -0.003531202089259739 -0.004342740860304234 -0.01072632074304024 -0.001975222075813919 0.009741032298343085
1240 0.2513044206040609 -0.00365920674688036 -0.003872321124395373 -0.01067336834827613 -0.002003574769515612 0.009614464670127941
1250 0.2514329134653832 -0.003402807627114095 -0.003636278359673446 -0.01084637198765763 -0.002012469310216666 0.009526793293122615
1260 0.2515595716097575 -0.003047112585519401 -0.004227385704207836 -0.01092841807962268 -0.001959364800488641 0.00972696637721095
1270 0.2514094663092719 -0.003006952421051049 -0.004253233697435914 -0.01081800321683253 -0.00194993932793679 0.009724636568706188
1280 0.2514440388341767 -0.00316419398609503 -0.004060128705747094 -0.01081373340912927 -0.001965205510650161 0.009635029038799984
1290 0.2515414788605915 -0.003363425393837333 -0.004283090840721403 -0.01079441519237166 -0.001953671115210355 0.009721119782215407
1300 0.2513306230812336 -0.003589997605299184 -0.004194593307542192 -0.01066026712071196 -0.001988142104630295 0.009699444529241074
1310 0.2513615185912128 -0.003617137323755287 -0.003658826726732205 -0.01074418328968408 -0.002016438056288367 0.009539519696460542
1320 0.2515312361483055 -0.003253138187801491 -0.003872827490822105 -0.01090445298641859 -0.001986467311424429 0.009613985386693308
1330 0.2514467075375356 -0.003009490472751447 -0.004330156768115924 -0.01085607776200942 -0.001959130870338883 0.009749301765715706
1340 0.2514152034393912 -0.003087945446124442 -0.004027619276178372 -0.01081751025049826 -0.001955977414097137 0.009654284629232511
1350 0.251523608411544 -0.003177390108618484 -0.004174762425185053 -0.01084037946253093 -0.001959067716210515 0.009668588198419379
1360 0.2514502628794026 -0.00341887041752718 -0.004422228328527297 -0.01072246918145823 -0.001959749783053034 0.00976409188377809
1370 0.2513080636086235 -0.003660599480112597 -0.003832674592782699 -0.01066538181118628 -0.001999930696475868 0.009597096984503225
1380 0.2514524443840472 -0.003492686316472542 -0.003682791063846585 -0.01082829903575466 -0.002015336154300673 0.009537322257302871
1390 0.2515139669468081 -0.003151459209345917 -0.004185361696376344 -0.01087925015266972 -0.001966159601596864 0.009718347942878272
1400 0.2513744392184839 -0.003051459317482549 -0.004108032234037654 -0.01081598368410293 -0.00196466257011936 0.009679547587118292
1410 0.2514825330337893 -0.003100867731191183 -0.004020509871376196 -0.01085731651510159 -0.001962252351697771 0.009633730692775915
1420 0.2515582694843626 -0.003217283816864281 -0.00443535176273181 -0.01081430033218342 -0.001942645341808219 0.009765998067545032
1430 0.2513255756589319 -0.003514669162252685 -0.004183436489662379 -0.01066036685560062 -0.001980918146435439 0.009687635820231818
1440 0.2513928818619438 -0.003657841620504428 -0.003628320238686386 -0.0107406917250108 -0.002009584556328171 0.009531838205032448
1450 0.2515180548420554 -0.003345793498843476 -0.003990702703131584 -0.01086366493735792 -0.001993489837348602 0.009643788063682735
1460 0.2513923721641013 -0.003122596262607512 -0.004176659226845006 -0.01081648357039385 -0.001970540613830501 0.009706118073808287
1470 0.2514249450542024 -0.003091463322816014 -0.003897285558376018 -0.01084463968601367 -0.001964286752881282 0.009619293747990223
1480 0.2515753002281489 -0.003071049315308725 -0.004307378873962315 -0.01088583104334203 -0.001952713275499901 0.009715411810053389
1490 0.2514312076960266 -0.003300669770937154 -0.004432743207313367 -0.01072167433677343 -0.001948149703914269 0.009766175274646976
1500 0.2513322399718579 -0.003612905904697865 -0.003819184251901412 -0.01068132553290261 -0.001996996846088441 0.009581037946612024
1510 0.2514827214897282 -0.003552114014526348 -0.003793176258640342 -0.0108109763267022 -0.002007895127997478 0.00957395829359305
1520 0.2514410812546768 -0.003273985215892358 -0.004152301555998881 -0.01081185056245972 -0.001977413003991076 0.009705741293199959
1530 0.2513573365603302 -0.003133262105127534 -0.003946097812370863 -0.01081395603979724 -0.001979119793616061 0.00963049907515112
1540 0.25153503910596 -0.003051859479783082 -0.003987386508839118 -0.01090387104012138 -0.00195802740216119 0.009638720013050588
1550 0.2515337938931987 -0.003088048130860869 -0.004554545696190531 -0.0108202347564082 -0.001938547175306952 0.009797659653723383
1560 0.2513416613285306 -0.003430865146291361 -0.004121624654230052 -0.01068015768655169 -0.001972656082169462 0.009663909262401339
1570 0.2514248791881454 -0.00363764885268816 -0.003676616497717617 -0.01074747257679406 -0.001999774570194742 0.009543226308146874
1580 0.2514812869072108 -0.003433267422145351 -0.004119412301650598 -0.01080716110930171 -0.001995247815270096 0.009680013382701755
1590 0.2513403137538599 -0.003265283379126198 -0.003991106448415202 -0.01077272614502905 -0.001981921406888087 0.009655641359756412
1600 0.2514440074013397 -0.003098493919898428 -0.003800511977481518 -0.01087735053751683 -0.001975920341801768 0.009585948518971222
1610 0.2516008016548169 -0.002994614299089005 -0.004419830966123639 -0.01091101497611376 -0.001943316645822433 0.009763398450383093
1620 0.2514070413434862 -0.003199457409256005 -0.004371739774656296 -0.01072885971718256 -0.001944182570937856 0.009745120008958705
1630 0.2513684885719316 -0.003529993020727135 -0.00383637853185712 -0.01071226627931661 -0.001990849834846502 0.009574705786267609
1640 0.2514985200074333 -0.003564774650366833 -0.003948204028842826 -0.01078824777577519 -0.001991981347013855 0.009628697166638641
1650 0.2513557082016536 -0.003393242220549059 -0.00411494527481285 -0.01074280335254695 -0.001989959776922225 0.009685996011438569
1660 0.2513681906591206 -0.003227934903732519 -0.003782255915295845 -0.01081847925090834 -0.001990003015839958 0.009581905929678317
1670 0.2515725061089809 -0.003012795459171276 -0.004021683102911919 -0.01093601881208466 -0.0019541367571379 0.009658435460887788
1680 0.251486265632301 -0.003003533696048917 -0.004574590239439048 -0.01081646030565711 -0.001939184197975652 0.009801926065278747
1690 0.251366937960835 -0.003339097465329103 -0.004050161148915078 -0.01071169232182891 -0.001963498864219777 0.009643814247277139
1700 0.2514482333493034 -0.003551719243663515 -0.003821029596405588 -0.01075834829113604 -0.00198819921140676 0.009577838495792338
1710 0.2514314719770215 -0.003501788707951177 -0.004201663114575052 -0.01074745893933315 -0.001990025591387914 0.009705009819751627
1720 0.2513143421498596 -0.00339393430483879 -0.003835046393236861 -0.01074088119763084 -0.001992394241109028 0.009607864129108494
1730 0.2514674224561088 -0.003122016222453673 -0.003764011403275384 -0.01089717407790994 -0.001984664473791716 0.009568625129381383
1740 0.2515802306908526 -0.002959993821522187 -0.004442194523879218 -0.01090550814771034 -0.001937213482315945 0.009783969113584682
1750 0.2513870342355879 -0.003118327729180093 -0.004295025961347644 -0.01074650535589671 -0.001947837535363423 0.009717711848906059
1760 0.2514080665999318 -0.003419309817236186 -0.003895489231769486 -0.0107461135003422 -0.001979528791126963 0.009586020529605709
1770 0.2514994041609211 -0.003534768904079113 -0.004093932729657601 -0.01076391831769812 -0.001975629873625039 0.009677008700679682
1780 0.251309419036894 -0.003493599998768898 -0.004070429589809374 -0.01069549160281549 -0.00199859113759334 0.009664238752131831
1790 0.2513899444908961 -0.003328556994302107 -0.003662288642252786 -0.01081710122923776 -0.001997645289472216 0.009547220068650523
1800 0.251571382029112 -0.003018619308420176 -0.00408085916986148 -0.01093750654126152 -0.001957751655617678 0.009676597278936555
1810 0.2514482391467405 -0.002981686921232561 -0.004479477407130866 -0.01081383447997888 -0.001943887288140309 0.00977915646061967
1820 0.2513966680707517 -0.003248246385382611 -0.004006944385205617 -0.01074916425343638 -0.001957640620099406 0.00963369286414187
1830 0.2514788091589436 -0.003431960893339225 -0.004014694695513506 -0.01077628467131284 -0.001976418941722949 0.009627682406224421
1840 0.2513995127800436 -0.003532177848584657 -0.004225612498521018 -0.01070406265532813 -0.001981295951926084 0.009715990434771801
1850 0.2513133693333118 -0.003492269738116372 -0.003750153446945054 -0.01072275005686075 -0.002002948457466488 0.009574922398779634
1860 0.2514896705537932 -0.003186328521200378 -0.003768683625718289 -0.01089762743619296 -0.001990291401864395 0.009570344765507
1870 0.2515366110924418 -0.002978508867836401 -0.00437623821143225 -0.01088467695883344 -0.001939898404050746 0.009774078190133777
1880 0.2513795448280927 -0.003075737016067028 -0.004205883102667639 -0.01077151279043896 -0.001955559101199407 0.009691247552310754
1890 0.2514541036109718 -0.003301623986366195 -0.003967972676890811 -0.01078510168302317 -0.001967042427652646 0.009610265572633531
1900 0.2514920396229197 -0.003457320595582642 -0.004244558676672105 -0.01075116597282868 -0.001964328777768988 0.009719072961417745
1910 0.2512981798593215 -0.00355783169154863 -0.004019784197638386 -0.01067009550909835 -0.001999393695352587 0.00964639327355858
1920 0.251412990871781 -0.003423815065383288 -0.003598039091938745 -0.01080904173187708 -0.002002308619059046 0.009527804493013322
1930 0.2515526882969828 -0.003066405620931013 -0.004136136189596504 -0.0109189775693 -0.001966057957081903 0.009690662837636671
1940 0.2514192573342194 -0.003004020860079453 -0.00432709732423503 -0.01081141521556224 -0.001949313682017511 0.009743963666314087
1950 0.2514187432391106 -0.003166778501591467 -0.003982520470293904 -0.01078925882770961 -0.001958370145419524 0.009625760297565967
1960 0.25152053370712 -0.003304398086782914 -0.004208040267667986 -0.01080358705406288 -0.001963205546965586 0.009683178975588748
1970 0.2513781667311097 -0.003512520680589609 -0.004225923672609366 -0.01067945372876064 -0.001970876434744079 0.00971863356188246
1980 0.2513238717263093 -0.003559034922329283 -0.003718822882548377 -0.01071438138362303 -0.002009498999190676 0.009555331386161312
1990 0.2515092335839056 -0.003275714327978483 -0.003806302957711175 -0.01088275816683324 -0.001992113451216753 0.009585373123149787
2000 0.2514806594686797 -0.003030774469024904 -0.004294637610475385 -0.01085447324495097 -0.001950685588107088 0.009748880302271442
2010 0.2513803699053365 -0.003070329596506264 -0.004096879126385626 -0.01079590162779915 -0.001962505379500819 0.009663600380213652
2020 0.251502358242663 -0.0031921684176814 -0.004030043245800823 -0.01082779724605515 -0.001956148510920517 0.009636610177941863
2030 0.251476205006797 -0.003345570882283779 -0.004393406615264737 -0.01074830311320831 -0.001956772431831256 0.0097534712571821
2040 0.251303714464683 -0.003578515978695497 -0.003961256027169521 -0.01066142962990148 -0.001993539557000439 0.009629180429574759
2050 0.2514299762912989 -0.00349863004089955 -0.003604861351385745 -0.01079885563862745 -0.002005292566121596 0.009524833588798354
2060 0.251520952887502 -0.003152639229534299 -0.004176019643724441 -0.01088177358239104 -0.001974372074764529 0.009701295989665079
2070 0.2513857303328174 -0.003066065804055731 -0.00413954154479825 -0.01080286964065971 -0.001956571138746149 0.00969719491372297
2080 0.2514367925857782 -0.003105219642850901 -0.003962550728435347 -0.01083096643753166 -0.001964245789532009 0.009617427457777715
2090 0.2515577727196274 -0.003189742839505098 -0.004370270773529433 -0.01083108838681795 -0.001949421896160332 0.009738328283404193
2100 0.2513539872061462 -0.003448855034267651 -0.004211211932990037 -0.01067112958604682 -0.001964329608073384 0.009709003338055126
2110 0.2513505543015603 -0.003594821030596419 -0.003706502400535745 -0.01071927048337785 -0.002009446889724987 0.009545071107621711
2120 0.2515195571733312 -0.003368755313178309 -0.003882821749143815 -0.01085576542683696 -0.001989598813338274 0.009615249024654916
2130 0.2514075984224304 -0.003118208502398248 -0.00420562938911791 -0.01081296478248626 -0.001967296926257249 0.009714624496143451
2140 0.2513893787207739 -0.003097306355002255 -0.003953981033404156 -0.01081928611453497 -0.001968521522512685 0.009628916851182872
2150 0.251550111619577 -0.003097325873006048 -0.004118158847334625 -0.01087320471065016 -0.001949742955604793 0.009670916045820946
2160 0.2514499488860872 -0.003231551527989935 -0.004484248950808978 -0.01074701836075014 -0.001950870008989488 0.009772872702740552
2170 0.2513251850620127 -0.003554895412432708 -0.003885139892535674 -0.01067203405031367 -0.001984219098594709 0.009607494212840403
2180 0.2514474457147359 -0.00353524353652954 -0.003706159927676346 -0.0107912477486629 -0.002004637088683639 0.0095481260459894
2190 0.2514667708757593 -0.003266524212575608 -0.004188797837768867 -0.0108238587941722 -0.001980919186390271 0.009706342961290689
2200 0.2513527677550113 -0.003157223486379206 -0.003952818132385554 -0.01079005417309818 -0.00196900183105728 0.009643786483999319
2210 0.2514751548660791 -0.003064522319092878 -0.003939757412527933 -0.01087696881844944 -0.001969207649292042 0.009612840106645204
2220 0.2515640525137578 -0.003090462023299653 -0.004477193147553149 -0.01084387796861603 -0.001936867755115172 0.009781246133877422
2230 0.2513416131898062 -0.003358028472525127 -0.004179562747146882 -0.01068185526153249 -0.001963278166348951 0.009685591261727923
2240 0.2513915770882011 -0.003585828453833822 -0.003726006613015356 -0.01073439791389097 -0.00200143383449625 0.009547390721688455
2250 0.2515068058608737 -0.003442267370424813 -0.004008750259595267 -0.01081266355201535 -0.001985477656723801 0.009657098279693754
2260 0.2513374264175583 -0.003244282135888661 -0.004092582393639537 -0.01076486562414898 -0.001984595127506707 0.00967504747948717
2270 0.2514173046985695 -0.003139734021434602 -0.003796537441405401 -0.0108461366114092 -0.001974734041696958 0.0095885478125894
2280 0.2515848556990385 -0.00301338849099534 -0.004250546889120486 -0.01090862234641134 -0.001946498528941349 0.009715780723832704
2290 0.2514226241696162 -0.003141932341608929 -0.004473676517350359 -0.01074836881916368 -0.001946858659699954 0.009767087394541575
2300 0.2513647863610362 -0.003489544499495139 -0.003838422352122439 -0.01070040012453223 -0.00197638002114791 0.009590166444097973
2310 0.2514732357951144 -0.00352781555105171 -0.003888142334088498 -0.01078444225317893 -0.001996859123699766 0.009598539790360168
2320 0.2513987855376921 -0.003387396806070291 -0.004160710990593778 -0.01075503015510489 -0.001984276612356684 0.009701157412433261
2330 0.251342080605955 -0.003249357318651827 -0.003801635531752358 -0.01078565506340875 -0.001985603319533215 0.009593021702355689
2340 0.2515281801669851 -0.003041233355540891 -0.003952370904819144 -0.01091637609206552 -0.001968799460103378 0.00962397060577028
2350 0.2515318240059445 -0.003014923038871045 -0.004504020683596119 -0.01083864894716298 -0.001931390500951034 0.00979745693873053
2360 0.2513523314211094 -0.003270122369353464 -0.004139441845706566 -0.01071026607666899 -0.001964360062082517 0.009663363787342545
2370 0.2514363268573528 -0.003523780761420385 -0.003798047062730326 -0.01075304717611244 -0.001986538144227436 0.009569257069187485
2380 0.2514675489254989 -0.003484155694466592 -0.004143480200161612 -0.01076241450878688 -0.001982278978942096 0.009693309906386562
2390 0.25130533966966 -0.003379185598854153 -0.003965681470320612 -0.01072836399480748 -0.001996645747298233 0.009634674802262599
2400 0.2514487033894547 -0.003189189880115016 -0.003683239117055179 -0.01086589673359484 -0.001980975560871632 0.009557278161288797
2410 0.251579672696638 -0.002967364414573613 -0.004351918653595931 -0.01091586881111938 -0.001947360548632794 0.009749409354203022
2420 0.2514065380826108 -0.003090046792866273 -0.004372827382394572 -0.01075855559110986 -0.001945175150153512 0.009743579968277299
2430 0.2513957662484365 -0.003384683847972991 -0.003871029763103455 -0.01073608086572554 -0.001971398052608376 0.009589459683557601
2440 0.2514957590420005 -0.003489907961371109 -0.004073511948959152 -0.01077629311493248 -0.00198276660766991 0.00965532639504701
2450 0.2513506071813832 -0.003486831461883649 -0.004101013082185516 -0.01070110895854011 -0.001985245504245537 0.009685547232037069
2460 0.2513514336057344 -0.003341604417056534 -0.003709390311738352 -0.01078462986791408 -0.002001035204771001 0.009556205678050286
2470 0.2515557648243673 -0.003062111453400827 -0.003978480292065768 -0.01092854772569902 -0.00196672882799574 0.009641161103569338
2480 0.2514825675265724 -0.002982345684042201 -0.004450316823865797 -0.01082922063520132 -0.001937535592661895 0.009782760871590022
2490 0.2513762391472465 -0.00319748221057247 -0.004097888801722127 -0.01074701695782569 -0.001963437865487279 0.009650921646406605
2500 0.2514781618975201 -0.00342076615476536 -0.003915014730230096 -0.01077610051564677 -0.001969731816837499 0.009607383855854745
2510 0.2514278842158452 -0.003486145867796897 -0.004245379084290871 -0.01072339775602744 -0.001979061235002825 0.009717591687757302
2520 0.2513041459846403 -0.003492680688585774 -0.003854702018753521 -0.01070619088349658 -0.002001264881821173 0.009602518029125765
2530 0.2514658124322022 -0.003247115045420514 -0.003663860597131596 -0.01086861750768547 -0.001989193955305456 0.00954727544031128
2540 0.2515471145223447 -0.002982163933743806 -0.00436654773187996 -0.01090068684594566 -0.001951223028045313 0.009758514229611055
2550 0.2513964564652361 -0.003070880950896492 -0.004225990722977839 -0.01077391191947979 -0.001946634313898133 0.00971066413466176
2560 0.2514258167370966 -0.003265370238238142 -0.003948969321528014 -0.01077764924204667 -0.001968882703663715 0.009602404446822373
2570 0.2515112333279282 -0.003416980052682125 -0.004233526489507536 -0.01077342992112668 -0.001965932581235497 0.009706876852031638
2580 0.2513213811161096 -0.003535388622658539 -0.004058988984007487 -0.01066917040360347 -0.001985473142157619 0.009668870915835341
2590 0.2513734668220383 -0.003435933750561525 -0.003661581299643076 -0.0107811986071825 -0.002009681257498122 0.009535203523544995
2600 0.2515592029364446 -0.003124992918874747 -0.004000688262184209 -0.01091455425056058 -0.001966472742647361 0.009656898274324758
2610 0.2514285533158253 -0.002992690329423321 -0.004354670948760121 -0.01081839839221806 -0.001949793863058883 0.009751599348710357
2620 0.2514015316245737 -0.003148337417259854 -0.004033992925501924 -0.01078429311852654 -0.001961638416091688 0.009638547207600661
2630 0.2515170636937621 -0.003292519443318763 -0.004079711856923141 -0.01080658653714224 -0.001957413565840354 0.009654625933522783
2640 0.2513996995406418 -0.003448954536069223 -0.004314369916383106 -0.01070087025881456 -0.001972633520115625 0.009732825124781248
2650 0.2513195101010226 -0.00356638714487261 -0.003763928848893117 -0.01069546320468527 -0.001999546502401193 0.009577931239561429
2660 0.2514756171728286 -0.003316057315330845 -0.003721748704311251 -0.01085910324819549 -0.001997426024831605 0.009556628028010597
2670 0.2515008925666961 -0.003047869373568955 -0.004312038373409235 -0.01086842198355846 -0.001957126877248777 0.009747114229237231
2680 0.2513815604967054 -0.003077570965217891 -0.004081210580446719 -0.01078873137363346 -0.001954059809076835 0.009672746550271085
2690 0.2514652714544485 -0.00316437221530181 -0.004019691760757965 -0.0108236713698377 -0.001966131163137165 0.00962179215924245
2700 0.2515158314449531 -0.003318423492332794 -0.004360331131500904 -0.01077498928403497 -0.001950098536066446 0.009749270710176202
2710 0.2513030661013416 -0.003530676747113929 -0.004032604030065725 -0.01065780482726955 -0.001985933607773459 0.009651355689900812
2720 0.251401223790735 -0.003516227046142897 -0.00364630311288005 -0.01077732919131902 -0.002010077966007559 0.00952884841674926
2730 0.2515376827789877 -0.003206515583991133 -0.004052474083743288 -0.01088029632650796 -0.001971183721062098 0.00967425843824518
2740 0.2513813152438215 -0.003052651101278886 -0.00421836498105987 -0.01080332904197824 -0.001963321214114458 0.009709543398939527
2750 0.2514271469982935 -0.003119773083221162 -0.003938193210703431 -0.01082118487818262 -0.001961070204484506 0.009620008832634506
2760 0.251551282289657 -0.003164163157541056 -0.004269476610963004 -0.01084063217202747 -0.001950282756188014 0.009708404789650803
2770 0.2513779123557302 -0.003382814507482653 -0.00433146289279096 -0.01069194568687397 -0.001963961418991899 0.009734014345199948
2780 0.2513437270064789 -0.003592750852408108 -0.003711156212837258 -0.01069952783218689 -0.001996154465636637 0.009559733156009217
2790 0.2514906889277342 -0.003388639579623915 -0.003838523818969225 -0.01084225655712623 -0.001999969777241216 0.009587611856134902
2800 0.2514411274125938 -0.003149073256776017 -0.004213562583749536 -0.01082108877332453 -0.001965149390863937 0.00972157378837883
2810 0.2513681865473532 -0.003103305295328671 -0.003953144263296415 -0.01080331898703775 -0.001967114349207849 0.009632309006170348
2820 0.2515184649255722 -0.003090347251786991 -0.00407931050202915 -0.01087130729123788 -0.001960591003875039 0.009648845891947241
2830 0.2514978615306992 -0.0032095006151515 -0.00444735749230437 -0.01077371879073602 -0.001940030318366916 0.009775291412306921
2840 0.2513103320208013 -0.003489226195849799 -0.003995602696570327 -0.01066850380426443 -0.001984269990001216 0.009630308490844227
2850 0.2514340884857285 -0.003558202233253329 -0.003679532622978989 -0.01077567102194574 -0.002002316522063329 0.009541764872737314
2860 0.2514864516753652 -0.003295251724129844 -0.004127715766854778 -0.01082717522085135 -0.001979775238560526 0.009691040360380442
2870 0.2513430654869875 -0.003159554297388638 -0.004048469819196599 -0.01078308082287499 -0.001975939859468227 0.009661301747634563
2880 0.2514614098753362 -0.00310299774958897 -0.003847117232403748 -0.01086100254835641 -0.00196389459984095 0.009599919917915331
2890 0.2515663529582291 -0.003059923051091244 -0.004435233223573138 -0.010864400775426 -0.00194507094492963 0.009759784169223237
2900 0.2513674774212846 -0.003307569463403243 -0.004272762326591869 -0.01069692586926898 -0.001956165672604245 0.009715378270270253
2910 0.2513730572648432 -0.003563907738187055 -0.00372106475439577 -0.0107178152434003 -0.001993393977826077 0.009552517790873679
2920 0.2514989752967052 -0.00345137872968125 -0.003995424096058279 -0.0108134586842387 -0.001994167079314692 0.009638165558979318
2930 0.2513685014074384 -0.003277359981928725 -0.004094890390864543 -0.0107634528268959 -0.001976076708042976 0.009687819030447353
2940 0.2513800711124025 -0.003150409676751042 -0.003826022759781803 -0.01082425245035771 -0.001981370375212981 0.009590269792197442
2950 0.251575202690386 -0.003031544792473962 -0.004150389375632601 -0.01091205993050812 -0.001951875061863953 0.009685965425309299
2960 0.2514542157154151 -0.003107287802087135 -0.004475811279586974 -0.01076946446441364 -0.0019390447601355 0.009777030332204195
2970 0.2513463847433661 -0.00342428819362863 -0.003957612624818575 -0.0106978030446301 -0.001978613683738858 0.009612863495802581
2980 0.251470535550099 -0.003545119245875208 -0.003793711815485808 -0.01077518804717251 -0.001988731405446931 0.009579604668632878
2990 0.2514165913117881 -0.003387231661553891 -0.004186931460349582 -0.01076266884901348 -0.001987053764938145 0.009701597318770218
3000 0.2513301252085768 -0.003279529435457746 -0.003863903907497826 -0.01076762747796151 -0.001986665194295406 0.009610578945851834
