"report"
"Iteration" "cd-scale etc.."
("Iteration" "cd-scale" "cl-scale" "cx-scale" "cmx-scale" "cmy-scale" "cmz-scale")
10 0.1782672156991987 0.05766467354199488 -0.001296085000675776 -0.02112735540085473 0.0002994099738756452 -0.0002014181677474893
20 0.1934608840380641 0.06011283616350754 -0.0008893927384234896 -0.02239289827566504 0.0003482639870193354 -0.0001085895437825382
30 0.1853929565247546 0.06429059479372011 0.001176480265683187 -0.02228080574213065 0.0002786553854108434 0.0002408339983712619
40 0.1804734297386383 0.06463013444741172 -0.004900448140606935 -0.01797608094447486 -8.384832835913939e-07 0.0004899741116493523
50 0.1861888169301855 0.06364784237210919 -0.01167673673027107 -0.01656462545307284 -0.001847897286640332 0.002465589153142901
60 0.1885035633917627 0.06201811989448536 -0.01552317589112079 -0.01612103639165619 -0.002546567090996319 0.003376986287384984
70 0.1859623345558529 0.06138358527598951 -0.01190552484369844 -0.01603547069919522 -0.002142985017075421 0.003050089243115508
80 0.1846450935730829 0.06059134434441457 -0.002461243853506644 -0.01550582962963942 -0.0004932507180216895 0.0008946730474994237
90 0.184302967525113 0.06052762162004401 0.0006041790786147689 -0.01559248927151008 0.0001201450461265875 -3.722617015604729e-05
100 0.1847733710230547 0.0608140274774121 8.453651400378804e-05 -0.01566927255926953 0.0002446990246842412 -0.0002453813866971596
110 0.1857581567001231 0.06029981306770865 -0.001348005817990102 -0.01556836278227802 7.044613135238118e-05 -5.54126347489432e-05
120 0.18591775460803 0.06059596716753238 -0.00247720005753454 -0.0155547219706244 -0.0001882587670061476 0.0003370922313473246
130 0.1859313335411388 0.06144406252725008 -0.002267226251867199 -0.01573879700417804 -0.0001619562209902464 0.0004825651302737482
140 0.1863729682620224 0.06120877681110202 -4.548543744253265e-05 -0.01576564499787679 0.0001937826021394393 0.0001174607033242225
150 0.1866874304344661 0.06079022894564476 0.002574743303742458 -0.01561946482654939 0.0006303419635831137 -0.0004534792344405073
160 0.1866461252530076 0.06121428213884029 0.003486347862100416 -0.01559778669574635 0.0007777394689385661 -0.0007463532453354707
170 0.1866387082927947 0.06175854379629906 0.002443888455790738 -0.01562876270499781 0.0006014282936837491 -0.000671047915781699
180 0.1869164435856096 0.06128332904907277 0.0004544667774335453 -0.01551611491840595 0.0002691822039098808 -0.0003223515247890631
190 0.1870500406322201 0.06070114037446837 -0.001468269630182516 -0.01536106863788028 -0.0001483735793090565 0.0001612767896417882
200 0.1867966164203076 0.06122188687672485 -0.002405245271917453 -0.01542069281750865 -0.0003702503533704136 0.0005270055972828878
210 0.1868882413713351 0.06194857289933237 -0.001476034313679774 -0.01564794551681633 -0.000189356978726749 0.000479970420352469
220 0.1872711993470461 0.06151048950910335 0.000829867117705864 -0.01561735868376489 0.0002463248257550277 2.586165658938876e-05
230 0.1873530873941432 0.06120010364775164 0.002863990162620969 -0.01554915196559316 0.0006836091439832478 -0.0005037297809736822
240 0.1870197085004413 0.06161237338625979 0.003422837437403391 -0.01557593644144772 0.0007919831609188753 -0.0007671306671196507
250 0.1868868326857088 0.06187459443371536 0.002325675125902666 -0.01561315677362518 0.0005823663030743757 -0.0006654966643798026
260 0.1870961814804578 0.06121955437487163 0.0003843249608267537 -0.01549729449568102 0.0002224684972427253 -0.0002766622245878604
270 0.1871013182413503 0.06088122640446109 -0.00145294910046395 -0.01540708960901978 -0.0001945275613207882 0.00022992265834712
280 0.186878507189014 0.06168261715315074 -0.002030355667317627 -0.01556545989512136 -0.000320846368313454 0.0005292962923192938
290 0.1870887293213612 0.06194030647177529 -0.000541904029683226 -0.01571448043135608 -3.59700800962225e-05 0.0003259129654332332
300 0.1873906359513489 0.06135942036033145 0.001917952839975744 -0.01562617519082121 0.0004342472807933167 -0.0002060586998335331
310 0.1873155614272353 0.06121639994331253 0.003616685370150567 -0.0155792834801579 0.0008069380132413522 -0.000688985671281736
320 0.1869594368581192 0.06173076653078139 0.003565538424409861 -0.01561755358285684 0.0007918175525118359 -0.0008280967427931687
330 0.1869325725562337 0.06170767576047383 0.001972765058016991 -0.0156095828793469 0.0005132336770557932 -0.0006084735448847828
340 0.1871238222569771 0.0610116811328595 -0.0001545239652076272 -0.01546694897322893 0.0001080927523264215 -0.0001430643446656111
350 0.1870098031088463 0.06099710588162224 -0.001822967336319587 -0.01543202758814248 -0.0002712834711897958 0.0003521190051002766
360 0.1868673739192103 0.06189790321488012 -0.001850618636398467 -0.0156452324047106 -0.0002751558511807838 0.0005296693831956529
370 0.187157697856548 0.06177904838444738 9.285800453868555e-05 -0.0157048754754413 8.535104907369712e-05 0.0002015333696345021
380 0.187402001279725 0.06124351477504662 0.00252039734567506 -0.01561096815063831 0.0005655975762003684 -0.0003592188505443997
390 0.1871996471690504 0.06131083306936109 0.003799642911763187 -0.01558640653916204 0.0008470189322067775 -0.0007686307022369426
400 0.1868882786484401 0.06182704854884951 0.003255892143927984 -0.01563119969887578 0.0007361046516069347 -0.0008037870878253801
410 0.1869723955994585 0.06152795277524917 0.00141282857287871 -0.01557951878109436 0.0004161415260629448 -0.0005034397483733032
420 0.18713017356716 0.06089681452694851 -0.0007051613946114304 -0.01544014576996533 -1.310348393163319e-05 1.44133927925048e-06
430 0.1869249639190668 0.0612197903513055 -0.002036474230846675 -0.0154724406774769 -0.0003160265459607516 0.0004453439893452302
440 0.1869114955534481 0.06200428785656922 -0.00144674300888084 -0.01569570359249707 -0.0001970082951208949 0.0004760524949488766
450 0.1872411684235609 0.06160848475880237 0.0008064244587608442 -0.01567713403761568 0.000217817588773529 4.942100309888644e-05
460 0.1873879411646815 0.06118108492506108 0.003034589910519367 -0.01559445367015407 0.00068050955030573 -0.0005034271580277297
470 0.1870872282579737 0.06146240840808415 0.003823732680180846 -0.01559608239836433 0.0008494886283127298 -0.0008172339411888833
480 0.1868665807044056 0.06185233269648402 0.002825912874943484 -0.01563420505526882 0.0006614951108555899 -0.000750268280775685
490 0.1870329766680426 0.06131581727882533 0.0008146377805941159 -0.01553680939606196 0.0003060972233647795 -0.0003774804135516821
500 0.1871065108362934 0.06085219552507149 -0.001203195230932123 -0.0154215189964183 -0.000128334886558771 0.0001446767972018051
510 0.1868667123348352 0.06150419096547206 -0.002102514978419552 -0.01553299730280465 -0.0003279960612738531 0.0005094847135289549
520 0.1869953055724699 0.06198931599474946 -0.0009252429512666141 -0.01572023224513988 -0.0001003922656727521 0.0003915667243773104
530 0.1873199634542459 0.06144155897819592 0.001497569260892906 -0.01564743794085377 0.0003518924186990905 -0.0001064890128196112
540 0.1873365180022017 0.06117406690767526 0.00342775556131358 -0.01558320404370237 0.0007689894399991494 -0.0006249307092851293
550 0.1869876682736407 0.06162812301918041 0.003707704379499678 -0.01560952349590765 0.0008232984043115736 -0.0008344709093355713
560 0.1868888502890398 0.06179120395919226 0.002324235953722234 -0.01562595916605675 0.0005760035875239403 -0.0006728137449711599
570 0.187085763920298 0.06111402706644457 0.0002184235049498726 -0.01549253461862114 0.0001882535431308502 -0.0002389237520201288
580 0.1870460286922331 0.0609060800028112 -0.001607733470135623 -0.01542098456940239 -0.0002222322518388584 0.0002739219730051347
590 0.1868488288578922 0.06177192804029148 -0.001991999365276823 -0.01560377249302607 -0.0003043465527147286 0.0005317407169474923
600 0.1870887157974007 0.06187833651708412 -0.0003178317185332864 -0.01571645063302695 1.021724452627803e-05 0.0002805475601551178
610 0.1873737368075816 0.06130390014916082 0.002135531035512767 -0.01562194764036933 0.0004828137290662576 -0.0002614980388154534
620 0.1872548812437899 0.06123621970607485 0.003687978635902244 -0.01558185260004474 0.0008254126825596969 -0.0007199863203277425
630 0.1869129681385379 0.06176687687307145 0.003462015097106608 -0.01562333457663703 0.0007752645392430425 -0.0008235836719320737
640 0.1869310379069592 0.06164758207066031 0.001777909857093001 -0.01560133011733743 0.0004817894428240998 -0.0005756082468180999
650 0.1871209249051009 0.06096049260834852 -0.0003500566700283321 -0.01545638786382421 6.67465300625876e-05 -9.484195362206908e-05
660 0.1869694162918864 0.06106069019330305 -0.001907989475465925 -0.01544203812980783 -0.0002890568213499439 0.0003857021913722143
670 0.1868719408334469 0.06194908988047545 -0.00171713990622376 -0.01566495212959753 -0.000249743356133643 0.0005122498246151512
680 0.1871798742733164 0.06172223089627742 0.0003458888791673033 -0.01569488987969548 0.0001311354669621747 0.0001481149787727704
690 0.1873937939432394 0.06121490220802221 0.002703688156344159 -0.0156032652660138 0.000606795426744244 -0.0004101094797643664
700 0.1871568596099054 0.06135975543866461 0.00381647701469792 -0.01558893889287714 0.0008507694581439207 -0.0007882135790644837
710 0.1868739508892923 0.06184554682132465 0.003111449570946447 -0.01563263883859381 0.0007109653090916747 -0.0007880631288372003
720 0.1869889181346902 0.06145251896849625 0.001203608664209254 -0.01556414431588343 0.0003788065079418224 -0.0004614246782567981
730 0.187124482750406 0.06087081611102329 -0.0008911701477372026 -0.01543154356187197 -5.611067278566612e-05 5.279286978003772e-05
740 0.186900555071175 0.06131563189831305 -0.002078663155571176 -0.01549122593001203 -0.0003241254404805692 0.0004719363478369298
750 0.1869362109928006 0.06200965363632135 -0.001277500409872713 -0.01570642241239126 -0.0001650649639972042 0.0004498711742633321
760 0.1872702963315257 0.06154803630237294 0.001052799399372567 -0.01566643709568348 0.0002648235478279012 -5.186869979968758e-06
770 0.1873731765702574 0.06117119417285658 0.003186500485507746 -0.01558891225932021 0.0007150391427106639 -0.0005490100090477608
780 0.187047876296638 0.06151886424068557 0.00379855313901813 -0.01559929546124007 0.0008437127525342957 -0.0008266754261977598
790 0.186872714789021 0.06184106978577389 0.00265648802020642 -0.01563338678587738 0.0006322478711569776 -0.0007260026097997197
800 0.1870537507493017 0.06124140884237068 0.0006036172045319194 -0.01552084624273101 0.0002653064427142913 -0.0003298618922080584
810 0.18708831296666 0.06085788589832367 -0.001357712304520593 -0.01541872644427178 -0.000164282222073637 0.0001919729849542924
820 0.1868555968153421 0.06160561684652895 -0.00208214370883217 -0.01555773183923075 -0.0003230810126204714 0.0005221062498695914
830 0.1870270023160363 0.06195907124622582 -0.0007153982616002756 -0.01572117420548132 -6.189969891502125e-05 0.0003543626795182938
840 0.1873422020972068 0.06138648551271993 0.001732114744296469 -0.0156376598654199 0.0003994690648158057 -0.0001623084480739272
850 0.1873109607916647 0.06118961767381801 0.003534579851160008 -0.01558215943702968 0.0007923077290452812 -0.0006617166431594056
860 0.1869571586430411 0.06168154792875965 0.003635254807734696 -0.01561403053475484 0.0008087439194348791 -0.0008338211526208697
870 0.1869011232964096 0.06174696420702188 0.00213403941087961 -0.01561851885390966 0.0005433677509509301 -0.0006404272571399362
880 0.187099868884844 0.06105208251592083 1.193140369295219e-05 -0.01547835878594364 0.0001449216621605846 -0.0001881842583440483
890 0.1870163059370321 0.06094831257031305 -0.001728976078192499 -0.01542475289794436 -0.0002496106173242526 0.0003159218258085096
900 0.1868514387280186 0.06184858257879382 -0.001911820124892501 -0.01562756199230082 -0.0002877214388158338 0.0005294332544581158
910 0.1871226234919207 0.06182564506690014 -8.553101310362278e-05 -0.01571029314061528 5.214903417689567e-05 0.0002350543759670315
920 0.1873862521690958 0.06126687769812562 0.002347545074425541 -0.01561481806076957 0.0005284567914531106 -0.0003156725238067461
930 0.1872225629853912 0.06127312729923601 0.003749223360101006 -0.01558376798141903 0.0008382002638564773 -0.0007478013757584927
940 0.1868954732166825 0.06180448466802632 0.003348735584497182 -0.01562785148546082 0.0007541368793348675 -0.0008137927466347976
950 0.1869526226531616 0.06158193456418266 0.001571352298079124 -0.01558924060068935 0.00044493389159767 -0.0005357950032486747
960 0.1871269593724987 0.06092079926335343 -0.0005545861601493778 -0.0154466495746386 2.103054421865285e-05 -4.062696606417567e-05
970 0.1869412836104938 0.06114588573306726 -0.001989264380636129 -0.01545721941916162 -0.0003065427743630589 0.0004208350778343117
980 0.1868899718517154 0.06198569145352321 -0.001574507513331919 -0.01568256958880895 -0.0002215307449111866 0.0004942796573858382
990 0.1872145088014959 0.06165736781999979 0.0006037688432143787 -0.01568451236189717 0.0001793658990113315 9.331308539499517e-05
1000 0.1873919357755809 0.06119216505950906 0.002896260029475991 -0.01559753657730196 0.0006497836169779381 -0.0004638651494345644
1010 0.1871149815492845 0.06141647647885346 0.003826466090323822 -0.01559223608229071 0.0008514420420114301 -0.0008062227627713654
1020 0.1868688574682939 0.0618538969954244 0.002950569257070053 -0.0156342556735988 0.0006827574094882427 -0.0007674632916882383
1030 0.1870157866034464 0.06137338065538351 0.000979786795359244 -0.01554875164765789 0.0003368886845052252 -0.0004135175332138516
1040 0.1871157466975854 0.0608572207279247 -0.001076989528797712 -0.0154252966355145 -9.941106144673317e-05 0.000106907831522607
1050 0.1868782418865495 0.06142475825037808 -0.002102322391683586 -0.01551461518510012 -0.0003282290623297895 0.0004957887550343519
1060 0.1869701681846604 0.06200257805283264 -0.001073775200830286 -0.01571571773381338 -0.0001271923968988707 0.0004165759664956261
1070 0.1873010509838022 0.06148385725454408 0.001318558811257112 -0.01565514485884912 0.0003167280254235705 -6.561411831802039e-05
1080 0.1873537575173931 0.06117080324257754 0.003336432682371638 -0.01558579978311351 0.0007490872388193106 -0.0005958344363493168
1090 0.1870108236814262 0.06158558400857994 0.003749943962822181 -0.0156055274378001 0.0008323003458062323 -0.0008326838197945691
1100 0.1868816075014368 0.06181493805593373 0.00246069551800889 -0.01562968782804566 0.0005988159813830852 -0.0006951872961383334
1110 0.1870748306469844 0.0611629795119067 0.0003691956515771671 -0.01550384961887762 0.0002186315949733706 -0.000275105843298196
1120 0.1870621117410276 0.06088193360329868 -0.001517359328706779 -0.01541866708182773 -0.0002013919059395751 0.0002429894303694296
1130 0.1868498541912874 0.06171142955172554 -0.002037352922348487 -0.01558616180892437 -0.0003134445428862361 0.0005300039064813525
1140 0.1870651538984421 0.06191440873910468 -0.0004732587203307039 -0.0157196074348175 -1.74292720423884e-05 0.0003093891192950348
1150 0.1873630258387449 0.06133493843684043 0.00198598789550219 -0.0156278435725388 0.0004519608385430398 -0.0002246876152634327
1160 0.1872770461541707 0.06121832394053012 0.003641027101212084 -0.01558189318733125 0.0008154585145964268 -0.0007005128248338887
1170 0.1869285008999817 0.06173877371102088 0.003537943385232273 -0.01562046003649453 0.0007896132067656104 -0.0008297761343556477
1180 0.1869205992075934 0.06168965451031523 0.001916560838944115 -0.01560915892067783 0.0005058129737004912 -0.0006014485638896999
1190 0.1871170990459266 0.06099256571481936 -0.0002140513731696763 -0.01546468445650681 9.645116123210204e-05 -0.0001308378224741241
1200 0.1869884826224317 0.06101310604045419 -0.00184429688188438 -0.01543452985514091 -0.0002750060647074134 0.0003595300340256096
1210 0.1868622243776669 0.0619193063127836 -0.001799150201859259 -0.015652303910777 -0.0002656923265776289 0.0005208073813639676
1220 0.187160795285464 0.06176293528000753 0.0001802040421532346 -0.01570188242006589 0.0001004000412187236 0.0001819653746083465
1230 0.1873938884009294 0.06122902257837735 0.002571282144951473 -0.01560691926707338 0.0005772317933677837 -0.0003744391778672456
1240 0.1871833701683665 0.06132183677880629 0.00379603396665966 -0.01558628609163101 0.0008470147993619382 -0.0007735047408230091
1250 0.1868812696739932 0.06183444436574465 0.003205218384784454 -0.01563162025024576 0.0007280933063706826 -0.0007989724871592328
1260 0.1869735034599021 0.06150406720063305 0.001349833570824189 -0.01557425726898665 0.0004060302006935309 -0.0004919683315747755
1270 0.1871272265393696 0.0608848467407011 -0.0007528843329301921 -0.01543644332416857 -2.413540900067156e-05 1.40286553268291e-05
1280 0.1869163798595399 0.06124419856297622 -0.002046948609904142 -0.01547634740598221 -0.0003187304587623226 0.0004523279531256231
1290 0.1869160679227957 0.06200552234017261 -0.001411207437351037 -0.01569791327229118 -0.0001910427206878539 0.0004712301586248302
1300 0.1872474147698008 0.06159542702629312 0.0008576611441169094 -0.01567456062225711 0.0002265684988713883 3.885954118450211e-05
1310 0.1873866690660316 0.06117683065304935 0.003062578053025051 -0.01559302667831533 0.0006867946580736033 -0.0005121224298024504
1320 0.1870783411007855 0.06147390471517433 0.003815193911910937 -0.01559660939122481 0.0008482698371605002 -0.0008190306254337641
1330 0.1868690631001856 0.06185198256577242 0.002788482739196309 -0.01563425099137699 0.0006548874793025002 -0.000745425110125122
1340 0.1870389086071361 0.06130013637846386 0.0007676854680649714 -0.01553381192080874 0.0002969037308577337 -0.0003671884709406573
1350 0.1871002986120299 0.06085415200292046 -0.001239780619305707 -0.01542084280728683 -0.0001369248675152728 0.0001554399198729656
1360 0.186864783190574 0.06152784155218622 -0.002100361140081178 -0.01553885817911756 -0.0003272338790792698 0.0005125844068539205
1370 0.1870024303237144 0.0619827880552362 -0.0008770318906544123 -0.01571995524498417 -9.115632004155208e-05 0.0003827975588248291
1380 0.1873226666178608 0.0614287784957994 0.001554836756561563 -0.01564454890018032 0.0003638384836231861 -0.0001204382499002263
1390 0.1873298301431063 0.06117938329681469 0.003456861019984647 -0.01558342085996771 0.0007755043576366321 -0.000635165784508429
1400 0.1869798944315842 0.06164106744204977 0.003693435817643086 -0.01561047959769067 0.0008204563386886348 -0.0008351664642791561
1410 0.1868910317081514 0.06177919623700687 0.002280802786475378 -0.01562372435866181 0.0005684644338405583 -0.0006659030507197505
1420 0.1870913857661846 0.061099899924184 0.000170903796365563 -0.01548971927381024 0.0001781705410575046 -0.0002272178286270055
1430 0.1870400883214883 0.06091317742976805 -0.001639659420624052 -0.01542148611704498 -0.0002293736791161789 0.0002845287717396473
1440 0.1868488008062701 0.06179186492144243 -0.00197165204220626 -0.01560974219833445 -0.0002996454207170087 0.000530970663909604
1450 0.187098006658004 0.06186900875730411 -0.0002523994655111077 -0.01571558979129 2.215532412950684e-05 0.0002674287789707218
1460 0.187379634526618 0.06129468765074596 0.002196253771653466 -0.0156206458889998 0.0004962226684335525 -0.0002769252716325745
1470 0.187245961877034 0.06124405841377398 0.003708478642401646 -0.01558223070703907 0.0008298596852910329 -0.0007285755264612389
1480 0.1869083797240531 0.06177864080245026 0.003436149358630516 -0.01562486567520068 0.0007702883325083111 -0.0008221408939830433
1490 0.1869371608035692 0.06163264859424832 0.001723890921730911 -0.01559862574337623 0.0004721738498875695 -0.00056577410064786
1500 0.1871231288556794 0.06094839205241603 -0.0004053416408853964 -0.0154537604878255 5.472854302350262e-05 -8.103223261741356e-05
1510 0.1869617252906335 0.06108138029407705 -0.001929887863361898 -0.01544576560183985 -0.0002938094924596681 0.0003942768426635351
1520 0.1868760073586344 0.06196216088779555 -0.001682145363863957 -0.01567025373246716 -0.0002425913986750875 0.0005081803371243303
1530 0.1871907190826748 0.06170428672304363 0.0004107163645859499 -0.01569239272297838 0.0001429774965356026 0.000134149820739363
1540 0.1873970502763899 0.06120737877366354 0.002752410356961446 -0.01560205669525405 0.0006171671418144205 -0.0004236454625221026
1550 0.1871476198009158 0.06137254769283291 0.003820356599376685 -0.01558954928523773 0.0008510437475029395 -0.0007929094490198149
1560 0.1868732775366662 0.06185116913850194 0.003070569248589488 -0.01563420163902061 0.0007041044424357336 -0.0007827633183358538
1570 0.1869973008172268 0.06143547957915207 0.001148324655790024 -0.01556106830930725 0.0003685741101517649 -0.0004501124523505579
1580 0.18712201015657 0.060864503115104 -0.0009339152099917023 -0.01542905044489709 -6.583783572424876e-05 6.556057720087325e-05
1590 0.186895532204998 0.06134081393622123 -0.002086234412189255 -0.01549655898890934 -0.0003262421867159907 0.0004782943257010158
1600 0.1869452400584687 0.06201078647801297 -0.00123495495030736 -0.01570926793623273 -0.000158062163494815 0.000443706227415109
1610 0.1872752103888193 0.06153376937929953 0.001104547237633523 -0.01566343768846038 0.0002739730504250988 -1.616570972453933e-05
1620 0.1873686701826718 0.06117174088755949 0.003213354905059699 -0.01558872435130927 0.0007209124602725292 -0.0005574540106292278
1630 0.1870424086652023 0.06153393906804609 0.003788699501971168 -0.01560179081955131 0.0008416298705820189 -0.0008281646571503081
1640 0.1868722031305814 0.06183568160107451 0.002619320635318421 -0.01563199425648835 0.0006264611617442456 -0.000720458242504997
1650 0.1870571903879857 0.06122516971474066 0.000558147692141956 -0.01551735422970546 0.0002563657704688129 -0.0003196829995149209
1660 0.1870815668176244 0.06086381990939985 -0.001390156350020413 -0.01541878031624173 -0.0001718628008352764 0.0002023797014379453
1670 0.1868530657727717 0.06162510149604568 -0.002076673958786077 -0.01556293198366248 -0.0003213419571519815 0.0005242385632330767
1680 0.1870342937985841 0.06194912852308162 -0.0006651883834731543 -0.0157208587259944 -5.197830701544866e-05 0.0003447109770314164
1690 0.1873442226768502 0.0613773324519481 0.001790023039085795 -0.01563511832998436 0.0004116736786618088 -0.0001768521625207157
1700 0.1873014343536511 0.06119698089007447 0.003560687972062712 -0.01558209168398267 0.0007985229785634906 -0.0006714561055284537
1710 0.1869495778702348 0.06169433073399458 0.003613875368050288 -0.01561548628885977 0.0008044038762983287 -0.0008333055095413836
1720 0.1869051950431621 0.06173350787537469 0.002085544324223851 -0.01561633768163594 0.0005349991527597511 -0.0006318979504361629
1730 0.1871061800379274 0.06103852855547435 -3.96089997897241e-05 -0.01547526432437718 0.0001340951563889845 -0.0001750172688240503
1740 0.1870116119090555 0.06096138262537878 -0.001758091623759327 -0.01542657481676784 -0.0002558965698430654 0.0003265472633879256
1750 0.1868520663736391 0.06186600213602259 -0.001886865995746393 -0.01563314125464942 -0.0002826483324700009 0.0005275364952214727
1760 0.1871321356354519 0.06181152594899437 -1.801593214723768e-05 -0.0157084799040395 6.491939255950764e-05 0.0002216299785638588
1770 0.187389149118175 0.06125657173890607 0.002407026720557307 -0.01561274660634245 0.0005415758462701423 -0.0003314282815369625
1780 0.1872123737356454 0.06128469233354616 0.003766342012521171 -0.01558432212893958 0.0008412903543292803 -0.0007553899891018751
1790 0.1868911346664165 0.06181200248889647 0.003317863048884238 -0.01562870679643279 0.0007484604274106893 -0.0008112261769635623
1800 0.18695779794727 0.06156495085055042 0.001520476087854853 -0.01558618190808523 0.000436392822052144 -0.0005259327983816577
1810 0.1871270270775085 0.06090926706508328 -0.0006018781372059551 -0.01544339608234704 1.043782102219135e-05 -2.780745189712929e-05
1820 0.1869349309589246 0.06116671260676181 -0.002002952210771952 -0.01546097555935051 -0.0003092699717626011 0.0004282856315993152
1830 0.1868959485011435 0.06199339678430489 -0.001537143949490724 -0.01568722755192191 -0.00021480376370485 0.0004892865185052709
1840 0.1872220320385695 0.0616415951435108 0.0006607844261868368 -0.01568214951077339 0.0001896534453258852 8.134080108163149e-05
1850 0.1873909219165233 0.06118468499274788 0.002931483753236185 -0.01559542077359585 0.0006574112274611313 -0.0004739269176033024
1860 0.1871075952677787 0.06142894880100407 0.003823519606877325 -0.01559311221168281 0.0008507589808356535 -0.0008086194245492236
1870 0.1868678233002808 0.06185500295760182 0.002913737665280441 -0.01563450214207087 0.0006765780202279291 -0.0007623978562407038
1880 0.1870186364245872 0.06135776745521449 0.0009331802401661201 -0.0155448554261357 0.0003286037757640555 -0.0004035436776511041
1890 0.1871107893848878 0.06085379186768437 -0.001110541528233391 -0.01542326598143559 -0.0001068732247741816 0.0001166867443989039
1900 0.1868745840797406 0.06144620452365724 -0.002105138709889715 -0.01551946882659241 -0.000329336283298724 0.0005003037303454678
1910 0.1869740405714359 0.06199822600679514 -0.001046447675171682 -0.01571601776829321 -0.0001227768349252614 0.0004127597931282276
1920 0.1873043270154712 0.06147561405628174 0.001353044677022768 -0.0156535969814345 0.0003229202190811936 -7.286918355917599e-05
1930 0.1873502677609899 0.06117337694036348 0.003353756139450494 -0.01558545412050367 0.0007524710754932921 -0.0006009899589992668
1940 0.1870071752000579 0.06159436004971063 0.003742731165659836 -0.01560639541731286 0.0008313008583227474 -0.0008332511118796537
1950 0.1868816426032094 0.06181024580885206 0.002434544381773162 -0.01562874588525123 0.0005945445506557097 -0.0006914618759884732
1960 0.1870773471124471 0.0611546593554869 0.0003425849509399646 -0.01550211494382612 0.0002130817694231685 -0.0002687870769313894
1970 0.1870591707118662 0.0608862644616862 -0.001535072464349995 -0.01541878317860769 -0.0002052318775263416 0.000249455842537895
1980 0.1868500934088715 0.06172340684164773 -0.002027355683997155 -0.01558970039707771 -0.0003107841459455218 0.0005300233810116894
1990 0.1870690134255413 0.06190711381952196 -0.0004355867504390263 -0.01571873928943065 -1.039744608397241e-05 0.0003018870700481287
2000 0.1873639332466549 0.06132840945011609 0.002024868477248533 -0.01562600530800856 0.000460622500759747 -0.0002339715748394318
2010 0.1872707650150798 0.06122111894765364 0.003654288120924127 -0.01558153131855843 0.0008186821596567222 -0.0007058984560204136
2020 0.1869231846735975 0.06174426244823133 0.003522514920212383 -0.01562066795706746 0.000786381156568423 -0.0008286579174780782
2030 0.1869216144280871 0.06167685701222387 0.001884475615244765 -0.01560634003103511 0.0005002014123302067 -0.0005955272826880529
2040 0.1871185179324238 0.06098509090274083 -0.0002478822683073656 -0.01546314281378254 8.920803939735694e-05 -0.0001218143490356152
2050 0.1869833809887889 0.06102334872349155 -0.001861011200846911 -0.01543600716032167 -0.0002787983341510637 0.0003660596100805637
2060 0.1868638249744366 0.06192617178814967 -0.001774991569205017 -0.01565520799233188 -0.0002605175510679816 0.0005179842759396437
2070 0.1871657437606282 0.06175167969490427 0.0002271629222683027 -0.0157001272111351 0.0001095013590172072 0.0001717066816679687
2080 0.1873952365788005 0.06122479324653914 0.002608300767063807 -0.01560631203636393 0.0005855925867024115 -0.0003849675336349145
2090 0.1871729162039643 0.06132958023153209 0.00380172266605062 -0.01558575263422353 0.0008482467247340895 -0.0007779812429782186
2100 0.1868789587537245 0.06183863356466549 0.003181611092692663 -0.01563228711088235 0.0007241668120982327 -0.0007965823585693538
2110 0.1869795370672807 0.06149164537770014 0.00130829862042799 -0.01557233192878626 0.0003982359275192566 -0.000483595873513974
2120 0.1871261700522119 0.06087896625097172 -0.000794618858391544 -0.01543429564234055 -3.335936391016866e-05 2.562293814230047e-05
2130 0.1869101821440974 0.06126299155006856 -0.002056670303996162 -0.01547966401275485 -0.0003202433425074144 0.0004579174965221087
2140 0.1869212477996537 0.06201037729169714 -0.001372732503090957 -0.01570113829236306 -0.0001837690176440698 0.0004654330321148951
2150 0.1872543737015303 0.06157944902180785 0.0009111081658788917 -0.01567168181584811 0.0002367410426177573 2.692917452142441e-05
2160 0.1873823939819393 0.06117464086391815 0.003096464661154111 -0.01559178803142955 0.0006944788017180166 -0.000522265371655954
2170 0.1870695960035988 0.06148835707410072 0.003810339850215317 -0.01559743530517512 0.0008467258095642298 -0.0008208734755190489
2180 0.1868712149630189 0.06184952678768199 0.002747938066975101 -0.01563445734297944 0.0006481099645552473 -0.000739185762390969
2190 0.187040812858847 0.06128265999222609 0.0007176393035245832 -0.0155294637650715 0.0002874039367246059 -0.0003560155786547658
2200 0.1870979511589562 0.06085594144577857 -0.00127319136651295 -0.01542048827241389 -0.0001450171906445147 0.0001660097949315906
2210 0.1868615368272531 0.06155082813892768 -0.002099003778176426 -0.0155441244294186 -0.0003274016802700063 0.0005166641030895114
2220 0.1870089153515659 0.06197657063799297 -0.0008378353179952892 -0.01572077829227808 -8.430816954029235e-05 0.0003764316539454376
2230 0.1873272830862537 0.061419916400095 0.001599458704803399 -0.01564331539298044 0.0003720974750420944 -0.0001306322672784705
2240 0.1873244557266189 0.06118362606263475 0.003475257572637081 -0.01558328997818131 0.0007795210197491331 -0.0006412803103159144
2250 0.1869735823357192 0.06165112999345691 0.003676406948528286 -0.01561139628501258 0.0008174254028394275 -0.0008346100286010275
2260 0.186893334526613 0.06177190588361517 0.002243128382778559 -0.01562281199567521 0.0005617933451595609 -0.0006593963866040362
2270 0.1870931957749201 0.06108750093589319 0.0001274186746837569 -0.01548680760607497 0.0001688097342296215 -0.0002167262392531058
2280 0.1870336669483952 0.06092431839682886 -0.001665241396474149 -0.01542257741037449 -0.0002348915762154138 0.0002935093508510704
2290 0.1868491624283271 0.06180835271255603 -0.00195565698328883 -0.01561446614680929 -0.0002961843119936718 0.0005303589502464243
2300 0.187104621471148 0.06185554343605632 -0.0002017172327353288 -0.01571380802824457 3.208201962964186e-05 0.0002570452653389021
2310 0.1873798520138051 0.06128792392933999 0.002246023875716062 -0.01561902893184885 0.0005073565699444029 -0.0002904705378709332
2320 0.1872387940710734 0.06125673071230334 0.003725688534115163 -0.01558353939300505 0.0008334551718539116 -0.0007360962521510376
2330 0.1869041557741692 0.06178710675807876 0.003410327010946589 -0.01562577304144251 0.0007651156328975023 -0.0008199605200348048
2340 0.1869425157587089 0.06161448490146192 0.001676137353911314 -0.01559544145106908 0.0004638332371511749 -0.0005564939246225669
2350 0.1871260524956445 0.06093899254620501 -0.0004538478500015144 -0.0154516514893211 4.371392182579937e-05 -6.812093111898307e-05
2360 0.1869548645048803 0.06110088644709981 -0.001950661476183361 -0.01544873731218125 -0.0002981117343886218 0.0004032143953894517
2370 0.1868814012370829 0.06197155162063949 -0.001646701201702863 -0.01567475737672548 -0.00023562367777804 0.0005033508033681242
2380 0.187200468854135 0.06168986217780089 0.0004778468457257859 -0.01569056817754965 0.0001556464833575971 0.0001198953530353846
2390 0.1873953340423843 0.06119874251584225 0.002800157507221592 -0.01559974179109724 0.0006279233944918545 -0.0004375285725331985
2400 0.1871357683635705 0.06138433151085044 0.003823794981275127 -0.01558972898326701 0.0008516050195268097 -0.0007975852465480385
2410 0.1868715373286288 0.0618534502384584 0.003035781233089097 -0.01563425604902603 0.0006980837692628178 -0.0007787855627680275
2420 0.1870038847444412 0.06141550607455658 0.001096319089060007 -0.01555739619567558 0.000359336973616761 -0.0004391754728063262
2430 0.1871198002221046 0.06085993534352305 -0.0009777335509930771 -0.01542737314243135 -7.602759848299864e-05 7.773058704938494e-05
2440 0.1868891538446806 0.06136792805224013 -0.002089545053528936 -0.01550214237189526 -0.000326820083349695 0.0004832653334238662
2450 0.1869514366225458 0.06201042567606349 -0.001190056120088181 -0.01571150015311812 -0.0001495443705720099 0.000436725687055909
2460 0.1872838437824725 0.06151799912695359 0.001165001691829273 -0.0156611610919143 0.0002859232778481423 -2.995649973306086e-05
2470 0.187364456171737 0.06116984081048433 0.003246987849681563 -0.01558751607449363 0.0007282556390124733 -0.0005680282782487178
2480 0.1870326605393748 0.061550455378713 0.003776046986768195 -0.01560271335653215 0.0008385905062673898 -0.0008289580805628198
2490 0.1868761895678513 0.06183135490522307 0.002568676109306447 -0.01563184866646965 0.0006175507255078122 -0.0007123168017169555
2500 0.1870628102012074 0.0612069195374424 0.0005011452421388823 -0.01551343554756975 0.0002447931521302022 -0.0003061087162194793
2510 0.1870768061080918 0.06086737379700025 -0.001430037260097814 -0.01541836810200087 -0.000181343391562655 0.000215153668509962
2520 0.1868532764835314 0.06165318001073141 -0.002070521325796526 -0.01557064522164586 -0.0003207310388438491 0.0005273023039849895
2530 0.1870443086231016 0.06194204875671225 -0.000617667439315754 -0.01572114643062455 -4.44620298652668e-05 0.0003365907310618274
2540 0.1873510104346719 0.0613662595417399 0.001839721815235237 -0.01563367964663665 0.0004212777955413549 -0.0001882074378597703
2550 0.1872980566449906 0.06120255434688655 0.003580408864617956 -0.01558278158151417 0.0008027046305363008 -0.0006783038893506132
2560 0.1869453375522819 0.06170718072901208 0.003596929830689335 -0.01561738710983986 0.0008011567625555091 -0.0008329725629245022
2570 0.1869093362434099 0.06172318693706202 0.00204378554712808 -0.01561443799525614 0.0005274875130419404 -0.0006244732596720917
2580 0.1871098619030816 0.06102761805329403 -8.498928884807356e-05 -0.01547325854430593 0.0001240642269966018 -0.0001636766916066052
2590 0.187006720597073 0.06097665695751091 -0.001784230054858554 -0.01542979597810162 -0.0002617914189215599 0.0003358762159726912
2600 0.1868548064013708 0.06188042803893366 -0.001861896983172456 -0.01563814151231627 -0.0002769722477089659 0.000525190240729898
2610 0.1871396940460337 0.06179784841764942 4.490287027192318e-05 -0.01570635818440691 7.699411377966709e-05 0.0002082100428389721
2620 0.1873903086640546 0.06125223633309943 0.002465105851730742 -0.01561184418152623 0.0005545303653696751 -0.0003466222518543627
2630 0.187202082028414 0.06129547463798918 0.00377990211753915 -0.01558468485522055 0.0008442451351793586 -0.0007623520137153008
2640 0.1868864192063891 0.06181978186248759 0.003284762156199396 -0.01562973692080676 0.0007422763494850725 -0.000808054307530401
2650 0.1869639133143111 0.06154516305169995 0.00146700147921739 -0.01558256096909382 0.000426464328159573 -0.0005155875835460564
2660 0.1871290702698163 0.0609001283526924 -0.0006528334906488857 -0.01544128782772958 -1.052555468470619e-06 -1.381940824186704e-05
2670 0.1869288910893128 0.06119041515813511 -0.002018795352148608 -0.01546590399203996 -0.0003125243944667675 0.0004360787470877726
2680 0.1869023655247431 0.06200007757929355 -0.001491572615879256 -0.01569151369492466 -0.0002059925220896659 0.0004823664491751522
2690 0.1872325518441476 0.06162517588433096 0.0007319791028756482 -0.01567956766333231 0.0002032494694171642 6.575122772360165e-05
2700 0.1873922342160953 0.06118025729730838 0.002980579443728316 -0.0155947875208194 0.0006685893901974171 -0.0004884330134270886
2710 0.1870976840753961 0.06144249261089841 0.003823143664925646 -0.01559403427131159 0.0008500314024452587 -0.000812899328881227
2720 0.1868671193513449 0.06185457683205989 0.002871486710015124 -0.01563414552542549 0.0006696846252586404 -0.0007567420232050586
2730 0.1870264260584464 0.06133906034583411 0.0008753489910185514 -0.01554139853142589 0.000317937758864818 -0.0003915569251506607
2740 0.1871083364621298 0.06085283426610669 -0.001153699619081766 -0.01542216633500945 -0.0001169009760101119 0.0001297270773605384
2750 0.1868713372106322 0.06147235626199065 -0.002103478156654591 -0.01552547328708107 -0.000328864288896765 0.0005045015566464177
2760 0.186986090297034 0.06199547180935492 -0.0009912971171333433 -0.01571878877763095 -0.0001127676853178508 0.0004032665492194921
2770 0.1873121460877716 0.06145760387928353 0.00141740577814125 -0.01565028029187292 0.000335403537578948 -8.749381267055769e-05
2780 0.1873444855543301 0.0611702568695129 0.003387294136048701 -0.01558372174000091 0.0007598372363365868 -0.0006112888890680234
2790 0.1869978901294656 0.06160915561519897 0.003725411965184223 -0.01560774418886862 0.0008272871226856778 -0.0008334639737035685
2800 0.186884370896913 0.06180111267436924 0.002381600006033466 -0.01562741005932339 0.0005855998973459887 -0.0006822236852094335
2810 0.1870795521307925 0.06113489679663756 0.000283023211958469 -0.01549692320258058 0.0002010610835504239 -0.0002540421091450014
2820 0.1870535944033452 0.06089660056838987 -0.001571684033071425 -0.01542029134777236 -0.0002140146932026855 0.0002616548847170953
2830 0.1868489984515646 0.06174567063174461 -0.002013559256751767 -0.01559638472372279 -0.0003085624396830712 0.0005317068528897763
2840 0.1870765990907148 0.06189259405886577 -0.0003811063681592678 -0.01571702944061003 -7.826741409196697e-07 0.0002924090700852464
2850 0.187368191764715 0.06131926537468473 0.00207893574487234 -0.01562470739988867 0.0004715547985324456 -0.000247599088096741
2860 0.1872608841471485 0.06123171324806078 0.003672893653964408 -0.015582112130035 0.0008224802293159316 -0.0007134196773865457
2870 0.1869180189339776 0.06175510169812381 0.003490658949844131 -0.01562182914603359 0.0007802511435458227 -0.0008261142184080961
2880 0.1869259350056431 0.06166243890323199 0.001825585804679857 -0.01560398383708949 0.000489385286740532 -0.000584414919954132
2890 0.1871197413976339 0.06097250283441034 -0.0003089486736227686 -0.0154596326139213 7.545529910808958e-05 -0.0001056928319792282
2900 0.1869746279820143 0.06104661805694789 -0.00189294277728693 -0.01543974117728174 -0.0002853570289098134 0.0003787200779327059
2910 0.1868694175052293 0.06194041379725779 -0.001739231067647896 -0.01566120798832404 -0.0002529470588907021 0.0005136599489946798
2920 0.1871757348794572 0.06173191813606351 0.0003092722253420157 -0.01569656964419342 0.0001254171943585101 0.0001548031504491748
2930 0.1873944301919766 0.06121864634953766 0.002676991779135913 -0.01560407396915352 0.0006012796691362382 -0.0004031631661351303
2940 0.187162367251155 0.06134931894680464 0.003815229240077054 -0.01558780385095708 0.0008507455056019564 -0.0007858603245261468
2950 0.1868750771147845 0.06184216644121132 0.00313531700747152 -0.0156325443743134 0.0007151883164394722 -0.0007908988782597559
2960 0.1869872177415904 0.06146423369744858 0.0012366294369398 -0.01556660075393305 0.0003850185598740837 -0.0004683295905946467
2970 0.1871262666130367 0.06087134097287376 -0.0008614706631760732 -0.0154322221797063 -4.891475823435449e-05 4.389385939368954e-05
2980 0.186902921374059 0.06129877304874951 -0.002071421435026465 -0.01548744651103863 -0.0003228814789782104 0.0004674074476560744
2990 0.1869324133207566 0.06201004619802833 -0.001306542183227804 -0.01570490629607099 -0.0001708331744981145 0.0004547704514557834
3000 0.1872649867132698 0.06155784532547855 0.001008648127594033 -0.01566807111860396 0.0002562376248266875 4.707847971521465e-06
