"report"
"Iteration" "cd etc.."
("Iteration" "cd" "cl" "cmx" "cmy" "cmz" "cx" "cd-scale" "cl-scale" "cs-scale" "cmx-scale" "cmy-scale" "cmz-scale")
10 0.1731651955588324 0.07049271963228688 -0.0167731805465953 -0.0001470001822541271 -0.0004168736870893117 -0.001770891543636852 0.1821729316186878 0.07061038766656837 -0.001783864624052171 -0.01664975289483995 -0.0001652789391251182 -0.000411778025223689
20 0.1975135352228608 0.05829608239640685 -0.01414054087756586 0.0001722440509764585 -0.0003971643412417387 -0.001182556722078028 0.2059122021828827 0.05817143772619972 -0.001363248535770678 -0.01435138185846422 0.0002058700963797444 -0.000435001756166151
30 0.2053806749939898 0.06063182413361783 -0.01457323652443202 0.0001645488962475567 -0.0005297745245712224 0.0008460211867094936 0.2133534586825373 0.06032038571241019 0.0008097756195717619 -0.01514366598191921 0.0001622479973217362 -0.0005379115646466765
40 0.2095907490595993 0.06362921023753533 -0.01430112923197962 0.0001958862180503634 -0.0005016097917292892 0.00214048823977114 0.2172491022633842 0.0629326692817594 0.002047028371949482 -0.01526733732900671 0.0002212926606800377 -0.0005274245985915825
50 0.2083011697750252 0.06629002694851127 -0.01430475995118309 0.0001216369532964195 -0.0002886169635297595 0.002567376891017725 0.2160012501713763 0.06584112495781799 0.002568515019426635 -0.01513198297662576 0.0001353198620255127 -0.0003019538589326807
60 0.2073766134426782 0.06678256309287113 -0.01391536255194522 0.000102516624335548 -0.0001262688948256592 0.002272266642644624 0.2149359095803094 0.06644271234393151 0.002217828431212635 -0.0146749991781287 0.0001404098737637756 -0.0001512208916466972
70 0.2069611246781541 0.06669421690764876 -0.01348553605565394 9.759611309848466e-05 -4.468015253948461e-05 0.001723064600451503 0.2143719059166651 0.06628628261372348 0.001734416570705024 -0.01436493142016557 0.0001123339402389819 -5.212552869243053e-05
80 0.2070615614454753 0.06752453483429632 -0.01318521488366823 0.0001073617271847708 -2.853757501686392e-05 0.001138774478801187 0.2144521188866976 0.06704463387471114 0.00127039132053325 -0.01415935071365685 7.045455015255349e-05 -3.023796097008903e-06
90 0.2074681792978394 0.06892801397859953 -0.01302377654130744 8.039361306355493e-05 1.968281478749178e-05 0.0007051156163253255 0.2149195881501754 0.06852906661031259 0.0008909095430011589 -0.01395707968566929 9.450306062028421e-06 6.414936489933789e-05
100 0.2088073217134242 0.07000677516890644 -0.0130664643883902 3.338348937374116e-05 0.0001202350523292099 0.0005249848508941495 0.2163206992633759 0.06968882255241132 0.0006816732166531282 -0.01394260525648736 -3.227505111260165e-05 0.000159591640246531
110 0.2101062808071848 0.07027854461773513 -0.0131326755392127 2.097658832654663e-05 0.0001780237984725427 0.0004435515936367091 0.2176507046762922 0.07001040254407991 0.0004931864748358607 -0.01396824255428138 -8.097702651392825e-07 0.0001893819981055451
120 0.2107286095438784 0.0701779541070835 -0.01310252343351033 6.865174718884482e-05 7.451829978189754e-05 0.0005276326478292937 0.2182528762224088 0.06990929657354816 0.0004674987834732302 -0.01392806355761419 9.441255935089312e-05 5.607232674503029e-05
130 0.2112689234095024 0.0701205210359051 -0.01308266736107093 0.0001210027531022046 -7.046908406870914e-05 0.0008115367014054454 0.2187518838593301 0.06981664188823812 0.0006924993472589983 -0.01392216342179414 0.0001724064928464887 -0.0001057240451366927
140 0.2117610443344062 0.07012382872173399 -0.01308060005900481 0.0001325753151307847 -0.0001561268391548915 0.001033707783272005 0.219208015904694 0.06978141186299838 0.0008895042233307575 -0.01393725682832363 0.000198264450285161 -0.0002008344645030076
150 0.2121940570395373 0.06999140268519163 -0.01308248034889595 9.817089961433922e-05 -0.0001423797219308662 0.0009274540927061022 0.2196180645401777 0.06962465684047564 0.0007733958835610653 -0.01394561194230767 0.0001777702664538024 -0.0001946778097939479
160 0.212451872457272 0.06987343437696827 -0.01309984045227461 3.282441801320354e-05 -2.614450227140077e-05 0.0004996420522191403 0.2198729072875601 0.06950566523955504 0.0003635741125099141 -0.01395691910658157 0.0001141392370622106 -7.80717028849988e-05
170 0.2125342526389622 0.06982731991850022 -0.01312184927003543 -1.449423055198172e-05 8.336185565920044e-05 3.78678555893381e-05 0.2199668740076907 0.06948687788011192 -6.870224976046447e-05 -0.01396013069350812 5.422246253493421e-05 3.957437457212604e-05
180 0.2126562112378848 0.06967728351397075 -0.01312563245724115 -7.318579103884373e-06 8.923315957707256e-05 -0.000132614798149549 0.2201036295764306 0.06939022458676894 -0.0002254720524668126 -0.01393514874863658 4.329947701392158e-05 5.567771542842774e-05
190 0.2127400378873112 0.06945595182250137 -0.01311852338088263 4.19409580978027e-05 -8.183528705855715e-06 4.772903614496247e-05 0.2201989083916885 0.06923510541840155 -4.729650033792372e-05 -0.01389743294130425 7.370711737478153e-05 -3.179664057720245e-05
200 0.212768527216585 0.06923447310658587 -0.01312391993117267 9.878359027016816e-05 -0.0001461644151059797 0.0004178660621693949 0.2202305833589633 0.06906820582292128 0.0003308796053890648 -0.01388010918713729 0.0001157196234875798 -0.0001614760226045096
210 0.2128087917977478 0.06901550711277031 -0.01315285347600952 0.0001309434162125294 -0.0002464449889962571 0.0007513386213459234 0.2202635432550925 0.06888061582787583 0.0006684360096580266 -0.0138968397971996 0.0001426349542431018 -0.0002584464657317313
220 0.2127205997451047 0.06887317829421027 -0.01319026100733453 0.0001257141475264929 -0.0002549303637206141 0.0007349119020974546 0.2201563304055129 0.06874875733141045 0.0006529280329574038 -0.01392977005262352 0.0001387439266414634 -0.0002666089081853575
230 0.2124725687360478 0.06882634387783612 -0.01323512817180844 8.994048676141299e-05 -0.0001764432436883732 0.0003686140744044521 0.21988744474718 0.06869365167517116 0.0003047953645064837 -0.01397616332881155 0.0001031817586102363 -0.0001862636060007712
240 0.2121959193839771 0.06884318731336775 -0.01330136275645278 5.883885466431831e-05 -8.266389409769949e-05 8.0167775741011e-06 0.2195914624337079 0.06869136986031314 -3.485638650481914e-05 -0.01404764901353614 6.875262980232682e-05 -8.928890070698907e-05
250 0.2119792894547354 0.06888760325911203 -0.01336267860329686 6.665712774588541e-05 -5.749056380641859e-05 -0.0001182871248152746 0.2193618619782683 0.06872101400124843 -0.0001514986422512705 -0.01411249548860912 7.21988280032288e-05 -6.158422821803317e-05
260 0.2118740378288121 0.06890346940423156 -0.01341236605726285 0.0001168519865268214 -0.0001410367250459368 -1.478667055099458e-05 0.219251314284302 0.06873727376905474 -4.749256778209206e-05 -0.01416013505038823 0.0001199209688815015 -0.0001442185464716895
270 0.21190244541962 0.06886247398298365 -0.01346047207527914 0.0001676350357171757 -0.0002637406394729391 0.0002748464049875337 0.2192789587281777 0.06870888285511728 0.0002366309602038887 -0.01420266534244795 0.0001714886573133829 -0.0002678804925141534
280 0.212045871848535 0.06871150829532109 -0.01350573655461252 0.0001759209192475593 -0.0003178391992842854 0.0005685957828408301 0.2194223010158531 0.06857464434506558 0.0005178727267216349 -0.01424243629626649 0.0001856713453991106 -0.0003256500159792155
290 0.2121845260343835 0.06852983344364802 -0.01352200695016414 0.0001372360164050767 -0.0002701564059558723 0.0006849537118797808 0.2195611544799322 0.06840920265051013 0.0006154012545307486 -0.01425486745263175 0.0001576611914625959 -0.0002840812335486753
300 0.2122791864257803 0.06844496029556225 -0.01351041370848919 7.230499275747413e-05 -0.0001447479176077603 0.0005523137431942577 0.219656391862585 0.06833802538951805 0.0004662119291758433 -0.01424132538286139 0.0001028038523525653 -0.000164315949109957
310 0.2123657103591916 0.06846111859109021 -0.0134937134077399 1.660310965216533e-05 -1.504700882261292e-05 0.0003939167839257995 0.219742394745661 0.06836306021406052 0.0003021522763258884 -0.01422462373309358 5.156303515763215e-05 -3.702066228367809e-05
320 0.2124369224284836 0.06854530743824896 -0.01347869268557616 1.116951742380593e-06 4.098847296422262e-05 0.0004344928077369656 0.2198113365679118 0.06845118787441846 0.0003443351422648009 -0.01421100837033674 3.695930081820904e-05 1.875344056313238e-05
330 0.2124784974024891 0.06863003713627167 -0.01348169241357867 3.411109240865711e-05 -1.737945857199192e-05 0.000654343548546228 0.2198484706508251 0.0685341026254013 0.0005645456290749835 -0.01421697677391818 7.194982863151052e-05 -4.036724686167691e-05
340 0.2125169947414729 0.06864588711726047 -0.01351304220507147 8.271044058485843e-05 -0.0001429759849712656 0.0009514752515554246 0.2198814181504526 0.06854360526230506 0.0008578248026561772 -0.01425268665894402 0.000124468119383022 -0.0001679186165453497
350 0.2125523084822935 0.06855580480757469 -0.0135577945292624 0.0001011654667060543 -0.000227649256309361 0.001153389941319457 0.2199133630268944 0.06844738486177282 0.001056479659824632 -0.0143013843250005 0.0001463079263861826 -0.0002543150542385959
360 0.2125243059014575 0.06844284463595963 -0.0135767551046835 6.869151511754711e-05 -0.0001957130338062076 0.001155842194867707 0.219884746328489 0.06833077567106884 0.00105876134708403 -0.014322228940715 0.000115614397004419 -0.0002231416634026895
370 0.212458859060862 0.06837741014586714 -0.01357425956725392 3.546129156822783e-06 -5.747384037260679e-05 0.0009470358808470093 0.2198201416804287 0.06826583572531333 0.0008490586141459459 -0.01431861009533984 5.22180258611177e-05 -8.570241560782288e-05
380 0.2124116392875489 0.06836228469942141 -0.01357498361127082 -4.411517565154423e-05 7.364217072381198e-05 0.0007135540233905713 0.2197729007616431 0.06825390627950632 0.0006105361293207623 -0.01431694598543852 7.597706801322383e-06 4.369570851347715e-05
390 0.2123656962067795 0.06841977785582327 -0.01357581429349222 -3.814580394644367e-05 9.316310240946055e-05 0.0006404465375186331 0.2197250580857047 0.06831227115911616 0.0005340071044489039 -0.01431691696751362 1.56435341850868e-05 6.205646909570665e-05
400 0.2123448379294894 0.06851654186907973 -0.01358761731140459 9.922687695234841e-06 -4.51250173766153e-07 0.0007870318673748192 0.2197020469787041 0.06840736605041149 0.0006847634300985709 -0.01432939475696139 6.21138137865724e-05 -3.054161446101514e-05
410 0.2124086243368841 0.06855774738404759 -0.01361848109942716 5.761313284325376e-05 -0.0001249995104253453 0.00107324525015574 0.2197650126068591 0.06844757335492938 0.000978153123960697 -0.0143609113864069 0.0001065883192595325 -0.0001531689198438493
420 0.2125298691786511 0.06846146375046197 -0.01364905583382335 7.142950529165101e-05 -0.0001977522726311746 0.001276972682503163 0.2198862467155714 0.06835228960222788 0.001182826958565826 -0.01439141491858972 0.0001200250916084951 -0.0002257305566428976
430 0.2125668344267322 0.06833169914318281 -0.01364566768178928 4.104224040629796e-05 -0.0001672419572448849 0.001240717812583539 0.2199232790910498 0.06822474393910377 0.001139793231148682 -0.01438734327472784 9.292764316850434e-05 -0.0001972147904727356
440 0.2125232173454855 0.06827716640813007 -0.0136262960494446 -1.560318003682089e-05 -4.748039612748897e-05 0.0009678492605361915 0.219879441116146 0.06817293365306129 0.0008587784077501784 -0.01436712005435971 4.006963688928527e-05 -7.975622083398803e-05
450 0.2124692029264847 0.06830121978722652 -0.01361911333309755 -5.662323099913246e-05 7.145227623745598e-05 0.0006993169955986128 0.2198251481761485 0.06819946992001458 0.0005870305129991274 -0.0143590530263681 2.452794714724165e-07 3.84095945944838e-05
460 0.2124081056290003 0.06838815416150294 -0.01361856217915257 -5.181756912791156e-05 9.672295020798887e-05 0.0006551732885773264 0.2197633670020679 0.0682886604080431 0.0005440104177981295 -0.0143573373566884 3.790595577698541e-06 6.436145939548196e-05
470 0.2123821157458376 0.06848981736497767 -0.01362797878935865 -7.240979356796013e-06 1.051155203168592e-05 0.0008510240401472573 0.2197356318041732 0.06839171163841569 0.0007407679471471348 -0.01436585117193108 4.682203258980226e-05 -2.102625286145118e-05
480 0.2124595118649022 0.06852007917803464 -0.01365811040702304 4.214071424788885e-05 -0.0001211936541228616 0.001136942104168121 0.2198105296076643 0.06842126190381295 0.001025077339084174 -0.01439616663618784 9.580428768077137e-05 -0.0001525810134546633
490 0.2125883813834599 0.06842202915984223 -0.01368836688393579 5.82979842581193e-05 -0.000198019496306874 0.001301913630654908 0.2199375325443297 0.06832120235593829 0.001187132944768524 -0.01442728445098113 0.00011226726718837 -0.0002296723979841088
500 0.2126051320745717 0.06830015682230584 -0.01367605530285001 2.420881788290185e-05 -0.0001539005968411683 0.00125150940662842 0.2199535924848729 0.0681985889173808 0.001132971662775755 -0.01441522552987519 7.884875782994114e-05 -0.0001860457530200564
510 0.2125420887698584 0.06823236460263916 -0.01364617273746379 -3.564456712572327e-05 -1.889097477543131e-05 0.0009878058356724026 0.2198902118482064 0.0681321854108837 0.000863095103915551 -0.01438437431865627 2.080401930578427e-05 -5.219242830840124e-05
520 0.212478730805146 0.06822200969482399 -0.01363310660208398 -7.151777410202963e-05 9.21791252631274e-05 0.0007368172590233393 0.2198253371228364 0.06812346050985865 0.00060535584546761 -0.01437008923303192 -1.282310453802791e-05 5.750307534472663e-05
530 0.2124173449039302 0.06829625481208211 -0.01363470125475239 -5.724277287955202e-05 9.383507040208362e-05 0.000690604512869305 0.2197610947805426 0.06819713195955607 0.0005567521261505063 -0.01437150579720943 1.832214954429478e-06 5.892750341592367e-05
540 0.2123867588179767 0.06841638785038902 -0.01364731808594209 -7.779014670851544e-06 -1.260534673845734e-05 0.0008930258520664336 0.2197279189113123 0.06831480042687295 0.0007633291509604629 -0.01438474648385215 4.879887458473617e-05 -4.600967799451531e-05
550 0.2124582498125792 0.0684677632240846 -0.01367714305738554 3.54352250400478e-05 -0.0001357221759256905 0.001189664602334575 0.2197977432565962 0.06836403816018935 0.001065756281874962 -0.01441487781221736 8.89256402692548e-05 -0.0001672700596836662
560 0.2125839996863349 0.06836405621367987 -0.01370114571924641 3.970576350082018e-05 -0.0001846354754347556 0.001350654382426934 0.2199219458086593 0.06825953262328255 0.001227741104590954 -0.01443865213671401 9.253770690519428e-05 -0.000215782493665603
570 0.2126000293292191 0.06821561258747283 -0.01368400182934097 2.547922002676571e-07 -0.0001271918728165336 0.001254175782795312 0.2199359987151211 0.06811022629833823 0.001126458474550809 -0.01442151447826004 5.529111511252719e-05 -0.0001596414916247601
580 0.2125177764284535 0.06814885529355343 -0.01365139884127179 -5.57137036428035e-05 -1.810138291755772e-06 0.0009454668227464647 0.2198515857236615 0.06804208218549448 0.0008126712415981433 -0.01438943238773511 1.676658137654368e-06 -3.564754341241022e-05
590 0.2124264048868524 0.06818257520375758 -0.01363526682321735 -8.770347095289559e-05 9.931458124876892e-05 0.0007014453092185349 0.2197586056567719 0.06807468283757452 0.0005687825936889576 -0.01437356662463052 -3.051513917405483e-05 6.560107996761698e-05
600 0.2123640758518025 0.06828139517986513 -0.01363720562325257 -7.259168340519089e-05 9.71888014820429e-05 0.0006861517464807799 0.219694891749571 0.06817337257119435 0.0005570231766488155 -0.01437496458598828 -1.729418074583223e-05 6.459003072976401e-05
610 0.2123672107813158 0.06837709180920908 -0.0136548788946065 -2.240976217281059e-05 -1.598694209667811e-05 0.0009017810212999089 0.219695776800054 0.06826889027317072 0.0007754397392263612 -0.01439210412024361 3.147986532254313e-05 -4.774817721112505e-05
620 0.2124602685886675 0.06840595729653554 -0.01368846906068238 2.103232825162794e-05 -0.0001455712369234143 0.001178616016538028 0.2197859123677216 0.06829570075532226 0.001053056063121812 -0.01442634960114577 7.473072234403097e-05 -0.0001771875629944836
630 0.2125591706196862 0.06833344619194895 -0.01370795801370262 2.335172527557708e-05 -0.0001913003713245427 0.001293121186057564 0.2198829689099097 0.06822022852795682 0.001167063114630071 -0.01444718239012196 7.768048980706932e-05 -0.0002232360183366503
640 0.2125425393737777 0.06823965772213918 -0.01368528635531322 -2.217544523123098e-05 -0.0001108163375124521 0.001162016470700357 0.2198661799891421 0.06812540899487177 0.001033937913086775 -0.01442496650574982 3.353993098435873e-05 -0.0001435134350831305
650 0.2124636614778803 0.06817860381528733 -0.01365172054420496 -8.148901279918832e-05 3.439780557289821e-05 0.00087720420634592 0.219787378413079 0.06806604042749131 0.0007453934634066474 -0.01439054458304902 -2.369968127389306e-05 5.178421594143861e-07
660 0.212378081585429 0.06818885189814521 -0.01363241440733985 -0.0001063476030333078 0.0001249822554738343 0.0006748412924272751 0.2197005191744826 0.0680781099178711 0.0005399238909306233 -0.01437031741044488 -4.676450447148939e-05 9.009204886719965e-05
670 0.2123176572237894 0.06828797309669503 -0.01363366300474139 -7.924008999596835e-05 9.163778192997833e-05 0.0006873418076753643 0.2196376778635637 0.06817670013292755 0.0005534853061915985 -0.01437176228487932 -1.967684732985356e-05 5.682521103360369e-05
680 0.2123301532068396 0.06840720910909108 -0.01365543884122935 -2.654814993064143e-05 -3.063544327980936e-05 0.0009202192717565441 0.219648465357484 0.06829391500108029 0.0007923952403592168 -0.01439435301707464 3.072678019682279e-05 -6.402310086308012e-05
690 0.2124389304712133 0.06842862818277243 -0.01369022354723106 9.414842350362178e-06 -0.0001462205470332566 0.001196590581105653 0.2197567401382978 0.06831430392291013 0.001074255054350985 -0.01442936661081099 6.471032124919643e-05 -0.0001783731461387128
700 0.2125294372044919 0.06832127489338267 -0.01369900142190505 3.239729191006873e-06 -0.0001730682304557487 0.00127660038172367 0.2198467236634158 0.06820733922351084 0.001153991897960033 -0.01443778293765075 5.938932319713872e-05 -0.0002056683952811373
710 0.2124979676355884 0.06820067253771363 -0.01366898948380782 -4.496250593317613e-05 -8.41365075780694e-05 0.001090308976732828 0.2198138630142487 0.06808674109628561 0.0009632954776236027 -0.01440787231446813 1.413937964761555e-05 -0.0001184141109377956
720 0.2124094454768307 0.06815205805332156 -0.01363877988151093 -9.855405216909667e-05 5.114248424552657e-05 0.0007743711643872542 0.2197240898927502 0.06803724303098173 0.000644605297325737 -0.01437824119955412 -3.72483918473725e-05 1.563686973772605e-05
730 0.2123080331153416 0.06820013565218076 -0.01362142995044478 -0.0001169134621205516 0.0001253243018401844 0.0006007200296805899 0.2196222166368623 0.06808536294684825 0.0004729714511390163 -0.01436078965051833 -5.584879951769661e-05 9.003168104471823e-05
740 0.2122468477006915 0.06831061220347702 -0.0136211050721771 -8.933422608012381e-05 8.499119414957604e-05 0.0006803452274130216 0.2195607292468099 0.06819714992399822 0.0005575484038705828 -0.01435938637356383 -3.016582759088487e-05 5.086791492479985e-05
750 0.2122913347323528 0.06839265636441248 -0.01364415751448796 -3.899565395821988e-05 -4.045826700027979e-05 0.0009462633805805687 0.2196037737785467 0.06827984384328609 0.0008276827034011855 -0.01438174198458472 1.854462049106507e-05 -7.358167006943677e-05
760 0.2124277106956594 0.06837508961409104 -0.01368240925622511 -6.795580030037113e-06 -0.0001516201662229156 0.001182557572612301 0.2197380875988856 0.06825997366983311 0.001065743247428323 -0.0144209232502114 5.037780984768602e-05 -0.0001844769692187538
770 0.2124886316212988 0.06828704723877699 -0.01368326099348285 -1.988968539945087e-05 -0.0001620988280724329 0.001217026007480283 0.2197978755379519 0.06816828480162494 0.001100333885733006 -0.01442358105068041 3.768124067543101e-05 -0.0001951489833175492
780 0.2124211550472576 0.06820777981806847 -0.01364523041437173 -7.338829418103585e-05 -5.254772592588656e-05 0.001002946905676772 0.2197309135242611 0.06808728839676982 0.0008847387703084655 -0.01438630165261512 -1.479553799687078e-05 -8.617815459293622e-05
790 0.2123313385550672 0.06815951365904992 -0.01361320094319143 -0.0001222756147409766 8.160864779272133e-05 0.0007035281890483583 0.2196414967095874 0.06804002813523652 0.0005822923470136269 -0.01435356222063254 -6.210513646227887e-05 4.705761094993683e-05
800 0.2122492618161785 0.06818351849626272 -0.01359932410769927 -0.0001288930879087463 0.000133751063702669 0.0005655249996705558 0.2195582635706006 0.06806490868115785 0.0004425307899751249 -0.0143390424814209 -6.781513776577118e-05 9.868225448269542e-05
810 0.2121982229277123 0.06829949893624108 -0.01360437235772512 -9.087271649780772e-05 6.259247954383409e-05 0.0006916215551492301 0.2195054872083655 0.068179543378278 0.0005705055203665904 -0.01434460458857069 -3.063088393985505e-05 2.803972563649202e-05
820 0.2122393492410627 0.06841807934451045 -0.01363054651056459 -4.103668836037e-05 -6.880178591779708e-05 0.0009868062433980036 0.2195460054860816 0.0682960565381756 0.0008701164912705332 -0.01437158364809182 1.728366369952057e-05 -0.0001021792406623462
830 0.2123717117725186 0.06841196648548757 -0.0136646636796539 -2.056095355084415e-05 -0.0001509112474669778 0.001215743887680872 0.2196787452286919 0.06828924648144853 0.001101649069181988 -0.0144057983239624 3.68034318865653e-05 -0.0001836833510405196
840 0.2124287668439317 0.06829197139640295 -0.01365593142880643 -4.513201537773872e-05 -0.0001288328059926589 0.001212079268012979 0.2197358384090817 0.06816951108878258 0.001095735908397985 -0.01439687215930943 1.358504661191817e-05 -0.0001623777890193644
850 0.2123552841051733 0.06818850011407786 -0.01361421246460694 -9.876034519953981e-05 -1.256655710001697e-05 0.0009595679653554175 0.2196615948431681 0.06806544494810619 0.0008380388978532978 -0.01435567371376878 -3.734528625417893e-05 -4.768016165481184e-05
860 0.2122470114634372 0.06817460737065559 -0.01358314832834864 -0.0001390656143749722 0.0001056343891516702 0.0006683843683365671 0.2195530078654219 0.06805004272831884 0.0005440053268563471 -0.01432558718761066 -7.62286947004031e-05 6.969407071826637e-05
870 0.2121575505977212 0.06824850670254373 -0.01357245119076941 -0.0001370040729858682 0.0001369907666828474 0.0005751637023720996 0.2194642759685494 0.0681238400569934 0.0004524299418400401 -0.01431497114972304 -7.506381602129057e-05 0.0001015751989257552
880 0.2121340751096145 0.06834701831627166 -0.01358210959014696 -9.462466890271297e-05 4.833293131541037e-05 0.0007420060940207962 0.2194416007235682 0.06822393682564545 0.0006226054521665225 -0.01432358376372359 -3.443449733444562e-05 1.393278174582911e-05
890 0.2122149384900434 0.06839903834029762 -0.01361209980850287 -4.668182170624852e-05 -8.859538804492971e-05 0.001037649514507751 0.219521936108549 0.0682768955469165 0.0009202187191117042 -0.01435297502857859 1.255007795116391e-05 -0.0001224347536238989
900 0.2123351229802925 0.06836504632070081 -0.01364069706650427 -3.329546513979519e-05 -0.0001590764480024815 0.001219232878690124 0.2196412431519592 0.06824117552960236 0.00110120105649349 -0.01438251945927817 2.639571275464611e-05 -0.0001931681984944435
910 0.2123403150246588 0.0682915718251913 -0.01362391204028215 -6.65641340488911e-05 -0.0001100876585485182 0.001145240822613956 0.2196468742104946 0.06816553399020371 0.001024577427786559 -0.01436705525706818 -5.377715629120301e-06 -0.000145030113853583
920 0.2122467439796377 0.06823263646982165 -0.01358299623461476 -0.0001229145074608575 2.309310449304122e-05 0.0008788372699184922 0.2195551678375192 0.06810683056753573 0.000754963706282617 -0.01432612831073329 -6.006875455191152e-05 -1.280460610737667e-05
930 0.2121462351901794 0.06821561981735887 -0.01355297730228903 -0.0001562015880585008 0.000131341095690549 0.0006353311318432462 0.2194558157742758 0.06809229342074306 0.0005093298464832982 -0.01429496486252607 -9.240576725529004e-05 9.488345350998706e-05
940 0.2120766477931576 0.06826559049244421 -0.01354562488160735 -0.0001418948830082759 0.0001308462294142146 0.0005969808554767987 0.2193858167805058 0.06814363573742692 0.000471207978999044 -0.01428699497124667 -7.834350597706041e-05 9.452977487930839e-05
950 0.2120752904553201 0.06836437345871522 -0.01356199196058313 -9.310214556861294e-05 2.201589474820996e-05 0.0007955751476856695 0.2193836992295835 0.06824124693892004 0.0006728170339296143 -0.014304073961098 -3.108116464721446e-05 -1.339380316964458e-05
960 0.2121651898906989 0.06842510347403104 -0.01359486225822843 -5.011220608645463e-05 -0.0001070652198092654 0.001093641822002885 0.2194743206366833 0.0683004568370513 0.0009744870287885319 -0.01433771071262973 1.023469003590701e-05 -0.0001414709816194237
970 0.2122614046612758 0.06837327710467729 -0.01361053329983389 -4.545302998763107e-05 -0.0001545931688196415 0.001232334993809121 0.2195720073296804 0.06824881001612343 0.001113413839862109 -0.01435322527650212 1.49335065821311e-05 -0.0001890040425940726
980 0.2122465049353835 0.06826165677003496 -0.0135815820558998 -8.297834406116305e-05 -8.728664984168619e-05 0.001103101995883762 0.2195577044685873 0.06813798445889105 0.000980375342309524 -0.01432394131181023 -2.063487263496472e-05 -0.000122840258285087
990 0.2121576946129705 0.06817817302304419 -0.0135462011501651 -0.0001337639619525927 4.539336062617662e-05 0.0008267873805052617 0.2194686590716007 0.06805412033104725 0.0006993357521525366 -0.0142890914033133 -6.915157011318152e-05 8.505286159323123e-06
1000 0.2120529674261735 0.06817329361564496 -0.01352451774604568 -0.0001536980702666418 0.0001266319935968901 0.0006488083824718825 0.2193644299786315 0.06804850401922807 0.0005194312878350282 -0.01426807464257493 -8.827922227326619e-05 8.926731844532702e-05
1010 0.2119807702482172 0.0682473046428531 -0.01351933681463805 -0.0001289418279070285 9.570388389843069e-05 0.0007105888732605034 0.2192938036882884 0.06812367618678 0.0005831132244970366 -0.01426236170547034 -6.462767493905422e-05 5.898193364473756e-05
1020 0.212007538475865 0.06833314058977726 -0.01353647763581589 -7.851949627510398e-05 -2.785229298066641e-05 0.000984274044494243 0.2193217813215621 0.06821211203969205 0.0008604207285457856 -0.01427810519395915 -1.606580691143046e-05 -6.348270929797029e-05
1030 0.2121305540003941 0.06835044186415375 -0.0135709962840462 -4.135170960789451e-05 -0.0001501633985671528 0.001270777104756634 0.2194445913482911 0.0682303369006388 0.001148946909696883 -0.01431219663291222 2.022470393157644e-05 -0.0001852524325105011
1040 0.2121994669217732 0.06830595710967201 -0.0135784277387359 -4.495322544319466e-05 -0.0001833534201267162 0.001369119288397428 0.2195129563619722 0.06818341957120047 0.001246801559511056 -0.01432105439830865 1.711501896921454e-05 -0.000218681189496283
1050 0.2121370892771249 0.068264977338041 -0.01354537767486135 -8.761292066380774e-05 -0.0001002875564147018 0.001205397138482662 0.2194514711489129 0.06813966297734873 0.001081477513947868 -0.01428966143544325 -2.453493705895679e-05 -0.0001361521875861207
1060 0.2120379337107277 0.06824163822293028 -0.01351463583890299 -0.0001315726770290895 2.151524181038887e-05 0.0009268626831288772 0.2193543557111151 0.06811642257276057 0.0008020178173895174 -0.0142589607761747 -6.796672870919004e-05 -1.461377986906864e-05
1070 0.2119550316351148 0.06825884458311234 -0.0134995990297627 -0.0001393671275215111 7.280327238506073e-05 0.0007721204731344978 0.2192725459622111 0.06813592621060324 0.0006487244985149155 -0.01424282772896503 -7.656366783374083e-05 3.717336461809596e-05
1080 0.2119105544925865 0.06833730495210831 -0.01350421459307063 -0.0001075003201040954 1.178733353135984e-05 0.0008789572555869845 0.219227895898573 0.06821554386240841 0.0007595291147073413 -0.01424700019173463 -4.678392640145823e-05 -2.259532907237251e-05
1090 0.2119500628298854 0.06844491457710822 -0.01353078977915148 -6.035006313794105e-05 -0.0001163398860041466 0.001159830876538156 0.2192675143323838 0.06832240510877002 0.001044779814807457 -0.01427416803964077 -1.828429818794582e-06 -0.0001494044964357793
1100 0.2120677278025475 0.06848062739416773 -0.01356618483877481 -3.681417103874337e-05 -0.0002061807960657863 0.001387014623319451 0.2193866652577049 0.06835763657296245 0.001274303026706497 -0.01430991946334703 2.064569221628589e-05 -0.0002385844866750246
1110 0.2121202783166803 0.06840848384084003 -0.01356130285461448 -5.566871968193947e-05 -0.0001952769595814625 0.001393630905767791 0.2194409974679906 0.06828655743062048 0.001280268438145276 -0.01430459567396549 2.202060904573151e-06 -0.0002278938586086114
1120 0.2120578047600143 0.06830970578702625 -0.01352061020713109 -0.0001021527569661684 -9.27631832580694e-05 0.001161194068424784 0.2193792394626811 0.06818885303882764 0.001044987431762501 -0.01426356268586383 -4.294378829683724e-05 -0.0001261601032539668
1130 0.2119490497737733 0.06827450032668765 -0.01348744381932396 -0.0001384198201538476 1.971728426299705e-05 0.0008809985785143044 0.2192703814754022 0.06815302193879857 0.0007624462973840965 -0.01423107188768374 -7.834301501696538e-05 -1.421257593543242e-05
1140 0.2118476452836422 0.06833961929992149 -0.0134719426020686 -0.0001356813804358219 4.918547747595042e-05 0.0007738220115631419 0.2191697171531801 0.06821718067228023 0.0006555686262265224 -0.01421635550966897 -7.619748332454274e-05 1.555438603940696e-05
1150 0.2118127358681501 0.0684385945503833 -0.01347894550453614 -9.614937197439953e-05 -3.762501922700864e-05 0.0009214444794883557 0.2191366464246988 0.06831719671368421 0.0008053416193520631 -0.01422288385055052 -3.818964070356003e-05 -7.042551037466952e-05
1160 0.2118925476955636 0.06849546967019793 -0.01350909744711698 -5.122546990355586e-05 -0.0001714940948934734 0.001197052487383996 0.2192177628658123 0.06837625368918084 0.001082882187874446 -0.01425184399265909 5.44894190617407e-06 -0.0002035935777088797
1170 0.2120130590917881 0.06846562610962931 -0.01353596692162116 -4.040602921564652e-05 -0.0002362142222147596 0.001361062518351799 0.2193381587233884 0.06834695965085402 0.001246711761023218 -0.01427857349789434 1.622800137806861e-05 -0.0002683108230624135
1180 0.2120181277458662 0.06839714522781468 -0.01351874596656876 -7.319681019573589e-05 -0.0001849005093696438 0.001276403586222546 0.2193432628677209 0.06827667586458148 0.001159120860997656 -0.01426257140498912 -1.512693451228003e-05 -0.0002178294495074416
1190 0.2119138355026939 0.06835128890161132 -0.01347646669205324 -0.0001223365440192654 -6.421079729618713e-05 0.001012218852298547 0.219240531575694 0.06822964765902928 0.000891357945426967 -0.01422113807808086 -6.255263040271776e-05 -9.81258739609059e-05
1200 0.2117893325652898 0.06834967095760892 -0.01344253959417951 -0.0001474735543652124 2.80424581129795e-05 0.0007810258249847731 0.2191181277404068 0.06822960341849033 0.0006593738391205313 -0.01418654171762983 -8.74829237425006e-05 -5.98886317823026e-06
1210 0.2117060524294448 0.06839724180225477 -0.01342856366295089 -0.00013021689372581 1.709004508594267e-05 0.0007468190419181551 0.2190357095370835 0.06827984723328918 0.000627820064510178 -0.0141713338611317 -7.183231651914897e-05 -1.601044730187108e-05
1220 0.21171310816089 0.06847149485358692 -0.01344533931756457 -8.552828283803825e-05 -9.082535562744409e-05 0.000945210386801675 0.2190424552956263 0.06835458364913809 0.0008302081050211036 -0.01418803793403007 -2.941765110986238e-05 -0.0001226107942183313
1230 0.2118132245900388 0.06853401114197775 -0.01348142467871088 -4.983126490384262e-05 -0.0002095897014809477 0.001217434246088786 0.219142807978047 0.06841549741449558 0.001104837813078248 -0.01422516936644642 4.902914044775585e-06 -0.0002405786109497721
1240 0.2118938286136579 0.06850991126118725 -0.0134935058610983 -5.206352035254425e-05 -0.0002433576860153043 0.001302398205381944 0.2192250857012037 0.06839049642437818 0.001188901589941916 -0.01423780825718112 3.076166112799871e-06 -0.0002745790104244985
1250 0.211859079145242 0.06842177333648829 -0.01346060868010895 -9.110131558645673e-05 -0.0001673521340287572 0.001119860902141554 0.2191920076471043 0.06830311968625369 0.001003764328059634 -0.0142045599195039 -3.467671004696481e-05 -0.0001993059471245604
1260 0.211754770626243 0.0683468750489494 -0.01341894573515768 -0.0001345668433059241 -4.395448858560275e-05 0.0008247461053150223 0.2190881036547019 0.06822891814468195 0.0007072084084509497 -0.0141627578031142 -7.751548538564386e-05 -7.624777561798667e-05
1270 0.2116269058991383 0.06836631902436198 -0.01339154989935879 -0.000146914880544024 2.206902353480634e-05 0.0006637254611811244 0.2189603169588183 0.06824767104653699 0.0005469460034734273 -0.01413599903137173 -9.045766167671879e-05 -9.854581180821607e-06
1280 0.2115429041797569 0.06847247801625854 -0.01338580316802022 -0.0001188275320641983 -2.531269142319439e-05 0.0007385476226179393 0.2188774620385683 0.06835346410042011 0.0006241482080509487 -0.01413061627350032 -6.385057807675338e-05 -5.636604179914406e-05
1290 0.2115821832322038 0.06856799340143195 -0.01341006101600324 -7.330353246923351e-05 -0.0001468283293009809 0.00098819066196727 0.2189186732430921 0.06845051648244248 0.0008771090789386479 -0.01415414761454127 -2.020732395213495e-05 -0.0001767836199274514
1300 0.211715120687631 0.06856579365053898 -0.0134433624970955 -4.864692251557675e-05 -0.0002415849863699473 0.001197632872400469 0.2190527960339358 0.06845026877999447 0.001089084034748362 -0.01418650662692646 3.144408442375131e-06 -0.0002707559318186038
1310 0.2117731846420234 0.06847947091774931 -0.01343870250850905 -6.645275792429806e-05 -0.0002358066925821872 0.001189950517248273 0.2191107949621898 0.06836360023211237 0.001081618427665038 -0.01418226598921734 -1.471599614744351e-05 -0.0002649019821071524
1320 0.2116946376664065 0.06840987289817299 -0.01339650793772772 -0.0001133448482559201 -0.0001291840527139107 0.0009584432207844809 0.2190325713655646 0.06829149320920722 0.0008484293762283643 -0.01414169926342589 -6.076446302176239e-05 -0.0001587235213885408
1330 0.2115661725056045 0.06839383801997018 -0.01335758618972945 -0.0001462950970754046 -1.953284202095539e-05 0.0006778991388753621 0.2189059501291182 0.06827428683168607 0.0005664250933762764 -0.01410360905690964 -9.313752629044423e-05 -4.937665904513827e-05
1340 0.2114540662710765 0.06843251889258173 -0.01333608869786165 -0.0001392188791633889 -7.283023652863363e-07 0.0005693445289808063 0.2187959261902801 0.06831470200470229 0.0004595748898648948 -0.01408128089352388 -8.719642079162139e-05 -2.989544308292265e-05
1350 0.2114251953435687 0.06850023081538341 -0.01334109815330996 -9.967460482033755e-05 -9.107307984633202e-05 0.0007261613845375115 0.218767850549017 0.06838491965251017 0.000621029929918643 -0.01408514784786901 -5.03569864730693e-05 -0.0001186685319933863
1360 0.2115073196477281 0.06856174300527858 -0.01337509668907608 -6.09489748021058e-05 -0.0002095717369587257 0.001008904373516262 0.2188500641705488 0.06844677547816777 0.0009075973852672119 -0.01411923081369687 -1.385126423624166e-05 -0.0002358725661457474
1370 0.2116146696408515 0.06856679804725035 -0.01340080587902732 -5.506780440704197e-05 -0.0002592267936581863 0.001157949270184198 0.2189583362513386 0.06845060473564257 0.001056368094184229 -0.01414585325168607 -7.994391098438991e-06 -0.0002854934789577867
1380 0.2116144052790305 0.06850080980746986 -0.01337884916701628 -8.755053270165481e-05 -0.0002065185204098182 0.001053336529765616 0.2189601817351703 0.06838424258340933 0.0009491732980988228 -0.01412427879426493 -3.92203984654902e-05 -0.0002334765533819204
1390 0.2115222187820804 0.06842086839787637 -0.01333396002111818 -0.0001309860161020423 -9.497756328497733e-05 0.0007818521814234173 0.2188697832686963 0.06830545270803706 0.0006766254001421854 -0.01407900680383024 -8.218285927474037e-05 -0.0001221569376891027
1400 0.2114045387089649 0.06839404394600769 -0.01330010074917378 -0.0001486808335406593 -1.589450524529783e-05 0.0005534863253239685 0.2187526941679512 0.06827940467640289 0.000450445303896299 -0.01404502774855669 -0.0001012124307359373 -4.225717512427838e-05
1410 0.2113127746948725 0.06846226529755743 -0.01328863049858433 -0.0001298292024586482 -2.901621942060234e-05 0.0005519233900171627 0.2186612026629939 0.06834703948855636 0.0004528311853369245 -0.01403425610836436 -8.474139129961084e-05 -5.397966154466834e-05
1420 0.2113175145316505 0.0685641756569022 -0.01330649372640866 -8.4927478708838e-05 -0.0001431549666670468 0.0007769308685206506 0.2186674676667421 0.06844854877777486 0.0006804427058360895 -0.01405258924216834 -4.164801535263536e-05 -0.0001670886576787895
1430 0.2114296183586857 0.06860341962177231 -0.0133431639800269 -5.103324036791348e-05 -0.000260176882913018 0.001025120478379917 0.2187816418104354 0.06848893412149591 0.0009293900212973503 -0.01408883583586852 -8.549729062013242e-06 -0.0002836726902546122
1440 0.2115167868302313 0.06854034095961926 -0.01335152938779546 -5.919904891732703e-05 -0.000276566443326957 0.001070608959494982 0.2188699516049812 0.06842693136972031 0.0009747622335205578 -0.01409681284755894 -1.694427366330524e-05 -0.0002999230740483281
1450 0.2114775868200721 0.06844984743359143 -0.01331916932938326 -0.0001036603885467202 -0.0001805417203643342 0.0008807071127342204 0.2188312608024134 0.06833581940856309 0.0007835430847521191 -0.01406513856762615 -6.113622278530975e-05 -0.000204031728669231
1460 0.2113539723649333 0.0684196832687175 -0.01327895782553662 -0.0001446559842263559 -5.932452847710836e-05 0.0006253708909777167 0.2187089273936491 0.06830421075006195 0.0005258142030070872 -0.01402607262285868 -0.0001015411496543614 -8.314163559536793e-05
1470 0.2112265747006993 0.06846376606489098 -0.01325248208769091 -0.0001476389009093695 -1.624323953719116e-05 0.00049566519975293 0.218583890157183 0.06834874731525034 0.0003955573509666287 -0.01399972659531008 -0.0001049589089692242 -3.980395177015515e-05
1480 0.2111724950814978 0.06854097233008542 -0.01325091166988473 -0.000113082455543876 -8.206131879272769e-05 0.0005878426330807279 0.2185320176082134 0.06842855044949384 0.0004907827846658537 -0.01399712624229319 -7.270722755837937e-05 -0.0001042891905790139
1490 0.2112438117308667 0.06859464979999486 -0.01328038707744245 -6.819245118958844e-05 -0.0002067513918788136 0.0008365913654051755 0.2186043573344282 0.0684843316598434 0.0007439913137874343 -0.01402587973886374 -3.080435447319263e-05 -0.0002272602313874737
1500 0.211365873900449 0.06859760402561535 -0.01331318124892051 -5.303647498107852e-05 -0.0002806214953057592 0.001044337891461647 0.2187268314874967 0.06848683287202702 0.0009536044554590043 -0.01405940256672778 -1.71704368605777e-05 -0.0003002579808249204
1510 0.2113953671035717 0.06854552482745488 -0.01330409535508212 -7.805372051421346e-05 -0.0002512772825773491 0.001005540154455711 0.2187578400843244 0.06843318577567281 0.0009119646166651387 -0.01405155664809835 -4.117355392891428e-05 -0.0002715081318397519
1520 0.2113133891230114 0.0684807301192854 -0.01326487639686396 -0.0001205806490168627 -0.0001458048793806581 0.0007412621463460828 0.2186784097500205 0.0683685346534051 0.0006437542928815133 -0.0140126139503725 -8.205679088448918e-05 -0.0001669845574587109
1530 0.2111961187239411 0.06844764732319134 -0.01323054047763346 -0.0001452229461414094 -5.086308057213328e-05 0.0004857131829283273 0.2185631274492225 0.06833740806751727 0.0003886112429912157 -0.01397766471004223 -0.0001072032833892521 -7.172743925518e-05
1540 0.2110948270895996 0.06849080335333484 -0.01321426886452524 -0.0001335698856411876 -4.626797438496279e-05 0.00044718352146884 0.2184628395286748 0.06838228822880207 0.0003541139038134819 -0.01396099358518533 -9.810361131457045e-05 -6.566679454841552e-05
1550 0.2110797773873626 0.06858626837109547 -0.01322769573473805 -9.54040762878225e-05 -0.0001357139150494466 0.0006601906627247427 0.2184489853648025 0.06847846205012412 0.0005697064364795967 -0.01397459751586705 -6.198096151062723e-05 -0.0001540017048483608
1560 0.2111755037737053 0.06865649212497746 -0.01326434680612331 -5.935181253984167e-05 -0.0002464560534375081 0.0009188643244848515 0.2185467614930544 0.06854937680001702 0.0008273833427725868 -0.01401131199128085 -2.609665385853998e-05 -0.00026474521454472
1570 0.2112783985231846 0.06862760855336475 -0.01328223703182078 -5.753759296135393e-05 -0.0002848319864154682 0.001012041743132812 0.2186520858206839 0.06852157448197227 0.0009181015471977733 -0.01402883478147033 -2.346972891204836e-05 -0.0003036674591635239
1580 0.2112727318144895 0.06853134928948015 -0.0132573070933504 -9.147573366538642e-05 -0.0002228493968374763 0.0008632484172313138 0.2186480370047971 0.0684259004890849 0.0007677114382846295 -0.01400382224099735 -5.68585448572735e-05 -0.0002420473516974364
1590 0.2111761439996041 0.06846564066362761 -0.01321827854194845 -0.0001329633675236859 -0.0001053837963503982 0.0005996567722151065 0.2185523844517237 0.06835917472994711 0.0005038944335054358 -0.01396568531876987 -9.844108832767491e-05 -0.0001245517730384557
1600 0.2110539876507791 0.06848587220980853 -0.01319081689933569 -0.000144824454647439 -3.479809038486449e-05 0.0004243352142364496 0.2184318304158318 0.06837821708041449 0.0003280970246678808 -0.01393927193360159 -0.0001104526258175572 -5.393893611212052e-05
1610 0.2109778194035982 0.06856645459612566 -0.01318453996469148 -0.0001155710500210291 -8.129580584777065e-05 0.0004652549503416532 0.2183580329475997 0.06845950858987665 0.0003689979793760626 -0.01393296813347757 -8.168246674852292e-05 -0.0001002580873111919
1620 0.2110212814802718 0.06863808865170251 -0.01320960702650029 -6.945585633312428e-05 -0.0002060091345494972 0.0007101018092645701 0.2184032183327396 0.06853325739615843 0.0006160979871628943 -0.01395726879766663 -3.710006767272686e-05 -0.0002241806347904062
1630 0.2111493269524356 0.06864830041267056 -0.01324605828486324 -4.673045932405941e-05 -0.0002948996208244688 0.000937064494794511 0.2185319689044729 0.06854443879430512 0.0008454457834393153 -0.0139935913094143 -1.584444717808178e-05 -0.0003123039808687825
1640 0.2112096448181346 0.06859699970097755 -0.01324783345711334 -6.814727120050992e-05 -0.0002708536320552193 0.0009501915904487212 0.2185927825204619 0.06849185056179513 0.0008573841077969113 -0.01399639931714711 -3.668384998575412e-05 -0.0002886341232155807
1650 0.2111462149610772 0.06854087525986718 -0.01321302611640462 -0.000112061798224189 -0.0001684108824021642 0.0007442612896456638 0.2185305676990643 0.06843390500610595 0.0006470025657243734 -0.01396282768931047 -7.823530738962788e-05 -0.0001875747958703641
1660 0.2110342817960826 0.06851550954566389 -0.01317752772602613 -0.0001408866085628976 -7.221159794411727e-05 0.0004965835698816398 0.2184203114353279 0.06840845247352254 0.0003973889642814693 -0.01392760598473795 -0.0001058309396726825 -9.207163993653446e-05
1670 0.2109351916457927 0.06853752599433267 -0.01315908969724249 -0.0001328333737219842 -5.625558220093744e-05 0.0003983711157842413 0.2183220839450481 0.06843164507025065 0.0003028779239116971 -0.01390872967018344 -9.941461537043791e-05 -7.513875700927445e-05
1680 0.2109086622597228 0.0686063144026916 -0.0131662001425145 -9.672493358313931e-05 -0.0001308094501011753 0.0005404395871474434 0.2182955104821285 0.06850097382392331 0.0004510166254602042 -0.01391581139160003 -6.629516680559565e-05 -0.0001479601644801496
1690 0.2109877353805169 0.06867439639498844 -0.01319999597524688 -6.021963439985458e-05 -0.0002401562244674063 0.0008209195928946079 0.2183748205145824 0.06856816891842578 0.0007337287575663405 -0.01395025927441798 -3.086037129118872e-05 -0.0002567123217561951
1700 0.2110982169479692 0.06867437403575977 -0.01322759032527478 -5.089554969785842e-05 -0.0003003628772153879 0.0009672032019013439 0.2184863981343991 0.06856682987960779 0.0008770261565507379 -0.01397850839350526 -1.977779809081013e-05 -0.0003179500254341428
1710 0.2111123913338963 0.06859878392782627 -0.01321185325158043 -7.907431935206997e-05 -0.0002552145621631198 0.0008565589056360608 0.2185019469722129 0.06849038835750337 0.0007633526967011556 -0.01396306567099681 -4.585188876372431e-05 -0.0002739775789773842
1720 0.2110302975298685 0.06852759116535061 -0.01317532074772723 -0.0001214943151901152 -0.0001400500728104819 0.0005929315189459811 0.2184206052887257 0.06841850619289661 0.0005003386204756232 -0.01392688480376241 -8.788281427190181e-05 -0.0001589530386086542
1730 0.2109150593703158 0.06852725796184264 -0.01314677277036905 -0.0001423645158224016 -5.357681467081765e-05 0.0004133036320844376 0.2183060294287857 0.06841736876869103 0.0003228891714381393 -0.01389890897725682 -0.0001093816780883577 -7.205408468727734e-05
1740 0.2108315101784098 0.06860231622059752 -0.01313825207624517 -0.0001244690926183073 -7.020811438218707e-05 0.0004461735496903626 0.2182236431680798 0.06849236903581446 0.0003563240915192915 -0.0138907789198502 -9.161493270437144e-05 -8.862046688534862e-05
1750 0.2108552392899534 0.06868817516386476 -0.01315813134325158 -8.07865756317917e-05 -0.000179043292726839 0.0006578067413449004 0.218249107442351 0.06857938749592704 0.0005678596225307754 -0.01391043890987342 -4.775529345942869e-05 -0.0001975979478338014
1760 0.2109749625316308 0.06871293013585204 -0.01319334758033269 -4.924138830297321e-05 -0.0002831463914404431 0.0008768379643479766 0.2183704492007463 0.06860552034854578 0.000787802622486014 -0.01394527427086981 -1.633226801703952e-05 -0.0003016433523533548
1770 0.2110635886081194 0.06866328294141134 -0.01320262607318345 -5.803327830582346e-05 -0.0002948674976295397 0.0009242438284608259 0.2184599296686324 0.0685557462302622 0.0008364049320554524 -0.01395502660915793 -2.517736142997981e-05 -0.0003133140040143476
1780 0.2110378043040995 0.06859150282942869 -0.013176108389096 -9.98851568060365e-05 -0.0002047447809823587 0.000769078240283723 0.2184352341611814 0.06848229279977509 0.0006799389014543892 -0.01392982340544891 -6.579171226464915e-05 -0.0002238776028528324
1790 0.2109375301177646 0.06855890578961091 -0.01314282789186421 -0.0001339786427152203 -9.784305309714261e-05 0.0005119310984562203 0.2183370284579227 0.06844855091037887 0.0004192707765509304 -0.01389756172635133 -9.761382321430949e-05 -0.0001182805408407875
1800 0.2108297513906836 0.06858520680563512 -0.01312147465787891 -0.0001329320092931105 -6.355211179166329e-05 0.0003705226561577506 0.2182315456528004 0.06847575160613788 0.0002776538312331448 -0.01387618221893606 -9.592595027229469e-05 -8.43444878631617e-05
1810 0.2107851488747715 0.06865638938194141 -0.01312441937379205 -0.0001008056350396839 -0.0001273802427665645 0.0004820360135605249 0.2181888276875576 0.06854897960996506 0.00039429542266856 -0.01387857254903651 -6.582427161517072e-05 -0.0001469770635241375
1820 0.2108577388085417 0.06872309433321465 -0.01315631098259706 -6.368692884705842e-05 -0.0002345290440354429 0.0007573691748677366 0.2182628988489672 0.06861726015799627 0.0006748697561685548 -0.0139102609616465 -3.079411853134537e-05 -0.0002529099151457485
1830 0.2109740720695133 0.06873594095960738 -0.01318851429164577 -5.323929915912302e-05 -0.0002891589746907507 0.0009477140682076064 0.2183808462579503 0.0686302472635 0.0008651174831114561 -0.01394291479209254 -1.962132095728679e-05 -0.0003079596188217425
1840 0.2110052286505539 0.06868812354995911 -0.01318017278101438 -7.64395814169285e-05 -0.0002573332633105103 0.0008944505161714235 0.2184142166920071 0.06858198356073254 0.0008081348296906932 -0.01393517346605806 -4.006521960497754e-05 -0.0002777236099102699
1850 0.2109419900191076 0.06862323870864026 -0.01314753003360595 -0.0001142206273728651 -0.0001642330525622967 0.0006548556905242568 0.218353369976675 0.06851715986737129 0.0005677851223044852 -0.01390281830405917 -7.620002970556159e-05 -0.0001855099793462055
1860 0.2108436570242903 0.06859879899559597 -0.01312138155744536 -0.0001359352638202136 -8.080076834343902e-05 0.0004319842452231345 0.218256850620991 0.06849292705398916 0.0003494375466112593 -0.01387690386508535 -9.901300644615194e-05 -0.0001013691829734829
1870 0.2107585163565663 0.06864512433464996 -0.01311000547659327 -0.0001260808437154481 -7.042351101592098e-05 0.000403243839252798 0.2181733123275883 0.06853958094829433 0.0003258779114576217 -0.01386580845783467 -9.112238812643827e-05 -8.98508082366254e-05
1880 0.2107506726728584 0.06873081219322608 -0.01312432418693077 -8.785738860953479e-05 -0.0001594381633649084 0.0005900247596482801 0.2181671275986652 0.06862603648546006 0.0005138971704627575 -0.01388023733573836 -5.322228826823753e-05 -0.0001787391379054953
1890 0.210851531262803 0.0687821762434699 -0.01316091197257627 -5.170679754859881e-05 -0.0002743007353856904 0.0008244441065424171 0.2182695109359003 0.06867858553277734 0.0007474659220791141 -0.01391665832137943 -1.622393349718492e-05 -0.0002941386873010513
1900 0.2109535327414633 0.06874983655049784 -0.01318203638312154 -5.20117884231527e-05 -0.0003075103361148781 0.0009121811758561913 0.2183726303995937 0.06864690912687059 0.0008358923905266645 -0.01393777116737191 -1.615565784534766e-05 -0.0003275452048861394
1910 0.2109450965042445 0.0686774222892806 -0.01316205369079683 -8.946882195045571e-05 -0.0002294055229084399 0.0007778097731017054 0.2183649718762239 0.06857426952311697 0.0007029326660652654 -0.01391823703400855 -5.353249467508087e-05 -0.0002494216298393482
1920 0.210848777692645 0.06863297540850764 -0.01313021260874245 -0.0001306212550472407 -0.0001108455731833887 0.0005535437023924449 0.2182694040550489 0.06852910741196044 0.0004779877167699472 -0.01388705308078862 -9.375216847673303e-05 -0.0001313357429281595
1930 0.2107356477703839 0.06864924519350253 -0.01311056121603361 -0.0001380222544134504 -5.681431057225966e-05 0.0004043687862984178 0.2181571297384773 0.06854502459528956 0.0003272904059782912 -0.01386778569725244 -9.996052424948045e-05 -7.792942428732206e-05
1940 0.2106738411379689 0.06870357338905372 -0.01311274510418052 -0.0001065647906072589 -0.0001101959131591071 0.0004419189705432969 0.2180959799854022 0.06859996319203643 0.0003663382750928038 -0.01386980451453938 -6.888790529136343e-05 -0.0001310127691997542
1950 0.2107132469831055 0.06875938248057736 -0.01314059823312234 -6.23689517559861e-05 -0.0002229851368665149 0.0006476157843326794 0.2181354467919933 0.06865624215050713 0.0005772507161331139 -0.01389741563978917 -2.70244415036943e-05 -0.0002423744068638541
1960 0.2108210094519761 0.06877282735829006 -0.01317368673234254 -4.230349375304644e-05 -0.0002985799353972885 0.0008533032208033814 0.218242867395506 0.06866882406010789 0.0007869779733031007 -0.0139307638185904 -8.729426922550697e-06 -0.0003168721652511275
1970 0.2108805667210318 0.06871857164975184 -0.01317851085851359 -5.98930305181617e-05 -0.000283532058211603 0.0008641873013698676 0.2183022379938989 0.0686121492731535 0.0007954697217699125 -0.01393643262928173 -2.489797586137728e-05 -0.0003026079747807233
1980 0.2108442439866434 0.06864688517931675 -0.01315155127933499 -9.718749793965262e-05 -0.000197611803758156 0.0006604130803958737 0.2182660721829435 0.06853763444009842 0.0005857890907143235 -0.01391044070259501 -5.912462675744302e-05 -0.0002184744231811241
1990 0.2107524058205682 0.0686126916648923 -0.01312192803783812 -0.0001248648827706001 -0.0001036972498201095 0.0004278687582324863 0.2181745202632336 0.06850172590892906 0.0003517965813912945 -0.01388138473816888 -8.585420303217547e-05 -0.000125065844047367
2000 0.210661667353579 0.06864729381181973 -0.01310597448528933 -0.0001214284050862126 -8.00602314424284e-05 0.000371255636392374 0.2180842155468647 0.06853576740480495 0.0002986453137017064 -0.01386553094966793 -8.401643070347575e-05 -0.0001004314565146491
2010 0.2106510839688306 0.0687179589549696 -0.01311618193352115 -9.064485094981046e-05 -0.0001459819264529897 0.0005436419502723986 0.2180740392645986 0.06860646128187843 0.000473396874702393 -0.01387567687954981 -5.461834684628781e-05 -0.0001655430447060348
2020 0.2107451754416873 0.06876885819559715 -0.013150213921582 -5.590999413262974e-05 -0.00024731763505257 0.0007981988524349899 0.2181685272988116 0.0686572383360282 0.0007262087204088794 -0.01390982261273012 -1.924950580095199e-05 -0.0002672769310774734
2030 0.2108554477703671 0.06875434515838055 -0.01317223172683137 -4.600145284001713e-05 -0.0003007277216671143 0.0009102587043884866 0.2182794191249146 0.06864189519028081 0.0008347593312899229 -0.01393223027350535 -7.563405611925469e-06 -0.0003217270298925054
2040 0.2108761218084911 0.06868783374456015 -0.01315858846121721 -7.105461940732125e-05 -0.0002603734198543914 0.0008064996240590804 0.2183005948336968 0.06857392627705215 0.0007300769209973255 -0.01391933783249702 -3.189892181229914e-05 -0.0002817544115983455
2050 0.210818603605939 0.06862926348616571 -0.0131283675362396 -0.0001108199494951298 -0.0001543694911101397 0.0005873831848078199 0.2182437514510179 0.06851381066641886 0.0005126145953622102 -0.0138899260262148 -7.229623933884349e-05 -0.0001753443802030713
2060 0.2107319231037947 0.06861490909679019 -0.01310658003875803 -0.0001290207182577546 -7.541402644664969e-05 0.000421232695682283 0.218158037895848 0.06849890246205098 0.0003465249287928414 -0.01386854527677307 -9.061093059824128e-05 -9.632287155646409e-05
2070 0.2106642437721508 0.06866625730515469 -0.01309929151908784 -0.0001085131755012722 -9.924905746105762e-05 0.0004318921289380462 0.218091292463214 0.06855063441803377 0.0003552920455559999 -0.01386124971025338 -6.950632873969135e-05 -0.0001205619207535839
2080 0.2106887711891473 0.06873809729825632 -0.01311916330604042 -6.695746155731917e-05 -0.000204880639531763 0.0006322755436987483 0.2181166576068521 0.0686232585475697 0.0005559152476851912 -0.01388089605222255 -2.838638919160981e-05 -0.0002260005684594802
2090 0.2108034794360076 0.06876989063447722 -0.0131562059137626 -4.143915569529949e-05 -0.0002938658931937272 0.0008611095226213199 0.218232014100967 0.06865566019898298 0.0007872999878764238 -0.01391780674125771 -4.290772073002105e-06 -0.0003141920823267646
2100 0.2108886412205031 0.06873031418990193 -0.01316739717099629 -5.408207415610855e-05 -0.0002897097746388484 0.0009194238251054966 0.2183178951501729 0.06861590730823829 0.0008459442281393932 -0.01392907271282378 -1.712880253541542e-05 -0.0003099432469758758
2110 0.2108620383224803 0.06866564802049425 -0.01314297897052246 -9.276513977905564e-05 -0.0002027612353542937 0.0007721423502604394 0.2182919214559088 0.06855043471258708 0.0006949978052188968 -0.01390501688891628 -5.393556937007462e-05 -0.0002241025931344215
2120 0.2107789361334987 0.06863031606737861 -0.01311394732398367 -0.0001221463316122469 -0.0001114026448033152 0.0005383525982061464 0.218209515545569 0.06851422788539613 0.0004576903047377622 -0.01387636405267674 -8.149966132885323e-05 -0.0001338098999407189
2130 0.2106972187368573 0.06864417613699696 -0.01309992800855482 -0.0001200315244732545 -8.494897537447364e-05 0.0004133007317838383 0.2181284619430783 0.06852784593953255 0.0003345657393485648 -0.01386243167826055 -8.034566557338497e-05 -0.0001067977098858226
2140 0.2106678487931231 0.06870382947458621 -0.01310462516054181 -9.169264184183332e-05 -0.0001368988101554178 0.0005140268413626502 0.218099654063592 0.06858803153964745 0.0004413996111309944 -0.01386688713551144 -5.524815303441852e-05 -0.0001568883391531411
2150 0.2107323141561731 0.06875958740396697 -0.01313099988736357 -5.6834061113902e-05 -0.0002342391942954782 0.000761049973925472 0.218164493155012 0.06864466348157257 0.0006913130713877013 -0.0138928706146932 -2.220683371701525e-05 -0.0002532468436848657
2160 0.2108461800495946 0.06876116963598961 -0.0131609545066865 -4.284846333703965e-05 -0.0002981963516619882 0.0009270774102787738 0.2182781545045542 0.06864633439802169 0.000854241381038191 -0.01392281247793729 -6.890468060775563e-06 -0.0003180524346809683
2170 0.2108944420211597 0.06870199374912597 -0.01315946221731191 -6.162946584105958e-05 -0.0002775542776133841 0.000872323066907199 0.2183259010367578 0.06858614282370817 0.0007957978958771055 -0.01392183250873916 -2.363441469721359e-05 -0.000298603726673382
2180 0.2108394529774059 0.06864363493646541 -0.01313297445429268 -9.971136400598563e-05 -0.0001813122899516774 0.00065866008380327 0.2182705537636203 0.06852663741969245 0.0005829186775027709 -0.01389592137945749 -6.165162041798952e-05 -0.0002023357427853436
2190 0.2107418575315071 0.06863603164809697 -0.01310699404357873 -0.0001252645854154942 -8.998120319178339e-05 0.000476482086867782 0.2181729416735304 0.06851881684400765 0.0004042264167945512 -0.01386993747008889 -8.862766738454132e-05 -0.0001101078329513521
2200 0.2106701187148501 0.0686761545254846 -0.01309773324205986 -0.0001173904041118477 -8.053190603986185e-05 0.0004711142008200212 0.2181008304099624 0.06855969329929155 0.0004007829070261088 -0.01386018881518229 -8.171580554784364e-05 -0.000100081638470667
2210 0.2106853864790345 0.06873605438351803 -0.01311430935018999 -8.092519618318609e-05 -0.0001657523284386676 0.0006439087635259649 0.2181152061593382 0.06862020593312829 0.0005729906234990536 -0.01387638637874879 -4.513570067728807e-05 -0.0001853962770807298
2220 0.2107811340357501 0.06876889768265942 -0.01314733750800976 -4.629139030857964e-05 -0.0002719196980033471 0.0008510932642380021 0.2182099818449589 0.06865259378865395 0.0007801465214781107 -0.01390944431154571 -1.04701499992946e-05 -0.0002915816911350887
2230 0.2108669421839761 0.06875253663862319 -0.01316393953353206 -4.658768160014857e-05 -0.0003004436266330919 0.000935777282939135 0.2182950768924547 0.0686347301558386 0.000866566221978642 -0.01392643358589179 -1.137489946187661e-05 -0.0003197038592892655
2240 0.210871707316652 0.06868829576553709 -0.01314792677502188 -7.991574827022456e-05 -0.0002337360408676172 0.0008234149140040991 0.2182993969867981 0.06856908596024659 0.0007541327934526747 -0.01391075830635731 -4.439184693377284e-05 -0.0002531213545952197
2250 0.2108094176267028 0.06862716744045477 -0.01312307967277206 -0.0001150124537661844 -0.0001332897906311701 0.0005999799329323696 0.218236733608683 0.06850683028899743 0.0005273044167309817 -0.0138861252338447 -7.760608670777182e-05 -0.0001537239332438644
2260 0.2107207547800937 0.06862617324979375 -0.01310391088777917 -0.0001218011185367742 -8.509903913439521e-05 0.0004440788442027658 0.2181475214107558 0.06850498481601852 0.0003687126794428327 -0.01386721124009669 -8.302560264696324e-05 -0.0001063073042727647
2270 0.2106647246853605 0.06869081161072479 -0.01310197129156923 -9.799368755249415e-05 -0.0001244634961649523 0.0004962672620604205 0.2180913563044038 0.06856950956755835 0.0004227999200450096 -0.01386532295901363 -6.026021411550403e-05 -0.0001450540153189915
2280 0.2107126321305296 0.06876349629781235 -0.01312651837742449 -6.38120636211836e-05 -0.0002147773716676636 0.0007271487272905922 0.2181397038225122 0.06864312674597457 0.0006570384694177945 -0.01388940541396129 -2.799996392437065e-05 -0.000234267395248784
2290 0.2108346869179465 0.06877372342336967 -0.0131591561779385 -4.700849173051431e-05 -0.0002802726446057451 0.0009320860976551709 0.2182622023289608 0.0686545910556509 0.0008611373695019799 -0.01392142755601032 -1.107851106504249e-05 -0.0002998837781738539
2300 0.210898964246522 0.0687201552819328 -0.01316104433272527 -6.128688892743474e-05 -0.0002698594662895735 0.0009396938064319844 0.2183263760160445 0.06860122860221791 0.0008633452194018205 -0.01392335267580619 -2.277287192170568e-05 -0.0002910145881408787
2310 0.2108650238690098 0.0686598626388578 -0.01313598340948928 -9.248549371848601e-05 -0.0001985198289600036 0.0007405330014443254 0.2182924667667804 0.06853973267165413 0.0006596958606202348 -0.01389899770723518 -5.160913333366449e-05 -0.0002210470724927864
2320 0.210786016482186 0.06863819686116875 -0.01311255521020886 -0.0001172716960160792 -0.0001144073707588706 0.0005162736389284582 0.218214025441524 0.06851714744845497 0.0004367606251376397 -0.01387619847322587 -7.689680072654521e-05 -0.0001366098494728496
2330 0.2107156679255932 0.06866175554718244 -0.01310073465403044 -0.0001153495353146019 -8.707858145311673e-05 0.0004493862325035468 0.2181447774309137 0.06854156284823178 0.0003737950269383567 -0.01386410837514791 -7.709954679523244e-05 -0.0001080566371975306
2340 0.2107016363878756 0.0687133052234149 -0.0131078173804969 -8.491195329114118e-05 -0.0001513230754069 0.0005863130905981419 0.2181315302849875 0.0685952079227477 0.0005114772574118392 -0.01387032936956566 -4.749979294932568e-05 -0.0001718886622097829
2350 0.2107792025398236 0.06875985966408736 -0.0131372308253489 -4.960363452993068e-05 -0.000254722208552712 0.0008094131850185733 0.2182090591692083 0.06864290020918422 0.0007319937577809537 -0.01389939194244565 -1.131189957614656e-05 -0.0002758881038405076
2360 0.2108836138411355 0.06875858599188753 -0.01316427455485464 -4.098450332256606e-05 -0.0003050952000292492 0.0009297932733518807 0.2183134694752283 0.0686411390614254 0.0008504983786395464 -0.01392686016222709 -1.839536696928026e-06 -0.0003267993227787205
2370 0.2109061556905215 0.06870915757884725 -0.01315730617587149 -6.848082772717464e-05 -0.0002563303620592282 0.0008613461326332077 0.2183367821553691 0.06859096636579672 0.0007821841771519642 -0.01392028337855311 -2.922321535523629e-05 -0.0002780860546081071
2380 0.210842083341342 0.06865906534843473 -0.01312826887984371 -0.0001073924112621935 -0.0001528976276675718 0.0006653203909223834 0.2182737581543181 0.06854119126724652 0.000586029437059285 -0.01389099979876886 -6.793593040174343e-05 -0.0001747566825795058
2390 0.2107594707401486 0.06864479750238524 -0.01310693123308017 -0.0001247233540282654 -8.088643656909818e-05 0.0005037703821719567 0.2181916414649632 0.06852770750112566 0.0004234619658944341 -0.01386920554395614 -8.477838070921207e-05 -0.0001030374633211262
2400 0.2107083844908556 0.06868171337295548 -0.0131036419790196 -0.0001054623885357499 -0.0001036186715009788 0.0004947210488349571 0.2181405280090236 0.06856510858062648 0.000414391230292398 -0.01386577667222154 -6.570075640925301e-05 -0.0001257027198899909
2410 0.2107312356847865 0.06874599491082621 -0.01312310501715739 -6.728957274329551e-05 -0.0001980021104583022 0.0006663720529949054 0.2181634532849315 0.06862940412140446 0.0005893871527054394 -0.01388535791451959 -2.938940443709121e-05 -0.0002190448302610093
2420 0.2108232475755873 0.0687843831916842 -0.01315242350782883 -4.308985338765102e-05 -0.0002796024472199834 0.0008821074875996573 0.2182559330632893 0.06866820234142587 0.0008086528100792246 -0.01391451557181177 -7.105173563615045e-06 -0.0002995738169011647
2430 0.210905417182477 0.06874642211162821 -0.0131638788001347 -5.052198991129364e-05 -0.000288539594388321 0.0009352290542886262 0.2183381277588649 0.06863092905470163 0.0008607714891182868 -0.01392561781996587 -1.407146365116324e-05 -0.0003088211818740133
2440 0.21090227027704 0.06867033334565452 -0.01314788309355792 -8.236524974053297e-05 -0.000220629616938909 0.000788007832184809 0.2183341230221591 0.06855429782442346 0.0007095899443031574 -0.0139098611600586 -4.371063456674591e-05 -0.0002421875193443847
2450 0.2108268640764608 0.06863101704484094 -0.01312419459931704 -0.0001118016189381275 -0.0001322597348059952 0.0005660709624694053 0.2182576875236232 0.06851354721906899 0.0004862668453769545 -0.0138869894523389 -7.211781457106482e-05 -0.0001543690444331473
2460 0.2107302072337533 0.06866380801642759 -0.01310723797846466 -0.0001170686371779256 -9.010713920710519e-05 0.0004631888674609732 0.218160821766676 0.0685457462181913 0.0003868119407201736 -0.0138703285415132 -7.885879129060881e-05 -0.0001113017741561047
2470 0.210693394190852 0.06872936132786667 -0.01310984750302239 -9.492495873567962e-05 -0.0001281876143393115 0.0005642577956290353 0.218124134722941 0.06861263794858155 0.0004920832215466528 -0.01387210436902755 -5.883574419511355e-05 -0.000148130089598461
2480 0.2107639395139058 0.06876929135957066 -0.01313748515550747 -6.218832294914129e-05 -0.0002172217180219199 0.0007885650896222317 0.2181940206467523 0.06865423659611651 0.000716879653233337 -0.01389870553380945 -2.650598115781125e-05 -0.0002369507498116832
2490 0.2108717044187881 0.06875961932601944 -0.01316524926262132 -4.572090559653527e-05 -0.0002849479143384791 0.0009454310101540398 0.2183002411847195 0.06864409141845118 0.0008709094684859333 -0.0139265079596535 -8.584606340507338e-06 -0.0003055223829006034
2500 0.2109058595871538 0.06871876691950747 -0.0131630079598631 -6.074372656822163e-05 -0.0002721013729931657 0.0008991741109191801 0.2183330836049139 0.06860067286886901 0.0008230031884739123 -0.01392532235894466 -2.243188981076503e-05 -0.000293300606331024
2510 0.2108598292001962 0.06867492486745151 -0.01313934598247165 -9.654653017387729e-05 -0.0001835476122160886 0.0007112457856896659 0.2182870266761607 0.06855466483268612 0.0006360078144351624 -0.01390240367426506 -5.830503309651744e-05 -0.0002046227867488867
2520 0.2107878439847601 0.06864502735564632 -0.01311857983373995 -0.0001197834003721781 -9.995654926724291e-05 0.0005181712590374747 0.2182153988950122 0.06852471299914935 0.0004435404636316433 -0.01388130868825898 -8.169549830927344e-05 -0.0001208884691317685
2530 0.2107240084846075 0.06865542559250634 -0.01310866313517034 -0.0001109574564805161 -9.538034852039279e-05 0.0004819004138745162 0.2181510714417646 0.06853612168390312 0.0004063181505134068 -0.01387079379788868 -7.252223642841975e-05 -0.0001165119814803248
2540 0.2107194589018553 0.0687178185030637 -0.01311993415349602 -7.740963691073108e-05 -0.0001735632331080414 0.0006303654605469858 0.2181457076945816 0.06859853332971391 0.0005539735485126931 -0.01388215625173206 -3.882392420952607e-05 -0.0001948102459482337
2550 0.2108016234195943 0.06877723087279533 -0.01315096557064343 -4.818814224836799e-05 -0.0002631813288082012 0.0008438152389887618 0.2182279320394091 0.0686573855550629 0.0007679673414656546 -0.01391355716502446 -1.002316405808047e-05 -0.0002841995924119519
2560 0.2108967990884164 0.06876775343872124 -0.01317135584066911 -4.934318014248665e-05 -0.0002858282795275553 0.0009484482579841678 0.218323979414431 0.06864833770871655 0.0008725830155899498 -0.01393375228109474 -1.114856562203573e-05 -0.000306855087945589
2570 0.2109103922956959 0.06869851668238409 -0.01315599621718924 -7.836347179260819e-05 -0.0002300950213955254 0.0008589457462744208 0.2183382240121751 0.06858007869613944 0.0007806351174068439 -0.01391789464554639 -3.886046771703796e-05 -0.0002518745545165033
2580 0.2108519011894948 0.06863996213290562 -0.01312903171055133 -0.0001101060612471084 -0.0001411429527194116 0.0006476301681284875 0.2182795821689551 0.06852157302314116 0.0005661547762523365 -0.01389105176109973 -6.889293425168577e-05 -0.0001638958198613654
2590 0.2107735592881449 0.0686432117005345 -0.01311261638783902 -0.000117363549463956 -9.408472433895712e-05 0.0004810131419855183 0.2182010245186122 0.06852386065260642 0.0003995746935132614 -0.01387544305834414 -7.614107640724829e-05 -0.000116830153380655
2600 0.2107255330221164 0.06870185875985105 -0.0131114615958707 -9.788956688031744e-05 -0.0001203003987200952 0.0005129764385277192 0.2181539700109139 0.0685823788036017 0.0004354410987639442 -0.01387459585514452 -5.877784681681889e-05 -0.0001418342773954558
2610 0.2107591526106767 0.06875905244176625 -0.0131303267735835 -6.39156472007735e-05 -0.0002091018321449669 0.0007170477298735867 0.2181890214540962 0.06864153343220834 0.0006422589421033726 -0.01389260477940587 -2.653352375462633e-05 -0.0002296903984260511
2620 0.2108621757886958 0.0687648519502171 -0.01315852029461935 -4.291635846771977e-05 -0.0002844886627709271 0.0009000249196633876 0.2182923897165895 0.06864935228687243 0.0008236231365431515 -0.01391987820092878 -5.037558643540924e-06 -0.0003054403231428287
2630 0.210931073748473 0.06872046711223719 -0.01316776896745737 -5.361654411883961e-05 -0.0002824734919087569 0.00091370236586444 0.2183606557122823 0.06860453009535046 0.0008335205799847511 -0.01392951286738175 -1.388850257930857e-05 -0.0003045371259881651
2640 0.2109028998242622 0.0686744962755791 -0.01314984444807109 -8.652806441165379e-05 -0.0002080952900780957 0.0007545145627773552 0.2183326279198636 0.06855653060089464 0.0006723861539472657 -0.0139126905948981 -4.564740122254665e-05 -0.0002308193845655325
2650 0.2108158227179815 0.06866130898407218 -0.01312509151789243 -0.0001154645899668404 -0.0001178199190506413 0.0005676360578412721 0.2182469789652197 0.06854282846944253 0.0004865853788053318 -0.01388811877039646 -7.495442598734249e-05 -0.0001402993252089631
2660 0.2107406950525092 0.06868103352637217 -0.01311011933068753 -0.0001162971284775344 -8.671741628339814e-05 0.0004953131211459387 0.2181732000609027 0.06856438538960573 0.0004163422727784612 -0.01387207039855686 -7.693344730067331e-05 -0.0001085456025285209
2670 0.2107353314247845 0.0687163932171016 -0.0131176840422273 -8.843442642013241e-05 -0.0001414186675832652 0.0005981832888125079 0.2181677679499947 0.06860198789588019 0.0005203422848327367 -0.01387861877634165 -4.989567634837749e-05 -0.0001628160665488587
2680 0.2108058874617901 0.06875590197528002 -0.01314600820780051 -5.307219653749337e-05 -0.0002424604506959685 0.0007975834604316415 0.2182375049913555 0.06864145294746325 0.0007201101055326033 -0.01390715959942017 -1.497211969699289e-05 -0.0002636681555244838
2690 0.2108922736589179 0.06877102923347717 -0.01316821344357916 -4.288385185561722e-05 -0.0002949057236833485 0.0009292083996418847 0.2183237038048948 0.0686552516522653 0.000852856232088233 -0.01393020407405599 -5.332656502321362e-06 -0.0003158177553461788
2700 0.2109171128668784 0.06872898367465766 -0.01316189814108611 -6.522941920593331e-05 -0.0002590672567938466 0.0008730807522966841 0.2183491094005383 0.06861275732845525 0.0007970644381484109 -0.01392405838551264 -2.765187070139923e-05 -0.0002799873367265092
2710 0.2108788673314891 0.06866028442083541 -0.01313894516477014 -9.875718141077395e-05 -0.0001712779343575969 0.0006709089905424725 0.218310756651419 0.06854475476306787 0.0005938250264091607 -0.01390066384862967 -6.038684746338112e-05 -0.0001926310205497106
2720 0.2108040114188232 0.06862908048249276 -0.01312057363746358 -0.0001166801581224974 -0.0001024298263788124 0.0005053816338582507 0.2182346970085128 0.06851339291626603 0.0004277407776008161 -0.01388234832102613 -7.782589906549998e-05 -0.0001240296633186139
2730 0.2107313453433237 0.06867996377697293 -0.01311354877551427 -0.0001044431060022077 -0.0001109970750361649 0.0005035191447515652 0.218160869653898 0.06856331390754676 0.0004275077267858657 -0.01387590754690512 -6.634755529710689e-05 -0.0001321352680058685
2740 0.2107330996251829 0.06876237579587141 -0.01312858695123235 -7.402945699056386e-05 -0.0001836311973437323 0.0006765892323079013 0.2181625736299203 0.06864568887951802 0.0006033872190941409 -0.01389086433720313 -3.737227036056616e-05 -0.0002039256234270192
2750 0.2108261439072213 0.0687940565197938 -0.01315876566166036 -5.079592743867203e-05 -0.0002578939567604564 0.0008806722241711053 0.2182556689732796 0.06867872768768607 0.0008086603825512496 -0.01392008220820212 -1.472663232268446e-05 -0.0002778402987933957
2760 0.2109143868749774 0.06874456014765531 -0.01317159333719605 -5.394282803499753e-05 -0.0002773812462979574 0.0009516955964894133 0.2183429431105388 0.06862980371059846 0.0008778152189967076 -0.01393227289876949 -1.677814143387374e-05 -0.000297938327411232
2770 0.2109073203370055 0.06867679437422131 -0.01315587960550617 -8.079119727180438e-05 -0.0002244963136601318 0.0008234940525691962 0.218334176285879 0.06855992327909675 0.000746836042833792 -0.01391735247864702 -4.191326329351913e-05 -0.0002459897252299999
2780 0.2108345546549002 0.06865364725978458 -0.01313217085207902 -0.0001097394409466225 -0.0001386717241879646 0.0006094170274583021 0.2182606054480333 0.06853376864945807 0.0005325563979091196 -0.01389499960674891 -7.03953441979756e-05 -0.0001603532965435654
2790 0.2107569355105423 0.06866925023846196 -0.01311754422612477 -0.0001164241762091245 -9.213031469150319e-05 0.0004854084201683149 0.2181836804225299 0.06854866927901383 0.0004103383832670885 -0.01388051535006062 -7.788665856067865e-05 -0.0001132977458253948
2800 0.2107253371475866 0.06870454051333406 -0.01311727438934238 -9.353269865110557e-05 -0.0001336063759122119 0.0005510343822596847 0.2181526810616135 0.06858588778165084 0.0004773046761487945 -0.01387909858869081 -5.583939560740246e-05 -0.0001542866318852187
2810 0.2107768663675558 0.06873835177066633 -0.01313863184473378 -6.044645999855623e-05 -0.0002238777338746139 0.0007533315386161014 0.2182034763328117 0.06862116414629234 0.0006791342504000411 -0.01389976329818422 -2.279427757228678e-05 -0.0002445692938997544
2820 0.2108723447203254 0.06875669722202452 -0.01316656252085198 -4.520560004828303e-05 -0.0002844078629545668 0.0009128990755801733 0.2182980446089759 0.0686384711523669 0.0008367995564067652 -0.01392840127192112 -6.745685919458523e-06 -0.0003055930338351604
2830 0.210918680675248 0.06873599954627156 -0.01316953012978134 -6.136240954210914e-05 -0.0002655645148325206 0.0009041276886471285 0.2183448152902114 0.06861619571786229 0.0008259124098313581 -0.01393227404020675 -2.17489145678949e-05 -0.0002874055139459205
2840 0.2108828462747579 0.06868889019218048 -0.01314698427014662 -9.492905237643621e-05 -0.0001862075510237344 0.0007507949870076689 0.2183103735511067 0.06856941222316998 0.0006711809671676468 -0.01390956129528581 -5.444440185982431e-05 -0.0002085225067325043
2850 0.2108158958259768 0.06865026707558125 -0.0131224864990621 -0.000117384714832451 -0.0001094438009579772 0.0005640823739444357 0.2182442804373997 0.06853257555586702 0.0004840885162678123 -0.01388421608226474 -7.665932950602624e-05 -0.0001318796161887977
2860 0.2107575872900929 0.0686575077261775 -0.01311313370613085 -0.0001105929135205892 -9.805568834210399e-05 0.0004973080172650453 0.2181856072172593 0.06854063997948116 0.0004181020189185456 -0.01387472590414512 -7.040080048411891e-05 -0.0001201908831604825
2870 0.2107498367879508 0.06872259306944675 -0.0131231830757533 -8.024444405893555e-05 -0.0001640307975832693 0.0006147633981102014 0.2181777652279362 0.06860505372239334 0.0005374850339309283 -0.01388548233123649 -4.129557544687547e-05 -0.0001854843950596399
2880 0.210816068110031 0.06877906006656932 -0.01314946645623641 -5.051217199750523e-05 -0.000254709289724802 0.000826443350512839 0.2182451422920013 0.06866158506300186 0.0007504595390434477 -0.01391196359705801 -1.248590069119289e-05 -0.0002756812638360465
2890 0.2109028754067647 0.06876607926889157 -0.01316778140341916 -4.546237860090987e-05 -0.0002928359948889657 0.0009266433907645391 0.2183332040952781 0.06865007685369702 0.0008496530917421038 -0.01392953542690182 -7.075753061769311e-06 -0.0003140635841100785
2900 0.2109288459802547 0.06869350206984121 -0.01315924529489423 -6.94972655230128e-05 -0.0002484458494409412 0.0008376686768014013 0.2183591549496925 0.06857837711489886 0.000758205883915082 -0.01392055971686919 -2.986444678256887e-05 -0.0002704208044761919
2910 0.2108741054505085 0.06864208916347625 -0.01313822186938642 -0.000102639330738458 -0.0001589981316864916 0.000648959900314204 0.2183039373243953 0.06852560100213781 0.0005676107373435232 -0.01390029393023431 -6.19949439539065e-05 -0.0001815621383171454
2920 0.2107848816371065 0.06866037833716075 -0.01312026401566648 -0.0001166430086131699 -0.0001005565937885877 0.0005152516010836315 0.2182152955166451 0.06854242705231296 0.0004340500222519837 -0.01388314442873134 -7.604798746998229e-05 -0.0001230842117464952
2930 0.2107257571398911 0.06871859661243501 -0.01311541858781949 -0.0001018728858643716 -0.0001157086646936978 0.0005399654637312329 0.2181578328020839 0.06860159502750889 0.0004607960282274235 -0.01387773716935086 -6.246658386045783e-05 -0.0001375741719862621
2940 0.2107607229376668 0.06876134680922161 -0.01313216608606453 -6.984444405969344e-05 -0.0001930817868304263 0.000706939229444381 0.2181937089871369 0.06864721117575646 0.0006300908040580066 -0.01389300084072002 -3.182451869850045e-05 -0.000214189903371937
2950 0.2108620989220729 0.06875858766634617 -0.01316038432797713 -4.693432856224258e-05 -0.0002709442718778656 0.0008851205514017421 0.2182943443328536 0.06864584184326056 0.0008088251485534299 -0.01392063172400272 -9.365697299397974e-06 -0.0002918437300864125
2960 0.2109245830160124 0.06873192786798639 -0.01316946259162359 -5.342626811824127e-05 -0.0002812973254989416 0.0009234377100475421 0.2183555470864335 0.0686173796324515 0.000846468599714137 -0.01393083338225065 -1.544990486268963e-05 -0.0003024474773746879
2970 0.2108998650626438 0.06869743332255976 -0.01315137439083982 -8.315979048257073e-05 -0.0002158832963136041 0.0007825064323703289 0.2183307848199754 0.06858073937268297 0.0007047375788877314 -0.01391394816939475 -4.454523461779531e-05 -0.0002373857414770808
2980 0.210832001083256 0.06866555083036659 -0.01312956541316425 -0.0001095236900607106 -0.0001323026766745697 0.0005754267684969741 0.2182636282852083 0.06854899261655935 0.0004977926615573553 -0.01389196334668422 -7.07137438770813e-05 -0.0001538812376233571
2990 0.2107661817996491 0.06865861665619157 -0.01311543405072921 -0.0001109304929337902 -0.0001034133693786211 0.0004815081232956781 0.2181975069833848 0.06854359807755786 0.0004055829765273966 -0.01387689745185521 -7.285918973579873e-05 -0.0001245369239831944
3000 0.2107391045541644 0.06869848349462949 -0.01312039499253945 -8.817220673622803e-05 -0.0001492695823325824 0.0005857803588090321 0.2181688127403701 0.068583857255648 0.0005121687822227716 -0.01388169431589671 -5.130078397300359e-05 -0.0001696912644216521
