"report"
"Iteration" "cd etc.."
("Iteration" "cd" "cl" "cmx" "cmy" "cmz" "cx" "cd-scale" "cl-scale" "cs-scale" "cmx-scale" "cmy-scale" "cmz-scale")
10 0.1679275475159241 0.07462261021752262 -0.01745334019182363 0.0001917083880401134 0.0002083522402793642 -0.0008087250617398859 0.1759676557842156 0.07412042252576778 -0.0008079369913839801 -0.01791112368140322 0.0001979318196823034 0.0002070639843414589
20 0.1899754070643993 0.0644023030796111 -0.01440434211526449 0.0003835382290751877 -0.0002787990727624774 0.0008911007460478575 0.1972496370489242 0.06333950629084459 0.0005535508225621848 -0.01525225125005426 0.0005033679567125758 -0.0003484668453673042
30 0.2006055658768729 0.06689151823244618 -0.01536349242800724 0.0004397309599734512 -0.0003670507945778492 0.002054495974600866 0.2075974652317115 0.06567498518781746 0.001726449700049964 -0.01645536958360539 0.0006104164885447959 -0.0004497898276007146
40 0.2050318685274062 0.07349168004166931 -0.01526890991679553 0.0003941400639996534 -0.0004640901270201153 0.00120403874870211 0.2119581298093733 0.07226431514325517 0.001148479545622646 -0.0165096649336056 0.0004585699328352168 -0.0004886997323154352
50 0.2039841233042766 0.07630042578220705 -0.0152327687973245 0.0002121741859916861 -0.0004668331131726623 0.001025442827639224 0.210812846659953 0.07540098932715768 0.00118038283201807 -0.01634424917994034 0.0001463604294912263 -0.0004366311670329663
60 0.2039611353964324 0.07384063936116882 -0.01483082125205111 0.0002695912962651285 -0.0004729951133200776 0.002126578587585512 0.2105069667408731 0.07280012852560803 0.002183980942313822 -0.01604220733304043 0.0002665950420410252 -0.0004692994321956449
70 0.2049241715880318 0.07305578952141982 -0.01454143135874012 0.0003705927622420349 -0.0005083635573314237 0.001789044806484832 0.211423984073503 0.07175897869138435 0.001784517195118225 -0.01591661755629073 0.0004037781305757726 -0.0005197822028589127
80 0.2054074765514865 0.07416209190873138 -0.0142587218699321 0.0003253484533276171 -0.000527682686560291 0.0007408539180170361 0.2119718542970221 0.07288120626496229 0.0008130459909067502 -0.01565061389005443 0.000303615617480074 -0.0005156362332092052
90 0.2060738768308725 0.0753180870546149 -0.01400083353722913 0.0003593530792899709 -0.0005785926640683282 0.001309013639306101 0.2127026365554307 0.07419809332573497 0.001475345233622097 -0.01534495194101585 0.0002880652893427802 -0.0005421995909687613
100 0.2062922660584478 0.07559023545081442 -0.01370722654011858 0.0003482553544551111 -0.0005928303159032564 0.001482022157175564 0.2129780421666105 0.0746456493352559 0.001644669343754148 -0.01497014413631009 0.0002810030171333655 -0.0005576346867504117
110 0.2062980001769003 0.07592812336420943 -0.0134861238850046 0.0003584860220172365 -0.0005976520930620374 0.001635371464006118 0.2129992766052597 0.07512372120548838 0.001760591927083353 -0.01465162586091356 0.0003134320589795856 -0.0005725711105765204
120 0.2065468965001559 0.07675281522480573 -0.01335788590501967 0.0003219724370521401 -0.0005805924521515892 0.001313744176821547 0.213268764657612 0.07606577021762087 0.001433135995778905 -0.01443790452245188 0.0002788177658379126 -0.0005559963997423043
130 0.2068062022110944 0.07666665659375187 -0.01312827134823353 0.0003007289167863663 -0.0005699868144138618 0.001086693503919247 0.2135316935437236 0.07605779549583738 0.001244914457565653 -0.01415388630338079 0.0002370617916084213 -0.0005352440319002451
140 0.2071681954446759 0.07653742722673038 -0.01287246157583369 0.0002818480171956465 -0.000538420332100946 0.000758342760704328 0.2138818476353359 0.07595961442182513 0.000979458154743549 -0.01387958156718685 0.0001904218568786928 -0.0004891553689996391
150 0.2074652241735956 0.07725208299775291 -0.01269267348057272 0.0002398687072668877 -0.0004609614759591253 0.0001177754005721844 0.2141531096614767 0.0766487274307983 0.0003907493258566568 -0.01371256827437836 0.0001273575721298736 -0.0004003683069848035
160 0.2076623726527863 0.07792304266732675 -0.01251930736725411 0.0001827265808479415 -0.0003885355021161389 -0.0004195651204933455 0.2143294392520621 0.0772757275816079 -0.0001267425298593994 -0.01356241037570788 6.159567153780737e-05 -0.0003236636176846765
170 0.2078059899494115 0.07784142215659595 -0.01230311002644644 0.0001626046859273371 -0.0003493314896152137 -0.0005869071546472264 0.2144659472730282 0.07717306872267732 -0.0002970599551326938 -0.01335872237288362 4.091253125583634e-05 -0.0002847653631309887
180 0.2077652272107925 0.07799229161874968 -0.01214937888234409 0.000154293025977425 -0.0003220301737411097 -0.0008516126902326088 0.2144265097937167 0.07732943280276797 -0.0005769953751854831 -0.01320294031707983 3.414577249891703e-05 -0.0002594381440858029
190 0.207621385310482 0.07862176579506176 -0.01209923740336096 0.0001240349222736654 -0.0003110372088249738 -0.001228897761502515 0.214285859542013 0.07797204413828206 -0.0009782337592268223 -0.01314286455339726 8.241855583253213e-06 -0.0002521773040073726
200 0.2074426575045846 0.07867401000838739 -0.01202735852493912 9.523959771991477e-05 -0.0003030387760115377 -0.001360188368996874 0.214114814709602 0.07804481991084458 -0.001141733053033442 -0.01305824620108613 -1.087283042581835e-05 -0.0002503027819643496
210 0.2072319128741084 0.07830886706086514 -0.01192877690966583 8.545173171746228e-05 -0.0002676907522755156 -0.001386243163307713 0.2139216460057093 0.07771851456836509 -0.001210760210435946 -0.01294633898347376 -6.653012057138622e-06 -0.0002231024036094559
220 0.2068876920277023 0.07856628452622744 -0.01189597627504083 7.037132937236182e-05 -0.0002409989306831071 -0.001621380855709554 0.2135855994065138 0.07801693455599862 -0.00147911842207472 -0.01290191373293678 -9.434059931535696e-06 -0.0002033527628039418
230 0.2065151338869965 0.07906668951454059 -0.0119083447258164 4.704037931042604e-05 -0.0002628050901676021 -0.001857935797422565 0.2132000315899556 0.07854394110427576 -0.001719078312131798 -0.01290603304439315 -3.052981777636073e-05 -0.0002262539274987273
240 0.2062570132419196 0.07878387860381295 -0.01188350278220009 6.437860551240762e-05 -0.0003228333050621331 -0.001844655964383555 0.2129214400663032 0.07827069220961251 -0.001672106294546515 -0.01287791904403671 -2.52463606097736e-05 -0.0002793992155314012
250 0.2060656284528116 0.07839102706567466 -0.01188435341830333 9.730526409064633e-05 -0.0003745333384183878 -0.002019504788427096 0.2127146308009517 0.0778680095168096 -0.001785622476015709 -0.01288230451307647 -1.687722124699184e-05 -0.0003178612883316063
260 0.2059038170810361 0.07862729231079878 -0.01198453452867322 9.071406232882782e-05 -0.0004120521678878178 -0.002513128840491273 0.2125431519064188 0.07807588370011183 -0.002205972959348707 -0.012992988679005 -5.58326898586304e-05 -0.0003390056391747949
270 0.2057613107485059 0.07865699316548762 -0.01209227460093759 7.773326325509484e-05 -0.0004408470031886084 -0.002898477694660045 0.2123960610478516 0.07806933156290674 -0.002515570735302917 -0.01311546405316224 -0.0001026816554584934 -0.0003509408933882507
280 0.2056909115019287 0.07806012613041005 -0.0121619639269433 0.0001041031726248599 -0.0004608074889622193 -0.003033811104293687 0.2123315045220351 0.07743988595512399 -0.002586122860219835 -0.01320077944083705 -0.0001054348461957592 -0.0003562438563753672
290 0.2055920987782683 0.07791028311938922 -0.012281784940016 0.0001247874384702414 -0.0004859229621099739 -0.003277638473273504 0.2122380235956099 0.07726331650167512 -0.002791557937944007 -0.01333701168062502 -0.0001049827568315192 -0.0003718363739111421
300 0.2055124759542054 0.07831442994740311 -0.01247793030178681 0.0001148186838218868 -0.0005470975470714033 -0.003516716502924074 0.2121528472360484 0.07763775944964138 -0.003014906987578444 -0.0135517441673562 -0.0001266454682714466 -0.0004281685180008016
310 0.2054895629099026 0.07808307733739163 -0.01262545892824955 0.0001343503349575855 -0.0006264661013105477 -0.003396991410965803 0.2121209685778082 0.07737473982426528 -0.002890858565274539 -0.01371992104077013 -0.0001132464371814918 -0.0005049925163240546
320 0.2055005948300622 0.07737323094847917 -0.01270250945135953 0.0001769762667479684 -0.00066841186180491 -0.003265957051314613 0.2121317628047441 0.07663630043725614 -0.002767280667010707 -0.01381831493180641 -7.269435946970917e-05 -0.0005464142981114276
330 0.2054201374146721 0.07730593440385962 -0.0127927970649536 0.0001872843690608417 -0.000682197160867615 -0.003478725698322656 0.2120577286076795 0.07654022709087359 -0.003002505295131764 -0.01392846576644638 -5.983704270204711e-05 -0.0005625989421398057
340 0.2052362448059637 0.07760691859430581 -0.01288931444075232 0.0001748919756631973 -0.0006945537733914779 -0.00371616568214934 0.2118773473611472 0.07681413646869185 -0.003273915634744903 -0.01404087745493524 -6.403500606990514e-05 -0.0005801872704747703
350 0.2050486959354848 0.07726848335596238 -0.01291100273615316 0.0002031486600620174 -0.0007146151972150794 -0.0035716268873878 0.2116928968311973 0.07645903187434376 -0.003172606193783848 -0.01407343546567801 -2.200326858007753e-05 -0.0006077911857439838
360 0.2049866147927236 0.07687948455756623 -0.0129253007943231 0.0002413348963503959 -0.0007430967127238029 -0.003407455569493645 0.2116405974492374 0.07606738817208114 -0.003063017979927399 -0.01409370510341239 3.424794180618622e-05 -0.0006460320612280747
370 0.2050458458513081 0.07716934188070325 -0.01301474506885685 0.0002364303604105985 -0.0007828350599609752 -0.003442817422796982 0.2117096842235108 0.07636013348067018 -0.003160859932541518 -0.01418546368821987 5.046802445214164e-05 -0.0006973039085044044
380 0.2050979221001837 0.07736784274075142 -0.01308044713343256 0.0002061779887740634 -0.0007691504886636054 -0.003422421518320702 0.211765196782933 0.07656316786396908 -0.003198241731295372 -0.01425084218057223 4.235638449612945e-05 -0.0006950577476242665
390 0.2051284815207481 0.07687572776452062 -0.01304315893187412 0.0002137781856736395 -0.0006956622018697743 -0.003209650316145816 0.2117988353773203 0.07608037853543614 -0.003031511248963792 -0.01421178701758526 7.046958470036007e-05 -0.0006313754273905608
400 0.2050132544949254 0.07675187633905092 -0.01299816900216106 0.000224953821897668 -0.0006210303903660588 -0.003205040774586745 0.2116904955352661 0.07596934927664149 -0.003065218818637194 -0.01416375039766908 9.874452528116237e-05 -0.0005650296644544789
410 0.2048371546721725 0.07738342735375661 -0.01304314840830217 0.000188535914714719 -0.0005898096831133236 -0.003367584316300262 0.2115178135408418 0.07661187956937431 -0.003259511190387551 -0.01420422457845626 7.616376295771024e-05 -0.0005408173757127661
420 0.2048174157227642 0.0775622404448665 -0.01310066240140283 0.0001703097891618503 -0.0006171319194867274 -0.003092009305707391 0.2114952009350073 0.0768001384559303 -0.003007887559144231 -0.01425647781474332 7.036669825799943e-05 -0.0005740634479740035
430 0.2050670726616762 0.07700254084097061 -0.01311658814235374 0.000190645392868382 -0.000642067207556906 -0.002570526755176037 0.2117438586631001 0.07625208938873988 -0.002505510115957309 -0.01426757144564251 0.0001020459222429493 -0.0006040986083061642
440 0.2052222521357011 0.07690803565807509 -0.01310991409800548 0.0001442616567067535 -0.0005606924155356363 -0.002604918176397364 0.2119006583088261 0.07616721106852395 -0.002557219170427305 -0.01425697770320875 6.495627045908882e-05 -0.0005272199147332243
450 0.2051997475695971 0.07731883681956503 -0.01310168054005053 4.913250051309197e-05 -0.0004203932458408707 -0.002926794260056591 0.211875182699355 0.07658281259520394 -0.002891291689069453 -0.01424504751059214 -2.289047295048071e-05 -0.0003904995433816105
460 0.2049810606238089 0.07719876327551971 -0.01301130680718129 5.589362722317289e-05 -0.0003434673565515706 -0.002764513056707834 0.2116502863272406 0.07646723165444969 -0.002731240911674078 -0.01415089153362133 -1.111190576338937e-05 -0.000315469833434288
470 0.2047663708701808 0.0769555447747291 -0.01292866524042322 0.0001285024126747016 -0.0003336656848046806 -0.002505004909563142 0.2114348609927369 0.07623290995600661 -0.002467594629231847 -0.01406454919584484 6.276719368071111e-05 -0.0003057838590757224
480 0.2046783289200857 0.07734756472983453 -0.01295684567537758 0.0001382361228142416 -0.0003754214222512634 -0.002520555731205578 0.2113483964299096 0.07663294404450055 -0.002480052629984161 -0.01408928161707235 7.09583045570594e-05 -0.0003470524039063377
490 0.205006980730045 0.07773662772784853 -0.01311656548217934 0.0001264014253529037 -0.0004997924311661486 -0.002273588268196356 0.2116734367830781 0.07702585596842663 -0.002234077556735772 -0.01424588782958894 5.928571734537425e-05 -0.0004718276221707638
500 0.2053519677081968 0.07726286769819238 -0.01314765855504029 0.0001065508395170905 -0.0005203662816874738 -0.001901975837033867 0.2120131444573504 0.07655451797334098 -0.001864939653587907 -0.01427487007240038 4.306584769214362e-05 -0.0004937784718365468
510 0.2054282198874809 0.07686770960888577 -0.01306175005519922 -9.371304264300618e-06 -0.0002985080321671198 -0.002316855794699649 0.2120893501686747 0.07616292590112145 -0.002278020071323609 -0.01418777656347579 -7.014178690121658e-05 -0.0002726038139614472
520 0.2052603212832495 0.07714890947374722 -0.01298338736962065 -0.0001484837181591496 -7.063100779787824e-05 -0.003106507327832607 0.2119215590558315 0.07644553173633048 -0.003056126657022758 -0.01410822525683371 -0.0002115482269168032 -4.320310576453681e-05
530 0.2049792566306457 0.07737891473067177 -0.01291343404875053 -0.0001684604357641584 -9.704504060728504e-06 -0.003344108271966757 0.2116362720019726 0.07667638631103629 -0.003272548274986848 -0.01403633089139132 -0.0002379648102434905 2.135404795496825e-05
540 0.2049009845535278 0.07700195499804213 -0.01285149586697266 -1.620576988765864e-05 -0.0001211154537186437 -0.002857385938008313 0.2115564550371077 0.0763047904027148 -0.002765118022894314 -0.01397203466940684 -9.321065336214367e-05 -8.601174257482422e-05
550 0.2047871514790278 0.07679674632965103 -0.01279196018622387 0.0001075978937583445 -0.0002198526230566153 -0.00267362645344783 0.2114459537966276 0.07610716748197789 -0.002573889550349602 -0.01391025913739304 2.500567062522778e-05 -0.0001825147900962794
560 0.2048032079980942 0.07717674461564598 -0.01285516339070775 0.0001290378420896181 -0.0003450263441670591 -0.002628050555169709 0.2114631057498738 0.07649146678808211 -0.002538845193505336 -0.01397133034571517 4.697978603383853e-05 -0.0003089827053984318
570 0.2050635320659102 0.07713664911038032 -0.01293969294865703 0.0001554146212312525 -0.0005150902962506214 -0.002056816041387564 0.2117198859704263 0.07645397808459752 -0.001988466524837104 -0.0140538314954862 8.177023919641994e-05 -0.0004834788474171397
580 0.2051955685060421 0.07658182691846362 -0.01288206850572023 0.0001595920583326286 -0.0005358075710194981 -0.001650140573476686 0.2118521097964255 0.07590457377579754 -0.001598730838663676 -0.01399455067906431 9.633124895094101e-05 -0.0005087101770414189
590 0.205143849314761 0.07656930157883364 -0.01280954798274431 7.52774662818858e-05 -0.0003866228219678349 -0.002039114028301492 0.2118039469425095 0.07589717182074418 -0.001989189481485467 -0.01392083800390574 1.614859723391769e-05 -0.0003609496755853446
600 0.2049376333981766 0.07695331411025048 -0.01276256243465947 2.495307675403435e-06 -0.0002753392713364763 -0.00249105606680568 0.2115973992074865 0.07628297344843472 -0.002423207780448177 -0.01387259152407722 -6.091160206376278e-05 -0.0002469813600800468
610 0.204691125031904 0.07680424767262986 -0.01269147169912137 6.624008961543357e-05 -0.0003065503639273851 -0.002275127369320099 0.2113481817682341 0.07613603216799983 -0.002176789788641888 -0.01380020665653002 -6.757705767093279e-06 -0.0002726693321907391
620 0.2045531180557441 0.07642753381194214 -0.01263332833507992 0.0001608910288839021 -0.0003819845661301387 -0.002035623091732241 0.211212924870049 0.07576462252911279 -0.001908775918141193 -0.01374107882018461 7.601182359649634e-05 -0.0003419802962310947
630 0.204580821143953 0.07664336408149494 -0.01268668702146387 0.0001752473001809235 -0.0004727767902938378 -0.002106482708034514 0.2112443534973739 0.07598300135524055 -0.001963861244320117 -0.01379416364301578 7.980641079944084e-05 -0.0004282736839212982
640 0.2048266243714477 0.07701010380886372 -0.01281953916290297 0.0001339564314792824 -0.0005455033039309913 -0.002106600763246689 0.2114881616983457 0.07634652673422115 -0.001962161562016303 -0.01392763580445005 3.410709029544723e-05 -0.000499486933172827
650 0.20498600753973 0.07665621240675505 -0.01282562983299425 6.351748927631052e-05 -0.0004385775877957535 -0.00214896398279343 0.2116445975614349 0.07598788015542912 -0.002012201061647725 -0.01393561743954363 -3.35682751188433e-05 -0.0003937526110428387
660 0.2049371527933675 0.07635977716543928 -0.01275227708670996 -2.729145181604442e-05 -0.0002181491646427339 -0.002619585603105537 0.2115983720838055 0.07568741854813658 -0.002494891872830982 -0.01386516032889912 -0.0001192187514255713 -0.0001756054010382717
670 0.2046825719414768 0.07677953963083942 -0.01271108542481149 -7.689932405672541e-05 -0.0001112100837051516 -0.003110825079313481 0.2113459662893983 0.07610079494382987 -0.002999785543913455 -0.0138269637305862 -0.0001640962189490832 -7.12005484116948e-05
680 0.2044405176817021 0.0771827398098697 -0.01272310659356475 -1.405992372509902e-05 -0.0001768238443584899 -0.002980599275458342 0.2111015559263519 0.0764969044900443 -0.002884176337584503 -0.01384137687010687 -9.529846701469483e-05 -0.0001398888971867152
690 0.2042803629083133 0.07689753116276571 -0.01268708913717153 8.894116491057711e-05 -0.0002553594923225554 -0.002565186438457424 0.2109413816917434 0.07620985505997331 -0.0024877345522927 -0.01380702195765949 1.607527040442769e-05 -0.0002225705089245326
700 0.20435135171063 0.07682882639413517 -0.01273321569302589 0.0001512694784656358 -0.0003711683468240809 -0.002260349869715428 0.2110169410867057 0.07614258095308528 -0.002208946049868196 -0.01385422750015212 8.812379805411105e-05 -0.000343729459940534
710 0.2046514459941481 0.07722570163408624 -0.01287618431920892 0.0001468423976706036 -0.0005078214744235271 -0.002048662683892458 0.2113186433490284 0.07653890732808363 -0.00202555996835347 -0.01399760508434126 9.44997341883162e-05 -0.0004864169324560867
720 0.2047506356716596 0.07709687330367802 -0.01287848284150012 7.389799574236752e-05 -0.0004476666679417254 -0.002005700880362571 0.2114150787127609 0.07640878837361562 -0.002001263961908472 -0.01399979367978825 3.205131698972868e-05 -0.0004312177399090369
730 0.2047067619599289 0.07656966418950639 -0.0127717029717646 -5.595807569147508e-07 -0.0002419072292248362 -0.002209299950134816 0.2113728372215114 0.07588516557746149 -0.002205465442711724 -0.01389235828640049 -3.761252556404176e-05 -0.0002269218650602921
740 0.2044900245498138 0.07663268290316178 -0.01268540695015243 -1.676366605494776e-05 -0.0001394729419797407 -0.002521846558222466 0.2111609982525612 0.07595340618751947 -0.00250172505886801 -0.01380469076225826 -5.84934671778936e-05 -0.0001217150410435015
750 0.2042820989466083 0.07716233105624316 -0.012695130079463 2.794453870404891e-05 -0.0002049494285338478 -0.002593540437093956 0.2109537017339492 0.07648627482497071 -0.002548498530883116 -0.01381235389613151 -2.43252228364045e-05 -0.0001819559790318639
760 0.2041297417398606 0.0770648431100598 -0.01267381196380815 9.836552667101782e-05 -0.000295095328792173 -0.002298131199212863 0.2107991936015812 0.07639192786834315 -0.002230273563708162 -0.01378899854304276 3.616382570102081e-05 -0.0002670597058414588
770 0.2042740167097295 0.07674502736424929 -0.01269787674855325 0.0001649221204271948 -0.0004037486069648639 -0.001919020012940841 0.2109452787005048 0.07607653836144845 -0.001839921691852258 -0.01381186452856711 9.637928404623317e-05 -0.0003726606708618271
780 0.2046230407239968 0.07698195722400117 -0.01281511285630962 0.0001635132720628397 -0.0005056921715378602 -0.00184662764038847 0.2112960109839253 0.07631320637553517 -0.001769635528056268 -0.01392910655266224 9.301264462770803e-05 -0.0004741527866671951
790 0.2047582575534439 0.07720878197380909 -0.01285332811063776 4.754023259973833e-05 -0.0004125842437856471 -0.002193786858252127 0.2114274041439606 0.07653424991007914 -0.002124147879615409 -0.01396820842088151 -2.026327163571245e-05 -0.0003824447110318247
800 0.2046937852422386 0.07678913544343678 -0.01275997794243242 -3.672766923497711e-05 -0.0002142831013885213 -0.002425363595424999 0.2113595469775702 0.07610982898195041 -0.002358277793547567 -0.01387616178748465 -0.0001004120239586499 -0.0001853723945976985
810 0.204474796974124 0.07659090523326421 -0.01264972984532413 -2.050678536799531e-05 -0.0001223425900843795 -0.002553398348826734 0.2111431370870599 0.07591131089177677 -0.002483276604179198 -0.0137668092753267 -8.348112534644132e-05 -9.321410426476795e-05
820 0.2042930156163182 0.07715055116572 -0.01266776326913284 3.711355373735172e-05 -0.0001903308613238202 -0.002663363155385848 0.2109634931531381 0.0764708275626374 -0.002589757453848995 -0.01378486189616884 -2.84161708710907e-05 -0.0001602278219853074
830 0.2041401198814296 0.07743352433456803 -0.01268668069736249 7.267119289401331e-05 -0.0002826582291675021 -0.002542192412670357 0.210807950405494 0.07675265438736364 -0.002468538170836406 -0.01380326638596569 5.96102874410101e-06 -0.0002523289574369055
840 0.204342171416152 0.07702611639689276 -0.01272791065467407 0.0001427610667550604 -0.000410780129209815 -0.001972348392888894 0.2110090333778043 0.07634603929166842 -0.001904350212091186 -0.01384429586428307 7.828977261996345e-05 -0.0003816137643778945
850 0.2046801711942623 0.0768921520769639 -0.01279803785426948 0.0001671552291915363 -0.0005048725553384932 -0.001718553280277372 0.2113493345429095 0.07621219330677538 -0.00166088834247401 -0.01391491993997241 0.0001062912106390063 -0.0004777648739125464
860 0.2047977992332357 0.07720699304649398 -0.01282828578299357 4.202321921035277e-05 -0.0003935981827093038 -0.002229074899775176 0.2114661718732741 0.07652300674413448 -0.002178657385748239 -0.01394592434182777 -1.571532393228197e-05 -0.0003682467884668601
870 0.2046732568826998 0.07708213201543665 -0.01275608243074158 -6.22844709675507e-05 -0.0002072413064146845 -0.002586531601236063 0.2113373597750524 0.07639342558863929 -0.002530487322406267 -0.01387437192974698 -0.0001191359098146836 -0.0001816969628308397
880 0.2044652836977998 0.07668294263114039 -0.01263859095274889 -2.150954206441446e-05 -0.0001391355892612343 -0.002519969608637987 0.2111303650555302 0.0759952846424958 -0.002446037745927721 -0.01375690073664717 -8.269777561796302e-05 -0.0001106010757854515
890 0.2043002323501335 0.07694049317285344 -0.01262663945085176 6.989291791584453e-05 -0.0002169575311702678 -0.002530281628059873 0.2109694548715305 0.07625633869661981 -0.002437416123282731 -0.01374425478537594 -3.833947056834769e-07 -0.0001840815668209742
900 0.2041851275022368 0.07743379806687359 -0.01266978079446697 8.794869864414676e-05 -0.000314591791427626 -0.002624203706850328 0.2108540646721288 0.07675042521538239 -0.002520683817785404 -0.01378640082912177 9.849423046471821e-06 -0.0002785707989789204
910 0.2043967576070111 0.07722689799377781 -0.01274066839012792 0.000138089225671914 -0.0004562118649868817 -0.002104415521015829 0.2110623651501495 0.07654259614494309 -0.002001069715857792 -0.01385700955590392 5.849274977988806e-05 -0.0004196996131046939
920 0.2047443479048142 0.07680639721992837 -0.01278141797058283 0.0001723693210469979 -0.0005320179630814255 -0.001720770482173967 0.2114106700270593 0.07612158495121601 -0.001625973115348881 -0.01389855592689595 9.581402727918877e-05 -0.0004970046891009266
930 0.2048490064660915 0.07696824852745118 -0.01278385959905508 6.205536437224967e-05 -0.0004029532587725406 -0.002253726399746957 0.2115164866124409 0.07628001434403012 -0.002168124974499647 -0.01390233793286359 -1.113376419647969e-05 -0.0003697608764492078
940 0.204712163784401 0.07719240184125074 -0.0127433291276619 -6.051202778488133e-05 -0.0002260734288197404 -0.002813475084510366 0.2113762972684899 0.07649832607446665 -0.002727680190412893 -0.0138628992314646 -0.0001320519809828958 -0.0001933925943629176
950 0.2044780604891352 0.076881018556549 -0.01264360473869477 -1.754343651572156e-05 -0.0001819803113647918 -0.002653120171672545 0.2111402059514496 0.07618542886684593 -0.002555853823522711 -0.01376353440729378 -9.060859673094894e-05 -0.0001477146627362742
960 0.204318471575683 0.07681645190608448 -0.0126055394315754 9.339650630754825e-05 -0.0002496467385364922 -0.002488515919195682 0.2109844425115781 0.07612487882433487 -0.002378257280634287 -0.01372499366370039 1.496007653809761e-05 -0.0002125964946638212
970 0.2042311181313907 0.07728040510327233 -0.0126493143735295 0.0001144985330340217 -0.0003434423101888879 -0.002624651202417959 0.2108995283782857 0.07659130095218487 -0.002509746906770013 -0.0137679013218843 3.063881741419684e-05 -0.0003045352190482546
980 0.2044695856450461 0.07743034422116429 -0.01276729609877603 0.0001310321274606951 -0.0004881134573813737 -0.002273462588351387 0.2111346756053575 0.07673970081223201 -0.002163549124395415 -0.01388557878009392 4.71260288196715e-05 -0.0004497200465404386
990 0.204797771309826 0.07691106866900474 -0.01279772653013185 0.0001524575252956157 -0.0005399308851544586 -0.001817906403627258 0.2114610944838745 0.07621891781252178 -0.001718278431104298 -0.01391671321527429 7.337854588706059e-05 -0.0005037496520036196
1000 0.204874082563743 0.07675192615188213 -0.01275709650235737 5.933449447373144e-05 -0.0003786826105632117 -0.002255902379364212 0.2115395445439291 0.07605813236848398 -0.002164222723485181 -0.01387740037011195 -1.580423283402559e-05 -0.0003443158906387892
1010 0.2047340091233152 0.07710287495843587 -0.01272181371507941 -6.121038734190805e-05 -0.0002061118074774493 -0.002941076459216479 0.2113990050291737 0.07640491305513809 -0.002847923128306695 -0.0138431243760399 -0.0001362242184741367 -0.0001717246664167191
1020 0.2044687407182601 0.07711765949137629 -0.01265920805979045 -3.041046347651871e-05 -0.0001919182891217055 -0.002849587160910025 0.2111304017702617 0.07641689327680613 -0.00274431755140861 -0.01378076536348705 -0.0001083172949019483 -0.0001555720635137362
1030 0.2043203004218623 0.07685164455891406 -0.01261164968634462 9.286928418327992e-05 -0.0002638727362257357 -0.002510685796687704 0.2109837921684458 0.07615441283704323 -0.002391741924948258 -0.01373261042926458 9.877813159352874e-06 -0.0002247028563834167
1040 0.2042421632209404 0.07703620098513382 -0.01262686947921435 0.0001395217993050427 -0.0003553799937494538 -0.002535628908268893 0.2109096374798229 0.07634309097102548 -0.002412193676558476 -0.01374704982344593 5.149909611761174e-05 -0.0003143996506348599
1050 0.2045241507888903 0.07743636978476688 -0.01277679054706074 0.0001384634461704146 -0.0005030736797707354 -0.002365597525330083 0.2111904718680761 0.07674242311023978 -0.002249652024484499 -0.01389666862428983 5.036578078744272e-05 -0.0004628687227970803
1060 0.2047971788446631 0.07711132288406808 -0.01281878426218207 0.0001340582172851048 -0.0005484493231367973 -0.001967038268592408 0.2114595417552335 0.07641434002462895 -0.001864300988452459 -0.01393928249201802 5.19785702068744e-05 -0.0005111226923030632
1070 0.2048640672422935 0.07667740681846304 -0.01274848440269409 5.445837953593654e-05 -0.0003690178951792435 -0.002236313408030543 0.2115276111379486 0.07597954577344783 -0.002143266602657176 -0.0138701165491183 -2.160375671881339e-05 -0.0003341804704371618
1080 0.2047152135371148 0.07687897338928459 -0.01268890961360062 -4.104774028588541e-05 -0.0001974586494148488 -0.00287493548756485 0.2113808175887845 0.07617945796985626 -0.002781823413108161 -0.01381143869399647 -0.0001162426811887227 -0.0001628975921489968
1090 0.2044630030761269 0.07723603171249058 -0.01266370420698759 -2.926164953154881e-05 -0.0001974396997743504 -0.002961321957310324 0.2111264831592258 0.07653422435320772 -0.00285830859635228 -0.01378622745608988 -0.0001076024271075298 -0.0001611263894707655
1100 0.2043033858823806 0.07701672757063417 -0.01262714211068322 8.45309054549347e-05 -0.0002792362824268004 -0.002550677212574494 0.2109659013251361 0.07631710652356385 -0.002435354732744964 -0.01374885702167766 1.936110679608971e-06 -0.0002405001309933135
1110 0.2042440273534837 0.07686775866982788 -0.01261476349010274 0.0001524913333567969 -0.000363499526505613 -0.002391445466174842 0.2109102103226473 0.07617326304787657 -0.002271493635501685 -0.01373552590492259 6.601840119295972e-05 -0.0003231986520459114
1120 0.2045498419607105 0.07724952903330472 -0.01276118946608646 0.0001576175292393384 -0.0005079383618955542 -0.00228851816689165 0.2112173189681228 0.07655586672271068 -0.002175344113287335 -0.01388158422005306 7.056558383151179e-05 -0.0004682061936625383
1130 0.2047948431521573 0.07726990441581003 -0.01283203453681013 0.0001163968324362965 -0.0005426404977097144 -0.002112374699982 0.2114582294967648 0.07657252186381756 -0.002011522749039506 -0.01395285568042026 3.424587922249649e-05 -0.000505481564192349
1140 0.2048491004943167 0.07675403822782612 -0.01275795189864737 3.571100896754716e-05 -0.0003579640869835613 -0.002273545222879679 0.2115112601652805 0.07605502061161901 -0.002180566262091359 -0.01387967044207157 -4.039295100785294e-05 -0.0003231258537675192
1150 0.2046901854992315 0.07665701686801174 -0.01266342511975322 -2.699715205112901e-05 -0.0001855876839801611 -0.00275142798381993 0.2113554258617068 0.07595808815681115 -0.002656801967494839 -0.01378590216882436 -0.0001021491170237298 -0.0001508211874184372
1160 0.2044632851102812 0.07716206218026136 -0.01265393222610879 -1.550255346050931e-05 -0.0001937613058365496 -0.002965896172407857 0.2111289786375993 0.07646220008119359 -0.002862147015563535 -0.01377639380059433 -9.45599000243375e-05 -0.0001571111734465934
1170 0.2042827082454122 0.07723358142530806 -0.01264755575160259 7.01275015487925e-05 -0.0002832073527961686 -0.002661238586244158 0.2109459519331275 0.0765339604408902 -0.002547261352952814 -0.0137693021387253 -1.312854615941123e-05 -0.0002444151522762482
1180 0.2042544190536438 0.07688355748667906 -0.0126282004068929 0.0001477009572766667 -0.0003694056833962272 -0.002314555753331676 0.2109191357713154 0.07618803039276556 -0.002197279207440588 -0.01374913704044945 6.211367318709273e-05 -0.0003295633829156884
1190 0.2045673164266653 0.07701750989017291 -0.01274522881981044 0.0001773672115775708 -0.0005093705423311726 -0.00212367994536211 0.2112347732273481 0.07632368799856258 -0.002013696916727253 -0.01386606780643816 9.20748041131454e-05 -0.0004703415808253747
1200 0.2048097776154224 0.07729539421985814 -0.01283419169172451 0.0001098859394619909 -0.000530004547335962 -0.002194230164143534 0.211474826788301 0.07659794632295717 -0.002096937402722601 -0.0139555958311952 2.885580937597679e-05 -0.0004934743989914811
1210 0.2048203114325653 0.07695174987787906 -0.01277558561689397 1.213513963511105e-05 -0.0003484829677371425 -0.002382071050744664 0.2114818217634206 0.07625073127238938 -0.002291801754599179 -0.01389782861296582 -6.310618551963521e-05 -0.000314202127289082
1220 0.2046575955829632 0.07657846307238522 -0.01265528204961355 -2.503800461243203e-05 -0.0001775828788417316 -0.002659563614658063 0.2113212818081087 0.07587839382857132 -0.002565627794517879 -0.01377805072921217 -9.898273252439842e-05 -0.0001432263103524311
1230 0.2044412559992423 0.07696691779208953 -0.01263172027832132 1.047402721301907e-05 -0.0001927789054425409 -0.002854190379438973 0.2111079875199504 0.07626809156683373 -0.002750162167886726 -0.01375434346258534 -6.798484460744975e-05 -0.0001562491232047848
1240 0.2042674966069774 0.0773736416601246 -0.01265919077510952 6.591669852744256e-05 -0.0002860366352652399 -0.002765205269811357 0.2109326315462576 0.07667511047083302 -0.002651905514323302 -0.01378096299607082 -1.769763597430322e-05 -0.000247252226980935
1250 0.2042532800098087 0.07705127933392462 -0.01265422049566345 0.0001359017927745953 -0.0003833444049006872 -0.002323489375778531 0.2109172363007568 0.0763550665875127 -0.002207739631624288 -0.0137751334687606 5.048249965233821e-05 -0.0003437456466170688
1260 0.2045798460366312 0.07686011693552547 -0.01273824911380176 0.0001895527565567454 -0.0005155869404565149 -0.001959878526233257 0.2112462488426688 0.0761662672286004 -0.001851436829818389 -0.01385911619400339 0.0001054399950332048 -0.0004769958108102191
1270 0.2048254716057892 0.07714780436644936 -0.01281784955713158 0.0001195656269465825 -0.0005197897247973253 -0.002164021915228632 0.21149199624792 0.07645139371057877 -0.002068076389847091 -0.01393940369866419 3.921905158203179e-05 -0.0004835286458701239
1280 0.2048030448295611 0.07714318921287598 -0.01278862216720428 -7.410673141334346e-06 -0.0003390131970986831 -0.002538314767079115 0.2114653601280302 0.07644185547078683 -0.002448805959432271 -0.01391102960149482 -8.293932303516042e-05 -0.0003047612864644388
1290 0.2046315986556409 0.07666823748367091 -0.0126644117343369 -3.203944514870163e-05 -0.0001799811836412256 -0.002651648135003323 0.2112936656094869 0.07596679083859233 -0.002556555753065418 -0.01378719286577358 -0.0001062308574799482 -0.00014547505252093
1300 0.2044149000544594 0.07677092551830345 -0.01261135549115692 3.637275447162531e-05 -0.0001977404701257295 -0.002704634941992188 0.2110810407507043 0.07607265265321621 -0.002597996932990912 -0.01373384556534432 -4.227758595274959e-05 -0.0001608767822994132
1310 0.2042664183414002 0.07733643911552594 -0.01265374971656499 7.678217715121156e-05 -0.0002876672464447915 -0.002797807427589295 0.2109335019904265 0.07663975997293587 -0.002682866753949817 -0.01377531455995679 -7.74062425369121e-06 -0.0002484681565946862
1320 0.2042595184882659 0.07728403515065178 -0.01268548928861118 0.0001209572415730906 -0.0003977164125710286 -0.002421335164029944 0.2109237557277652 0.07658797009262924 -0.002306032518548517 -0.01380620161719606 3.482325433789913e-05 -0.0003580234228023813
1330 0.2046126485656465 0.0768587960413164 -0.01275349222436695 0.0001856970320711764 -0.0005245240747361311 -0.001876612465462891 0.2112775059935167 0.07616441424443607 -0.00176952173845077 -0.01387418636471318 0.0001022682887098822 -0.0004862560326564166
1340 0.2048386430751843 0.07691154873581398 -0.01279352663886954 0.0001297471797590025 -0.0005031710532094477 -0.002071804094271487 0.2115052785861347 0.07621588931998294 -0.001977001983854168 -0.0139150862213203 5.043885478087025e-05 -0.0004672501678644142
1350 0.2048156947718576 0.07719517383744885 -0.01278802338824181 -1.927607079038542e-05 -0.0003183600926927692 -0.002676947177107329 0.2114798168318693 0.07649459838950366 -0.002588331535762604 -0.01391050470632491 -9.488199262417819e-05 -0.0002841670523333942
1360 0.2046021548397101 0.07688351271345605 -0.01268169458251012 -4.698666216516392e-05 -0.0001836871882722761 -0.00274371806586882 0.2112633966777123 0.07618072412216972 -0.00264850069202927 -0.01380454080248019 -0.0001216193335757241 -0.0001491050329322964
1370 0.2044022537757513 0.07669989794793178 -0.01260936636420444 4.9627396205261e-05 -0.0002066517119452663 -0.002589973021750103 0.2110667924021585 0.07600091178921106 -0.002481428135637427 -0.01373176656679651 -2.911277888158324e-05 -0.0001695830550357694
1380 0.204258417992598 0.07714419130889572 -0.01263358540680628 0.0001004935542726134 -0.0002923325503671764 -0.002713638042475306 0.2109263635590678 0.0764487942249176 -0.002596486212947418 -0.01375503207219684 1.547768927463253e-05 -0.0002527699746406601
1390 0.2042917905700126 0.07744351512775161 -0.01271144038846361 0.0001141660199700323 -0.0004113824264479568 -0.002527210412338373 0.2109575913009756 0.07674821887534911 -0.002411316227292877 -0.01383204227311182 2.704041762036582e-05 -0.0003714161673813833
1400 0.2046452174948007 0.07702160621161522 -0.01278441319591426 0.0001710748992276598 -0.0005391475813069733 -0.001890264609006101 0.2113088377101 0.07632618590276226 -0.001783737884821202 -0.01390503850650128 8.761137907527764e-05 -0.0005009914162784375
1410 0.2048484230881697 0.07674051301320262 -0.01277822766048876 0.0001293520046784354 -0.0004846809915511575 -0.001984658096438288 0.2115139144548082 0.07604457287141179 -0.001890022037962094 -0.01389980434404598 5.092131782556592e-05 -0.0004489960690884608
1420 0.2048245167679523 0.07705992006478551 -0.01276621992654723 -1.619450519061705e-05 -0.0002944866054575208 -0.002707792632670898 0.2114901397291161 0.07636035889081166 -0.00261909327966949 -0.01388884706442801 -9.166472792657664e-05 -0.0002602838491517128
1430 0.2045760152360452 0.07710688835156029 -0.01269369087992868 -6.062373685232709e-05 -0.0001832566019391425 -0.002895515851731196 0.2112380322027055 0.07640361539612517 -0.002800380616039197 -0.01381669578127373 -0.0001360540801183726 -0.0001484943964844182
1440 0.2043844221540713 0.0768064256423049 -0.01262273887103969 4.962024365366933e-05 -0.0002214854821914123 -0.002565497875526672 0.2110471883584741 0.07610596376213906 -0.002456445239470162 -0.01374517153215001 -2.94776842512152e-05 -0.000184285786437205
1450 0.2042395798497263 0.07693256485302297 -0.01261119315215188 0.0001233988643623065 -0.0002997138591159931 -0.002575882600535312 0.2109068318532925 0.07623730173479798 -0.002457471631557799 -0.01373258526847121 3.833957168096299e-05 -0.0002599728704732603
1460 0.2043370254586925 0.07740043200768656 -0.01271673762584194 0.0001240265470726924 -0.0004222395670651094 -0.002550917121925877 0.2110045571878281 0.07670642833289641 -0.002434528331134367 -0.01383725943136038 3.624972312008723e-05 -0.0003820316646258559
1470 0.2046649723886115 0.07723973675936438 -0.01281369359161211 0.0001524887398791975 -0.0005496482674800643 -0.002003464155124124 0.2113285882238515 0.07654375731998182 -0.001897675065542639 -0.01393422206706676 6.85625880325837e-05 -0.0005114975199437853
1480 0.204856745668805 0.07672192829865583 -0.0127803370751355 0.0001142001458966862 -0.0004676430623213032 -0.001973699054398293 0.2115205157249897 0.07602537749988963 -0.001879625442317617 -0.01390171824201922 3.647031165868917e-05 -0.000432214290975806
1490 0.2048145940559445 0.07681758602758945 -0.01273281374146532 -7.422769422967714e-06 -0.0002683035054344432 -0.002650714258330989 0.2114805716316323 0.07611923682340203 -0.002561646458718784 -0.01385526641984098 -8.226524437202077e-05 -0.0002341801427042383
1500 0.2045767907164855 0.07717451148984984 -0.01269100646681375 -6.489599737143546e-05 -0.0001731982546350054 -0.003015752083257698 0.2112407527737746 0.07647277239907146 -0.002920740333695926 -0.01381384841026368 -0.0001408278356025303 -0.000138288923968145
1510 0.2043709582707195 0.07702564163890796 -0.01264335146260107 3.82832717967187e-05 -0.0002320729270332624 -0.00264095060028444 0.2110330229777297 0.07632444637837599 -0.002532710714494439 -0.01376566087063866 -4.122875646282392e-05 -0.0001948607976220152
1520 0.2042340869145393 0.0768307791600461 -0.01260283265631434 0.0001301203418858022 -0.0003036232919557235 -0.002472327724059109 0.2108995612529714 0.07613506074720343 -0.002354537152872265 -0.01372410064051899 4.564473316753745e-05 -0.000264062389984641
1530 0.204364924373297 0.0771835551058503 -0.01269979354594564 0.0001451434027213839 -0.0004278435112265009 -0.002456482307970733 0.2110330177310224 0.07649038628609933 -0.002340665609216157 -0.01382032642942807 5.781176214032006e-05 -0.0003877542618535341
1540 0.2046876253304801 0.07737671968214802 -0.01282898513863545 0.0001402096218350419 -0.000552245567845176 -0.002129959574594274 0.2113523038977052 0.07668097122898715 -0.002025460715895928 -0.01394954793278952 5.610324712351925e-05 -0.000514191923708673
1550 0.2048481737476557 0.07686065902578738 -0.0127936778286008 9.126713192374486e-05 -0.0004590577155635526 -0.00204218293010927 0.2115104934710478 0.07616285902741941 -0.001949159047697255 -0.01391497662298638 1.388418458509191e-05 -0.0004238712067177308
1560 0.2047903937745133 0.07663301704062805 -0.01270738775174906 -2.189354536820445e-06 -0.0002512573275690126 -0.002556144195971919 0.2114552533144796 0.0759349652511 -0.002466782340864832 -0.01382962895116417 -7.622576179063632e-05 -0.0002172988242199298
1570 0.2045709851753573 0.07704655028794492 -0.01266888648208355 -4.97577473529588e-05 -0.0001675151280102041 -0.002998423323345885 0.2112367757238469 0.07634680268378757 -0.002902798432242844 -0.01379149522685337 -0.0001258153543395144 -0.0001324713278339529
1580 0.204354168364291 0.07723926859973594 -0.01265783439289319 2.91625390160883e-05 -0.0002407963793631715 -0.002753030755930025 0.2110172138297133 0.0765386630795835 -0.002645305826273291 -0.01377995110612567 -5.10346241531686e-05 -0.0002034721325820134
1590 0.2042259997467336 0.07690341968255973 -0.01261146378916571 0.000125055783832785 -0.0003143795570258795 -0.002427899629038094 0.2108899854810436 0.07620690665383775 -0.002311089700053241 -0.01373257780169901 4.086258849203695e-05 -0.0002749933280328818
1600 0.2043755442887766 0.07695756144734711 -0.01268004637955282 0.0001664694428831374 -0.0004362591641128189 -0.002285179684776804 0.2110429845110574 0.0762646474381731 -0.002169915730822675 -0.0138005892818971 8.003202843851388e-05 -0.0003964104122762303
1610 0.2047141866917093 0.07733983448521492 -0.01282399048565085 0.000144373783353093 -0.0005527602851566691 -0.002158339468724905 0.2113804251387464 0.07664481342723922 -0.002054331613388203 -0.01394469310768846 6.036455984102097e-05 -0.0005147589099980253
1620 0.2048281533990963 0.07707501790599476 -0.01280947171123532 6.863583353339897e-05 -0.0004546828574293634 -0.002167414632720814 0.2114901482676915 0.07637614905414357 -0.002074499606497432 -0.01393090230618983 -9.038140251463503e-06 -0.0004194852295718541
1630 0.2047684503074266 0.07660414848460555 -0.01270210169987231 -7.385283648324552e-06 -0.0002427579225028587 -0.002505573193756412 0.2114315849770349 0.07590513577110425 -0.002414846414576709 -0.01382431025008825 -8.122592348844629e-05 -0.0002087329709264292
1640 0.2045473265725679 0.07682179576855561 -0.01263886604057332 -2.564091325986731e-05 -0.0001647967342790423 -0.002879737025965326 0.2112135553896552 0.07612327063230878 -0.002781859627881035 -0.01376136344651983 -0.0001018180820418776 -0.0001294615425839541
1650 0.2043508761494683 0.07732260064767536 -0.01266121613060081 3.017312442459989e-05 -0.0002427408766555474 -0.002843815297946795 0.2110160223829797 0.07662348656739881 -0.002735012549247626 -0.01378318870390499 -5.105520449304735e-05 -0.0002050284468007956
1660 0.2042117423936559 0.07710368921395715 -0.01263237629547884 0.0001112302699468354 -0.0003261680828565903 -0.00247964926894835 0.210875182353806 0.0764066164030054 -0.002363267596472556 -0.01375339095555104 2.653101951414537e-05 -0.0002867159673635667
1670 0.204395310840305 0.07684663817223755 -0.01267912956405226 0.0001740943236127081 -0.0004441754290870206 -0.002146248342724373 0.2110614010300389 0.07615331225101879 -0.002031986724877629 -0.01379964001426321 8.84817582965807e-05 -0.0004046093581634472
1680 0.204737907991431 0.07714153616921475 -0.01280517374331273 0.0001594171427015473 -0.0005495869933760756 -0.002084520393952124 0.2114051014925935 0.07644732638353612 -0.00198152798258244 -0.01392602433690012 7.613310140177956e-05 -0.0005118229368136164
1690 0.2048266297335236 0.07722916267152137 -0.01282020268993244 4.984178226878381e-05 -0.000442718598131606 -0.002326040969916392 0.211489827392624 0.07653004024515354 -0.002233864862064645 -0.01394185093327681 -2.803024981893366e-05 -0.0004075629994050557
1700 0.2047465884265244 0.07673249449019894 -0.01271428652255861 -2.348549537760535e-05 -0.0002375498496524212 -0.002551605547461064 0.2114082486871721 0.0760318124716375 -0.002460114659403931 -0.01383663064986678 -9.744759076591467e-05 -0.0002034651609476531
1710 0.2045235997862535 0.0766436024517225 -0.0126199230456769 -8.184513751236038e-06 -0.0001630697392321124 -0.002751705031098704 0.2111888926131754 0.07594488476622326 -0.002651496043365064 -0.01374245193590224 -8.428948424871129e-05 -0.0001275152040558214
1720 0.2043521704512054 0.07722307277399704 -0.01265017872109402 4.699709076411757e-05 -0.0002436670389405949 -0.002836718716417131 0.2110190752908211 0.07652547559762192 -0.002726222971305898 -0.01377213700803815 -3.485564402216205e-05 -0.0002056104570226714
1730 0.2042015031157287 0.07732904369234933 -0.01265581713339293 9.753499330219774e-05 -0.0003355517032574891 -0.002596492630784748 0.2108658328839415 0.07663197853968294 -0.002480516821261048 -0.01377684625777641 1.211358012505814e-05 -0.00029599757846937
1740 0.2044192711486925 0.07690735139692483 -0.01269953756664306 0.0001689131334802152 -0.0004580058429572324 -0.002081764008463221 0.2110838802396915 0.07621291254241784 -0.001969215578511885 -0.01382011675951583 8.392812271736851e-05 -0.0004187977722510571
1750 0.2047498170391397 0.07691136663067939 -0.0127844829325279 0.0001751212784066694 -0.0005473992041901715 -0.001945273728217295 0.2114167304043457 0.07621705400996191 -0.001844008292837032 -0.01390557925738063 9.311577529384882e-05 -0.0005101042453060648
1760 0.2048436094644865 0.07722580437023802 -0.01281562435010759 4.451569008158744e-05 -0.0004275988637255408 -0.002415267602088786 0.2115086010075163 0.07652705824154761 -0.002324647311308912 -0.01393762132065042 -3.300129726500153e-05 -0.0003926782850279284
1770 0.2047150614754478 0.07695929661612094 -0.01273032740370265 -4.136084956382375e-05 -0.0002375483544364215 -0.002666037826651195 0.2113763742788673 0.07625681444662806 -0.002574852153034862 -0.01385302290817941 -0.0001156236135576978 -0.0002034740582142392
1780 0.2044975071270237 0.0766199421028896 -0.01261855764827478 1.170112083677059e-06 -0.0001724894551574088 -0.00265497323042483 0.2111610502095747 0.07591978820754181 -0.002552922147748855 -0.01374125194338084 -7.499585669688746e-05 -0.0001367610378693356
1790 0.2043314454816637 0.07701607383922743 -0.01262662081451652 7.561840580210639e-05 -0.0002508792913953553 -0.002720386374515706 0.2109989273095298 0.07631922689686803 -0.002607118510688376 -0.01374862192892507 -6.716335165177782e-06 -0.0002124092345273216
1800 0.2042100691848076 0.07744407181141283 -0.01266951190067195 9.552649374506853e-05 -0.0003451091436252088 -0.00269267871863484 0.2108762984282984 0.07674809635724288 -0.002575271120938107 -0.01379048112545204 8.875466419109207e-06 -0.0003051204680658794
1810 0.2044471101734734 0.07710968649721746 -0.01273467248852436 0.0001561259028130637 -0.0004783007343343882 -0.002108800628016575 0.2111110040523006 0.07641434818493652 -0.001996165844305496 -0.01385518703290487 7.059401700913196e-05 -0.0004389999309148409
1820 0.204775051897988 0.07677406635773018 -0.01277889104765032 0.0001765856726384252 -0.0005420539991259528 -0.00184024727574895 0.2114406213951539 0.07607936853692611 -0.001738898923598409 -0.01389997903472688 9.518163713187795e-05 -0.0005048956286566895
1830 0.2048633322610414 0.07704013053173671 -0.01279314550928874 4.874529751751615e-05 -0.0004029378925880002 -0.002416041862723765 0.2115295466303175 0.07634225002998356 -0.002325091456523473 -0.01391529078203059 -2.861400649513981e-05 -0.0003679748755973597
1840 0.2047028786449724 0.07714053182764327 -0.01273926184036701 -5.931787981761042e-05 -0.0002252457712311974 -0.002842608696778742 0.2113652973199486 0.07643790065418297 -0.002751300403621349 -0.01386211536364726 -0.0001343743185223509 -0.000190959091937058
1850 0.2044773463367474 0.07676804824716187 -0.01263489934481373 -3.882227316272059e-06 -0.0001826923893217748 -0.002669051527982802 0.2111393033510905 0.07606624904942391 -0.0025661729328382 -0.01375764758656984 -8.058933415266357e-05 -0.0001467603291191445
1860 0.2043140789209917 0.07683235216606785 -0.01261003144160499 9.621487210198919e-05 -0.00025572617850379 -0.00259451393172866 0.2109804948638007 0.07613543727326881 -0.002479669284836341 -0.01373198822052193 1.377775145135989e-05 -0.0002170392315776555
1870 0.2042337194006465 0.07735020202710299 -0.01266556050631332 0.0001087722613950864 -0.00035144533795609 -0.002697900170642246 0.2109016446180159 0.07665558417852587 -0.00257988821138855 -0.01378645030441369 2.154462284967306e-05 -0.0003112200562130818
1880 0.2044801511353206 0.07733878092931357 -0.01277048103299635 0.0001419492248154834 -0.0004954625478361203 -0.002214504315718723 0.2111445297446505 0.07664324436313701 -0.002103056671599494 -0.0138909310478859 5.594935470588573e-05 -0.0004562063851499407
1890 0.2048002228672998 0.07680863010989915 -0.01279292508422694 0.0001618598455400089 -0.0005372180254754369 -0.001826048407847733 0.2114641194706532 0.07611285746879926 -0.001726333622749259 -0.01391394124785172 8.12764730608395e-05 -0.0005004658036930222
1900 0.2048660655304499 0.07680068529842028 -0.01276548673861317 5.335303973466355e-05 -0.0003755745142992303 -0.002350505767686229 0.2115320746316568 0.0761032372697219 -0.002260450770569246 -0.01388768773987194 -2.28404826368591e-05 -0.0003409710105872558
1910 0.2047078529746784 0.0771514533125674 -0.01273049200081477 -6.393524706903651e-05 -0.0002069052582222206 -0.002950686044396818 0.2113722694037273 0.07644983702520407 -0.002860174461120383 -0.01385344142136634 -0.0001389825029645726 -0.0001726770133984083
1920 0.2044520900748449 0.07701691253819046 -0.01265508214334612 -1.455888280747777e-05 -0.0001935162571594855 -0.002762391721000767 0.2111136329898416 0.0763140523935267 -0.002660252932116976 -0.01377792326220392 -9.165926779168394e-05 -0.0001575889192273022
1930 0.2043031724980098 0.07679722321851758 -0.01260931320244092 0.0001025838893331019 -0.0002640521812009449 -0.002506829200655272 0.2109677160716529 0.07609923886908559 -0.002391857016011985 -0.01373127229655688 2.040090712337875e-05 -0.0002254096843447735
1940 0.2042407956299407 0.07712102172410437 -0.01264443457801671 0.0001331486520162962 -0.0003597167676296639 -0.002577376693293513 0.2109089360979965 0.07642707717510831 -0.002459013072669091 -0.01376538270022475 4.612513575948236e-05 -0.0003194670823628662
1950 0.20452068321997 0.07744546313503954 -0.01278853917107583 0.0001380203122285599 -0.0005067799564455637 -0.002302361473817632 0.2111865369088827 0.07675049673786016 -0.002191769385727161 -0.01390901086391455 5.16362669703881e-05 -0.000467521146150376
1960 0.2048019273753196 0.0769886721081974 -0.01281362832935991 0.0001397634229937735 -0.0005368264557510898 -0.001901533585810156 0.211464621513124 0.07629180770636973 -0.001803206695042388 -0.0139345549620481 5.936630193911856e-05 -0.0005003160349620894
1970 0.2048558970303278 0.07665486379086615 -0.01274787678818377 4.999085262038217e-05 -0.0003542418045552538 -0.002282934809778159 0.2115205597264934 0.07595743222188271 -0.002193148204563465 -0.01386984688152927 -2.530687311983874e-05 -0.0003198851033137822
1980 0.2046990010108514 0.07697047372187094 -0.01270097706272889 -5.173853010828977e-05 -0.0001908293808698758 -0.002925419168453111 0.2113648641039656 0.07627082262535266 -0.002834531294003123 -0.01382367467631336 -0.0001266546312695881 -0.0001565430687452155
1990 0.2044379356468528 0.07720929412046321 -0.01266577301849442 -2.219135611733639e-05 -0.0001973666983307533 -0.002886322095068437 0.2111008997311518 0.07650745306038019 -0.002784498458313354 -0.01378831870481074 -0.000100071493453391 -0.0001612604664312322
2000 0.2042922053795651 0.07692045938913471 -0.012621575504637 9.467596357150191e-05 -0.0002732457676872686 -0.002507533160039412 0.2109553163716961 0.07622193056864066 -0.002393022815133441 -0.01374322942700214 1.236444473399457e-05 -0.0002346169887972156
2010 0.2042468560122512 0.07690693633241238 -0.01262581931147506 0.0001499930959654182 -0.0003636023391428323 -0.002428500137145581 0.2109139401809572 0.0762132375513196 -0.002309980815595194 -0.01374659189476122 6.35371052556594e-05 -0.0003234337846224225
2020 0.2045592191558264 0.07734164288293867 -0.01278114793533402 0.0001486871754945688 -0.0005099144325804175 -0.002292756422564132 0.2112264289712473 0.07664786883176651 -0.002182127215095871 -0.01390159203286226 6.23114796140481e-05 -0.000470617570377256
2030 0.2047949333920505 0.07719476137858915 -0.01282972221421762 0.0001172028434582479 -0.0005321833778883843 -0.0020437498291268 0.2114577286464645 0.07649740547717201 -0.001945848625713232 -0.01395062623125452 3.652892583496859e-05 -0.0004956912123686672
2040 0.2048430854376061 0.07667486547217214 -0.01274849126894806 3.52988004946029e-05 -0.0003400798337870782 -0.002278735643763402 0.2115058757022153 0.0759766797429709 -0.002188583100804237 -0.01387028200625003 -3.957954630514518e-05 -0.0003058268873927307
2050 0.2046739348373778 0.0767330690253076 -0.01266836594581978 -3.502703261519903e-05 -0.000178644537672548 -0.002813456246472223 0.2113397495120013 0.07603454464503061 -0.002721260404302359 -0.01379085769126026 -0.0001095435219126375 -0.0001443011940397318
2060 0.2044424617185712 0.07723063236682025 -0.01266248264806396 -1.675213242391269e-05 -0.0001967469679519198 -0.002945211001393791 0.2111075520809963 0.07653072717290473 -0.002842926935746247 -0.01378481032778524 -9.51906360945489e-05 -0.0001604292759647633
2070 0.2042737680534753 0.07713730334210378 -0.01264036848730087 8.156171511225882e-05 -0.0002839186785834941 -0.002582492775126764 0.2109367846790969 0.07643856720214337 -0.002468784855176159 -0.01376181821903598 -1.186485665517549e-06 -0.0002452852091739671
2080 0.2042565881666543 0.07683946038142613 -0.0126264490520222 0.0001538892005385625 -0.0003729171758997076 -0.00231192406796621 0.2109221474549913 0.07614538775943282 -0.002194264351855373 -0.01374706271405073 6.814864517207341e-05 -0.0003330077377244289
2090 0.2045808472105101 0.07711663553297451 -0.01276094716108139 0.0001700247405274272 -0.0005160685746241 -0.002163763936213612 0.2112485942082279 0.07642352033198734 -0.00205346386925668 -0.01388146376109381 8.435674053673926e-05 -0.0004769459762140043
2100 0.2048015210888103 0.07730699822735601 -0.01283606623417395 0.0001053502582020066 -0.0005262096019608527 -0.002167191724318315 0.2114657400480671 0.07660980256847598 -0.002069316057350564 -0.01395714852934339 2.440607859221695e-05 -0.0004896696899389288
2110 0.2048204916754292 0.0768440330230715 -0.01276251946992069 1.552089674417415e-05 -0.000335508115527078 -0.002354408053536939 0.2114820734950733 0.07614414608834076 -0.002263075478842609 -0.01388445633205173 -5.968188728447747e-05 -0.000301117680342549
2120 0.2046467679160656 0.07658665593549319 -0.01264998388015605 -2.476871641505842e-05 -0.0001740178356651964 -0.002702539344576685 0.2113112438332271 0.07588766015584665 -0.002607547044115638 -0.01377253383165943 -9.931116973184372e-05 -0.0001393944870677743
2130 0.2044309032950559 0.07708273752284746 -0.01264239375828071 6.083156797937274e-06 -0.0001993801821195988 -0.002890400929403454 0.2110974935808204 0.07638410555204432 -0.002785739651571835 -0.01376479557927342 -7.30035528921471e-05 -0.0001626325251430954
2140 0.2042518815801647 0.07733911761640871 -0.01265552236758286 7.246597548098413e-05 -0.0002919996637173616 -0.002702975283793081 0.2109161469294663 0.07664069050132766 -0.002589086680352974 -0.01377705247901904 -1.13033826948642e-05 -0.000253104801236923
2150 0.2042633041796799 0.07694981884850538 -0.01264722551656717 0.0001459435568078681 -0.0003874833519305752 -0.002284456900828517 0.2109276035590416 0.07625463974226177 -0.002168200377253654 -0.01376788156190664 6.03469602598143e-05 -0.0003477623797328093
2160 0.2045945085415923 0.0769050578934877 -0.01274619254290745 0.000186992292803135 -0.0005219581190874932 -0.002005851066598801 0.2112616131460688 0.07621183699877643 -0.001897121954733919 -0.01386686655192386 0.0001023902270906045 -0.0004832176307646348
2170 0.2048240580422613 0.07723162177268186 -0.01282733538262796 0.00010760172176701 -0.0005157385929139154 -0.002208796349370919 0.2114901111078997 0.07653500492603323 -0.002112190060210694 -0.01394869422121757 2.696741770121153e-05 -0.0004793638804525396
2180 0.2047974692819485 0.07705508320449761 -0.01277832243138561 -5.658126217865179e-06 -0.0003287343113255966 -0.002504365278597427 0.2114592313385306 0.07635399053782914 -0.002413311452544292 -0.01390052940775518 -8.127246313956479e-05 -0.0002943025071388971
2190 0.2046237590526024 0.07659634493223211 -0.0126516221904339 -2.677316667452554e-05 -0.0001737257141174173 -0.002664740081673156 0.2112865838998587 0.07589592523063161 -0.002568076432799763 -0.01377425685303926 -0.0001014400960495486 -0.000138925177565571
2200 0.2044119722872033 0.07686358614275773 -0.01261901621917535 3.304624344824668e-05 -0.0002021437955778786 -0.002766792191806409 0.2110786634662967 0.07616564579357039 -0.00265958778011996 -0.01374143339663585 -4.627389918667633e-05 -0.0001650590411633067
2210 0.2042547667694273 0.07739195613617693 -0.01265976255588452 7.396275617783752e-05 -0.0002931487041641797 -0.002792453975287662 0.2109210924708786 0.07669483748175063 -0.002677736909773811 -0.01378128232035847 -1.065897758602175e-05 -0.0002539525379545121
2220 0.2042730857595509 0.07717106419944735 -0.01267933851904245 0.0001303180810181233 -0.0004016678578024547 -0.002353754820493881 0.2109369783489376 0.07647512692017301 -0.002238820917562565 -0.0138000488197361 4.447799318084573e-05 -0.000362062737685208
2230 0.204625131152191 0.07682075428612685 -0.01275119030203528 0.0001888987422734639 -0.0005276027701553737 -0.001892019360301157 0.2112907075939554 0.07612671988044911 -0.001785483359103314 -0.01387196344466674 0.0001054538589461415 -0.0004893691778565851
2240 0.2048405075229996 0.07701546081297179 -0.01280387858762704 0.0001169421608340677 -0.0004999113948486694 -0.002153197996486427 0.2115072995423663 0.07631935873730133 -0.002058825433667985 -0.01392551211989728 3.744463304811723e-05 -0.0004639992214750095
2250 0.2047965003053585 0.0771936586283061 -0.01278555878612834 -2.304957255582307e-05 -0.0003127146048417836 -0.002669744100075731 0.2114597357163257 0.07649230069713543 -0.002580591737939664 -0.01390808441598921 -9.862971529407636e-05 -0.0002784811474504666
2260 0.2045947848534765 0.07677290374122527 -0.01266771940672103 -3.75563475707866e-05 -0.0001795746216698383 -0.002710161461235955 0.2112562485606931 0.07607049577458747 -0.002613727718063914 -0.01379058254380727 -0.0001123868800228712 -0.0001447912484829095
2270 0.2043922899134441 0.07672363819570685 -0.01260804051726574 5.374278834153671e-05 -0.0002111045085603645 -0.002627902679902325 0.2110577542990915 0.07602505686229336 -0.002519033694942253 -0.01373050947401389 -2.553941463235742e-05 -0.0001738503628376624
2280 0.2042504577219273 0.07726337684985625 -0.01264536554973226 9.37118068367975e-05 -0.0002988679709804541 -0.002755283405293513 0.2109182462590576 0.07656745124015429 -0.002639149471222495 -0.01376689846927855 8.534150561880719e-06 -0.0002593669332588928
2290 0.2042949635079393 0.07739488909941465 -0.01271153635833269 0.0001198376260724312 -0.0004187743834690763 -0.002454725386187639 0.2109598830841918 0.07669893841644669 -0.002340342081953103 -0.01383226640890954 3.330203083564162e-05 -0.000379092122934555
2300 0.2046599294472666 0.07691772701221995 -0.01277628687574261 0.0001789726266525582 -0.0005403021363412665 -0.001852608144875628 0.2113239027276795 0.07622245386966033 -0.001747646897238935 -0.01389708955071996 9.611083432416729e-05 -0.000502419904101962
2310 0.2048502687215668 0.0767960173650947 -0.01278162705192473 0.0001222228825401436 -0.0004805042235327857 -0.002050693608677057 0.2115164114249114 0.07609988130354715 -0.001957552848157748 -0.01390338291632577 4.400994302953151e-05 -0.0004450218972160401
2320 0.2048120973265921 0.07714520510303134 -0.0127731980519046 -2.639952465999169e-05 -0.0002896052970153872 -0.002746711485790642 0.2114771346878491 0.07644481109583624 -0.002658481854136007 -0.01389589277243458 -0.0001017200058702658 -0.0002555019501891128
2330 0.204566208721935 0.07702059570034063 -0.01268432506181569 -5.197427508382502e-05 -0.000182070350946171 -0.002832360089202977 0.2112276870519776 0.07631720782689548 -0.002736261962092866 -0.01380730177116899 -0.0001273045639301235 -0.0001472258241540014
2340 0.2043805597195931 0.07674811134683418 -0.01261472771959953 5.898103115906634e-05 -0.0002214891789950476 -0.002558432114241987 0.2110441392442126 0.07604846570769744 -0.002448239620309926 -0.01373711615554974 -2.050109488836845e-05 -0.0001840583296270807
2350 0.2042385655897543 0.07703604102039953 -0.01262115516940231 0.0001176378246737775 -0.0003033161780769076 -0.002633495973108374 0.210906379281365 0.0763409891668458 -0.002515099958664106 -0.01374251558263006 3.213164132687625e-05 -0.0002634704692365058
2360 0.2043432183829296 0.07745450436471867 -0.01272801206687697 0.0001204339588632017 -0.0004288167270751361 -0.002526846775773439 0.2110099055713411 0.07675993306209605 -0.002411365137620578 -0.0138485330217951 3.291337806608704e-05 -0.0003887757232797431
2370 0.2046851674017393 0.07712493183549068 -0.0128070519231023 0.0001591857434014077 -0.0005491768526234553 -0.001931997213102186 0.2113484206874887 0.07642894328576889 -0.001827365987567075 -0.01392765314926581 7.594213973864947e-05 -0.0005112923124363713
2380 0.2048612437747866 0.07669370212649541 -0.01277436165767149 0.0001115249202387454 -0.0004580642017223813 -0.002009026910661656 0.2115257156485685 0.075997345372006 -0.001915943691305258 -0.01389588776434352 3.403415135838847e-05 -0.0004227812401995392
2390 0.2048097281880777 0.07692872322262803 -0.01274141508401042 -1.943017750816871e-05 -0.000262299868560114 -0.002724308727708817 0.2114757410113057 0.07622982695395328 -0.002635745925129464 -0.0138639422589938 -9.436179206207139e-05 -0.0002282196470020155
2400 0.2045581661996793 0.07717731771947929 -0.01269012356231266 -6.212898079571283e-05 -0.0001756436153035614 -0.002976743144208628 0.211221214517733 0.07647492239663697 -0.002880850414799922 -0.01381294431276309 -0.0001381232504473785 -0.0001406406584801364
2410 0.2043712393189779 0.07692378052897603 -0.01263378179842657 5.074666833300416e-05 -0.0002335703600824982 -0.002589613506978017 0.2110335309149923 0.07622312725624218 -0.00247969272229741 -0.0137560055942544 -2.907736866456014e-05 -0.0001960962041204628
2420 0.2042316675429197 0.07686155533165882 -0.01260452307893308 0.0001320328786252885 -0.0003081985906156593 -0.00250093722596282 0.2108980503290856 0.07616642096346057 -0.002382111930542594 -0.01372573222341122 4.689330555546815e-05 -0.000268370807969684
2430 0.2043840516318817 0.0773026245758397 -0.0127191984616102 0.0001381697174127636 -0.0004375040416431024 -0.002474774062971147 0.211051967783259 0.0766091978730539 -0.002359154015250757 -0.01383966902337167 5.064542748051186e-05 -0.0003974163937261004
2440 0.2046983336491552 0.0773219364463294 -0.01282766089067931 0.0001431532634220395 -0.0005552450621317598 -0.002058506973672362 0.2113621243495338 0.07662578447047368 -0.001954681488253364 -0.01394823518026411 5.960516626444483e-05 -0.0005174124896759429
2450 0.2048581126801604 0.07677086884719056 -0.01278263439203986 9.254020732466182e-05 -0.0004475134289877257 -0.002032439187437901 0.2115208578831937 0.07607348566164608 -0.001939901861337418 -0.01390400308618307 1.557912540424316e-05 -0.0004124721753292339
2460 0.2047864375933639 0.07670364925004533 -0.0127094519074757 -9.090112049031462e-06 -0.000244949197682669 -0.002622130291389111 0.2114519150289298 0.07600553522473572 -0.002532820193870983 -0.01383179319416605 -8.333321900917182e-05 -0.0002109515318611519
2470 0.2045571170304918 0.07714093248065332 -0.01267692238571093 -5.291672988168711e-05 -0.0001719680855181613 -0.003009936325183285 0.2112222447788028 0.07644043726375338 -0.002913405755675127 -0.01379953752060905 -0.0001293461834424172 -0.0001367557902752835
2480 0.2043481803677075 0.07715823900736625 -0.01265083027394189 4.090359279145789e-05 -0.0002461448580229084 -0.002682798123244092 0.2110106557649446 0.07645753765564277 -0.002573135341746523 -0.01377288843642883 -3.968653481549235e-05 -0.0002085159409911954
2490 0.2042249944574989 0.07685234282918396 -0.01260544399660689 0.0001326411185653659 -0.0003179669207121315 -0.002420908187623588 0.2108896897015468 0.07615648180737621 -0.002302353213686796 -0.01372650275327259 4.773423739148618e-05 -0.0002782106234563512
2500 0.2043996859410296 0.07706238141284019 -0.01269808005099732 0.0001613519261621885 -0.0004456723255589711 -0.002327478609118896 0.211067522867227 0.07636951895847365 -0.002211565083199057 -0.01381856559082604 7.422410921570004e-05 -0.0004055976337934513
2510 0.2047236096404059 0.07737420662646777 -0.01283226668618163 0.000138209087474579 -0.0005543945172861857 -0.002149373576077679 0.2113889869170908 0.07667868965553219 -0.002045410837050296 -0.01395288966326653 5.421446462148331e-05 -0.00051641714073657
2520 0.204841069422276 0.07696088147316113 -0.01279863950892246 6.852071387134237e-05 -0.0004405252028829361 -0.002143355368966221 0.2115028883724806 0.07626226571971417 -0.002050281899430609 -0.01392003357342042 -8.879462690350627e-06 -0.000405362052943933
2530 0.2047651122691982 0.07658936206445704 -0.01269472713190827 -9.950646909454303e-06 -0.0002309294678629042 -0.002554776956190387 0.2114290615891624 0.07589083478956249 -0.002463660484167176 -0.0138169473611788 -8.40580997168079e-05 -0.000196778553983407
2540 0.2045427432968641 0.07694233317903927 -0.01264915773676542 -3.266446277078098e-05 -0.0001657758059204242 -0.002941473086509908 0.2112090033366147 0.07624352417156462 -0.002843057990226139 -0.01377163157670715 -0.0001093961518212261 -0.0001302456438971096
2550 0.2043412380582599 0.07731551557119661 -0.01266164799567589 3.430303147092941e-05 -0.0002481528745374924 -0.002804290059785551 0.2110054362598925 0.076615962864019 -0.002694712746792561 -0.01378354514598698 -4.713254925961208e-05 -0.0002103049668366482
2560 0.2042191984867997 0.07699662254116013 -0.01262340791592088 0.0001205889147150122 -0.0003276244323536216 -0.002436809476268692 0.2108827862621036 0.07630004298187032 -0.00231994519845561 -0.01374436201174284 3.582450157119467e-05 -0.0002880837896270073
2570 0.2044160529570622 0.0768778179929949 -0.01268705491078518 0.0001748440727219853 -0.0004514275151074606 -0.002171744230620414 0.2110828299289429 0.07618477199294511 -0.00205785715763078 -0.01380757211215066 8.904863316889738e-05 -0.0004118591042688274
2580 0.2047489216048519 0.07723880523613358 -0.0128185911706084 0.0001484373902893707 -0.0005505384374687013 -0.002126928302987803 0.211415656243854 0.07654403938422592 -0.002024859144266034 -0.013939430967511 6.530022808988105e-05 -0.0005129342022434233
2590 0.2048248634930476 0.0771591465364712 -0.01281262946386469 4.773032246233668e-05 -0.0004329570371362778 -0.002295006091437597 0.2114872267813621 0.07645972114302674 -0.002203325747779028 -0.01393425094274393 -2.955909956643886e-05 -0.0003980087314449927
2600 0.2047419518578731 0.07664752714819371 -0.0126996159657678 -1.979906219985448e-05 -0.000227400335369687 -0.002547066723186752 0.2114041945795452 0.07594751434026636 -0.002455653880824137 -0.01382194022472307 -9.352115907687147e-05 -0.0001933706773325965
2610 0.2045143621100234 0.07672602026358068 -0.01262326809878997 -8.801451699802827e-06 -0.0001665475052792779 -0.002797873690000639 0.2111803262503413 0.07602756281595018 -0.002697887575961488 -0.01374576933303883 -8.516161112274284e-05 -0.0001309560513734914
2620 0.2043395031664667 0.0773033933777772 -0.0126573920239842 4.472413164463131e-05 -0.0002513633579980758 -0.002840014917004204 0.2110057627521154 0.07660535581728305 -0.002729545888470087 -0.01377928043690938 -3.728933451346203e-05 -0.0002132808934562926
2630 0.2042028807211973 0.07722951495836346 -0.01264740283706512 0.000107152314859051 -0.0003417771669907633 -0.002518449209720673 0.2108666855877091 0.07653254634840788 -0.002402177379844413 -0.01376835194281568 2.18414606508071e-05 -0.0003022052129224722
2640 0.2044368807085651 0.07685737550867303 -0.01269717353122756 0.0001762952813253495 -0.0004645321947278025 -0.00206142670680132 0.2111021532921161 0.07616352764690613 -0.001948634498320061 -0.01381772777756778 9.117276398530435e-05 -0.0004252500968462882
2650 0.204762790844429 0.0770101026455192 -0.01279601692079825 0.0001655002017157111 -0.0005482777566351772 -0.002007692929715788 0.2114299635139984 0.07631570848266184 -0.00190636960215053 -0.01391707353187181 8.318066207169119e-05 -0.0005109109297750799
2660 0.2048345756111383 0.07724589374322352 -0.0128167071066919 3.553511724597661e-05 -0.0004190924650877807 -0.002426867477254534 0.211498634681689 0.0765466412519428 -0.002335531156580444 -0.01393863295701315 -4.205811525260226e-05 -0.0003840906560087246
2670 0.2047129354124223 0.07684176654970185 -0.0127154144106171 -3.677402819905603e-05 -0.0002270434319598563 -0.002631927741471977 0.2113742377115376 0.07613985387041429 -0.002539543267028424 -0.01383800214835524 -0.0001111159795833947 -0.0001927976055938904
2680 0.2044893173039077 0.07662254978544401 -0.01261373173915659 5.311108888496116e-06 -0.0001713444697483472 -0.00268184209791582 0.211153784156215 0.07592320459642043 -0.002579167945404668 -0.01373634963612585 -7.134610293291479e-05 -0.000135400458827883
2690 0.2043281783740095 0.07713625103898243 -0.01263856536983426 6.882371503482603e-05 -0.0002544697872634951 -0.002775906564450281 0.2109956604718599 0.07643933694964522 -0.002663032534955955 -0.01376048771479188 -1.389000108713002e-05 -0.0002159330057944364
2700 0.2042051371799911 0.07741672561346345 -0.01266921142830631 9.760015313585301e-05 -0.0003500079006877403 -0.00264319966577052 0.2108704205815466 0.07672033004459157 -0.002526719309714627 -0.01379016305502549 1.127376300086636e-05 -0.000310173782340564
2710 0.204467347108115 0.07699931668249112 -0.01272837214209768 0.000165475646537569 -0.0004811671380271663 -0.0020505230487298 0.2111313901374012 0.07630428172153107 -0.001939253546327307 -0.01384895114855314 8.055840034782009e-05 -0.0004421233084674798
2720 0.2047818204490314 0.076810604489435 -0.01278208706017896 0.0001726690519323512 -0.0005401064728967379 -0.001886882776774946 0.211448033026764 0.07611591346625214 -0.001787365261448255 -0.01390329781342239 9.166970692963929e-05 -0.0005032313742746578
2730 0.2048588933685667 0.07713658366863509 -0.01280270408730975 3.48453812279266e-05 -0.0003959154539255333 -0.002475003298610526 0.2115246339347288 0.0764380320974065 -0.002385421931765564 -0.01392488460293588 -4.206112721788925e-05 -0.0003612316515006931
2740 0.2046907219042894 0.077064452686427 -0.01273003771334714 -5.634052097567165e-05 -0.0002196963992233331 -0.002790631508650919 0.2113524233264137 0.07636157119051562 -0.002699372598190369 -0.01385288166518569 -0.0001308739770078732 -0.0001855521909639934
2750 0.2044728026833033 0.07669265879733039 -0.01262430766995125 5.617787066461731e-06 -0.0001802956950336181 -0.002643536320436697 0.2111354942713963 0.0759917038429329 -0.002540258039098606 -0.0137470062615395 -7.100353600170508e-05 -0.0001443326139711734
2760 0.2043124158350784 0.07692168879381403 -0.0126175449009506 9.34612079599746e-05 -0.0002585923115070246 -0.002645622305704951 0.2109795254233365 0.07622514115310702 -0.00253099456093899 -0.01373945966305423 1.076931642896768e-05 -0.0002198743679555038
2770 0.2042320113901804 0.07742187554861192 -0.01267560296988435 0.0001031680736215416 -0.0003571377039760766 -0.002695124930778448 0.2108991922986107 0.07672676640323574 -0.00257796967751254 -0.01379647271546313 1.61335035491704e-05 -0.0003170644032898458
2780 0.2044966844815592 0.0772328820843069 -0.01276478627534948 0.0001503085164829591 -0.0004999510577574205 -0.002124841654915689 0.2111605394119643 0.07653731579895094 -0.002014420176513823 -0.01388527834881592 6.499302540719061e-05 -0.000460959112468431
2790 0.2048045118987173 0.07676362053812419 -0.01278543756708556 0.0001645649924108091 -0.0005336219282337692 -0.001824225437548999 0.2114690805637273 0.07606822076013718 -0.001725757073089053 -0.01390654903658343 8.44191873559918e-05 -0.0004970932699340541
2800 0.2048636734335549 0.07690774704133198 -0.01277371917176689 4.207483647442497e-05 -0.0003709066110585581 -0.002422786122237403 0.2115298823247683 0.07621002703057472 -0.002333620989363769 -0.01389594512343033 -3.406959200109388e-05 -0.0003364226017167522
2810 0.2046879427611405 0.07717356568948147 -0.01273026883800133 -6.678098425629129e-05 -0.0002060744759226718 -0.002933934599814348 0.2113514291233264 0.07647137277437412 -0.002843038410250914 -0.01385314656250929 -0.0001417607609660332 -0.0001718408430996205
2820 0.2044466624764615 0.07690925019416109 -0.01264318052369054 -1.594109305547127e-06 -0.0001948158758937872 -0.002692135457910323 0.211108255129163 0.07620694050939845 -0.00258848513450622 -0.01376588708208201 -7.885197645389969e-05 -0.0001586798197217806
2830 0.2042958598959878 0.07680630747270328 -0.01260675838899032 0.0001075193904161638 -0.0002666336337580287 -0.002524822660796143 0.2109614105402352 0.07610924411505046 -0.002408655150815869 -0.01372856205696929 2.473439548202085e-05 -0.0002277155677831443
2840 0.2042496382607394 0.07724141691799945 -0.01266033606061912 0.0001248582025662691 -0.0003661449076299315 -0.002619329530468445 0.210917806574806 0.07654750906197937 -0.002500810578616381 -0.0137811352733977 3.744173345454717e-05 -0.0003258007334310354
2850 0.2045312177453598 0.07741426765758895 -0.0127909386000126 0.0001400534273626254 -0.0005133130668213444 -0.00223368143235954 0.2111961456950327 0.07671899359410125 -0.002123481127733195 -0.01391134481542247 5.404768446721334e-05 -0.0004741979167762098
2860 0.2048160461055119 0.07688167704594673 -0.0128027675321938 0.0001433717561157079 -0.0005284716453914104 -0.001866356854013778 0.2114789842685071 0.07618523025774616 -0.001768559077554669 -0.0139237367472178 6.346163165333972e-05 -0.0004921182961250752
2870 0.2048570735678462 0.07669897615578157 -0.01274829843283301 4.292309447270349e-05 -0.0003445392940349599 -0.002349028248219217 0.2115223945217587 0.0760016565060895 -0.002259604872996012 -0.01387034456758777 -3.241241140601557e-05 -0.000310213626134768
2880 0.2046882467830686 0.07707085720844391 -0.01270905918037822 -6.118633201872433e-05 -0.0001883735818685007 -0.002971364364874385 0.2113535663719201 0.07637051264879423 -0.002880059430831442 -0.01383177856429228 -0.000136330053971938 -0.0001540078389138842
2890 0.204429021213182 0.07714273484187677 -0.01265995657549467 -1.297274847827347e-05 -0.0002009061350207222 -0.00281914411484002 0.2110912271446445 0.07644058682003417 -0.002715801987356551 -0.0137824802211945 -9.102696198433965e-05 -0.0001646004525606449
2900 0.2042887100309516 0.07685217175749315 -0.01261323679312166 0.0001039090673299825 -0.0002734113952686217 -0.002489565508530736 0.2109524631707161 0.07615430281207272 -0.002373530793337241 -0.0137348533769526 2.111434735221857e-05 -0.0002344926987745712
2910 0.2042597549298896 0.07699653172876288 -0.01263915804263624 0.0001460203296221996 -0.0003705725061967114 -0.002476143001563976 0.2109274560915015 0.0763030764546932 -0.002357342564296194 -0.01375987959427781 5.902562594679158e-05 -0.0003302544102738859
2920 0.204575508250639 0.07740564203486125 -0.01279541028537415 0.0001425267906978994 -0.0005171939980105007 -0.002285738775017178 0.2112419938544867 0.07671133080845263 -0.002175873108185047 -0.01391582339507535 5.632513022922027e-05 -0.0004780447798195342
2930 0.2048092181861244 0.07708788418350652 -0.01282133654777409 0.0001192885657231062 -0.0005247807602765312 -0.001991222973805788 0.2114716330882385 0.07639052270466308 -0.001894185527847973 -0.01394225674506825 3.929074723539566e-05 -0.0004885393816666474
2940 0.2048441676768128 0.07663701570770459 -0.01274007997530467 3.354586325483057e-05 -0.0003268577114529895 -0.00231254125342654 0.2115077434762127 0.07593923434022458 -0.002222851073340338 -0.01386194408331295 -4.111524284130907e-05 -0.0002926977704833292
2950 0.2046685190905272 0.07684309811496938 -0.01267588458555444 -4.389874099636362e-05 -0.0001759182066349892 -0.002887968874036689 0.2113345569362022 0.07614426982603757 -0.002795635062249177 -0.01379841561983415 -0.0001187196480086488 -0.0001414975641850432
2960 0.2044267239872443 0.07725738496576444 -0.01266471502686021 -1.415885848163168e-05 -0.0002032902320613669 -0.0029169664982379 0.2110908705972672 0.07655678718985058 -0.002813720257501515 -0.01378705039636281 -9.280774773642929e-05 -0.0001668329478532041
2970 0.2042699993026076 0.0770367202445412 -0.01262948581425283 9.252839635961408e-05 -0.0002856870912205968 -0.002528730909858153 0.2109329590814356 0.07633824682744869 -0.002413857722005556 -0.01375093075250273 9.609242048172626e-06 -0.0002468766666522218
2980 0.2042649801372167 0.07685334914997885 -0.01262959358418385 0.0001573771767329864 -0.0003789619900009082 -0.002331014983342877 0.2109312427179574 0.07615960951731043 -0.002213128294739756 -0.01375024724890934 7.124445698282002e-05 -0.0003389285699922758
2990 0.2045986460233852 0.07722765484764035 -0.01277814980460243 0.0001613543270886717 -0.0005233917673663349 -0.002203854282452936 0.2112661796243025 0.07653414245187547 -0.002094477019433229 -0.01389867346011997 7.562961099576127e-05 -0.0004843700717167691
3000 0.2048035991048973 0.07726355089991661 -0.01283305561193556 0.0001024726261995352 -0.0005215448871522849 -0.002131622430011415 0.2114669243249705 0.0765659227777041 -0.002034962505942918 -0.0139541373950179 2.214284525275562e-05 -0.0004852867629799925
