"report"
"Iteration" "cd etc.."
("Iteration" "cd" "cl" "cmx" "cmy" "cmz" "cx" "cd-scale" "cl-scale" "cs-scale" "cmx-scale" "cmy-scale" "cmz-scale")
10 0.1591156272101951 0.07548849106949387 -0.01918955687988203 -0.0001759163772800436 0.0004702022183171843 -0.0002180672943333648 0.1657253887845346 0.07436824994040707 0.0001716157571522815 -0.01999946189243785 -0.0002490634909025467 0.0005212389067158304
20 0.1811954228759779 0.06714944139553472 -0.01506427547185776 -0.0002284784370462376 0.000225465117662684 -0.001590918547722099 0.1871420333252618 0.06577923031458341 -0.001192483753027208 -0.01605173285552636 -0.0003665499766243471 0.0002903795464190805
30 0.1935356654397943 0.07289785337642959 -0.01611774830876379 -0.0001913641928494542 0.0001853233234294215 -1.612654541135487e-05 0.1991777600149792 0.07108811252648364 0.000689902562193712 -0.01744668355923614 -0.0005061899812461598 0.0003125461517481639
40 0.1986525053006299 0.07898740051945402 -0.01569287556960496 -5.497857932152363e-05 0.0003282857388445478 0.0001911865663268036 0.2042626584097023 0.07700374732938747 0.0004756033837830152 -0.01721693988318878 -0.0002301535862316022 0.0003870843753144895
50 0.2009663095572873 0.08080564553476045 -0.01493014922569933 -6.581444046523253e-06 0.0002254758013367472 9.939935456408762e-05 0.2065850020627703 0.07918174553177001 -6.312686013351374e-05 -0.01632610241850934 3.750910125277009e-05 0.0001978271101344763
60 0.2027137348728046 0.07971631623362334 -0.01413112758825197 0.0002907028192302694 -0.0001989591121169837 0.001605329931834251 0.2082252684973832 0.07785758111856608 0.001392635126191388 -0.01565228204282774 0.0003774766917015788 -0.000238654840972241
70 0.2024930637492544 0.07802360884279637 -0.01364793530666953 0.0004849496979576362 -0.0005022075231941142 0.002589501600097253 0.2080411613263855 0.07579748328420521 0.002536105328213394 -0.01530841252181995 0.0005258410147292008 -0.0005161672355810102
80 0.2023454338568541 0.07788446375473437 -0.01344117535969048 0.0004761798780312345 -0.0005441579934461262 0.003225348336378019 0.2080488164182572 0.07566714155035897 0.003317936520506485 -0.01506257049922136 0.0004720127199615709 -0.0005349588233085056
90 0.2028887551593956 0.07767957097024786 -0.01323546561356938 0.000347873594693607 -0.0003598556272081518 0.003581165733206766 0.2087630430751592 0.0758474371835962 0.003752829866805005 -0.01467761043318214 0.0003105359054317894 -0.000337127731769353
100 0.2028388731151679 0.07798203811588776 -0.01306919449401079 0.0002928093635048255 -0.0003169042805919717 0.003909529263810136 0.2088235218184629 0.07657481504967938 0.004155947485121021 -0.01431735449741479 0.0002176921491833143 -0.0002798904207801948
110 0.2027487259335937 0.07862803586179916 -0.01304138355512876 0.0003623874074817426 -0.0004190763936533166 0.003998919343465771 0.2087853968794202 0.07750865380116832 0.004306451130596202 -0.01415800767408582 0.000252792848268305 -0.0003696012046625309
120 0.2027892749963423 0.07873908521610244 -0.01285800573353092 0.0004390629334077782 -0.000569044257003638 0.003594330080402526 0.2088364660093022 0.07781139363109768 0.003939586837370042 -0.01389739181078296 0.0003045247848515351 -0.000510494963070751
130 0.2028574073448124 0.07906855211453094 -0.0125522983980262 0.000432284137429 -0.0006506578733067746 0.002756763868263071 0.2088983990049217 0.07826344750021645 0.003135382077303693 -0.01354962708386321 0.0002809088032427522 -0.000584752404395215
140 0.202875489874868 0.07935583299156097 -0.0123098438648261 0.0003695529035119055 -0.0006914266958116821 0.001939535277130875 0.2089091924534246 0.07861710639311889 0.002338870899319076 -0.01328960458922223 0.0002080150919233928 -0.0006211266298911739
150 0.2029574961751923 0.07904624986940327 -0.01214457388771345 0.0002986308435503655 -0.0006890898600414848 0.001184802796112032 0.2089772332440312 0.07833547278278784 0.001585756522537948 -0.0131250208609626 0.0001331524881079705 -0.0006179782189875127
160 0.2030316846158663 0.07896589935054393 -0.01205367515742575 0.0001413428176276421 -0.0005270141843718439 3.390039107749173e-06 0.2090352816142248 0.0782681782072954 0.0004015376505648531 -0.01304421197433669 -2.273294650816193e-05 -0.0004564316099168836
170 0.2030097268699448 0.07908240250519791 -0.01199153545075786 -4.394289329217518e-05 -0.0002723397092228999 -0.001227257988430281 0.2089917723451805 0.07838897884962655 -0.000826693753950812 -0.01299315255173065 -0.0002047974139306412 -0.0002016393758283619
180 0.2029656489830595 0.07869598984288217 -0.01190012558888459 -0.0001750046327297371 -4.960149406787566e-05 -0.002215524605046345 0.208929055782985 0.07800916877299194 -0.00181098967062012 -0.01290828375793476 -0.0003352636240646827 2.181987649711343e-05
190 0.2029544302564652 0.07836761907279186 -0.01186306752133 -0.0002326778034890668 -3.538152060574123e-07 -0.002580475328432784 0.208909927700893 0.077687473956744 -0.002173650242398733 -0.01287767351714431 -0.0003949997583056517 7.141405018746e-05
200 0.2029709629153861 0.07842131527426033 -0.01192404973625596 -0.0002961213512268618 4.675671656203421e-05 -0.002355329195367269 0.2089157479833762 0.0777266628920726 -0.00197436561348597 -0.0129559775140509 -0.0004511088243896924 0.0001136196974179149
210 0.2029760058709581 0.07825127470473953 -0.01199811265013755 -0.0003370438825346272 0.0001197674081836841 -0.001799445707466378 0.2089146006915921 0.07751660032274341 -0.001495604593334748 -0.01305848806162006 -0.0004630672698134975 0.000172673290423022
220 0.2028600898121109 0.07782890815929516 -0.01203637860621411 -0.0003406836777531619 0.0001601546837214364 -0.001285299612022441 0.2088101726806369 0.07705630620481614 -0.001094692895931547 -0.01312439852743646 -0.0004178533188471674 0.0001922489981699539
230 0.202693686496364 0.07769516659106547 -0.01211986360573015 -0.000304280373220012 0.0001453089110584138 -0.0007436624564308065 0.2086574860538691 0.0769027089058234 -0.0006592404301446361 -0.01322832998339817 -0.0003295930878164173 0.0001570692016694533
240 0.2025221428768313 0.07751405209764455 -0.01220969573035212 -0.0002168554996932542 0.0001035605230544903 -0.000232273831282576 0.208494904305332 0.07670060986422661 -0.0002213478457429994 -0.01333490140610615 -0.0002035970459459209 0.0001010262835860883
250 0.2022829613047105 0.07704607676336749 -0.01222180103445774 -9.657743939358344e-05 3.362773291074132e-06 0.0001251746348092714 0.2082647343179543 0.07620564167746631 0.0001009837125184474 -0.0133629285996722 -6.475216472317421e-05 -5.96771050442649e-06
260 0.2020162084638229 0.07683181319111075 -0.01221085727890747 4.2227634564278e-05 -0.0001827843443510321 0.0006198448629249147 0.2080081418555996 0.07596815952408276 0.0005939567249371218 -0.01336650478732121 7.62234718152012e-05 -0.0001929500572450074
270 0.2018748948169293 0.07679434084054584 -0.01222486262553698 0.0001807714347153319 -0.0003784484799967432 0.001242377267506138 0.2078745573738867 0.07591237925837256 0.001235435724540607 -0.01339234643592173 0.0002064140970851843 -0.0003855571576470193
280 0.2018424114985425 0.07653050136408951 -0.01221961667493021 0.0002757957378556416 -0.0005296448765364339 0.001659831578613784 0.2078482565907629 0.0756313951984678 0.001686241188726843 -0.01339583304593435 0.0002846376466730726 -0.0005304808615846574
290 0.2016873331715955 0.07632015886560665 -0.01216339426824872 0.0002836767945713244 -0.0005755706813043634 0.001709342475195588 0.2076999758789058 0.07540660876897207 0.001779886065505998 -0.01334588870736885 0.0002701991596362376 -0.0005679292105093997
300 0.2015324995152081 0.07638782357419302 -0.01212564716980808 0.0002020995212299302 -0.0004899236331129927 0.001479658073140928 0.207550201744495 0.07546375368051993 0.001592873493858722 -0.01331241280754018 0.0001674177478428349 -0.0004740405707215601
310 0.2015655487851994 0.07643333945108267 -0.01213375527559881 5.638829234237283e-05 -0.0003185821470678328 0.0009924469990812191 0.2075869107987279 0.07550396511150216 0.001139199956267251 -0.01332181006665635 5.749682294851387e-06 -0.0002961396190892324
320 0.2014961930617176 0.07645444454007339 -0.01211472209489133 -0.0001110242293160776 -0.0001309344441362891 0.0004207915650731352 0.2075217757371738 0.07552540619983662 0.0005882166058773 -0.01330091012039776 -0.0001705603635781296 -0.0001044084738002243
330 0.2011638913179562 0.07654541785232506 -0.01203466437335166 -0.0002793209314397115 7.72260681614269e-05 -0.0001198676241980987 0.2071915593091388 0.07561775056252897 4.177989081482879e-05 -0.01321798317258135 -0.0003368212268255142 0.0001031941539465472
340 0.200875260807033 0.07651491928862364 -0.01195409680144419 -0.0004392560145723425 0.0002804986612457924 -0.0006219641510270278 0.2069016321461833 0.07558654260032364 -0.0004953778725645781 -0.01313523027349328 -0.000483125378455123 0.0003007961483443383
350 0.2007200583818274 0.07643456823589521 -0.01189417906982913 -0.0005345935718289024 0.0004172087727452674 -0.0009549205135231226 0.2067451424643923 0.07550676791783222 -0.0008772062095658969 -0.01307319401967948 -0.0005577240406652789 0.0004290561773481315
360 0.2006155079805911 0.07661011839957385 -0.01186029248486615 -0.0004956790484275573 0.0004376265620033209 -0.0008642293486168041 0.2066395709457252 0.0756857642636844 -0.0008386099047021404 -0.01303652332834163 -0.0004946743911003697 0.0004399699405667807
370 0.2006041932468944 0.07690988714563511 -0.01186973742198313 -0.0004072100924105981 0.0004156039739166053 -0.0005777161658121139 0.2066250575256359 0.07598819948700847 -0.0006036509503548301 -0.01304314000576567 -0.0003809361652163063 0.0004082355824136197
380 0.2007070655638139 0.07702023985936694 -0.01189061034607061 -0.0002773835504626887 0.0002547384759553191 7.776644918251506e-05 0.2067239549911591 0.07609875771017555 8.733732947027955e-06 -0.01306188817670781 -0.0002280426224480643 0.0002388767467792968
390 0.2008815544944651 0.07678015756264253 -0.01188712210878083 -9.779445273408028e-05 -4.049887156405327e-06 0.001084181065385417 0.2068958677574089 0.07585895941544966 0.0009882178633694636 -0.01305650446064774 -3.091585618471585e-05 -2.58450772378667e-05
400 0.2009434495957977 0.07655301172808691 -0.01186747352014961 3.0736030616216e-05 -0.0001714750867782375 0.001915418877073706 0.2069553597215909 0.07563252570750428 0.001812953110337405 -0.01303502890600452 0.000106593547075306 -0.0001956583146802278
410 0.2010602068088126 0.07644439535909632 -0.01188763190215665 1.801836475210294e-05 -0.000186487483036655 0.002210867906333211 0.2070700436516371 0.07552667524119705 0.002127681389606888 -0.01305321656825287 9.102099292814418e-05 -0.0002083257835035121
420 0.2012384119683602 0.07642429299443411 -0.01192861632720548 -0.000153515567707946 -4.863637308049422e-05 0.001946286844566086 0.2072476934665148 0.07551252576157944 0.001907985805798239 -0.01309190517846817 -9.646889596968467e-05 -6.322997965635715e-05
430 0.2012204228523407 0.07648666754653434 -0.0119318104397996 -0.0003751668024936373 0.0001863168807363815 0.001395213724229721 0.2072288539628878 0.07558011264710207 0.001415842889153419 -0.01309319296643033 -0.0003447487749505086 0.0001822158338576037
440 0.2007392465144205 0.07633673012807962 -0.01176520760323779 -0.0004808096522233298 0.0003425920572279658 0.001035592668186978 0.2067460052587277 0.0754320384103869 0.001114896275697608 -0.01292578717220417 -0.0004823786203742071 0.0003498406650702821
450 0.2004639671397181 0.07635281662045763 -0.01165839850327965 -0.0004187429836563954 0.0003390710987194638 0.0009623192504240921 0.2064705892265036 0.07544795734842043 0.00108532246715935 -0.01281942678215051 -0.0004496445600602853 0.0003556127610545477
460 0.200688993013923 0.07655782595060223 -0.01171473613213321 -0.000286806377190688 0.0002814567498712468 0.0009369071935904594 0.2066957583862449 0.07564956398467536 0.001073217756856726 -0.01287756599415448 -0.0003353251211818911 0.0003021388924570527
470 0.2009511934815743 0.07662870797845658 -0.01177341924200232 -9.436079052780672e-05 8.103274770868913e-05 0.001417395329408717 0.2069564652317756 0.07571249773032296 0.00153075929339095 -0.01293940942546922 -0.0001432172901268959 9.929984799339438e-05
480 0.2008846635071572 0.0762844340606032 -0.01169900964975091 0.0001625190585972472 -0.0003160664527268455 0.002564851709573374 0.2068886806041789 0.07536007937110815 0.002625640231337579 -0.0128680047227396 0.0001311788684331503 -0.0003060849601626628
490 0.2007679081356926 0.07603211512810169 -0.01164248526849024 0.0003503694436313375 -0.0006361768841181277 0.00364415000911739 0.2067719823104809 0.07510426559558224 0.003636183494137364 -0.01281243103510609 0.0003505538188446521 -0.0006383252239149259
500 0.2008353255005089 0.07603735280247415 -0.01167594163509933 0.0003975475943162437 -0.0006975766695621651 0.004163450673365833 0.2068395410629588 0.07511060027386858 0.00408986489263076 -0.01284474241328582 0.0004342020819501893 -0.000712196841405353
510 0.2009589670818814 0.07613758356622448 -0.01172647611816712 0.0004043366676512291 -0.0006712342914032679 0.004413492582602867 0.2069631185305577 0.07521242328293141 0.004296296061462693 -0.01289387359826773 0.0004708397649882822 -0.0006949105806979043
520 0.2009652167896248 0.07635099885248947 -0.01176885753695573 0.0004155420526387036 -0.0006708146042728287 0.004678203563970927 0.206968451396673 0.07542333867270164 0.004544429608897413 -0.01293634346290137 0.0004979830486943873 -0.0006986874012220521
530 0.2010286102026049 0.07652626745057506 -0.01182915850344054 0.0004306270350653977 -0.000673657310842808 0.00495545610871743 0.2070303572584054 0.07559165727967346 0.004819966573688838 -0.01299865799389419 0.0005160680744927635 -0.0007024608866975969
540 0.2010907936729019 0.07656377111544001 -0.01187234781232017 0.0004471093255845152 -0.0006709159033804728 0.005170217046919421 0.207091648335217 0.0756206081736962 0.005034541160941456 -0.0130451884482278 0.0005279026541141068 -0.000699571138193961
550 0.2009808439164303 0.07651867223817896 -0.01184563057613011 0.0004376346627183356 -0.0006454421582742587 0.00522755885838638 0.2069816978619193 0.07556814436280941 0.005087395890494071 -0.0130220405357372 0.000511705948980216 -0.000674169692058491
560 0.2007937602439091 0.07649350407741654 -0.01178627394001063 0.0003411266426330969 -0.0005473348042945975 0.004984053830196507 0.2067945341205742 0.07553837460734121 0.004834176159078813 -0.01296529701120078 0.0004106498527859558 -0.0005768737084592801
570 0.2007775531439048 0.0764684870190367 -0.01177292298710784 0.0001917702044034312 -0.0004174330759183912 0.004600251993840451 0.2067779704089269 0.07551136332762534 0.004434843585187629 -0.01295291293907959 0.0002618651986352966 -0.0004488855888458916
580 0.200909300746961 0.07636835142959277 -0.01179174733335448 5.591412907573221e-05 -0.0002818783119508223 0.004163478259580751 0.2069093751520254 0.07541086554313392 0.003972129044490997 -0.0129708987762292 0.0001343955454670343 -0.0003172569848426936
590 0.2008891723605677 0.07619616908086228 -0.01175397747192665 -0.0001121708030756598 -5.369617532141733e-05 0.003429050916102535 0.2068886940837412 0.07523931417560721 0.003192974299011818 -0.01293093122209621 -1.506775555147604e-05 -9.647856746961113e-05
600 0.2008634356259694 0.07601184530418167 -0.01171563201181901 -0.0002887538350226995 0.0002132460955333443 0.002647401173892328 0.2068625185695392 0.07505668118094588 0.002342562344855324 -0.01288975900648809 -0.0001624190948466303 0.0001587281753251745
610 0.2008957947112609 0.07589120075854069 -0.01170403744040547 -0.000412864956989499 0.000414829086598003 0.002110637501091792 0.2068950819599406 0.07493943596428182 0.001714090252479013 -0.01287529320114145 -0.000248108649780664 0.0003444086586864845
620 0.2009227185819783 0.07582191970721618 -0.01168685643218726 -0.0004558020670432309 0.0004837120195325756 0.002014437902210544 0.2069228264590018 0.0748744911122972 0.001508790267584506 -0.01285591447334885 -0.0002455741404492531 0.0003940578191230764
630 0.2008962107374667 0.07590970356035548 -0.01167640412945327 -0.000487759597285829 0.0005515612466227798 0.002020100166947642 0.206896609160879 0.07496405599865108 0.00139744241339058 -0.01284496067172746 -0.0002280375557428832 0.0004408938515022473
640 0.2009367189039065 0.07613878997350963 -0.01171973122140442 -0.0005199093432779963 0.000612694362700618 0.002086920636421364 0.2069366930795064 0.07519012191490128 0.001354698131817115 -0.01288991524238657 -0.0002115898648560878 0.0004818603979704402
650 0.2010121614637619 0.07628211662950711 -0.01176726103098937 -0.000510863753317279 0.0006068494347889683 0.002372770127821798 0.2070115521758576 0.07532535343379887 0.001556018893870949 -0.01294096190904433 -0.0001617001693722301 0.0004598497103737906
660 0.201015612905782 0.07630550526184221 -0.0117767072169574 -0.000423826353513312 0.0005555777764252478 0.002846946609206418 0.2070145404790867 0.07533828337103543 0.001981827000974909 -0.01295491610340106 -4.773336085744681e-05 0.0003986638859983188
670 0.2010211504285023 0.0762784097894182 -0.01178281102198492 -0.0003097430715994161 0.0005086859467389163 0.003261046229407525 0.2070202295670715 0.07530182763251232 0.00238516318442098 -0.01296549904841609 7.651563828215766e-05 0.0003487048371584601
680 0.2011430661343049 0.07614951665740181 -0.01180487946956831 -0.0002006225655531836 0.000412277338243626 0.003738111813278036 0.2071425757740583 0.07516681607242776 0.002883890430662809 -0.01299108645881693 0.0001796535638312795 0.0002553983402488854
690 0.2012347328694056 0.07593349163130837 -0.01179482118677278 -5.709246024811128e-05 0.0002310175386495732 0.004462002173148756 0.2072346649813721 0.07494836212872454 0.003654052189223474 -0.01298314406089443 0.0003038808457255354 8.21323165612738e-05
700 0.2012485343499218 0.07572796457243106 -0.01175485387340711 9.230178734963884e-05 4.579541723697072e-05 0.005145642871031944 0.2072488760528108 0.07474455387433511 0.004402789468378365 -0.01294352653987429 0.0004236378062726048 -9.12735408627509e-05
710 0.2013112638400734 0.0755750308377815 -0.01173335685352444 0.0001819296384459402 -8.827463851708354e-05 0.005536786229303171 0.2073118757956549 0.07459735898231981 0.004874055456635658 -0.01292058788456355 0.0004762544051773971 -0.000210589297108851
720 0.2013827347624173 0.07546531441457846 -0.01171384018293649 0.0001696150945820377 -0.0001151120964845529 0.005501224626152574 0.2073829057331434 0.07449601106744255 0.004929112129528235 -0.01289824849661194 0.0004226143572292138 -0.0002207162556858659
730 0.2014514938989123 0.07541277786600802 -0.01168830824980933 7.267279700011492e-05 -9.964178004099665e-06 0.004978420990986943 0.2074500320614606 0.07445192655017641 0.004500020749695148 -0.01286944483176758 0.0002832071675898303 -9.820071808028515e-05
740 0.2015104699291604 0.07545828680824998 -0.01168140294241725 -7.617724500497812e-05 0.0001717128906874282 0.004065452722822004 0.2075066271540444 0.0745042379795965 0.003673457105694005 -0.01285963414707043 9.462279366477313e-05 9.968894628468131e-05
750 0.2014208600670812 0.07556265662966803 -0.01165041735930093 -0.000234284084965011 0.0003327934410227387 0.00310121481087522 0.2074142792412224 0.07461276903843908 0.002774556631678931 -0.01282664559782193 -9.491322493284915e-05 0.000273342348463579
760 0.2011862467041092 0.07553809714791512 -0.01156112064084621 -0.0003733786196004475 0.0004744373759865255 0.002193042068398315 0.2071766206164785 0.07458920340803367 0.001899135005156884 -0.01273666636121951 -0.0002519996640927218 0.0004217958958611105
770 0.2009901316286921 0.07545057064988504 -0.01147235473543791 -0.000443251288604467 0.0005879271435990828 0.001397458434821925 0.2069775699329624 0.0745001378944883 0.001103125180457331 -0.01264854708448728 -0.0003249665836311115 0.000536015336551346
780 0.2009211129608023 0.07551284293448289 -0.01142336872743415 -0.0003865287476777043 0.0005775708962036426 0.0009672306403405359 0.2069055385591162 0.07455850849585607 0.0006474685024760229 -0.01260159153355148 -0.0002586912960626348 0.0005215349416387633
790 0.201016585803892 0.07577126345778981 -0.01143926310024813 -0.000284745010334014 0.0004966143779947991 0.0008190254972684617 0.2069975920113571 0.07481068706222146 0.000458525599217246 -0.01262071374243323 -0.0001383608586847849 0.0004332414053731333
800 0.2011435732196917 0.07598350849721805 -0.01146695189891586 -0.0001245764054549328 0.0002895208206597148 0.001170290680675716 0.2071210163929533 0.07501416594155216 0.000765914527546715 -0.01265244085590216 4.443977733861186e-05 0.0002177522881404779
810 0.2013201760526479 0.07577119349780775 -0.01146066684370788 8.720801143976347e-05 4.561385217077632e-06 0.001859052533722567 0.2072946533802947 0.07479227752523636 0.001422619752661205 -0.01265030005061471 0.0002765278695454793 -7.396424903022252e-05
820 0.2014416201268466 0.07553036242502578 -0.01144863474636113 0.0002310532598527348 -0.0002055260229015933 0.002400536861139886 0.2074140450465775 0.07454258638181178 0.001957932443216936 -0.0126420659339859 0.0004315007221381762 -0.0002865343442679443
830 0.2016180489957576 0.07548624767366921 -0.01148952845610083 0.0002345767381179722 -0.0002577489780247854 0.002523869526116377 0.2075890342329806 0.07449243058600091 0.002110686906301039 -0.01268602848907543 0.0004310501639435007 -0.0003349383400722932
840 0.2018090308654215 0.07542565655432618 -0.01152928974995784 8.81812521779553e-05 -0.0001334009363963894 0.002104350084207186 0.2077791276423291 0.07442893396277438 0.001759389131998593 -0.0127279370033594 0.0002619643425672217 -0.0001995273535932516
850 0.2017378860905102 0.07534835878854436 -0.01149347014329071 -0.0001015738792091696 5.948320075947758e-05 0.001440756725982676 0.2077068042938392 0.07434994593935827 0.001196959420142423 -0.01269380503983242 3.128914339637284e-05 1.092838673736296e-05
860 0.2012885914598932 0.07522476847534412 -0.01132905737139212 -0.0001774708155869704 0.000168024367572309 0.001008309997811675 0.2072558457534314 0.07422449928649558 0.0008810084907991831 -0.01253126822848229 -9.713282742959169e-05 0.0001405112538049552
870 0.2011314605047365 0.07527785834668685 -0.0112517238176523 -8.744861700255814e-05 0.0001335010262075621 0.0008784730286797445 0.2070973710910174 0.07427402185030105 0.0008598786819048915 -0.01245655014120912 -6.076539644821751e-05 0.0001263128823307382
880 0.2013999545212765 0.0753966511508849 -0.01129596805144969 6.951250631182708e-05 4.429118767521078e-05 0.000800747964969563 0.2073642282472963 0.07438582602104749 0.0008629889774597172 -0.01250455091437083 5.232800740144961e-05 5.28225568005808e-05
890 0.20162247009788 0.0754320040862228 -0.01132142620059847 0.0002768519382098489 -0.0001792554492503799 0.001177989798221481 0.2075849779044587 0.07441130221320004 0.001279978287491197 -0.01253453552081261 0.0002342644089951285 -0.0001623376064887204
900 0.2015954109127319 0.07513190080531222 -0.01125160703560973 0.0005300239429563214 -0.0005818961713957509 0.002177540978875636 0.2075562868528822 0.07410133670018382 0.002276862302797141 -0.01246905232545739 0.0004843148210578113 -0.0005645931334373595
910 0.2015633713083903 0.07484273510211449 -0.01119880104976242 0.000713664915762167 -0.0009074689722551934 0.003038186974067897 0.2075234916849262 0.07380567488413865 0.003107897426695099 -0.01241931407173837 0.0006829364868351687 -0.0008954041724184111
920 0.2016320946366433 0.07478735183854182 -0.01119896654259312 0.0007615477343968565 -0.0009821837679845277 0.003241739374194736 0.2075928883954716 0.07374915842903493 0.003279463693985215 -0.01242080522244771 0.0007528982529389264 -0.0009766303783483108
930 0.2017547657432627 0.07492942001603481 -0.01122791874084882 0.0007694114090894166 -0.0009763514465290621 0.003179495224965443 0.2077157647861839 0.07389189010755368 0.003203257774179209 -0.01245054828115628 0.0007773316161236667 -0.0009744847714694997
940 0.2018332482926248 0.07514374662843169 -0.01126513941146481 0.0007814237158197701 -0.001013720028072649 0.003175351034113063 0.2077927762089753 0.07410272694978874 0.003211568981039293 -0.01248980677624663 0.0007919982301489692 -0.001010640483130669
950 0.2019395384610515 0.07525808591762891 -0.01130779796953509 0.0008037693137155828 -0.001058679985049561 0.0031840579974605 0.2078968620118657 0.07420856660983169 0.00325410130877378 -0.01253635711093315 0.0008026672677730301 -0.001050108750364132
960 0.2019596407496957 0.07528219651299556 -0.01131880877242592 0.0008273539015101417 -0.001076658416192733 0.003150715913791524 0.2079151423334432 0.07422117169679004 0.003263609146768957 -0.01255244038372967 0.0008059127912529943 -0.001060521856656917
970 0.2018194436026704 0.07524957488794103 -0.01127169021308696 0.0008086640797365413 -0.001060415142967924 0.002954950273499045 0.2077728496803359 0.0741762946385901 0.003108347791644164 -0.01251079992712144 0.0007655572600884457 -0.001036835156707574
980 0.2016932881892179 0.07521314229864544 -0.01121668005384083 0.0006976170019773444 -0.0009834946216524766 0.002495303910889699 0.2076446233646086 0.07412972774112978 0.002684440897720618 -0.01246054219522068 0.0006358833449477445 -0.0009533438479218424
990 0.2017124344817847 0.07515625416180456 -0.0111933993692786 0.0005552828911919809 -0.0008782482734457625 0.001963270964374049 0.2076624167308352 0.07406713597730835 0.002182469145317211 -0.01244004032248435 0.0004799155025039483 -0.0008426840438472746
1000 0.2017905458572247 0.07505748845915852 -0.0111803497410896 0.0004228951405956883 -0.0007368372223863328 0.001314325804375926 0.2077394213508764 0.07396626196406167 0.001555786326046448 -0.01242792171884809 0.0003393588680422478 -0.0006973227907913811
1010 0.2017625272423079 0.07491049157521597 -0.01112760918623903 0.0002447328949137165 -0.0005128667070654997 0.0003789799095901222 0.2077100212357887 0.07381852552951619 0.0006312718316105123 -0.01237508722037066 0.0001585339804936464 -0.0004714118115109582
1020 0.2017820572663339 0.07475030123025292 -0.01108761604341035 6.461250825748033e-05 -0.0002724509365779795 -0.0005139064497454921 0.2077284471163759 0.07365900468112471 -0.0002674191389998927 -0.01233433684011714 -1.812086202639989e-05 -0.0002319095277680508
1030 0.2018002987030945 0.07466585783698945 -0.01105909831549628 -5.170672897989326e-05 -9.663905508468636e-05 -0.00111670701240338 0.2077459373430432 0.07357700868998271 -0.000895243953743566 -0.01230459117232024 -0.0001244566462357299 -6.029151689031209e-05
1040 0.2017623691664365 0.07461102118037728 -0.01100726040267753 -9.596927081293701e-05 -3.374938091061403e-05 -0.001329892037055173 0.2077071073799526 0.07352499876217847 -0.001150549930215021 -0.01225154801836644 -0.0001523547686900641 -4.671710227023539e-06
1050 0.2017432117914338 0.07474147953118161 -0.01099038575889734 -0.0001468055315823536 2.293057230218646e-05 -0.001455164751987061 0.207686229838718 0.07365632489251413 -0.001327507032480884 -0.01223427235066641 -0.0001815973589045373 4.269522301074457e-05
1060 0.2018317719040899 0.07499599957316259 -0.01103464169421838 -0.0002003018329703281 8.018800877372496e-05 -0.001474105515817729 0.2077725964753452 0.07390819170412176 -0.001397611663707327 -0.01227941307372172 -0.0002113427594733522 9.034836936093292e-05
1070 0.2018534103190444 0.07510565157853001 -0.0110472941888542 -0.0002052233504314925 9.404283195113933e-05 -0.001302223336186764 0.2077921746560782 0.07401124306843837 -0.001264911372595198 -0.01229439099171621 -0.0001954586988054759 9.649307453813719e-05
1080 0.201771127840899 0.07514518766475757 -0.01102709893247993 -0.0001405189687433356 5.66655462412408e-05 -0.0009814791188172297 0.2077084280704817 0.07404162479037121 -0.0009616935473057865 -0.01227772484236857 -0.0001183170431912932 5.520123271628015e-05
1090 0.2018032480126773 0.07520756444175471 -0.01104952003088216 -5.444988798254212e-05 7.701399676270002e-06 -0.0006477995418826749 0.2077399135857547 0.07409453312143338 -0.000620790944454952 -0.01230418036451564 -3.130123568609468e-05 6.880580582342746e-06
1100 0.2019377467629339 0.07509880747129266 -0.01108049757697586 3.963050318153824e-05 -7.908811937593526e-05 -0.0002177441938600479 0.2078741413298553 0.07397726190816961 -0.0001605635024640831 -0.01233895732345757 5.186315044289829e-05 -7.488085404326299e-05
1110 0.2019439673980402 0.07485168694434481 -0.01104891443019667 0.0001821266255101326 -0.0002630638423662708 0.0004949528881008196 0.2078801804556015 0.07372336366379022 0.0006003735738304305 -0.01231040665199509 0.0001737844254543142 -0.0002503389243737642
1120 0.2019037787614552 0.07467460595373551 -0.01100732755133525 0.0003211979115982939 -0.0004583450956201266 0.001197543373963543 0.2078401791157901 0.07354252707890478 0.001363670417537124 -0.01227054654115095 0.0002859281989070995 -0.0004347342246512748
1130 0.2019843196290548 0.07456080950036396 -0.01100929713672213 0.0003952489338961141 -0.0005952953654628575 0.001652435737336059 0.207921159466106 0.07342823304177326 0.00188749763336373 -0.01227287437577877 0.0003296441344453817 -0.0005593030536935807
1140 0.2020239982870021 0.07442876049929427 -0.01099043402380092 0.0003749555095038269 -0.0006119441353412933 0.001688823560891184 0.2079613446879172 0.0732980188176082 0.00199787867174403 -0.01225339065353974 0.0002772951718912999 -0.0005626515865470834
1150 0.2020049963111605 0.07438212634445861 -0.01095685477664607 0.0002926026649837496 -0.0005198602721247326 0.001317088240712963 0.2079428330986886 0.07325381272904664 0.00170025056764768 -0.01221888939013232 0.0001626587336125466 -0.000457136687543487
1160 0.2020460535653069 0.07447552096332086 -0.01096583791953804 0.0001662500278161792 -0.0003680346769060703 0.0006431691666080236 0.2079841360660586 0.07334870073581985 0.001091994358208326 -0.01222725252830911 6.662059847929123e-06 -0.0002931999927134756
1170 0.202026764325014 0.07457205305579562 -0.01096672194242522 3.541237433099192e-05 -0.0002397068991183051 -2.527183093511563e-05 0.2079650063790102 0.07344490833257276 0.0004689438762725856 -0.01222801927427174 -0.000146509688654958 -0.0001561936535137682
1180 0.2018696659368125 0.07452837041761137 -0.01091250652061885 -8.326854238827357e-05 -0.0001206288048269439 -0.000650961438916762 0.2078080414773083 0.07339995854117162 -0.0001410649868154578 -0.01217394436920158 -0.0002755561207430338 -3.366527816119844e-05
1190 0.2016739851298799 0.07440486272730061 -0.01084118992779614 -0.000199212841947225 2.573312797288538e-05 -0.001323263734239197 0.2076124188483794 0.0732758630854804 -0.000829745345045042 -0.0121026317377366 -0.0003876805121550948 0.0001103203765307979
1200 0.2014987509551296 0.07435939249237317 -0.0107891539675343 -0.0003077900372896752 0.0001702743448690601 -0.001934244481141923 0.2074372595957149 0.07323071049720049 -0.001483386183741685 -0.01205042764723665 -0.0004796812291039904 0.0002475325883530824
1210 0.2014036990608258 0.07453036339833655 -0.01078267785838155 -0.0003673426839692093 0.0002645840322143434 -0.002299150133807783 0.2073414244994823 0.07340215394758266 -0.001905791901239173 -0.01204381726496651 -0.0005144142826066503 0.000331573575994261
1220 0.2014126468560786 0.0747331986656222 -0.0107945065820487 -0.0003240712148868657 0.0002574871662802608 -0.002285023093763246 0.2073494257701924 0.07360519191238203 -0.001952102672358952 -0.01205567268782657 -0.0004435066257165374 0.0003134582502564377
1230 0.2014347717059557 0.07487342916658501 -0.01080173165114166 -0.0002445727790660535 0.0002112970087248438 -0.002120906864038579 0.2073706139688948 0.07374415261856547 -0.001841415089697403 -0.01206340635218306 -0.0003384092434416023 0.0002573506510434482
1240 0.2015083019600319 0.07487493007584643 -0.01081735917363062 -0.000145506534157105 8.21586279637573e-05 -0.001677575430125336 0.2074430286832426 0.07374228797302576 -0.001436664487849522 -0.01208024943473293 -0.0002195632773260947 0.0001208343073539516
1250 0.2017383217296611 0.07472640308605125 -0.01086513381094953 -5.385689276625148e-05 -6.900260532734622e-05 -0.001097615419117059 0.207672120540818 0.0735894278035723 -0.000874735831494506 -0.01212960536416752 -0.000116779001246077 -3.40835357215624e-05
1260 0.2018722497358663 0.0746143418771132 -0.01090151580638908 -3.169206179553608e-05 -0.000136277946808086 -0.0007346551044408625 0.2078056191733354 0.0734740166459532 -0.0005044208138902497 -0.01216727493707684 -9.455935149987145e-05 -0.0001005663552655712
1270 0.201788866883326 0.0745839907515615 -0.01089623162200175 -9.221125459406026e-05 -0.0001040393113703307 -0.0006718096737119433 0.2077225081785943 0.07344293423427894 -0.0004068908015648278 -0.01216233044459838 -0.0001677246456945578 -6.253199419727133e-05
1280 0.2015426390464041 0.07451976761096302 -0.01081662509508627 -0.0001027574621896219 -8.744505388272202e-05 -0.0005047980409930418 0.2074767940101827 0.07338081156314442 -0.0001810938418730931 -0.01208213247939851 -0.0002031762230757809 -3.558830385619552e-05
1290 0.2013434972548648 0.07456344200840696 -0.01074411121647389 -2.331188899257705e-05 -8.68132761253107e-05 -0.0003430778551703425 0.2072786398437018 0.07342711928721443 5.278733365645961e-05 -0.01200885270929895 -0.0001571522133984903 -2.182920094489788e-05
1300 0.2014526492648942 0.07461612973202891 -0.01075418583871974 8.464962606499532e-05 -0.0001127735654528039 -0.0003094538063526689 0.2073884131676351 0.0734787103462386 0.0001570012684966974 -0.01201930080022506 -8.450494755146172e-05 -3.458849826213757e-05
1310 0.2015947586504889 0.07459249897859446 -0.0107648677132292 0.0002482086890247155 -0.0003029024199337315 0.0001500690428490398 0.2075303240807614 0.0734488582264992 0.0006691514558251925 -0.01203198036445254 5.034600400966408e-05 -0.0002145337550637831
1320 0.2016168667387441 0.07435111080625809 -0.01073117079983978 0.0004599238419776599 -0.0006643867415724356 0.001154170769483614 0.2075521465104607 0.07319931588574552 0.001696757274543996 -0.01200107091952191 0.0002471401895177427 -0.0005711030367273697
1330 0.2015699060935324 0.07411176226071335 -0.01069529346582958 0.0006049273164527 -0.0009220473386640698 0.001880687395064143 0.207505605467509 0.07295526233774471 0.002420113987848241 -0.01196683511616987 0.0003925401148790499 -0.000829055714092668
1340 0.2015717488180636 0.07407668232245407 -0.01069439450529416 0.0006423879846292829 -0.0009758220049357934 0.002009970326135099 0.2075088935984079 0.0729229055589655 0.00253264615662091 -0.01196521303477186 0.0004406780314668724 -0.0008861499349027331
1350 0.2016823679384022 0.0742647729132942 -0.01074750294611105 0.0006548276054907876 -0.0009851013250717258 0.001969879583459565 0.2076206169030676 0.07311785527252429 0.002475481521590453 -0.01201620070971653 0.0004658561585685916 -0.0008990795591379706
1360 0.2017809372598159 0.07448900866130333 -0.01081179044172138 0.0006722152048504835 -0.001025623697312444 0.001998268078906541 0.2077186354830809 0.07334616854374762 0.002495544047550086 -0.01207896327255375 0.0004909378226742717 -0.0009415615916902999
1370 0.2018405368648455 0.07459175760397052 -0.01085648619527532 0.0007048543556389441 -0.001071015844906709 0.002048940820055412 0.2077773067639623 0.07344778286365118 0.002547285981404293 -0.01212379748322862 0.0005243785170990742 -0.0009869721866956082
1380 0.2017890016617891 0.07462120595160203 -0.01085997883825984 0.0007157488394540124 -0.001064895932859977 0.001952639983542864 0.2077248923269428 0.07347289782014391 0.002457260855126668 -0.01212882189837942 0.0005316285831968874 -0.0009797569211267797
1390 0.2016946459195794 0.07463984694941644 -0.01084450665798152 0.000660319977636769 -0.001019225792130816 0.001710057674171674 0.2076296968315299 0.07348661736156462 0.002221862181574778 -0.01211546549829132 0.0004714487122009118 -0.0009327527103481438
1400 0.2016769685901496 0.07460837869021751 -0.01083663322212138 0.0005530588462925479 -0.0009532529942174606 0.001398288198573718 0.2076111107154149 0.07345199264876155 0.001917635142905477 -0.01210930649105447 0.0003600613212979917 -0.0008654469637356777
1410 0.2017076371053991 0.07449515961580727 -0.01082504752243526 0.0004505514329995067 -0.0008550520705516779 0.001012695906248568 0.2076415514532805 0.0733384544242871 0.001539978492236662 -0.01209826925961612 0.0002544220083745329 -0.0007659063510595267
1420 0.2016975008721057 0.07437429161989705 -0.01079801982590232 0.0003121527395984963 -0.0006664862763400183 0.0003069676562293432 0.2076316265218838 0.07321939509199039 0.0008393861294976465 -0.0120705313258265 0.0001143555100203814 -0.0005764169721293204
1430 0.2017069225202389 0.07425782083918235 -0.01077632598562413 0.0001504950701772047 -0.0004685186563005316 -0.0004545362481540439 0.2076413646124234 0.07310584643710272 7.503847833606213e-05 -0.01204727368175327 -4.62569443199993e-05 -0.0003787946544988872
1440 0.2017395520764579 0.07416736755167845 -0.01076677329160324 2.355423334684803e-05 -0.0003056079079119191 -0.001040318819047238 0.207674671944297 0.07301920719953239 -0.00052755866572949 -0.01203568564798379 -0.000167626647342951 -0.0002185128003853484
1450 0.2016708175478814 0.07413029812973909 -0.01072936526561647 -4.167899080275956e-05 -0.0001904144621998704 -0.001423415867087092 0.207606668181378 0.07298664111924205 -0.0009440551872770832 -0.01199614229770234 -0.0002212926640183483 -0.000108803588268853
1460 0.2015778032605318 0.07409918239053337 -0.01067856516698958 -7.799117561129221e-05 -0.0001377769316665924 -0.001609866961893128 0.2075138238835728 0.07295894026389423 -0.00117850657109074 -0.01194371524765152 -0.0002395221313560126 -6.440457328869049e-05
1470 0.2015875977295188 0.07417182572974676 -0.01067657768862294 -0.0001203284225879392 -0.0001096088943411395 -0.0016691246754607 0.207522883972201 0.0730324987669843 -0.001294551560789713 -0.01194112599309991 -0.0002583645198043338 -4.637193478789299e-05
1480 0.201636979492445 0.07434516742215908 -0.01071596791754579 -0.0001834804128892115 -3.628411309349848e-05 -0.001773646576756606 0.2075711828606633 0.07320387887903597 -0.001455895870387982 -0.01198110855658341 -0.0002957897520801389 1.649246066121468e-05
1490 0.2015422540007133 0.07447456984094034 -0.01072022738008204 -0.0002481818196437544 5.395875791543074e-05 -0.001899425369631616 0.207475416507699 0.0733285736031299 -0.001628842616535412 -0.01198708201781387 -0.000337244530281221 9.780351615873661e-05
1500 0.2013900167318656 0.07458282784171553 -0.01070653443576145 -0.0002739480689786649 9.777543079671448e-05 -0.001875859213003796 0.2073223131803463 0.07343050126478833 -0.001635161653900856 -0.01197598102292408 -0.0003465210235720243 0.0001356977159725944
1510 0.2013481536734598 0.07472145353867193 -0.0107267548397038 -0.0002245198858879879 8.18414206175828e-05 -0.001644425071062631 0.2072802952961381 0.07356242343002976 -0.001413975113166597 -0.01199921492969858 -0.0002898481645834374 0.000117468716844537
1520 0.2014040264157156 0.07477823893313817 -0.01076218145649497 -0.0001283500344010918 3.217213428624831e-05 -0.001334542095754757 0.2073363920509541 0.07361278358686697 -0.001096383888728179 -0.01203761101599946 -0.0001957877193036037 6.894054024064862e-05
1530 0.2014783572497447 0.07469789739587099 -0.01078357863974809 -1.428073173680774e-05 -7.747266442837258e-05 -0.0008931905188668211 0.207410676253881 0.07352648196392084 -0.0006331603460986692 -0.01206161519062705 -9.133695479662799e-05 -3.685263350310126e-05
1540 0.2015443129183147 0.07455214247422928 -0.01078869474155836 0.0001371023120933874 -0.0002898506992876238 -0.0001429697949862924 0.207476644266838 0.07337625996599334 0.0001475885202585114 -0.01206854088452349 4.606178240522631e-05 -0.0002437371711573636
1550 0.2016256243218146 0.07434414624818179 -0.0107909792377859 0.0002591579560017393 -0.0004922778016710563 0.0005600209892812326 0.2075581459976666 0.0731667537798872 0.0008865254891547913 -0.0120713466645358 0.0001522641089603876 -0.0004396987753301569
1560 0.2016866954173185 0.07416954701949049 -0.01079662729415817 0.0002694208341423463 -0.000545520599087585 0.000775785938693198 0.2076197905407793 0.07299445826449168 0.001143884696773955 -0.01207604232687677 0.0001454057776623976 -0.0004855516329645985
1570 0.2017279062175496 0.07415171989094047 -0.01080990685523541 0.0001287140094124732 -0.0003928585854152133 0.0003102407794237397 0.2076619808696116 0.07298229930601662 0.0007248158751013912 -0.0120872053440694 -1.403795479954302e-05 -0.0003246410596557343
1580 0.2017980412226961 0.07429424075054659 -0.01085579226190739 -9.636112373656884e-05 -0.0001505426662138369 -0.0005114400696149296 0.2077327927047036 0.07313104996024634 -4.814617581338772e-05 -0.01213070396057335 -0.0002597005125731129 -7.351955200043988e-05
1590 0.2015123872027068 0.07424286555795061 -0.01077543178346577 -0.0002690760016212553 2.881232512695911e-05 -0.001158489772588935 0.207447321499335 0.07308337617574102 -0.0006513489501818329 -0.0120486402486817 -0.0004528969053931452 0.0001140366665504267
1600 0.201115863802976 0.07415233080277089 -0.01064126139263269 -0.0003064801553003425 0.0001345096144616345 -0.001562502742784778 0.2070515660341875 0.07299423009617149 -0.0010279156870807 -0.01191375861382321 -0.0005058321488078298 0.0002252340189278869
1610 0.2011026484127703 0.07424445828883165 -0.01061880812231572 -0.0001945869870824776 0.0001194703613439407 -0.001690214752260352 0.2070394852484123 0.0730860272060182 -0.001155591891020234 -0.0118914855641063 -0.0003989384553452608 0.0002108988292841475
1620 0.2013737297568979 0.0744402220337199 -0.01069692763619086 -4.734677720477308e-05 1.084834390159081e-05 -0.001531531858845183 0.2073107778656166 0.07327908291448476 -0.001028596256552299 -0.01197064707577289 -0.0002427107004473126 9.722175671287285e-05
1630 0.2015248174694374 0.07445541719823676 -0.0107303898652002 0.0001887526378428433 -0.0003053926742826172 -0.0006116367862152868 0.2074608237086114 0.0732900928584716 -0.0001667870136491503 -0.01200559183814418 1.616689804232431e-05 -0.0002291110129493471
1640 0.2014123243657294 0.07412160650808165 -0.01065166074457269 0.000446181530425272 -0.0006778835181430572 0.0005808307046329847 0.207347085852457 0.07295348878148664 0.0009561167257664002 -0.01192770713551426 0.0003054441851216222 -0.0006142354691005233
1650 0.2013193568783113 0.07394052016761586 -0.01061185032005368 0.0005919012332329483 -0.000895927879635458 0.001375227358177186 0.2072535664984977 0.07277358120416018 0.00169179176249714 -0.01188730579192018 0.0004829724427696133 -0.0008435748901274202
1660 0.2014120140598186 0.07399792718964383 -0.01064751487635682 0.000626521012154461 -0.000963843677614482 0.001766192068401729 0.2073462437577269 0.07283626840187686 0.002055448567536796 -0.0119211914598567 0.0005384430508369387 -0.0009175595496815432
1670 0.2015439746938663 0.07413318284553508 -0.01070372188432493 0.0006523704224071029 -0.0009955620761268888 0.002045327031902704 0.2074778053614189 0.07297660269616357 0.002349211999442334 -0.0119758286833884 0.0005654747721492672 -0.0009476907537930013
1680 0.2015526028631739 0.07426553942875029 -0.01073515924959827 0.000682924753701984 -0.001016632898742911 0.00221590570130174 0.2074855388252367 0.07310967685667633 0.002574011405214646 -0.01200712216013856 0.0005754724833426383 -0.0009595583089154936
1690 0.2015610991636 0.07441107943424688 -0.01077455721122472 0.000714255449396118 -0.001054678436026354 0.002347044901914535 0.2074933868409559 0.07325121095080658 0.002784946457429704 -0.01204808756133014 0.0005701884183192755 -0.000983257993593124
1700 0.2015654283248615 0.07451744701588181 -0.01080691821773465 0.0007185896438791635 -0.001071005242306366 0.002367472826010591 0.2074974654305506 0.07335102063399787 0.002889844627893183 -0.01208294743861991 0.0005324359969841197 -0.0009839387826279266
1710 0.2014802266385 0.07452248110111631 -0.01079100716183227 0.0006559695232810368 -0.001017987073169692 0.002102488115940824 0.207412435033947 0.07334998552801819 0.002696939797989548 -0.01206941528116341 0.0004322186390708612 -0.0009172670068401741
1720 0.2013757543729345 0.07447683329044154 -0.01075516938390706 0.0005372371031470922 -0.0009162680295095266 0.001612059319121716 0.2073088252667681 0.07330153286854528 0.002255640868117396 -0.01203476543767365 0.0002872425841841278 -0.0008060545384888122
1730 0.2014378405978587 0.07444020308820805 -0.01076451799485809 0.0004160689994738979 -0.0008196541219390257 0.001096994043756022 0.2073720339376674 0.07326561668495357 0.0017595958233372 -0.01204382008928614 0.0001549915352413558 -0.0007054766141515153
1740 0.2015389217290429 0.07434203181006441 -0.01077322733116238 0.0002548395507917303 -0.0006312937572343213 0.0002860331121195118 0.2074738175143125 0.07317061146651628 0.0009342850658303091 -0.01205089418353283 -1.335633454620371e-06 -0.0005192139295584959
1750 0.2015471691331123 0.07414249862835036 -0.01073864300574304 7.841055183704038e-05 -0.0003855785110465304 -0.0006682822910023899 0.2074823804323969 0.0729757268957785 -6.702096336087019e-05 -0.01201380901035639 -0.0001581056180298983 -0.0002815177156607873
1760 0.2014890237036277 0.0740206085286902 -0.01069844796666373 -5.671746559584693e-05 -0.0001841738084161753 -0.001430895674972812 0.2074246384575784 0.07286043462264973 -0.0009049672933567114 -0.01197045339043624 -0.0002613422852282387 -9.330776853101962e-05
1770 0.2014704649469967 0.07403710593587669 -0.01068144588455058 -0.0001268482660525834 -8.714715685424031e-05 -0.001822361458834045 0.2074063294489077 0.07288518424693609 -0.001392209091415687 -0.01194989602975286 -0.0002907927794425507 -1.328163163952104e-05
1780 0.2015009269116123 0.07405244579195594 -0.01066850286317132 -0.0001695319028593473 -4.283025889159897e-05 -0.001973591793935696 0.2074362858731937 0.07290789353946332 -0.001646476574892147 -0.01193384354550715 -0.0002885961813355638 1.240344376909597e-05
1790 0.2014873955538328 0.07417851439461438 -0.01066858252023113 -0.0002062975552652425 5.477280993923104e-06 -0.002026821702642722 0.2074213306750301 0.07303815520980542 -0.001795680253798695 -0.0119320694593898 -0.0002814947018492307 4.294478347813257e-05
1800 0.2014542819511028 0.07441697328201272 -0.01069437386465946 -0.0002484252111752086 6.669046220072972e-05 -0.002033073976555649 0.2073867937262345 0.07327659639170205 -0.001877569211465017 -0.01195767476948387 -0.0002867460910274886 8.979106566985555e-05
1810 0.2014569581022428 0.074604955491981 -0.0107295151524205 -0.0002622186046922419 8.530197311275801e-05 -0.001862929792111786 0.2073883275411767 0.0734605147272742 -0.0017518121290744 -0.01199431816703943 -0.0002763470798142442 9.957963219134203e-05
1820 0.2014327604406069 0.07467352521903299 -0.01074351901203442 -0.0001971730909193361 4.260341634994799e-05 -0.001460479082128742 0.2073634387601572 0.07352227005483195 -0.001356646018031685 -0.01201119660045425 -0.000203799443729233 5.485849497304453e-05
1830 0.2014010026070532 0.07470307077564596 -0.01075351767651183 -8.930682491497333e-05 -6.639183274639363e-06 -0.001052501108398603 0.207331785964678 0.07354419585443309 -0.0009210359780931327 -0.01202467625758468 -0.0001055752485590567 1.017067899873485e-05
1840 0.2014973072695841 0.07466681679439578 -0.01079209493809907 1.303260169517117e-05 -9.032807451251812e-05 -0.0006149204480273097 0.2074284186817012 0.07350093676991358 -0.0004296238441712249 -0.01206656309143465 -2.674038562220408e-05 -6.38966741892844e-05
1850 0.2015873073817666 0.0744945898856061 -0.01080467780929606 0.0001562154642821653 -0.0002942786520698524 0.0001632165157457603 0.2075184338814173 0.07332297364959142 0.000417536287809589 -0.01208176131813243 8.463700914103887e-05 -0.0002552406880861386
1860 0.2015889290889911 0.07425864123633336 -0.01077771590145981 0.0003050040874323567 -0.0005169438753663495 0.0009740512657343156 0.2075203409969642 0.07308414667007974 0.001301688659197463 -0.01205607837657464 0.0001992887829631954 -0.0004644082942999093
1870 0.2015930719766325 0.07411303633171216 -0.01076508593954196 0.0003766525477015565 -0.0006291131368551465 0.001371938152377681 0.2075253902238115 0.07293958393471708 0.00176929995032581 -0.01204311652602983 0.0002389599018535538 -0.0005637478379303593
1880 0.2016380115075927 0.0740679144109392 -0.01077093384659904 0.0003148245119100027 -0.000581695897069473 0.001195362294186182 0.2075712824577075 0.07289870385825886 0.001654595106453818 -0.01204742398357219 0.0001495757886912435 -0.0005050171573862481
1890 0.2017487623763002 0.07410635168036266 -0.01079781039817097 0.0001687727651773574 -0.0004360965132493645 0.0006430174622664077 0.2076826882131252 0.0729418112618575 0.001152227485184919 -0.01207255367847224 -1.869160862297726e-05 -0.0003502237863871562
1900 0.2017819608296925 0.07420671512595843 -0.01081983286824964 2.360018457700476e-06 -0.0002453911986798082 -0.0001250934503781981 0.2077163366730161 0.07304522987419149 0.0004167640742873851 -0.01209327237640904 -0.0002007552839782417 -0.0001532821016250597
1910 0.2015503560612648 0.0742370530315408 -0.01076232692681739 -0.0001597285001665397 -5.876490177953192e-05 -0.0009466678381215275 0.2074851352962855 0.07307673375557057 -0.0003953970833465506 -0.01203504743618499 -0.0003694590440627005 3.54966955117045e-05
1920 0.2012588716481996 0.07414296437263372 -0.0106702587985904 -0.0002928218934355464 9.71104114671752e-05 -0.001638417648342847 0.2071942147499785 0.07298321117980718 -0.001106082341073682 -0.01194252552014702 -0.0004973417344157963 0.0001884295351442628
1930 0.2011470252215776 0.07415187379680792 -0.01063777909895483 -0.0003568353960365958 0.0002227063195365663 -0.002159872280123115 0.207082753121771 0.0729925516040773 -0.001674456040592982 -0.01190981916785542 -0.0005436384074103586 0.0003059710823242037
1940 0.2011641387972173 0.07425750982707831 -0.01063849497798989 -0.0003157344728374864 0.0002424410228893294 -0.002337777312851078 0.2070996455529734 0.07309831677492749 -0.001919036184695519 -0.01191062574876207 -0.0004748944099135018 0.0003138926265224705
1950 0.2011750913575635 0.07445454066471102 -0.01065209528908571 -0.0002356977604402846 0.000179110788225077 -0.002197353336282303 0.2071095903144682 0.07329464017262972 -0.001853129267323625 -0.01192462778664363 -0.0003619590880335877 0.0002370842725943571
1960 0.201276837514605 0.07454403628185534 -0.010687048301991 -0.0001037195105584207 1.031071819272469e-06 -0.00161242025263591 0.2072100185131358 0.07338279889492412 -0.00133678442034895 -0.01196009951502282 -0.0001975890419718873 4.63392684423218e-05
1970 0.201514824867451 0.07439891556145022 -0.01074115639981475 6.764787796871615e-06 -0.0001616265823309881 -0.001005483576549614 0.2074468593145847 0.07323641965985353 -0.0007788550422049276 -0.01201458482500006 -6.124878762132782e-05 -0.0001257042521231427
1980 0.2015996892254181 0.0743039758554454 -0.01077430763053738 2.551351511284842e-05 -0.0002140406879180544 -0.0006955212300235287 0.2075311237821081 0.07314107770753615 -0.0004869766620565881 -0.01204777726056046 -2.885851123053843e-05 -0.0001821358541139843
1990 0.2016052111744969 0.07435530783210036 -0.01081147949379925 -9.072275678088309e-05 -0.000116421847420695 -0.000816362039899642 0.2075366131580082 0.07319361988388529 -0.000589735152812003 -0.01208461193785242 -0.0001478187388323809 -8.199589188349347e-05
2000 0.201423409189491 0.07428807455684419 -0.01076227752699034 -0.0001868031165095626 -2.114637830013013e-05 -0.0008598104133973274 0.2073549510909991 0.07312856394617195 -0.0005810978550174271 -0.01203484109444988 -0.0002640757642753721 2.223438464536877e-05
2010 0.2010638522231626 0.07421616813259529 -0.01063851137075446 -0.0001296340373693064 -1.317443379130503e-05 -0.0006674621785673046 0.206995989699948 0.07305833013401303 -0.0003135612758503767 -0.01191072877387127 -0.000240990181949793 4.378568634927302e-05
2020 0.2010610493402859 0.07431981321132487 -0.01062352906315083 -5.668784208775688e-06 -3.231516973771923e-05 -0.0005854206903480749 0.2069941869764998 0.07316145819753454 -0.0001517812667681706 -0.01189615195091879 -0.0001568866041253128 3.950514768177915e-05
2030 0.2013342050344815 0.07446234626271285 -0.01068962929709051 0.0001416853065673584 -0.000157844912947199 -0.0002827453844216299 0.207267613583851 0.07329968786486568 0.0002154403027874055 -0.01196378589452715 -4.494703434351656e-05 -7.358209902350141e-05
2040 0.201446949379402 0.07425718343764098 -0.01068118244713255 0.000361893813845744 -0.0005089542207382502 0.0007100230612473484 0.2073800395270838 0.07308754847826487 0.001243976925482956 -0.01195760703554192 0.0001530503264375619 -0.0004173902448130379
2050 0.2013248239328978 0.07392757592188762 -0.0106087825752989 0.0005609486807240668 -0.0008422143567602687 0.001691316840044647 0.2072580417483911 0.07275306025371202 0.002229918423162333 -0.01188667797452771 0.0003470216002354861 -0.0007492771977151213
2060 0.2012790330543217 0.07389399262418722 -0.01060191792585114 0.0006293816190166083 -0.0009454046383720561 0.001992842752679917 0.2072135546701326 0.07272144416259874 0.002515434442349172 -0.01187912376043252 0.0004245441299293107 -0.0008554356582674629
2070 0.201470322009766 0.07404111290600343 -0.01067135677384165 0.0006294022953540197 -0.0009544757026921363 0.001967396107727335 0.2074062698648739 0.07287623541020649 0.002468121631373353 -0.01194603927125911 0.0004395172061885468 -0.0008689659370079403
2080 0.2015896104811207 0.07422863886475017 -0.0107331077034613 0.0006410053068722258 -0.0009843398096352619 0.001995317480370647 0.2075252957152951 0.07306959919555461 0.002480034141334709 -0.01200559680356277 0.0004631624956497955 -0.0009022325130911991
2090 0.2016289413053851 0.07436280062794212 -0.01077356918091691 0.0006701589082264859 -0.001016414774773426 0.002014335248590709 0.2075634877958761 0.07320423405784603 0.002493238217516489 -0.0120456120608539 0.0004972072501139463 -0.0009356531606099141
2100 0.2016338990406859 0.07445420190764378 -0.01080442067682003 0.0006953488848288105 -0.001035497488804006 0.001970925896975394 0.2075675478295891 0.07329221862283637 0.002451439832717394 -0.01207765145704348 0.0005212898062456099 -0.000954547807291885
2110 0.2015830039670086 0.07448769212712635 -0.01080944191208061 0.0006818359003151075 -0.001032007207166971 0.00186101046716191 0.2075156653631017 0.07332100679754248 0.002345439586197858 -0.01208462697416731 0.0005043561871416741 -0.000950358134454277
2120 0.2014891506096752 0.07446812036116397 -0.01078358195736164 0.0006000949089925693 -0.0009729440649701373 0.001574078060578052 0.2074208239049606 0.07329804029481078 0.002062968838498794 -0.01206055398028928 0.0004194591604096575 -0.0008905362118239591
2130 0.2014234567941978 0.07441653568586212 -0.01075320131613026 0.000491832460640414 -0.0008810734008928483 0.001187043394867803 0.2073548042802928 0.07324597119077975 0.001680735560159616 -0.01203092975404987 0.0003091680824876151 -0.0007979146177603199
2140 0.2014733922230831 0.07436061529859739 -0.01075536763157531 0.0003800941179879328 -0.0007661105934178738 0.0007081692436071845 0.2074048987615028 0.07319179569746211 0.001206025595647334 -0.01203263146642922 0.000196615582826495 -0.0006823058166960608
2150 0.2015196707743653 0.07425543263201773 -0.01074573643954438 0.0002194202765314804 -0.0005753412367344796 -2.229143720786626e-05 0.2074512933619428 0.07308918482072591 0.0004754733077555626 -0.01202169382074207 3.680818071142994e-05 -0.0004915281817131316
2160 0.2015559500256646 0.07410266460636242 -0.0107259728510012 6.270086147836823e-05 -0.0003635086508169782 -0.0007628406272036585 0.207488068428524 0.0729397783842841 -0.0002744884131301037 -0.01200006266587314 -0.0001163654624745612 -0.0002811344062821951
2170 0.2014996979762713 0.07401396686853912 -0.0106914390498793 -4.511892804541061e-05 -0.0001875124491489406 -0.001348126505256867 0.2074327902674323 0.07285568718782984 -0.0008824815362921032 -0.01196330992463395 -0.000216590121863937 -0.0001087548338762272
2180 0.2014308139334441 0.0740085587825339 -0.01065707322457127 -9.808021756693236e-05 -0.0001138439832053157 -0.00161675902942725 0.2073646170537584 0.07285527081259921 -0.00118780366451377 -0.01192676768664185 -0.0002567742433932453 -4.118614333919133e-05
2190 0.2014478601200836 0.07405809309071899 -0.01064935380478535 -0.0001428411661942701 -7.685826983499297e-05 -0.001725164580090741 0.2073816643520502 0.0729083511536034 -0.001344064745450525 -0.01191748098629316 -0.0002831804591319987 -1.253148040767567e-05
2200 0.2014759748912326 0.07421509973293665 -0.0106729367673829 -0.0001883795062974291 -1.780555871503182e-05 -0.001811486102548489 0.2074090541031727 0.07306615650072486 -0.001483494378946579 -0.01194056280878216 -0.0003061014735350824 3.692352911793364e-05
2210 0.201403990976758 0.07439095642218203 -0.01068568777263275 -0.000235128307825734 4.964645141789802e-05 -0.001881831680740427 0.2073360112313672 0.07323927423592003 -0.001604017284188549 -0.01195416609751093 -0.0003293436531822311 9.50352144788401e-05
2220 0.2013459085308319 0.07455924208820205 -0.0107049809775219 -0.0002511819493897826 6.855167721976143e-05 -0.001781981882394257 0.2072768531850937 0.07340189421242931 -0.001543302551720974 -0.01197563665164673 -0.0003252335069501252 0.0001064101224848166
2230 0.2013492230725671 0.07467543139068893 -0.01073463939934039 -0.0001926138091797813 3.880870204329631e-05 -0.001487542917759652 0.2072794529185602 0.07351119950109844 -0.001271152309005489 -0.01200827593913124 -0.0002537003737220812 7.216753721557202e-05
2240 0.2013530023828598 0.07468155284726202 -0.01075149427090373 -8.967591615890297e-05 -8.179459971938582e-06 -0.001156905501768002 0.2072832196815187 0.07351043397984316 -0.0009441957930408596 -0.01202829258271876 -0.0001469757045835153 2.417563167453716e-05
2250 0.2014176542723253 0.07460538920466404 -0.01077426115371408 1.680838013026633e-05 -0.0001063815931693946 -0.0007314550102818636 0.2073479481232779 0.07342802150295084 -0.000505693156502039 -0.01205387408780111 -4.541639658213622e-05 -7.185696140001389e-05
2260 0.2015012413196113 0.07446831863236478 -0.0107869857829637 0.0001610289042654731 -0.000309518091052676 2.018096765815332e-05 0.2074314810696624 0.07328653774372623 0.0002719244576123614 -0.0120685080199905 8.741299194686568e-05 -0.0002704069226286257
2270 0.201551306267677 0.07423441053516172 -0.0107738627487361 0.0003005460120177549 -0.0005250117987646355 0.0007975575861607587 0.2074819503008544 0.07305122484556087 0.001085461033384766 -0.01205595461532956 0.000211194752937267 -0.0004794590859775513
2280 0.2015459037706495 0.07404608416621973 -0.01075367552417777 0.0003599530014358549 -0.0006285900891556698 0.001185736056949765 0.2074773875007913 0.07286509738961107 0.001518872176210823 -0.01203488762386213 0.0002516923468371972 -0.0005750157347827323
2290 0.2015744503827958 0.07402132251521636 -0.01075523531981793 0.0002829890739448124 -0.0005510315220592742 0.0009634729844919765 0.2075068502647541 0.0728455476834291 0.00134929557110439 -0.01203452398767369 0.0001531480767805014 -0.0004881341353629049
2300 0.2017242291508194 0.07410519244621371 -0.01079994639571636 0.0001189995307446439 -0.0003763952019282822 0.000357416790184775 0.207657407703995 0.07293529947744777 0.0007992802976993572 -0.01207704997242559 -3.460723794410175e-05 -0.0003034093101470199
2310 0.2017273179470803 0.07418339985350207 -0.01081372999926271 -5.347501954927201e-05 -0.0001946498431856392 -0.0003440865333609222 0.207660987462988 0.07301720451864142 0.0001495732537422946 -0.01208923951235579 -0.0002308314869545656 -0.0001120509729337658
2320 0.2014177706685532 0.07416337638112176 -0.01072579306861441 -0.0002085261435770722 -9.357709881305418e-06 -0.001092127999283612 0.2073518218626379 0.07299866584945007 -0.0005619961377097273 -0.0120004527516346 -0.0004048628764931965 8.033578682812408e-05
2330 0.2011365279856709 0.07409773254635325 -0.01063748144250525 -0.0003238073372808857 0.0001572134272080544 -0.001767260288273495 0.2070713618651699 0.0729337667079526 -0.001227104615967021 -0.01191167109648065 -0.0005288407321637921 0.000249376549322052
2340 0.2011019199036442 0.07414660280076839 -0.01062421693999288 -0.0003369234680671426 0.0002196587189765697 -0.002110290057833132 0.2070374168685827 0.0729830631735056 -0.001590983213496554 -0.01189819469961152 -0.0005371809031403883 0.0003087132610403259
2350 0.2011743540766484 0.07427457933802249 -0.01063908980069921 -0.0002726569032476854 0.0002073203018677898 -0.002190104678090207 0.2071098239059697 0.07311084850084429 -0.001719044055208358 -0.01191320146795039 -0.0004549377669112524 0.0002881571887319157
2360 0.2011747611563186 0.07446742691754167 -0.0106503120002915 -0.0001562613668700001 9.546981553174225e-05 -0.001890004326483457 0.2071094364964684 0.07330276450992035 -0.001485281691576755 -0.01192480069232085 -0.0003105163251447414 0.0001645496470728009
2370 0.2013351475072479 0.07441189381773597 -0.01068589108299026 1.858322663564081e-06 -0.000129395256543971 -0.001184673203688496 0.2072686690893494 0.07324619031475169 -0.0008503400501155962 -0.01196066517629695 -0.0001198019434929222 -7.31532699310843e-05
2380 0.2015328839595067 0.074231271564923 -0.01072700199387948 0.0001080114721542568 -0.0003065338368235685 -0.0005467966793764365 0.2074652267094453 0.07306516479984992 -0.000271031082912608 -0.01200169427117227 1.659879063679301e-05 -0.0002613884199638903
2390 0.2016065706869758 0.07417008371719307 -0.01076087439169012 9.449374928975475e-05 -0.0003050083079129167 -0.0003899465050929474 0.2075383766680684 0.07300525587303555 -0.0001462170462080828 -0.01203504269279887 2.33898319855337e-05 -0.0002664653439981998
2400 0.2016462730371938 0.07420454128309625 -0.01079926840027583 -6.887601587647414e-05 -0.0001409816311139358 -0.0007368199140864443 0.2075780996072267 0.07304262526054089 -0.0004895677013053832 -0.01207255060915522 -0.0001357748368572133 -0.0001026394769762069
2410 0.2014724250934176 0.07415890604555378 -0.01075674854115273 -0.000220109323402496 -2.162351458548964e-06 -0.000970990464166699 0.2074040388214011 0.07299940220903606 -0.000684948928987772 -0.01202932444931693 -0.0003010267518151601 4.263852988980691e-05
2420 0.2010751749787192 0.07408023741566762 -0.01062501638387468 -0.0002184949092598596 5.984471161406678e-05 -0.0009640220818494186 0.2070070206134621 0.07292149810344534 -0.0006144926288242334 -0.01189756483860786 -0.0003282041063683708 0.0001160255735364768
2430 0.2010160187539198 0.07418697612426137 -0.01059376165194216 -9.049659760130746e-05 3.426124944973124e-05 -0.0008753155168669672 0.206948852656238 0.07302640623240869 -0.0004559928973326413 -0.01186729420975799 -0.0002355571464346033 0.0001034406173797465
2440 0.2012705812754846 0.07438446734193034 -0.01066403610515383 6.192781514323246e-05 -7.361307106333976e-05 -0.0006535158025146862 0.2072037201988395 0.0732185964859251 -0.0001770079045662589 -0.01193962992384682 -0.000115141815474521 6.637527294195517e-06
2450 0.2014266770653785 0.07432870189628567 -0.0106846181687057 0.0002815893109551029 -0.0003865427201810004 0.0002237449947666963 0.2073596668494075 0.0731553507777995 0.0007312300799224089 -0.01196284248987334 8.442052468250782e-05 -0.0002998648295656647
2460 0.2013411432497766 0.07398697772790443 -0.0106191520172443 0.0005106344154284413 -0.0007590501029486041 0.001335478934972263 0.2072742125723046 0.07280817612395654 0.001845244785299331 -0.01189911902098453 0.0003093171803994992 -0.0006713916099764973
2470 0.2012477118088166 0.07385433636585066 -0.01059094456473163 0.0006262762544168064 -0.0009413838639628845 0.001905951717426611 0.2071817772987728 0.07267628823474268 0.002399487484312649 -0.01187048137531193 0.0004340584921560253 -0.0008566614609482259
2480 0.201378739218183 0.07395460739539816 -0.01064101257057004 0.0006334611968859316 -0.0009616889109110055 0.001973770743136336 0.2073142444457048 0.07278380231244554 0.002448046172740693 -0.01191805645347338 0.0004554630048542762 -0.0008809596498855644
2490 0.2015372669348197 0.07415603092477435 -0.01071387193410609 0.0006361608101903148 -0.0009708075452738378 0.001991536374778068 0.2074727896501696 0.07299227557974144 0.002456032505708686 -0.01198836247765262 0.0004683852959751687 -0.0008924602964790663
2500 0.2015876715076755 0.07430056551696065 -0.01075808428085899 0.0006567922837125023 -0.001000898021135828 0.002035325065252553 0.2075219171631117 0.073138484975762 0.002504453760679815 -0.01203174393098167 0.0004900601739626785 -0.0009221032743170631
2510 0.201594226175018 0.07440114482386033 -0.0107911694476772 0.0006900193062991477 -0.001033938830826366 0.002053823579143012 0.2075273835294728 0.0732357763650605 0.00253805248605086 -0.01206592450075019 0.0005162680872517678 -0.0009525382303803262
2520 0.2015564490124368 0.07447146953615683 -0.01080749659877145 0.0006982875800178541 -0.001039960052862438 0.001981750206313792 0.2074887019403665 0.07330082600699606 0.002483068867882407 -0.01208435855392831 0.0005145155715919529 -0.0009554122250988764
2530 0.2014633478749486 0.07446834536081338 -0.01078778380681614 0.0006375590586165714 -0.0009965590418249284 0.001730309028608977 0.2073946438988912 0.07329328606385699 0.002244636523399911 -0.01206667445976765 0.0004454670431235086 -0.0009095545683823835
2540 0.2013648202682272 0.07442124102777441 -0.01074909821163564 0.0005237402807241352 -0.0009107919117262095 0.001332671104859584 0.2072958722424785 0.07324486855015512 0.001854629088814297 -0.01202897368390739 0.0003271854006799185 -0.000822399655363393
2550 0.2013788511943548 0.07437940643805978 -0.01074148567416541 0.0004110320341724567 -0.000806726541844884 0.0008789875045769693 0.207310322831376 0.07320478436261577 0.001402627581748882 -0.01202093548417201 0.0002141921519854809 -0.0007180799676759772
2560 0.2014654832844681 0.0743232797827752 -0.01075104436082222 0.0002588423555190977 -0.0006281571047247694 0.0001692537581884912 0.2073971659249689 0.07315173409687836 0.0006868813534162963 -0.0120290462971106 6.563203973394413e-05 -0.000540573896939966
2570 0.2015076510322063 0.07416540806530797 -0.01073111953587332 8.648541416206262e-05 -0.0004108764630490777 -0.0006298811564478251 0.2074395248524221 0.07299742780229165 -0.000128680365511425 -0.01200711288300174 -9.930351879966011e-05 -0.0003260713912006096
2580 0.2014693218728099 0.07401920902097163 -0.01069309156622306 -4.497370914629281e-05 -0.0002048664192333849 -0.00131707307317905 0.207401928488546 0.0728560035659634 -0.0008453638503813316 -0.0119666869402576 -0.000219229991200198 -0.000125000716835101
2590 0.2014063131192068 0.07400737004313401 -0.01066282162678662 -0.0001131552883242782 -9.00371929290025e-05 -0.001715033203284329 0.2073397614685902 0.07284999688022042 -0.001286223679949895 -0.01193388461451952 -0.0002713774184292284 -1.743238828765988e-05
2600 0.2014230307821729 0.07404012370954681 -0.01065185939967467 -0.0001570056842289641 -5.604241869918774e-05 -0.001836322269341061 0.2073566400324073 0.07288785711735202 -0.001460483001025637 -0.01192078193801357 -0.0002946304964009778 7.325361895048442e-06
2610 0.2014580441483226 0.0742005016125125 -0.01067354644544808 -0.0001982387321242637 -1.447849366490121e-05 -0.00187790406726993 0.2073910383963039 0.07305072785788957 -0.001558886996281298 -0.01194131900983044 -0.0003117881701260679 3.862172012362571e-05
2620 0.2014091958581113 0.07440488673593311 -0.01069190451644054 -0.0002345476096064977 5.540338522272783e-05 -0.001930576223016116 0.2073411063637676 0.07325394736754924 -0.001664680215607965 -0.01195993921701313 -0.0003234449145174996 9.862109189694432e-05
2630 0.2013638560453712 0.07457093635011876 -0.01071237530777699 -0.0002402537920567795 6.63665776284328e-05 -0.001795067903185374 0.2072946462192947 0.07341510304939483 -0.001570226543390603 -0.0119822093849865 -0.0003081860652625024 0.0001017074591445583
2640 0.2013813531012558 0.07468212219032908 -0.01074530769915749 -0.0001763892594636215 1.417603634773869e-05 -0.00142756549746663 0.2073113191121253 0.07351917668277023 -0.001224998883042949 -0.01201811579636221 -0.0002310955227543415 4.497908636951789e-05
2650 0.2014082087679756 0.07469031150731698 -0.01077016756837187 -7.547511164511262e-05 -2.543929517775233e-05 -0.001091359001580201 0.2073379566147499 0.07351989978242889 -0.0008901041152239683 -0.01204637629832118 -0.0001270872016263122 4.744933620180782e-06
2660 0.2014569870164586 0.0745811227602481 -0.01078600085770737 3.248452427972712e-05 -0.0001170000014820116 -0.0006639772292123734 0.2073868804810196 0.0734040361151156 -0.0004453434989601456 -0.01206527208215736 -2.579901555040374e-05 -8.386479046989593e-05
2670 0.2014967439765442 0.07442394446303453 -0.01078506700813421 0.0001764570167917616 -0.0003273999135322654 0.0001118091832640612 0.2074267237614453 0.07324203203311908 0.000362082790820094 -0.01206646778331043 0.0001042014909464421 -0.0002886293385148867
2680 0.2015558476328315 0.07424185719812215 -0.0107812671296834 0.0003119519227445656 -0.0005343358120307593 0.0008779238623019807 0.2074862042613236 0.0730582833689013 0.001169845317799917 -0.01206341681844693 0.0002212249094335795 -0.0004880907274545621
2690 0.2015729941146188 0.07406834496672811 -0.01076724090029232 0.0003782039059326714 -0.0006361492266147878 0.001270508282965682 0.2075043522719512 0.07288685794202206 0.001611846914105714 -0.01204861717155611 0.000266234885317507 -0.0005810737962865837
2700 0.2015523056625575 0.0740035702273534 -0.01074862439464007 0.0003269770754135099 -0.0005965466253974243 0.001151015071194139 0.2074846996159188 0.07282675087363923 0.001547508618517904 -0.01202825609278552 0.0001918596473031784 -0.0005316458081630467
2710 0.2016586439476717 0.07407879527428125 -0.01077658820632916 0.0002007812221585268 -0.0004678498491453293 0.0006839093913837782 0.2075917059081883 0.07290719197671082 0.001136744380859267 -0.01205427162237576 4.154869500185557e-05 -0.0003927901718708397
2720 0.2017421518759864 0.07416879259058203 -0.01080828000026697 5.176810344189356e-05 -0.0002984531049768621 1.350552642359504e-05 0.2076757247236258 0.07300076575058556 0.0005160354116214163 -0.01208448686791826 -0.0001302572296203614 -0.0002141659259732421
2730 0.2015468497585208 0.07418181003220677 -0.01075551761355094 -8.724328686463305e-05 -0.0001394150834046298 -0.0006850498050967247 0.2074809896604302 0.07301525730151327 -0.0001498922101796761 -0.01203085824928839 -0.0002863251368922332 -4.874839369290757e-05
2740 0.2012938576307409 0.07412504874378567 -0.01067889115170335 -0.0002221789118292692 1.568101648907641e-05 -0.001371418456195883 0.2072285498904616 0.07295935890455779 -0.0008299435411241317 -0.01195362823886561 -0.000427781821643011 0.0001080889604825241
2750 0.2011604975944615 0.07408403358103156 -0.01063974878534832 -0.0003322307107740513 0.0001690502353973995 -0.001986487411925623 0.2070957083403838 0.07291975201585622 -0.00146821097286009 -0.01191383225322367 -0.0005313105803748384 0.0002578422240314968
2760 0.2011014851596719 0.07416493059084507 -0.0106274525716331 -0.0003538490417811718 0.0002441843819032791 -0.002310793209658236 0.2070367991257067 0.07300208574388063 -0.001839946822011637 -0.01190099549444515 -0.0005345721596235841 0.0003248152352781008
2770 0.2010873613422264 0.07434680409678039 -0.01062927146552029 -0.0002997967457923485 0.0002351339407113613 -0.00234022494842797 0.2070220580394912 0.07318502774622587 -0.001931809642449112 -0.01190251879010131 -0.0004539401572835947 0.0003046736296973238
2780 0.2011463476090548 0.07457527975002325 -0.01066530786416687 -0.0002218829613099847 0.0001555331987918449 -0.002101196590329477 0.2070800341082404 0.07341371871666388 -0.001758895733150336 -0.01193849810834278 -0.0003460455330880877 0.0002130760621938253
2790 0.2013314347627694 0.0745172479632196 -0.01071096662132242 -0.0001148141658772316 -1.194600295781144e-06 -0.001569518039562266 0.2072639884503701 0.07335475514716398 -0.001284792046002919 -0.01198440213020403 -0.0002109064898432102 4.563607902420221e-05
2800 0.2014948924207184 0.07435229639968553 -0.01074615122235564 -4.757470609162031e-05 -0.0001110885420179938 -0.001111175521009669 0.2074263995359225 0.07318839555266184 -0.0008645202208991594 -0.0120199731153905 -0.0001227041930923934 -7.168022927627389e-05
2810 0.201537412484605 0.07437207488918655 -0.01078553777601604 -7.527812166734775e-05 -0.0001074492619446799 -0.0009624932416458235 0.2074684063903477 0.0732076253083213 -0.0007264789060628121 -0.01205955433384613 -0.0001410962811850326 -7.062625326989885e-05
2820 0.2014377793435619 0.07435134363980216 -0.01077407733361574 -0.0001367905401376939 -6.905202754631423e-05 -0.0008697967358224853 0.207368808495433 0.07318811386950094 -0.0006131121814130086 -0.01204782035625182 -0.0002080905389456162 -2.908625095066036e-05
2830 0.2011482416106459 0.0742646352859538 -0.01067698927128989 -9.418141304039681e-05 -7.627094593318284e-05 -0.000584292172220169 0.2070796071223685 0.0731035943937972 -0.0002795898297859527 -0.0119501550362266 -0.0001855133899502254 -2.793003561273987e-05
2840 0.2010348915203092 0.0743384562837606 -0.01063250418965949 6.206278677429973e-06 -6.855344441883892e-05 -0.0004789918251320444 0.2069670344719634 0.07317860164073334 -0.0001101880241711863 -0.01190546608427269 -0.0001155107302626423 -8.52578891886985e-06
2850 0.2012351733398605 0.0744298077756482 -0.01067471948731114 0.0001252319145369926 -0.0001457863757465039 -0.0002718129560497278 0.2071675735204422 0.07326778050602462 0.0001616931460353848 -0.01194851194696819 -2.967796660234373e-05 -7.362261677541147e-05
2860 0.2013680498712531 0.07428696806639355 -0.01067708235986316 0.0003223061933629185 -0.0004489668468419756 0.0005933171858779405 0.2072999172665697 0.07311888487785874 0.001077499427231326 -0.01195287175242593 0.0001397370390229876 -0.0003670211778833139
2870 0.2013175948049084 0.07400557677411927 -0.01062510653423502 0.0005265334969827479 -0.0007907419184649208 0.001604521576927463 0.2072494148708877 0.07283164290353458 0.002116525276687992 -0.01190277757962931 0.0003281540803101069 -0.0007032323459349915
2880 0.2012596450827277 0.07390175469873042 -0.01060494198912098 0.0006201993379306534 -0.0009318607682447956 0.002018264572819607 0.2071926710708902 0.07272744058270998 0.00253840005108623 -0.01188277698050331 0.0004185118161980084 -0.0008427672905285069
2890 0.201373498273957 0.07398747471585916 -0.01064645790021215 0.0006381864527983603 -0.00096714884967975 0.002056136201079971 0.2073082980639724 0.07281898277338293 0.002574308627149496 -0.01192245909506431 0.000440906519162 -0.0008787150273601098
2900 0.2015033885356717 0.07418973017659658 -0.01071135575572731 0.0006543847293406863 -0.0009983874648697663 0.002074143461607828 0.2074387982233965 0.0730278318570214 0.002588642508923021 -0.01198500067981539 0.0004626149673212331 -0.0009109696097373226
2910 0.2015884081283816 0.07436265478406845 -0.01076638020212098 0.0006818365460611724 -0.001032914414731349 0.002084809455489528 0.2075232210442031 0.07320343210734769 0.00259804613079904 -0.01203878684110324 0.0004925939225638774 -0.0009458972471300123
2920 0.2015962955468325 0.07443546205735747 -0.01079193300924258 0.000711136095271648 -0.001061783779161873 0.002058425391416897 0.2075306410564929 0.07327508894442239 0.002571441409167303 -0.01206452961266272 0.0005217285534974967 -0.000974822027357129
2930 0.2015270123137843 0.07447016009529288 -0.01078817932271118 0.0006943122317586789 -0.001046978636758004 0.001901291805990054 0.2074607300731496 0.07330667162330272 0.002411882914689114 -0.0120619484748831 0.0005045367384507115 -0.0009604107656624071
2940 0.2014860161449379 0.07449492896590447 -0.01078386653615458 0.0006054440462997788 -0.0009809615051238067 0.00158665852022631 0.2074187489545085 0.07332894510519285 0.00209240091767821 -0.01205893959372408 0.0004167714018348034 -0.0008952886691094204
2950 0.2015047557722855 0.07442615169957584 -0.01077647493915475 0.0005005405305670054 -0.0009022431693430406 0.001245722931355332 0.2074367689145813 0.07325976599376087 0.001746322859487839 -0.01205222107221763 0.0003143667638004339 -0.0008176348805350459
2960 0.2015238127383036 0.07430270256808412 -0.01076015773000764 0.0003908514445654544 -0.0007762356848848554 0.0007494002811876523 0.207455563206065 0.07313799843953263 0.001245372188205432 -0.01203552376209548 0.0002079026293091657 -0.0006926329361875077
2970 0.2015321143593553 0.07419462080886531 -0.01073914853334169 0.0002286269456494493 -0.0005670975709236227 -3.141612763904482e-05 0.2074637376198691 0.07303272722470401 0.0004581720398228253 -0.01201324891374694 4.94946908110315e-05 -0.0004847078307772281
2980 0.2016079524017429 0.07409421910335695 -0.0107388673831349 7.440042400786091e-05 -0.0003709207665725609 -0.0007432619849473656 0.2075398392858789 0.07293610020968069 -0.0002662789762098466 -0.01201107142232474 -9.953174313237291e-05 -0.0002906318175071162
2990 0.2015777079789152 0.07400665149630273 -0.01071051857498763 -1.772283990293666e-05 -0.0002342685866729472 -0.001213220035694672 0.2075103873598854 0.07285318649373228 -0.0007589287737724338 -0.01198050929149285 -0.0001837350605697907 -0.0001576645701628071
3000 0.2014623613142132 0.07398663386995362 -0.01065871573766419 -6.048929104222307e-05 -0.0001557310705304827 -0.001478817067428129 0.2073956857247636 0.07283787967034841 -0.001058723347429085 -0.01192660847538292 -0.0002144709791657755 -8.482522153293382e-05
