"report"
"Iteration" "cd etc.."
("Iteration" "cd" "cl" "cmx" "cmy" "cmz" "cx" "cd-scale" "cl-scale" "cs-scale" "cmx-scale" "cmy-scale" "cmz-scale")
10 0.1487482485376164 0.07378997104704403 -0.02029619268447617 0.0003111473045584593 -0.0001850780490686739 0.0001320566245694382 0.154581632744252 0.07211023349483224 0.0003760444365960327 -0.02115535917762107 0.0002549393550512771 -0.0001620206005433366
20 0.1720147898797585 0.07123337817717448 -0.01623051003879739 -0.0001784781363587059 0.0001778380322160152 -0.001189340184073117 0.177219113613055 0.06883467869280736 -0.0008614952656938031 -0.01740722182419587 -0.0002385113680463167 0.0002061555827914625
30 0.1847485315503555 0.07610559879574738 -0.01730395564480298 -0.000188240591756304 -8.350896006687692e-05 -0.001327745245325789 0.1898516361708558 0.07354451810838118 -0.001148520178054637 -0.01881569417438946 -0.0002819192448447892 -6.038262015691891e-05
40 0.1893053042813212 0.0776506681517391 -0.01716241488350327 1.6340960141864e-05 -0.0001088491859914359 -0.001019454598336821 0.1943423892104328 0.07521847566027441 -0.001124686772001314 -0.01875649452737257 -5.637442701487712e-05 -0.0001094607476750059
50 0.1908611590936196 0.07643738523817779 -0.01624955930308627 0.0002902379092537255 -0.0002178477752205891 -0.0002126406758701495 0.1957791981493639 0.07410238482865911 -0.0005360915855040975 -0.01773395268568492 0.0002671475149422888 -0.0002389919485252215
60 0.1921868686124807 0.07672786144619233 -0.01575487582190371 0.0003129305476800409 -0.0002338210424407804 0.0007546674481875708 0.1969617888272421 0.07424332198203908 0.0003568929056613009 -0.01730326180377427 0.0003355394361144213 -0.0002665650927270909
70 0.1926780663684698 0.0762084063706778 -0.01533877923374197 0.000282980666439812 -0.0003182359870373549 0.001814981907093966 0.1974559354058692 0.07350272897240366 0.001583894170728478 -0.0170272069478637 0.0003051292456930408 -0.0003406876088298359
80 0.1937217955100126 0.07575589718477353 -0.01493406894295218 0.0003917534412355637 -0.0004221035922699815 0.002937728175611587 0.1986202557659756 0.07309396833198357 0.00281272196131003 -0.01660444342281875 0.000431578255442207 -0.000435394675388406
90 0.1945464116447513 0.07625249193877759 -0.01456346691627559 0.0004830771811102391 -0.0004500185634406158 0.003461383139083264 0.1995850389699217 0.07391583154211469 0.003349005627611742 -0.01605141315833682 0.0005499093495830616 -0.0004636343195270762
100 0.1949287460269326 0.0763382084655046 -0.01432525051524359 0.00045826380475977 -0.0003909911263178651 0.003763172230125861 0.2000450747202787 0.07433328517427222 0.00361876560845237 -0.01564189138125193 0.0005470898759834019 -0.000411129492881644
110 0.1952710712116285 0.07568100034979168 -0.01414903759417178 0.0003857856616531112 -0.0002684337713721828 0.003933919793658623 0.2004034540241854 0.07394137179123024 0.003735060991763156 -0.01536485169130779 0.0004876449063311312 -0.000298270148407009
120 0.1957492896159231 0.07542806999122044 -0.01400725412439469 0.0003014927055012403 -0.0001209217740610423 0.003797900523837268 0.200905696667771 0.07392027968062496 0.00351607370842852 -0.01516551743484423 0.0004221387357737887 -0.0001637205849266182
130 0.1967051946244194 0.07538108074453366 -0.01384084625293224 0.000257496534892205 -3.592988975469919e-05 0.003634187572343408 0.2018922230264147 0.07404896615236102 0.003286832492434668 -0.01496086323660821 0.000402377455135776 -8.811368089827026e-05
140 0.1976961462276075 0.0751146328439011 -0.01365242158028219 0.000221252081217059 -9.11146801540057e-06 0.003363607291882583 0.2029036544352137 0.07389543859721337 0.003014570969159796 -0.01474910634522929 0.0003776091859329297 -6.111581816356564e-05
150 0.1980575823971721 0.07509092551552853 -0.01353518918155881 0.0001296020790661464 4.53058031040288e-05 0.002935863711162138 0.2032754418933092 0.07391510914152762 0.002648589821436042 -0.01463063959574651 0.0002707309936447012 2.321918852661513e-06
160 0.1981318057373588 0.07511653380056313 -0.01354592824976546 2.344509483792331e-05 0.0001229748911615522 0.002481252410697193 0.2033446231067407 0.07390038815132921 0.00231030927625609 -0.01466803210537986 0.0001170610851455268 9.627997619720509e-05
170 0.1982635323598053 0.07475756632603191 -0.01361424622784548 -5.399238588177579e-05 0.0001696833189614461 0.001783334728116964 0.2034657188147014 0.07343534546052004 0.001756631229218303 -0.01478565642524062 -2.932769405392147e-05 0.00016317854727313
180 0.1980879755360723 0.07439095174882147 -0.01370004296368746 -0.0001013807674672548 0.0001756970957940132 0.0007813978456454673 0.2032818948090603 0.0729076302973926 0.000876851263374381 -0.01494512811952894 -0.0001381435417731198 0.0001870953620640371
190 0.1976715413605189 0.07411061447927306 -0.01381671876670863 -0.0001305642203361107 0.000156879692154369 -0.0001627066402973179 0.2028683421165523 0.07243198572423981 -5.33509450717702e-06 -0.0151523834710154 -0.0001995321536531865 0.0001785449989981934
200 0.1974007089355629 0.07367955003092909 -0.01392370081447104 -0.0001500315601819242 0.0001301774323591237 -0.0008284573116633223 0.2026161187023672 0.07182712259891062 -0.0006735359090710604 -0.01534252155166418 -0.0002219980611930814 0.0001530983424727636
210 0.1971050236491628 0.07346343397078578 -0.01399162093030117 -0.0001647457803702266 0.00011666897872398 -0.001276010348362652 0.2023492869165505 0.07149102032558872 -0.001158237018617467 -0.01547025263618986 -0.000225609707005168 0.0001352495898882502
220 0.1966963127672701 0.0736028001422664 -0.01405188980273675 -0.0001706681390573797 0.0001191338367195598 -0.001539547088454751 0.2019652014524183 0.07155579945661421 -0.001466784734583036 -0.01556681488973566 -0.0002174640592529223 0.0001314643138037295
230 0.1964884949792962 0.07366778288666391 -0.01412738933702982 -0.0001592893159503506 0.000102142305978143 -0.001587764369239538 0.201774705366461 0.07157845294405606 -0.001561053700220109 -0.01566066116949107 -0.0001911716122884855 0.0001077039692763571
240 0.196401044422239 0.07363505326793456 -0.01418743160630805 -0.0001349916233841454 6.811174385918403e-05 -0.001509360932312284 0.2016993185983442 0.07152958951172875 -0.001531354602428133 -0.01572566571642415 -0.0001483202490658637 6.649560523923914e-05
250 0.1962317475472309 0.0737555643378292 -0.0142339299173869 -0.0001032076105228202 3.831356136068102e-05 -0.001375841887366557 0.2015350842697113 0.07164917680456287 -0.001444701437942771 -0.01576851278645827 -9.531098787844115e-05 2.985412804134698e-05
260 0.1962252224696823 0.07383939858065533 -0.01429597167680126 -6.215302610208168e-05 5.412071867280708e-06 -0.001165239912250482 0.2015282528720285 0.07174066348289976 -0.001268082520602936 -0.01582245800249775 -3.596089641139764e-05 -8.098762207800744e-06
270 0.196341969882898 0.07375738285674037 -0.01434039311306791 -4.421801668900641e-05 -9.4625021515255e-06 -0.001009440687182408 0.2016439503728156 0.07167243117137043 -0.00112627395358509 -0.01585745748307824 -8.218349958013221e-06 -2.525371798703406e-05
280 0.1962552096431555 0.0736753084551222 -0.014327114156322 -5.985399449474518e-05 5.766091766344462e-06 -0.0009396533129011528 0.2015542098402605 0.07160387153756501 -0.001047120087403456 -0.01583553653975833 -2.515546923292009e-05 -9.076031868231689e-06
290 0.1961872728776508 0.07359891830929358 -0.01431186421094026 -8.83439919734548e-05 3.033461062960636e-05 -0.0008672844853077371 0.2014804916423184 0.07153703839912137 -0.0009475249295324846 -0.01581407820908549 -6.521684451556533e-05 1.907098081032463e-05
300 0.1962952723207379 0.07345121388478201 -0.01432165558936993 -0.0001157291277827757 4.399702384928253e-05 -0.0008024690065741869 0.2015839352382001 0.07139675175279607 -0.0008468457165602096 -0.01582066094015764 -0.0001103816333085836 3.773298471767954e-05
310 0.1962775473525852 0.07333713826101693 -0.01430852069029494 -0.0001303950894850231 4.501515828356216e-05 -0.0007669556621790881 0.2015623736207411 0.07128745591840985 -0.0007760476656313096 -0.01580691577095555 -0.00014391249030445 4.390089386265677e-05
320 0.1961882724469316 0.07333073879082866 -0.0142943975581623 -0.0001267852674759688 4.220367382600053e-05 -0.0007400606125269869 0.2014679876592784 0.07128336545064959 -0.0007232600423436078 -0.01579342730205168 -0.0001554850497209607 4.514608666788677e-05
330 0.1962780925279718 0.07330940180983515 -0.01431532483479253 -0.000111524438932129 3.670334282642587e-05 -0.000724104255332099 0.2015523987892881 0.07126380226712342 -0.0006976673941943238 -0.01581560830938171 -0.0001486170074171346 4.163607892476345e-05
340 0.1963678276325868 0.07325759124809321 -0.01433556021547395 -9.650805323985146e-05 3.586993872597483e-05 -0.0007387146619010702 0.2016379459261627 0.07121230524514953 -0.0007188919836365785 -0.01583777027199204 -0.0001344348992328235 4.05812871804949e-05
350 0.1963370099181229 0.07326612195239297 -0.01433992869776202 -8.840810370232631e-05 4.382154849060581e-05 -0.000749732305214911 0.2016029105063258 0.07121910843515346 -0.0007498059763818266 -0.01584453620164942 -0.000120304835954637 4.638362592945544e-05
360 0.1963788811658287 0.07327541717033922 -0.014358749330866 -8.2234285612433e-05 4.231754074016127e-05 -0.0006865744786128377 0.2016423964634783 0.07122769451339049 -0.0007148321473699038 -0.01586555668108924 -0.0001028891815323817 4.138427049160927e-05
370 0.1964433624157297 0.07321368309857758 -0.01437529519022536 -7.974513604772567e-05 3.923961227062778e-05 -0.0005874624372477642 0.2017059694439022 0.07116704082081933 -0.0006440918138636099 -0.01588407293921485 -8.692630613692596e-05 3.45101017471947e-05
380 0.1963935232274066 0.0732015467040618 -0.01437595916608041 -7.913902054765166e-05 3.720289751176788e-05 -0.0004705032320966562 0.2016556497819385 0.0711571779170919 -0.0005469157993802039 -0.01588615435167077 -7.46727697557263e-05 2.958554761860388e-05
390 0.1963995052478721 0.07326401271633046 -0.01439817766327432 -7.146165144298296e-05 2.834510482547789e-05 -0.0003357618595961694 0.2016611490685356 0.07122371768510134 -0.0004171417293027865 -0.01590911087584659 -6.08706563950074e-05 1.970665429935239e-05
400 0.1964809715303445 0.07325057677513197 -0.01442892726681352 -5.794468445176027e-05 1.655272521067178e-05 -0.0002269486314675103 0.2017422602728643 0.07121494894765881 -0.0002989956726920645 -0.01594054326429369 -4.819077343601537e-05 8.834507999889374e-06
410 0.1964655818492862 0.07320117866435423 -0.01443447835952296 -3.986367526161813e-05 3.706103295966262e-06 -0.000144034227127057 0.201726260932294 0.07116884757035344 -0.0001977438091618273 -0.0159469686287479 -3.636386217875343e-05 -1.753383403640667e-06
420 0.1964529739220059 0.0732705923059753 -0.0144520744819452 -1.238945559625453e-05 -1.896894629668006e-05 -4.698399087543197e-05 0.2017126246383387 0.0712412348354011 -8.205687985962474e-05 -0.0159651886823076 -1.723789997369512e-05 -2.192297293197169e-05
430 0.196537552731498 0.0733290678636674 -0.01449054839208282 2.268524980193718e-05 -5.228988979213193e-05 6.801449661984575e-05 0.2017970380875672 0.07130277074610315 4.678087472587981e-05 -0.01600408714432659 1.037125750392893e-05 -5.326079458013436e-05
440 0.1965589347190831 0.07327446738085841 -0.01450276812593224 5.773875669014104e-05 -8.593023560871796e-05 0.0001915257935709408 0.2018185206587666 0.07125057222553995 0.0001766445922505645 -0.01601682128879233 4.081905823173629e-05 -8.589438235986529e-05
450 0.1965162709374794 0.07330237158933095 -0.01450753677858796 8.455903616719413e-05 -0.0001144055639889334 0.0003160447963644931 0.2017767301343807 0.07128177606010579 0.0003016846898786497 -0.01602168547127288 6.632953150327348e-05 -0.0001142006150603978
460 0.196578188457544 0.07339344804286962 -0.01454307948726866 9.328959982774892e-05 -0.0001281221838193572 0.0003978608594269061 0.2018396225774791 0.07137784386916222 0.000380894622798039 -0.01605679884879539 7.590781209854506e-05 -0.0001282089990393819
470 0.196636425248415 0.07334848016080724 -0.01456128896917683 6.947129185752557e-05 -0.0001067803310250314 0.0003593872245898645 0.2018991859005318 0.07133776625235937 0.0003410892503293762 -0.01607446106369517 5.305244804887606e-05 -0.0001070350366440507
480 0.1965766599589189 0.07330225567341647 -0.01454792797498389 1.980802562217366e-05 -6.371300274789172e-05 0.0002348968813558008 0.2018398757151525 0.0712962131079841 0.0002175097182454136 -0.01606048810787063 3.350141197850217e-06 -6.382079586016043e-05
490 0.1965768093953166 0.07332637982705442 -0.01454990782496314 -3.473288313957948e-05 -1.560573024917864e-05 7.46377182813424e-05 0.201840816956172 0.07132525217090768 5.836526717616292e-05 -0.01606150604620283 -5.197675702356756e-05 -1.547548655315919e-05
500 0.1966198071592296 0.07322628141651974 -0.01454073280994519 -8.313505291974611e-05 3.668499006351691e-05 -0.0001221077175126085 0.2018838678135532 0.07122848643426588 -0.0001389212221898317 -0.01605165091601981 -0.0001012765869705463 3.689115856278076e-05
510 0.196562834522769 0.0730717345733046 -0.01449707058748786 -0.0001094226579607086 6.738117753243176e-05 -0.0002639137946834383 0.2018273572429145 0.07107608005178931 -0.0002858502217560732 -0.01600754896779408 -0.0001271551674988351 6.706712155460602e-05
520 0.1965265209020576 0.0730773748689854 -0.01447673407371067 -0.0001070414556330007 6.528574735083546e-05 -0.0002988250882214941 0.201791656554075 0.07108452950898678 -0.0003324070866022204 -0.01598660269359491 -0.0001213822336378211 6.352322371759077e-05
530 0.1965862403676434 0.07308791910288448 -0.01448284474448104 -8.710772029706954e-05 5.416891289997385e-05 -0.0002674879593669398 0.2018522984469467 0.07109810496823368 -0.0003198360528162345 -0.01599190765810108 -9.418924101727382e-05 4.98788033781787e-05
540 0.196582434144662 0.07299713363296807 -0.01446379202173107 -6.545254581234704e-05 4.663848842092609e-05 -0.0002058621107500732 0.201849451426676 0.07100996473098582 -0.0002805752303848039 -0.01597203082621955 -6.213746834348565e-05 3.91577870139852e-05
550 0.1965429275947156 0.07301053955856984 -0.01445012986129592 -5.179533515758977e-05 3.628825224830888e-05 -0.0001096641032939247 0.2018105428756385 0.07102657720264204 -0.0002061934081781284 -0.01595739594091628 -3.671643409527366e-05 2.551284890890241e-05
560 0.196601623832091 0.07306592056450435 -0.01446958068092044 -5.224552309374532e-05 3.815714017474447e-05 -2.716567414576745e-05 0.2018700878269178 0.07108459900088895 -0.0001390188024313402 -0.01597595685524148 -2.691256355781853e-05 2.483688643679826e-05
570 0.1966433217058381 0.07296171411940709 -0.01446515189828105 -6.702499843675988e-05 5.819551653397125e-05 5.392080327577235e-09 0.2019122356362741 0.07098175095552067 -0.0001158556764833358 -0.01597103252600368 -3.609728404878863e-05 4.383771821800942e-05
580 0.1965780611917042 0.07290416245906087 -0.0144350242791002 -8.125945310474015e-05 6.872154864413122e-05 2.451676170351656e-05 0.201848602630072 0.07092612762476479 -8.228734665994102e-05 -0.0159402295679349 -5.128509674927631e-05 5.518661215191003e-05
590 0.1965596857971093 0.07299545128817504 -0.01443355342741201 -8.448151914451945e-05 6.595565032999374e-05 6.151468936676312e-05 0.2018317945265413 0.07101993572716626 -2.570385310745375e-05 -0.01593783302817848 -6.173570009627978e-05 5.485052110482512e-05
600 0.1965826289756431 0.07300102465397988 -0.0144328322333778 -8.068758457284564e-05 6.329855824091786e-05 7.750930496540783e-05 0.2018564892002497 0.07102684496224443 1.323783109442128e-05 -0.01593634950538669 -6.883787667669808e-05 5.528994091991601e-05
610 0.1965220844364249 0.07296958702764558 -0.01440560397788184 -7.062572389335419e-05 5.291554203567014e-05 9.877670440411604e-05 0.2017975492908309 0.07099601248159815 5.371314625682966e-05 -0.01590861164127127 -6.936969144472878e-05 4.765319130113518e-05
620 0.1964900532642377 0.07307417926214729 -0.01440295484914916 -5.487175330689401e-05 3.437204639990304e-05 0.0001451584530191117 0.2017671178877964 0.07110141037735974 0.0001093662253447007 -0.01590532443526176 -6.045634391863914e-05 3.060204068301237e-05
630 0.1965477139457171 0.07311711926679712 -0.01441822410737205 -4.24313650030695e-05 2.486427624979097e-05 0.0001755044779660998 0.2018261596027816 0.07114421982403231 0.0001396554668681556 -0.01592004254003325 -5.012204424157882e-05 2.129791378474066e-05
640 0.1965507682643519 0.07301449365578462 -0.01440138634364339 -4.29865351576495e-05 2.653836728563125e-05 0.0001723808431300294 0.2018304656879903 0.07104121667198642 0.0001297705850561156 -0.01590270288892989 -4.897086238309274e-05 2.221277411989412e-05
650 0.1965171462933026 0.07302072124666374 -0.01438716285580671 -5.250025437345659e-05 2.958001262924969e-05 0.0001696653375767936 0.201798574933445 0.07104799324734755 0.000118695809518229 -0.01588770561931069 -5.477454475051993e-05 2.418415755242464e-05
660 0.1965643674429934 0.07307032906747779 -0.01439908154740095 -6.529249389026721e-05 4.123124711645294e-05 0.0001525954156340583 0.2018471494580705 0.07109779346302436 9.546088703626177e-05 -0.01589886196345385 -6.428223491737579e-05 3.502331556256165e-05
670 0.1965921710966134 0.0729700812602198 -0.01438587425388841 -8.065697913530788e-05 5.995209687533296e-05 9.748419126827658e-05 0.2018763092570759 0.07099644626868128 3.908990769149449e-05 -0.0158852618363118 -7.857074510394185e-05 5.358460091893581e-05
680 0.196521404024191 0.07293622592312564 -0.01435394643200106 -8.859048425196198e-05 6.09444149039276e-05 7.253172641242244e-05 0.2018064964439704 0.07096142436073985 1.59287923241501e-05 -0.01585310926230032 -8.739998838036808e-05 5.486978123767667e-05
690 0.196509214654394 0.07304161224470912 -0.01435596402549504 -8.462621186003508e-05 5.271595099696531e-05 8.2671037255486e-05 0.2017951670650559 0.07106543646607748 2.810283261251387e-05 -0.01585485540339996 -8.486278124002917e-05 4.699188236491412e-05
700 0.1965524459806135 0.07302924835337206 -0.01435939937503973 -7.844141334797396e-05 5.60007745604199e-05 6.654692694806613e-05 0.2018382822190002 0.07105052418453725 1.185121536757628e-05 -0.01585836342058335 -7.947551392452088e-05 5.034410513370628e-05
710 0.1965132097309124 0.07296173806120959 -0.01433523098279241 -7.139974664511265e-05 5.121764744697871e-05 6.752389771176141e-05 0.2017996343483989 0.07098066690778286 9.198148289649342e-06 -0.01583431860049442 -7.155169812260281e-05 4.512081718069092e-05
720 0.1964897978133509 0.07302413542055618 -0.01433255865813301 -6.194220604230911e-05 3.590610069559865e-05 0.000114078340417445 0.2017764024677764 0.07104172307842052 4.928340273944453e-05 -0.01583157860506097 -5.928523086013065e-05 2.892431041797266e-05
730 0.1965510922361327 0.07302749555772704 -0.01434534562453281 -6.080256020598253e-05 4.128874865883733e-05 0.0001211632877983393 0.2018380059965126 0.07104380793834372 4.994964715275118e-05 -0.0158442004597433 -5.472045488545392e-05 3.337034444771728e-05
740 0.1965576178901511 0.07290704807033208 -0.01432786671712368 -7.128215838818843e-05 5.715330262286833e-05 8.546410052120817e-05 0.2018447425900699 0.0709224239547358 1.093952766600626e-05 -0.01582657318077075 -6.284485429718578e-05 4.868888332967789e-05
750 0.1965148948993936 0.07290774847069389 -0.01431191133344788 -8.032844733110363e-05 5.737624127869968e-05 8.302053859301841e-05 0.2018026397771982 0.07092341281231719 9.483883983274794e-06 -0.01581014635022836 -7.137487719045243e-05 4.894641327628272e-05
760 0.1965439532962217 0.07295848509799525 -0.01432061311163496 -8.418059609029137e-05 6.015466205564776e-05 7.842824372764808e-05 0.2018318098347342 0.07097419019118469 9.742925170626684e-06 -0.01581837024506338 -7.683901922426109e-05 5.233444332025243e-05
770 0.1965592869251082 0.0728798905954761 -0.0143089707592551 -8.78032426494364e-05 7.219817515659894e-05 3.418420440968827e-05 0.2018469468374105 0.07089448480290736 -2.815585328151735e-05 -0.01580666914131151 -8.361323523767564e-05 6.52573162159979e-05
780 0.1964917978397006 0.07287063363725381 -0.01428494551434416 -8.336752311352604e-05 6.272670928185686e-05 3.789231242951361e-05 0.2017794727789894 0.07088367256524128 -1.940801329456339e-05 -0.01578285610648044 -8.217310233664235e-05 5.653420645351676e-05
790 0.1964908829194935 0.07297209932134206 -0.01429408272201199 -6.917907667505625e-05 4.498111786342889e-05 8.616521555946637e-05 0.2017780831069929 0.07098325963015614 3.005458107074355e-05 -0.01579233466691802 -6.942359656897514e-05 3.903805080180288e-05
800 0.1965442862235701 0.07294191359083795 -0.01430169509818848 -5.887071366474947e-05 4.751330814643661e-05 8.989791747579322e-05 0.2018311406292559 0.07095034029626408 3.151621541886646e-05 -0.01580055234160311 -5.882842697953928e-05 4.133255992743756e-05
810 0.1965139221349941 0.07286731515723567 -0.01428244679991031 -5.411567307898791e-05 4.414650864535801e-05 0.0001027237990436429 0.2018004916967827 0.07087331445558054 3.942263431773493e-05 -0.01578198523338532 -5.218202618621386e-05 3.732392510854491e-05
820 0.1964989733085682 0.07292389734954879 -0.01428448870873204 -5.098476524722722e-05 3.212177664769756e-05 0.0001528583347563232 0.2017858353722319 0.07092856945915295 8.438156525000342e-05 -0.01578431962256684 -4.622106550832937e-05 2.455875130375814e-05
830 0.1965654722735508 0.07292273963222026 -0.01430032338108321 -5.666285299931038e-05 4.534084829278983e-05 0.0001428767691054565 0.2018519462859071 0.07092635124023161 7.182748146820686e-05 -0.01580032080871832 -4.989893588784478e-05 3.736580183290389e-05
840 0.1965665262134673 0.07280899575196491 -0.01428388803404607 -6.899688883583865e-05 6.232701215447399e-05 9.651099953562038e-05 0.2018533785931526 0.07081169799290138 2.690600382951443e-05 -0.01578399791184545 -6.216318371165714e-05 5.448192474931031e-05
850 0.1965129990634703 0.07282562320371387 -0.01426893847130548 -7.330777927234889e-05 5.339825553368993e-05 0.000110427806347172 0.2017998717873166 0.07082793949182162 4.50330861447264e-05 -0.01576906993399224 -6.793969189489367e-05 4.609191335428745e-05
860 0.1965361685571288 0.07289560428562959 -0.01428043230771545 -7.122643936918322e-05 5.117605327349006e-05 0.000118365834286175 0.2018230103125447 0.07089718437919014 5.78968848334184e-05 -0.01578058379917234 -6.818737587419676e-05 4.455818617910455e-05
870 0.1965535687909445 0.07283550979619503 -0.01427432402593625 -7.158362230596141e-05 6.396576678300541e-05 7.263861005675029e-05 0.201839997029055 0.07083534230775827 1.626374801893622e-05 -0.01577486555684022 -7.106543968466412e-05 5.796916795518076e-05
880 0.1964938922240332 0.07282520163653514 -0.01425538335851652 -6.611577512510555e-05 5.155496930175442e-05 8.800836479837638e-05 0.2017802564569228 0.07082338092258651 3.234214782559108e-05 -0.01575640098112651 -6.683543656465776e-05 4.573475535730504e-05
890 0.19649866605712 0.07291073184433983 -0.01426632010256883 -5.505749776756252e-05 3.449647055957588e-05 0.0001422598356890235 0.2017847886108922 0.07090746149246833 8.398275458942241e-05 -0.01576774520194766 -5.503216971059577e-05 2.837186156635065e-05
900 0.1965510514072503 0.07287502757754198 -0.01427461143923002 -5.504773688071807e-05 4.925038257788543e-05 0.0001181689312835825 0.201837098831934 0.07087015943452894 5.505679251643758e-05 -0.01577645476482145 -5.306057221424843e-05 4.249172058862498e-05
910 0.1965183920069879 0.07280088877264171 -0.01425626688407146 -6.248459808513175e-05 5.642863465105722e-05 9.70286099612588e-05 0.2018046563980765 0.07079504239791481 2.982773608516798e-05 -0.01575840555635858 -5.827765661460998e-05 4.907759666999005e-05
920 0.1964996208815783 0.07284989093443187 -0.0142567124617346 -6.632356769615195e-05 4.764721932455441e-05 0.0001292557629742723 0.2017862151145425 0.07084417859553852 5.971811213938481e-05 -0.01575875682556858 -6.0340531121558e-05 3.992066003497468e-05
930 0.1965530442163383 0.07285410484162801 -0.01426913778978703 -7.24957687900603e-05 6.309470006810876e-05 0.000104180704772739 0.2018398833012639 0.07084839847270566 3.553574346219771e-05 -0.01577099419496137 -6.62015203949836e-05 5.543332473139404e-05
940 0.1965394946602147 0.07277349804881464 -0.01425326914428942 -7.921853068626174e-05 7.703247440800122e-05 5.751009386135206e-05 0.2018263463401069 0.07076743419926428 -7.952214727651009e-06 -0.01575510518998307 -7.42307061821824e-05 6.9783665612591e-05
950 0.1964844507820828 0.07281742821534119 -0.0142426738603826 -7.437882905719507e-05 5.841201866513641e-05 9.410692291595154e-05 0.2017716284788075 0.07081117884079266 3.236645579804118e-05 -0.01574444379254632 -7.116698014419945e-05 5.167669400999844e-05
960 0.1965153915094858 0.07289388290996947 -0.01425891837681165 -6.476858253488794e-05 5.106271397510634e-05 0.0001235453310588086 0.2018022258503466 0.07088697548346416 6.402513833015974e-05 -0.01576074395146949 -6.296633067627885e-05 4.466990137156154e-05
970 0.1965418818507185 0.07283543855814534 -0.01425783780926168 -6.097934146375453e-05 6.3653364968444e-05 9.359821965336647e-05 0.2018287374744166 0.0708271049233886 3.431072113117748e-05 -0.01575996634854157 -5.98844301043955e-05 5.73389875010531e-05
980 0.1964933648592427 0.07282213449704235 -0.01424389371562629 -5.492549498647245e-05 4.932744674020421e-05 0.0001293609489183605 0.2017800441919412 0.07081278909652657 6.810167577133923e-05 -0.01574633896396855 -5.325594605263372e-05 4.276355563253163e-05
990 0.1965071786079302 0.07289706524072 -0.01425750471192734 -4.826112816830724e-05 3.495251322394259e-05 0.0001889628590308762 0.2017942309581023 0.07088739751799038 0.0001247295817997477 -0.01575996060115488 -4.499238874048109e-05 2.796847181301856e-05
1000 0.1965623783861691 0.07285208857275194 -0.01426617037658417 -5.492757301732125e-05 5.780300327181405e-05 0.0001488587801138553 0.20184923435109 0.0708420346430008 8.307807026617282e-05 -0.01576864969948045 -5.049891757778764e-05 5.057243100170374e-05
1010 0.1965297108348332 0.07277663918389811 -0.01424794122987817 -6.433270364558378e-05 6.514499977397651e-05 0.0001232789606290238 0.2018171249682304 0.07076660555449234 5.84969221321242e-05 -0.0157503239389168 -5.986289692083001e-05 5.80046445761009e-05
1020 0.1965060273754394 0.07283484544643526 -0.01424800805945192 -6.402404256985829e-05 4.906847389721411e-05 0.0001665306033145919 0.2017934460488552 0.07082539075753863 0.0001046577101355964 -0.015750119523891 -6.043447149227213e-05 4.229639610138637e-05
1030 0.1965500947444553 0.07285759052813003 -0.01426034725041483 -6.472995203238325e-05 6.029166157485608e-05 0.0001441751466883281 0.2018377012283985 0.07084820488304787 8.64316510162871e-05 -0.01576222240531196 -6.295562813904799e-05 5.40911617097726e-05
1040 0.1965335655728354 0.07278932901252415 -0.01424615463620056 -6.696283510900274e-05 7.098069978299719e-05 9.872082936995131e-05 0.2018209252362442 0.07077921009120229 4.458066456927484e-05 -0.01574812161240303 -6.738220626630671e-05 6.532340251265283e-05
1050 0.1964862382885444 0.07282815379394021 -0.01423792293728078 -5.956663874238733e-05 4.806731356919849e-05 0.0001460000233964641 0.2017736052295332 0.07081737619719226 9.310099309167694e-05 -0.01574001668384231 -6.111960899317683e-05 4.263438617198178e-05
1060 0.1965214588102221 0.07289319984914372 -0.01425469058612079 -5.174399913588135e-05 4.284843680639635e-05 0.0001751692733562151 0.2018083997509527 0.07088153324338302 0.0001205228880287585 -0.01575698181124464 -5.298554338833024e-05 3.72353681927546e-05
1070 0.1965463844875022 0.07282634153907187 -0.0142530621237797 -5.510263929787542e-05 6.335341251613048e-05 0.0001252246613354741 0.2018332388604154 0.07081354497185044 6.772588715374578e-05 -0.0157556504589522 -5.522939674484215e-05 5.737011019820482e-05
1080 0.1965001753415415 0.07279968090472282 -0.01423833499007937 -5.855808406808665e-05 5.535732985373966e-05 0.0001388923306268806 0.2017871387086797 0.07078647431680311 7.806400374854624e-05 -0.01574108642264966 -5.703370125787744e-05 4.890838516230394e-05
1090 0.196512375601198 0.07286113684508166 -0.01424916945406033 -5.95476821822013e-05 4.752537755573397e-05 0.0001758758896459585 0.2017994768664681 0.07084827535680349 0.0001130758770175318 -0.01575178831798993 -5.645815011521219e-05 4.075911156027977e-05
1100 0.1965586842477694 0.07282065868273886 -0.01425513186862698 -6.847959611471368e-05 7.516185459014134e-05 0.0001148692721624945 0.2018456766802368 0.07080784704239876 5.232746438398406e-05 -0.01575764988503454 -6.506842935600505e-05 6.839751973222593e-05
1110 0.1965181677492562 0.07276456822378588 -0.01423669990298478 -7.354386456296199e-05 7.809450822855859e-05 8.954079065926907e-05 0.2018052744042511 0.07075170250057057 2.947792207483178e-05 -0.01573916534988057 -7.103401933574982e-05 7.16393581220196e-05
1120 0.1964924638648169 0.07283646740201316 -0.01423783661027697 -6.596382991567736e-05 5.398127257498001e-05 0.0001494826980746412 0.2017793444035223 0.07082373401882221 9.190271632735788e-05 -0.0157402220662101 -6.461045354469527e-05 4.786979012383326e-05
1130 0.1965384693953315 0.07286542753089101 -0.01425233899841009 -6.095432853260366e-05 6.320897794831434e-05 0.0001387040619503127 0.2018251640708883 0.07085216019666103 8.287379161742537e-05 -0.01575477407324807 -6.06678177568947e-05 5.736153871423354e-05
1140 0.1965307087838231 0.07280065302117528 -0.01424232445903248 -5.998146795292976e-05 7.371081257955946e-05 0.0001049460732074673 0.20181712647088 0.07078629812531052 4.93794339036821e-05 -0.01574506370665492 -6.032792727326071e-05 6.793369674495945e-05
1150 0.1964941471158319 0.07283304946332608 -0.01423746084882229 -5.209436777763889e-05 4.895452959467903e-05 0.0001710400005473017 0.2017808004706292 0.07081823210011229 0.0001138825249187917 -0.01574036308196816 -5.189342480609678e-05 4.296865764943623e-05
1160 0.1965345625441358 0.0728837231861693 -0.01425468785590734 -4.731914925931225e-05 4.732039729078523e-05 0.0002045110280650176 0.2018209615713484 0.07086876962060057 0.000145167166694344 -0.01575765779155192 -4.58969708337139e-05 4.102408759241464e-05
1170 0.196562626328194 0.0728080720372441 -0.01425266440591325 -5.550576079070374e-05 7.490975612795251e-05 0.0001437105242711601 0.2018492901012167 0.07079293187001545 8.345064664110962e-05 -0.01575566546653851 -5.336660737422566e-05 6.845832474643748e-05
1180 0.1965202805954786 0.07278203058350478 -0.01423815904241186 -5.983461324824003e-05 6.729954517382699e-05 0.0001585126916088365 0.2018070444460998 0.07076728136728103 9.924295091176446e-05 -0.01574108113220087 -5.770873122534118e-05 6.094341634882249e-05
1190 0.1965307336515165 0.07285000602830798 -0.01424799181050119 -5.612421360612429e-05 5.541398783675409e-05 0.0002069588192583006 0.2018177055777602 0.0708361122893357 0.0001501012118562369 -0.01575061487085966 -5.469580951016992e-05 4.936347759153795e-05
1200 0.196571873466666 0.07282266597349943 -0.0142533476415291 -5.836234840746295e-05 7.979747709354658e-05 0.0001529916844868836 0.2018585644181286 0.07080886439438557 9.978535741022917e-05 -0.01575584764501495 -5.864063648501721e-05 7.425899498977568e-05
1210 0.1965351468889109 0.07277923201260426 -0.01423716094475047 -5.731119793838773e-05 7.838717756247607e-05 0.0001400739667232192 0.2018218518951621 0.07076519117520046 9.012669245434237e-05 -0.01573968460880487 -5.950965927903717e-05 7.332662311388592e-05
1220 0.1965181299239856 0.07285209913983459 -0.01424108375185684 -4.584651466084272e-05 5.132414965342377e-05 0.0002157272687632512 0.2018047696451161 0.07083800142797594 0.0001670188834122116 -0.01574361472115308 -4.898351532554101e-05 4.647516540678466e-05
1230 0.1965690184390126 0.07287378618907252 -0.01425661068058917 -4.134076129197417e-05 6.422873273467377e-05 0.0002051527646275468 0.2018554179029211 0.07085936211436442 0.0001559020802317856 -0.01575919895556816 -4.453998604953788e-05 5.93402851438121e-05
1240 0.1965660410972442 0.07280368348974395 -0.01424757591736927 -4.552507065958244e-05 8.004047303618505e-05 0.0001587792883686479 0.2018526064963121 0.0707888937352662 0.0001083339364246521 -0.01575026432987968 -4.838230675739477e-05 7.500343795337027e-05
1250 0.1965328564150348 0.07282755182557829 -0.01424278930558354 -4.459634264413686e-05 5.914104346460561e-05 0.0002099628295901187 0.201819528089702 0.07081325668465607 0.0001584112899852696 -0.01574537685074394 -4.666594170866249e-05 5.392935995014045e-05
1260 0.1965699179286875 0.07287520042341558 -0.01425866885083357 -4.678968166454252e-05 6.337014545981181e-05 0.0002142281069822781 0.201856875424863 0.07086171626328451 0.000162772961978748 -0.01576093981206248 -4.840690574964569e-05 5.814512496657151e-05
1270 0.1965884385852382 0.07281410129705584 -0.0142559971937708 -5.868924634620204e-05 9.258098932590174e-05 0.0001239732857217257 0.2018751955827603 0.07080108625529442 7.491557881568711e-05 -0.01575801619355219 -6.11653990253868e-05 8.766452493147716e-05
1280 0.1965384639517428 0.07280761323716682 -0.01424228949295515 -6.09224920123324e-05 7.664427533540731e-05 0.000133713804334247 0.2018254205919552 0.07079521448829526 8.813493263042141e-05 -0.01574400901247086 -6.499248024240337e-05 7.2208475162927e-05
1290 0.1965423825452618 0.0728873636671499 -0.01425261559774278 -5.333606421328109e-05 5.610263847720048e-05 0.0001836156017980942 0.2018289996610145 0.07087548528653945 0.0001410257935882543 -0.0157540642728536 -5.891800732869734e-05 5.211078865888765e-05
1300 0.1965789696537187 0.07287017124059617 -0.01425917028443667 -5.37340019537402e-05 7.723680138835173e-05 0.0001256969274857746 0.2018655094362417 0.07085805535868633 8.511000586517411e-05 -0.01576054709613292 -6.075460004616314e-05 7.358633670911284e-05
1310 0.1965434769198046 0.07283016134268229 -0.01424502962191996 -5.269335501832629e-05 7.225497535588594e-05 0.0001171557462607597 0.2018299070296031 0.07081776405179301 7.671763430013396e-05 -0.01574644871816827 -6.049927787546726e-05 6.869904048640565e-05
1320 0.1965281437965439 0.07288900400703657 -0.01424859465165844 -4.369271396177296e-05 4.284092007817995e-05 0.0001976974521389872 0.2018148529903353 0.07087692960054121 0.0001555305159488383 -0.01574988325383928 -5.09628592336582e-05 3.909626462044938e-05
1330 0.196575151049125 0.07289337239385271 -0.01426111324427516 -4.525916569682792e-05 6.016393301123491e-05 0.0001733181165057143 0.2018618433508896 0.07088147645509858 0.0001285969948575468 -0.01576228634620482 -5.143919642071365e-05 5.610282554645833e-05
1340 0.1965671409704778 0.07281832455426922 -0.01424979191987716 -5.517736025326041e-05 7.993307743696284e-05 0.000110944321184929 0.2018540093971728 0.07080643399926181 6.48497555413124e-05 -0.0157509434385489 -6.060894208754677e-05 7.568200505103199e-05
1350 0.1965307590604163 0.07283985995735225 -0.01424283594088206 -5.552850767858965e-05 5.743795660815335e-05 0.0001600882190128282 0.2018177499603968 0.07082833761255972 0.0001134059000737925 -0.01574388807990179 -6.044644865151632e-05 5.309998685874652e-05
1360 0.1965611630033894 0.07288482319930796 -0.01425517484498448 -5.502908974741517e-05 6.016796461633215e-05 0.0001661125494484533 0.2018481738303103 0.07087347715001745 0.0001202262383373027 -0.01575610485326824 -5.998795684922273e-05 5.593294170501612e-05
1370 0.1965750031442854 0.07283129554571384 -0.01425094922703091 -6.12688587638544e-05 8.738559892923732e-05 8.541572205136184e-05 0.2018617861019818 0.07081939107977976 4.085980689034512e-05 -0.01575199112679826 -6.708584660639119e-05 8.336120243214238e-05
1380 0.1965297976806623 0.07282954948233379 -0.01423881890934444 -5.726330168284127e-05 6.724122325103657e-05 0.0001166138007706303 0.2018166561453103 0.07081706515171211 7.285906533774013e-05 -0.0157400307040462 -6.371979961763966e-05 6.335003777736024e-05
1390 0.1965407515589028 0.0729013135990641 -0.01425044388294411 -4.68642937456282e-05 4.719118015632822e-05 0.0001818728897618169 0.2018273936381866 0.07088842963522445 0.0001370134857414659 -0.01575180988773575 -5.302145239215747e-05 4.317879583246056e-05
1400 0.1965799545680407 0.07287411590272339 -0.0142574682250268 -4.918034206536547e-05 7.433459250560749e-05 0.0001236506033576321 0.2018666036957673 0.07086057356821304 7.69196859714827e-05 -0.01575903100478613 -5.461668005647765e-05 7.007684240005596e-05
1410 0.1965508188357942 0.07282460995194832 -0.01424496687392624 -5.264653529020152e-05 7.400260016989483e-05 0.0001128850657701074 0.201837267465416 0.07081069046501742 6.388003378145371e-05 -0.01574673822678608 -5.705272033351522e-05 6.941891833730333e-05
1420 0.1965405553054766 0.07287226942319169 -0.01424909649647728 -4.875263091850098e-05 4.912935906873792e-05 0.0001885004590647288 0.2018273960088835 0.07085874029238827 0.000137684780775055 -0.01575079358779253 -5.178984039203034e-05 4.42456602558417e-05
1430 0.1965845106424352 0.07287429483310813 -0.01426061676679008 -5.402711988857117e-05 7.196345561491243e-05 0.0001508880179299826 0.2018710530223963 0.07086110879675404 9.991329385194032e-05 -0.01576223074009624 -5.64433833508279e-05 6.701070471750855e-05
1440 0.1965723681131261 0.07280975674868125 -0.01424951058074166 -6.323582825865499e-05 9.093703537474328e-05 8.594490245124491e-05 0.2018591227045171 0.07079666666940493 3.685112938340272e-05 -0.01575105711694069 -6.629019815463733e-05 8.620597026832198e-05
1450 0.1965351195473195 0.07283962670130445 -0.01424357589553281 -5.873002947002327e-05 6.187228141700438e-05 0.0001489013327194969 0.2018216048158784 0.07082684533264112 0.0001022947568004427 -0.01574505379417995 -6.282847867390608e-05 5.74664553178539e-05
1460 0.1965640326058106 0.07289037443190335 -0.01425658845310239 -5.292239205233495e-05 6.053445349287132e-05 0.000167783397504466 0.2018505456060042 0.07087771024488188 0.0001232061901835767 -0.01575797673363478 -5.804555814722489e-05 5.641793457035652e-05
1470 0.1965767337744819 0.0728444239331813 -0.01425408896102257 -5.581148312929573e-05 8.57110934418719e-05 9.560568084928829e-05 0.2018628456595655 0.07083112997334487 5.221525982313194e-05 -0.01575564700253222 -6.196107500913711e-05 8.179354940304843e-05
1480 0.1965377597631627 0.07283966474501871 -0.01424435511289339 -5.161772022580963e-05 6.331924414868977e-05 0.0001367423496748447 0.2018240189222699 0.07082594624816645 9.291015442316274e-05 -0.01574608349372641 -5.79328236961303e-05 5.936236678472661e-05
1490 0.1965506951491484 0.07289707780417129 -0.01425538681937275 -4.447734411399406e-05 4.552225705748219e-05 0.0002018238426387906 0.2018368976844461 0.07088331736301591 0.0001560393031880573 -0.01575719863061563 -4.990116422646265e-05 4.13078728430351e-05
1500 0.196587068404598 0.07286256475410702 -0.01426078314969487 -5.214422189180459e-05 7.846119774702784e-05 0.0001296237890119177 0.2018732670875147 0.07084869535047769 8.218009943879378e-05 -0.01576265625191423 -5.670171919471025e-05 7.401124700101187e-05
1510 0.196557525060528 0.07281329741328689 -0.01424769120533747 -5.949705168194666e-05 8.013630927558526e-05 0.000107355259708103 0.2018438127192832 0.07079949589975429 5.922783898498698e-05 -0.01574959923317737 -6.362158785882522e-05 7.557867027498254e-05
1520 0.1965436365570392 0.07286091685687765 -0.01424991386790807 -5.583927365009779e-05 5.360989931567669e-05 0.0001790489523879543 0.2018299625851027 0.07084772218501213 0.0001313174418190039 -0.01575169733339419 -5.973874550002807e-05 4.907875249634426e-05
1530 0.1965792211495229 0.07286912801515429 -0.01425909365299906 -5.862742679774396e-05 7.509893049011656e-05 0.0001370192091436336 0.2018655423017624 0.07085614405979943 9.053824591283142e-05 -0.01576078034527956 -6.300106622029207e-05 7.074323032310369e-05
1540 0.1965651642014791 0.07281888982798557 -0.01424885137514278 -6.364280738642199e-05 9.076805792381178e-05 7.528746932657344e-05 0.2018512688476968 0.07080560651023274 3.060514422711651e-05 -0.0157506165666281 -6.910602485215516e-05 8.667307221543848e-05
1550 0.1965332461813562 0.07285429277201708 -0.01424500869157498 -5.502762152510098e-05 5.68749617640532e-05 0.0001514911580606847 0.2018194911254276 0.07084086010037893 0.000107341654938215 -0.01574684754882735 -6.100762024733457e-05 5.287906737147374e-05
1560 0.1965629417679335 0.07289919281396051 -0.01425804608190527 -4.812589219474893e-05 5.551625244436623e-05 0.0001761977557940106 0.2018489011693648 0.0708855165018363 0.0001310750109460338 -0.01575998247349446 -5.383520963427163e-05 5.140851558325565e-05
1570 0.1965772586113914 0.07284857371093549 -0.01425598646296884 -5.383017563219122e-05 8.460188714167112e-05 9.897614970477724e-05 0.2018633943157649 0.07083438867298461 5.234646356532263e-05 -0.01575808081674346 -5.905873650632137e-05 8.029955502090602e-05
1580 0.1965439005231239 0.07283727869393766 -0.0142470719001834 -5.395398598745891e-05 6.526407388275343e-05 0.0001368638956174401 0.201829981583256 0.07082306090122061 8.825866714869358e-05 -0.01574926475510348 -5.826204411440278e-05 6.067876550325302e-05
1590 0.1965578734874187 0.07288516640646558 -0.01425685147489266 -5.065591971252812e-05 5.111270157513177e-05 0.0001945757426692502 0.2018442797352504 0.07087146058122011 0.0001446770083188377 -0.01575891486546904 -5.387499280342734e-05 4.631397218505558e-05
1600 0.1965881811141467 0.07285108125147288 -0.01426007287797279 -5.981920808131331e-05 8.690907785097844e-05 0.00011157418414597 0.2018745317782925 0.07083765198877037 6.188643212672497e-05 -0.01576202701771212 -6.289959804232516e-05 8.211980766402578e-05
1610 0.1965559099084584 0.0728129029442237 -0.01424708621338009 -6.466281765328569e-05 8.509829992656899e-05 9.229159510648521e-05 0.2018423840593627 0.07079972266100816 4.447071386789417e-05 -0.0157489623533592 -6.847809151641138e-05 8.054220943658022e-05
1620 0.1965410624929546 0.07286794484248953 -0.01424962898466741 -5.606930447935726e-05 5.291315167282114e-05 0.0001764883909835919 0.2018275101443934 0.07085514852679227 0.0001302251281248204 -0.01575139369451312 -6.058638818352587e-05 4.857458073218161e-05
1630 0.1965747380122336 0.07288059042597114 -0.01425914892565284 -5.479808273752733e-05 7.255970337142987e-05 0.0001406515790351327 0.2018610650517401 0.07086772869983306 9.570827733061403e-05 -0.01576088139593752 -6.00600380853793e-05 6.842056029891718e-05
1640 0.1965636260046697 0.07283561068905693 -0.01425095186143141 -5.763132525529323e-05 8.645282549365056e-05 8.676543980803834e-05 0.201849732288501 0.07082226184089369 4.206172595799372e-05 -0.01575283502211178 -6.352588933918599e-05 8.238240306476993e-05
1650 0.1965371843645599 0.07286485895910191 -0.01424858793750825 -4.91799586179848e-05 5.092297735835649e-05 0.0001729517997737654 0.201823414981382 0.07085135714473638 0.0001272198247128213 -0.01575055708019174 -5.472052409350348e-05 4.671786865352209e-05
1660 0.196568537785045 0.07289713107215683 -0.01426091382089433 -4.593577711306708e-05 5.405035854673574e-05 0.0001916358268795277 0.2018547649203141 0.07088367232864065 0.0001440251499858023 -0.01576289915130486 -5.050197941223254e-05 4.958977036626284e-05
1670 0.196582102418927 0.07284385030867428 -0.01425817866616504 -5.653427993820595e-05 8.858757046867943e-05 0.0001008237293862767 0.201868437785157 0.07083034799995556 5.218776367315391e-05 -0.01576017375943095 -6.053757847607137e-05 8.397217199456135e-05
1680 0.1965494019433725 0.07283106691532955 -0.01424883836370313 -5.849539655123809e-05 6.863874205375484e-05 0.0001360819859483788 0.2018357845670594 0.07081785176874895 8.737977266753948e-05 -0.0157507847059306 -6.224388459869802e-05 6.398987861368289e-05
1690 0.1965591933313642 0.07287637652739361 -0.01425636645812772 -5.411815344258315e-05 5.293199439147016e-05 0.0001920253264484516 0.2018458142974135 0.07086373099090877 0.0001440521676989216 -0.01575811562504258 -5.783951392269376e-05 4.836216678393331e-05
1700 0.1965824646925788 0.07285211262234767 -0.01425839953469998 -6.05615704383196e-05 8.716516848174839e-05 0.0001068467833255096 0.2018688569742918 0.07083954677497718 6.06433771845782e-05 -0.01576007906496312 -6.509318061404035e-05 8.284223342789682e-05
1710 0.1965520166825987 0.07282647862563577 -0.0142473035213268 -6.184246482555352e-05 8.113828627896759e-05 9.520501651571097e-05 0.2018385000554235 0.07081370267459634 5.058032088664785e-05 -0.01574900306722102 -6.74235568224708e-05 7.704956553109984e-05
1720 0.1965413707371418 0.07287864056962538 -0.01425096416743822 -5.08762049472907e-05 4.647737531358816e-05 0.0001872090261984238 0.2018276381781936 0.07086575431353309 0.0001428377270626796 -0.01575272268170063 -5.672464258953067e-05 4.244410239905431e-05
1730 0.1965744006776128 0.072885053955215 -0.01425991960659409 -5.056239126372863e-05 6.903341935799539e-05 0.0001478937192610388 0.201860680530181 0.07087189000113207 0.0001025952101903589 -0.0157617500521149 -5.619548684702235e-05 6.489778246297454e-05
1740 0.196565607271417 0.0728397842212003 -0.01425275971454951 -5.661911007089682e-05 8.575016904049263e-05 8.919947512221906e-05 0.2018517946788879 0.07082617629389801 4.263208516839212e-05 -0.01575475159046011 -6.188968832597192e-05 8.145088530259693e-05
1750 0.1965431861744189 0.0728605991793554 -0.01425055612637444 -5.256430423554777e-05 5.332438073212336e-05 0.0001691133366143403 0.2018294326681387 0.07084712085578201 0.0001207798832009517 -0.015752579385762 -5.68916339996359e-05 4.876753145819367e-05
1760 0.1965724022740763 0.07288192594580097 -0.01426045140755029 -5.33088673601038e-05 6.19183434414703e-05 0.0001731290144679691 0.2018588727211957 0.07086883495686967 0.0001238378612264456 -0.01576236154275332 -5.677250226044495e-05 5.720619955237044e-05
1770 0.1965793036228387 0.07283270878574316 -0.01425574003283529 -6.389598605546166e-05 9.640130620530585e-05 7.776833816884403e-05 0.2018656040766007 0.07081977329080553 2.892230397391092e-05 -0.01575759159574366 -6.747547368780857e-05 9.173540141731927e-05
1780 0.1965454222829175 0.07282984816123855 -0.01424680781642063 -6.213522229917485e-05 7.001745145289329e-05 0.0001241721060291013 0.2018319787500868 0.07081712077708097 7.656795232015458e-05 -0.0157485768256667 -6.621963540031049e-05 6.550813812896727e-05
1790 0.1965544610540754 0.07288027265961214 -0.01425455727197065 -5.412128764612238e-05 5.16464980614406e-05 0.0001861395111339534 0.2018407640783195 0.07086781327378051 0.0001395633988211717 -0.01575625157803084 -5.856791562506163e-05 4.727723120798864e-05
1800 0.1965752107098979 0.07286333866431378 -0.0142572106254313 -5.795515089387119e-05 8.582261867570388e-05 0.0001030674093557178 0.2018616489748729 0.07085060027709367 5.732691495438937e-05 -0.01575891065480078 -6.301484579514978e-05 8.15894344485949e-05
1810 0.1965502344338352 0.0728412798623955 -0.01424880511065595 -5.719296086821579e-05 7.673896014864098e-05 0.0001030844080744282 0.2018363022902024 0.07082804736614215 5.742100508092909e-05 -0.0157506766992378 -6.265713304530551e-05 7.253507590434742e-05
1820 0.1965461445721376 0.07288533131924835 -0.01425385923507297 -4.719603685924681e-05 4.297750092097443e-05 0.0001997234583141405 0.2018325476663447 0.07087199477840897 0.0001529972920626894 -0.01575578808592463 -5.213965371843294e-05 3.862877108335025e-05
1830 0.1965781629446432 0.07288275942688859 -0.01426178074620674 -5.009955660635964e-05 7.13317226961119e-05 0.0001514132253920865 0.2018643176726356 0.07086932599161214 0.0001033712854714618 -0.0157637691288758 -5.436875788324263e-05 6.680392491282651e-05
1840 0.1965688947833029 0.0728347811618726 -0.01425410882795758 -5.881678922265136e-05 8.894036433523444e-05 8.928050003117533e-05 0.2018553272467427 0.07082133703467004 4.086741992250118e-05 -0.01575610091180768 -6.286928470549269e-05 8.434560591035662e-05
1850 0.1965488280048839 0.07285281909408771 -0.01425161007545994 -5.541706801225705e-05 5.417609272087552e-05 0.0001722570363224472 0.2018352409701537 0.07083980876191583 0.0001238354298588386 -0.01575352235064484 -5.923672548887934e-05 4.956035235810117e-05
1860 0.1965734131285048 0.07287403944437464 -0.01425956641519442 -5.546808901631654e-05 6.392880538420068e-05 0.000170138228124402 0.2018599671763049 0.0708615285734142 0.0001225171514189165 -0.01576129845614226 -5.93439519794674e-05 5.940632866655512e-05
1870 0.1965747032740964 0.0728375780719388 -0.01425470404403868 -6.340644978376096e-05 9.596286777664816e-05 7.55129354876618e-05 0.2018610184166929 0.07082503870672377 2.927537003203448e-05 -0.01575639663682585 -6.81372203655076e-05 9.16469694036854e-05
1880 0.1965446537563517 0.07284344035955734 -0.01424798463638122 -5.86266329765088e-05 6.490514561593385e-05 0.0001317848380506514 0.2018309937102948 0.07083080354516431 8.682380186197912e-05 -0.01574969999709103 -6.409601788182192e-05 6.077080935624014e-05
1890 0.1965573812989349 0.07288752356228513 -0.0142560730682424 -4.981899932772733e-05 4.811646591333746e-05 0.0001938119311959108 0.2018436484064105 0.07087478101723754 0.0001485804023975164 -0.01575783038101847 -5.528782512993371e-05 4.396916984413052e-05
1900 0.1965748761700525 0.07286559818438607 -0.01425771347942486 -5.433548840417008e-05 8.510973076279995e-05 0.0001067819681733416 0.2018610767706878 0.07085245165975453 6.086007945963497e-05 -0.01575956748537203 -5.96743903198925e-05 8.08842663434406e-05
1910 0.1965534105069275 0.07284237864026163 -0.01425035223271666 -5.512565750877262e-05 7.39530748167424e-05 0.0001139145543130811 0.2018395940035918 0.07082892971101355 6.662499048962507e-05 -0.01575233719200473 -6.006436714005834e-05 6.954973208726942e-05
1920 0.1965524707354217 0.07287753881789052 -0.01425487993808821 -4.852060263156375e-05 4.276054591528461e-05 0.0002067044331245159 0.2018388364611179 0.0708643061800272 0.0001579666014363823 -0.01575684710304935 -5.247290449464133e-05 3.813312526243883e-05
1930 0.196578705535086 0.07286838330836508 -0.01426005490198653 -5.518537302734109e-05 7.717355125343313e-05 0.0001407595343784741 0.2018651410389337 0.07085540761728029 9.143272158988089e-05 -0.01576193865404634 -5.859011245911442e-05 7.244996822621131e-05
1940 0.1965664657597776 0.07282862111991326 -0.01425213086300613 -6.409217391746757e-05 9.277352356019336e-05 7.787419533756923e-05 0.2018529176634238 0.07081576544483273 2.944577717337153e-05 -0.01575395741481589 -6.78626633325189e-05 8.815543449306093e-05
1950 0.1965479262117441 0.07285376094336876 -0.01425048042012687 -5.783014419882571e-05 5.352879713825362e-05 0.0001697948996936508 0.2018343123349898 0.07084116094438658 0.0001226196271590274 -0.0157522544705083 -6.204847627153596e-05 4.907207252592297e-05
1960 0.1965680603888735 0.07287510819128606 -0.01425716235207982 -5.574699262681013e-05 6.461281185198379e-05 0.0001626964966533033 0.2018544786323198 0.07086264473655007 0.000116616504389242 -0.01575885899449394 -6.043963195140587e-05 6.031418429761851e-05
1970 0.1965675285521014 0.07284618282554761 -0.0142531403470642 -6.18053858107762e-05 9.513933665102517e-05 7.002266022986697e-05 0.2018536945155318 0.07083339751162436 2.495891985587145e-05 -0.01575490919801358 -6.72951424360415e-05 9.100475055621315e-05
1980 0.1965448971299577 0.07285458317320692 -0.01424909782712285 -5.528340946066177e-05 6.04101964478317e-05 0.0001403827933781592 0.2018310582147274 0.07084151072713091 9.496588394621264e-05 -0.01575096903623963 -6.092340679925643e-05 5.624534702149859e-05
1990 0.1965594286011001 0.07288722174450264 -0.01425674900815238 -4.731087476002956e-05 4.681257708303836e-05 0.0002002904530999597 0.2018456882833294 0.07087408098386037 0.0001535703553898913 -0.01575867049936302 -5.223899264980481e-05 4.247190211388283e-05
2000 0.1965737280623207 0.0728627966026585 -0.01425747069088189 -5.484403012204053e-05 8.75936168763853e-05 0.0001042509338422202 0.2018599608461306 0.07084956447384209 5.604498380137265e-05 -0.01575942529373029 -5.91690808071645e-05 8.305449411481613e-05
2010 0.1965566113317184 0.07284187625794006 -0.01425150977997963 -5.771121361349188e-05 7.570216485341959e-05 0.0001131887919623317 0.2018430087103653 0.07082865071824888 6.433891265159702e-05 -0.01575347303875331 -6.164059902738465e-05 7.105481205063094e-05
2020 0.1965571992466971 0.07286940391865594 -0.01425506812347236 -5.195842831606491e-05 4.618718721002294e-05 0.0002023023006334467 0.2018436676032017 0.07085657071639687 0.0001531299519015653 -0.01575694437437516 -5.538273423097608e-05 4.14694434038461e-05
2030 0.1965766016591073 0.07286058243229901 -0.01425805534003704 -5.798550204868519e-05 8.157015012594432e-05 0.000129679737832893 0.2018632327011505 0.07084802516463339 8.138071046262713e-05 -0.01575979821909773 -6.158892802368917e-05 7.696040713850888e-05
2040 0.1965627700183334 0.07283491380712052 -0.01425130999999984 -6.391628258631489e-05 9.167054139190491e-05 7.705262137543652e-05 0.2018490856951751 0.07082230052363658 3.03419760098403e-05 -0.0157530413900586 -6.844381823205268e-05 8.728289925539711e-05
2050 0.1965478944898368 0.07286215496565213 -0.01425089725200101 -5.457907543563917e-05 4.913892217935485e-05 0.000179180452110108 0.2018344440819171 0.07084951277039137 0.0001335959262553908 -0.01575261579938795 -5.966125323630687e-05 4.491003724429659e-05
2060 0.196566228750041 0.07287685840372381 -0.01425662430057462 -5.174073309296485e-05 6.266464230584253e-05 0.0001687979537498832 0.2018524426159869 0.07086412596823449 0.0001234393304005404 -0.01575839410719784 -5.700334227987921e-05 5.8484673492706e-05
2070 0.1965659640232459 0.07285242412557118 -0.01425359825798826 -5.797865928388585e-05 9.233716227421796e-05 8.007863675867445e-05 0.2018523216799673 0.07083934980981126 3.447760761261944e-05 -0.01575543749164673 -6.346232862340424e-05 8.814723859464545e-05
2080 0.1965488512758453 0.07285826900492415 -0.01425106203860687 -5.22003459685856e-05 5.59960106729656e-05 0.0001584112870054903 0.2018349929354012 0.07084499715562952 0.000111796571071299 -0.015753012041557 -5.731529528769823e-05 5.166885456588484e-05
2090 0.1965637617859199 0.07287771031984787 -0.01425708149107566 -4.755066860198831e-05 4.794419498199412e-05 0.0002057793971113991 0.2018502763550405 0.070864656174318 0.0001577802966431989 -0.01575899188733528 -5.176776239590205e-05 4.341575514842078e-05
2100 0.1965732278995503 0.07285463423476056 -0.01425642812798009 -5.796773641088502e-05 9.134311750323419e-05 9.90098113504682e-05 0.2018594783952337 0.07084168295486315 5.050397922749521e-05 -0.01575831400549315 -6.188678113021089e-05 8.674070876356208e-05
2110 0.1965567356810695 0.07284021812752711 -0.01425114705383827 -6.062361796402966e-05 7.612454304303791e-05 0.0001123187003066116 0.2018432408592323 0.07082736292444632 6.437193077907497e-05 -0.0157529719875096 -6.471918319424644e-05 7.157975440950816e-05
2120 0.1965579667831037 0.07286466967290753 -0.01425400976814534 -5.369614063272542e-05 4.674144422414702e-05 0.0001984422733025755 0.2018443758641009 0.07085203038174326 0.0001511280496961161 -0.01575578947807663 -5.787244576812778e-05 4.22741901799685e-05
2130 0.1965704514258039 0.07286032011688875 -0.01425561396522289 -5.860626087270514e-05 8.312031044649196e-05 0.0001191352656693341 0.2018569074372568 0.07084772173136657 7.289314904452425e-05 -0.0157573328053376 -6.326590097515073e-05 7.880529327697728e-05
2140 0.196558168953943 0.07284514814121265 -0.01425084519783124 -6.233419625049904e-05 8.901410077905937e-05 7.65360315573663e-05 0.2018444543252751 0.07083222630669941 3.11215049406721e-05 -0.01575262364065999 -6.774417673968431e-05 8.483540167728006e-05
2150 0.1965494449304049 0.07286760130289509 -0.01425182414298042 -5.200134258557783e-05 4.594088429776554e-05 0.0001844843246388921 0.2018357019058489 0.07085450209923383 0.0001389221483408597 -0.01575368121707629 -5.73884813856995e-05 4.174473265009985e-05
2160 0.1965660930541543 0.07287397808225206 -0.01425624567753335 -5.065553813203188e-05 6.37358775669704e-05 0.000166142045521423 0.2018524468092358 0.07086079881452541 0.0001194476218185851 -0.01575813950435615 -5.553926166714659e-05 5.939899007969803e-05
2170 0.1965643371906475 0.07285346512900009 -0.01425363057927962 -5.841739799997195e-05 9.295743509575388e-05 7.91554668348715e-05 0.2018505995605777 0.07084014674971877 3.160352945015536e-05 -0.01575556453539657 -6.302003606572997e-05 8.850215539811799e-05
2180 0.196552645432853 0.07285645171782219 -0.01425216970516798 -5.397302265559825e-05 5.603026065142552e-05 0.0001606035458398014 0.2018390067234327 0.07084319085643871 0.0001121273501066166 -0.015754122601362 -5.807583469826315e-05 5.143616049888432e-05
2190 0.1965660259101304 0.07286735495203921 -0.01425628203757808 -5.139965081985803e-05 5.278448988780426e-05 0.0001953667726516598 0.2018524490955998 0.07085441374426407 0.0001464903915514196 -0.01575816120400441 -5.49366513994726e-05 4.81115796563358e-05
2200 0.1965692142103455 0.07285099675986721 -0.01425455784415672 -6.152817833506809e-05 9.563422368512194e-05 8.579756406261323e-05 0.2018556588364937 0.07083822246395707 3.765321082773494e-05 -0.0157563527879855 -6.535714329326922e-05 9.105721068616755e-05
2210 0.1965551779904831 0.07284535631799603 -0.01425094595820684 -6.124376740847364e-05 7.482560382762399e-05 0.0001117850800634087 0.2018415141247437 0.07083256040334787 6.489969614301628e-05 -0.01575272217893929 -6.574750759707384e-05 7.041699478674239e-05
2220 0.1965581132858047 0.07286621039773583 -0.01425368337654013 -5.254427700271924e-05 4.580258865035375e-05 0.0001982793596491622 0.2018444438920324 0.07085343674968682 0.0001521927480611354 -0.01575546789479691 -5.732566875822774e-05 4.150417335980289e-05
2230 0.1965652502080137 0.07286382833744259 -0.01425444391220659 -5.670187632628789e-05 8.320263970659705e-05 0.0001171278482632426 0.2018516007853848 0.0708509489837162 7.139232879339175e-05 -0.01575622755821572 -6.180754099030518e-05 7.897190296237275e-05
2240 0.1965575430944564 0.07285335900346658 -0.01425193119063868 -5.934342817076916e-05 8.554524794002647e-05 8.558353794277557e-05 0.2018437815783438 0.07084018252120504 3.996110963905325e-05 -0.01575379411664958 -6.477207997156798e-05 8.134386750936015e-05
2250 0.1965544852112763 0.07286755095209202 -0.01425346235326586 -4.964570105804812e-05 4.329310361458012e-05 0.0001962842695318359 0.2018407973670371 0.07085426069647952 0.0001495656168933556 -0.01575538861997051 -5.458617760186768e-05 3.894247711677284e-05
2260 0.1965667356808489 0.07286742382285377 -0.01425598590518188 -5.064920056200657e-05 6.567198065483711e-05 0.0001672127487863376 0.2018532105682586 0.07085423035855176 0.0001194965616003597 -0.01575789573123606 -5.491109764847796e-05 6.11772709396799e-05
2270 0.1965639742836143 0.07285237015387158 -0.01425375727341769 -5.977453750420521e-05 9.421472030485564e-05 7.96019838277037e-05 0.2018503155652703 0.07083924433727834 3.1414236308849e-05 -0.01575564638289383 -6.392907171235543e-05 8.965702242479906e-05
2280 0.1965570170078787 0.07285522207367588 -0.01425321598079742 -5.541753858837864e-05 5.596000004990757e-05 0.0001631184387396594 0.2018434891500954 0.07084217182739203 0.0001151997556294434 -0.01575507779528686 -5.950698443996007e-05 5.141737814026802e-05
2290 0.1965663884100886 0.07286092954835982 -0.0142552347835154 -5.263722764719519e-05 5.501436165006132e-05 0.0001904650590533465 0.2018527951465129 0.07084811705303556 0.0001428851214415969 -0.01575705337709686 -5.667010023806011e-05 5.05112225014452e-05
2300 0.1965644590117399 0.07285330648516215 -0.01425329083210446 -6.131133115006722e-05 9.577092936187846e-05 8.205926982817561e-05 0.201850908359235 0.07084053336782467 3.55867159677334e-05 -0.01575505153811468 -6.594104997633017e-05 9.142614944387758e-05
2310 0.1965558381402999 0.07285362602565207 -0.01425191915026241 -5.908316033945327e-05 7.085883130724406e-05 0.0001189441314295562 0.2018420043526206 0.0708406492205035 7.328334008742065e-05 -0.01575373385175525 -6.431470468026589e-05 6.66349627480544e-05
2320 0.1965600741765365 0.07286646683696757 -0.01425411656039565 -5.035806053470666e-05 4.416763545436538e-05 0.0002029163470293572 0.2018464995811735 0.07085341011277499 0.000157147078795028 -0.01575596201937553 -5.548890909451876e-05 3.993286519232697e-05
2330 0.1965628031030539 0.07286274274995354 -0.01425383588588367 -5.540088844599415e-05 8.344955275571088e-05 0.0001173124047648343 0.2018488835121441 0.07084963159877865 7.102471737502e-05 -0.0157557351659625 -6.041312815996426e-05 7.916074418527506e-05
2340 0.1965587340377678 0.07285588662464097 -0.01425285589906091 -5.875021092879184e-05 8.362782242525288e-05 9.174378082733411e-05 0.2018451118443715 0.07084262486246033 4.49469077781771e-05 -0.01575475729280379 -6.369589108729132e-05 7.927107163327567e-05
2350 0.1965588286126648 0.07286304072834753 -0.01425417670733957 -5.051690041086632e-05 4.346566900054006e-05 0.000198977934182855 0.2018450554871874 0.07084976189883573 0.0001512699920057897 -0.01575613172980951 -5.488049728547689e-05 3.897325845085723e-05
2360 0.1965653009157105 0.07285875160422256 -0.01425450763067214 -5.348570031922204e-05 6.994242126513412e-05 0.0001572647169156505 0.2018518530381417 0.07084571401808903 0.0001090210755038326 -0.01575638789737005 -5.738536649528056e-05 6.536658712309817e-05
2370 0.1965620471318488 0.07285211204502971 -0.01425302781241513 -6.258368287321622e-05 9.622137899982732e-05 7.118105981484242e-05 0.2018483549091976 0.07083911459914126 2.338550988731295e-05 -0.01575487334999288 -6.676554328455634e-05 9.170610058130201e-05
2380 0.1965583830646475 0.07285680657412948 -0.01425330192692274 -5.661444559794359e-05 5.541206569581165e-05 0.0001614519724657108 0.2018447975108222 0.07084380728656128 0.0001143006853072324 -0.01575513018772368 -6.102942007898913e-05 5.097218766208432e-05
2390 0.1965634330638007 0.0728578846653867 -0.01425367995019785 -5.299429368718822e-05 5.656003682238113e-05 0.0001832806779452326 0.2018497158565697 0.07084495012196734 0.0001364700080537786 -0.01575552359683038 -5.746911162163339e-05 5.217165848696371e-05
2400 0.196559453964833 0.07285771633067226 -0.01425232267612414 -6.099714338910292e-05 9.598809757278148e-05 7.674831139981722e-05 0.2018457444987108 0.07084475990252147 3.054417132332118e-05 -0.01575414300052631 -6.591630179982421e-05 9.169281820979929e-05
2410 0.1965566657516959 0.07286054594726056 -0.01425301201944998 -5.768181052779349e-05 6.804216191840392e-05 0.000124627124382823 0.2018428929920944 0.07084734580890324 7.846459331395522e-05 -0.01575489031393261 -6.283577140753273e-05 6.376311858130731e-05
2420 0.1965615657847626 0.07286295871392059 -0.01425425456300107 -4.948453114866994e-05 4.44299630515015e-05 0.0002049046946679987 0.2018477820161234 0.07084975241059101 0.000158089025474624 -0.01575618933395812 -5.418432660372787e-05 4.00537196362463e-05
2430 0.1965605418319588 0.0728598572981792 -0.01425308299290549 -5.582948182272987e-05 8.547087148654622e-05 0.000113897625002806 0.2018469399916475 0.07084674302772109 6.64242146099604e-05 -0.01575498690694852 -6.024488729948993e-05 8.101313985415074e-05
2440 0.1965596013080502 0.07285920396249827 -0.01425374634833674 -5.936994059196153e-05 8.297695724483659e-05 9.52543454355358e-05 0.2018458253478876 0.07084605547929293 4.76285758932199e-05 -0.0157556437197274 -6.378954943547244e-05 7.849097351531214e-05
2450 0.1965624888425028 0.07285970562143332 -0.01425479666618947 -5.142208999771955e-05 4.421540673337618e-05 0.0002001111826961744 0.2018489024955878 0.07084660517993595 0.000152224346276956 -0.01575669583978795 -5.553955255426078e-05 3.968165839647905e-05
2460 0.196563549949413 0.07285376173656781 -0.01425329637678717 -5.477514637961508e-05 7.292680041298219e-05 0.0001499572874554012 0.2018499600777717 0.07084084536242624 0.0001023181972052778 -0.01575514380166849 -5.883045388142883e-05 6.841962095878634e-05
2470 0.196560148009459 0.07285769048942416 -0.01425311130854997 -6.240549367765507e-05 9.524923918913723e-05 7.185058374623546e-05 0.2018466096550477 0.07084477173946731 2.507010035030709e-05 -0.01575490380113868 -6.700597201037659e-05 9.086595289876032e-05
2480 0.1965602562125779 0.0728609679807929 -0.01425426330509017 -5.477252087090446e-05 5.240403196771262e-05 0.0001696523121474584 0.2018465549250227 0.07084788899159572 0.0001233441818544407 -0.01575609972810764 -5.964103026660551e-05 4.808418566583781e-05
2490 0.1965632786791042 0.07285527425910199 -0.01425329424872345 -5.159382310299003e-05 5.686927179893462e-05 0.0001833946512612582 0.2018497469581928 0.07084220681520896 0.0001371797918249542 -0.01575515055624467 -5.638906390705686e-05 5.256488879681229e-05
2500 0.1965572898868552 0.07286144097322833 -0.0142523655858319 -5.983971782105043e-05 9.523337815985513e-05 7.926279046051344e-05 0.2018435664209551 0.07084836701048385 3.292853421254829e-05 -0.01575422072147881 -6.483279549987464e-05 9.093168130586123e-05
2510 0.1965594966527702 0.07286423873897623 -0.01425453098285802 -5.614313879506516e-05 6.492445267537398e-05 0.0001351444294522726 0.2018457710568131 0.0708510241288335 8.870032297128927e-05 -0.01575642392989231 -6.113707479087189e-05 6.060377158531851e-05
2520 0.1965643598725886 0.07285615074433192 -0.01425425687740996 -4.945251548263173e-05 4.535950867472959e-05 0.0002060508509241471 0.2018506912801101 0.070842954079973 0.0001587403182042074 -0.01575618717853324 -5.391791315723492e-05 4.091817226993472e-05
2530 0.1965580574441446 0.07285703704154217 -0.01425213284926615 -5.724875442786801e-05 8.777445544150947e-05 0.0001083190894149113 0.201844458647089 0.07084401860533306 6.08090903385904e-05 -0.01575400964893708 -6.154245160136811e-05 8.330264594443598e-05
2540 0.1965604135936979 0.07286263509508913 -0.01425438921883989 -6.017705989868631e-05 8.191095001341541e-05 9.732107071272321e-05 0.2018466963420472 0.07084960720195668 4.991877178510936e-05 -0.01575624113113459 -6.465847979057372e-05 7.745480493697769e-05
2550 0.1965654506753094 0.07285607981662137 -0.01425486877983953 -5.215426959028963e-05 4.467931065935138e-05 0.0001983612113539029 0.2018518487356412 0.07084300123487594 0.0001511413803817793 -0.01575673842969853 -5.651420643898256e-05 4.023361552666145e-05
2560 0.1965600201494413 0.07285127033915899 -0.01425174902329411 -5.572518937416864e-05 7.519994875114825e-05 0.0001414420153738559 0.2018463330019872 0.07083830880789424 9.436593570105023e-05 -0.01575360790386864 -6.011677638271014e-05 7.077954732895807e-05
2570 0.1965574716094728 0.07286415620396591 -0.01425311203495641 -6.211581519041815e-05 9.365126214560317e-05 7.240109001922497e-05 0.2018438876579603 0.07085115217281368 2.595572695404728e-05 -0.01575492556529968 -6.696455990346757e-05 8.932324915832474e-05
2580 0.1965628923447907 0.07286228965809816 -0.01425508574142289 -5.407160075971364e-05 5.069894051130251e-05 0.0001730394849178504 0.201849069956941 0.07084906200519096 0.000126578577098806 -0.01575697911896456 -5.896384251274088e-05 4.636881369571653e-05
2590 0.1965620260047113 0.0728506961667582 -0.01425235830647636 -5.209218749802991e-05 5.918464004498179e-05 0.0001776496627741652 0.2018485296125559 0.07083750409771503 0.0001307935504385988 -0.01575425652529109 -5.66805697067709e-05 5.479993135961474e-05
2600 0.1965541519335232 0.07286376483445223 -0.01425196762133464 -6.04401616575541e-05 9.579612598536818e-05 7.687670674412064e-05 0.2018403560997515 0.07085066671836339 2.988203778711002e-05 -0.01575385513254895 -6.509886288479558e-05 9.140232993387215e-05
2610 0.1965620436404988 0.07286588686455128 -0.01425551386998316 -5.658946292057477e-05 6.380555868459124e-05 0.0001383598802088143 0.2018484002079477 0.07085269043722929 9.115023524639998e-05 -0.01575739518621166 -6.120347106270279e-05 5.937631456587166e-05
2620 0.1965655764128569 0.07284983214834377 -0.01425369793439868 -5.103307251528152e-05 4.81826631285548e-05 0.0001995939543886373 0.2018517663263616 0.07083665009477248 0.0001519670964969533 -0.01575563724514133 -5.525558212658007e-05 4.368876525258523e-05
2630 0.1965537842562401 0.07285689017154715 -0.01425096086606037 -5.881981477306941e-05 9.017452653589589e-05 0.000100749201923416 0.2018402335450316 0.07084394191408327 5.320189458490706e-05 -0.01575281325361021 -6.306961805609033e-05 8.569264674211405e-05
2640 0.196560802230528 0.07286750269686301 -0.01425511457937058 -6.029379978538398e-05 8.030695179825643e-05 9.959307653971026e-05 0.2018470208456788 0.07085446710792789 5.253215631603328e-05 -0.01575695800158832 -6.487928050716272e-05 7.589192397905659e-05
2650 0.1965671890411465 0.07285412051011773 -0.0142549668037423 -5.193944790977133e-05 4.488491492675126e-05 0.0001982384437634056 0.2018535060067265 0.07084099353399589 0.0001512617075208039 -0.01575684859385439 -5.644671675837709e-05 4.047240892710048e-05
2660 0.1965558209220981 0.07285108482847319 -0.01425063964230178 -5.529532264702914e-05 7.645243829778688e-05 0.00013804516933528 0.201842215432341 0.07083806291697871 9.11838927530216e-05 -0.01575251348432949 -5.981136688730641e-05 7.206229860220698e-05
2670 0.1965568034230049 0.07287039327412503 -0.0142539775950796 -6.082878854228785e-05 9.142018269336406e-05 7.807504805466367e-05 0.2018430482291297 0.07085736476402298 3.148778665128439e-05 -0.01575581915123046 -6.566806649552817e-05 8.707372584916804e-05
2680 0.1965672950337755 0.07286247952023031 -0.01425638510424412 -5.281902378246914e-05 4.917147075025125e-05 0.0001797754922392895 0.2018536269902948 0.07084923652150261 0.0001330186756222188 -0.01575827938392564 -5.757058136902501e-05 4.479999611723756e-05
2690 0.1965610526690454 0.07284626369530094 -0.01425174899178928 -5.178004522293341e-05 6.079935570695389e-05 0.0001765977481108615 0.2018473707825583 0.07083311523510279 0.000129520011084668 -0.01575366750301164 -5.621872833987536e-05 5.637886143990355e-05
2700 0.1965530869135828 0.07286593195295447 -0.01425220010003395 -6.025005620510574e-05 9.533352075841919e-05 7.892724456953295e-05 0.2018395966815716 0.07085291557394849 3.18770962189945e-05 -0.0157540377236844 -6.481695292521604e-05 9.09245842183333e-05
2710 0.1965660525150924 0.07286756579377515 -0.0142569086409936 -5.626541504721753e-05 6.211710496803616e-05 0.0001445148148623259 0.2018522633396113 0.07085441204999286 9.755615917880878e-05 -0.01575877399509293 -6.090617449183053e-05 5.7714110735646e-05
2720 0.196566494458605 0.07284473462334337 -0.01425328144877111 -5.121016630837922e-05 4.968131599423111e-05 0.0001978203882783023 0.2018529473692417 0.07083160182411406 0.0001507178863491088 -0.01575517500605482 -5.5619613053288e-05 4.525522257013397e-05
2730 0.196550960583953 0.07285745455743296 -0.01425029169637251 -5.880092800620798e-05 9.056615530365648e-05 9.854347658576785e-05 0.2018372556107289 0.07084450118320906 5.166812626410312e-05 -0.01575214415117901 -6.336736309175998e-05 8.617777349250099e-05
2740 0.1965629285250357 0.07287264986702577 -0.01425630805425322 -5.934138693435843e-05 7.751603481166166e-05 0.0001056296618803623 0.2018492842432619 0.07085960338043361 5.917588162134672e-05 -0.01575813566602073 -6.422698469486139e-05 7.318694337064156e-05
2750 0.1965695213396852 0.07285166528834799 -0.01425521776319522 -5.120749758948272e-05 4.462546126975286e-05 0.0002001259903909176 0.2018557291874127 0.07083845835641478 0.0001534110833438023 -0.01575713277724882 -5.591433104362978e-05 4.025922331739925e-05
2760 0.1965527259268296 0.07284899176887576 -0.01424968617208554 -5.533692072510059e-05 7.77414728172931e-05 0.0001339376511396521 0.2018391216801499 0.0708359369259673 8.711796696959585e-05 -0.01575157893583179 -5.992263471123782e-05 7.336248931792133e-05
2770 0.196557535426168 0.0728745424968375 -0.01425476585322388 -6.088956494761064e-05 9.001002236790565e-05 8.03240647616224e-05 0.2018437861587844 0.07086150450941538 3.345613387999245e-05 -0.01575661751332412 -6.565737618803374e-05 8.563389978965564e-05
2780 0.1965705878368827 0.07286054597883421 -0.01425704889812867 -5.316081984776556e-05 4.892825826035967e-05 0.0001812790062722407 0.2018568559528149 0.07084733516123932 0.0001343155432482711 -0.01575895437515461 -5.776429054044723e-05 4.452576905236185e-05
2790 0.1965590301075218 0.07284018819573049 -0.01425040410056887 -5.318106930382347e-05 6.365878623122298e-05 0.0001685921393851379 0.2018453684717855 0.07082705906807366 0.0001211873124811049 -0.01575232917354602 -5.749636718900458e-05 5.919883672167283e-05
2800 0.1965510317149203 0.07286852021360683 -0.01425199005834975 -6.165916251532815e-05 9.599295268316657e-05 7.419453969817722e-05 0.2018374499414435 0.07085554110887378 2.712010948519647e-05 -0.01575382843923134 -6.616935600981432e-05 9.157719830133229e-05
2810 0.1965682280433334 0.07286976247966147 -0.01425761709641011 -5.671896824897648e-05 6.119970836436869e-05 0.0001458404181617023 0.201854493418624 0.07085661445031412 9.880446682613296e-05 -0.01575948048718796 -6.134472378829007e-05 5.679056861315596e-05
2820 0.1965652242695226 0.07283959644360119 -0.01425216970486875 -5.18939300186703e-05 5.183322828461275e-05 0.0001913605767964026 0.2018516371417255 0.07082640345699216 0.0001443062871397472 -0.01575408032180917 -5.631881201409805e-05 4.741182409487508e-05
2830 0.196547233884741 0.07285967340196334 -0.01424952816070095 -5.937547881179491e-05 9.156788346198122e-05 9.323369910463405e-05 0.2018335412194174 0.07084667359688958 4.621577784389952e-05 -0.01575140037262597 -6.392829891148428e-05 8.716444587044028e-05
2840 0.1965636869950765 0.07287836148521161 -0.01425730998855835 -5.883045352730214e-05 7.5426441368259e-05 0.0001104988755038486 0.2018499631449859 0.07086528474260297 6.366472682531734e-05 -0.01575915854272252 -6.358136053804786e-05 7.104609663059087e-05
2850 0.1965710162298729 0.07284764895225064 -0.01425520688189616 -5.111042243571175e-05 4.562225753021721e-05 0.0001990093784034141 0.2018571424119439 0.07083439336486133 0.0001518550856193738 -0.01575715691674805 -5.561136806128061e-05 4.11945817809984e-05
2860 0.1965498795565692 0.07284732872225418 -0.01424881778405226 -5.607743613895781e-05 7.991584247571912e-05 0.0001282551241001246 0.2018363058680237 0.07083428757019833 8.094052484066116e-05 -0.01575071521691254 -6.044259588739861e-05 7.546601885090833e-05
2870 0.1965577452786876 0.07287980454069488 -0.01425567645673318 -6.07011124963512e-05 8.843035610064526e-05 8.491950890381006e-05 0.2018439144559895 0.07086684562536741 3.784811648090402e-05 -0.01575752851842182 -6.528879141337063e-05 8.401618826164814e-05
2880 0.1965735336738154 0.07285843524322477 -0.0142576676864287 -5.281785001138654e-05 4.855384109413601e-05 0.0001848344587245846 0.2018598468557944 0.0708452853814909 0.0001377042959410493 -0.01575955240714171 -5.731824059800252e-05 4.412335428209008e-05
2890 0.1965569957266148 0.07283660641461905 -0.01424946947093777 -5.350630436275546e-05 6.585252736573242e-05 0.0001636304471427989 0.2018432622006216 0.07082352765846937 0.0001165046595842774 -0.0157513879292046 -5.787976594969792e-05 6.142233591062268e-05
2900 0.1965497063975992 0.07287439654368257 -0.01425244267426564 -6.097197543150929e-05 9.45385396218872e-05 7.788433646790787e-05 0.2018361467793833 0.07086151384609606 3.108592302955796e-05 -0.01575425630939022 -6.563508115383588e-05 9.015972206239738e-05
2910 0.196571881718908 0.07287196213280968 -0.014258952127996 -5.505558940864224e-05 5.848215518104991e-05 0.0001545350480336218 0.2018581347733985 0.07085881082766818 0.0001079472526319501 -0.01576081122371285 -5.98584839276099e-05 5.413168875155724e-05
2920 0.1965657758264743 0.07283515830417972 -0.01425180655995837 -5.120397429998429e-05 5.293149702303603e-05 0.000190419726239163 0.2018521510238173 0.0708219398951689 0.0001435851318047192 -0.01575372741252569 -5.578112278786545e-05 4.854329699602405e-05
2930 0.1965451088758583 0.07286290341323516 -0.01424952072912191 -5.881003805491598e-05 9.108368452182267e-05 9.469399962418362e-05 0.2018315921262581 0.0708499158845043 4.791727189533265e-05 -0.01575137477244884 -6.346566904390563e-05 8.671239383192473e-05
2940 0.196566625965316 0.07288177840276669 -0.01425873935364429 -5.773173810759014e-05 7.255978590347399e-05 0.0001194131095906033 0.2018528138000077 0.07086870765565571 7.266926756425076e-05 -0.01576058638397734 -6.252114730067634e-05 6.819234970757128e-05
2950 0.1965735409660761 0.07284117276123085 -0.01425509370233674 -5.120601721372194e-05 4.673676073266177e-05 0.0001981265653188129 0.2018599004895 0.07082792446577117 0.0001511007611239904 -0.0157570173487254 -5.574036674379297e-05 4.2326354062946e-05
2960 0.1965467819870254 0.07284634595773946 -0.01424787170355682 -5.676682895648814e-05 8.137486321424995e-05 0.0001241461335715938 0.2018330225640047 0.0708333553419494 7.707823125009214e-05 -0.01574977665637983 -6.123000847003849e-05 7.695970750274456e-05
2970 0.1965582444869476 0.07288390334989987 -0.01425638769293456 -6.050950073407606e-05 8.623532407501454e-05 8.945113527729348e-05 0.201844654711034 0.07087098500962187 4.264023645729442e-05 -0.01575819924672353 -6.521524055921361e-05 8.185940724588849e-05
2980 0.1965769149957579 0.07285486857473919 -0.01425795606034925 -5.303404968965041e-05 4.879921992319019e-05 0.0001841042947227043 0.2018630299784154 0.07084168536625148 0.0001372516438897181 -0.01575985735445636 -5.767378791190216e-05 4.441127267335389e-05
2990 0.196553791691593 0.0728339737168457 -0.01424812998087915 -5.430966273754731e-05 6.808314663013486e-05 0.0001563047090713295 0.2018402798225035 0.07082090008428536 0.0001093448807107398 -0.01575003482386927 -5.880875434594048e-05 6.368248708595885e-05
3000 0.196547948204023 0.07287933541413605 -0.01425260996702283 -6.092938611152532e-05 9.306095573798514e-05 7.906863709916624e-05 0.2018341851897872 0.07086640105350052 3.224217757557804e-05 -0.01575445312169407 -6.563706036478061e-05 8.86862804038977e-05
