"report"
"Iteration" "cd-scale etc.."
("Iteration" "cd-scale" "cl-scale" "cx-scale" "cmx-scale" "cmy-scale" "cmz-scale")
10 0.2144542600684998 0.0631607871499095 -0.001294221725145129 -0.02163252961169491 -0.0001825047512904196 0.0004472283269314061
20 0.2323480308314854 0.05838063078242894 -0.0006885789608569664 -0.02325741972891663 -4.448442427817093e-05 -8.239192082860196e-05
30 0.2298750594715317 0.06087743566643294 -0.0001312419743170684 -0.02020137474338182 0.0002259941099572957 -0.0005490577600509812
40 0.2276021526748351 0.06124692799878508 -0.0007165098160245532 -0.01860391055196465 0.0002253220592395188 -0.0002660764599414996
50 0.2280171249362782 0.05952480090609897 0.00163813778161771 -0.01872331965630073 -0.0003641448835116973 0.0007392674302240363
60 0.2253605476937086 0.06205361243332105 -0.0008090596748443487 -0.01820346816052515 -8.492706555934956e-05 4.685845991845752e-05
70 0.221598765128326 0.06059260964237977 -0.002388622664485526 -0.01724241623982748 9.384871073383658e-05 -0.0001839093671647224
80 0.2202944705898831 0.05796710864175098 -0.001580957560910516 -0.01685258224799076 9.469790571597077e-05 -6.788400132613509e-06
90 0.2199274060047222 0.05772720881479988 -0.00095123516569385 -0.01697771616235353 9.277446406672708e-06 0.0002613502806205173
100 0.2197279542296963 0.05812493866135605 -0.0008288939894015289 -0.016946711271433 9.73910340731933e-06 0.0002766645492661203
110 0.2198337658556046 0.05815904063949948 -0.0004480537593572702 -0.01690199559642464 5.909579265093089e-05 0.0001740592916495891
120 0.2201340466440723 0.05792673134495693 -3.437355466205751e-05 -0.01692108741708423 0.0001025386498323334 8.431815681213258e-05
130 0.2202860431960729 0.05780576260125747 0.0001029438794356093 -0.01689960756566175 0.0001223297422822824 4.502738636883184e-05
140 0.2202382956881418 0.05782993675401952 2.840949786732204e-05 -0.01683594360442686 0.0001074090733956154 7.988455638128154e-05
150 0.2201938455565673 0.05786631204460684 2.599885469930332e-05 -0.01679878664431711 9.52523252136651e-05 0.0001085312940476847
160 0.2202166042564601 0.05786806457905994 0.0002298478912224637 -0.01680070416876605 0.0001204513206063822 6.482882153808323e-05
170 0.2202700245891684 0.05789236490739666 0.0003793482001959545 -0.01682267965444786 0.0001499844857603364 4.806675495768298e-06
180 0.2203145324385943 0.05791308942137875 0.0003229975795604525 -0.01683646953153609 0.0001488809953247629 -1.298398414237438e-07
190 0.2203222170082569 0.05788088982535543 0.0001810301865871269 -0.01682671544462828 0.0001314967963309007 3.922804164269799e-05
200 0.2203092689311265 0.05785647794764689 0.0001250402251972156 -0.01681398319438109 0.0001240231244656781 6.370550755172176e-05
210 0.2203055853456873 0.05787549733987932 0.0001647210914578265 -0.01681586769819132 0.0001281981260055607 5.456003320473077e-05
220 0.2203120857908732 0.05788798520722573 0.0002059003962454316 -0.01682162479695171 0.0001337299433138272 3.930953243273636e-05
230 0.2203145763216063 0.05788347711165225 0.0002005804200339686 -0.0168224722739161 0.0001329400780237253 3.953711834615257e-05
240 0.2203126394112382 0.05787795207929002 0.0001750090571233873 -0.01681977009188781 0.0001288080162712826 4.906342182232111e-05
250 0.2203102091596622 0.05787732632855862 0.0001720840500277645 -0.01681764961266633 0.0001281167496678421 5.255766838325479e-05
260 0.2203106675366035 0.05788061553850782 0.0001912887369901214 -0.01681835801215003 0.0001311538566705182 4.746333728249124e-05
270 0.220313253775545 0.05788494367730472 0.0002000951700437112 -0.01682049447667673 0.0001324492384436121 4.354224442076591e-05
280 0.2203156546828556 0.05788313834036737 0.0001908845264971506 -0.0168206676169679 0.0001312245904406105 4.539483148307709e-05
290 0.220315363651535 0.05788012331799511 0.0001827854845256465 -0.01681939684857504 0.0001302527506856598 4.851012727791561e-05
300 0.220314360600536 0.05788088407480542 0.0001844401642152122 -0.0168190164409908 0.000130402380188342 4.869365863595933e-05
310 0.2203146898321922 0.05788289924925976 0.0001894151736665643 -0.01681974956801062 0.000130914023103559 4.72632353252406e-05
320 0.2203155455208232 0.05788222114824391 0.0001911451023329422 -0.01682007907745679 0.0001311320419862948 4.65900731447233e-05
330 0.2203150024548745 0.057881502728648 0.0001871383025010683 -0.01681980608016276 0.0001306800367832973 4.735659872787691e-05
340 0.2203152748181542 0.05788109288749182 0.0001844184887037053 -0.01681950766386869 0.000130685933253021 4.787104917893651e-05
350 0.2203148038603206 0.05788232981824549 0.0001859697415192155 -0.01681952992074236 0.0001307114795606706 4.776330322999847e-05
360 0.2203158108643102 0.05788075978576037 0.0001865469241021735 -0.01681978887515168 0.0001307704353986861 4.816613935832687e-05
370 0.2203208331828714 0.05787306842084782 0.0001834773004566011 -0.01682068143578377 0.0001299577306672718 5.026726004398067e-05
380 0.2203250817804021 0.05786218881119692 0.0001843060736911165 -0.01682094358379094 0.0001295725904421454 5.165594812715925e-05
390 0.220325651899242 0.05785749501659797 0.0001865540910842004 -0.01682087176055462 0.0001298422051564456 5.188176230518383e-05
400 0.2203258345078686 0.05785776091521753 0.0001885803804280137 -0.01682110023052214 0.0001303490348776786 5.105010083658303e-05
410 0.220325305970915 0.05785871554218534 0.0001912867330103976 -0.01682125737827111 0.0001307101838010931 5.029566406126442e-05
420 0.2203254817012927 0.05785906025948492 0.0001911945803490768 -0.01682134186627382 0.0001307228117187345 5.035193139629488e-05
430 0.220325513367969 0.05785916364811842 0.0001896473084159573 -0.01682142373387646 0.0001304344781313384 5.099333669375043e-05
440 0.2203248315049704 0.05785802176046728 0.0001896263306377034 -0.0168211822044889 0.0001304784617472801 5.110248926880478e-05
450 0.2203249433080577 0.05785846684165757 0.000189321076434122 -0.01682141321155621 0.0001304186000774616 5.110960125494122e-05
460 0.2203251667395238 0.05785777693405154 0.0001885744756449488 -0.01682131651540517 0.0001306903578215451 5.071430084769076e-05
470 0.2203247284011 0.05785886830175187 0.0001890266347745378 -0.01682138995410433 0.0001306395494258854 5.071265261601768e-05
480 0.2203255573372573 0.05785874226594576 0.0001896881768506581 -0.01682144593644998 0.0001305750185024006 5.087939166379247e-05
490 0.2203246215425619 0.0578583055106522 0.0001894863866814691 -0.01682123255569708 0.0001304130045030493 5.109431451085943e-05
500 0.2203252349990129 0.05785807425922476 0.0001900215176336182 -0.01682130222330811 0.0001305330163807787 5.094006554543468e-05
510 0.2203248097875853 0.05785815421718204 0.0001895063517073733 -0.01682140127969755 0.0001304231677045548 5.103062410712941e-05
520 0.2203248075801316 0.05785791035991167 0.0001885273315504385 -0.01682128859654291 0.000130647861229239 5.08149877834034e-05
530 0.2203252878343469 0.0578587237079562 0.0001888599058672962 -0.01682139857382722 0.0001306754471793705 5.070793879678619e-05
540 0.2203249134265616 0.05785819890433771 0.0001896151158875477 -0.01682121794424627 0.0001306198393155276 5.074980325614926e-05
550 0.220325078085572 0.05785868121584254 0.0001895705499790109 -0.01682138176258325 0.0001304930297841769 5.096208568305804e-05
560 0.2203251527396064 0.05785804538471605 0.0001900564231707114 -0.01682137703035517 0.0001304639063942195 5.102045953393757e-05
570 0.2203246695814789 0.05785790089619958 0.0001896993714645664 -0.01682126118490061 0.0001305062470679237 5.092742405316684e-05
580 0.2203252237036357 0.05785802200958291 0.0001882374281913983 -0.01682131785627176 0.0001306320898951738 5.079972000025826e-05
590 0.2203250009550142 0.05785859187387293 0.0001885393333648094 -0.01682134575745746 0.0001306562160067876 5.071681355702326e-05
600 0.220325085044301 0.05785857975438444 0.0001897690828171329 -0.01682137912097087 0.0001306470740743468 5.074869678865942e-05
610 0.2203251218653961 0.05785859223762693 0.0001895006153951523 -0.01682134058716413 0.0001304632645236292 5.101500062149122e-05
620 0.2203249831489657 0.05785780033365426 0.0001900319750488161 -0.01682120588132102 0.0001305370076792123 5.088413637978368e-05
630 0.220324762378463 0.05785826321607942 0.0001895234555923403 -0.01682135197721629 0.0001304237521952656 5.104560240018664e-05
640 0.2203251758146334 0.05785800780705682 0.0001887161877685697 -0.01682134872995658 0.0001306625244094838 5.084602940065449e-05
650 0.2203246663737186 0.05785858288992353 0.0001888300494494443 -0.0168213478774014 0.0001306166016519253 5.071480801284805e-05
660 0.2203252885794026 0.057858464256165 0.0001894512368788149 -0.01682134691859223 0.0001306490958559336 5.077220684197724e-05
670 0.2203252044273496 0.05785877297271635 0.0001895187089676655 -0.01682138894689542 0.0001304802387289396 5.102277526336273e-05
680 0.2203248453760973 0.05785818087875759 0.0001899671088660775 -0.01682128892339868 0.0001304652252003685 5.099012691454598e-05
690 0.2203247518725014 0.05785810116795823 0.0001898247489502553 -0.01682134664004295 0.0001304664862418105 5.10497839097842e-05
700 0.220324870691388 0.05785776144529955 0.0001886650932577338 -0.01682129238432158 0.0001305387878419026 5.084741163303401e-05
710 0.2203247845304845 0.0578585118683214 0.0001887894442936198 -0.0168213884678256 0.0001306899504576201 5.072609266665559e-05
720 0.2203252305684454 0.05785875010916487 0.0001896275982779058 -0.01682141106091636 0.0001306363725394713 5.079207212008444e-05
730 0.2203249331647218 0.05785863129548033 0.0001895929836599259 -0.01682134201507756 0.0001304427340758128 5.101065391635267e-05
740 0.2203251953733303 0.05785790466691854 0.0001900290720585211 -0.01682124111898614 0.0001305856949259021 5.091364532224524e-05
750 0.220324835531903 0.05785840849152732 0.0001895219511674798 -0.01682142386787368 0.0001303548226269853 5.10871805595375e-05
760 0.2203249066351224 0.05785765479826924 0.000189035360804529 -0.01682128158434257 0.000130606456758195 5.090787147921581e-05
770 0.2203249252723257 0.05785855265254516 0.0001884678765030671 -0.01682134486031 0.0001306470950013679 5.071691535737461e-05
780 0.220325229321684 0.05785831308289176 0.000189472874859993 -0.01682131423679607 0.0001306617151608014 5.06923624893824e-05
790 0.2203248237347476 0.05785861352595545 0.0001894608511664002 -0.01682130903475398 0.0001305411238537844 5.091087467016494e-05
800 0.2203253152613976 0.05785836510887911 0.0001900812018799263 -0.0168214153550794 0.0001304771068935213 5.098255303360323e-05
810 0.2203247766899457 0.05785781356051661 0.0001898444249159636 -0.01682125910239905 0.000130491981530507 5.097659129756191e-05
820 0.2203250194442543 0.05785793873035403 0.0001887694068788399 -0.01682127953498522 0.0001305803033796661 5.087026218813153e-05
830 0.2203251666915303 0.05785858448415521 0.0001882585050952841 -0.01682141316291203 0.0001306387722742496 5.072006283831029e-05
840 0.2203247683523849 0.05785837313319697 0.0001893529387763875 -0.01682130003052211 0.0001306548570730103 5.074098651732655e-05
850 0.2203253882099874 0.05785882243472527 0.0001895489390676716 -0.01682140269066936 0.000130524104789567 5.092731551423158e-05
860 0.2203249572284092 0.05785782702983327 0.0001899926190822814 -0.01682119757644863 0.0001305230530717226 5.089072967110406e-05
870 0.2203247613748188 0.05785827118131239 0.0001897107085568934 -0.01682132014791557 0.0001304559324030987 5.103668701678973e-05
880 0.2203253488096642 0.0578580390273379 0.0001892260876981455 -0.01682140278593062 0.0001305683936631118 5.095202988926817e-05
890 0.2203243550126305 0.05785828057206576 0.0001885158461913361 -0.01682127020380762 0.0001306380292747464 5.071674085643329e-05
900 0.2203253665158897 0.05785863890883453 0.0001892434408240564 -0.01682139410617968 0.0001306782952901515 5.071250458673521e-05
910 0.2203251077050254 0.05785878505782107 0.0001892960192168944 -0.01682138320684218 0.0001304567519542164 5.102747886387685e-05
920 0.2203249677910997 0.05785822058274056 0.00019016930770175 -0.01682128568580441 0.0001305482616156155 5.091642354137631e-05
930 0.2203248669153957 0.05785833518741044 0.0001897497686375344 -0.01682139731459275 0.0001303895534736671 5.109949920279364e-05
940 0.2203248041981472 0.0578574329098516 0.000189271940968041 -0.01682121040969087 0.000130547537604517 5.090420033335665e-05
950 0.2203248199774315 0.05785852924468605 0.0001885758488667749 -0.01682142449939415 0.000130656186685328 5.073769902103492e-05
960 0.2203251417451469 0.05785860615635951 0.0001893051429755327 -0.01682140865718279 0.0001306483514387585 5.079119605292558e-05
970 0.2203248689772021 0.05785870318866096 0.0001896257727934172 -0.01682132713328265 0.000130525033390186 5.091857928463995e-05
980 0.2203252465881113 0.05785823446012753 0.0001898258272606116 -0.0168212972715639 0.000130501891453774 5.094313146574392e-05
990 0.2203248787080095 0.05785820693956188 0.0001896824977574045 -0.0168213589908314 0.0001304432277480888 5.105104381137029e-05
1000 0.2203248825959438 0.05785785786063772 0.0001894800983505625 -0.01682131072896775 0.0001304971825450902 5.099227190873307e-05
1010 0.2203249834724658 0.05785822359324195 0.0001883992906108796 -0.01682133506120633 0.0001306572394315511 5.074851433928747e-05
1020 0.2203251188183487 0.05785820369775301 0.0001892510127109635 -0.01682129719854801 0.0001307060317182392 5.065013928067546e-05
1030 0.220324946029143 0.05785887057034882 0.0001892250385377353 -0.01682138400566913 0.0001305229254106915 5.089020129541393e-05
1040 0.2203252396719233 0.05785825414502592 0.0001901811509830752 -0.01682134282968569 0.000130566835940315 5.091135191183553e-05
1050 0.2203247556076129 0.05785816141966069 0.0001896579176517163 -0.0168212894246126 0.0001303951836253131 5.101867399568984e-05
1060 0.2203251982199229 0.05785765333902849 0.0001893926185303449 -0.01682127032008536 0.000130588449624756 5.093160140231559e-05
1070 0.2203248828118493 0.05785850231731844 0.0001881985450593782 -0.01682137836765277 0.0001306024735771447 5.0744956847016e-05
1080 0.220324958260441 0.05785840739934225 0.0001890426910038011 -0.01682136646901316 0.00013066349391933 5.072880046959179e-05
1090 0.2203252422922634 0.057858668275408 0.0001894450627334572 -0.01682133778837699 0.0001306133732761994 5.085480800836978e-05
1100 0.2203250557643773 0.05785824336686 0.0001899282990451144 -0.0168212629684149 0.0001304956286730864 5.08612779878639e-05
1110 0.2203248647958969 0.05785813908038325 0.0001898038139085455 -0.01682129751697911 0.0001304921929550627 5.103470344223601e-05
1120 0.2203251466837707 0.05785807208312325 0.0001895147185659305 -0.01682137009738242 0.0001304698377358339 5.104214790972652e-05
1130 0.2203246439628142 0.05785814741651241 0.0001886261781280778 -0.01682133136179075 0.0001306176638778172 5.075782579396612e-05
1140 0.2203250002721087 0.05785838085289025 0.0001888785884320272 -0.01682130475683115 0.0001307154527357488 5.06827253898089e-05
1150 0.2203252903286722 0.05785907261366709 0.0001891673794160099 -0.01682145281842259 0.0001304856642353589 5.096345516940599e-05
1160 0.2203249966348786 0.057858134156505 0.0001902314152950542 -0.01682126850165943 0.0001305955945505609 5.088834836554765e-05
1170 0.2203247630919817 0.05785855771275953 0.0001897252808492505 -0.01682139183572526 0.0001303836948536924 5.108673268299088e-05
1180 0.2203250425496818 0.05785749688233706 0.000189625071031266 -0.01682125879001057 0.0001304990689037 5.096784775919345e-05
1190 0.2203244634861222 0.05785823812976181 0.000188580978096388 -0.01682132682884319 0.0001305968283426232 5.081064981331943e-05
1200 0.2203253892591397 0.05785864197346628 0.0001890816034653401 -0.01682148182127233 0.0001306764342683753 5.074993600646505e-05
1210 0.2203247273955724 0.05785856802056511 0.0001894207365125976 -0.01682129900811382 0.0001305523113979012 5.089382891261718e-05
1220 0.2203252993061671 0.05785840394915179 0.0001899165159760239 -0.01682130439477189 0.0001305597556102026 5.087099393336661e-05
1230 0.2203250941923251 0.05785836002419662 0.0001896215867505872 -0.01682140774738866 0.000130419129385157 5.106788000160153e-05
1240 0.2203246539128312 0.05785774043297454 0.0001897098990987836 -0.0168212287995954 0.0001304924923826657 5.102823857571217e-05
1250 0.2203251071743213 0.05785831223737573 0.0001887178812424702 -0.01682138262320409 0.00013060170176059 5.079432027459597e-05
1260 0.2203248588383916 0.05785792720149359 0.0001887945203936029 -0.01682125368206967 0.0001306733195982644 5.068972727748177e-05
1270 0.2203250493829298 0.05785891245532682 0.000189192327909145 -0.01682140897731533 0.0001306129222878376 5.079959211298917e-05
1280 0.2203253151400386 0.05785849144104544 0.0001900479447096326 -0.01682139224442166 0.0001305387129052134 5.089874705912669e-05
1290 0.2203247312201602 0.05785807969320376 0.0001897119133563017 -0.01682122229956922 0.0001304674716995811 5.097190333001746e-05
1300 0.2203253990891383 0.05785784184470727 0.0001895991720982402 -0.01682132177936233 0.0001305302596701949 5.097948522227478e-05
1310 0.2203247445947372 0.05785820842696685 0.0001885482847822169 -0.0168213354300498 0.0001305526642157512 5.08383145741119e-05
1320 0.220324880913601 0.05785833539435709 0.0001888146914895812 -0.01682136567380661 0.000130697684362933 5.068845561483548e-05
1330 0.2203251964023581 0.05785878587757824 0.0001890004444639445 -0.01682137397876497 0.0001305569865636451 5.087426965152245e-05
1340 0.2203250639637034 0.05785815301205949 0.0001900471417651701 -0.01682121485591972 0.0001306211661577856 5.075692382525822e-05
1350 0.2203249295986404 0.05785853446542961 0.0001897170854383467 -0.01682135295873189 0.0001304374226256066 5.103318150342746e-05
1360 0.2203252156173315 0.05785786875019716 0.0001897749055186537 -0.01682133206505533 0.000130495944498988 5.107451218211256e-05
1370 0.2203246210812884 0.05785810055598937 0.0001891311804909775 -0.01682133028123492 0.0001305642744630639 5.082408582113856e-05
1380 0.2203250193726465 0.05785832095048887 0.0001884330334468074 -0.01682134623553621 0.0001306728535568499 5.071505143881055e-05
1390 0.2203251453748802 0.05785888142462309 0.0001890163684950431 -0.01682138542116967 0.0001305860811534732 5.088016257269784e-05
1400 0.2203250191987352 0.05785851654447807 0.0001899971916537019 -0.01682132927129695 0.0001305258716140917 5.088438747860368e-05
1410 0.2203249130078665 0.05785837195695788 0.0001899009078856692 -0.01682136839416097 0.0001304682314250501 5.104732317809769e-05
1420 0.2203249117331798 0.0578576942573665 0.0001897094072241475 -0.01682125016766222 0.0001304550495589997 5.099087619543145e-05
1430 0.2203246527599106 0.05785816963940487 0.000189087959355895 -0.01682135919127078 0.0001305357503082812 5.090468477474704e-05
1440 0.2203251546387613 0.05785832158997831 0.0001888139530750247 -0.01682140625861463 0.0001307243240966009 5.072617549918206e-05
1450 0.2203247868040362 0.05785884643571858 0.0001890869713723658 -0.01682137606498387 0.0001305257709686856 5.087437741281953e-05
1460 0.2203253140719387 0.05785825679563843 0.0001899842608739225 -0.01682127503024509 0.0001306466943724848 5.080731683853201e-05
1470 0.2203249836819995 0.05785863719325211 0.0001894928664887969 -0.01682141316006903 0.0001303637599583735 5.107131588223839e-05
1480 0.2203250031977241 0.05785772556165204 0.0001898490869048862 -0.01682127151604641 0.0001305034303485186 5.104666535341838e-05
1490 0.2203248095996827 0.05785811156430136 0.0001892125264330784 -0.01682129124194437 0.0001305546329716567 5.086443412981953e-05
1500 0.2203250212256982 0.05785797485590606 0.0001885502937763691 -0.01682131768444113 0.0001306509606849598 5.069654220020351e-05
1510 0.2203249362864009 0.05785861591018999 0.0001890023900398393 -0.01682136730243063 0.0001306768081964477 5.077151366569242e-05
1520 0.2203252419799046 0.05785880133144202 0.0001899404531658217 -0.01682142490093768 0.0001305524141539404 5.084057936462268e-05
1530 0.2203249303852043 0.05785819640733209 0.0001897459867998704 -0.01682125505752921 0.0001304896111289317 5.094668647817817e-05
1540 0.2203251243979963 0.05785784293936214 0.0001894905438816964 -0.01682123981330568 0.0001304951578955653 5.10086047488447e-05
1550 0.2203250982291014 0.0578582619998116 0.0001891948602352176 -0.01682141040113962 0.0001305008325335625 5.090673035557712e-05
1560 0.2203246153016605 0.05785795373626061 0.0001886021485269869 -0.01682130008721325 0.0001306913951478911 5.07195171318792e-05
1570 0.2203252526143077 0.05785886140815341 0.0001887925414555975 -0.01682140707409133 0.0001305952047297801 5.082296529122112e-05
1580 0.2203252057722421 0.05785818299378331 0.0001899104336673697 -0.01682124772840661 0.0001306457923356452 5.072714460334676e-05
1590 0.2203247321248838 0.05785861633978364 0.0001896863785145598 -0.01682129514860521 0.000130475272645692 5.098420204851203e-05
1600 0.2203254607645521 0.05785813484266505 0.0001898386236634702 -0.01682139395790979 0.0001304738002780444 5.107835421047175e-05
1610 0.2203243593802205 0.05785783739885909 0.0001895500326678784 -0.016821255318445 0.000130480461783386 5.094499764906705e-05
1620 0.2203251274103281 0.05785826390723064 0.0001884415061601629 -0.01682138166935884 0.0001306929547364316 5.069968678826122e-05
1630 0.2203250809027312 0.05785883963160555 0.0001886101783171385 -0.01682140226095304 0.0001305661371046302 5.088643961274975e-05
1640 0.2203249633170535 0.05785848834933328 0.0001899433196934007 -0.01682128472490596 0.0001306236769040207 5.079194599472141e-05
1650 0.2203251656460948 0.05785866003856559 0.0001899099920546835 -0.01682144323882552 0.0001304521778715885 5.102744554654748e-05
1660 0.2203247963051008 0.05785756683839482 0.0001897145295496616 -0.01682119604043197 0.0001304673981047823 5.100869651879382e-05
1670 0.2203247299565687 0.05785824599715168 0.0001896451736635277 -0.0168213772722298 0.0001304966215416017 5.095097230759595e-05
1680 0.2203250269754703 0.05785817477185961 0.0001885387979621338 -0.01682140084781747 0.0001306206148405955 5.082186436882609e-05
1690 0.2203247328069462 0.05785861458376607 0.0001889180445738049 -0.01682133262759457 0.0001306303402920972 5.07956731080064e-05
1700 0.220325349073343 0.0578585740596191 0.0001897618773523846 -0.01682134219243039 0.0001306197647608541 5.077742118546314e-05
1710 0.2203249895883443 0.05785852452325409 0.0001896292593463404 -0.01682137201232893 0.0001304467405205343 5.102015481636432e-05
1720 0.2203251021471834 0.05785795967943137 0.0001898730735318364 -0.01682130369741497 0.0001304926204072212 5.103935228520223e-05
1730 0.2203248545067122 0.05785808206269312 0.0001895131367527112 -0.01682130023843266 0.0001304810326666537 5.096082632799228e-05
1740 0.220324886945502 0.05785772531137089 0.0001886787291203691 -0.01682125471054827 0.0001306739016897179 5.06955708415947e-05
1750 0.220324912675898 0.05785872350027171 0.000188489208417297 -0.01682142059363128 0.0001305893109488561 5.081034564730841e-05
1760 0.2203252863148626 0.05785852355123609 0.0001899758300734371 -0.01682139022126306 0.0001306770609182348 5.076021636729537e-05
1770 0.2203248790899338 0.05785855106841039 0.000189701947461941 -0.01682128920547689 0.0001304695945896619 5.090874516652823e-05
1780 0.2203253094107573 0.05785786350849286 0.0001894795035383548 -0.01682124840226585 0.0001305135679809343 5.101175706643727e-05
1790 0.2203249791957945 0.0578581705811187 0.000189565626836594 -0.01682134869836422 0.0001305001269923381 5.093585378770057e-05
1800 0.2203246788643682 0.05785806437362235 0.0001886737971336169 -0.01682136317754034 0.0001305923031985447 5.080001764268098e-05
1810 0.2203251097718771 0.05785847911276774 0.0001886100834339451 -0.01682134764185582 0.0001306741108931343 5.078647500020637e-05
1820 0.2203251060381725 0.05785846350531784 0.0001895726759966989 -0.01682128658701051 0.0001305987511352073 5.071206646490733e-05
1830 0.2203250181799105 0.05785858356277835 0.0001897652318028181 -0.01682132386690595 0.00013054514070438 5.093111720661461e-05
1840 0.2203252536343325 0.05785821765126035 0.0001897700685602777 -0.0168213320715885 0.0001304800757250218 5.105327146034525e-05
1850 0.2203246547579355 0.05785798761918205 0.0001898442502225968 -0.01682131916328345 0.0001304288815010243 5.100296653837262e-05
1860 0.2203249702179542 0.05785784250344504 0.0001887948136804045 -0.01682130882875681 0.0001306906903940992 5.076091807163207e-05
1870 0.2203249871851009 0.05785897582335953 0.0001882218617670067 -0.01682144538207969 0.0001305390373126453 5.087816315646397e-05
1880 0.220325029472631 0.05785841992266082 0.0001897749140692817 -0.01682129148997178 0.0001306838602773431 5.074230816402401e-05
1890 0.2203249012463304 0.05785881807784573 0.0001897416343719239 -0.0168213940847959 0.0001304461768779127 5.099120832961281e-05
1900 0.2203251982790834 0.05785777679436759 0.0001898029131093112 -0.01682128066004357 0.0001304812822584689 5.098788254997917e-05
1910 0.2203245172219712 0.05785805131219446 0.0001898726210663953 -0.01682130059879117 0.0001304830789114331 5.099878499147204e-05
1920 0.2203251699549734 0.0578582295098237 0.0001889575322749262 -0.01682144338904106 0.0001305664853081962 5.087950008700835e-05
1930 0.2203247308307557 0.05785831899479606 0.0001885612952172993 -0.01682132190643527 0.0001306436655681874 5.080583149828122e-05
1940 0.220325138366394 0.05785862537708128 0.0001894868892966406 -0.01682130967566177 0.0001306600418377411 5.071711041700632e-05
1950 0.2203252343100751 0.0578587694859901 0.0001896459477878878 -0.01682144368923063 0.00013046424739325 5.097303950203159e-05
1960 0.2203248339662056 0.0578578836590867 0.0001897799293671585 -0.01682122758874622 0.0001304798200516634 5.105508817178904e-05
1970 0.2203251270512449 0.05785826304931686 0.000189798734763737 -0.01682135908599011 0.0001304827571983711 5.096402639485213e-05
1980 0.2203247615073404 0.05785753719234271 0.0001890377261670398 -0.01682122155325156 0.0001305959282198783 5.079843281436721e-05
1990 0.2203248105647767 0.05785857918194941 0.0001882226082980084 -0.01682138662865739 0.0001306380247141294 5.076877627997263e-05
2000 0.2203254761380632 0.0578586237926006 0.0001897313354289928 -0.01682146280465769 0.0001306748411885839 5.074373120090543e-05
2010 0.2203247025800318 0.05785847378356496 0.0001896796219595436 -0.01682123966856251 0.000130527363689584 5.085962419942402e-05
2020 0.2203255020090529 0.0578581646931114 0.0001895466424087306 -0.01682130345804437 0.0001305203148012766 5.09724534338422e-05
2030 0.2203248826556631 0.05785811328356939 0.0001894733411569375 -0.01682131181362182 0.0001304239887470292 5.101891015543177e-05
2040 0.2203247152424982 0.05785789972042103 0.0001893147917444175 -0.01682133073230187 0.0001306008069918198 5.082904488673095e-05
2050 0.2203250791773567 0.05785849648445215 0.0001882209721237411 -0.01682139365703587 0.0001306096527344335 5.082061650446654e-05
2060 0.2203249878072304 0.05785821346539993 0.0001894537743045797 -0.0168212332460268 0.0001306971461431055 5.065278115011778e-05
2070 0.2203251447046521 0.05785889636992837 0.0001897207850461391 -0.01682139077977736 0.0001305575251954007 5.087725129525934e-05
2080 0.2203252476407483 0.05785827166404645 0.0001896887042657763 -0.01682132208960241 0.0001304832791134084 5.105143592568748e-05
2090 0.220324651684824 0.05785804063686688 0.0001899931701708317 -0.01682128303167381 0.0001304579728738392 5.098047847992315e-05
2100 0.2203250027530467 0.05785789563356939 0.0001891476722643867 -0.01682134657866375 0.0001305280083999882 5.091014422450356e-05
2110 0.220324943339108 0.05785850092820687 0.0001881573744798675 -0.01682139091359288 0.0001306232672248737 5.085023163120537e-05
2120 0.2203249736144261 0.05785863723202796 0.0001894341104165345 -0.01682134237836823 0.0001306542652055243 5.072130317548598e-05
2130 0.2203249880205029 0.05785876126306611 0.0001896848525886106 -0.01682138453991875 0.000130517597398544 5.093654033158062e-05
2140 0.2203251583139337 0.05785791784781091 0.0001898378698018702 -0.01682125707007805 0.0001305180912219641 5.093416449822806e-05
2150 0.2203246464758264 0.05785828182207661 0.0001898351147345371 -0.01682135471763631 0.0001304220096081983 5.104637163760538e-05
2160 0.2203250474581925 0.0578579177271034 0.0001896589815546384 -0.01682136975962991 0.0001305762742604329 5.093201619727332e-05
2170 0.220324628188584 0.05785843971467586 0.0001881669779876381 -0.0168213659113433 0.0001305343209977959 5.086529996386075e-05
2180 0.2203252636239433 0.05785833737133628 0.0001893084364936257 -0.01682130180769945 0.0001307486895013798 5.066964613222114e-05
2190 0.2203250575022341 0.05785894848214247 0.0001894905558981679 -0.0168214235755672 0.000130487433550415 5.090449147678705e-05
2200 0.2203251454417599 0.0578580714025923 0.0001898225626310068 -0.0168212934262681 0.000130485398628074 5.10379602718472e-05
2210 0.2203250273631569 0.05785806971730405 0.0001899115474154501 -0.01682128748850134 0.000130524070343467 5.096382538333071e-05
2220 0.2203248130223139 0.05785775749657531 0.0001894772325182367 -0.0168212771291555 0.000130487558489539 5.089220763942749e-05
2230 0.2203247514624609 0.05785823121833241 0.0001881297586684318 -0.01682134419942605 0.0001306625128216831 5.078217519408998e-05
2240 0.2203251791841125 0.05785868525462885 0.0001892752907277744 -0.0168214329901687 0.0001306463889619224 5.0731301052215e-05
2250 0.2203250398335406 0.05785857846432601 0.0001896681545950753 -0.01682132106674978 0.0001305813662130527 5.080180029793296e-05
2260 0.2203252632179553 0.05785813401308736 0.0001895842806336106 -0.01682123823134448 0.0001305569108877057 5.093426199287708e-05
2270 0.220325154351286 0.05785840923581796 0.0001895063052475714 -0.01682137989627231 0.000130407815275578 5.101804584526182e-05
2280 0.2203247290681371 0.05785761817083304 0.0001897827921297698 -0.01682128576525692 0.0001305745485307009 5.091095106883065e-05
2290 0.2203248955506894 0.05785846658408084 0.0001881057212560734 -0.0168213733684888 0.000130573400487002 5.084161176561895e-05
2300 0.2203251425177974 0.05785816252353484 0.0001891940979091185 -0.01682128434385912 0.0001307089589615931 5.063883905319793e-05
2310 0.220324819706534 0.05785881180183982 0.000189490651359072 -0.01682132384993047 0.0001305739138284984 5.085042059775486e-05
2320 0.2203255785791151 0.05785856739330519 0.0001898057041073806 -0.01682140912998942 0.0001305194392370734 5.098999544802801e-05
2330 0.2203245105220471 0.05785799293371423 0.0001899093546857745 -0.0168212285699354 0.0001304547482697764 5.099413185677895e-05
2340 0.220325040693042 0.05785795659664097 0.0001896093242916507 -0.01682133444245602 0.0001305131706123535 5.094063059605303e-05
2350 0.2203250693155467 0.05785837176979518 0.0001882059311516786 -0.01682143082560499 0.0001305658709435087 5.092070314006333e-05
2360 0.2203246998523348 0.05785841018012158 0.0001891344629547166 -0.01682128837511282 0.0001306935933419607 5.069797288735211e-05
2370 0.220325190269262 0.05785900768325326 0.000189569853981395 -0.01682146214538679 0.0001305426766587298 5.087540808159468e-05
2380 0.2203249920538445 0.05785787853557185 0.0001896649453051443 -0.01682120488966926 0.0001305043874830402 5.093629940515707e-05
2390 0.2203248197208978 0.05785840654267465 0.0001899405271262098 -0.01682136215629948 0.0001304733340652928 5.099394828343483e-05
2400 0.2203250877509994 0.05785796562363406 0.000189918421755748 -0.0168213936136632 0.000130483085210251 5.10272979530967e-05
2410 0.2203244900183117 0.05785811698590929 0.0001884520704979073 -0.01682130044362977 0.0001305587368560164 5.089081825846323e-05
2420 0.2203253526835754 0.05785843023218814 0.0001889707670680522 -0.01682136950938325 0.0001307310107148471 5.066274719079904e-05
2430 0.2203249021941198 0.05785886020031467 0.0001892422816878839 -0.01682138747219683 0.0001305355977249582 5.086513747517973e-05
2440 0.2203251925862563 0.05785831073953142 0.0001898926591624424 -0.01682130217456159 0.0001305384392843425 5.095337391137643e-05
2450 0.2203250781241646 0.05785823585106155 0.0001897150036731123 -0.01682131777132417 0.0001304366037492276 5.102273977116148e-05
2460 0.2203248664504622 0.05785750406397436 0.0001899521024255698 -0.01682122753572554 0.0001305422527658508 5.089880172886336e-05
2470 0.2203247578785277 0.05785834694446485 0.0001882989019657094 -0.01682139335339509 0.0001305483806279766 5.08673985068579e-05
2480 0.220325119745592 0.05785832846828613 0.0001889782655300615 -0.0168213839000581 0.0001307088541688135 5.070950426832775e-05
2490 0.2203250059249696 0.05785869955330464 0.0001894810047622127 -0.01682132890710778 0.000130621717425833 5.073548947470874e-05
2500 0.2203253477277383 0.05785833401216704 0.0001895010009599615 -0.01682128708022904 0.0001305458992444531 5.092130972666371e-05
2510 0.2203250698253315 0.05785835721953654 0.0001896423372091229 -0.01682132356183603 0.0001304784133034671 5.09686751473681e-05
2520 0.2203247555876486 0.05785791490074911 0.0001897952699003745 -0.01682133658728293 0.0001304440808222583 5.100365748662853e-05
2530 0.2203249565255482 0.05785807135469508 0.0001885912842253861 -0.01682132611921927 0.0001305994982009226 5.088447234730273e-05
2540 0.2203249499077122 0.05785819862900133 0.0001887959314735659 -0.01682128042223914 0.0001306857460597437 5.062291523540917e-05
2550 0.2203250252736568 0.05785878806523052 0.0001893151284133194 -0.01682137058675877 0.000130610844659674 5.082109165203792e-05
2560 0.2203254799975783 0.05785850178528459 0.0001898690456384357 -0.01682136483594533 0.0001305923789250491 5.092463155772288e-05
2570 0.2203246547648348 0.05785837239281851 0.000189801393756529 -0.01682130289727014 0.0001304029779053885 5.100203200419396e-05
2580 0.2203250134170608 0.05785774307534417 0.0001898326196920679 -0.01682126568534766 0.0001305499068581324 5.095380238870827e-05
2590 0.220324876434377 0.05785846232554141 0.0001884869051914361 -0.01682141755312659 0.0001304382057585574 5.102101269883248e-05
2600 0.2203249003304266 0.05785817154053904 0.0001889318857611436 -0.01682132843207801 0.0001307289825539293 5.069129902950018e-05
2610 0.2203248774218907 0.05785893202525079 0.0001893479010628815 -0.01682140785599733 0.0001305858893667867 5.082586549984459e-05
2620 0.2203252730809439 0.05785821146988998 0.0001896344128756824 -0.01682129531540098 0.0001305192278596299 5.088756370984436e-05
2630 0.2203247945879681 0.05785826592862689 0.0001899596887520139 -0.01682130417177037 0.0001305243796966509 5.097017709426575e-05
2640 0.2203250790432594 0.05785821719843273 0.0001899665831050331 -0.01682140647471784 0.000130437836839916 5.104872402732428e-05
2650 0.2203246446721382 0.0578579320708816 0.0001890296002270301 -0.01682131517067025 0.0001305054145279891 5.098269115073075e-05
2660 0.2203249750616791 0.05785818993772 0.0001885658388648779 -0.01682130005195841 0.0001306999826938445 5.068793227023565e-05
2670 0.2203252026183972 0.05785898160820088 0.0001890709671175357 -0.0168214790310589 0.00013057271895153 5.081571992691169e-05
2680 0.2203249615371074 0.05785824332656984 0.0001897747507561132 -0.01682123727963213 0.0001305855337727299 5.09031882462101e-05
2690 0.2203252057372678 0.05785853395346346 0.0001897719675036448 -0.01682134467378417 0.0001304634476201237 5.096928362652289e-05
2700 0.2203250201718847 0.05785748449303953 0.0001900441631505968 -0.01682124505061459 0.0001305201780283746 5.09454187275205e-05
2710 0.2203245415135836 0.057858217780489 0.0001888518830808024 -0.01682134207018015 0.0001305020569134835 5.094337893334806e-05
2720 0.2203252816579272 0.05785834418081556 0.0001887384451092171 -0.01682145034322709 0.0001306860185202966 5.071613815538715e-05
2730 0.2203247083583346 0.05785847720560203 0.0001890502359165483 -0.01682125556766657 0.0001306238029779518 5.073503338439181e-05
2740 0.2203255718849668 0.05785853022178323 0.0001895410474034993 -0.0168213364355631 0.0001306162776724217 5.082652100479398e-05
2750 0.2203250844076196 0.05785843911743192 0.000189596051262606 -0.01682133377192092 0.0001304554490874656 5.097617109412751e-05
2760 0.2203247335600666 0.05785787822869349 0.0001899505685042743 -0.01682129215117473 0.0001304877298692702 5.098905628584106e-05
2770 0.2203251361466755 0.05785814593326769 0.0001891094537378135 -0.01682138337584973 0.0001305062012189606 5.098519032798796e-05
2780 0.2203246637488762 0.05785788503935306 0.0001885323126680538 -0.01682120676059717 0.0001306983170026705 5.063709030427189e-05
2790 0.2203250567175392 0.05785892420338039 0.0001891010488322716 -0.0168214036354802 0.0001306449284388834 5.075999316511026e-05
2800 0.2203254217347347 0.05785856075435851 0.0001896127518435642 -0.01682137798756762 0.0001305572114574517 5.093453357151702e-05
2810 0.2203247512379035 0.05785835723610727 0.0001900076845256627 -0.01682128657122225 0.0001304973096454058 5.092365299053352e-05
2820 0.2203251291858686 0.0578580236231646 0.0001897403961192812 -0.01682132137226289 0.0001304750105435839 5.099355898468384e-05
2830 0.2203248386003572 0.05785813736071677 0.0001890620609504091 -0.0168213410672232 0.0001304470535035368 5.107883302177733e-05
2840 0.2203249027054051 0.05785816589311817 0.0001887970276073622 -0.01682135032319708 0.000130696386842848 5.070647205019543e-05
2850 0.2203248228509444 0.05785882458776513 0.0001890015227655401 -0.01682142235519119 0.0001305839535150331 5.083341246855937e-05
2860 0.2203251780199736 0.05785821781582941 0.0001896495703445734 -0.01682126633835965 0.000130610758198169 5.079434510004906e-05
2870 0.2203248449561002 0.05785863545512528 0.0001897602700356108 -0.01682136622929497 0.0001304407787692949 5.09925642462917e-05
2880 0.2203251439974288 0.05785801399230482 0.0001901028595306632 -0.01682134675818265 0.0001305262611182693 5.101256842420754e-05
2890 0.2203245923338358 0.05785812669232547 0.0001894334909210242 -0.01682133213853795 0.0001304088143951075 5.105580374210223e-05
2900 0.2203250782779482 0.05785791218521686 0.0001885771726765155 -0.01682130642699391 0.0001306925045497412 5.073339926510701e-05
2910 0.2203250594774494 0.05785880422895304 0.0001888382054134905 -0.0168214469954796 0.0001306224136934672 5.077595752318412e-05
2920 0.2203250813096228 0.05785852879962289 0.0001895192778202325 -0.01682131750111436 0.0001305643876158604 5.088066295154444e-05
2930 0.2203251453602927 0.05785841456661785 0.0001898624649717762 -0.01682127728649762 0.0001305530686979481 5.089923392394117e-05
2940 0.2203249693161423 0.05785781750012899 0.0001898571508260659 -0.01682126450497883 0.00013043369972537 5.097709860787762e-05
2950 0.2203247636538312 0.05785798757168092 0.0001894061997030405 -0.01682134803171612 0.0001305070906337893 5.100131220353131e-05
2960 0.2203249747603838 0.05785821976053993 0.0001887824290776634 -0.01682140127972808 0.0001306501784809195 5.074994472326991e-05
2970 0.2203249015937843 0.05785853696562178 0.0001887298141403779 -0.01682132780513445 0.000130625280218192 5.072493242493666e-05
2980 0.2203254344167975 0.05785834412642308 0.0001894119243936934 -0.01682127269917525 0.0001307044707279275 5.075971515560594e-05
2990 0.2203251485379304 0.05785884207011679 0.0001895349936505496 -0.01682138979874827 0.0001304371770253899 5.093767582331333e-05
3000 0.2203248798851898 0.05785779233844686 0.0001900285968172723 -0.01682128633892413 0.0001305162281855443 5.098794297036415e-05
