"report"
"Iteration" "cd-scale etc.."
("Iteration" "cd-scale" "cl-scale" "cx-scale" "cmx-scale" "cmy-scale" "cmz-scale")
10 0.1537135832599592 0.03756757244362199 -0.0002116244114368756 -0.01256376522140074 -0.0001495318103578144 0.0004132844144517624
20 0.1560731152508597 0.03121879247219567 -0.001500830035241227 -0.01007748294776307 0.0003802848461738801 0.0001204171621231261
30 0.1479087876793129 0.03628394572206158 -0.0006116186959382542 -0.01149441200014542 0.0004114328480050392 0.0002279151131444086
40 0.148833369719912 0.0325513183328964 -0.0002201926363627838 -0.009440655917645053 0.0005006440508324589 0.0003120739870971571
50 0.1469746127533949 0.03058628989503486 0.0009061107169574115 -0.009271576100728275 0.001209505723894311 -4.794294609872284e-05
60 0.1456667184916955 0.03225424255066479 0.0004596886507605612 -0.009772857046077249 0.001044782161546498 -9.76563011785312e-05
70 0.1462792504552194 0.0337678714380459 -0.0002358133758272732 -0.00995564052485803 0.0007751023297842614 -3.026493764681081e-05
80 0.1465251492388027 0.0345845436885823 -0.0007789268313539126 -0.01004835258625063 0.0005469990083183132 9.096900373968139e-06
90 0.1468144936417306 0.03475147661447402 -0.001064551937955977 -0.00992511558225808 0.0004523645458536979 8.702096425825192e-06
100 0.1469243855539311 0.03488368420326461 -0.001109971722180047 -0.009829236303776917 0.0004607201578220243 5.970502505906688e-06
110 0.1469664135645988 0.03494132775273931 -0.001078523001734843 -0.00979895004637309 0.0004574291780012085 9.221307486591185e-06
120 0.146958076462209 0.03497143975408183 -0.001055285309613134 -0.009792632619080343 0.0004431761935481773 2.251291823844326e-05
130 0.1469552256642827 0.03495062697908083 -0.001021922666115753 -0.009790727464076773 0.0004278404741824731 3.479164275677036e-05
140 0.1469683635030842 0.03487702556979576 -0.0008159041541369234 -0.009807235658169842 0.0003392309316491695 3.981985396529829e-05
150 0.1470812281571548 0.0346534079379096 -0.0005558552191824307 -0.009877547870069295 0.0002210843773363005 4.3053800803596e-05
160 0.146933626420966 0.03476771748818453 -0.0007221256297864313 -0.009815744449357429 0.0002912758345607779 4.55656357501625e-05
170 0.1468810915745097 0.03480670594205264 -0.0008914931357865781 -0.009812207388457461 0.0003717907198965679 4.246564243628895e-05
180 0.1469013631791986 0.03481585361646863 -0.0008963363887613097 -0.009821322461073305 0.0003655123471021608 4.241392667306465e-05
190 0.146893540546016 0.03482551222089558 -0.0008831237789734261 -0.009817917611682249 0.000353697238083956 4.404824083100054e-05
200 0.1468950541926588 0.03480131657483026 -0.0008856653427013881 -0.009823553130476018 0.0003589581235813092 4.50104107702633e-05
210 0.1468938145751439 0.03479738793595229 -0.0008418619227262081 -0.009824968138582562 0.0003350293660700373 4.662806873342117e-05
220 0.1468875909357607 0.03481668314820484 -0.0008929240314111492 -0.009817872910866381 0.0003544492345168682 4.639423846902985e-05
230 0.1468976888728501 0.03479406638708391 -0.0008784123890555561 -0.009831136770608763 0.0003493820872880003 4.550344417949799e-05
240 0.1468826469677556 0.03481371520130671 -0.0008526713161585391 -0.00982310341980736 0.0003302328451872819 4.578318718178356e-05
250 0.1468943940458638 0.03480568841428577 -0.0008957194882305739 -0.009819738635561249 0.0003560467449653938 4.677978404076811e-05
260 0.1469058995005267 0.0347864596330678 -0.0008408924574786992 -0.009824073212254175 0.0003439639804123462 4.66621860810166e-05
270 0.1468876450353213 0.03480792351856499 -0.0008792888617786395 -0.009815132949858018 0.000349925998630139 4.704674653368389e-05
280 0.1468958931018992 0.03478251403435295 -0.0008854370209688398 -0.009825222795741597 0.0003551424365106133 4.767606014758308e-05
290 0.1468915535835069 0.03478698285899993 -0.0008161792105548247 -0.009822870790475858 0.0003369073288470703 4.543181192928651e-05
300 0.146885998653956 0.03480625666015249 -0.0008909549177413432 -0.009818014043305718 0.0003600457332018796 4.607620091208018e-05
310 0.146895694363209 0.03478545621796041 -0.000869878331481207 -0.009827705896694173 0.0003447456909228754 4.639159486542746e-05
320 0.1468836445542339 0.03479872669260545 -0.0008530380887742104 -0.009817019891103991 0.0003408280923789677 4.518623404564649e-05
330 0.1468929500343533 0.03479398618904531 -0.0008969377865471671 -0.00982091100540004 0.0003596650635739644 4.743032143909448e-05
340 0.1468932894324931 0.03479398743788745 -0.0008436002917465392 -0.009824879715878422 0.0003368039052179928 4.643370563100578e-05
350 0.1468781692308485 0.03480799434668851 -0.0008848035264935651 -0.009817876564462265 0.000351947991801475 4.451784763557953e-05
360 0.1468926526553848 0.03479086289861424 -0.0008906299235175746 -0.00982807714477223 0.0003472176540094781 4.680730872392459e-05
370 0.1468882562156231 0.03480985368286383 -0.0008426150461883029 -0.009821662024638703 0.0003325995849823978 4.580273793031158e-05
380 0.1468920120450414 0.03480655545266584 -0.0008930746640765032 -0.009820419780983485 0.0003584110888993347 4.604522465928711e-05
390 0.1469036126304298 0.03478698448048856 -0.0008618501348760411 -0.009825325636114771 0.0003370670677031508 4.798569184187273e-05
400 0.1468903824889266 0.03479892068980717 -0.0008602764474470959 -0.00981538593804766 0.0003484817276510703 4.722772581873029e-05
410 0.1468960746180587 0.03478281505415041 -0.0008745726840528813 -0.009824510285065795 0.000363553807870144 4.742328581687286e-05
420 0.1468866239975135 0.03479759492780322 -0.0008365779658749942 -0.00982319482047677 0.0003353706462898827 4.661121142558879e-05
430 0.1468844005049178 0.03480279070715098 -0.0008885352658269928 -0.009816874933209549 0.0003553680953558455 4.512964494702385e-05
440 0.1469008291904153 0.03477738968469033 -0.000861911699785063 -0.009826761206415246 0.0003504909646128111 4.614940489724324e-05
450 0.1468830940253845 0.03480619200166744 -0.0008555558013704551 -0.009817123701874729 0.0003417031812830777 4.672048432209716e-05
460 0.1468916894400115 0.034795290071788 -0.0008979536510597624 -0.009822356172530553 0.0003581723129278665 4.607898552776012e-05
470 0.1468942872236688 0.03478540696135258 -0.0008430787206316871 -0.00982638371918417 0.0003342155357088771 4.579366906685655e-05
480 0.1468787161886672 0.03481055453290861 -0.000885139185584305 -0.009816100199653661 0.0003501029236638661 4.655622317230074e-05
490 0.1468927974697236 0.03479124205268966 -0.0008793685958714728 -0.009827058953991868 0.000354679347659514 4.597725045313621e-05
500 0.1468869772620905 0.03480904879606443 -0.0008504455575412717 -0.009822961490494627 0.0003307215956986442 4.49738982945335e-05
510 0.146890030315343 0.03481095497901057 -0.0009075269078465799 -0.009819684040839183 0.0003514313064564543 4.718653633624104e-05
520 0.1469046781668644 0.03478112955553218 -0.0008431294640917713 -0.009826491590542307 0.0003450679552125166 4.769370036470101e-05
530 0.1468906016935989 0.03480231731060355 -0.000860666030787789 -0.009815750298072931 0.0003495175642301222 4.712323961414692e-05
540 0.1468946695943545 0.03479042650153903 -0.0008960582267234654 -0.009824190305909889 0.0003564111680505481 4.772562989168809e-05
550 0.1468924434642058 0.03478525509659901 -0.0008190196976176495 -0.009824774969401272 0.0003341551621283729 4.559502388466158e-05
560 0.1468823530146252 0.03480149713423304 -0.0008774284833219992 -0.009815884012665537 0.0003598019871386128 4.572502545431513e-05
570 0.1468983065907076 0.03478806631464305 -0.0008801136170297932 -0.009826320560394435 0.0003508566069266611 4.730686272150758e-05
580 0.1468879692158535 0.03480180884023573 -0.0008493185720439446 -0.00981912082474809 0.0003378055667011295 4.522071903634396e-05
590 0.1468866062073838 0.03479373681629381 -0.0008937351941333048 -0.009820394171549217 0.000359142625055484 4.667724786049109e-05
600 0.1468941785177368 0.03478848635950452 -0.0008467598051186848 -0.009825370989412056 0.0003384749144004005 4.708449414599045e-05
610 0.1468821663822103 0.03480995522864828 -0.000873976877259276 -0.009816594514388462 0.0003517072180503525 4.48531152824182e-05
620 0.1468936285872836 0.03479231234836633 -0.0008940209420671268 -0.009827057031485998 0.0003514819573582917 4.617457848192868e-05
630 0.146884578507811 0.0348054169077839 -0.000845826008329972 -0.009822844507951536 0.0003265401680884825 4.658919908715524e-05
640 0.1468901409883888 0.03480746102625601 -0.0008872242100249968 -0.009819042212473296 0.0003579819619838766 4.571743267690156e-05
650 0.1469078842583557 0.03478809123338529 -0.0008634338767252323 -0.009827904548272599 0.0003459428546534744 4.713398860669087e-05
660 0.1468872821039655 0.03480381727152651 -0.0008662326350765514 -0.009817257956606434 0.0003393172633953619 4.7496899800161e-05
670 0.146893374240414 0.03478302211349239 -0.0008797803027001884 -0.009822387312743184 0.0003612163548259278 4.67156923147804e-05
680 0.1468944994741821 0.0347872180380424 -0.0008296389145146755 -0.009824888389308903 0.0003393993696690596 4.650863041572328e-05
690 0.1468820054122351 0.03481030792303571 -0.0008885277017490967 -0.009816491755826461 0.0003538989432343839 4.628186003880251e-05
700 0.1468967144748021 0.03477707396418688 -0.000869927264187514 -0.009827284327335935 0.0003511600835843766 4.612345910212408e-05
710 0.1468877981452993 0.03479766992092918 -0.0008455904075887701 -0.009818746445391824 0.0003366479191385134 4.64199836631784e-05
720 0.1468876490527709 0.03480272104036482 -0.000897050665999562 -0.009819102672228427 0.0003607257323813942 4.67035492348393e-05
730 0.1468943862269828 0.03478395740450038 -0.0008436752583872007 -0.009827527234964238 0.0003405659794075305 4.525410755319709e-05
740 0.1468804861295986 0.03480758839271826 -0.0008826132537608652 -0.00981570357863046 0.00034460768026397 4.561084636830492e-05
750 0.1468927814992114 0.03479457344977904 -0.0008939228922263666 -0.009824495072851025 0.0003548507387659894 4.716557614886538e-05
760 0.146888868697139 0.0348017868645446 -0.0008322748051268415 -0.009824624987537389 0.0003342956830129549 4.548793460864881e-05
770 0.146884207972871 0.03481542274176994 -0.000904670062092688 -0.009820300936643513 0.0003519203391450326 4.65134577363966e-05
780 0.1469039220709438 0.03478666713532029 -0.0008701270901766497 -0.009828430890177613 0.0003407196422477138 4.766750004185526e-05
790 0.146893860808139 0.03479863862467519 -0.0008378826640732042 -0.009815957292276587 0.0003446869705361694 4.577386196456932e-05
800 0.1468928134143037 0.03479373621045481 -0.0008921454640608968 -0.009820758195523803 0.0003626793864754214 4.723302028004563e-05
810 0.1468948745985812 0.03478791143100195 -0.0008424833041260354 -0.009825774714405298 0.0003330405955190104 4.668607927707799e-05
820 0.1468846711426306 0.03480104281888061 -0.0008742784330889801 -0.009816073308091972 0.0003541415255450484 4.593395342429047e-05
830 0.1468964737623033 0.03478564418710341 -0.0008788625973093017 -0.009825617087976629 0.000356871854208977 4.763941467804665e-05
840 0.1468851917103379 0.03480337076810008 -0.0008371047559700636 -0.009820065102992003 0.0003357342094591404 4.557296794447138e-05
850 0.1468870665723893 0.03479767282752972 -0.0008945392618008505 -0.009818404125176733 0.0003578405037120381 4.500907286010319e-05
860 0.1468988297767058 0.03478300483476263 -0.0008590488643452124 -0.009826078461549504 0.000339896528618343 4.733371345856372e-05
870 0.1468811608326796 0.03480922215865528 -0.0008634649493195657 -0.009815380435290979 0.0003486734892667707 4.624452637830206e-05
880 0.1468932399457236 0.03479246701166341 -0.0008919489242868102 -0.009825148976627554 0.0003583360214953419 4.606558299932975e-05
890 0.1468889398490326 0.03480082523473074 -0.0008493428091462907 -0.009826258721223535 0.0003257266987176641 4.628010804405561e-05
900 0.1468810003745317 0.03481522379220576 -0.0008886144818540862 -0.009818960086151834 0.0003528398315906049 4.570559915476141e-05
910 0.1469015376773084 0.03478916253235022 -0.0008660189773654476 -0.009827184683062281 0.000350838062149675 4.659429486747211e-05
920 0.1468946622852042 0.03480846257091887 -0.0008589549326293912 -0.009816419954074894 0.0003365779595546042 4.695125248273684e-05
930 0.1468957453980511 0.03479225817848244 -0.0008907192277889793 -0.009819735295705878 0.000358245123783033 4.706343471489966e-05
940 0.1468968337476591 0.0347791851787114 -0.0008316065565030534 -0.009825679868025456 0.0003417704453400012 4.754922427322833e-05
950 0.1468828908222539 0.03480769520292805 -0.0008759932653534245 -0.009815646643977945 0.0003537749896358448 4.705438423845222e-05
960 0.1468962495728947 0.03478718469456186 -0.0008771840469750432 -0.009826463887390367 0.0003557971442302187 4.572048618993448e-05
970 0.1468896243689383 0.034792929630822 -0.0008329102565369109 -0.009821227307726898 0.0003329269956188022 4.495178574048962e-05
980 0.1468841584776339 0.03480264436100883 -0.0008988150963232573 -0.009816222569439396 0.0003584246677556201 4.696840875735636e-05
990 0.1468985624814322 0.03478503948522887 -0.0008570449724808661 -0.00982664181210444 0.0003477328453914663 4.658951510032949e-05
1000 0.1468860446397847 0.03480568471333995 -0.0008666638244926477 -0.009818122188907218 0.000343526863478118 4.563496889164853e-05
1010 0.1468879500343761 0.03479303383727034 -0.0008979219081142043 -0.009824659686803801 0.0003530356792296148 4.730648023585859e-05
1020 0.1468876442507429 0.03479649425261402 -0.0008318145594661714 -0.009825119718132417 0.000334164458143471 4.544310429137415e-05
1030 0.1468838962695464 0.03481719688774432 -0.0008923954386329463 -0.009818398521264973 0.0003544587508145072 4.533864255603939e-05
1040 0.1469019097824054 0.03479566717389056 -0.0008879174729111021 -0.009828481945300839 0.0003441002056394044 4.737634878345645e-05
1050 0.1468916127914329 0.03480099826128422 -0.0008382482955333093 -0.009817610601472649 0.0003360215757715713 4.640280047503448e-05
1060 0.1468966649302957 0.03479331348593349 -0.0008877551280903152 -0.0098171556943471 0.000364007696237278 4.78098008522014e-05
1070 0.1468998789210356 0.03478561492688415 -0.0008500707183277958 -0.00982653498229016 0.0003416557423243587 4.826356922036049e-05
1080 0.1468802240883318 0.03480430980545868 -0.0008605303462222395 -0.009817390641129084 0.0003510218167550179 4.503825524174541e-05
1090 0.1468951748029283 0.03478223913733762 -0.000878546215162277 -0.009825062070180952 0.000357119182943981 4.627217828455814e-05
1100 0.1468910573943145 0.03479707054690964 -0.0008396908807666547 -0.009820728400739527 0.0003338460645777801 4.680687201221365e-05
1110 0.1468866907293544 0.03480444743869617 -0.0008884786540929431 -0.009817230274894629 0.0003600701493454149 4.536575602872364e-05
1120 0.1468980842282143 0.03477987983440399 -0.0008660901321266908 -0.009828018524221323 0.0003452478567052249 4.639217340670101e-05
1130 0.1468831230500826 0.03480365140582534 -0.0008649196892774142 -0.009817518837317917 0.0003382794204277582 4.680800115570609e-05
1140 0.1468897650258291 0.03479565683941434 -0.0008875292114788849 -0.009822463141213484 0.0003602693059470752 4.575987535207105e-05
1150 0.1468896322166371 0.03479471164427852 -0.0008423439175929943 -0.009826844948913765 0.000335198395650422 4.497785740585449e-05
1160 0.1468800191530316 0.03481669076834527 -0.0009049453896161016 -0.00981850295162686 0.0003451457863099479 4.590688958158499e-05
1170 0.1468999304107257 0.03479026767400294 -0.0008783158998529639 -0.009828624698182475 0.000348699262756635 4.694508103105572e-05
1180 0.1468959615739379 0.03480100144708718 -0.0008354063914449081 -0.009819542450983714 0.000338285052106106 4.667312998099496e-05
1190 0.1468938447757758 0.03479908384882253 -0.0008997333729548578 -0.009818533303105115 0.000358051487877673 4.796878113725103e-05
1200 0.1468983036357066 0.03477691368192391 -0.0008444087094371863 -0.009827872681341924 0.0003404923751235711 4.71824707654937e-05
1210 0.1468838994308217 0.03480059649440505 -0.0008552600778812692 -0.009816912390637708 0.0003514342654039277 4.626973267312397e-05
1220 0.146890728909904 0.0347920165068858 -0.0008870558013888516 -0.009823430278584086 0.0003600989176239307 4.729573401813702e-05
1230 0.1468909331607419 0.03479378111370606 -0.0008340645469404363 -0.009822548084048839 0.0003331969201564144 4.48407615021484e-05
1240 0.1468875471858088 0.03480005487634408 -0.000891379785273297 -0.009816479690606766 0.0003562270554480325 4.557767982612697e-05
1250 0.1468978192417998 0.03478303374639116 -0.0008742258176871001 -0.009827216208697221 0.0003483603508040329 4.79829085261049e-05
1260 0.1468821016420084 0.03480491743445704 -0.0008455999619796448 -0.009818656869182051 0.0003425291747018691 4.51513693963318e-05
1270 0.1468898485333203 0.03479664955833468 -0.0009000252623225031 -0.009822232101400439 0.0003565228448988216 4.545575691947709e-05
1280 0.1468922888840868 0.03479313795318346 -0.00085329965051532 -0.00982614995285417 0.0003300897534569197 4.69446269527104e-05
1290 0.1468778193261211 0.03481393317514298 -0.0008752979902306092 -0.00981731143498733 0.0003523485278439222 4.550336181371441e-05
1300 0.1468990299454078 0.03479505967239815 -0.0008867804060589497 -0.009827727396336888 0.0003531779441255887 4.667071531444921e-05
1310 0.1468959807912033 0.0348048778280487 -0.0008506406413018401 -0.00982136717228093 0.0003288234319684101 4.70239905191651e-05
1320 0.1468930550512516 0.03479574539639215 -0.0008833190888283571 -0.009817604388603176 0.000359467809195393 4.711181402675791e-05
1330 0.1468995503205744 0.03477732758844234 -0.0008473592609918219 -0.009826845303108287 0.0003486669498553284 4.796563171985228e-05
1340 0.1468841548886077 0.03480697468939399 -0.0008644583178971305 -0.009817279862977667 0.0003460369902634702 4.644664919270915e-05
1350 0.1468937704366435 0.03478692216311868 -0.0008822014627124387 -0.009824370686319328 0.0003575731851488163 4.529248158647772e-05
1360 0.1468911299054436 0.03478773393265835 -0.0008306617871802326 -0.009823290573826833 0.0003344918385146079 4.635379364689478e-05
1370 0.1468852186430245 0.03480731669962491 -0.0008949071672485004 -0.009815593296809682 0.0003568571595301209 4.697792576779583e-05
1380 0.1468981032362585 0.03478397500100339 -0.0008698808375255096 -0.009827907827655294 0.0003520525091608474 4.595081374706226e-05
1390 0.1468846032637699 0.0348021565330591 -0.0008514323357685906 -0.009819102967779662 0.000336493725627365 4.552237991441115e-05
1400 0.146884500729985 0.03479912594307583 -0.0009011477202672114 -0.00981876187943358 0.0003566398047599969 4.69282746346411e-05
1410 0.1468949175994188 0.03478834475969914 -0.000839559249347232 -0.009826158339430794 0.0003395651595430512 4.540355546716554e-05
1420 0.1468839491102464 0.03481466858655696 -0.0008860762161500993 -0.009818764403532059 0.0003479004897183182 4.521152572474248e-05
1430 0.1468931610984021 0.03479578767005678 -0.0008992079930298114 -0.009828628081062092 0.0003476786872714397 4.732243503804416e-05
1440 0.146894311638584 0.03479656433876775 -0.0008279041205431982 -0.009823320487731883 0.000330852331826572 4.624937920719558e-05
1450 0.1468951937199491 0.03480097239953646 -0.0008894727519042538 -0.009817549239290185 0.0003600736646380472 4.731648302886511e-05
1460 0.1469012205282308 0.03478346596282505 -0.0008657055083537641 -0.009827367288804444 0.0003447699526144974 4.753662896689736e-05
1470 0.1468802871501645 0.03479807957869518 -0.0008489041678879411 -0.009817422805877676 0.0003437567335883361 4.533636396094154e-05
1480 0.1468926882939828 0.03478950095887611 -0.0008881764564922618 -0.009821412618327181 0.0003611721832291487 4.711779653716254e-05
1490 0.1468961057687175 0.03479306504087333 -0.0008401158806291946 -0.009824378071318567 0.0003360806908077674 4.700858131642551e-05
1500 0.1468806641665349 0.0348045046232424 -0.0008812628869257386 -0.009817027970715778 0.0003552754526532914 4.490319002436488e-05
1510 0.1468972321132188 0.03478059162905176 -0.0008797477815049743 -0.009826857030744618 0.0003494935378206871 4.66695331425685e-05
1520 0.1468865524327595 0.03480158302533237 -0.0008441036744157805 -0.009818306600009211 0.0003359807621879689 4.617951154154874e-05
1530 0.1468871952791307 0.03479999085362907 -0.000890445738950367 -0.009819094953547648 0.0003622093551432011 4.549008061026071e-05
1540 0.1468940676017968 0.03478915055261126 -0.0008603542096851746 -0.009827304588271628 0.0003359231922842423 4.669932094182765e-05
1550 0.146880492504971 0.03481295072277685 -0.0008813243695324518 -0.00981780080551703 0.0003437391047163273 4.621941580692288e-05
1560 0.1468928912573707 0.03479591002948401 -0.0008842656078755654 -0.009827065184424695 0.0003570718203226406 4.619247012037092e-05
1570 0.1468930357078232 0.03480583783976528 -0.0008401511372368109 -0.009824363307704091 0.0003306024134680088 4.650380302355358e-05
1580 0.1468922608339417 0.03480610374568816 -0.0008952809723005007 -0.009816438974571006 0.0003529016314084546 4.621605783480015e-05
1590 0.1469039423551144 0.0347762014689306 -0.0008579610966259595 -0.009825195128842777 0.0003489567200402518 4.722560605518714e-05
1600 0.1468879363551711 0.0348018916647516 -0.000850784734075398 -0.009816404606095858 0.0003444591179113805 4.763942661815044e-05
1610 0.1468907221912286 0.03479447069805873 -0.0008878395416280992 -0.009822465192619815 0.0003612991500308015 4.673625818537086e-05
1620 0.1468934048814221 0.03478550480655124 -0.0008336163987289712 -0.00982588992784284 0.0003351043397763032 4.553369292637862e-05
1630 0.1468826596236018 0.03480722157230293 -0.0008851432373074493 -0.009814738608953955 0.0003527215813686093 4.662590438542508e-05
1640 0.1468954864898353 0.03478604824193711 -0.0008737683805538082 -0.009824915608377137 0.0003580213591895466 4.643186797400237e-05
1650 0.1468880799497367 0.03480006750191621 -0.000840872063484536 -0.009819712421517282 0.0003357374802884539 4.51985458933076e-05
1660 0.1468890145658325 0.03480160851600474 -0.0009067886989490502 -0.009818793046905319 0.0003540803323735256 4.707333528179017e-05
1670 0.1468955969908475 0.03478413494814736 -0.0008487441015314777 -0.009827724927858413 0.0003424521935801278 4.662836989046297e-05
1680 0.1468781261700897 0.03481267339801017 -0.0008633859242843136 -0.009818024749649752 0.0003480508157392715 4.528647926632097e-05
1690 0.1468916816829929 0.03480330069853279 -0.0009085885878880361 -0.009826035536394342 0.0003510543188295601 4.642191258551885e-05
1700 0.1468956963121704 0.0347997380535288 -0.0008365034460861727 -0.009824694180742354 0.000326565886092331 4.528925937542626e-05
1710 0.146890416770159 0.0348051236036196 -0.0008823166346867498 -0.009815230128774772 0.000357637385285968 4.655108578508694e-05
1720 0.1469060490904822 0.03478234483806442 -0.0008766574373247045 -0.009825199714712567 0.0003513674739807498 4.86302897313882e-05
1730 0.1468898386895927 0.03479746910442092 -0.0008458079697402816 -0.009820092555191201 0.0003388450986691805 4.617965959622824e-05
1740 0.1468882504239674 0.03478941150835254 -0.0008829980572238654 -0.00982264786928169 0.0003594039468726425 4.664818481630082e-05
1750 0.1468920069361114 0.03478590462317779 -0.0008405954590298036 -0.009825130111628201 0.0003389517235583312 4.740726192390236e-05
1760 0.1468841288582478 0.03480620611275728 -0.0008728033267490692 -0.009815595449416233 0.0003539732726572805 4.491710314328875e-05
1770 0.1468980823167651 0.03478418296873154 -0.0008858111561142763 -0.009826219303334698 0.0003541934679934932 4.568265924538279e-05
1780 0.1468869684185417 0.03479707860272285 -0.0008464796300429442 -0.009820868384120149 0.0003311451114217504 4.69922877249946e-05
1790 0.146885011047043 0.03480019684990725 -0.0008897687365859853 -0.009817705196324753 0.0003606917206916231 4.612005557168863e-05
1800 0.1468969260430394 0.03478630681097875 -0.000859322542939415 -0.009828595436020935 0.000345860296243474 4.602009447340217e-05
1810 0.1468798173241015 0.03481346818796515 -0.0008764591407686546 -0.009818574440337034 0.0003379716652811769 4.586952654226957e-05
1820 0.1468878969924249 0.03479587670888357 -0.0008899556886799741 -0.009825079708206189 0.000354034939660336 4.580320567116979e-05
1830 0.1468951534622585 0.03480024381711433 -0.0008393053391779758 -0.009824672235389745 0.0003334558015817766 4.631766528953238e-05
1840 0.1468936266432167 0.03481370388172864 -0.0008959521496051369 -0.009816668002878582 0.0003526702813973447 4.739678208825886e-05
1850 0.1469031899267844 0.03477757678938372 -0.0008651989445552981 -0.009826534053205681 0.0003511219033236382 4.715152802375817e-05
1860 0.1468880570687151 0.03479429404297798 -0.0008401613839526583 -0.009818528437840189 0.0003385247536518838 4.711252769282581e-05
1870 0.1468898050213406 0.03479718657818597 -0.0008914742130164563 -0.009819840622957097 0.0003619835724551364 4.751225591089795e-05
1880 0.1468958782853387 0.03478457783382443 -0.0008370234031766985 -0.009827231308229907 0.000342767753060253 4.514492407292257e-05
1890 0.1468798641029468 0.03480515045281003 -0.0008758878798697824 -0.009816270778905513 0.0003480168179996427 4.52157274718024e-05
1900 0.1468967492169932 0.03478554553915808 -0.0008928113119780384 -0.009824264321293184 0.0003543732367693643 4.76758159844634e-05
1910 0.1468924020351339 0.03479387340221119 -0.0008311584691298433 -0.009822111660117342 0.000337293294675316 4.579771944348928e-05
1920 0.1468822553658909 0.0348044183703701 -0.0008945028520717541 -0.009818898286652037 0.0003577935159083904 4.590929349407136e-05
1930 0.1468949480617534 0.0347841279251898 -0.0008735125100612542 -0.009827511805157351 0.0003403928742358248 4.696467921249729e-05
1940 0.1468823586776569 0.03480515079026462 -0.0008516206962647217 -0.009817371579256476 0.0003416532496220498 4.47357425001e-05
1950 0.1468895193232502 0.03480265513457775 -0.0008973699387591109 -0.00982386509736095 0.0003589514731402551 4.598347709689017e-05
1960 0.1468926220828919 0.03480237572000609 -0.0008568067524544065 -0.009827667293706051 0.0003288251238181174 4.672765049576645e-05
1970 0.1468884695424824 0.03480848224977284 -0.0008818425653103105 -0.00981711597189259 0.0003503635787337851 4.612014654339249e-05
1980 0.1469065601113255 0.03478185115478562 -0.0008719293510777052 -0.009825559965119159 0.000355202074318536 4.865776575368405e-05
1990 0.1468902987223853 0.03479850091510017 -0.0008398777507479491 -0.009819277357043734 0.0003380028803170279 4.773946044674833e-05
2000 0.1468879024714946 0.03479407561195983 -0.0008827572215600574 -0.009820352978469095 0.0003603806141453886 4.522338501462522e-05
2010 0.1468968088237556 0.03478106979179569 -0.0008454400263635657 -0.009827224611673483 0.0003411968890316274 4.639596099251398e-05
2020 0.1468837992973984 0.03480727912297737 -0.0008709597160106137 -0.009814919164809551 0.0003482759696548559 4.692083359030034e-05
2030 0.1468948356646847 0.03478724142790294 -0.0008826908700004217 -0.009823907932929782 0.0003607524461318456 4.581575520025762e-05
2040 0.1468914945935229 0.03479212672626017 -0.0008427570506639357 -0.009823833588581443 0.000332005836238634 4.544181216864304e-05
2050 0.146883663558115 0.03480438370859369 -0.000898065180451782 -0.009817181538167031 0.0003536493417283614 4.683510093942695e-05
2060 0.146894632536281 0.03478114281026999 -0.0008597961632515 -0.009827589051510412 0.0003515438024743808 4.611399518945998e-05
2070 0.1468827335774189 0.03480828452858528 -0.0008573095960394988 -0.00981875912770051 0.0003388012192040285 4.503652224914188e-05
2080 0.14688862124016 0.03480308489500748 -0.0009110520971944282 -0.009823644929679281 0.0003509097314801418 4.669930918598155e-05
2090 0.1468928665887436 0.03479305419922493 -0.0008390828329325358 -0.009827699567504584 0.000333654402232256 4.604495517416427e-05
2100 0.1468869747238419 0.03481312761094749 -0.0008793199153876935 -0.009816972985973409 0.0003526123431991503 4.66831905901839e-05
2110 0.1469056402235644 0.03478845367237256 -0.0008884523569170661 -0.009826161079122394 0.0003518562799671684 4.820565201180994e-05
2120 0.1468921791211238 0.03479243561031582 -0.000831299750063077 -0.00982048196899339 0.0003352421830261307 4.571983208748839e-05
2130 0.1468837182586137 0.03479725220102799 -0.0008858903995977259 -0.009817623655619818 0.0003616296460057023 4.699980188477803e-05
2140 0.1468990893476644 0.03478285759461349 -0.0008550723571173408 -0.009826310505169899 0.0003454525723731842 4.757307497349554e-05
2150 0.1468866588181459 0.03480460696755935 -0.0008582152076148858 -0.009817007400619256 0.0003471755357682635 4.474275687921363e-05
2160 0.1468926378124013 0.03478856859486114 -0.0008934872070777984 -0.00982460424184035 0.000355872932412724 4.660641815748888e-05
2170 0.1468896170761129 0.03479128167534087 -0.0008383212549882548 -0.009822815636189785 0.0003324995429481106 4.686439325035347e-05
2180 0.1468848389530343 0.03480430545105992 -0.0008822166846602864 -0.009815623703382643 0.0003593719133918284 4.474910706018887e-05
2190 0.1468987886337374 0.03478561195207178 -0.0008782786385651048 -0.009827694476040552 0.0003487345211572657 4.609908181867624e-05
2200 0.146881593127172 0.03480557345507555 -0.0008595654868420961 -0.009819000744595491 0.0003331304075332844 4.662357697403546e-05
2210 0.1468858843366525 0.03479909154881995 -0.0008908009446326148 -0.009821309064663506 0.0003597128032517213 4.605228894694111e-05
2220 0.1468948799914332 0.03479679917687641 -0.0008519888698202586 -0.009829414349441547 0.0003368705949991493 4.661697582026806e-05
2230 0.1468859822648557 0.03481880264724775 -0.0008867397593274932 -0.009818884268793423 0.0003438429192976159 4.622924592821263e-05
2240 0.1468996875739998 0.03478429785682866 -0.0008754967897695126 -0.009825074972455867 0.0003537397325348586 4.658097903749325e-05
2250 0.1468963578403125 0.0347930634018351 -0.0008317558169426126 -0.009818826871022998 0.0003354566586931943 4.710295213822203e-05
2260 0.146891230449726 0.03480322643850279 -0.0008934084392705815 -0.009816773351317306 0.0003605094830296927 4.74129738422963e-05
2270 0.1468961942304466 0.03477969485981829 -0.0008534845598105809 -0.009828338465498866 0.0003473912738837997 4.640007907441822e-05
2280 0.1468821267069239 0.03480351279076629 -0.0008572429783872523 -0.009816919747189297 0.0003424130260005174 4.625026795047015e-05
2290 0.1468928011368898 0.03479449233167289 -0.0008902339467810107 -0.009821263111538922 0.0003608038625498453 4.688647516845393e-05
2300 0.1468936966375419 0.03479023877939245 -0.0008323321283571949 -0.009824145349956806 0.0003383031415870075 4.519327589514522e-05
2310 0.146881391276686 0.03480809687962447 -0.0008939157059668368 -0.009815561689886107 0.0003518814419083107 4.603569853984916e-05
2320 0.1468985964033783 0.03478195108646108 -0.0008801679287043919 -0.009825650453827809 0.0003494981585020871 4.752893587606325e-05
2330 0.1468884574447996 0.03479847713098543 -0.0008352650013247394 -0.009819883531680529 0.0003388615312617278 4.520673401276019e-05
2340 0.1468831498605597 0.03480739657457894 -0.0009014550246013376 -0.009822299552584077 0.000357403909043907 4.591275036327787e-05
2350 0.146892331010761 0.03479444167440644 -0.0008629659840777738 -0.00982995008804877 0.0003316220034105674 4.601776446177362e-05
2360 0.1468842122234061 0.0348123077863329 -0.0008719966058589391 -0.00981738461970561 0.0003457490047923497 4.518987105279314e-05
2370 0.1469019769426103 0.03479497063274368 -0.0008902210175917508 -0.009823684770792334 0.0003569736665694773 4.789364854421224e-05
2380 0.146897476512022 0.03479428147772024 -0.000836536530462085 -0.009821347231069547 0.000332793384203186 4.719449406146274e-05
2390 0.1468886845665472 0.03479493909829625 -0.0008848450541355472 -0.009817138930519099 0.0003579432475077631 4.645520922858905e-05
2400 0.1468979965397987 0.03477922448154043 -0.0008607829657675964 -0.009827872642478769 0.00034951324184977 4.841550484965731e-05
2410 0.1468833072259326 0.03480436299397415 -0.0008424157193846713 -0.009817944663548826 0.0003439882776610626 4.605464216766906e-05
2420 0.1468905203010401 0.03479205884789198 -0.0008878923902591799 -0.009821666427939597 0.0003603966286348796 4.461375275142393e-05
2430 0.146894452052817 0.03478848510472193 -0.0008480666323455144 -0.009824776997299528 0.000332306565935775 4.645619455105128e-05
2440 0.1468839458988908 0.03480612145779689 -0.0008827024232500807 -0.00981481779203758 0.0003542099773520421 4.661222828018924e-05
2450 0.146895696024547 0.03478310753689735 -0.0008764147173205656 -0.00982652203657822 0.0003579610948000355 4.644706390890821e-05
2460 0.1468852773671785 0.03480331767445467 -0.0008509545418144298 -0.009821677137888243 0.0003308000000773145 4.596451933810495e-05
2470 0.1468846372611277 0.03480368890835238 -0.0008989275007293316 -0.009819999647660393 0.0003534426035297873 4.599375530630636e-05
2480 0.1468922671369868 0.03478741405967712 -0.0008478624285227812 -0.009828743609006128 0.000342675839839864 4.552904769413971e-05
2490 0.1468841548990178 0.03481972611892734 -0.0008791944659333241 -0.009818475695230018 0.0003429427494128342 4.590942244669361e-05
2500 0.1469019014328845 0.03479767644623871 -0.000899402796609229 -0.009824904561826608 0.0003516509760218378 4.717331396883494e-05
2510 0.1468985592602785 0.03478650170516416 -0.0008256923579297796 -0.009821854182405294 0.0003344660575044617 4.704078400001542e-05
2520 0.14688606365794 0.03480192979777749 -0.0008862626604116331 -0.009815040391358493 0.0003602376015908616 4.819216694379708e-05
2530 0.1468990049615462 0.03478254060756305 -0.0008663975726867769 -0.009827602619434547 0.0003526548830016096 4.741758614178848e-05
2540 0.1468854831270189 0.03479860507836027 -0.0008372958349207783 -0.009819706571092187 0.000339758706178378 4.442360946638374e-05
2550 0.1468860466034922 0.03479583388226118 -0.0008935650940530664 -0.009820026613897111 0.0003588152595352655 4.669902912819157e-05
2560 0.1468971983581822 0.03478577626161607 -0.0008419300069273006 -0.009825154806108455 0.0003385461547217113 4.688750702957582e-05
2570 0.1468852170744344 0.03480584024195615 -0.0008761531177437419 -0.00981608516939686 0.0003542207867225607 4.523809545272837e-05
2580 0.1468941834613062 0.03478815718094148 -0.0008938638734553204 -0.009826044925741356 0.0003519245053450672 4.733492429626944e-05
2590 0.1468861872692894 0.03479564515852995 -0.0008304123269149374 -0.009821735570999133 0.0003310459275875398 4.608124479843161e-05
2600 0.146883918484824 0.03480420358603936 -0.0008889483626030275 -0.009817969541651752 0.000360859277509328 4.518962436200659e-05
2610 0.1468941048489828 0.03479728677329288 -0.0008763341211339243 -0.00982877999887858 0.0003413741378987214 4.663066696929041e-05
2620 0.1468818424592835 0.03481558520770368 -0.0008679001353179201 -0.009819351127581631 0.0003376676299348974 4.557283178037871e-05
2630 0.1468986236265034 0.03479377033369256 -0.0008875159300488726 -0.009822919605292822 0.0003570752652167647 4.680351236136066e-05
2640 0.1469018408514569 0.03479303948253527 -0.0008372105719598556 -0.00982262738643646 0.0003354267837516954 4.82908787035643e-05
2650 0.146890124746215 0.03480262150900515 -0.000881936764111666 -0.009816847681383079 0.000356577951765113 4.687842949363094e-05
2660 0.1468957749608662 0.03477698305782419 -0.0008648376153593414 -0.009827619028734469 0.0003528064369432371 4.692370855048726e-05
2670 0.1468847899060297 0.03480042131979039 -0.0008391680208791386 -0.009818635481656931 0.0003371309531163495 4.674603107492458e-05
2680 0.1468910674417424 0.03479845516394275 -0.0008866480862991064 -0.009818938553292729 0.0003627379489212765 4.575473877975068e-05
2690 0.1468954367832651 0.0347846731907771 -0.0008477717449954413 -0.009826464654891813 0.0003413042770414674 4.554297941619077e-05
2700 0.14688246393866 0.03480699944361002 -0.0008867884366101508 -0.00981593362551629 0.0003454529957037302 4.663935278368995e-05
2710 0.1468968145999827 0.03478550922578305 -0.0008819583949957994 -0.009824971384027536 0.0003579089189527875 4.67212194394874e-05
2720 0.1468890640319851 0.03479639210133113 -0.0008304132822712634 -0.009822818930442416 0.0003358952941994705 4.541315958505744e-05
2730 0.1468802793763278 0.03480961891886023 -0.0009056378562061839 -0.009818171703921387 0.0003524896410599825 4.610008258259369e-05
2740 0.1468957731318803 0.03478733267072847 -0.0008651576004846465 -0.009828121884663971 0.0003422931716063726 4.624545745478742e-05
2750 0.1468847273962329 0.03481268107276641 -0.0008574974643144463 -0.00981892710420159 0.0003417635786323945 4.583069772790641e-05
2760 0.1468934184466925 0.03480590350158415 -0.0008999429910897215 -0.009823402652744428 0.0003564403127967897 4.759056407808272e-05
2770 0.1469020982253521 0.03478865489678288 -0.0008368438901902924 -0.009825019152174113 0.0003337529405144489 4.669559563551649e-05
2780 0.146889755169568 0.03479985626183448 -0.0008789944377788327 -0.009815147550744174 0.0003549748326833949 4.727482407192124e-05
2790 0.1468976592581699 0.03478385847286594 -0.0008736371062590745 -0.009825886978426545 0.0003566689559677157 4.823765829755744e-05
2800 0.1468864412912959 0.03479695262200574 -0.0008264285405688055 -0.009820949202331583 0.0003384406561567387 4.498792127687747e-05
2810 0.1468894356684239 0.03479646700769993 -0.0008937971268230381 -0.009819643077112314 0.0003574172510954663 4.549366923034149e-05
2820 0.1468979290751874 0.03478604311209774 -0.0008579602244057564 -0.009825878439128464 0.0003396802736539983 4.766723683546931e-05
2830 0.1468823188295333 0.03480459794078448 -0.0008611013625050305 -0.009816231965057832 0.00035166546122187 4.577194301364581e-05
2840 0.1468940958508593 0.03479011850999975 -0.0008906575034208492 -0.009824614903750233 0.0003581424496969696 4.592331695465902e-05
2850 0.1468884326589779 0.03479649065855252 -0.0008489756536610582 -0.009822235471064551 0.0003284120836144001 4.631788144288666e-05
2860 0.1468840251559789 0.03480305530524884 -0.0008854150508853852 -0.0098160745102419 0.0003570312782136163 4.541840659694685e-05
2870 0.1468961961892606 0.03478681214410804 -0.0008676436660724168 -0.009828326939771852 0.0003498067144736911 4.623616405688712e-05
2880 0.1468823966123705 0.03481575974009739 -0.0008707272057727261 -0.009821364028176809 0.0003338400962246976 4.608245213691991e-05
2890 0.1468941625059796 0.03479968096715731 -0.0008973216226513944 -0.009824864958430301 0.000352896585020147 4.629588326898367e-05
2900 0.1468997897636138 0.03478768195495657 -0.0008336381858798533 -0.00982582672697227 0.000336017662499933 4.725551740183674e-05
2910 0.1468880496596339 0.03480773938684886 -0.000881028561607395 -0.009814503765782329 0.0003533406904593092 4.715827473486538e-05
2920 0.1468999877237335 0.03478096878908479 -0.0008776999894030583 -0.009826027243453345 0.0003557018889392337 4.63350444262778e-05
2930 0.1468881522366063 0.0347938274882216 -0.0008348151614701799 -0.009820757031137935 0.0003344902651443974 4.641497578702591e-05
2940 0.1468843631363683 0.03480212790263901 -0.0008929012934839204 -0.009817296763284942 0.000359990115261311 4.74233716141203e-05
2950 0.1468989890340188 0.03478209975680787 -0.0008482725498192297 -0.00982734270538675 0.0003475435414620634 4.596811214483045e-05
2960 0.1468839413604022 0.03480725004971356 -0.0008693879187717416 -0.009817109323826874 0.0003442152491684428 4.532673644040594e-05
2970 0.1468901559904587 0.03479072707719148 -0.0008939123841986953 -0.009822685532323143 0.000354892012675337 4.690573993645252e-05
2980 0.146892805566188 0.03478864431273158 -0.0008272924944890056 -0.009821740895500796 0.0003363441594777938 4.566335476070864e-05
2990 0.1468853402900415 0.03480959093010514 -0.0008957428524213356 -0.009816531470193433 0.0003568059621908354 4.630051139080716e-05
3000 0.1468950160102463 0.03479049063437659 -0.0008839426716057004 -0.009829369616586318 0.000344727629975348 4.692231149570496e-05
