"report"
"Iteration" "cd-scale etc.."
("Iteration" "cd-scale" "cl-scale" "cx-scale" "cmx-scale" "cmy-scale" "cmz-scale")
10 0.1945986963896876 0.06100994979876176 -0.002006981832454234 -0.02124985049130861 -0.0001180875374999872 0.0002988959366224919
20 0.2087162322331413 0.0627377443485012 0.0002849771104017678 -0.02406149425052834 -0.0001453684024246756 0.0005655957897143422
30 0.2041774698003921 0.07229258883093209 0.001327225732497081 -0.02230730196812686 0.0003988847847348463 -0.0002385801906867077
40 0.2021350983485595 0.06242367348723548 0.002582968113220497 -0.02025336530040464 0.0007814539787698272 -0.0003634077831619544
50 0.2007295277094157 0.06629143835384001 -0.002588397187927598 -0.02006946579387853 0.000783232611233923 -0.000491339213080786
60 0.1967609046774621 0.06852656912622816 -0.00537635588252548 -0.01866755078610658 -0.0005314286685729919 0.001543188622810584
70 0.196579992409898 0.06458160194750474 -0.009339212086581292 -0.01725994130487891 -0.0008670863894902573 0.001529893358785257
80 0.1975230309341336 0.06221495641331121 -0.008223594329014787 -0.01709148483493952 -0.0006493514416902737 0.001401344116206034
90 0.1982753076410332 0.0612351219579608 -0.005314344272150363 -0.01725904010756713 -0.000198604083997308 0.0007594460335614368
100 0.198210442028396 0.06243059184123938 -0.003005413194146604 -0.01758536121393623 4.489414937300695e-05 0.0004018386140389797
110 0.1980358249204434 0.06237049641976403 -0.00187209692052599 -0.01749442551820953 0.000155689443525361 0.0002132424329433472
120 0.1980970974661567 0.0620524890309813 -0.001107926082934018 -0.01733423205749473 0.0002621779883590067 2.658136017623604e-05
130 0.1984248069957812 0.06204261174014897 -0.0009914832916267989 -0.01730657370110694 0.0003150664270944668 -2.393195972770424e-05
140 0.1986353996513959 0.06207446627375084 -0.001393277487043506 -0.01726972291490167 0.0002985122448416553 4.420013223657612e-05
150 0.1987012676943641 0.06201018797467871 -0.001674574476322412 -0.0172121068626926 0.0002847220278911445 8.476466504895374e-05
160 0.1987520258455577 0.06201442549031413 -0.001599215329483345 -0.0171686737427974 0.0002928588852190098 6.529562470137234e-05
170 0.1987659615715956 0.06201827246937856 -0.00148808021982275 -0.01718081387275677 0.0003402136796498066 2.054889276354574e-05
180 0.198789924985598 0.06202401485730689 -0.001370801512382602 -0.01719224094097883 0.0003508577823248265 -1.641876984272212e-06
190 0.1987962788086343 0.06203269494243703 -0.001309596848125344 -0.01719535243007132 0.0003681513388049709 -2.398474144394979e-05
200 0.1988155723916624 0.06206680066637067 -0.001302518197648954 -0.01717815177688516 0.0003881000050984261 -4.461687550451031e-05
210 0.1988057411184257 0.0620270599485572 -0.001278504170594987 -0.01719995966797388 0.0003728199899885528 -4.099455851442088e-05
220 0.198811816935197 0.06203367557445442 -0.00131940938759723 -0.01719112446032309 0.000374352187160444 -3.913265167772564e-05
230 0.1987996876259841 0.06200685400698747 -0.001335639863786676 -0.01720189779461888 0.0003651369980412652 -2.971025581729448e-05
240 0.1987975016471968 0.06200325120383984 -0.001364273913692977 -0.01719765052614859 0.0003549757099061219 -1.896401828181609e-05
250 0.1988209560419403 0.06204281046463576 -0.001372787459793141 -0.01716866527855488 0.0003457723707789182 -9.550566994228893e-06
260 0.1987883611249311 0.06199575798546283 -0.001394103893423495 -0.01718853592626 0.0003494232894664181 -6.872001337731659e-06
270 0.1987804258327778 0.06199971268966212 -0.001389979250053459 -0.01718829401845401 0.0003504058738648287 -7.905984747478554e-06
280 0.1987918919664693 0.06202680938307391 -0.001361786083001719 -0.01717430513073518 0.0003535213504397754 -1.338326399383523e-05
290 0.1987782229107526 0.0620072107958602 -0.001325488986597799 -0.01718856697072043 0.0003601947261435832 -2.251580235356039e-05
300 0.1987774589515879 0.06200759493572856 -0.001313787086271929 -0.01719080614826243 0.0003641010749339068 -2.921498164555045e-05
310 0.1987846386690419 0.06202401160410879 -0.001298212565897015 -0.01718446736945131 0.0003652311649948216 -3.277201130143828e-05
320 0.1987860938181756 0.06203061434975023 -0.001321427228055558 -0.01718292121113183 0.0003731818302369817 -3.737096748946425e-05
330 0.1987780900838323 0.0620090680252269 -0.001317254868859403 -0.01719417924782162 0.0003650628038062481 -3.276740620108138e-05
340 0.1988091589333618 0.0620571129324993 -0.00132244172170969 -0.01716674567152378 0.0003622949888715094 -3.003600729659092e-05
350 0.1987867094325764 0.06201365445006649 -0.001327858923611184 -0.01719119747348492 0.0003639356393073049 -2.969344083182134e-05
360 0.1987805864066829 0.06201114045958059 -0.001335861795300632 -0.01719101614344385 0.000362007962279963 -2.741054788452813e-05
370 0.1987920910884908 0.06204028710775146 -0.001346062465274906 -0.01717454123763002 0.0003686136691957247 -2.990151431582662e-05
380 0.1987810680063231 0.06201175527090686 -0.00132776380660714 -0.01719069034274204 0.0003627539965713661 -2.796596301198529e-05
390 0.1987756202423476 0.06200551078641171 -0.001325012440864177 -0.01719117274044673 0.0003633527148298046 -2.820585281475127e-05
400 0.1987867953816508 0.06203560907043974 -0.001326487064884461 -0.01717757135404013 0.0003664402212024616 -3.067069923224305e-05
410 0.1987758328915447 0.06201776972668543 -0.00133562664891899 -0.01718816175229559 0.0003738792362248838 -3.496105015307532e-05
420 0.198775061117264 0.06201012958129356 -0.001320087392186363 -0.01719158315634061 0.000363963956387549 -3.042761603939854e-05
430 0.1987800238739054 0.06201560192163928 -0.001317612708457988 -0.0171887568254849 0.0003630478169815111 -2.995668817331303e-05
440 0.1987776430877295 0.06203288634491672 -0.001370034836427928 -0.01718230231731403 0.0003834581470335309 -3.92959263870086e-05
450 0.1987846341743335 0.06201515279816604 -0.001323462522040986 -0.01718907860401437 0.0003600315329519343 -2.777364121737136e-05
460 0.1987821340922706 0.06201511519622128 -0.001327800484232888 -0.01719024424750271 0.0003629538605320844 -2.871039197392006e-05
470 0.1987837374731297 0.06203355229162647 -0.001351266059054368 -0.01718015532160756 0.0003739030908159436 -3.44354904469182e-05
480 0.1987819615556946 0.06201203325852937 -0.001323549299680397 -0.01719090939268003 0.0003624575483825149 -2.837110143283054e-05
490 0.1987766529795056 0.06200688044120652 -0.001322001500733066 -0.01719228004168845 0.0003639228619754238 -2.935828876005824e-05
500 0.1988116979802925 0.06206506452465824 -0.001306039568287485 -0.0171607007632331 0.0003597285225992535 -2.917177250247473e-05
510 0.1987804774663387 0.0620117522530759 -0.001326254831051471 -0.01718892385023404 0.0003657920661669622 -2.95143837403312e-05
520 0.1987711833228999 0.06200855396326448 -0.001323680489155444 -0.01719281918153717 0.0003659637503085993 -3.072977135922917e-05
530 0.1988079887872941 0.0620613119292547 -0.001310815664270195 -0.01716412086550809 0.0003593973765841556 -2.87209785956081e-05
540 0.1987794799695338 0.0620124673888585 -0.001327344202138236 -0.0171901573540396 0.0003644566698132195 -2.90481369954291e-05
550 0.1987773166052095 0.06201247982297369 -0.001329495533933702 -0.01719076505440303 0.000364048016929615 -2.953604075319498e-05
560 0.1988008089461304 0.06205544771314859 -0.001333225739352006 -0.01716820092540514 0.0003678309440569568 -3.222925097929852e-05
570 0.1987869148415166 0.06201391172506904 -0.001325898278456009 -0.017190566238492 0.0003623647726059556 -2.81977368319772e-05
580 0.1987877181894422 0.06202878399793089 -0.001327428944891697 -0.01718230813784587 0.0003652261032620798 -3.053998387660765e-05
590 0.198782956554054 0.06202819921025887 -0.001346016197338244 -0.01718321921265996 0.0003752445026167962 -3.471938956816535e-05
600 0.1987791770681136 0.06200968537050462 -0.001319425145565257 -0.01719186081705521 0.0003635087213715463 -2.928584679152366e-05
610 0.1987954191210705 0.06204115968876771 -0.00131907674956779 -0.01717432984590954 0.0003619919046434424 -2.91078269304885e-05
620 0.1987775032162017 0.06200859036794305 -0.001322540324482321 -0.01719127418015695 0.0003664360327038977 -3.086882026790052e-05
630 0.1987807376855376 0.06201548375431808 -0.001322704796512813 -0.01718920315511088 0.0003627262698700008 -2.887883364342919e-05
640 0.1987860560599429 0.06202908980792438 -0.001326127435249025 -0.01718231334591339 0.0003641362318009974 -3.011661421013402e-05
650 0.19877379211132 0.0620082713632648 -0.001322143207401009 -0.01719291431082376 0.0003645249543424881 -3.012408333312155e-05
660 0.1987980718591073 0.06203526972714411 -0.001314007811597967 -0.01717852545131559 0.000357437060918935 -2.747535388045103e-05
670 0.1987795923506115 0.06201650885958417 -0.001339889132923866 -0.01718918128719956 0.0003692504775410621 -3.182643077137825e-05
680 0.1987762886445282 0.06201196573173435 -0.001326829579882115 -0.01719124867932031 0.0003668725927486284 -3.142384500304305e-05
690 0.1987911240632195 0.06202769977418542 -0.001317210173233965 -0.01718477710248728 0.0003595956008913673 -2.82800522903559e-05
700 0.1987792711873639 0.06201619259148354 -0.001329850104754685 -0.01718759489839421 0.0003667760952956758 -3.061974411530777e-05
710 0.1987729963757787 0.06200925444900888 -0.0013211545218744 -0.01719252912373337 0.0003661110361174941 -3.090396032477703e-05
720 0.1988090748385287 0.06205213480955286 -0.001304694027517245 -0.01716768977267102 0.0003546820293653052 -2.593395723593849e-05
730 0.1987778813374564 0.06201398555528107 -0.001335763882089106 -0.01718869576016236 0.0003699026771936251 -3.115623412783846e-05
740 0.1987737466927776 0.06200720503909433 -0.001322837018627509 -0.01719265703641612 0.0003653905597505847 -3.051299855913265e-05
750 0.1987940860686008 0.0620344145043976 -0.001314902889639515 -0.01718047599755757 0.0003589462116202213 -2.790344358417757e-05
760 0.1987771910923921 0.06201748941368957 -0.001353295879369518 -0.01718704927673169 0.0003762818592930597 -3.385112629577277e-05
770 0.1987802650195551 0.06201476063825957 -0.001318082475872863 -0.01719019459357179 0.0003631604163576654 -3.013741117291416e-05
780 0.1987857401459906 0.0620295305522307 -0.00133581739065924 -0.01718227289058348 0.0003660995394402024 -3.092979551135577e-05
790 0.1987777879659531 0.0620234200272027 -0.001358411779082418 -0.01718640606945871 0.0003795052704971936 -3.589647495029727e-05
800 0.1987855658763162 0.06201901687700487 -0.001318068588652506 -0.01718824315306528 0.0003617148520271297 -2.957454933991067e-05
810 0.1987889110380162 0.06203182439212184 -0.001331347434038239 -0.01718069503352123 0.0003667725928304606 -3.099346285482188e-05
820 0.1987780958787299 0.06200729859954138 -0.0013227536801304 -0.01719275817910116 0.0003640639464975776 -2.907597952503704e-05
830 0.1987904372446596 0.06203077528194439 -0.001315712366065767 -0.01718144460120965 0.0003628490786874755 -3.026179503456429e-05
840 0.1987784751383533 0.06202479300141142 -0.001387911670887063 -0.01718362204669034 0.0003907472781196785 -3.983767108237364e-05
850 0.1987945638437544 0.06202748791520479 -0.001310887305548278 -0.01718175410687153 0.0003592722937152821 -2.755765099484207e-05
860 0.1987794007808424 0.06202697036914822 -0.001357175928604643 -0.0171835616959433 0.0003787964485682907 -3.629035352787566e-05
870 0.1987783397179387 0.06201086952358117 -0.001321572467589072 -0.01719125791727021 0.0003627482494935476 -2.891622201161021e-05
880 0.1987870904699015 0.06203118350547822 -0.00132694505758438 -0.01718187065932878 0.0003644400239369835 -3.001281874286684e-05
890 0.1987799954051695 0.06202278371554727 -0.001331848376673407 -0.01718620449994262 0.0003679047068385262 -3.251536966221145e-05
900 0.1987789921113324 0.06201709713124043 -0.001331010366281229 -0.01718927999074804 0.0003653839659292699 -3.02690019789732e-05
910 0.1987906552048276 0.0620220136249237 -0.001315517529121138 -0.01718638092686766 0.0003601595343389538 -2.835591797997544e-05
920 0.198780249915151 0.06202419727218873 -0.001337762795019138 -0.0171852113408125 0.0003706246240793502 -3.320833300481097e-05
930 0.1987808872251675 0.06201205204944597 -0.001324343944097719 -0.01718998883455121 0.0003643141988945434 -2.940744024516679e-05
940 0.1988018452313022 0.06204059306990743 -0.001307646994243235 -0.01717498564924359 0.0003575237079804974 -2.692276153306173e-05
950 0.1987785733010559 0.0620170108765012 -0.001338007868604276 -0.0171867149487006 0.0003719008484481454 -3.294389368269912e-05
960 0.1987739263585756 0.06200729331227565 -0.00132206623495888 -0.01719289846433115 0.0003637420127108794 -2.909975790519867e-05
970 0.1988090489721689 0.06206347740119048 -0.001322656103007564 -0.01716205955840609 0.0003631869791499336 -2.967168704906896e-05
980 0.1987798410790027 0.06201623315408453 -0.001324394897604393 -0.01718890829752172 0.0003650103204234259 -3.042495750481162e-05
990 0.1987797239868543 0.06201461590114664 -0.001326078988979318 -0.01718892043405279 0.0003637739105762819 -2.921174056776312e-05
1000 0.198784730586602 0.06203475681475644 -0.001336435561401571 -0.01718169369811224 0.000367944579268614 -3.220414203492263e-05
1010 0.198776581155521 0.06200944655661784 -0.001323603382304805 -0.01719310824493707 0.0003644764819692528 -3.035706596702575e-05
1020 0.1988089568992193 0.0620484623404497 -0.001304935285701678 -0.017171087048246 0.0003552094923729302 -2.618146895445772e-05
1030 0.1987806285073993 0.06201194122970066 -0.001336690694258496 -0.0171904567332777 0.0003683950762871489 -3.096956108758615e-05
1040 0.1987744922988592 0.06200922283893159 -0.001317781375410473 -0.01719215106795724 0.000364525929768774 -3.012829832384112e-05
1050 0.1988125867455982 0.06206905410135793 -0.001341521508243836 -0.01715838384685771 0.0003711415557933952 -3.239554472599623e-05
1060 0.1987831792449337 0.06201974766211499 -0.001322876342066337 -0.01718576638809452 0.0003639523007095628 -2.92756133223555e-05
1070 0.1987751305902802 0.06201299553766821 -0.001321714552961005 -0.01718911907416244 0.0003652369012757732 -3.019089543785595e-05
1080 0.1987986698290354 0.06205324227392191 -0.001333562266911131 -0.0171693250791153 0.0003675727012228543 -3.16821631220886e-05
1090 0.1987814041986437 0.06201604403427143 -0.001325801110549212 -0.01718924633543107 0.0003632769658518831 -2.914116413763937e-05
1100 0.1987792399580782 0.06201232989626349 -0.001320578109764502 -0.01719047426836406 0.0003644043135862988 -3.043265113819367e-05
1110 0.1987851811229318 0.06202817585434679 -0.001331996539033034 -0.01718372205106485 0.0003646229413402073 -3.034359923896251e-05
1120 0.1987795382216448 0.06201956475774136 -0.001340462680141684 -0.01718807626501451 0.0003706640079808971 -3.24967100180806e-05
1130 0.1988028761805877 0.06204157886749632 -0.001304500072576377 -0.017175235941662 0.0003566232511343794 -2.704059617398371e-05
1140 0.1987807821402846 0.06202115672714998 -0.00134302722225308 -0.01718583578791906 0.000371281858079809 -3.24289230122063e-05
1150 0.1987732840995655 0.06200740007954657 -0.001322581791542681 -0.01719342819793568 0.000364327186206829 -2.936695762448778e-05
1160 0.1988140966138072 0.06206802647690248 -0.00131557082440002 -0.01715819907109785 0.0003636413201989507 -2.998901224429595e-05
1170 0.198782710713131 0.06201713894243011 -0.001328411669542077 -0.01718783316925182 0.0003646830874324751 -2.940804810538193e-05
1180 0.1987884489344093 0.06203413617644428 -0.001331906434674404 -0.01717719910513756 0.0003680273397762406 -3.101302761228177e-05
1190 0.1987796162090314 0.06201594927530129 -0.001321592816586426 -0.0171906645384847 0.0003649399616097993 -3.052696226037606e-05
1200 0.1987974960442898 0.06203673789790135 -0.001318013399516766 -0.01717734947499317 0.0003593567982906548 -2.790767143158844e-05
1210 0.1987793338917454 0.06201544744162393 -0.00133270445751566 -0.01718883482534837 0.0003674848180722442 -3.067364853261946e-05
1220 0.1987844484295166 0.06201628872014705 -0.001320846141447137 -0.01718943899282577 0.0003627894357747689 -2.996999680326968e-05
1230 0.1987818544450649 0.06202473708667833 -0.001330589265450072 -0.01718566582284625 0.0003654254695510348 -3.042254426287798e-05
1240 0.1987786074699948 0.06201993526732388 -0.001341963997473769 -0.01718680049775849 0.000371653360376922 -3.253421645011681e-05
1250 0.1987767858165948 0.06201325690151176 -0.001318943307950462 -0.01719148201511856 0.0003640779493430125 -3.065925492390911e-05
1260 0.1988009495995235 0.06203844324613583 -0.001314757041395397 -0.01717568725341373 0.000358930134433358 -2.755264843212103e-05
1270 0.1987795912507445 0.06201545090656303 -0.001336766739819656 -0.017187930980565 0.0003715641238944387 -3.202108252351521e-05
1280 0.1987751459068283 0.0620076804968488 -0.001323655864971967 -0.01719280428989578 0.0003651152511557447 -3.069633363097986e-05
1290 0.198796043926059 0.06203981677999103 -0.001316494456039683 -0.01717534248759941 0.0003608377461803668 -2.831467502084733e-05
1300 0.1987782355251659 0.06200816213071912 -0.001327430560409406 -0.01719182021374999 0.0003651032821041091 -2.948300192384827e-05
1310 0.1987776850524056 0.0620150259672814 -0.001321610053777661 -0.01718955359535066 0.0003644116555152461 -3.08057565482688e-05
1320 0.1987810822917022 0.06201957715409359 -0.001326635358389041 -0.01718641269019992 0.0003630750421735037 -2.903153097305165e-05
1330 0.1987780635525833 0.06202548937052316 -0.001350422877676081 -0.01718488855638958 0.0003752025957509102 -3.45943017370871e-05
1340 0.1987780380122927 0.0620121325309816 -0.00132365597221524 -0.01719201759639216 0.0003634388274119851 -3.043985252791841e-05
1350 0.1987833243852581 0.06201559820190217 -0.00132038701079327 -0.01718875995244857 0.0003624719200421393 -2.892274747224465e-05
1360 0.1987849028258616 0.06202537085009506 -0.001328724007759524 -0.01718453706689076 0.0003653317643655023 -3.039510867598919e-05
1370 0.1987772456936929 0.06201727948619935 -0.001335447827971893 -0.01718811371948954 0.0003711552921284576 -3.337642440398429e-05
1380 0.1987758584026008 0.06200695888066226 -0.001323957522132266 -0.01719189245235785 0.0003639764882634864 -2.903310965845675e-05
1390 0.1988002351311591 0.06203754839190213 -0.001309684804285521 -0.01717581362163766 0.0003581814524143781 -2.742632398119209e-05
1400 0.1987753033699554 0.06201284918385171 -0.001337594636427152 -0.01718927407822789 0.0003712176594606226 -3.260921492229619e-05
1410 0.1987738261755376 0.06200659190504324 -0.001324260038561619 -0.01719267361959187 0.0003643448952667115 -2.935154142946485e-05
1420 0.1987849905936906 0.0620263609331257 -0.001318851152724356 -0.01718468258193643 0.0003606499586867391 -2.869339963433646e-05
1430 0.1987761878949658 0.06201402282189813 -0.001326431728829719 -0.01718909696316383 0.0003662097583566564 -3.112751458086053e-05
1440 0.1987814017818064 0.0620293319159692 -0.001343921734890767 -0.01718267736356223 0.0003706558207908254 -3.28656322153129e-05
1450 0.1987787690201153 0.0620105535785859 -0.001326945857025791 -0.01719261115938916 0.0003638257925512683 -2.998994644732125e-05
1460 0.1987811854601985 0.06201473318823034 -0.001317676168964125 -0.01719006888943521 0.0003627332813331102 -2.971562588436622e-05
1470 0.1987898343817876 0.0620393283690028 -0.001365514952155185 -0.01717612598610102 0.0003802919291632522 -3.660577073287398e-05
1480 0.1987828288089577 0.06201392142103625 -0.001322224255768262 -0.01718998921165324 0.0003632263587381926 -2.931546742680487e-05
1490 0.1987766788928851 0.0620091560872601 -0.001321142331106037 -0.0171898676582254 0.000365373640167674 -3.001455532660048e-05
1500 0.1987881100907719 0.06203789234738281 -0.00133025519772111 -0.01717674260966041 0.0003664656536338606 -3.097050600441681e-05
1510 0.1987751111160267 0.06200757190962811 -0.001326755804868704 -0.01719195064949851 0.0003649348106055898 -2.975445823564253e-05
1520 0.1987769433985795 0.06201349710457471 -0.001317211259120235 -0.01718967059099196 0.0003638238462654554 -3.009870249955609e-05
1530 0.198805912993416 0.06205844885445749 -0.001339277291678426 -0.01716507828265058 0.0003685243642204796 -3.192355363817162e-05
1540 0.1987836743079715 0.06201536487003304 -0.001325409812685382 -0.01718922689573493 0.0003639620505658939 -2.948972066135123e-05
1550 0.1987810574944389 0.06201484139459482 -0.001324206198876165 -0.01718976989310471 0.0003647494327157143 -3.025517959022487e-05
1560 0.1987945848039822 0.06205296001635559 -0.00138834783111246 -0.01717095147049786 0.0003896017869250363 -4.105655476755997e-05
1570 0.1987907663848019 0.06202046134388978 -0.001319438830596904 -0.01718633187773226 0.0003606651708095594 -2.776051317467871e-05
1580 0.1987823282142893 0.06201985977893144 -0.001325583420965785 -0.01718596894647546 0.0003673121388458973 -3.134883546592965e-05
1590 0.1987809240861583 0.06203363354133973 -0.001382525972175886 -0.01718045942238775 0.0003878974529477413 -3.937676316837323e-05
1600 0.1987834411686037 0.06201552898450106 -0.001316357846474418 -0.01718763823244269 0.0003622790472421625 -2.834112261590087e-05
1610 0.1987778925604953 0.06201516830235802 -0.001323345720553334 -0.01718849263175998 0.0003659143551129072 -3.06762330322806e-05
1620 0.1987757192380501 0.06202999313084 -0.001420547561604018 -0.01718179758750862 0.0004057429457061548 -4.642723551178609e-05
1630 0.1987987300795663 0.0620371586437142 -0.001307475222781025 -0.01717688157422485 0.0003565603194276351 -2.623586870368086e-05
1640 0.1987776417286474 0.06201465017939593 -0.001331800647405888 -0.01718906702782063 0.0003685226591910731 -3.200624631576944e-05
1650 0.1987741453402233 0.06202586440499585 -0.001395566423257312 -0.01718536310355419 0.0003929908048192017 -4.130346652552949e-05
1660 0.1987951834276888 0.06202772424450913 -0.001311299312884325 -0.01718255906803707 0.0003577417960382248 -2.690325031302945e-05
1670 0.1987782211570049 0.06201888461183748 -0.00133469365599427 -0.01718838036281952 0.0003690072054459136 -3.242994999176784e-05
1680 0.1987746673777802 0.06201613405184055 -0.001354186036497559 -0.01718861956746862 0.0003760862191580716 -3.434175063545535e-05
1690 0.1987808025007693 0.06201408887547698 -0.001317475570963036 -0.01719041651948125 0.0003619755097147596 -2.852826429107814e-05
1700 0.1987812622411767 0.06202110303081586 -0.001324211845595095 -0.0171856324959898 0.0003653169167076635 -3.101311877973245e-05
1710 0.1987786049098803 0.0620289801349761 -0.001368965199147001 -0.01718122117915726 0.0003835099817218484 -3.741847228996372e-05
1720 0.1987841217353237 0.06201268428054497 -0.00131879842797917 -0.01718931073620624 0.0003622024036714976 -2.85532161007494e-05
1730 0.1987943918533458 0.06205036626890204 -0.001349763818634776 -0.01717029029404321 0.0003762571871182374 -3.589850456145086e-05
1740 0.1987843063027188 0.06201117623167268 -0.001324252794476429 -0.01718987403402368 0.0003627513909210404 -2.84568608365926e-05
1750 0.1987772719156174 0.06201208403846467 -0.001325326142992075 -0.01719100498411097 0.0003649314958108015 -3.000222170050238e-05
1760 0.1988006486426108 0.06205518931464929 -0.001335669101386611 -0.01716726062605787 0.0003684295062838333 -3.269200134133028e-05
1770 0.1987826531535939 0.06201364390588199 -0.001323510325333116 -0.01718992675149875 0.0003628497441265557 -2.8693451637847e-05
1780 0.1987774158853246 0.06201178619346325 -0.001328757425790226 -0.01719146752080781 0.0003647574913944909 -3.002025287343315e-05
1790 0.1987841114893334 0.06202921649934666 -0.001320945112494324 -0.01718323293719754 0.0003643396736862128 -3.089126635288203e-05
1800 0.1987812300003558 0.06202238121982522 -0.001345976098338933 -0.01718529330137892 0.0003724949944384497 -3.26695320672988e-05
1810 0.1987780320288367 0.06200934426950835 -0.001322034800987628 -0.01719225259367353 0.0003642041464903858 -2.99277146514925e-05
1820 0.198791499728353 0.06203641682655518 -0.001323180320320908 -0.01717617939906234 0.0003647868148265648 -3.059446728735541e-05
1830 0.1987787358881146 0.06200687382479433 -0.001323079595346304 -0.01719216867465577 0.0003644241826408943 -2.922004713412809e-05
1840 0.1988001921709655 0.06204119139797741 -0.001315838466378543 -0.01717443050378015 0.0003595668763171384 -2.789484767627111e-05
1850 0.1987764722093259 0.06200858660465872 -0.00132589502952565 -0.01719139963067599 0.0003673238036851963 -3.102145552442525e-05
1860 0.1987828545878107 0.06201783533456629 -0.001322888588661009 -0.01718794578904036 0.0003621320324410183 -2.863312387705151e-05
1870 0.1987841529591083 0.06203814245863355 -0.001360075179560319 -0.01717783497572038 0.0003785552759427153 -3.629812736309257e-05
1880 0.1987801607805173 0.06201280587093164 -0.001319841911537762 -0.01719108759736929 0.0003626227775342338 -2.956574689063945e-05
1890 0.1988024168136532 0.06205080667992722 -0.00133629435586369 -0.01717011547210754 0.0003680158688185961 -3.174621446578499e-05
1900 0.1987828038608014 0.06201338346658421 -0.001327740929440535 -0.01719127601968578 0.0003644829140277258 -2.974441522906659e-05
1910 0.1987784015251196 0.06200867373219127 -0.001320381380703515 -0.01719200642150844 0.0003650919795975006 -3.025032696890033e-05
1920 0.198794043607868 0.06203921857929295 -0.001324423186747814 -0.0171769149862015 0.0003633097234211092 -2.951796721395645e-05
1930 0.1987764828424075 0.06200545549054386 -0.001325763530557201 -0.01719210228637659 0.000365216412086042 -2.967102890366336e-05
1940 0.1987954181276098 0.06203622143689723 -0.001310308857644081 -0.01717640140120373 0.0003605412316055867 -2.854714032011063e-05
1950 0.1987776007218412 0.06201141658564282 -0.001336684510297619 -0.01719014447851638 0.0003688199899543743 -3.109758547300571e-05
1960 0.1987792312657329 0.06201549195587944 -0.001321859837265278 -0.01718920167760131 0.0003633022376092037 -2.926229070341972e-05
1970 0.1987798302985191 0.06202014216298687 -0.001324738015696343 -0.01718638412642002 0.0003659448013573502 -3.088487362087205e-05
1980 0.1987808156418874 0.06203053933310029 -0.001344483555878338 -0.01718246150119866 0.000370820459144887 -3.31947279174997e-05
1990 0.1987783501593105 0.06200835838354533 -0.001325455477607846 -0.01719252990410988 0.0003633815655979843 -2.936922157938102e-05
2000 0.1987802180872561 0.06201399519647588 -0.001318714775194856 -0.01719125355767899 0.0003632480114615817 -3.02484931764589e-05
2010 0.1987827321868632 0.06201698672903636 -0.0013268429366179 -0.01718868611812195 0.0003627626011001441 -2.936808788223604e-05
2020 0.1987850445476288 0.06203517703508754 -0.00135214339522765 -0.01717847421029973 0.0003762844846041071 -3.491572821612949e-05
2030 0.198781062669595 0.0620115580066287 -0.001319591168570872 -0.01719071285377899 0.0003636315475559954 -2.977007305778308e-05
2040 0.1987843457676738 0.06202377215112346 -0.00132386873363536 -0.01718322456914338 0.0003639138841624463 -2.964719260137413e-05
2050 0.1987753034682773 0.06201656549413904 -0.001353560638598812 -0.01718719269603005 0.0003777831673476424 -3.440365016926404e-05
2060 0.198780301135996 0.06201516294294395 -0.001317225125627619 -0.01718950513315776 0.0003634601288737705 -3.028198710909774e-05
2070 0.1987843957161086 0.06202488704984391 -0.001328537373895715 -0.01718357308009616 0.0003642662215288231 -2.974920408748946e-05
2080 0.1987780612608229 0.06202356963388046 -0.001367864976000665 -0.01718510809039754 0.0003839345765777754 -3.75288777528711e-05
2090 0.198787621930472 0.06202158006480996 -0.0013182699371299 -0.01718722562363803 0.0003611509472584669 -2.939411042146698e-05
2100 0.1987799945394626 0.06201310226794343 -0.001330149925675891 -0.01718979901037181 0.0003649957216892023 -3.009096590588266e-05
2110 0.1987968435206495 0.0620552975250102 -0.001390567400439758 -0.0171687126222408 0.000391178133214473 -4.110889345289554e-05
2120 0.1987916333906764 0.06202419742289773 -0.001316621758578958 -0.01718489811666644 0.0003612474097319558 -2.928355172979106e-05
2130 0.1987844762874327 0.06203298223661569 -0.001355966611903212 -0.01717906493023943 0.0003766484423166499 -3.44276499682669e-05
2140 0.1987801522269698 0.06201022302739519 -0.001320681396314865 -0.01719164329410531 0.0003641069465064498 -2.925477584921535e-05
2150 0.1987962027925423 0.06204636700173576 -0.001323090689463107 -0.01717213768575554 0.0003655930095228243 -3.100671981323634e-05
2160 0.198779016568672 0.06200717923527704 -0.001325334944823027 -0.01719120625056974 0.000364912696979008 -2.923928775824149e-05
2170 0.1987832689411552 0.06201937717491242 -0.001321604016126378 -0.01718708130304588 0.0003635258784775897 -2.934744932214451e-05
2180 0.1987885006961704 0.06204177072546976 -0.001364182342467003 -0.01717506867256312 0.0003816800287596829 -3.805721266914084e-05
2190 0.1987839699760005 0.06201427890120459 -0.001321666481450416 -0.01718964836422922 0.0003620371400578228 -2.832765630297609e-05
2200 0.1987801506755711 0.06201290665963415 -0.001327651694661382 -0.01718998942138955 0.0003644496646855884 -2.983766482089249e-05
2210 0.1987785226799949 0.06202943424586904 -0.001343719212437901 -0.01718305222264427 0.000372835168831344 -3.447605449659876e-05
2220 0.198779233458521 0.06201056358161993 -0.00132636214956393 -0.01719162600709002 0.0003634718483811467 -2.912692534232353e-05
2230 0.1987756408053886 0.06201037617049253 -0.001323287766624634 -0.01719257861342422 0.0003637123231780586 -2.992909487797318e-05
2240 0.1987844968877643 0.06202726816731571 -0.001322619580490838 -0.01718219582436879 0.0003641674054144279 -3.062410262128461e-05
2250 0.1987756513115574 0.06200930408395111 -0.001325244552348301 -0.01719214409526776 0.0003654296948837351 -2.988812453440896e-05
2260 0.1987802909363576 0.06201297492895525 -0.001323255554414889 -0.01718936330728508 0.0003632497119056743 -2.939014574704402e-05
2270 0.1987785117566542 0.06201483189217791 -0.001318648033793826 -0.01718856709500637 0.0003646337001748604 -3.036497200984987e-05
2280 0.19878087756475 0.0620170056555825 -0.001327272195382461 -0.01718708124109024 0.0003642356021962783 -2.953335251063135e-05
2290 0.1987801030325123 0.06203630879089783 -0.001391254809014698 -0.01717866600446543 0.0003924978768451703 -4.183243406936313e-05
2300 0.1987859899976579 0.06201881430202061 -0.001315992344199552 -0.01718642535642157 0.0003605833641642045 -2.856952060326757e-05
2310 0.1987792082553482 0.06201717097425661 -0.00132963778019203 -0.01718795358343579 0.000365733468433377 -3.037763314246735e-05
2320 0.1987790525500902 0.06202823878698768 -0.001347192832467465 -0.01718348802714874 0.0003717467164076061 -3.33748802904192e-05
2330 0.1987772469355417 0.06201078280751678 -0.001318910476840377 -0.01719244033506887 0.0003639551353130611 -3.021859398398001e-05
2340 0.1987844166794625 0.06201733898855311 -0.001323092696949238 -0.0171887826108033 0.0003617411488932289 -2.889492864546605e-05
2350 0.1987824353571879 0.06202029400667352 -0.001327647404627125 -0.01718605680370919 0.0003658529071511414 -3.066397497358978e-05
2360 0.1987751094086946 0.06200791892858654 -0.001322346129591343 -0.0171927233464382 0.0003654538762451935 -3.045860302241234e-05
2370 0.1988080309911482 0.06204748061672531 -0.001304910502428979 -0.01716984461319263 0.0003557409594228265 -2.623968045695089e-05
2380 0.1987773359589628 0.06201219012470498 -0.001336977786063571 -0.01718912609181936 0.0003693751022869434 -3.089050068406903e-05
2390 0.1987716710880328 0.06200628277688552 -0.001322653295128559 -0.01719276518429816 0.0003665722562631349 -3.085891546013797e-05
2400 0.198801307484276 0.06204706503627564 -0.001308895755583313 -0.01717233784610872 0.0003560134317815815 -2.651669922008114e-05
2410 0.1987749502930121 0.06201044837527956 -0.001333222639404658 -0.0171901161132699 0.0003680359027956268 -3.060559966398828e-05
2420 0.19877396511598 0.06201016784435551 -0.001321284933906719 -0.01719249704702607 0.000364240490043097 -3.040967201275997e-05
2430 0.198784362339097 0.0620269971196914 -0.001328687265777735 -0.01718401346438461 0.0003636243341684531 -3.000169007581774e-05
2440 0.1987823049522332 0.06203241039687389 -0.00136714367671296 -0.01718171914680221 0.0003818721787159027 -3.704641602580477e-05
2450 0.1987853569248001 0.06201416350855089 -0.001319111494317477 -0.01718999861101668 0.0003628902976951876 -2.982317612913387e-05
2460 0.1987780615531946 0.0620105321663704 -0.001327293476492124 -0.01719161205795016 0.0003644145625619736 -2.981135202285322e-05
2470 0.1987857517206305 0.06202427754417879 -0.001323014261807884 -0.01718317258932289 0.0003638653644871093 -2.925020417598023e-05
2480 0.1987784592565087 0.06202734624149852 -0.00135234257173489 -0.01718274511776547 0.0003784215665342131 -3.621975489553381e-05
2490 0.1987778099305294 0.06200847177673424 -0.001324731090215127 -0.01719088126528999 0.0003633982801703158 -2.905377253054841e-05
2500 0.1987784519102502 0.06201630096896771 -0.001320759880432372 -0.017187689101606 0.0003641915672850254 -2.948755281401269e-05
2510 0.1987869300815273 0.06203892323722515 -0.001339035203760581 -0.01717685569887502 0.000370872533115125 -3.359791948232459e-05
2520 0.1987768450121349 0.06200963151217814 -0.001324544812810361 -0.01719203058002714 0.0003634246541909972 -2.944677027104489e-05
2530 0.1987812018244774 0.06201465348383893 -0.001323587363591333 -0.01718919993488678 0.0003629157968494142 -2.909020128681808e-05
2540 0.1988024978545427 0.06206037045505289 -0.001356387039842804 -0.01716569923769064 0.0003780054500411501 -3.709072938519675e-05
2550 0.1987897458501687 0.06201749705180234 -0.001324531741631878 -0.01718813568954374 0.000361630826315367 -2.813083710842653e-05
2560 0.198777870644387 0.06200832329058724 -0.001325706804043421 -0.01719261946398123 0.0003654826584219158 -3.0002726499451e-05
2570 0.1987902126112716 0.06203761421613944 -0.001323619842740697 -0.01717812134944632 0.0003643376199709692 -3.07232215280096e-05
2580 0.1987767514836924 0.06201105067674286 -0.001330053229815184 -0.01719037820915509 0.0003672742145587307 -3.036790494619148e-05
2590 0.1987810112820627 0.06201409662969488 -0.001320987325181283 -0.01718848034778116 0.0003632037634234245 -2.895730075687339e-05
2600 0.198793433520535 0.06204817164792516 -0.001347661385253774 -0.01717026470456316 0.0003758566646134813 -3.570498413818183e-05
2610 0.1987825885490006 0.06201235913361243 -0.001323027361319815 -0.01718991812621153 0.0003629434323115982 -2.841341218871128e-05
2620 0.1987892503836062 0.06203087078927266 -0.00132710915720148 -0.01718059496842012 0.0003655315841481238 -3.044002011514137e-05
2630 0.1987763912524333 0.06201807130162171 -0.001344180397852436 -0.01718892599025735 0.000373721237893913 -3.408434894884063e-05
2640 0.1987802193055224 0.06200919675896167 -0.001323167307218834 -0.01719180396672336 0.0003627181056779639 -2.89168357039933e-05
2650 0.1987825856355407 0.06201828983444901 -0.001324422460281428 -0.0171887912188132 0.0003625845191982202 -2.942320347043675e-05
2660 0.1987846442165463 0.06202617093770636 -0.001327106007630622 -0.01718339707838343 0.0003656395426538475 -3.129464490245629e-05
2670 0.198776136303258 0.06200915027971542 -0.001326017206812555 -0.01719272002557234 0.0003644336641014579 -2.951603900197688e-05
2680 0.1988028599854315 0.06204161833746254 -0.001309338231143501 -0.01717435374253865 0.000357318095460855 -2.716459953659792e-05
2690 0.1987777534486861 0.06201385656911866 -0.001330572407257505 -0.01718938511994291 0.000369276662479378 -3.177019388688116e-05
2700 0.1987746470982598 0.06201302977812843 -0.00134505432404752 -0.01718913862772664 0.0003736405151503391 -3.296505817626544e-05
2710 0.1987771221317855 0.06201230308948736 -0.001320637149430903 -0.01719145210082147 0.0003631915656612423 -2.943959386214077e-05
2720 0.198783935786608 0.06202076917020673 -0.00131856271199071 -0.01718479891923731 0.0003632440443624708 -2.974464179841787e-05
2730 0.1987797530315601 0.0620201900211363 -0.001334352219127046 -0.01718644296899648 0.0003680316163946986 -3.141460376911162e-05
2740 0.1987747106831229 0.06201131905672162 -0.001337920505314096 -0.01719093401988904 0.0003684842435388146 -3.156705221207381e-05
2750 0.1987927251427931 0.06203066305513091 -0.001308424657194512 -0.01718110977823942 0.0003586215581620713 -2.806030791365419e-05
2760 0.1987821050258733 0.06202171793303675 -0.001341235620586082 -0.01718565490517595 0.0003686356941489278 -3.147946899049676e-05
2770 0.198774511865411 0.06201247222328234 -0.00133309651078262 -0.01719192925442022 0.0003678170363044334 -3.151855355991294e-05
2780 0.1987881242194807 0.06202176741007091 -0.001313718064612485 -0.01718635015769504 0.0003605505627912524 -2.866939372230464e-05
2790 0.1987804899564277 0.06202257085874986 -0.001338468800884113 -0.01718588047617215 0.0003700065796471435 -3.231966855690496e-05
2800 0.1987754657680188 0.06200874477470122 -0.001329313725951384 -0.01719206907183212 0.0003662797885519325 -3.033933523383473e-05
2810 0.1987833175915275 0.06201560975384827 -0.001312792596182101 -0.0171882651341996 0.0003625731952199037 -2.938532832993338e-05
2820 0.19878362997988 0.06202332968941089 -0.001332054789156995 -0.01718394395551656 0.0003655810004603601 -3.028179933770749e-05
2830 0.1987765479599075 0.06201597523725343 -0.001337475007823214 -0.01718756305650383 0.0003706694619727375 -3.224426617866427e-05
2840 0.1987744328382809 0.06200972252669424 -0.001322761233693522 -0.01719178758536602 0.0003647659514784215 -3.038498176282451e-05
2850 0.1987980568613366 0.06203870706198987 -0.001312187975605216 -0.01717612151213177 0.0003575839152347763 -2.742927389662136e-05
2860 0.1987763699788982 0.06201327576348104 -0.001339678893444367 -0.01718956014423488 0.0003700496903505463 -3.151201717968321e-05
2870 0.1987748226329385 0.0620094617850226 -0.001322551171298238 -0.01719314199286421 0.0003650085008368488 -3.092832430660086e-05
2880 0.1987898620475798 0.06202841573872084 -0.001319307447107039 -0.01718423849010439 0.0003594041826821746 -2.820665999533485e-05
2890 0.1987805043012957 0.06201993168218663 -0.001343902540265061 -0.01718624644687594 0.0003729973901866253 -3.303940320336492e-05
2900 0.1987785269465438 0.06201104245413173 -0.001321626523329508 -0.01719230917222976 0.0003644300160017367 -3.056309002621901e-05
2910 0.1987985729708096 0.06203465018569639 -0.001316207291111273 -0.01717775253311242 0.0003599472698114328 -2.790748868450285e-05
2920 0.1987774305749336 0.06200971347941685 -0.001330639982356721 -0.01719046195239154 0.0003680301082848746 -3.032861684570945e-05
2930 0.1987799338303409 0.06201262713880715 -0.001320354471669123 -0.01718974367651408 0.0003643702860612554 -3.028440622799771e-05
2940 0.1987953411653263 0.06204632511468638 -0.001334343108322556 -0.01717150569449797 0.0003678053766726534 -3.125937503823931e-05
2950 0.1987798397004563 0.06200960322692498 -0.00132353099994235 -0.0171909239792457 0.0003642262678283762 -2.915288395048008e-05
2960 0.1987802543698338 0.06202273437459761 -0.001323170905955354 -0.01718616816781654 0.0003647489066961033 -3.109193764973652e-05
2970 0.198774967817154 0.06201256672497712 -0.00134057730192507 -0.01719048614413375 0.0003698302511435821 -3.172543203580676e-05
2980 0.1988013580879597 0.06204038568393874 -0.001308273351203976 -0.01717667816507015 0.0003566083621541441 -2.687237140611008e-05
2990 0.1987785375950549 0.06201458533001723 -0.001340578500476574 -0.01719022464323785 0.0003711611943091778 -3.302797105394647e-05
3000 0.1987758644376294 0.06200765592386044 -0.001324869068688011 -0.01719351001396485 0.0003641399178047039 -2.947961510649971e-05
