"report"
"Iteration" "cd-scale etc.."
("Iteration" "cd-scale" "cl-scale" "cx-scale" "cmx-scale" "cmy-scale" "cmz-scale")
10 0.204001372950994 0.0628418302755749 -0.0001961270541856984 -0.02121057487354444 -3.49711861737265e-05 0.0001675404709646486
20 0.2217903305353326 0.060988418240636 -0.001160763191400836 -0.02423975346891633 0.0001650197632191143 -0.0006051996612955561
30 0.2182472069551737 0.06535313587190565 -0.003931299661777363 -0.02182391888673528 0.0003979455594304494 -0.0003260170075230233
40 0.2136767609952234 0.06410648633738771 -0.00233043058117335 -0.01996461381123699 6.844714171927957e-05 0.0004114292109178617
50 0.2147698877337267 0.05952341365959263 -0.004605790911979169 -0.01934782790968356 0.0007486153928931694 -0.0008509432348786717
60 0.2146839451678846 0.06440428953055358 -0.006286632368707262 -0.01914231144823374 0.0005386723055512786 -2.730041910946239e-05
70 0.2114948545048677 0.06556003673660486 -0.006826051160466819 -0.01863201948119344 0.0001926943443288462 0.0006150049509914814
80 0.2096321096908747 0.06233854846806579 -0.005750969216593448 -0.01783267349533458 0.0001051432093112046 0.0003761237988814496
90 0.209913670757761 0.0609445653635343 -0.004088388913858126 -0.0176302684485162 0.0001574856373486819 -4.935126859666252e-05
100 0.2096600287116017 0.06143434975761503 -0.003473477652537922 -0.01782643024286492 0.0002466367608552765 -0.0002459487536370448
110 0.2097416330908953 0.06133811768413776 -0.002956662567191831 -0.01785334086201288 0.0003263868095429757 -0.0004094755881306168
120 0.2101636311127453 0.06125426631025438 -0.002429003905301523 -0.01782393906523904 0.0003952539324519742 -0.0006126402351208836
130 0.2103137138579425 0.0613294030131278 -0.001875573036662426 -0.01781441550934197 0.0004189328576669583 -0.0007317400617150258
140 0.2102696001656663 0.06140214747276131 -0.001599553966907393 -0.01779150845164689 0.0004238847184762364 -0.0008051390277916023
150 0.2101934648536152 0.06135496847430177 -0.001885229986538907 -0.01775393279249291 0.0003993176718792598 -0.0007435817799452841
160 0.210216982854866 0.06134967466609863 -0.002307607022665443 -0.0177567279217417 0.0003540682435063955 -0.0006303505531667817
170 0.2102601763329973 0.06137204008876043 -0.002423080874450594 -0.01776661177712473 0.000328654981943095 -0.0005803366695069662
180 0.210257097907277 0.06135524771040769 -0.002420779987493644 -0.01775747334510086 0.0003180913179677139 -0.0005696557191851551
190 0.2102440960126361 0.06133903233213105 -0.002468839779914603 -0.01774889038232675 0.0003058680496215486 -0.0005571195279975833
200 0.2102388843785078 0.06134360483967401 -0.002582306900418062 -0.01774816177096233 0.00028706966117458 -0.0005285863143810422
210 0.2102386294034413 0.06135480147836355 -0.00272075183607786 -0.01774887701202152 0.0002620288272507299 -0.0004870457453246349
220 0.2102401800037851 0.06136000166176417 -0.002866219965363392 -0.01774900671547754 0.0002311983349621414 -0.0004369507620926586
230 0.2102410313456815 0.06136221914729916 -0.003021867273789766 -0.01775042131574711 0.0001963826727662134 -0.0003804371314023252
240 0.2102422467957848 0.06136738323544792 -0.00320253301014027 -0.01775527563127998 0.0001582121579652671 -0.0003177901027529966
250 0.2102520878956915 0.06138113905565065 -0.003386759444221053 -0.01776494608384305 0.0001197397836075308 -0.0002542278793562774
260 0.2102707047076858 0.06140739626403886 -0.003556079494301249 -0.01777955860479067 8.382724558439567e-05 -0.0001929728983839512
270 0.2102923684882718 0.06143462739686239 -0.00365480139034563 -0.01779611879175618 6.404955352515813e-05 -0.0001503053620151134
280 0.2103041423233624 0.06142553278768104 -0.003585651920927183 -0.01780005716498813 8.054326901170965e-05 -0.0001630537160479305
290 0.2102978543913939 0.06138038604413461 -0.003383416813846084 -0.01778544714909474 0.0001241804048236664 -0.0002283782384839682
300 0.210279123565145 0.06134211651158693 -0.003208441976010906 -0.0177654558194411 0.0001637566658854773 -0.0002977547996952956
310 0.2102591371813741 0.06133967251306364 -0.003119386109447472 -0.01775373818653299 0.0001883555241581989 -0.0003434535420227089
320 0.2102456077187844 0.06135400960449612 -0.003064192682283398 -0.01775009246927489 0.0002043406816051776 -0.0003709294398747424
330 0.2102381158011354 0.06136033909203428 -0.0029956381023444 -0.01774831930660668 0.0002187551197890057 -0.0003946613840976291
340 0.2102365300285923 0.06135494871941474 -0.002906420596495079 -0.0177457667694354 0.0002341105703793291 -0.0004202683680065564
350 0.2102346978561324 0.06134747024966344 -0.002811387772809423 -0.01774401618419397 0.0002521837104400445 -0.0004497609182798902
360 0.210235001515167 0.06134282539431987 -0.002709436630066421 -0.01774396399999508 0.0002746589654892673 -0.0004859913669796178
370 0.210234956530354 0.06134503600924393 -0.002587117756038011 -0.01774505459220605 0.0003020794153611728 -0.0005305534310582183
380 0.210236479593385 0.06135142919003483 -0.002453300149608101 -0.01774521275665305 0.0003295213076896521 -0.0005772505367438628
390 0.2102371084761514 0.06136046218340992 -0.002339274990603611 -0.01774661464547236 0.000350624437379401 -0.0006170851902310673
400 0.2102381904754826 0.06136619555030434 -0.002313494178358736 -0.01774897412460183 0.0003542621403818584 -0.000629346144756221
410 0.2102346237775157 0.06136588116816277 -0.002377823630403571 -0.01775035443420684 0.0003425756235612172 -0.0006128720482966447
420 0.2102374145131445 0.06136066085026667 -0.002475619609816941 -0.0177501488517377 0.000322495914385367 -0.0005808786906120845
430 0.2102400770364617 0.06135646146361111 -0.002569209556193389 -0.01774929268532639 0.0003003377605835516 -0.0005442271744114989
440 0.2102418568535454 0.06135370467826128 -0.002646175633578616 -0.01774822335410838 0.0002797637870183799 -0.0005103449477889238
450 0.2102399572815374 0.06134968526893793 -0.002741714686792468 -0.01774762196760228 0.0002561683770049512 -0.000473602913225389
460 0.210239346464583 0.06134861854669833 -0.002882513040712994 -0.01774760854110107 0.0002263728934690499 -0.0004264231793445174
470 0.2102409448163692 0.06135106806613277 -0.003056773835547499 -0.01774953363131383 0.0001916919557655597 -0.0003696998442649812
480 0.2102486319753258 0.06136188858303126 -0.003231285763060796 -0.01775547499906188 0.0001562265906960171 -0.0003114546652299367
490 0.2102570396613503 0.06138210615976859 -0.003398429131537956 -0.01776583508754339 0.0001198944939224081 -0.0002527205841545736
500 0.2102711795259239 0.06141108526236541 -0.003557202233308642 -0.01778057094862126 8.450487199101085e-05 -0.0001927205292801376
510 0.2102901573448845 0.0614338570897907 -0.003655301795340977 -0.01779592270456268 6.428277925366496e-05 -0.0001491493006662651
520 0.2103022158077418 0.0614196756325127 -0.003590765066355997 -0.01779825089156422 8.105840042017078e-05 -0.0001622650011958358
530 0.2102963561937189 0.06137467455288723 -0.003401072842149591 -0.01778410937789982 0.0001240328427506959 -0.0002274453023431156
540 0.2102782094215001 0.06134413515134798 -0.003224851868129794 -0.01776646670743563 0.0001642804180312288 -0.0002982634249529995
550 0.2102585535941342 0.06134600555846902 -0.003120146510075975 -0.01775498907203062 0.0001888037789714432 -0.0003440208612479648
560 0.2102462790556535 0.06135684928522744 -0.003060843859528119 -0.0177503415238686 0.0002027963476374661 -0.0003685651375329105
570 0.2102396474814729 0.0613586666365029 -0.003008954516497294 -0.01774813143407677 0.0002141888112476538 -0.0003871132233911245
580 0.2102347533929503 0.06135308193846168 -0.002948365138332818 -0.01774676014704262 0.0002276089064006801 -0.0004089571603506793
590 0.2102347649296637 0.06134771962473173 -0.002868624518394576 -0.01774550649610934 0.0002439205213642449 -0.0004359266244877028
600 0.2102368529587043 0.06134643491629151 -0.002766928645468395 -0.01774483564712769 0.0002638500481218842 -0.0004688888607436617
610 0.2102383257624092 0.06134710328324584 -0.00264291961157694 -0.01774456595424928 0.0002880922527671404 -0.000508187624906872
620 0.2102367253700685 0.06134761671205401 -0.002517462244707626 -0.01774463622966051 0.0003138613589323873 -0.0005505829079850108
630 0.2102346437375128 0.0613502276100733 -0.002406625595208467 -0.0177446115417518 0.0003375080095886567 -0.0005916449527481914
640 0.2102353407337493 0.06135603765340989 -0.002348276190872645 -0.01774643734942354 0.0003500275826553912 -0.000618492793730366
650 0.210237125602406 0.06136404064307335 -0.002374149768775261 -0.01774911885582302 0.0003456255588358376 -0.0006166559404239042
660 0.2102368996255854 0.06136755467494197 -0.002437047624602182 -0.01775044936322889 0.0003316270341463361 -0.0005951380848900199
670 0.2102375580970677 0.06136315638325495 -0.002513899262460421 -0.01774991456172273 0.0003116778187659521 -0.0005628136872136818
680 0.2102398919678638 0.06135355625883083 -0.002592942046754671 -0.01774800312047857 0.0002907771260210894 -0.0005276520687336078
690 0.2102387114701685 0.06134618549987825 -0.002690272123861114 -0.01774655837186516 0.0002684613243866062 -0.0004919642050312626
700 0.21023778946013 0.06134354627835303 -0.002820563853843691 -0.0177464961788175 0.0002421948146525265 -0.0004509171450297151
710 0.2102386272723355 0.06135024040474098 -0.002975419634890592 -0.01774881934567568 0.0002113717346343629 -0.0004018323700716932
720 0.2102445158712836 0.06136051142765351 -0.003131792102486223 -0.01775240185263579 0.0001773308979238332 -0.000345938258693819
730 0.2102517395773141 0.06137359554824328 -0.003289797010660091 -0.01775937244373176 0.0001410958899205754 -0.0002873503974493446
740 0.2102623443263568 0.06139160468250438 -0.003463815792367332 -0.01777081386073857 0.0001029326356850854 -0.0002242111215197831
750 0.2102758852250675 0.06141869432898428 -0.003630873520951719 -0.01778751030148229 7.051369299919046e-05 -0.0001654053835017041
760 0.2102969567381793 0.06142992317412608 -0.003674276112802618 -0.0177996863086133 6.598663906146656e-05 -0.0001443335357188436
770 0.2103039345191074 0.06140418349276534 -0.003523750652863149 -0.01779434956991087 9.926344330380819e-05 -0.0001880491765951283
780 0.2102916190555665 0.06136306815282445 -0.003301784213916891 -0.01777596206934087 0.0001446629173453926 -0.0002629565557377644
790 0.2102681323970618 0.06134463159971029 -0.003154792003533581 -0.01776045933007603 0.0001773486253886754 -0.0003225597814176166
800 0.2102499885995702 0.06134855808383057 -0.003093781394985672 -0.01775228507204976 0.0001947875980122937 -0.0003541194453319266
810 0.2102396936582388 0.06135290482796635 -0.00306133501194613 -0.01774835838553855 0.0002058943474601381 -0.0003728123491511179
820 0.2102379742402696 0.06135560520838571 -0.003008119058291939 -0.01774737669476614 0.000217799089279084 -0.0003928150167547311
830 0.2102350406482024 0.06135617854172368 -0.002923970620486793 -0.01774689488388931 0.0002330740091927059 -0.0004184996539754751
840 0.2102346706918639 0.0613526551649814 -0.002824324725826121 -0.01774584127210016 0.0002500815302474687 -0.0004469559712320507
850 0.2102359128810137 0.06134577291729257 -0.002722612880643285 -0.01774433520534823 0.0002690575427218761 -0.0004778072399523299
860 0.2102357553626078 0.06134023124020011 -0.002621200286500408 -0.01774310001551988 0.0002915580656403696 -0.0005136832618173377
870 0.2102349385681135 0.06134211376579404 -0.002517954791503027 -0.01774361426801247 0.0003162570736655867 -0.0005543134741277161
880 0.2102345406359432 0.06135115733003492 -0.002413948960095325 -0.01774515039405818 0.000339383530329745 -0.0005957602690944003
890 0.2102365514557083 0.06136344127901906 -0.002351155481952562 -0.01774742376699038 0.0003495600204537219 -0.0006194849063031167
900 0.2102376730864233 0.06136803429964819 -0.002371124267646279 -0.01774899853092043 0.0003428188219458025 -0.0006126284945354032
910 0.2102361745032682 0.06136388228611324 -0.002446801612825121 -0.01774914007855935 0.0003260210550881551 -0.0005858727114991921
920 0.210235711796316 0.06135488054200071 -0.002541087014109814 -0.01774860953122852 0.0003062277422144668 -0.0005525541163006461
930 0.2102386860673408 0.06134902373741896 -0.002628906423144698 -0.01774757944406637 0.0002863739749384649 -0.0005200108670923972
940 0.2102399182888388 0.06134847107680121 -0.00271424829361554 -0.01774687275571104 0.0002655781434835389 -0.0004877426945594503
950 0.210239164536677 0.06135068590021096 -0.002827588776148804 -0.01774678330196674 0.0002392434457560957 -0.000447160393372648
960 0.2102387866661717 0.0613536363593254 -0.00297683264706003 -0.01774892143531772 0.0002075379941686875 -0.0003956519137464439
970 0.2102426170589303 0.06135842383044239 -0.003149762176068095 -0.01775236962159835 0.0001716171644442052 -0.0003362690282265305
980 0.2102506630315209 0.06136905721447383 -0.003327489242630224 -0.01775979877384838 0.000134584813567058 -0.0002759043612006336
990 0.2102643176768022 0.06139313229029594 -0.003506789048727054 -0.01777279050716795 9.683241109324077e-05 -0.0002139430057747688
1000 0.2102806445537535 0.0614269858823551 -0.003645264471488806 -0.0177906108323043 6.84692243341216e-05 -0.0001608084484842243
1010 0.2102986347467989 0.06143448560362016 -0.003643528398061537 -0.01780059294312811 6.99912541875995e-05 -0.0001493987247112416
1020 0.2103016319400999 0.06139805082864807 -0.003475273121183326 -0.01779162874542754 0.000105772183133069 -0.0001980633083304932
1030 0.210285837482123 0.06135243729684452 -0.003280171197722211 -0.01777207727993449 0.0001489528241006703 -0.0002702358978415192
1040 0.2102640948191344 0.06133868326141814 -0.003161906638936141 -0.01775802044362229 0.0001796684168501439 -0.0003261801924646877
1050 0.2102489362193283 0.0613506052119198 -0.00310150986328478 -0.01775220583282381 0.0001970822059497895 -0.0003579650045604824
1060 0.2102414748951424 0.06135951607221689 -0.003044724638346137 -0.01774891489827931 0.0002091030949490159 -0.0003785523261240091
1070 0.2102387153525265 0.06135995160794322 -0.002972107497184701 -0.01774731898771569 0.0002212319546503844 -0.0003988347043947565
1080 0.2102346401472787 0.06135277065919562 -0.002894821486634274 -0.01774582023973119 0.0002356895092504646 -0.0004225058677817381
1090 0.2102325861638522 0.06134574227061888 -0.002815629430162348 -0.01774492458974961 0.0002527585557597148 -0.0004504969154936289
1100 0.2102358356591252 0.06134165832376202 -0.002719422968217348 -0.01774411896322019 0.0002735385812226149 -0.0004843183575863368
1110 0.2102373516903426 0.06134416759640109 -0.002600163542275528 -0.01774388228509764 0.0002982865802687296 -0.0005248230054500397
1120 0.2102364151084628 0.06134977588495991 -0.002473432761389374 -0.01774422602475753 0.0003238842062988783 -0.0005678868022016672
1130 0.2102339909202832 0.06135544202105213 -0.002368026174243718 -0.01774574125445901 0.0003448434078822307 -0.0006064521878069872
1140 0.210234594333522 0.06136055868318915 -0.002347955636898751 -0.01774741338920001 0.0003485818748076013 -0.0006191636068620163
1150 0.2102357296989808 0.06136254823549795 -0.002405858754257483 -0.01774873673820576 0.0003380052604186891 -0.0006046970462307194
1160 0.2102372916200798 0.06136168735743814 -0.002485703787295325 -0.01774927906335747 0.000320797442701892 -0.000577103904042267
1170 0.2102373743037041 0.06135913983022896 -0.002559998139018304 -0.01774927871796497 0.000302230965157237 -0.0005462562230486205
1180 0.2102392965777092 0.06135329377599951 -0.002630494223327011 -0.01774780884002286 0.0002825840004814468 -0.0005144245898053222
1190 0.2102393785298707 0.06134738156613056 -0.002728651250546782 -0.01774628751758298 0.0002591197642506142 -0.0004778121575615123
1200 0.2102377977205511 0.06134546967058095 -0.002872646656296358 -0.01774614390966145 0.000229841475297749 -0.0004314965157686762
1210 0.2102393503878415 0.06135074526553425 -0.003042244962733755 -0.01774946758009472 0.0001971407798479322 -0.0003778878145844127
1220 0.2102456713767677 0.06136281282972168 -0.003207845926395975 -0.01775492384975325 0.0001623358220375072 -0.0003211712604675871
1230 0.2102558220502259 0.0613808188016528 -0.003364752243968067 -0.01776353071018071 0.0001257857707720492 -0.000262328824832869
1240 0.2102695393319899 0.06140500497626036 -0.003529550414468456 -0.0177770006821621 8.835903401412386e-05 -0.0001995817182482681
1250 0.2102851661482729 0.06143044706233389 -0.003657307270853618 -0.01779395186955451 6.418513721505541e-05 -0.0001501888152446319
1260 0.2102991373469489 0.06142276944409945 -0.003627462289240981 -0.0177996628523373 7.580729832044392e-05 -0.0001545101823247836
1270 0.2102994976965107 0.06138276189332557 -0.003438256852450735 -0.01778707693004044 0.0001175881487302544 -0.0002163848000415329
1280 0.2102825106594817 0.06134969426719716 -0.00323857159503478 -0.01776820347922773 0.0001597734144630447 -0.00028991303569298
1290 0.2102601153878549 0.06134633546121433 -0.003120705504377217 -0.01775590501107533 0.0001866338171172119 -0.0003395288069499006
1300 0.2102439597974942 0.06135433273415253 -0.003067518311644456 -0.01775076403613833 0.0002013133480783682 -0.0003653078930079516
1310 0.2102371281307324 0.0613550573674587 -0.003027175449919167 -0.01774761922744963 0.0002117940117976059 -0.0003824876480786036
1320 0.2102359611974168 0.06135248978043709 -0.002969352116064905 -0.01774606283133856 0.0002241532905814113 -0.0004033582311433083
1330 0.2102350558253707 0.06135092547579744 -0.002884333944335535 -0.01774559632078285 0.0002406935207204464 -0.0004307395136814686
1340 0.2102341573822939 0.06135047353648097 -0.002783137360535593 -0.01774559696262253 0.0002600600003890651 -0.0004629541278637383
1350 0.2102368709627959 0.06134627005583618 -0.002666360830681314 -0.01774450597918212 0.0002821891400010094 -0.0004987728336296605
1360 0.2102372881851389 0.06134327316586018 -0.002550232419215808 -0.01774337344756356 0.0003060712620706701 -0.0005376783421662466
1370 0.2102350213897198 0.06134535989489043 -0.002446146926104856 -0.01774353643528306 0.0003298587316278092 -0.0005780382396674863
1380 0.2102343338317662 0.06135482210970108 -0.002371104224047906 -0.01774648428477387 0.000347088451989238 -0.0006119014037952158
1390 0.2102365147617603 0.0613654731791939 -0.002367321848228437 -0.01774901986810864 0.000347104472816593 -0.0006182428649814831
1400 0.2102374811378949 0.06136910050148578 -0.002415454744780498 -0.01774961842585221 0.0003344654576517344 -0.0005998522126273274
1410 0.2102386458650001 0.06136192878374052 -0.002489609184375408 -0.01774881453781644 0.0003154317462855454 -0.0005685884606308379
1420 0.2102366914473266 0.06135285811690448 -0.002577578270665962 -0.0177480876308967 0.0002954396246374628 -0.0005346071692339897
1430 0.210236958813347 0.06134559816935848 -0.002674164175505413 -0.01774698487184068 0.00027462494882727 -0.0005011757155268473
1440 0.2102383619856001 0.06134529374052515 -0.002786383093404082 -0.01774641588294298 0.0002501234031098888 -0.0004636166186430261
1450 0.2102397559168498 0.0613513119990021 -0.002922772918398642 -0.01774744020926617 0.000220522384201278 -0.0004171426908349116
1460 0.2102416949010875 0.06135886002771337 -0.003075626815162545 -0.01775102544943948 0.0001873650264249481 -0.0003624033245998092
1470 0.2102464373522733 0.06136774567149512 -0.003241620196587692 -0.0177570478303947 0.0001513185852761734 -0.0003034186216262807
1480 0.2102565833241634 0.06138203893054853 -0.00342277174640078 -0.01776656646314598 0.0001126281226061615 -0.0002401928777944983
1490 0.2102732909937615 0.06140864922940942 -0.003599982449520218 -0.0177817975981813 7.698236969782016e-05 -0.0001785463524701489
1500 0.2102928795008017 0.06143355114711375 -0.003680473549400628 -0.01779811017348599 6.374797826585958e-05 -0.0001446944553628698
1510 0.2103026293869464 0.06141822282867259 -0.003569099472671392 -0.01779841111010352 8.886723534155325e-05 -0.0001729081972141495
1520 0.2102954151617285 0.06137277218504533 -0.003349179643039575 -0.01778111528628865 0.0001333155017396034 -0.0002431246274342859
1530 0.2102746013416751 0.06134278825086003 -0.003183520864103929 -0.0177626788411235 0.0001694731050064312 -0.000307648006480136
1540 0.2102539160833231 0.06134272170875633 -0.003115539759258498 -0.01775293316057003 0.0001899814827269858 -0.0003455493896509421
1550 0.2102413703229807 0.06135299816144985 -0.003078861556678665 -0.01774995460087693 0.0002034760356332834 -0.0003684441304384127
1560 0.210238260439515 0.06135920704532265 -0.003021327760478022 -0.01774828385395296 0.0002151071292009849 -0.0003884164914462382
1570 0.2102371624341581 0.06135843217947883 -0.0029373644513678 -0.01774664290256501 0.0002285569943534598 -0.0004114200538327543
1580 0.210235852003165 0.06135144482766779 -0.002845334202686505 -0.01774523045266153 0.0002442091908194604 -0.0004371278791125712
1590 0.2102331303946278 0.06134476070540517 -0.002760164579134755 -0.01774474573903296 0.0002622518366901487 -0.0004661954963129886
1600 0.2102346406770312 0.06133924666376832 -0.0026688627188166 -0.01774379666457185 0.0002835787298476247 -0.0005005850862516424
1610 0.2102365479361107 0.06134215442088085 -0.002557776289442511 -0.01774351356837699 0.0003080295940931578 -0.0005408366801897659
1620 0.2102361717987927 0.06135116342468833 -0.002438084119612279 -0.01774419702221945 0.0003323526884959545 -0.0005831495959277969
1630 0.2102346110381394 0.06136067041508133 -0.002351818068605152 -0.01774677990630788 0.0003480219500687277 -0.0006147686173656118
1640 0.2102347568429491 0.06136472769282075 -0.002360506822739471 -0.01774860377143971 0.0003453452607272914 -0.0006157494379947901
1650 0.2102349702800271 0.06136232072927662 -0.002434433467170842 -0.01774868474431847 0.00033062315793442 -0.000593030421798385
1660 0.2102378240990386 0.0613562085739658 -0.002523362643184105 -0.01774828578656014 0.0003117543600736664 -0.0005619180622944396
1670 0.2102387544578412 0.06135358721901464 -0.002598497129809011 -0.01774838237762051 0.0002938006369236582 -0.0005319020758693296
1680 0.2102387018283076 0.06135200191011413 -0.002672215613256509 -0.01774783353894997 0.0002745801502223752 -0.0005018325947395115
1690 0.2102395751334887 0.06134927164594407 -0.002774073757961037 -0.01774658400922415 0.0002495345067071514 -0.0004632343265391534
1700 0.2102395464409917 0.06134927428540696 -0.002923329127226851 -0.01774700428957396 0.000218159037947248 -0.000413071919202949
1710 0.2102409710835187 0.06135353442347713 -0.003099264679114205 -0.01775037977585164 0.0001835686538950043 -0.0003557242244939269
1720 0.2102471798677574 0.06136602122080233 -0.003273609301270638 -0.01775775583648239 0.0001481713378597571 -0.0002979356756599044
1730 0.2102592584511767 0.06138725305490995 -0.003440951907916647 -0.01776832712625833 0.0001107902117108237 -0.0002376023931272156
1740 0.210275722054934 0.06141771055830274 -0.003593121699452895 -0.01778371683153532 7.638021226941595e-05 -0.0001778614327147129
1750 0.210294004019961 0.06143573057709871 -0.00365993479393541 -0.01779835528895134 6.407696404006746e-05 -0.0001448276146873241
1760 0.210300284809665 0.06141168285256594 -0.00355686157388108 -0.01779701802639525 8.993003797905569e-05 -0.0001737920706859522
1770 0.2102920105379627 0.06136442705575776 -0.003355349895562143 -0.01777947582477731 0.000134699452470185 -0.0002448642373357775
1780 0.2102736993446016 0.06134142648897176 -0.003193339077726604 -0.01776209012023855 0.000171233394542992 -0.0003108637367462256
1790 0.21025497303716 0.06134915808488457 -0.00310566798301879 -0.01775330529881555 0.0001926772923385699 -0.0003506762921367204
1800 0.210241600640689 0.06135830165710659 -0.003050986229401586 -0.01774987683423974 0.0002064501331738227 -0.0003738787129833921
1810 0.2102370248030068 0.06135814062518408 -0.00299385500808405 -0.01774771994214126 0.0002180837027264369 -0.0003929217001319156
1820 0.2102347022654357 0.061351126689275 -0.002926726186470228 -0.0177454663195327 0.0002312770125989796 -0.0004150941543800658
1830 0.2102351498285586 0.06134685464676187 -0.002843115953357482 -0.01774466175028006 0.0002482332208422738 -0.000443209587808538
1840 0.2102354161699827 0.06134674504209092 -0.002738311598710044 -0.01774503979444559 0.0002697485399146865 -0.0004782978029155095
1850 0.2102361730506379 0.06134694105184118 -0.002615036243991096 -0.01774468232646624 0.0002944331180833503 -0.0005186405778459608
1860 0.210237215816539 0.0613475362789189 -0.002488688801290341 -0.01774386845802497 0.0003194529284516896 -0.000560211418195821
1870 0.21023537427945 0.06135101527742132 -0.002384774612363872 -0.0177443162095205 0.0003411582642720516 -0.0005991582767156213
1880 0.2102344714820188 0.06135805300504357 -0.002352694375503021 -0.01774718599787255 0.0003490968049298755 -0.0006187125258971469
1890 0.2102351287528786 0.06136511224730586 -0.002394964103155105 -0.01774978475382448 0.000341876176793961 -0.0006106917599812753
1900 0.2102370469126138 0.06136585927013406 -0.002462233511739585 -0.01774971622101247 0.000325454216976417 -0.0005851329868501097
1910 0.2102391933526989 0.0613601107175405 -0.002534672794285624 -0.01774861608037439 0.000305692306780648 -0.0005524865588137996
1920 0.210239044801976 0.06135190606332586 -0.002612989053942551 -0.0177475341394495 0.000285639754326133 -0.0005190415329459335
1930 0.2102362912072519 0.06134562764487342 -0.002716925844690036 -0.01774683065459974 0.0002632659642463622 -0.0004836289089556158
1940 0.2102372564198543 0.06134402061970481 -0.002855356760751198 -0.01774633906767585 0.0002350612268595784 -0.0004397604931019007
1950 0.2102405836347142 0.06135169711490592 -0.003012842543418036 -0.01774859575680558 0.0002028572822610854 -0.0003879379357628891
1960 0.2102455983420542 0.06136363324422429 -0.003171231181263532 -0.01775354848063564 0.0001685810653911967 -0.0003316408717485123
1970 0.2102523755168741 0.06137779440653848 -0.003329825004962441 -0.01776223866415731 0.0001326833680675973 -0.0002731430281764957
1980 0.2102645886383485 0.06139780318931246 -0.003506501444581087 -0.017774435153743 9.399181495684059e-05 -0.0002090329728346685
1990 0.2102824886489817 0.06142416641162125 -0.003654257588109292 -0.01779078641554425 6.545552363967462e-05 -0.0001543175644618884
2000 0.2103005165442363 0.06142684870740004 -0.003651406317631908 -0.01779980110382392 7.08382059383905e-05 -0.0001487222053585049
2010 0.2103007240613651 0.06139427042235211 -0.003469486072663692 -0.01779098605194249 0.0001109406080008323 -0.0002057654871615676
2020 0.210284962045227 0.06135551889361004 -0.003256987269101664 -0.01777155360805063 0.0001546723784908963 -0.0002806603062718599
2030 0.2102639909190234 0.06134352378122825 -0.003128863015406198 -0.01775679725253728 0.0001830760282132362 -0.0003329014612332905
2040 0.2102466091316511 0.06135016784824997 -0.00308015578883595 -0.01775055884709989 0.0001980257759553287 -0.0003596213724889013
2050 0.2102375625025723 0.06135395618676713 -0.003047166654964901 -0.01774819709017652 0.0002094273751214733 -0.0003783045323641607
2060 0.2102355753117543 0.06135541864421253 -0.00298508210924783 -0.01774740029971174 0.0002226771486876388 -0.0004005107348540231
2070 0.2102351990621797 0.06135447233174263 -0.002894531939053203 -0.01774587309794152 0.0002380749909367281 -0.0004268557288037238
2080 0.2102355528397575 0.06135073975380274 -0.002789522438517437 -0.01774482261947715 0.0002561265105616019 -0.000456784576769194
2090 0.2102357512104746 0.06134448889939828 -0.002683173481005096 -0.01774419012885216 0.0002774994510396636 -0.0004908785269143783
2100 0.2102336619414799 0.06134089807993348 -0.002580352931166693 -0.01774373096461824 0.0003013737232723371 -0.0005294426998787755
2110 0.2102353179519166 0.06134406735952718 -0.00247548689048926 -0.01774369132220331 0.0003257499455500522 -0.0005705971003001044
2120 0.2102365438267952 0.06135488909904354 -0.00237830883342203 -0.01774556766162219 0.0003454927634391093 -0.0006082973263104127
2130 0.2102370171076294 0.06136670137047191 -0.002350772619192608 -0.01774856140063022 0.000349018251497473 -0.000620767573471752
2140 0.2102359439128948 0.06136889436972822 -0.002395082565868453 -0.01775010623721686 0.000338290421227283 -0.0006056632592935646
2150 0.2102368264198259 0.06136099266695699 -0.002478245058068106 -0.01774897164869588 0.0003189593369615354 -0.0005743010376861304
2160 0.2102379328947689 0.06135169250179273 -0.002572403711959427 -0.0177476454285059 0.0002980600716855495 -0.0005392260409931657
2170 0.2102393644555052 0.06134799417173255 -0.002661628826844998 -0.0177472100320673 0.0002781663039057851 -0.0005069686298578465
2180 0.2102377977603502 0.06134905003281811 -0.002759483464577152 -0.01774737710776534 0.0002559494033791598 -0.0004728062532992573
2190 0.2102386386699632 0.06135185542299785 -0.002886761955358574 -0.01774750910349958 0.0002270706781198232 -0.0004277924645615652
2200 0.2102417869564726 0.06135526513718113 -0.003042321433749263 -0.01774954506865275 0.0001931857182776307 -0.0003721620091419308
2210 0.2102457538217567 0.06136246319942656 -0.003217533906888119 -0.01775472272699836 0.0001567271057022615 -0.0003120771196755143
2220 0.2102538077072623 0.06137737740811904 -0.003400332215404826 -0.01776484667913175 0.0001194461907043678 -0.0002511402250006594
2230 0.2102697521911085 0.0614057821750371 -0.0035737757019146 -0.01777974925065635 8.333249783562816e-05 -0.0001901763608025273
2240 0.2102898760692463 0.06143435070067596 -0.003670430504750264 -0.01779600416941134 6.374328765129124e-05 -0.0001479936910518678
2250 0.2103032497478187 0.06142438418578634 -0.003591237148984361 -0.01779900534856733 8.123051000193952e-05 -0.0001627328730630404
2260 0.2102964499061512 0.06137936665823978 -0.003388399015624331 -0.01778465533397138 0.0001247485624244431 -0.0002282497044304167
2270 0.2102760056422499 0.06134330512743174 -0.0032203602230024 -0.01776580921851926 0.0001636544620855317 -0.0002967207479738545
2280 0.2102573727658377 0.06134050791464582 -0.003132632037749613 -0.0177541413664859 0.0001873481858655419 -0.0003406934096604067
2290 0.2102457407484936 0.06135380304848716 -0.003080849918453265 -0.01775008911707313 0.0002017502668667551 -0.0003660353444196441
2300 0.2102394592266151 0.06136154470077517 -0.003020488176705814 -0.01774858414956339 0.0002138277972380353 -0.0003864335453438039
2310 0.210235856549159 0.06135831231974478 -0.002942486458867947 -0.01774730152916578 0.0002274287262841026 -0.0004090319514967219
2320 0.2102346676907811 0.0613501791818567 -0.002858763510630693 -0.01774518324879288 0.000242585197767962 -0.0004339417208103572
2330 0.2102346681639338 0.0613429382979256 -0.002775165563987551 -0.01774400195283978 0.0002603667508392823 -0.0004631299673615974
2340 0.2102365186113837 0.06134167316349941 -0.002672793709665484 -0.01774407422543935 0.0002833095764936943 -0.0005000745642051448
2350 0.2102353221851596 0.06134630987517567 -0.002551526209658667 -0.01774455910433623 0.0003093342695404955 -0.0005430004474801871
2360 0.2102353840639876 0.06135235234232601 -0.002425877591224654 -0.01774460528821308 0.0003339562753866772 -0.0005857306205152228
2370 0.2102358617943788 0.06135817033841128 -0.00234335937408281 -0.01774603353771981 0.0003487472803818591 -0.0006160085773467328
2380 0.2102354965566664 0.06136248331593008 -0.002361087842149252 -0.01774812648016385 0.0003456707575943933 -0.0006161975965009827
2390 0.2102340818896214 0.06136240605366078 -0.002437459958589366 -0.01774955800072448 0.0003318283399723928 -0.0005948496223359454
2400 0.2102371398817537 0.06135957110770983 -0.002520232155308559 -0.01774932822432745 0.0003130550760662502 -0.0005642935680392364
2410 0.2102393402185604 0.0613560833868462 -0.002591283290296596 -0.01774816459544413 0.0002937296805293761 -0.0005324310333580432
2420 0.2102406996600265 0.06135129209432962 -0.002667226920241359 -0.01774710195313385 0.0002734921643383296 -0.0005001247551425189
2430 0.2102376094084463 0.06134714056692232 -0.002781437783042318 -0.01774664432498415 0.0002481591497308372 -0.0004605233555036776
2440 0.2102371438108535 0.06134737305457544 -0.002939783884673735 -0.01774749404219045 0.0002168550820832469 -0.0004104054566052109
2450 0.2102424818130999 0.06135352147306448 -0.003111602200424897 -0.01775072588741744 0.0001822706222121091 -0.0003535084377913819
2460 0.2102500362231531 0.06136868597153125 -0.003275541720504743 -0.01775763024770872 0.0001466542512544542 -0.0002960266188890432
2470 0.2102599789490888 0.06139065977535603 -0.003438006062184134 -0.01776907737342576 0.0001098260666426626 -0.0002359532604489118
2480 0.2102748811947177 0.06141810183370803 -0.003594794618163157 -0.01778478193476625 7.579375517030004e-05 -0.0001760964119164035
2490 0.2102933997937631 0.06143309914730156 -0.003664495731819519 -0.01779832595033354 6.414152130410245e-05 -0.0001439420273916216
2500 0.2103024555744213 0.06140745306475568 -0.003555848622774108 -0.0177957176984212 9.109718337314101e-05 -0.0001752727736679601
2510 0.2102929366943934 0.06136455418304305 -0.003348366290344565 -0.017778896299724 0.0001366939857128524 -0.0002483793390416968
2520 0.2102709630462132 0.06134504215411032 -0.00318266424117383 -0.0177625432089817 0.0001734768025998908 -0.0003147440988733616
2530 0.2102535354933455 0.06135018484573709 -0.003096686265048287 -0.01775322383815748 0.0001934867071285968 -0.0003522064994368668
2540 0.2102419525663561 0.061355848071382 -0.003047573819075294 -0.0177487437074456 0.0002057819053097148 -0.0003727746692061857
2550 0.2102360481063532 0.06135504600559083 -0.003001310167604058 -0.01774698725265237 0.0002167340341931768 -0.0003907359459197921
2560 0.2102335414025917 0.06135158757859936 -0.002936587777049814 -0.01774633572376015 0.0002311229105588932 -0.0004145688173743506
2570 0.2102349551562284 0.06134923060486755 -0.00284464785220155 -0.01774537818954183 0.0002487948887020761 -0.0004440366221732815
2580 0.210236655855852 0.06134838892063636 -0.002733275018996922 -0.01774465439943995 0.0002693441920797148 -0.0004780283192170464
2590 0.2102379143754654 0.06134524226874043 -0.00261107625943515 -0.01774392732723192 0.0002932893535775645 -0.0005167059487535575
2600 0.2102351856555037 0.06134542112308212 -0.002495208686463905 -0.0177440550174231 0.000318566551497442 -0.0005580729182161645
2610 0.2102336606729834 0.06134915828702869 -0.002398663065368015 -0.01774463583310118 0.0003405440936615545 -0.0005974993684259168
2620 0.2102364302781758 0.061358973378121 -0.002353418320369033 -0.01774725880016576 0.0003499924211557385 -0.0006198532281210518
2630 0.2102375068544516 0.06136799244144988 -0.002381123016629473 -0.01774939691532615 0.0003434282362173776 -0.0006136856938470484
2640 0.2102364716800496 0.06136834915964538 -0.002445348523309077 -0.01775014892548256 0.0003275716915180923 -0.0005888006967788212
2650 0.2102374057624982 0.06135940398032264 -0.002527562549101564 -0.01774906345530949 0.0003070305824934108 -0.0005547111847846684
2660 0.210238045350911 0.06134938252310791 -0.002616558673224955 -0.01774720341692546 0.000285854985153191 -0.0005192535591752192
2670 0.2102385836890499 0.06134364414897386 -0.002721699912981726 -0.0177462179445393 0.0002631748348795716 -0.0004835656608684755
2680 0.2102381993982954 0.06134653924834389 -0.002850565202902766 -0.01774691981472669 0.0002364769751408352 -0.0004421111116842441
2690 0.2102390885598419 0.06135446457703694 -0.003000238407302423 -0.01774932819827567 0.0002050443486462412 -0.0003917379483785998
2700 0.2102449106179905 0.06136300584506121 -0.00315557620815073 -0.01775327572019081 0.0001701524210456987 -0.0003343057662705666
2710 0.2102523309226592 0.06137420335276204 -0.003321576381517575 -0.01776075178057903 0.0001330122118202609 -0.0002738052927161904
2720 0.2102632637059357 0.0613943947461485 -0.003509304398934962 -0.01777338456704528 9.438963752173666e-05 -0.000209642742736943
2730 0.2102807668591428 0.06142337508799382 -0.0036603744569118 -0.01779109362687481 6.658776205910772e-05 -0.0001563298199158364
2740 0.2102996992619224 0.06143013361923967 -0.003654101726499396 -0.01780042105645703 7.088776058999377e-05 -0.0001495392488431635
2750 0.2103027954287732 0.06139721802678442 -0.003467939713015412 -0.01779099985747788 0.0001093761691394231 -0.0002039092983004541
2760 0.2102868975067586 0.06135532119608585 -0.003256409535409554 -0.01777165329756775 0.000152761841906868 -0.0002773444112257439
2770 0.2102624138210988 0.06134199524796608 -0.003138602351221403 -0.01775755829848441 0.0001817301738209616 -0.0003301244260130753
2780 0.2102462868293617 0.06134822902321273 -0.003095828781076811 -0.01775119469948614 0.000196870340699941 -0.0003575505640071188
2790 0.2102402836621206 0.06135454214193459 -0.003055802297275346 -0.01774823904464406 0.0002082602061442095 -0.0003767420904146661
2800 0.2102377128806519 0.06135885783576353 -0.002986337706081317 -0.01774735877531402 0.0002209201031520195 -0.0003983063075299922
2810 0.210234480541467 0.0613564578637424 -0.00289785536929683 -0.01774654284658401 0.0002360111021989132 -0.0004236983361680263
2820 0.2102339717618908 0.06134931552343091 -0.002803777825660443 -0.01774523321902071 0.0002528220662156028 -0.0004512799992055043
2830 0.2102349674529792 0.06134177979659717 -0.002712970912901536 -0.01774374031293721 0.0002718500650551926 -0.0004819313563710266
2840 0.2102361764152113 0.0613384096382465 -0.002615382233532073 -0.01774312745204309 0.0002946447310118099 -0.0005187345551379063
2850 0.2102354520788009 0.06134503000187983 -0.002503259503911233 -0.01774405033748063 0.0003200255387119319 -0.0005609012374916358
2860 0.2102341971622761 0.06135565088700704 -0.002391914877735736 -0.01774564045013556 0.0003421334951186255 -0.0006015645599650229
2870 0.2102362007289991 0.06136404511900507 -0.002346242217009002 -0.01774751939505538 0.0003484397191481996 -0.0006189274298917272
2880 0.2102364495250918 0.06136532649759793 -0.002387693691672087 -0.01774857956648209 0.0003391800257280276 -0.0006067128631995312
2890 0.2102351861875082 0.06135997739971715 -0.002474385267094779 -0.01774873777044875 0.0003217917274496542 -0.000578402623450635
2900 0.2102365439201202 0.06135367622088004 -0.002562363971924543 -0.01774870612166582 0.0003032255904362561 -0.0005471942954969433
2910 0.2102390625275716 0.06135155775705122 -0.002636477589794958 -0.01774775022843262 0.0002843572852392504 -0.000516941263816716
2920 0.2102400746096691 0.06135048966865948 -0.00271812219141639 -0.01774671093735918 0.0002629563575481859 -0.0004840564983138815
2930 0.2102395983964374 0.0613498550226524 -0.002839761592763497 -0.01774664122409747 0.0002353601957548568 -0.0004407564308446233
2940 0.2102381129099197 0.06135208040836346 -0.003003574785862783 -0.01774894064163164 0.0002025437124777957 -0.0003870077344601117
2950 0.2102431065709226 0.06135785064102167 -0.003182850510313947 -0.01775311981505366 0.0001664898363404398 -0.0003276335079940322
2960 0.2102535429309594 0.06137311904154152 -0.003354086509903877 -0.01776158589873622 0.0001299293175623442 -0.0002684567034327778
2970 0.2102666206945687 0.06140034851685588 -0.003521673424027011 -0.01777509544304146 9.27984913433243e-05 -0.0002072608212543409
2980 0.2102831225057763 0.0614317753449657 -0.00364792581037511 -0.01779265170455511 6.647386647530021e-05 -0.0001562445905793957
2990 0.2102993567964922 0.06143033115626748 -0.003627813812704152 -0.01780031837914955 7.284966092025676e-05 -0.0001518344402948042
3000 0.2102993741337439 0.06138920855188279 -0.00345609681518942 -0.0177891117915002 0.0001111264929576867 -0.0002060622620796479
