"report"
"Iteration" "cd-scale etc.."
("Iteration" "cd-scale" "cl-scale" "cs-scale" "cmx-scale" "cmy-scale" "cmz-scale")
10 0.2220333629353284 -0.01850296581547051 0.004444696663674379 -0.007227899846335652 -0.009885457769578511 0.02624668000852126
20 0.2855168254280166 -0.01303288414714686 0.03570681665606448 -0.009030917434786387 -0.00809929280961191 0.03744003679737665
30 0.2768422150839103 -0.01294907662668443 0.029273301695714 -0.01166534484660621 -0.006060823854668621 0.02746357023239025
40 0.2724363231300895 -0.00940706454701282 0.03638397970533454 -0.01099620697613615 -0.006707966494378544 0.0242368131977202
50 0.2645991737076587 -0.008891547212017072 0.03061713865180235 -0.009991891480510207 -0.006581814920051853 0.02358101422110211
60 0.2588067561291282 -0.008175107553032161 0.03062719063971241 -0.009695814920819633 -0.006105389858157009 0.02341644011467334
70 0.2565863525600036 -0.005297406845810138 0.03384010197925612 -0.009750759034966911 -0.005690992865905454 0.02331306076232063
80 0.2545205785522191 -0.003394819171984232 0.03636261882841035 -0.009777408916988984 -0.005515190527051927 0.02387384427551789
90 0.2520925754304776 -0.00280751038642539 0.03761924456463778 -0.009594223009202563 -0.005553203398137855 0.02419217986538356
100 0.2498440916650859 -0.002439482362864744 0.03850997310267409 -0.009456355013567999 -0.005738911381168934 0.02394801686607072
110 0.2481190667000419 -0.002124840081995636 0.03856316231344355 -0.009409224300911616 -0.005917851143635844 0.02368788449498815
120 0.2469588861605765 -0.001674604406535447 0.03759837241164959 -0.009370447811146975 -0.005968778937592282 0.02361424354209405
130 0.2464200709493649 -0.001250857614019805 0.0364294777450119 -0.009381205341987258 -0.005949573235965803 0.02366172806890659
140 0.2463606759085972 -0.001063178069034767 0.03567604772608512 -0.009405453805456271 -0.00586748343613762 0.02375124032080338
150 0.2464672784198198 -0.0009819041385402327 0.03482296622279949 -0.009360328346715841 -0.005738619504393623 0.02374696375776674
160 0.2464796890574367 -0.000858582628782935 0.03376062575622282 -0.009303564473774209 -0.005656544852903747 0.02356605769461208
170 0.2464004171327943 -0.000846129322735405 0.03299047289103933 -0.009294805854057973 -0.005621064555823802 0.02335935764540846
180 0.2463745035331694 -0.0008382095640896149 0.0324290931582802 -0.009285984493229713 -0.005608536729326325 0.02323653168532899
190 0.2463780148494029 -0.000738684137576453 0.03201812912551707 -0.009288488482435646 -0.005609557659250888 0.02318951236049724
200 0.2463762419140789 -0.0005894665650502156 0.03183520038427203 -0.009333492562360204 -0.005605150308497848 0.02322556887902073
210 0.2462385107743488 -0.0003803785433678325 0.0318599112265141 -0.009413910224035631 -0.005618459618383069 0.02332634987353696
220 0.2460101755897784 -0.0001539871815622391 0.03222778836900558 -0.009509435928145286 -0.005663415471779397 0.02346611700377676
230 0.2459603843715724 -1.299393050854072e-05 0.03245776842660449 -0.009578732609373688 -0.005702247204534733 0.02356304541248911
240 0.2460638126056403 -3.132715760169599e-05 0.03212616428430061 -0.009627651995597744 -0.005709353094058667 0.02354437322520257
250 0.2460866164199887 -0.0001077476219453144 0.03176224205683642 -0.009683518805206272 -0.005705938733233675 0.02352000756722173
260 0.2460342133208424 -9.762059503313224e-05 0.03163419547239287 -0.009722436615251963 -0.005706614214927215 0.02353537211573586
270 0.2459564619962994 -2.946659278306434e-05 0.0316257025914829 -0.009739223656952728 -0.005706303313688244 0.02354765979867744
280 0.2459082159720525 1.127459859277883e-05 0.03169898745709519 -0.009746127743060768 -0.005706038406873505 0.02355800034951689
290 0.2458642425900601 1.654156483217033e-05 0.03179288302590576 -0.009760193559015603 -0.005713746253646172 0.02357490100387796
300 0.2458146578231379 -1.284100091844259e-05 0.03184956408071998 -0.009778080480138776 -0.005716739330268014 0.0235918259233543
310 0.2457873323448624 -3.786919579968125e-05 0.03180663411666584 -0.009790836920795933 -0.005715537453268979 0.02359488723715126
320 0.2457850582713789 -5.055744429797324e-05 0.03167474720478412 -0.009801416187805294 -0.005714109753587207 0.02358824053639059
330 0.2458045098669093 -7.36133903652352e-05 0.03152648212849073 -0.00981140253234894 -0.005714708975415972 0.02358842595736461
340 0.2458155671659459 -0.0001050542442365544 0.03138431650312512 -0.009821202584963889 -0.00572219493031433 0.02359702530925729
350 0.2458142678780471 -0.000139245308968907 0.03127337490012952 -0.009827086419071412 -0.005727086126879392 0.02360565295597473
360 0.245825615803663 -0.0001470464180588749 0.03122548074102082 -0.00982269457985784 -0.005727204047067024 0.02361079038582176
370 0.2458134667860574 -0.0001451809810941862 0.03120681278614676 -0.009818739693486627 -0.005728065609503443 0.02361777938157359
380 0.2457985149995079 -0.000176052434472899 0.03122964097894789 -0.009818701161176504 -0.005730344694146119 0.02363577468888165
390 0.2457920484050991 -0.0002265698577916245 0.03124280442390772 -0.009822580452167259 -0.005736214767053147 0.02365286506264788
400 0.24576889021896 -0.0002687384478893142 0.03122751869064487 -0.009828960267389933 -0.005739297595528588 0.02366392196692973
410 0.2457563088552114 -0.0002895187371029856 0.0311844957101341 -0.009830868299510426 -0.005738019007768726 0.02366753464570453
420 0.2457541685891076 -0.0002960563883664395 0.03109869748183593 -0.009831849022658655 -0.005739639506121432 0.0236607452272936
430 0.2457780311876508 -0.0003263889041521124 0.03103175583823756 -0.00983256321611092 -0.005740854742557444 0.02366058068806393
440 0.245799594718297 -0.0003608424920714035 0.03098968778461167 -0.009831520224464423 -0.005740187980005041 0.02366108230220478
450 0.2457825709896888 -0.0003687222315257705 0.03099357916439396 -0.009827090358650672 -0.005736794715993761 0.02365995378522617
460 0.2457539963840927 -0.0003576222126156009 0.03105233796922097 -0.009819397154979219 -0.005731550667154488 0.02366014592253192
470 0.2457417173900297 -0.0003504648506112909 0.03109003357583477 -0.009813015652195355 -0.005729853395314294 0.02366038504282547
480 0.2457304972050071 -0.0003890060718138749 0.03111433188785233 -0.009816124627790765 -0.00573110464548122 0.02367125430745975
490 0.2457100161163273 -0.0004400766961075572 0.0311192173237011 -0.009821296455281887 -0.005733462087434605 0.0236888304424284
500 0.2456807423512185 -0.0004758947494861535 0.03106588440496137 -0.009822068951942712 -0.005734462022157515 0.02369904761027065
510 0.2456595866621552 -0.0005160280723504942 0.03098808732367106 -0.009816091442057319 -0.005732266739707362 0.02370977449978226
520 0.2456666453971014 -0.0006017797136567535 0.03090426970276601 -0.009806243487773305 -0.005733590313998521 0.02372647985657695
530 0.2456741843645159 -0.0007653383428168275 0.03083669736455174 -0.009801254216063246 -0.005738751334479474 0.02375880324221992
540 0.2457105731754269 -0.001025263308299231 0.03081459692276064 -0.009793635402309299 -0.005742264327821077 0.02380129585200277
550 0.2457305146659851 -0.001354580031075826 0.03088509937097604 -0.00977548274219478 -0.005745124329924478 0.02379691212762969
560 0.2456342173256568 -0.001667325424899336 0.0310898900946021 -0.009704249204445863 -0.005744912021628593 0.02373264051215196
570 0.2454031573941947 -0.001825209891530547 0.03126398481024713 -0.009594236987636402 -0.005745287084667408 0.02368930048506082
580 0.2452070211264452 -0.001823890314008714 0.03132003443457267 -0.009525312612418107 -0.005745135490210139 0.0236930451789821
590 0.2450804346925733 -0.001728048758547303 0.03131555499064079 -0.009489701849370679 -0.00574000137643769 0.0237019369454684
600 0.2450001164665118 -0.001556382846542166 0.03127860641520822 -0.009473273275390817 -0.005735188218884288 0.02369405653816599
610 0.2449900178248742 -0.001401986899864748 0.03124628874944974 -0.009478447381928027 -0.005733165644355527 0.02369111793030026
620 0.2450245962792405 -0.001307140038802101 0.03124416331234518 -0.009492527780873481 -0.005734475549782857 0.02369410332802186
630 0.2450544426370182 -0.00126185886113209 0.03126388988425395 -0.009508930230894132 -0.005737718828869155 0.02369521458670117
640 0.2450638526759702 -0.00123450755622242 0.03129894970595717 -0.009517971683017698 -0.00573635003698778 0.02369920956344719
650 0.2450580247028594 -0.001190584928707696 0.03131309604038364 -0.00951671563183234 -0.005732847205655153 0.02369994007807155
660 0.245051119729593 -0.001157687296139718 0.03132850076381257 -0.00951631210486434 -0.005731865219386066 0.02370819837506175
670 0.2450507808279689 -0.001151969595397669 0.03132840656989076 -0.0095206961776682 -0.005734769514815522 0.02372306760553947
680 0.2450596312280053 -0.001157680249020493 0.03128209427513882 -0.00952676695509843 -0.005738470251567063 0.02373184173122701
690 0.2450657112912043 -0.001152404465964399 0.03123485143937646 -0.009529669391454455 -0.005738507110158041 0.02373405879965938
700 0.2450731785565407 -0.001123256827157589 0.0311984173169877 -0.009523900151949377 -0.005737542589628015 0.02373397215191959
710 0.2450853816824077 -0.001102823382900232 0.0311744702595694 -0.009516691463402463 -0.0057378867589085 0.02373447275903139
720 0.245105860294659 -0.001109772388677635 0.03118638435238914 -0.009514424098034572 -0.005738882567329732 0.02374263434545975
730 0.2451141695552345 -0.001117615025923945 0.03121963595618919 -0.009515762891935816 -0.00573881752327584 0.02375295313114206
740 0.2451028960723599 -0.001103017126995798 0.03125829512150231 -0.009515515146862883 -0.005735464185618943 0.02375597374320132
750 0.2450911134320642 -0.001076477529872269 0.03129338316154811 -0.009514590347790394 -0.005732802851511673 0.0237538617474724
760 0.2450878397794145 -0.001069760182586671 0.0312998464919791 -0.009519540504968628 -0.005734541854397694 0.02375226695654406
770 0.2450914154615668 -0.001087856545770971 0.03128890843363381 -0.009529229775805297 -0.005739515980247252 0.02375762534056531
780 0.2450993844491777 -0.001100418552740728 0.03124832635245856 -0.009534973124646315 -0.005742845061700862 0.02375930829104038
790 0.2451084090558176 -0.001091572600237874 0.03119743304333003 -0.009532235386796447 -0.005741029445634664 0.02375209918160973
800 0.2451239313254082 -0.001077527184217064 0.03116556883927871 -0.009524678574366553 -0.005737099910850202 0.02374341297227628
810 0.2451319024116582 -0.00107764323385191 0.03118730775939444 -0.009520160682781291 -0.005737891811428151 0.02374716231368139
820 0.2451323587669093 -0.001095095434760364 0.03123701677124146 -0.009520400876158661 -0.005738907732815396 0.0237581341019676
830 0.2451305110009378 -0.001101670790197434 0.03127967952022936 -0.009520853615669914 -0.005736878869869201 0.02376275920956853
840 0.2451139273043269 -0.001084897080709903 0.03131113222131432 -0.009521866626523148 -0.00573455149108575 0.02376004559949024
850 0.2450993778698956 -0.001065758358056376 0.03133395629975688 -0.009524017238476089 -0.005735451069047383 0.02375885724228238
860 0.2451040664228794 -0.001069080236598883 0.03130441728043724 -0.00952980082837049 -0.005739549129895329 0.02375652226770389
870 0.245120639015235 -0.001090350236863641 0.03124578701038313 -0.009535807303080349 -0.005743184027600188 0.02375724584145624
880 0.2451316086968637 -0.001095509677926964 0.03120437873254955 -0.009535443844034314 -0.005743971939902785 0.02375822171781927
890 0.2451376904174283 -0.001078061317818161 0.03119504687892895 -0.009527949838740167 -0.005742213769843216 0.02375528972921833
900 0.2451455890732838 -0.001067297773404628 0.03122166211058783 -0.009519938511442332 -0.005739542309860905 0.02375497754825679
910 0.2451519426433995 -0.001077448326034252 0.03125948888786396 -0.009516158792432242 -0.005738229354366101 0.02375801472607933
920 0.2451404568191178 -0.001090568067663384 0.03130821952488821 -0.009519456016317856 -0.005738625817357722 0.02376466834533678
930 0.2451222819804896 -0.001086435393560037 0.03135443853285436 -0.009523984445733007 -0.005738404532093847 0.02376893641573805
940 0.2451086273261989 -0.001068725614516626 0.0313587200085292 -0.009526462089899356 -0.005738479621054516 0.02376434265731821
950 0.2451073465237921 -0.001062469408527625 0.03131464213892797 -0.00952937495675449 -0.005739966118394651 0.0237563958856005
960 0.2451181072144029 -0.001075358533719164 0.03126461108922442 -0.00953369581066112 -0.005744789383580648 0.02375759091039749
970 0.2451376075891196 -0.001091906812422118 0.03121572579237613 -0.009534408011147796 -0.005746564727760316 0.02375901845738683
980 0.2451512300195583 -0.001090537061083827 0.0311978032092076 -0.009528177811453976 -0.005743918951144376 0.02375635721748951
990 0.2451515391102008 -0.001074690641709395 0.03122047268181995 -0.00951915840956351 -0.005740130758685214 0.02375284075673574
1000 0.2451443853961963 -0.001068479751990408 0.03128144973400279 -0.009514479181401036 -0.005738504005800526 0.02375719136840879
1010 0.2451388673352479 -0.001078144151367697 0.0313366484096776 -0.009517040789575692 -0.005739486890244829 0.02376444944690093
1020 0.2451292574111083 -0.001086149022710856 0.03136637803618943 -0.009522996263265335 -0.005740901367500107 0.02376880215627366
1030 0.2451135197596191 -0.001080327231988459 0.03135385432175963 -0.009527878894111065 -0.005740473618034526 0.0237631864426687
1040 0.245106506659218 -0.001067447684352858 0.03131149719698541 -0.009530484872323877 -0.005741418943840804 0.0237554311603729
1050 0.2451153829326641 -0.001068021109769159 0.0312559575620516 -0.009531952845186232 -0.005744714115471704 0.02375247626199927
1060 0.2451396092362089 -0.001087031453591897 0.03120865530226232 -0.009530781989380545 -0.005746713364550866 0.02375437796028027
1070 0.2451534394261604 -0.001099633930152331 0.03119393282670106 -0.00952776315688964 -0.005746176644611311 0.02375765832699106
1080 0.2451515205272617 -0.001092399573822343 0.03122567603665234 -0.00952054111120822 -0.005742534302436059 0.02375980260935748
1090 0.2451430067699003 -0.001079573943860965 0.03127099892188819 -0.009513273765234458 -0.005738081414717757 0.02375777716954326
1100 0.2451355332951326 -0.001080964006884631 0.03131260498637939 -0.009513422230061181 -0.005736643017355183 0.02375805681202603
1110 0.2451227239581218 -0.001093796957989349 0.03134870599194239 -0.009522018107876753 -0.005739679988632312 0.02376608039500659
1120 0.2451155615531751 -0.001102092095615802 0.0313448027909532 -0.009529870178681652 -0.005742680555617123 0.02376950189323418
1130 0.2451085363868735 -0.001092815695043018 0.03129419937992245 -0.009532700536050967 -0.005743073783932222 0.02376259499485616
1140 0.2451199419715351 -0.001088151403868726 0.03122066541418873 -0.009530664834031128 -0.005742094493366284 0.02375262466649264
1150 0.245137728077724 -0.001096978651447241 0.03117492104328438 -0.009528608612710194 -0.00574326927388266 0.02375193053243704
1160 0.2451533494119879 -0.001110027104218839 0.03117619509082157 -0.009526221551743298 -0.00574428042251192 0.02375796624429237
1170 0.2451557393633088 -0.001112391634775048 0.03121399726481176 -0.009520969063824715 -0.005741493390630304 0.02376277994139321
1180 0.2451431982223395 -0.001098508771426748 0.03125526903460159 -0.009514933358078509 -0.005735933868373597 0.0237596216957285
1190 0.2451233468308089 -0.001081215384344939 0.03131720172563175 -0.009513879681166586 -0.005734779834980682 0.02376182556192673
1200 0.2451117413318046 -0.001081120072504896 0.03134950220196888 -0.009520253484976846 -0.00573766837328457 0.02376542566619085
1210 0.2451096377006656 -0.001094410500527199 0.03133154774321498 -0.009529545338647059 -0.005740488558852409 0.02376581834962337
1220 0.2451075670184306 -0.001094474861120577 0.03128041647238174 -0.009534577843709736 -0.005742241030122836 0.02376226353797436
1230 0.2451124454662211 -0.001077931986106273 0.03123619675889824 -0.009532137261811065 -0.005743185787091193 0.02375955504736775
1240 0.2451332338574662 -0.001071125255934338 0.03120091823350702 -0.009526200847111215 -0.005742556140575459 0.02375663751763198
1250 0.2451566398635843 -0.001082330129492099 0.03120144837988957 -0.00952113184071364 -0.005742637831098721 0.02376079228431742
1260 0.2451591215940568 -0.001095344650557471 0.03124286669680406 -0.009518005406906253 -0.005741624540440987 0.02376796767059594
1270 0.2451433043789298 -0.001088661397765289 0.03130771087528156 -0.009514488804811426 -0.005738398621042376 0.02377179711004531
1280 0.245121388750417 -0.001068895792065946 0.03136231014113726 -0.009513893604857703 -0.005736028320461741 0.02377124807278073
1290 0.245108117885279 -0.001061311171188148 0.03138689478382668 -0.009517506122897824 -0.005737522551753056 0.02377131591824863
1300 0.2451033281950167 -0.001073299291683538 0.03137374194650425 -0.009526498367020826 -0.005742869993657769 0.02377371003465069
1310 0.2451103890159835 -0.001086436559445588 0.03132659141501241 -0.009533124662137038 -0.005746649883974503 0.02377464059735164
1320 0.245124555656563 -0.001085036043605395 0.03125550749576227 -0.009531222350273616 -0.005745403199296328 0.02376691255016016
1330 0.2451401715861541 -0.001072514630438305 0.03120804186024217 -0.009523572623378492 -0.005742852390026049 0.02375841742229725
1340 0.2451526263155579 -0.001070471456833937 0.03123125997450075 -0.0095177500065375 -0.005743232568358756 0.02376352281613427
1350 0.24516042284092 -0.001084075381188593 0.03128208434448718 -0.00951545563013384 -0.005743234545935331 0.02377236979662094
1360 0.2451520418423663 -0.00109145081863439 0.03133972952986656 -0.009514769250532018 -0.005741498414965234 0.02377815421990153
1370 0.2451330547560499 -0.001079096094073346 0.03138234761518388 -0.009514875058560985 -0.005738611382131216 0.02377594332851665
1380 0.2451159375136002 -0.001063605043280373 0.03140305567110781 -0.009518523214896112 -0.005738775229334752 0.02377255208532494
1390 0.2451127612824695 -0.001067290039535766 0.03138140273176585 -0.009525780218747105 -0.005742917135951963 0.0237712648635263
1400 0.2451244437992077 -0.001082319475562339 0.03132838644211088 -0.009531823149942635 -0.005747671375149998 0.0237724940173845
1410 0.2451391138241907 -0.001091202075732937 0.03126262628101624 -0.009532371971239987 -0.005748279300201998 0.02376931222385824
1420 0.2451506904483295 -0.001079234734554614 0.03123799832347347 -0.009525777371360082 -0.005746366367811739 0.02376731418688703
1430 0.2451618147223585 -0.001066869121173621 0.03124766661702219 -0.009516504433085778 -0.005743669390408731 0.02376453099274958
1440 0.2451657669170939 -0.00107367363189758 0.0312875017544554 -0.009511973849399717 -0.005742019932327241 0.02376641807562267
1450 0.2451556901184979 -0.00108649738929903 0.03135256314196234 -0.009514088678185132 -0.005741943626657836 0.02377563757439126
1460 0.2451364835795894 -0.001082609996910026 0.03140705311768 -0.009517342746031141 -0.005741792627915909 0.02378089674640615
1470 0.2451173499960218 -0.00106726642957973 0.03142028698876596 -0.009520562550002666 -0.005741657764692897 0.02377685861707069
1480 0.2451149833916926 -0.001062047549603922 0.03138325235210145 -0.009524125395159512 -0.005743033787390326 0.02376879674140003
1490 0.2451259925922494 -0.001074309893972684 0.03132107700297744 -0.009529558295737961 -0.005746879377057762 0.02376583203514105
1500 0.2451428774558094 -0.001089500437791629 0.03126737359764428 -0.009531496220323352 -0.005749776152938675 0.02376768326562963
1510 0.245157410230365 -0.001086581735820257 0.03124492896687387 -0.009525954681082981 -0.005748773045118756 0.02376808923622197
1520 0.2451658022693751 -0.00107331579913141 0.03125094635308361 -0.009516756805369517 -0.005744335203621764 0.0237637697901055
1530 0.2451592298188262 -0.00106517230971912 0.03130672550104543 -0.009510883950398358 -0.005742730152089319 0.02376750999640348
1540 0.2451500872293358 -0.001071521499154838 0.03136549427731708 -0.00951129012854863 -0.00574285979786425 0.02377339868425428
1550 0.2451399490050969 -0.001082472030965833 0.03140051839353793 -0.009516258188458358 -0.005742728910936413 0.02377611102052925
1560 0.2451231356400936 -0.001081332898938385 0.03140315793584307 -0.009522318687510311 -0.005742876291786722 0.02377407540727158
1570 0.2451114802661559 -0.00106833578725596 0.03138057114098235 -0.009525473269156124 -0.005745115753470039 0.02377114620708145
1580 0.2451188189381114 -0.001068339788080053 0.03131720734336402 -0.009527880944165226 -0.005747657518015146 0.02376634296882229
1590 0.2451438130419259 -0.001088766469437795 0.03124976017773134 -0.009528256556424263 -0.005749148007404632 0.0237655960322186
1600 0.2451625483714404 -0.001103898355246464 0.03121893382983397 -0.009524816042309793 -0.005748252556946862 0.02376632633315394
1610 0.2451637630322814 -0.001095310247848307 0.03124390979626512 -0.009517723762312729 -0.005745309356664531 0.02376768270671702
1620 0.2451565326931734 -0.001083534204462887 0.03129436036885553 -0.0095113496470303 -0.005741731892925764 0.02376927705283927
1630 0.2451487917482732 -0.001085198896875679 0.03134059423101095 -0.009509647507497498 -0.005739552923021997 0.02377108401885556
1640 0.2451337362790228 -0.001094822998703179 0.03138320437834989 -0.009515983701961158 -0.005741819811878722 0.02377776866377332
1650 0.2451212996864121 -0.001102636231664709 0.03139176149988761 -0.009524074861135915 -0.005743883053441126 0.02378074135429149
1660 0.2451161938415859 -0.001095724665386031 0.03134289317034312 -0.009527834079943443 -0.005743633244156877 0.02377192358272802
1670 0.2451215972202324 -0.001085770421142755 0.03127163364988883 -0.009527467663145352 -0.00574377910678806 0.02376216332602059
1680 0.2451357533933177 -0.00108769241001771 0.03123210476245427 -0.009526095988323716 -0.005746417259875459 0.02376373488223859
1690 0.2451580787589429 -0.001100223642007616 0.03121938903993295 -0.009523305854118428 -0.005747076050932044 0.02376830168696163
1700 0.2451653989368656 -0.001103476457982373 0.03124112293090837 -0.009517816450401404 -0.005744379769028372 0.02377140955461818
1710 0.2451544336983219 -0.001089646348201558 0.03128225616451988 -0.009510992929547508 -0.005739001244299872 0.02376850074672708
1720 0.2451351419259186 -0.001073453183927559 0.03134301744040534 -0.009509050889241344 -0.005736576953037916 0.02376906783747637
1730 0.2451220021836514 -0.001074327116224847 0.03138625228540397 -0.009514995167015558 -0.005738597544096521 0.02377399556334542
1740 0.2451168019809013 -0.001086650083264464 0.03138709333805592 -0.009523355762741886 -0.005742221911590854 0.02377743184243997
1750 0.2451128102137712 -0.001089542580116553 0.03134179765933769 -0.009529465011283572 -0.005744220381492162 0.02377363641253643
1760 0.2451167201140693 -0.001077437715273317 0.03128233945968513 -0.009529006231754501 -0.005744372205093984 0.02376745083557141
1770 0.245133734270342 -0.001071112202406016 0.03122486030511372 -0.009524122367046136 -0.005743674523075636 0.02376050238951265
1780 0.2451549250130981 -0.001079949069212252 0.03120865430975236 -0.009519531271477429 -0.005743698276172523 0.02376136604962181
1790 0.2451602112716403 -0.001091461381898405 0.03124892984237116 -0.009516688249376905 -0.005743400763301616 0.02377021602293845
1800 0.24514836109427 -0.001087526270874615 0.0313079676492523 -0.009513449419541169 -0.005740264357493894 0.02377452245886392
1810 0.2451282395538196 -0.001070517886339557 0.03136537235899928 -0.009510786511140311 -0.005737367882304786 0.02377392345059733
1820 0.2451165699723466 -0.001063231292389494 0.03139046199010612 -0.009513830820734374 -0.005737139307612688 0.02377082471215497
1830 0.2451119640234576 -0.001076547836631244 0.03138441714622901 -0.0095234166100246 -0.005741257659795907 0.02377243083417887
1840 0.2451139709953177 -0.001088661554415499 0.03134539373930693 -0.009531650523610342 -0.005745856934598443 0.02377458112141246
1850 0.2451240948250114 -0.001085066957330827 0.03128286342963379 -0.009531445908911628 -0.005746627871080792 0.02377026753834608
1860 0.2451403614126827 -0.001073171491571376 0.03122746462565874 -0.009525524528793258 -0.005744473781523947 0.02376216194495174
1870 0.2451571435963496 -0.001070676511847133 0.03122975025975103 -0.009519284226708355 -0.005744308420991816 0.02376421913249859
1880 0.2451668271841662 -0.001081881988747928 0.03126734879804937 -0.009515433958820487 -0.005744041625847762 0.02377000034843643
1890 0.2451609449815307 -0.001089954233443214 0.03132113412735888 -0.00951397310857717 -0.005741692889188028 0.02377487487112964
1900 0.2451406248894128 -0.001079559446432034 0.0313750581182675 -0.009514131194194666 -0.0057389521818713 0.02377590753833807
1910 0.2451204464376272 -0.001062341964195019 0.031414428191928 -0.009516647697520119 -0.005739330904593314 0.02377579305621404
1920 0.2451141245795166 -0.001063135665144117 0.03140713198895728 -0.009523336321530004 -0.005743217915670892 0.02377495316214241
1930 0.245126054298236 -0.001081141460558594 0.03134778731031302 -0.009530147504706229 -0.005746689853796416 0.02377226651949701
1940 0.2451380633871845 -0.001092085777396671 0.031274064943318 -0.009532673103327548 -0.005747700598247538 0.02376783887434866
1950 0.2451466343122676 -0.001080323644164576 0.03124089015298143 -0.009527455511835016 -0.005746909400536303 0.02376560138588036
1960 0.2451583960744234 -0.001066982405596591 0.031246883571977 -0.009518693595484327 -0.00574496088846597 0.02376481003995276
1970 0.245167588781027 -0.001072820624581984 0.03127773837665462 -0.009513126730272872 -0.005742953241351938 0.02376649310812678
1980 0.2451589404510449 -0.001084726387690025 0.0313400062147948 -0.009513335572651365 -0.005743056492016204 0.02377508289470932
1990 0.2451416574569529 -0.001082904130704556 0.0313950299990072 -0.009515294349634952 -0.005741935549101967 0.02377856569622094
2000 0.2451246894279883 -0.001070386131766308 0.03141339197682486 -0.009518398894910197 -0.005740508302133124 0.0237739930853469
2010 0.2451165204133774 -0.001062344658657125 0.03139264108978883 -0.009523073972395447 -0.005742453143876072 0.02376904413249703
2020 0.2451217448064567 -0.001069233826255752 0.03134965703938014 -0.009528678628314396 -0.005747556414444153 0.02376930952948853
2030 0.2451366143489532 -0.001082658493499302 0.03129011892960282 -0.009531721037848516 -0.005750719717261027 0.02376995866191239
2040 0.2451539195094612 -0.001085105575644422 0.03124262924629939 -0.009527257409197892 -0.005749015339104311 0.02376672657968753
2050 0.2451631343966313 -0.001074971182279409 0.03123419578246536 -0.009517913775357521 -0.00574501598444258 0.0237608558507751
2060 0.2451598625406306 -0.001068771925618837 0.03128576461407335 -0.0095117069787705 -0.005743184421200354 0.02376417384558184
2070 0.2451539431413207 -0.001078524169348641 0.03134856079134792 -0.009511393985701047 -0.005743071554696138 0.02377267599114658
2080 0.2451428220437304 -0.001088783009490479 0.03138849422849741 -0.009515018611931802 -0.005742748372851992 0.02377767199911695
2090 0.2451236755653175 -0.001086604205561262 0.03140178225743943 -0.009520422009830148 -0.005742914616105446 0.02377738222828653
2100 0.2451124843524982 -0.001076185731095663 0.03138201799801849 -0.009524397814590722 -0.005743769410076747 0.02377264340966645
2110 0.2451204913945411 -0.001077851028333871 0.03131963974504349 -0.009527046707260655 -0.005745590419848966 0.02376568940821229
2120 0.245137709925895 -0.00109117109962685 0.03125267109174701 -0.009528808424952273 -0.005748495382303504 0.02376462642198745
2130 0.2451561401182816 -0.001105123953827798 0.03122155917330804 -0.009526955775415503 -0.005749170260105116 0.02376877786860549
2140 0.245162032943592 -0.001100736350060707 0.03123204295662676 -0.009519962765265814 -0.005746034668405708 0.02376961946142525
2150 0.2451591834576652 -0.001091372252829409 0.03127247744197706 -0.009511727978835672 -0.005741638473211302 0.02376918205115326
2160 0.2451501133401612 -0.001088838441440822 0.03131641726097911 -0.009508963056823975 -0.005738732132199159 0.02376828487419977
2170 0.2451377390114831 -0.001097793224851028 0.03136630964402392 -0.009514299448876308 -0.005739707545140547 0.02377445085566412
2180 0.2451215351267302 -0.001100485955450681 0.03139067069807791 -0.00952251164477283 -0.005742201988501854 0.0237799512726033
2190 0.2451131213356497 -0.001091965327192881 0.0313626058964183 -0.009526485995061779 -0.005743237214787976 0.02377473235340664
2200 0.2451158887680326 -0.00108155098079196 0.03129760049761329 -0.009527497356676011 -0.00574374749853247 0.02376528964975024
2210 0.2451309244011088 -0.001082563243189624 0.03124187892660649 -0.009527037247139568 -0.005745518431624761 0.02376322335186644
2220 0.2451515797876332 -0.001092697555515654 0.03121084431627583 -0.0095242726451518 -0.005746375141152078 0.02376515683875032
2230 0.2451621409255167 -0.001095808415420293 0.0312240493598472 -0.009518779497047675 -0.005744248942259488 0.02376789562604721
2240 0.2451553187021069 -0.001086459287378217 0.03127176416869425 -0.009512258097314076 -0.005739655233063371 0.02376880434736572
2250 0.2451383589804365 -0.00107127101937585 0.03133776395818981 -0.009509227123275371 -0.005737187770302929 0.02377113842628443
2260 0.2451251242756908 -0.001070570414114459 0.03138754511370287 -0.009512705406337993 -0.00573836691450224 0.0237750908592734
2270 0.2451186559441555 -0.00108248638849107 0.03138980229953478 -0.00952092100892735 -0.005740573064200487 0.02377572002386589
2280 0.2451122180028802 -0.001088733429519729 0.03134970613036969 -0.00952879292143422 -0.005742490404795862 0.02377203428461239
2290 0.2451110288673745 -0.001077763934835492 0.03129955884204177 -0.009529950669344136 -0.005744204974658814 0.02376828952587649
2300 0.2451248959352864 -0.001068470982352251 0.03124408321714205 -0.009526168689877176 -0.005744533102376737 0.02376318063030778
2310 0.2451486544743566 -0.001077870929515821 0.03121375871319408 -0.009521700575586156 -0.005744499686145758 0.02376242193540391
2320 0.245160169548627 -0.001090643531207925 0.03123803789392045 -0.009518093461170763 -0.005744193426815105 0.02376907926112332
2330 0.2451536758377759 -0.001090213999936361 0.03129103229033545 -0.009513516805814238 -0.005741144020301743 0.02377237139646744
2340 0.2451369704491044 -0.001074946186284402 0.03134900035543899 -0.00951078909291277 -0.005737531966477027 0.02377202529729107
2350 0.2451238401259936 -0.001065302789588651 0.03138849030647424 -0.009513205995320892 -0.005737159155503911 0.02377200283638405
2360 0.2451137869305042 -0.001070640810997413 0.03140317786584467 -0.009521964522073415 -0.00574177737595718 0.02377617104481662
2370 0.2451157941012639 -0.001082996706513482 0.03137208705589282 -0.00953030465257421 -0.005746217025569997 0.02377775792084116
2380 0.2451274880301435 -0.001085225658075311 0.03129881567805646 -0.009531966776005268 -0.005746199818563461 0.02377001183428722
2390 0.2451404611014988 -0.001074937126153393 0.03123203967428465 -0.009527422998201716 -0.005744388465276975 0.02376074274675138
2400 0.2451529035265048 -0.001068285108630213 0.03123008936769026 -0.009521585092943341 -0.005745184334766402 0.02376327447068262
2410 0.2451677263059727 -0.001079853972970122 0.03126459136989624 -0.009516863421483699 -0.005745130808009953 0.02377033520758513
2420 0.2451659043850999 -0.001090824831585283 0.0313123989283788 -0.009514511173382595 -0.005742958692376772 0.02377536953041846
2430 0.2451461925032458 -0.001082168271339598 0.0313676726842521 -0.009513404219832777 -0.005740179734961571 0.02377645390504181
2440 0.2451265620846199 -0.001065467099620812 0.03140998143410312 -0.009514756492658285 -0.005739121636053344 0.0237748783751534
2450 0.2451179887713706 -0.001063885830977581 0.03140760090118571 -0.009521430938247886 -0.005741520991056094 0.02377278387722747
2460 0.2451219844889998 -0.001077448407948991 0.03136510742960887 -0.009529165099829628 -0.005746229112712817 0.02377283434217683
2470 0.2451299652305739 -0.001085996201263841 0.03130323018794864 -0.00953291011923474 -0.00574882977366644 0.0237711032445038
2480 0.2451419484114227 -0.001079804371673547 0.03125669717700882 -0.009529022292354292 -0.005747911599221772 0.02376765884562708
2490 0.2451578752156631 -0.001069364247233791 0.03123912704448717 -0.009520245487682667 -0.005745285348861311 0.02376284370898114
2500 0.2451684156193358 -0.001072625368892066 0.03125831093784365 -0.009513754092874501 -0.005743348865783042 0.02376200992270338
2510 0.2451619605137578 -0.001083442413342122 0.03132381004860987 -0.00951332824866742 -0.005743569064309237 0.02377185767545471
2520 0.2451485062431716 -0.001085012701279994 0.03138671515978635 -0.009514775989207209 -0.005742664470097248 0.02377889099074924
2530 0.2451289891704439 -0.001071415688963793 0.0314163560644597 -0.00951682362205678 -0.005741508604435668 0.02377651943146236
2540 0.2451149679082935 -0.001059294775142603 0.03140424819978294 -0.00952122205872102 -0.005742538894258221 0.02377046612004128
2550 0.2451182370006713 -0.001067068801023285 0.0313608607284224 -0.009527161454246202 -0.005746468230524849 0.02376818684888449
2560 0.2451332726163434 -0.001085026768124681 0.03129625627352914 -0.009531187816239347 -0.005749640507174377 0.02376744181343444
2570 0.245147827536062 -0.001089824993349017 0.031246812288522 -0.009528583036762309 -0.005749717684115592 0.02376669730215778
2580 0.2451573531316372 -0.001080247834327432 0.0312319337114414 -0.009520683880481854 -0.005746488964448786 0.02376354098793497
2590 0.2451599624052277 -0.001074834682051835 0.03126805804782412 -0.009513279528944513 -0.005744029622565258 0.02376625741424061
2600 0.2451561769489476 -0.001083088394568084 0.03132068607402475 -0.009510688731348409 -0.005742890659696396 0.02377158796045615
2610 0.2451493273109212 -0.001096043920892322 0.03136289672152068 -0.009513084674979199 -0.005741701423260098 0.02377469247085898
2620 0.2451285913936396 -0.001092979928013204 0.03138892333908094 -0.009519035171597896 -0.005741486885838093 0.02377586349156525
2630 0.2451158996244604 -0.001084050383490258 0.03138757120126651 -0.009523547889690001 -0.005743130672887627 0.02377565528952627
2640 0.2451148299169494 -0.0010798053389067 0.03133633453157004 -0.009526859121848403 -0.005745377273875635 0.02376951887820098
2650 0.2451329335225414 -0.001095368684631104 0.03126412600533354 -0.009528996812063692 -0.00574738321333197 0.02376598740590346
2660 0.2451505440565878 -0.001110195820135078 0.03121722859726545 -0.00952824504123497 -0.00574791946199204 0.02376737289811273
2670 0.2451605161788465 -0.00110601761627805 0.0312140139405315 -0.009521691665423958 -0.00574562778188087 0.02376758670499842
2680 0.2451579604984547 -0.001092298280239774 0.0312524321810137 -0.009513343543395612 -0.005741602264541716 0.02376738611543167
2690 0.2451511103176564 -0.001085605724220024 0.03130221302754928 -0.009508990624406908 -0.005738452249420933 0.02376803519239729
2700 0.2451375258416744 -0.001090017955570694 0.03136329287229965 -0.00951264238565914 -0.005739804223962123 0.02377566606415238
2710 0.2451233937959134 -0.001093536849858529 0.03139491680250019 -0.009519449958691974 -0.005741684721300894 0.02378007424131773
2720 0.2451135407716021 -0.001086654306983925 0.03136874337973162 -0.009524849519592055 -0.00574162561760989 0.0237735982972609
2730 0.2451116685130439 -0.001075803347180987 0.03130636926938755 -0.009527513897914688 -0.005742057289654147 0.02376391776594667
2740 0.2451219640164943 -0.001074114083356736 0.03125978974560053 -0.009527543691361169 -0.005745092846145218 0.0237639817624577
2750 0.2451454370403748 -0.001085631240365694 0.03122544007492044 -0.009525417277413812 -0.005746575531901481 0.02376633449091386
2760 0.2451630108567463 -0.001095272268338646 0.03122191917292324 -0.00952077313379348 -0.005744688155684585 0.0237687194779267
2770 0.245158204245961 -0.001088413605636106 0.03125702222020155 -0.009513694556005274 -0.005740429078319674 0.02376844178853633
2780 0.2451416615162257 -0.001073048930369556 0.0313193478159578 -0.009508927529701066 -0.005737063860455145 0.02376895367236464
2790 0.2451266485500681 -0.001069324732652147 0.03137360859820593 -0.009511427358070553 -0.005737242815634211 0.02377237198508399
2800 0.2451172399439886 -0.001078794546836549 0.03139288906542952 -0.009519406165412719 -0.005739994032601239 0.02377619587419894
2810 0.2451064478234369 -0.001084098788039997 0.03137450872658207 -0.009527657956646439 -0.005743488291484233 0.02377642247813972
2820 0.2451076619460836 -0.001076621239345065 0.03132494700379987 -0.009530019925913194 -0.005744787068766855 0.02377138353916514
2830 0.2451242488512098 -0.001071267030808045 0.03125288155036976 -0.009526988229668165 -0.005743839791464595 0.02376183664635481
2840 0.245146682539742 -0.001075414140963067 0.03121024963636811 -0.009522949546228197 -0.005744040979590385 0.02375915352387341
2850 0.245160557368489 -0.00108719778435264 0.03123591175353003 -0.009520064959421568 -0.005745458172390364 0.02376878833065537
2860 0.2451611894439369 -0.001091231052659646 0.03128654143717331 -0.009515732839343137 -0.005742898150385871 0.0237744855272878
2870 0.2451470479912328 -0.001078216645653554 0.0313416838866479 -0.009511739164101862 -0.005738969514129157 0.02377458163213905
2880 0.2451306162330798 -0.001064789498256753 0.03138357920517727 -0.009512026407588333 -0.005737539766287388 0.02377196357036392
2890 0.2451209905481865 -0.001069209221759797 0.03140600479666708 -0.009519326036577033 -0.005740515595600472 0.02377441926806989
2900 0.2451185634859418 -0.001082868690790261 0.0313815582994653 -0.009529081526143681 -0.005745078458994452 0.02377645068945216
2910 0.2451243917455094 -0.001085456891385982 0.03132321242946601 -0.009532309020088623 -0.005747123341789406 0.02377319920976279
2920 0.245134419233669 -0.001075203238922576 0.03125918162368908 -0.009529143656628238 -0.005746139875839696 0.02376501543741635
2930 0.2451513257751704 -0.001067463968257721 0.03123883913777845 -0.009522800247595276 -0.005745669684448439 0.02376412641472086
2940 0.2451688514442879 -0.001076325940365467 0.03125113743096047 -0.009517607555601007 -0.005745378517786862 0.02376705462027515
2950 0.2451706094450006 -0.001089178212648588 0.03129183408150151 -0.009514702859426481 -0.005743469008559682 0.02377120655898216
2960 0.2451514633069747 -0.001084820181440067 0.03135576379047645 -0.009514153830770722 -0.005741022738166809 0.02377591116575346
2970 0.2451310499112166 -0.001066942447233584 0.03140808175548856 -0.009514337776894784 -0.005739454062356352 0.02377649301256081
2980 0.2451174757626737 -0.001060826293644451 0.03141973029320703 -0.009519051438189581 -0.005741472254054187 0.02377439513136799
2990 0.2451205255553374 -0.001073086774113414 0.03138211363633139 -0.009526679824060023 -0.005745443769557841 0.02377203562536838
3000 0.2451301346648426 -0.001089136090303412 0.03131855233560012 -0.009532341376793806 -0.005748233818915152 0.02376998021740924
