"report"
"Iteration" "cd-scale etc.."
("Iteration" "cd-scale" "cl-scale" "cx-scale" "cmx-scale" "cmy-scale" "cmz-scale")
10 0.2363923248933598 0.03472911320306152 5.896315070865671e-05 -0.009489961429024646 5.660448717612413e-06 0.0002044872058261194
20 0.2502872162530288 0.01256778104183966 0.002794531268189013 -0.01154432801061795 -0.00026978980768546 -7.627225355038969e-05
30 0.242058798705159 0.006498246104198265 0.0005867078887681202 -0.01109118642046884 -0.0003426417872945831 0.0001439214351709382
40 0.2413903969175664 0.01027872854317607 -0.001250684931041626 -0.01003862386427205 -0.0004104741843536609 0.0006860153068806844
50 0.2417339059149005 0.01093574979027503 0.002923265463474928 -0.009459926853086786 -5.776770293008679e-05 0.0008962773459995923
60 0.2442674666683581 0.006972818752215138 0.005575047095194175 -0.008585063318935155 -0.0001953417198008856 0.0008138651546028258
70 0.2452705338276493 0.008236676994979765 -0.0001077474013131934 -0.007225589840483823 -0.0005255237266356898 0.0006306939910247029
80 0.2445311619832737 0.009243378509536741 -0.002173341896453566 -0.006972513507935431 -0.0002158902505055069 0.0007346251694792292
90 0.2452061705787264 0.009487279393794195 0.0001489075403974877 -0.006995441470636338 -0.0001657018581069955 0.0006769091168263594
100 0.2457284526402742 0.01054069213444437 8.158800672484164e-05 -0.007167951081643297 -0.0003437985216253297 0.0009300458704903686
110 0.245606679439747 0.0123410046472784 -0.001108792299166039 -0.007383010459708031 -0.0006061639724113485 0.0008155931420232498
120 0.2460226592337919 0.0135744057992267 -0.002427930294225458 -0.007556077234629835 -0.0006346951009402404 0.001053565302447372
130 0.2460426576669635 0.01399377987980793 -0.003673002053091459 -0.007665622084147106 -0.000363044290084759 0.001448188618655391
140 0.2462412234071168 0.01297498395869499 -0.003706737742111729 -0.007682614870206351 -0.0001777710479333282 0.001628936602402921
150 0.246814952524248 0.01290237646463217 -0.002855202063357242 -0.007940869829832541 -0.0001948676661075742 0.001763095621025968
160 0.2468408578891667 0.01409502612345668 -0.002630068182401822 -0.008141851899470193 -0.0001954992840439231 0.00156560822650777
170 0.2467763517766196 0.01380575591292009 -0.004379632806295363 -0.008274624152432963 -0.0001824340932623464 0.0016935758867116
180 0.2466333138391566 0.01296402986648032 -0.003308288098924857 -0.008197812686652671 -8.725233314881008e-05 0.001416187198550971
190 0.2465542724581592 0.01268238936420768 -0.001734561895124199 -0.008065504264332815 -0.0001511569742973801 0.001124532216682487
200 0.2467714457849879 0.01271012438897628 -0.0008768131551497423 -0.008003984217149294 -0.0003126741122626798 0.001113903100938972
210 0.2463775243267877 0.01256173530741812 -0.001184237105264339 -0.007881798420629723 -0.0003225125704616281 0.001036862917212182
220 0.2461827306513265 0.01230010548645413 -0.001551095792650627 -0.007818706419647639 -0.000272330901395906 0.001072221214403772
230 0.2462148710728856 0.01251385569818096 -0.001640564288661406 -0.007728685811223858 -0.0002732473156500359 0.001296070017290901
240 0.2462668597179429 0.01280889752964942 -0.002236507665649219 -0.007699644424796423 -0.0002884348348307135 0.001431823409424127
250 0.2463821388530389 0.01300992633539162 -0.002418256335945699 -0.007726562911344472 -0.0002732226029559952 0.001457355738748673
260 0.2466194813389841 0.01327029471864779 -0.002650875601529143 -0.007784551545361242 -0.0002338429713000147 0.001521570689424974
270 0.2468054068600626 0.0135166367268912 -0.002735476848744939 -0.007850601257910565 -0.0002178222897192675 0.001489392686977954
280 0.2470575476861298 0.01376407775554933 -0.002858032558328259 -0.00789988631248136 -0.0002146112575989144 0.001471310926756932
290 0.2472351878163414 0.01380746967643757 -0.003170846292856099 -0.007964811932241782 -0.0001967692691047331 0.001493759322276213
300 0.2474660959980775 0.01390924413412456 -0.003273707992323649 -0.008021655307067731 -0.0001964621650099972 0.001463949220909224
310 0.2476563585917617 0.01382529449248512 -0.003285450122370426 -0.008072154389344438 -0.0001842405135736774 0.001435612414211849
320 0.2477609990700985 0.01372318278056413 -0.003637249457582513 -0.008098451867069232 -0.0001709387280964126 0.001444945727852205
330 0.2479213333737567 0.01370348447958697 -0.00372898154885376 -0.00814058876102791 -0.0001792465421953045 0.001412679393515264
340 0.2479950362311636 0.01365527998390474 -0.003753474462305482 -0.00814565616412905 -0.000191959159819782 0.001356244826983736
350 0.248073924245959 0.01366486226395337 -0.003806853295830107 -0.008153388243774894 -0.0002034498518176692 0.001313247036299582
360 0.2480606709476657 0.01355950372384338 -0.003845735471632214 -0.008147444839593353 -0.000198526100793943 0.001286033848621109
370 0.2480742813323097 0.01353476046391421 -0.004132759931729756 -0.008132734824584353 -0.0001995575289113845 0.001313091780998921
380 0.2480115291922198 0.01339273992174162 -0.004106091865640118 -0.008121278843197797 -0.0001904763108677634 0.001311272836317093
390 0.2479490033314582 0.01333298586353249 -0.004262361228486992 -0.008087732543887024 -0.0001905959808040964 0.001331600635236151
400 0.2479304288981244 0.01328631565699725 -0.004265301061910812 -0.008083268330000068 -0.000197851579789776 0.001342837042833441
410 0.2478864087190848 0.0133100160332661 -0.004174185939108162 -0.008060138253587553 -0.0002146482338332897 0.001329404937085517
420 0.247891150599248 0.01334645237184857 -0.004115914183430015 -0.008043221048637439 -0.000225085173165905 0.001329077990114418
430 0.2478117570006834 0.01329912030208055 -0.004028925018898441 -0.008015278411287277 -0.0002207026933850146 0.00133298415235953
440 0.2477712724325151 0.01331694922116168 -0.004123330550069099 -0.007996547169870426 -0.0002137379262263584 0.001368947239508675
450 0.2477050371311149 0.0132449815637165 -0.004162625599533897 -0.00798541871981912 -0.0001986746406790295 0.00139812808822774
460 0.247742749144046 0.01336634850570189 -0.004239514541888359 -0.007989627132348971 -0.0002106735337164791 0.001423111692532953
470 0.2478025806695459 0.01339610782979286 -0.004061413478065629 -0.008004605779934884 -0.0002210375859485678 0.001401300478513544
480 0.2478198828333792 0.01348262854248991 -0.003941363302430993 -0.007996401898539438 -0.0002344159238814101 0.001377759533635847
490 0.2478095711326875 0.01346006677756394 -0.003882326463051007 -0.008000633890690566 -0.0002324656621458581 0.001381301706068435
500 0.2477488869097121 0.01339157153548199 -0.003989575050252281 -0.007980544747304275 -0.0002166841022819753 0.001406016048927169
510 0.2477135481252977 0.01334938526779354 -0.004099085351009515 -0.007982938285731937 -0.0002032009434219826 0.001430596974921734
520 0.2476827231996145 0.01334399170784179 -0.004142515160327691 -0.007983992408363869 -0.0002026233030688089 0.001450341622108477
530 0.2477967552040986 0.0134345204307615 -0.004113712745027728 -0.007995460411345814 -0.0002206760512830862 0.001434986810168324
540 0.2477932587534003 0.01343357450098754 -0.003861958687881892 -0.007996631675710082 -0.0002336498269133058 0.001392716183812833
550 0.2477952016109271 0.01346827847360945 -0.003851620703631773 -0.007982921300007825 -0.0002415730208533409 0.001388779785770242
560 0.247710921498152 0.01335971800204043 -0.003850314830383547 -0.007979255012071631 -0.0002240847656557194 0.001402843124837343
570 0.2476405916986755 0.01333906885785982 -0.004038014351163151 -0.007962276459593154 -0.0002075363248810984 0.001433973039142957
580 0.2476547620445468 0.01335193213389765 -0.004099272533339539 -0.007978555291469829 -0.0002033701302154003 0.001457020393952049
590 0.2477198772139272 0.01341842672437789 -0.004085900026890799 -0.007984891661258289 -0.0002170580633807099 0.001445834680337716
600 0.2478143816930269 0.01349297972731152 -0.003894703613043678 -0.007999476118851266 -0.0002357487051526592 0.001412577651127313
610 0.2477801038799137 0.0134604579476064 -0.003757294238146535 -0.007990442491732166 -0.0002392477463963064 0.001387725892640636
620 0.2477615643113509 0.01343895825069121 -0.00386325497759402 -0.007983098831759926 -0.0002324073137080095 0.001404756854660179
630 0.2476606133220709 0.01331859923751321 -0.003941022878509967 -0.007975019724721937 -0.000207885694364646 0.001425203506741105
640 0.2476516997578453 0.01337013549939514 -0.004115801499417405 -0.007973028286936893 -0.0002040722770766157 0.001456673042691716
650 0.2477137161461044 0.0133797211785187 -0.004086868734010328 -0.00799316602290487 -0.0002113543601609034 0.001450483465993371
660 0.2477768876433916 0.01347950478874269 -0.003943731154490787 -0.007993097102492325 -0.0002330757307136717 0.001423350441807608
670 0.2478129242743555 0.01346663343336571 -0.003776789114736949 -0.007996586994562372 -0.0002414210421825863 0.001390592718769381
680 0.2477390366095372 0.01341782381204036 -0.003800435027090244 -0.007977262681260264 -0.0002351682566213619 0.001395996174036594
690 0.2476941258111071 0.01335931441362802 -0.003935593997187864 -0.007974299905355428 -0.000216860689139881 0.001424037851928178
700 0.2476182269158723 0.01331052616053831 -0.004037067792027344 -0.007967159190876177 -0.0002004910507584071 0.001443955869837775
710 0.2476946698109572 0.01341555534907317 -0.004135378371200876 -0.007983342056956898 -0.000211787757743042 0.001463031848700939
720 0.2477564274036552 0.01342763444321689 -0.003951247494010469 -0.007996614347301638 -0.0002256332946235707 0.00142730005400723
730 0.2478002811454574 0.01351360564656527 -0.003819176653767853 -0.007992200561845884 -0.0002438212576232491 0.001402823805077649
740 0.2477725888238244 0.01342257189370571 -0.003754410569075699 -0.007988903548203273 -0.0002372439711500143 0.001390536141897784
750 0.2476918817359952 0.0133875125633831 -0.003906652551853755 -0.007970908595222261 -0.0002231284082244785 0.001418999041994837
760 0.2476542131696361 0.01332234280249546 -0.004003194846313695 -0.007973984846647389 -0.0002029424892799827 0.00144010134353577
770 0.2476517732807785 0.01336823374196514 -0.004117809360307133 -0.007974571571604539 -0.0002051603462115341 0.001457448226233217
780 0.2477654221874396 0.01344909965562638 -0.004033199012102474 -0.007997103346768166 -0.0002235930657467467 0.00144589736846177
790 0.2477845077379897 0.01345823907158865 -0.00382425703727737 -0.007993778236419929 -0.0002372792146146639 0.001401587188284694
800 0.2477898274076321 0.01348459192065027 -0.003777537522643033 -0.007988501294334583 -0.0002446312136208065 0.001396081064696145
810 0.2477069457611394 0.0133599292396171 -0.0038341765523836 -0.007977869987595613 -0.0002258088026635053 0.001404794117749973
820 0.2476490782078572 0.01335920978699799 -0.00399585983751822 -0.007966789080260127 -0.000209842683071291 0.00143840691618508
830 0.2476481213560793 0.01333435952516354 -0.004070878451372695 -0.007977255430212387 -0.0002015249483989665 0.001451753294507008
840 0.2477208237642294 0.01343104192070967 -0.004098621650136911 -0.007984648790640689 -0.0002178158438222104 0.001452410891361169
850 0.2477856632492857 0.01347630135057908 -0.003858745530351508 -0.0080028107572288 -0.0002362661288050615 0.001418370901968808
860 0.2477903764371265 0.01346526716979966 -0.003773515698604382 -0.007985032717604318 -0.000241634320251125 0.001390622406459284
870 0.2477564761817434 0.01342044176844323 -0.003825696758060692 -0.007983123413606692 -0.0002341877432469276 0.00140417734870666
880 0.247649564559875 0.01332306017070614 -0.003932755355803375 -0.007969353028908615 -0.0002111107485893097 0.001426265166116205
890 0.2476483088461088 0.01336564168117165 -0.004083292373042596 -0.007972855056890306 -0.0002044714994543431 0.001453991979208924
900 0.247686295341198 0.01337672856501009 -0.004077827169463907 -0.007987817004673029 -0.0002106002456623406 0.001451953779731186
910 0.247789821094778 0.01349154178616055 -0.003966887142501646 -0.007993199196905098 -0.0002335244111478489 0.001429724621627966
920 0.2477989295520393 0.0134589696909723 -0.00373624348761409 -0.00799643861345801 -0.0002401139505960035 0.001395444010591097
930 0.2477549458514096 0.01343673864548388 -0.00382814518001116 -0.00797815624113341 -0.0002387969802297649 0.001395576891690443
940 0.2476909102201167 0.01335105766881394 -0.003895812386199713 -0.007977584553563035 -0.0002183112844570802 0.001421560085634711
950 0.2476112373455739 0.01332972928274292 -0.004034635520865986 -0.007967004559507511 -0.0002029359689351022 0.001444716577446661
960 0.2476923165727766 0.01339756093326794 -0.004119179080748498 -0.007984886502299223 -0.0002091673494120664 0.00145883639963281
970 0.2477523460956523 0.01343005513820246 -0.003980089476549989 -0.007992476622768774 -0.0002240279595517322 0.001433826376941972
980 0.2478200859647232 0.01350512377983107 -0.00383937008701313 -0.00799496882562325 -0.0002430133625501589 0.001404253622368061
990 0.2477636312475221 0.01342094974445813 -0.003741333821444345 -0.007987656656887542 -0.0002386394701788655 0.001389775669327272
1000 0.2477081783719385 0.01339879325678286 -0.003904332129250194 -0.007973485816456667 -0.0002268470124402857 0.001417952748623118
1010 0.2476375458911311 0.01330593685658792 -0.00397009360406704 -0.007973676622857129 -0.0002035549475454641 0.00143389214991508
1020 0.2476435980841939 0.01338462845936374 -0.004118448866047744 -0.007973181773940276 -0.0002061477362500232 0.001460534831369997
1030 0.247753343173958 0.01342514846471304 -0.004036248311139855 -0.007996833590746929 -0.0002199492936064001 0.00144460898378707
1040 0.2477827832648331 0.01347840828710681 -0.003849007850592985 -0.007991712217410636 -0.0002373675484485427 0.001409594480169714
1050 0.2478099372710361 0.01347277349037317 -0.003772565162285567 -0.007991101132210807 -0.0002435011672778795 0.001393911493530989
1060 0.247711122161622 0.01337339239958931 -0.003821646163353809 -0.007975826078666199 -0.0002286253260813253 0.001404045221759273
1070 0.2476656200869219 0.01335877037309257 -0.0039821748220882 -0.007970165903919676 -0.0002120749744386001 0.00143526899039506
1080 0.2476274433097309 0.01332124126559225 -0.004054336998434314 -0.007973862574878048 -0.0002008633711832078 0.001447673950442378
1090 0.2477095552031804 0.01344121041315179 -0.004105183237278431 -0.007985824855461043 -0.0002173001758163646 0.001459019538021093
1100 0.2477855997612536 0.01344891532157741 -0.003884422072369019 -0.007999830938396596 -0.0002317730084134188 0.001416739215842273
1110 0.2477878417940977 0.01349291191023813 -0.003781242037158148 -0.007986656953224576 -0.0002443038556808565 0.001396839318788802
1120 0.2477621479111705 0.0134112300660516 -0.00379560335302471 -0.00798489637919584 -0.0002348546169111628 0.001399789363447319
1130 0.2476598798207736 0.01334741007339514 -0.003929183037477887 -0.007967581955122954 -0.000215517405242371 0.001424272945331873
1140 0.2476515905420791 0.01334753876860766 -0.004048991199040176 -0.007973691519396236 -0.0002035482077534288 0.001448864615627168
1150 0.2476674873632302 0.0133723850673917 -0.004093943717928465 -0.007981523129200911 -0.0002080296119027332 0.001453914752144447
1160 0.2477823433939216 0.01348581816894857 -0.003987288270610992 -0.00799654711097744 -0.0002311825292891384 0.001436159397944899
1170 0.2477940375452265 0.01345508829666183 -0.003756923636162971 -0.007994279675300101 -0.0002384641090988487 0.001397482781127832
1180 0.2477745460055227 0.01345915442823016 -0.003819062276496017 -0.007981424226343726 -0.000241940757120145 0.00139528084936178
1190 0.2476936759150712 0.01334671326963316 -0.003864273787026249 -0.007978048010959457 -0.0002208485421190966 0.001416103874095422
1200 0.2476213646129841 0.01334451519689878 -0.004027599240155547 -0.007966227367234369 -0.0002056505060513156 0.001443531599800538
1210 0.2476700394636014 0.01336976752342213 -0.004095256411244055 -0.007983665089755791 -0.000205978447955461 0.001455330876462512
1220 0.2477443164276072 0.01343578348644263 -0.004034015034149296 -0.007988175255822953 -0.0002218170591046703 0.001442387065977428
1230 0.2478021201441026 0.01349702986748407 -0.003821580738308402 -0.008000585481058187 -0.0002408208792099956 0.001412015035738553
1240 0.2477748146859058 0.0134325810326654 -0.003761681138206172 -0.007985244515576201 -0.0002400745600218858 0.001386365897444219
1250 0.2477325876323021 0.01341145789119621 -0.00387452424222796 -0.007977393216193248 -0.0002300413037645833 0.001414054546467991
1260 0.2476334837512086 0.01330668895996889 -0.003947228897058739 -0.007971695843117514 -0.0002058537236027818 0.001430979823339568
1270 0.2476546718771524 0.01338138379013621 -0.004121419987801026 -0.007971820521598843 -0.0002052536995921579 0.001457408417884236
1280 0.2477268644645824 0.01339890506868743 -0.004048009044094367 -0.007993819210999474 -0.0002156450665883031 0.001447825331154363
1290 0.2477871591473141 0.01348749315958953 -0.003907722490940358 -0.00799195160072823 -0.0002369523402641456 0.001416945789318987
1300 0.2478006043326899 0.01346478990318926 -0.003756973565985507 -0.007995535492182879 -0.0002431158618013708 0.001391927821571915
1310 0.247718140406269 0.01340464038634065 -0.003817556362611161 -0.007976658972890528 -0.000232948031770295 0.001404047582302916
1320 0.2476812440384343 0.01335092109927761 -0.003953479150711764 -0.007974280641692229 -0.0002136138770510043 0.001428048680196561
1330 0.2476185726200914 0.01332539992435102 -0.004039925750668129 -0.007969836572198538 -0.0002006786661624981 0.001448495040955465
1340 0.2477200018719541 0.01342684324364829 -0.004126410533357858 -0.007986059721298773 -0.0002140118044536951 0.001459256426385461
1350 0.2477725933875085 0.0134362420176156 -0.003909744907177441 -0.007997099537894896 -0.0002285616103782423 0.001420838730938147
1360 0.2478047268911495 0.01350284445092308 -0.003818428913946018 -0.00799006116195706 -0.0002451940486664515 0.001399001612552281
1370 0.2477531454095065 0.01340526241782556 -0.00376491205264376 -0.007986920833808852 -0.0002362348189683599 0.001394349409718111
1380 0.2476707045188127 0.01337473713250315 -0.003928274560424447 -0.007969522696877361 -0.0002208864491549128 0.001423702689409245
1390 0.2476462135018389 0.01332529494380017 -0.004016270907574187 -0.007973871249788319 -0.0002026650173825769 0.001441467261124534
1400 0.2476571185731845 0.01338438812073153 -0.004103799332203591 -0.007976623891433728 -0.0002072557876320972 0.00145829635467484
1410 0.2477815718547548 0.01345922812129428 -0.004007427542648974 -0.007997592508688306 -0.0002260626234100674 0.001439660923982269
1420 0.2477874201561964 0.01346208520946863 -0.003797292084131054 -0.007993009450650219 -0.0002385908149329395 0.001399709416536979
1430 0.2477916255559685 0.01347245629506906 -0.003789880427097112 -0.00798650941019009 -0.0002432330785611283 0.001397817433197833
1440 0.247696228643403 0.01334795245640573 -0.003848284837908601 -0.007977169119864963 -0.0002233832376212198 0.001408986912202313
1450 0.2476389582213068 0.01335555650255684 -0.004011159307604344 -0.007967276206185904 -0.0002081395743139785 0.001441811743190619
1460 0.2476503936805649 0.01334254608383035 -0.004078312034917327 -0.007979712019639091 -0.0002028393509674096 0.001452107187737232
1470 0.2477262952871866 0.01344666205625205 -0.004060935808800725 -0.007986935560136433 -0.0002209503520414558 0.001450617826935632
1480 0.2478093753169288 0.01347186123994332 -0.003850792670864784 -0.007999510720812201 -0.0002366825939280407 0.001410531614103534
1490 0.247776373180372 0.01346116747606082 -0.003760922790495013 -0.007984005991821254 -0.0002422985534608381 0.001391773424543953
1500 0.2477451467364639 0.01340893746632378 -0.003840366434414762 -0.007981257832841969 -0.0002321740531905589 0.001408729901472021
1510 0.2476390953635324 0.01331584718499815 -0.003941674109869123 -0.007968142606812896 -0.0002087733740093343 0.001427431321967048
1520 0.2476463309880297 0.01337523166103646 -0.004091570666909545 -0.007973746745315403 -0.000205378002408663 0.0014563615532005
1530 0.247697254622628 0.013384905244935 -0.004064428514607145 -0.007989159264443732 -0.0002121927387603375 0.001449640938221163
1540 0.2477986916056771 0.01349601591322696 -0.00394622591531725 -0.007992855586123695 -0.0002349531676867054 0.00142433978188559
1550 0.2477875209369494 0.01345844125566118 -0.003726679849864848 -0.007996618495998751 -0.000241250996322421 0.00139621355412971
1560 0.2477497624652639 0.0134266599970523 -0.00383836425330658 -0.007976673424396253 -0.0002370252901238146 0.001397611382914726
1570 0.2476811561427238 0.01334592531597422 -0.003905354938269818 -0.007976433676348238 -0.0002157460483395725 0.001424779548266542
1580 0.2476154286396038 0.01333327550269413 -0.004052050619044441 -0.00796694580091657 -0.0002026499150183399 0.001447219008798942
1590 0.2477032373148237 0.01340492720470184 -0.004110008800729541 -0.007986386726134383 -0.0002104167394771928 0.001458825882885555
1600 0.2477566433757538 0.01343494969307984 -0.00396127650468622 -0.007993275815270116 -0.000226176191355546 0.001429272322473199
1610 0.2478029552237437 0.013511135830995 -0.003805475856875329 -0.007995999719735237 -0.0002451640092485799 0.001404969301224255
1620 0.2477667932814392 0.01341051080549067 -0.003748504643596565 -0.007984597590392075 -0.0002365857352929132 0.001389893527570416
1630 0.2477029747318602 0.01339044584557729 -0.003924683328210072 -0.007971338226611576 -0.0002243271705736134 0.0014197919283715
1640 0.2476375482417249 0.01330771372882537 -0.003982603193545268 -0.007973169667510403 -0.0002026628759127453 0.001437930954586602
1650 0.2476527416967114 0.01338807967489726 -0.004126321827895772 -0.007974419555810051 -0.0002067795631579453 0.001460036159342443
1660 0.2477544302415593 0.01343241604367539 -0.004019621977080334 -0.007998629374505035 -0.0002225681956431287 0.001441564136700664
1670 0.2477847026794112 0.01347846579972316 -0.003842086825695489 -0.007991610735276869 -0.0002388883859380927 0.001406238464355681
1680 0.2478014753247243 0.01346972701279789 -0.003772889543129781 -0.007990997988968861 -0.0002434881679564051 0.001393706520432612
1690 0.2477004320801973 0.01337035950886676 -0.003832956288126393 -0.007975898791355294 -0.0002268594377822483 0.001408210255308038
1700 0.2476682891516719 0.0133545155860863 -0.003998721263144842 -0.00796988230458044 -0.0002097771924481029 0.001435959910290177
1710 0.2476343712445507 0.01333061644891878 -0.004057148370365367 -0.007975643391849961 -0.000201316688637575 0.001449953095966592
1720 0.2477292221701445 0.01344489605871928 -0.004100146357924842 -0.007987208384916639 -0.000218697721559828 0.001456032200069897
1730 0.2477909550997741 0.01345133393344107 -0.003863049785603155 -0.008000516612453571 -0.0002334661627557963 0.0014126731641244
1740 0.2477822488201789 0.01348750824478647 -0.003780001792630844 -0.007986597934644665 -0.0002445302773620668 0.001396215433852348
1750 0.2477510373101996 0.01340157598258108 -0.003809644718215566 -0.007984377874762602 -0.0002335421608401517 0.001400902116162832
1760 0.2476480765495406 0.01334363045322432 -0.003934891746186511 -0.007967155637419288 -0.0002136009644633586 0.001427605000775602
1770 0.2476554037988432 0.01334970001221961 -0.004067924780682086 -0.007973685923220446 -0.0002033433087588816 0.001449568454745937
1780 0.2476779546789225 0.01338164365087491 -0.004078753517494686 -0.007982538246233409 -0.0002095926501341029 0.001454177897733139
1790 0.2477920958436699 0.01348580837091592 -0.003970130614422751 -0.007995831110242178 -0.0002323052359789822 0.001432191696144349
1800 0.2477891859099613 0.01345152451295361 -0.003757866943321473 -0.007994063650759784 -0.000240186548830466 0.001392717995964361
1810 0.2477611031667621 0.01345731166175836 -0.003806809432399525 -0.007980696294251789 -0.0002406751523096745 0.001401358225812015
1820 0.2476830949375583 0.01333793348487182 -0.003882723935694941 -0.007977281849694446 -0.0002184480417299953 0.001416210484657114
1830 0.247623523473858 0.01334862012156533 -0.004033313867933623 -0.007965393956347069 -0.0002045545212391555 0.001446367958479507
1840 0.2476834625085221 0.01337638786482394 -0.004101631686179939 -0.007984454220404566 -0.0002067805705908249 0.001456553137320934
1850 0.2477498528517141 0.01344046783640613 -0.004011368548786906 -0.00798923017662689 -0.00022378657229268 0.001437604614338607
1860 0.2477993417080594 0.01350026694057216 -0.003813117970744202 -0.008000436988492095 -0.0002425924974939868 0.00140900917458051
1870 0.2477714140347768 0.01342574069264217 -0.003756112637818111 -0.007983578027058277 -0.0002387268990845542 0.001388388326719718
1880 0.2477236587397882 0.01340242399546539 -0.003891115465376539 -0.007975878137455176 -0.0002278473704049916 0.001415773080292867
1890 0.2476308932444326 0.01330311065388443 -0.003963741973225957 -0.007970569688395575 -0.0002039682614831558 0.001434163019449916
1900 0.2476560306975474 0.01338846533127782 -0.004126543081200119 -0.007973613709689532 -0.0002062675982035081 0.001459906211814476
1910 0.2477330142594085 0.01340700556184547 -0.004031204228065311 -0.00799563662835719 -0.0002182681689485525 0.001444468858616895
1920 0.2477874079431774 0.01349214983108423 -0.003885739358014257 -0.007991848592189309 -0.000238647513601605 0.001413460473239426
1930 0.2477983539461827 0.01346067119415408 -0.003752758884621272 -0.007994129072452174 -0.0002426886913448813 0.001391445790732995
1940 0.247712853816244 0.01339737111761758 -0.003833430363755437 -0.007975107126041893 -0.0002308591272166471 0.00140675855135723
1950 0.2476767276166814 0.01334615211912407 -0.003965439526286218 -0.007973342413610895 -0.000211100869984776 0.00143118402758536
1960 0.2476241477454323 0.01332997619378644 -0.004056692271727854 -0.007970896618722616 -0.0002008749794436024 0.00144975499144319
1970 0.247727469716316 0.01343469766541787 -0.00411208830658032 -0.00798828812063326 -0.0002161338407118808 0.001458481507750989
1980 0.2477763643834236 0.01344243627905489 -0.003886067439059313 -0.007997839607591838 -0.0002308285115073032 0.001416580207553412
1990 0.2477990044150026 0.01350272911126402 -0.003796880978034952 -0.007989458986553247 -0.0002454376577215088 0.001398877532648345
2000 0.2477485713712136 0.01339560585107273 -0.00377826544133107 -0.007985215773726082 -0.0002344384213752114 0.001395741425027847
2010 0.2476641111479636 0.01336800256845165 -0.003938349726535681 -0.007967947237874912 -0.0002182325508611102 0.001426866165354893
2020 0.247646210680924 0.01332674428600734 -0.004031439421166082 -0.007973934952089812 -0.0002020015054504249 0.00144411788197464
2030 0.2476662873332565 0.01338926650224806 -0.004104285802254401 -0.00797788473016991 -0.0002086634243893529 0.001457615850384661
2040 0.2477868347305328 0.01346578431279107 -0.003982956340697145 -0.00799798548708535 -0.0002284266498721394 0.001435941412175574
2050 0.247785868447032 0.01346078690957022 -0.003782620642734505 -0.007991851070038568 -0.0002396833108192981 0.001396427017982904
2060 0.2477809568824247 0.01346712809527299 -0.003790964625369175 -0.007985131774566518 -0.0002424206751228489 0.00139910877811626
2070 0.247686147080133 0.01334342616136244 -0.00386516465175264 -0.007976083728484452 -0.0002213773351031456 0.001411800440212885
2080 0.2476375368285924 0.0133584530199291 -0.004020538080898403 -0.007967429571125466 -0.0002071179725358779 0.001443965226741103
2090 0.2476595634261791 0.01335072599854507 -0.004081985912814336 -0.007981312198110229 -0.0002036910670814485 0.001453140942242831
2100 0.2477468286788085 0.01344831257724154 -0.00405805734156506 -0.007987344757298646 -0.0002221932614776534 0.00144560164258178
2110 0.2477893716824179 0.01348003044501412 -0.003814832168539138 -0.008002439297201909 -0.0002390414573497653 0.001411801816412359
2120 0.2477790352659072 0.01345019176360523 -0.003779776649178547 -0.007982941306983012 -0.0002414579235343421 0.001388958466884214
2130 0.2477370809486211 0.01340223668493203 -0.003850436632634706 -0.007980402420966693 -0.0002300454767582803 0.001411364746950572
2140 0.2476321972831807 0.013313706835183 -0.003956526067010849 -0.007968115838560262 -0.0002069799781089542 0.001431577198301343
2150 0.2476584041320147 0.01337815549604541 -0.004106543656241685 -0.007974430591401294 -0.0002051308216724257 0.001456978842771766
2160 0.2477077545988058 0.01339205523817559 -0.004052693807218072 -0.007990869080320545 -0.0002146366763725254 0.001447980007293937
2170 0.2477918025552316 0.0135039728404875 -0.003913182044772673 -0.007994294227160479 -0.0002379381838470239 0.001421922743998618
2180 0.2478013073298304 0.01345081190554135 -0.00373069853877547 -0.007993521339881068 -0.0002402165344240738 0.001391275036667258
2190 0.2477391368628422 0.01342058601914723 -0.003847698183289648 -0.007975582438924034 -0.0002350217403037883 0.00140214230420751
2200 0.2476767596399174 0.01333743366647056 -0.003925340550449482 -0.007975922989887196 -0.0002134893663575814 0.00142683881511166
2210 0.2476127941081866 0.01333703794711153 -0.004060158511963788 -0.007968350111274509 -0.0002022546161279826 0.001449397160632621
2220 0.2477087250684891 0.01341244662710696 -0.00411335822618081 -0.007989260814012538 -0.000213039967880617 0.001457278613852908
2230 0.2477644700226322 0.0134437271181516 -0.003930612061786802 -0.007993995553395911 -0.000228486733880362 0.001425150226221277
2240 0.2478196685549084 0.01350372096961073 -0.003814984082850252 -0.007993170659818142 -0.0002445231431819622 0.001399336567561801
2250 0.2477499948693464 0.01340566842875535 -0.003755090130081283 -0.007984829335708647 -0.0002359306273454255 0.001393755069254148
2260 0.247695023973462 0.01338171286828481 -0.003937935564739776 -0.007970775118112871 -0.000221638141455954 0.001423286090582662
2270 0.2476334608397779 0.01330798265260605 -0.003995778756293187 -0.007973645735889833 -0.0002015982665220833 0.001439407483621843
2280 0.2476605226563371 0.01339817776889347 -0.004126844794663644 -0.007976781606248073 -0.0002086318764722536 0.001461489006737388
2290 0.2477667340838959 0.01343926547840836 -0.003994910636431149 -0.007999482835549897 -0.0002246287471630403 0.001436515167572021
2300 0.2477893320140863 0.01347942308788929 -0.003823849849273995 -0.007990460905598174 -0.0002398250302536987 0.001402010342983919
2310 0.2477976344924282 0.01346052371957699 -0.003781774231346854 -0.007989158125524099 -0.0002422692161708509 0.001394961194074335
2320 0.2476916031171199 0.0133587705913703 -0.003852422315183375 -0.007974284435060278 -0.0002242820401481029 0.001410495402658219
2330 0.2476578458378582 0.01335240757248353 -0.004011283931820632 -0.007969620659866278 -0.0002081186375462561 0.001439759540473344
2340 0.247640111983207 0.01333724690951607 -0.004070062046060572 -0.007977198073205113 -0.0002024696132406803 0.001451127989981825
2350 0.247734586675641 0.01345572235485389 -0.00407492899911384 -0.007989266530110093 -0.0002216605922213192 0.001452924475041935
2360 0.2477936197527745 0.01345568321921156 -0.003841782289810601 -0.008000273123346564 -0.000235297099649216 0.001408111560879718
2370 0.2477809058095885 0.01348294971436524 -0.003775675364116497 -0.007985017332672354 -0.0002440876459732894 0.001395773664384957
2380 0.2477443470466084 0.0133916340607688 -0.003826936913192629 -0.007982853103936866 -0.0002306734842760536 0.001404772773526291
2390 0.2476420319556293 0.01333404737582035 -0.003953197213538148 -0.007965944989744679 -0.0002100546614760333 0.001430497418074986
2400 0.2476576902075062 0.01335756216027725 -0.004083402511970988 -0.007975303604772553 -0.000203770806096654 0.001453444211971143
2410 0.2476928809577917 0.01338931541553612 -0.004071785716459895 -0.007985097253092962 -0.000212386863807418 0.001451359437737849
2420 0.2477944705191086 0.01349427964456645 -0.003932950903012856 -0.007996583342918284 -0.0002352997817078615 0.00142645521782439
2430 0.2477855998700129 0.01344823045267107 -0.003750023432752312 -0.007992629187414304 -0.0002407827646666802 0.001390137702297884
2440 0.2477495060108313 0.01344757870907819 -0.003819034284725324 -0.007979155641093284 -0.0002385274284603229 0.001404314401891639
2450 0.2476744646338379 0.0133284528322986 -0.003900520353336662 -0.007975317078382385 -0.0002145241980870621 0.001420531277067812
2460 0.2476262683242371 0.01335173196874228 -0.00405720115074523 -0.00796573456567053 -0.0002036338982413563 0.001449394313789319
2470 0.2476975734945835 0.013386834724074 -0.004096365529200004 -0.007987133757038309 -0.0002089463104371795 0.001457090816301034
2480 0.2477554205351912 0.01344992192096501 -0.003980205659912431 -0.007991001877118639 -0.000227252726816693 0.001431023578078547
2490 0.2478061465057793 0.01350007915761684 -0.003796617141131103 -0.007998857718119104 -0.0002439792026316033 0.001403729480501984
2500 0.2477623218338357 0.01341721498503849 -0.003756468176074584 -0.007981472542590459 -0.0002366796750039243 0.001392144219385784
2510 0.2477109728891207 0.01338956208192554 -0.00391823875677602 -0.007974680943156513 -0.0002247018573721854 0.001418665996060726
2520 0.2476274155356785 0.01330236606103144 -0.003981684543452402 -0.007970395686716902 -0.000202138461279129 0.001437625055750916
2530 0.247661459361281 0.01339959354159569 -0.004132365988920245 -0.007976527192803194 -0.0002081471263388345 0.001461784898057006
2540 0.2477449733231389 0.01341813401377757 -0.004001563713950663 -0.007997612702000036 -0.0002213564761011899 0.001439136664091265
2550 0.2478004984090563 0.01349658384625942 -0.003860722695199363 -0.007990210108112945 -0.0002401728490946805 0.001408415789281563
2560 0.2477885112593189 0.01345396484269542 -0.003730311250764036 -0.007992430185990924 -0.0002413787571523796 0.001395423685802255
2570 0.2477074938368202 0.01337828995325166 -0.003876865924015625 -0.007972832773787518 -0.0002280593035106255 0.00140613297063868
2580 0.2476614892024089 0.0133441086940882 -0.003974768828151583 -0.007973071395527498 -0.0002088936031163787 0.001436604739839676
2590 0.247621930275725 0.01333991511555171 -0.004073865619498211 -0.007973701076180032 -0.000202412926164518 0.001452514626444741
2600 0.2477406867133082 0.01344474949466961 -0.004094159559969423 -0.007990165446438553 -0.0002188792931463234 0.001453804389503642
2610 0.2477857093386288 0.01344819229597423 -0.003861738994934446 -0.007997022262103665 -0.0002328442183211353 0.001412272129473913
2620 0.2478038870577922 0.01349364618191805 -0.003801304933085507 -0.007987420564204156 -0.00024528699375382 0.001396041473586926
2630 0.2477370433856376 0.01338687799363835 -0.003792376160580001 -0.007984200049315085 -0.0002321564091563414 0.001400180413270214
2640 0.247653019300329 0.0133573863294438 -0.003960664393104128 -0.007967590275439491 -0.0002145786186394387 0.001430404149369235
2650 0.2476440571253917 0.01333436644202567 -0.004051279889031624 -0.007976500006538786 -0.0002023687581722161 0.001446807171478168
2660 0.2476786169729907 0.01340317504878934 -0.004093047803119528 -0.007981890338304071 -0.0002115915466422772 0.001457469147791424
2670 0.2477999411532981 0.01347414043358413 -0.003954367803684678 -0.007999163467094825 -0.0002313958471213644 0.001428067338593424
2680 0.2477854052947572 0.01346116804386918 -0.003760796995629321 -0.007991163457424606 -0.0002405444257796067 0.001394193484249163
2690 0.2477795469117893 0.01345112047209409 -0.003814659339903435 -0.007982825071762305 -0.0002397631883212224 0.001400561315433551
2700 0.2476735502199512 0.01332932869409327 -0.003880185808409072 -0.007974242384887895 -0.0002170339288474144 0.001416576071329906
2710 0.2476359165919004 0.01335516285873084 -0.004052746808230317 -0.007967024000822488 -0.0002053072555815142 0.001448071926931115
2720 0.2476692081648611 0.01336090324998261 -0.004086532090859457 -0.007984417201003452 -0.0002063300867102554 0.001454046499277607
2730 0.2477469283524817 0.01346508824916961 -0.004007843217963081 -0.007990084540570541 -0.0002269765388257359 0.001440903983329807
2740 0.2478114248955692 0.01347488250692579 -0.003807523935500816 -0.007998606261880674 -0.0002401267093274863 0.001401331619518664
2750 0.247760301047343 0.01344646122305402 -0.003761366318017837 -0.007981292576031305 -0.0002404777462782625 0.001393884669652437
2760 0.247725834455538 0.013386868524942 -0.003883406961088731 -0.007978057962179975 -0.0002260058627482979 0.001415364591141878
2770 0.247624572242467 0.01330910654328905 -0.003971231629401166 -0.007967020856136839 -0.0002035753840536622 0.001434901917282537
2780 0.2476661850571944 0.01339215013497727 -0.004122990974198429 -0.007977010174133563 -0.0002069868461290959 0.001460757573753119
2790 0.2477255339862708 0.01340416292176766 -0.004021753967236484 -0.00799342227464234 -0.0002180525540437322 0.00144218165156565
2800 0.2478045347815056 0.01350845913174397 -0.003886297596852133 -0.007993174658138808 -0.0002401325904274634 0.001413825300885781
2810 0.247787748086121 0.01344377071114413 -0.003719067118089563 -0.007992488985255246 -0.0002402031771315588 0.001393049782264382
2820 0.2477236298318762 0.01340365585126255 -0.003874944707400022 -0.007973724986125098 -0.0002319184097534198 0.001404996385970457
2830 0.2476607633500609 0.01333024821929639 -0.003943212789997689 -0.007974531488872309 -0.0002095713981158988 0.001431910297323046
2840 0.2476164225194915 0.01334780723084666 -0.004083843177818314 -0.007969972093458517 -0.000203001243096947 0.001453236874988252
2850 0.2477292746271058 0.01342553974367387 -0.004091829859734197 -0.00799158589878904 -0.0002159210596431442 0.001454730182781138
2860 0.2477763436685901 0.01345152944799696 -0.00389537705647017 -0.007993879945183045 -0.0002314490425537785 0.001417772225890987
2870 0.2478160974846281 0.01349812242961856 -0.003798595163219788 -0.007991504789196253 -0.0002452198954995495 0.001396869976298226
2880 0.2477370349504545 0.01339155951858752 -0.00377640622444793 -0.007982943278765866 -0.000233565814370421 0.001396769345510424
2890 0.2476759307438599 0.01337343521091865 -0.003956455486884996 -0.007969915478875704 -0.0002180242788856108 0.001428568489613413
2900 0.2476318719693841 0.01331364214311562 -0.004021447607408196 -0.007974799967048177 -0.0002009538439659714 0.001442733313957028
2910 0.247674523802633 0.01341185988551868 -0.004119699730450195 -0.007979943332559589 -0.0002111079686512074 0.001461408505764143
2920 0.247784425435722 0.01345087981679375 -0.003959330522159589 -0.008000243302067033 -0.0002277836531193936 0.001430135347675744
2930 0.2477874159076668 0.01348065999097887 -0.003792197344850715 -0.00798964820287121 -0.0002413242389031104 0.001398933517407025
2940 0.2477894370873112 0.01344776856957692 -0.003787506335526085 -0.007986856788408716 -0.0002403287280300314 0.001396875279421369
2950 0.247679787924194 0.01334561892688651 -0.003875958089243176 -0.007972123192242117 -0.0002205940727168525 0.001414554448489126
2960 0.2476491842095259 0.01335230660368374 -0.004028684771426817 -0.007969573096292619 -0.0002063512665723598 0.001444200729575901
2970 0.2476495126802984 0.01334662169923072 -0.004080092055389101 -0.007979345459405016 -0.0002040002950662865 0.001452329944613563
2980 0.2477455448939335 0.01346712093618019 -0.004045181414778103 -0.00799088449725876 -0.0002251070991906976 0.001447767951716306
2990 0.247797761865227 0.01345870333120511 -0.003813522994909995 -0.007998947397351524 -0.000237290715881031 0.001403114352126193
3000 0.2477742272210743 0.01347430385078507 -0.00377425962769985 -0.007982735416460518 -0.0002432900088637911 0.00139558404733907
