"report"
"Iteration" "cd-scale etc.."
("Iteration" "cd-scale" "cl-scale" "cx-scale" "cmx-scale" "cmy-scale" "cmz-scale")
10 0.2738568727763098 -0.002868806412011301 0.02309074270656745 -0.01053805296522827 -0.00388311230761031 0.02081148845442624
20 0.2578837696720146 -0.00376956210365298 -0.002525358136133939 -0.01371826398725135 -0.003560102033057119 0.009003342586122962
30 0.2502893479818569 -0.01068869693439164 -0.002126669191382941 -0.01229678169331086 -0.00446872403883339 0.01437078278157516
40 0.2527439138404519 -0.009996829705063583 -0.006443271679521366 -0.01267194787675225 -0.004240817336229391 0.01509674450672641
50 0.2545134919082016 -0.007097454800695066 -0.006169856884113086 -0.01291402187927925 -0.004310848956766822 0.01489013491533227
60 0.2582503728187716 -0.003163599807459214 -0.009434163829086966 -0.01381766540877525 -0.004188848480391862 0.01553571750097748
70 0.2581507486481837 -0.003313299559515883 -0.007567963277324414 -0.01313569617379398 -0.003824493189333596 0.01449411330651875
80 0.2573390846053979 -0.002282343636736709 -0.003392310205271972 -0.01246960085904772 -0.003653638422816292 0.01331161843019947
90 0.2583800785481908 -0.001953279578835544 -0.005815684086762393 -0.01303152658392334 -0.003549012655419332 0.01384984891835477
100 0.2593313243918082 -0.002805814805888015 -0.00854467604927401 -0.0136060389485286 -0.0034129911194493 0.01458418452233517
110 0.2594837945149182 -0.002912335265756543 -0.008111107809351511 -0.01371145419667019 -0.003349149991709346 0.01457336861859744
120 0.2594065057151659 -0.002787834584424126 -0.007126875819715349 -0.01353001676694833 -0.003345394809307481 0.01423355936373729
130 0.2594574025319269 -0.002511876913612097 -0.008307991027361608 -0.01360407042751431 -0.003395213197639349 0.01462183569420661
140 0.2594298409002086 -0.002033802290499118 -0.009006607587237727 -0.01359646966742573 -0.003395740507957852 0.01476739438600946
150 0.2596549158151781 -0.001623216299368774 -0.009279845301169985 -0.01363474462337804 -0.003330610725535667 0.01474496261653274
160 0.2595730897703454 -0.001225364167621565 -0.009450407452216134 -0.0136724972764885 -0.003340777404372315 0.01472043556144752
170 0.2596853699794043 -0.0007211936949825151 -0.009715520759195172 -0.01369765551640465 -0.003300626704327787 0.01471021444823176
180 0.2597257206149352 -0.0005134897241353943 -0.009401595445576378 -0.01369508498265523 -0.003258406451022202 0.01461554559802709
190 0.2597075083351335 -0.0004468740911594548 -0.008872403222771821 -0.01372027247832614 -0.003239017393305643 0.01451133771781392
200 0.25981386502811 -0.0005402264206677721 -0.008756412507624468 -0.01379958236362607 -0.003239375007032622 0.01451332375115996
210 0.2598806010621145 -0.0006256160551486141 -0.008846514909904051 -0.01384493784789598 -0.003230321446133765 0.01450419847127437
220 0.2599615116928697 -0.0007124316797248226 -0.008909812719739054 -0.01386424053914423 -0.003220917379201466 0.01446190265342112
230 0.2600385140671229 -0.0008756353960723049 -0.00900272041998532 -0.01386207329525884 -0.003216492794768095 0.01445452330954738
240 0.2600437843156235 -0.0009991941052323466 -0.009006435147210862 -0.01384717015954687 -0.003209551980754363 0.01443792002418658
250 0.2600546020330181 -0.001002020216436443 -0.009022330817520182 -0.01385321336553694 -0.003210304039929737 0.01444003823689329
260 0.260141342380641 -0.0008450401499076697 -0.009262316262158433 -0.01387812152648554 -0.0032159004023569 0.01450332032318098
270 0.260220085528746 -0.0005830913663761201 -0.009440883504603466 -0.01389489583947506 -0.003214548518642679 0.01453389012040958
280 0.2602773584779165 -0.0003935304299422969 -0.009502732419179063 -0.01391595273934081 -0.003214268119960162 0.01453612649313523
290 0.2603129076346432 -0.0002984910184444433 -0.009583298562205802 -0.0139340101349624 -0.003216698035506424 0.01454898818559107
300 0.2603103275948128 -0.0002814493523639748 -0.009636256124219493 -0.01393614930612413 -0.003213689648906954 0.01453715283068475
310 0.2602475936550782 -0.0004175391088062713 -0.009625686127741423 -0.01391077093559961 -0.003216394913907425 0.01451450388003795
320 0.2601365726960607 -0.0006484185648274085 -0.009575772306223045 -0.01385723344590385 -0.003222585276400834 0.01449894313394496
330 0.2600736853001491 -0.0008647407225751089 -0.009510047779689178 -0.01381786957703548 -0.003220057578298696 0.01449782837231952
340 0.2599939890628117 -0.001036575987320639 -0.009264673109581534 -0.01377845729795035 -0.003215737742741997 0.01445744121112631
350 0.2599214751960088 -0.001150518951813149 -0.008970957292379678 -0.01375448808293694 -0.003219793622268317 0.01442605275645266
360 0.2599122006905255 -0.001141175675743944 -0.00895098041571056 -0.01376560820276822 -0.003216321111866898 0.01447510989352037
370 0.2598784966666469 -0.0009860478436870307 -0.008850509269270498 -0.0137761474783346 -0.003208795566932828 0.01446885572815619
380 0.25989315378509 -0.0007034474936082642 -0.008838113758723325 -0.01381658607357398 -0.003215391033603281 0.01447626277128233
390 0.2600548503547334 -0.0003339851791593543 -0.00923653384153972 -0.01389711414643842 -0.003232370620831747 0.01458581530407027
400 0.2602157141803625 -1.065154329731283e-05 -0.009567391882659341 -0.0139513016859659 -0.00322634844502946 0.01462819754229423
410 0.2603087740681207 2.638038756415649e-05 -0.009615544472792352 -0.01396917607770987 -0.003217609246009897 0.01459055279715412
420 0.260244484002235 -0.0002356370236493296 -0.009511813415417904 -0.01391472770482929 -0.003221070216646688 0.01451970959413115
430 0.2601465920656059 -0.0006098151088571549 -0.009407660141366668 -0.01386045097955207 -0.003224296956846379 0.01448444753687616
440 0.2600396509421959 -0.0009866892224401169 -0.009248929430036764 -0.01383214970224876 -0.00322564199113309 0.01446903646906328
450 0.2599047827339658 -0.001260897378883973 -0.008971781218263005 -0.01379836574126198 -0.003227598391384199 0.01442694740824188
460 0.259818893549644 -0.001380299624996863 -0.008805056014031811 -0.01377189568244549 -0.003225173642664097 0.014405373632816
470 0.2598103730264033 -0.001304687143148529 -0.008880015209050201 -0.01376871990980316 -0.003217718683949955 0.01443823072855245
480 0.259793059950525 -0.001053623346746846 -0.0088629453876724 -0.01376571099729045 -0.003214888920364671 0.01442279549845935
490 0.259893962150178 -0.0006320944083698892 -0.009074271751390381 -0.01381594945453043 -0.003229663268512247 0.01449009965799833
500 0.2600864750557985 -0.0001663819643885372 -0.009541787322803584 -0.01388738142005232 -0.003241764864407427 0.01462316201808452
510 0.2602381116648714 0.0001452660286973851 -0.009720535306532082 -0.01393265087139622 -0.003226924457449273 0.01464588383407935
520 0.2602745268051494 6.351063786846968e-05 -0.009601505477049056 -0.01393038081383911 -0.003221160518142392 0.01459855696102333
530 0.2601599528019367 -0.0003089101598179556 -0.009357902193102903 -0.01387265367100428 -0.003223626586346946 0.01451952646552368
540 0.260056965200594 -0.0007717654239954058 -0.009198341897169204 -0.01384186112322332 -0.003226829915800822 0.01448404518301843
550 0.2599355156864679 -0.001144021632316442 -0.009002131713695429 -0.01381347366396041 -0.003228150520538232 0.0144463061561854
560 0.259819657970257 -0.00135931905489615 -0.008776386950641509 -0.01378185562490475 -0.003228701397183977 0.01439817983754372
570 0.2597795220230952 -0.0013823192732114 -0.008794483601453481 -0.01376703561109037 -0.003223969713343143 0.01441126783798616
580 0.2597794562368922 -0.001230923121253224 -0.008875900330640457 -0.01376321801154372 -0.003215365420641541 0.01442671588895082
590 0.2597920551226813 -0.0009170186396875404 -0.008869872255696023 -0.01377201781844052 -0.003217260845986992 0.01441380967738384
600 0.2599534868461932 -0.0004901292332658572 -0.009198707089307883 -0.01383705204334078 -0.003236600224910634 0.01452534262400659
610 0.2601413150590741 -6.451049017625644e-05 -0.009613296980481995 -0.01390212626138567 -0.003238793810030712 0.01464094702544953
620 0.2602638593056738 0.0001280383287649133 -0.009677289256423713 -0.01394419918393062 -0.003222630657646342 0.01464161123256855
630 0.2602276602102648 -5.846046318423456e-05 -0.009499427698625598 -0.01391972455989647 -0.003221427877647276 0.01457128730934353
640 0.2601152525993492 -0.0004460539891231431 -0.009331710264483706 -0.01386116246270673 -0.003224880121899421 0.01450193009827653
650 0.260024682587743 -0.0008862108651767821 -0.009201424542682449 -0.01382947890769279 -0.003228579348123805 0.01447212127721268
660 0.2599009545507079 -0.001205327384195517 -0.008978247816076357 -0.01379954676126035 -0.003229678674113079 0.01443061068504047
670 0.2597951871773259 -0.001367039801405452 -0.008778563167736222 -0.01376989783642354 -0.003228439419939138 0.01439035987151888
680 0.259777568053038 -0.001333386232252464 -0.008840105701221896 -0.01376042338112597 -0.003222069301696245 0.01441865484152248
690 0.2597723857862768 -0.001148422343223248 -0.008859050175907749 -0.0137549265227139 -0.003214787006719267 0.01441605006482533
700 0.2598192339696113 -0.0008076970945610416 -0.008896761415543023 -0.01377960308616426 -0.003222269396837109 0.01443077903429233
710 0.2600020832709755 -0.000381418015799407 -0.009292660130526586 -0.01385450134412391 -0.003241063301977057 0.01456980789468537
720 0.2601653121329666 3.528148178608674e-06 -0.009615961117583756 -0.0139156185171409 -0.003233906478201924 0.01464867710498305
730 0.2602544852165471 9.586277322272444e-05 -0.00962200598398676 -0.01394631231315669 -0.003221362237346007 0.01462926698863142
740 0.2601815173774273 -0.0001532130432299833 -0.009452873110494043 -0.01390037912597171 -0.003222405444023654 0.01454668788058893
750 0.2600918616893814 -0.0005668949743084386 -0.009316171283692084 -0.01384795076767393 -0.003226470254238635 0.01449137497481669
760 0.2599908451236772 -0.0009769982479988246 -0.009159139038249955 -0.01381976564404033 -0.003228215224461441 0.01446130656737561
770 0.2598606602855312 -0.001249830911336676 -0.008907200337615927 -0.01378958406492001 -0.003229332917871015 0.01441283351842457
780 0.2597812565947072 -0.001360143299095177 -0.008778443786470398 -0.01376457434642312 -0.0032269881226238 0.01439274619837887
790 0.259782147372414 -0.001284253851926693 -0.008869039380779136 -0.01375944151763701 -0.003219218480173065 0.01442629354971156
800 0.2597730716317278 -0.001062538916429185 -0.008828322367875733 -0.01375560418844727 -0.003214883014939301 0.01440806387474326
810 0.2598672310175572 -0.0006925399981693366 -0.008964273180464485 -0.01380216334182611 -0.003228361154816356 0.01446588687253276
820 0.2600553343259206 -0.0002591214970951619 -0.00941570004987965 -0.01387938233728397 -0.00324235482868115 0.01461149964978353
830 0.2601995484575619 6.944483480388259e-05 -0.009647801899860487 -0.0139345720951982 -0.003228377283682662 0.01465088970825032
840 0.2602478830863861 5.042129727920667e-05 -0.009600338000320657 -0.01394264285519037 -0.003221090746949002 0.01460624332125995
850 0.26015393279996 -0.0002582309807973131 -0.009427188474653429 -0.01387977998759759 -0.003223499593336324 0.01452081816847902
860 0.2600697744567775 -0.0006884677668468034 -0.009296191295576347 -0.01383845121796557 -0.003227231724369499 0.01448107898813314
870 0.2599521281768211 -0.001063130658605655 -0.009101857732940939 -0.01381108217020306 -0.003228564893976332 0.0144480409559409
880 0.2598280214413519 -0.001296974648715012 -0.008842589181127606 -0.01377959193033606 -0.003229329355456619 0.01439868449774189
890 0.2597792180793961 -0.001352992633326045 -0.00879516424219139 -0.01376078003287127 -0.003225231171099773 0.01440251840606591
900 0.2597805927154364 -0.001242456137095817 -0.008857565355888438 -0.0137573153733471 -0.003216911198156032 0.01442567219043962
910 0.2597804070391908 -0.0009754527258598729 -0.008805763521412173 -0.01376328739019263 -0.003217159436740752 0.01441072854634823
920 0.259917987040528 -0.0005739461849524673 -0.009078937995762145 -0.01382924001625795 -0.003235205412729452 0.01451269175112807
930 0.2600985116189521 -0.0001386052954963541 -0.00952933193787318 -0.01390148407819763 -0.003240625500314341 0.01463776708693811
940 0.2602296738805266 0.0001137337463305178 -0.009676314557482767 -0.01394728162786768 -0.003224401722746344 0.01464491153760012
950 0.2602283850325318 -1.178131378483261e-05 -0.009570698996094581 -0.01392620118919826 -0.003221740563988026 0.01457800880055895
960 0.2601301511114808 -0.0003699096288335775 -0.009401444653486749 -0.01386202716122184 -0.003224689553527017 0.01450283363054648
970 0.2600407957649 -0.0008056216885987489 -0.009255861525828177 -0.01382989212449577 -0.003227715386135938 0.01447178583148465
980 0.2599131990328563 -0.001146354498758497 -0.009017838191955929 -0.01380101910636622 -0.0032290540111966 0.01443275743015075
990 0.2598032517745644 -0.001341011896580272 -0.008784237502392402 -0.01377145974987174 -0.003228849570617245 0.0143909108133978
1000 0.2597801766778206 -0.001345415453782447 -0.008811002733978304 -0.01376103546669531 -0.003223056200537767 0.01441689318786803
1010 0.2597703539233045 -0.001192147155717876 -0.008821132274746188 -0.01375761505466172 -0.003215446704994819 0.0144193620924975
1020 0.2598006448670045 -0.0008694006344751931 -0.008838669212801756 -0.01378113442763803 -0.003221386078707738 0.0144278159573622
1030 0.2599740647510714 -0.000433330236102103 -0.009249340284608091 -0.01385711862605683 -0.003240874248326022 0.01456126479383981
1040 0.2601463810819545 -1.475221267490287e-05 -0.009637905767923503 -0.01391904738097162 -0.003236050525412285 0.01464796854696925
1050 0.2602572479391912 0.0001278729893606602 -0.009691764556912208 -0.01394967649494801 -0.003222402292750741 0.01463032212733891
1060 0.2602023100551649 -9.711795576254677e-05 -0.009520386373634358 -0.01390416650276662 -0.003222593609611205 0.01454890783293076
1070 0.2601061585655257 -0.0005057700337096522 -0.00935468512078865 -0.01384996478056078 -0.003226103894130702 0.01449130456158151
1080 0.2600026593507743 -0.0009343024281498886 -0.009182882156950416 -0.01382302899285337 -0.003228299769967395 0.01446328134925325
1090 0.2598713906140926 -0.001234678815963076 -0.008918250347660117 -0.01379321907767144 -0.003229626544641872 0.01441791154210487
1100 0.2597834928132826 -0.001371135359176888 -0.00875871294777607 -0.01376688208063851 -0.003227901512135877 0.01439237388165709
1110 0.2597794254011963 -0.001314777464818691 -0.008839964147106661 -0.01376171789467981 -0.003220370062281415 0.01442629560650575
1120 0.2597656315635942 -0.00110403166505019 -0.008814509081582296 -0.01375825681287798 -0.003215194336729385 0.01441057116690858
1130 0.259846116169221 -0.0007309310048991843 -0.008946102967674455 -0.01380092932060456 -0.003227428517256399 0.0144573373460224
1140 0.2600380307582592 -0.0002814105402789012 -0.009416489376665331 -0.0138773759708865 -0.003243291740235286 0.0146020746487729
1150 0.2601935648160821 7.428574190001062e-05 -0.009683782226621862 -0.0139310143931314 -0.003230453107346719 0.01464887687623905
1160 0.2602590875343897 8.167137319059564e-05 -0.009638098984556698 -0.01394282617314753 -0.003221822245653324 0.01461053975553386
1170 0.260164580677697 -0.0002201053717341782 -0.009440508732569011 -0.01388400963741537 -0.003223541535123748 0.0145258026903278
1180 0.2600749893645702 -0.0006535674401262043 -0.009296404438347134 -0.01384172425972148 -0.003227225614068224 0.01448367053874078
1190 0.2599598745533453 -0.001043796310509703 -0.009108450800830345 -0.01381396523666088 -0.003228734593081775 0.01445213415491412
1200 0.2598350711696212 -0.001292078248755168 -0.008849098764422402 -0.01378256048332793 -0.00322962401253785 0.01440259399242485
1210 0.259778370377476 -0.001363330780176968 -0.008781851591687493 -0.01376227114666461 -0.003225914719220348 0.01440016772251743
1220 0.2597796501748623 -0.001260211127782283 -0.008858359127788215 -0.01375910089015842 -0.003217548416824562 0.01442672581310484
1230 0.2597739440233749 -0.001001408600205646 -0.008811021656162184 -0.01376218266572829 -0.003216584467932712 0.01440909757196511
1240 0.2599031641125857 -0.0006005940554721654 -0.009060222649163379 -0.01382353065730446 -0.003233972655952867 0.01450003299812367
1250 0.2600896280875135 -0.0001603575860331814 -0.009521255818345105 -0.01389627586076952 -0.003241573217301435 0.01463172138000001
1260 0.2602264864858016 0.0001119617167117422 -0.009682699562568084 -0.0139438025701992 -0.003225485499498064 0.01464596506195471
1270 0.2602359118658091 7.596216971478264e-06 -0.009579572555654912 -0.01393043838671917 -0.003221590119452757 0.01458496566342724
1280 0.2601349229774558 -0.0003416060335564216 -0.009403272496706 -0.01386617112516466 -0.003224343491569481 0.01450684442363469
1290 0.2600471986867819 -0.0007789307485927213 -0.009263125252554238 -0.01383249062034248 -0.003227723642995161 0.0144743934373563
1300 0.2599216856344982 -0.001128729673673261 -0.009036306057435297 -0.01380385584224813 -0.003228950999618001 0.01443694712447263
1310 0.2598076659453136 -0.001332702787871087 -0.008795663163187317 -0.0137734627910435 -0.003229001928510087 0.014391998999787
1320 0.2597792534095731 -0.001348559363212753 -0.008808324130472885 -0.0137610050215806 -0.003223667061991964 0.01441337465875307
1330 0.2597736189163273 -0.001204692339471736 -0.008835196337246836 -0.01375743554379441 -0.003215710848632194 0.01442106779751321
1340 0.2597941427284616 -0.0008961024825772502 -0.008828576297081172 -0.01377573318748037 -0.003220120040943729 0.0144217775158219
1350 0.2599604384720852 -0.000467971051417475 -0.009206189729685793 -0.013849939112018 -0.003239774104409401 0.01454898821910009
1360 0.2601341769848775 -4.472102683111892e-05 -0.009612336542199628 -0.01391447055449876 -0.003237401009429392 0.0146463144658118
1370 0.260251476863512 0.0001262401881748631 -0.009688951143101955 -0.01395001006332671 -0.003222662866095693 0.01463492884646991
1380 0.2602094443310347 -7.542339718621668e-05 -0.009532743017257475 -0.01391008095531217 -0.003222240521563417 0.0145560474006827
1390 0.2601120305466775 -0.0004705356043282336 -0.009367170101604793 -0.01385259209384797 -0.003225659781112498 0.01449361709035366
1400 0.2600129121042009 -0.0009014291234212195 -0.009204552429796235 -0.01382445406797141 -0.003228189495905203 0.01446542578424857
1410 0.2598825534495538 -0.001211806087133189 -0.00894564650142644 -0.01379492856260715 -0.003229520724462966 0.01442133063135971
1420 0.2597882032334146 -0.001365020189450859 -0.008762386829388494 -0.01376739475983299 -0.003228148634949421 0.01439087765602031
1430 0.2597797853055193 -0.001324078202768872 -0.008833191025808537 -0.01376136102754495 -0.003221085965553241 0.01442449445118364
1440 0.2597661899053469 -0.001129945707593701 -0.008812983505240955 -0.0137576423391235 -0.003215034270075438 0.01441276785288562
1450 0.2598316564465201 -0.0007697054359228226 -0.008910505361788572 -0.01379539721439862 -0.003225697786480418 0.01444816216506177
1460 0.2600207679862249 -0.0003224021059503909 -0.009373734397770459 -0.01387275202106063 -0.0032429224894611 0.01459255645179758
1470 0.2601818985508381 5.459695120987813e-05 -0.009676254179898199 -0.01392860944435488 -0.003231915715045487 0.01464930830994388
1480 0.2602606874994855 9.877553893197831e-05 -0.009658030212541151 -0.0139458564950635 -0.003221798318196046 0.01461618618901647
1490 0.2601755453402061 -0.0001848503616852023 -0.009465146094856436 -0.01388879324189601 -0.003223181998320795 0.01453081177833903
1500 0.2600842288124427 -0.0006142151310229728 -0.009314735667750981 -0.01384364898547447 -0.003226910250388249 0.01448507854869633
1510 0.2599712126314794 -0.001016719741513714 -0.009129222588312481 -0.01381652856154605 -0.003228564261027171 0.01445527432484202
1520 0.2598435973466686 -0.001279101017488402 -0.008865123858715126 -0.01378529118161008 -0.003229651504178984 0.01440605023865852
1530 0.2597786677112901 -0.001368943147426177 -0.00877187875182261 -0.01376331149477394 -0.003226538532767173 0.01439750681558275
1540 0.2597798377969274 -0.001276729557837843 -0.00885465335462321 -0.01376018283232861 -0.003218354999309969 0.01442762154024139
1550 0.2597700727374919 -0.001030825149916544 -0.008809529289984958 -0.01376063431950582 -0.003216015549337007 0.01440849843394451
1560 0.2598866935400403 -0.0006357177490190145 -0.00902718952708835 -0.01381746822573257 -0.003232287331516967 0.01448775598697066
1570 0.2600760227791785 -0.0001909719016146334 -0.009498124403385263 -0.01389174198529453 -0.003242501225539315 0.0146252682628296
1580 0.2602194011028047 0.0001069383387904881 -0.009687595297734181 -0.01394085928506175 -0.003226774169964012 0.0146473414550594
1590 0.2602444824183239 3.015761360976055e-05 -0.009596525579835001 -0.01393477940743403 -0.003221773079894729 0.01459240629469991
1600 0.2601415234567676 -0.0003075158880284068 -0.009411352798258193 -0.01387085478012653 -0.003224149916807044 0.01451138493023361
1610 0.2600550715117759 -0.0007464628042417 -0.009272165324273841 -0.01383484280903554 -0.003227708568958794 0.01447693971661425
1620 0.2599322620731289 -0.001107782665741479 -0.00905590239402238 -0.01380670031219326 -0.003228949091387021 0.01444128977551604
1630 0.2598136886215598 -0.001324637255179131 -0.008805880292460272 -0.01377561562144043 -0.003229244193106628 0.01439413461064334
1640 0.2597781544508874 -0.001354598992790702 -0.008799780653837286 -0.01376117157128563 -0.003224320640759684 0.01440958999367413
1650 0.2597752924084935 -0.001221772253917409 -0.008843196694003741 -0.01375811716729866 -0.003216151592023598 0.01442354235691633
1660 0.2597872212331871 -0.0009256855107658268 -0.008820531896519863 -0.01377133709502704 -0.003218972573117485 0.0144165941079256
1670 0.2599447379785849 -0.0005041922807682377 -0.009165027609412043 -0.01384283964768354 -0.00323832117015809 0.01453538722519739
1680 0.2601227248975752 -7.396196903230041e-05 -0.009592005549496156 -0.01390977480256995 -0.003238862278139666 0.01464340284718471
1690 0.2602467821651447 0.0001267563230642281 -0.009689971926023239 -0.01394909649329374 -0.003223212480107888 0.01463873289398877
1700 0.2602179645231106 -5.028919455743081e-05 -0.009545250352219588 -0.01391625550490355 -0.003222148007613598 0.01456427985221466
1710 0.2601174613548646 -0.0004340621451659756 -0.009376055953883982 -0.0138561921230392 -0.003225372750407925 0.01449704210570865
1720 0.2600226887382676 -0.0008693012717026857 -0.009221233945534434 -0.01382663996486632 -0.003228044801067521 0.01446808526518412
1730 0.2598928353134198 -0.001190244837301169 -0.008970563436654462 -0.01379729214022635 -0.003229344558590017 0.01442565439448471
1740 0.259792091272626 -0.001358500819902061 -0.008768039614887237 -0.01376884898692251 -0.003228454123301456 0.01439027424656276
1750 0.2597801652228369 -0.001331905791884935 -0.008827692191522366 -0.0137613498974798 -0.00322189721973273 0.01442187108639958
1760 0.2597675627044224 -0.001152872627252235 -0.008818589136379194 -0.01375727131378632 -0.003215118315130936 0.01441508541063034
1770 0.2598196711922695 -0.0008059861790950541 -0.008882529411361331 -0.01378930546856997 -0.0032239747395907 0.01443930864216588
1780 0.2600039415163523 -0.000363850796640752 -0.009326552341664525 -0.01386658512643359 -0.003242460624661005 0.01458123956128468
1790 0.2601683518205672 2.954682328533401e-05 -0.009660647565935938 -0.0139250474744528 -0.003233573472058161 0.01464952877893409
1800 0.2602598812429658 0.0001099281515765248 -0.009668804786447284 -0.01394800717677854 -0.003221970024762015 0.01462227701535398
1810 0.2601851678275666 -0.0001518511798487992 -0.009484371380433353 -0.01389475248652361 -0.003222933309532369 0.01453739531496636
1820 0.2600922215201534 -0.0005734840748897994 -0.00932998479390099 -0.01384582993247452 -0.003226610339076917 0.01448728528346894
1830 0.2599836168096915 -0.0009855892197582958 -0.009152194489731787 -0.01381889271331085 -0.0032284902617529 0.01445838836417127
1840 0.2598544043668413 -0.001261808640230036 -0.008886462592393138 -0.01378801438457125 -0.003229683232886988 0.01441019568116333
1850 0.2597798631219217 -0.001370133643985492 -0.008766032330066013 -0.01376416706262807 -0.003227044283298535 0.01439475472299897
1860 0.259780978447987 -0.001292054529311503 -0.008850792538720077 -0.01376073775684118 -0.003219075202875147 0.01442770960627887
1870 0.2597679270693562 -0.001060671694977883 -0.008808774272600442 -0.01375931087491049 -0.003215617411064684 0.0144088271254677
1880 0.2598696274222556 -0.0006747475568294172 -0.008990701353987586 -0.01381091069163897 -0.003230231493661113 0.01447539069798921
1890 0.2600618499549598 -0.0002273399853705447 -0.009467334722589283 -0.01388656173223679 -0.003242920075125101 0.01461701850276502
1900 0.2602097627530492 9.614437279674545e-05 -0.00968792915947642 -0.01393780249543924 -0.003227989088231028 0.01464826515836298
1910 0.2602514842453323 5.265096298027831e-05 -0.009615535498111505 -0.01393890571770562 -0.003221618329598266 0.01459970829450073
1920 0.2601518421996153 -0.0002706379169759989 -0.00942771696572196 -0.01387575438560183 -0.003223705646781066 0.0145160914576277
1930 0.260064453333023 -0.0007088324112832079 -0.009286344252927682 -0.01383732323953514 -0.003227307242574423 0.01447898292655163
1940 0.2599442492932456 -0.001082514246146564 -0.009079933119256801 -0.01380956832100211 -0.003228767684046005 0.01444533326235646
1950 0.259822383439462 -0.00131341927547603 -0.008821915530561135 -0.01377835711276108 -0.003229469066427848 0.01439698372102253
1960 0.2597776233381194 -0.001360349043371626 -0.008790373320918622 -0.01376163513835564 -0.003225039090919098 0.01440556365764155
1970 0.259776964854583 -0.001240186582332061 -0.008848905636561584 -0.01375871837953687 -0.003216719797004225 0.01442540982588082
1980 0.2597805190899141 -0.0009582270775652953 -0.00881401558609032 -0.01376747922173177 -0.003217944823657968 0.01441278312284027
1990 0.2599271527613302 -0.0005438916563829622 -0.00912275340282202 -0.01383537454278659 -0.003236659540647348 0.01452081658079625
2000 0.2601098638334802 -0.000106316165091511 -0.009569633868512761 -0.01390469249236743 -0.003240157649834383 0.01463933348515053
2010 0.2602403174905556 0.0001250163645657762 -0.009692769296814062 -0.01394734347450063 -0.003224075333163881 0.01464172035059142
2020 0.2602268491489135 -2.453075734859665e-05 -0.009561226947539617 -0.01392227416758507 -0.003222006516512943 0.01457252083553064
2030 0.2601247916792294 -0.0003956788761028889 -0.009386503727436477 -0.01386010676206732 -0.003225096304207866 0.01450075653219261
2040 0.2600327284852093 -0.0008339476422841188 -0.009237444710151987 -0.01382927028189744 -0.003228015928617279 0.01447088931551907
2050 0.2599042916157376 -0.001167453414838908 -0.00899610239191603 -0.01380013502727166 -0.003229296407627789 0.01443043187225251
2060 0.2597979603632484 -0.001350529971643767 -0.0087763804162325 -0.01377068141672044 -0.00322872970994157 0.01439043553933448
2070 0.2597796563500115 -0.001340495277569722 -0.008819517623695525 -0.0137613038938601 -0.003222630765214451 0.01441876717308814
2080 0.2597699407027864 -0.00117515391801564 -0.008826759806913312 -0.01375728223288041 -0.003215284904036146 0.01441747719343118
2090 0.2598081511817777 -0.0008429460934031844 -0.008858861485914762 -0.01378326215405036 -0.003222239489286322 0.01443100718720126
2100 0.2599861222728179 -0.0004058347451669734 -0.009278008445130631 -0.0138597557748221 -0.003241566411023003 0.0145681401100923
2110 0.2601551169027178 1.594453031012562e-06 -0.009643143466833145 -0.01392069175738236 -0.003235208731372809 0.01464871012578095
2120 0.2602581038118403 0.000119705420766173 -0.009677267780927876 -0.01394928414526609 -0.003222101805098991 0.01462805366607643
2130 0.2601948806745091 -0.000119120230652494 -0.009501430609929576 -0.01390136840024457 -0.003222659264756327 0.01454521271045257
2140 0.2601001465563161 -0.0005308824841747795 -0.009343548306405124 -0.01384870474017674 -0.003226223336142267 0.01449013886671104
2150 0.2599958904237704 -0.0009518923430929328 -0.009174148133211492 -0.01382131690149524 -0.003228335458469709 0.0144615548741681
2160 0.2598660193261179 -0.001242240262932394 -0.008910613605717717 -0.01379087370810058 -0.003229594410914814 0.0144148720569404
2170 0.2597825672208077 -0.001368504754443158 -0.008763523632303918 -0.01376533097870128 -0.003227582987276711 0.01439239175687631
2180 0.2597805231747486 -0.001305926646399584 -0.008845415234812647 -0.01376101310567491 -0.003219901158574663 0.01442680696995301
2190 0.2597672718094383 -0.001090645309639606 -0.008810588430895662 -0.01375813997399924 -0.003215256578900868 0.01441000071553423
2200 0.2598535194805256 -0.0007157608837833586 -0.008953905241772607 -0.01380397457686955 -0.003228257044176814 0.01446312957198155
2210 0.2600443252407327 -0.000268252989371912 -0.009426926041016736 -0.01388078726907945 -0.003243149185982483 0.01460765304522621
2220 0.2601979028904981 7.875294779547927e-05 -0.009683016806580095 -0.01393404702098465 -0.003229562305690161 0.01464909865079672
2230 0.260256543542264 7.355139555349968e-05 -0.009633431857760054 -0.01394269665690686 -0.003221619383521898 0.01460719324434005
2240 0.260161122623803 -0.0002327771034825493 -0.009442564426536799 -0.01388134993459706 -0.003223615485487687 0.01452223639868485
2250 0.2600732123152331 -0.0006676208533811309 -0.009299509138569622 -0.0138400453037621 -0.003227307703601572 0.01448181740612599
2260 0.2599557501333791 -0.001054494627164587 -0.009101829351240247 -0.01381239072382461 -0.003228731671889228 0.01444976690545231
2270 0.2598307859997714 -0.001299434502793537 -0.008838945482391374 -0.01378112724883706 -0.003229574056514136 0.01440050559817148
2280 0.2597782124791836 -0.001365264345617556 -0.008780603343810806 -0.01376224569730959 -0.003225707374488891 0.01440199463999225
2290 0.2597783460679026 -0.001257707988018872 -0.008851263739929331 -0.01375941017702526 -0.003217384330647705 0.0144267795141695
2300 0.2597746730462672 -0.000991711608705711 -0.00880812066896104 -0.01376414773462906 -0.003216973619991494 0.01441025296071897
2310 0.2599091499784986 -0.0005843808052047792 -0.009079067466771888 -0.01382786322321301 -0.003234878028263605 0.01450635349430135
2320 0.2600951499329601 -0.0001418389789812074 -0.009540966491230339 -0.0138995386282253 -0.003241344858310635 0.01463422108871964
2330 0.2602321975170716 0.0001203295427823507 -0.009693925420015024 -0.0139449547954925 -0.003225094626349408 0.01464447408355312
2340 0.2602356489226634 1.629015031859938e-06 -0.009579070712171825 -0.01392798367553361 -0.003221808438427093 0.01458097872089602
2350 0.2601327047456887 -0.000355914724088005 -0.009397890931998477 -0.01386445528721401 -0.003224589861193395 0.01450495228484006
2360 0.2600434927554858 -0.0007959077574227805 -0.009254051678092493 -0.01383181644608955 -0.003227885406863998 0.01447350650058889
2370 0.2599162618234153 -0.001142721128434772 -0.00902216313049962 -0.0138031987406667 -0.003229103414897794 0.01443534855809876
2380 0.2598040912794694 -0.001340957738125808 -0.008787166360282084 -0.01377283880030707 -0.003229018760636051 0.01439144052787045
2390 0.2597788362127448 -0.00134841687957875 -0.008810614079122221 -0.01376135415307563 -0.003223387493242577 0.01441506256390369
2400 0.2597721342548817 -0.001196670807211957 -0.00883420414315692 -0.01375768288357737 -0.003215641807575928 0.01442023285607839
2410 0.2597979308164379 -0.0008797584449744771 -0.008840450235758772 -0.0137777260462316 -0.003220736590329377 0.01442383895168882
2420 0.2599684642314307 -0.0004483049971013688 -0.009231214498355273 -0.01385245094316409 -0.003240289913304769 0.01455397229579574
2430 0.2601411730235011 -2.926504430487938e-05 -0.009624635950347108 -0.01391576193930767 -0.003236822268891285 0.01464656635534137
2440 0.2602549628120869 0.0001255396113561949 -0.009685458383616612 -0.01394963885684452 -0.003222564510748145 0.01463309978271912
2450 0.2602051108196693 -8.882746761187858e-05 -0.009520576068409798 -0.01390772490536591 -0.003222393196837218 0.0145531443313716
2460 0.2601081647459167 -0.0004894578685955105 -0.009358123906494667 -0.0138518038892472 -0.003225761180720635 0.0144928043055439
2470 0.260007999581965 -0.0009172300215009065 -0.009195288956217317 -0.01382373442414139 -0.003228203695886636 0.01446441979102614
2480 0.259877297933492 -0.001220488441935051 -0.008936406063857228 -0.01379377026255144 -0.003229553147520001 0.01441955723966907
2490 0.2597864641667628 -0.001365465107003933 -0.008764225784260189 -0.01376684197067436 -0.003227936147606378 0.01439113407964395
2500 0.2597809471915972 -0.001317673468256519 -0.008840103563565471 -0.01376111976455862 -0.003220811734708832 0.01442484565743548
2510 0.2597669754880721 -0.001118130050519728 -0.008814125508681558 -0.01375744175373468 -0.003215021598150729 0.0144117199236024
2520 0.2598384879549575 -0.0007550408866096087 -0.008920831278192905 -0.01379715040766074 -0.003226281114049314 0.01445175125441791
2530 0.2600276353389156 -0.0003092163007842903 -0.009385052847092547 -0.01387460801270387 -0.003242899683285515 0.01459672615009073
2540 0.2601853315176587 5.870869676273046e-05 -0.009673863677300457 -0.01393006860923164 -0.003231085128034794 0.01464952364495721
2550 0.2602593810943483 9.103414168449931e-05 -0.00964895422656124 -0.01394565328806344 -0.003221611347064909 0.01461408243296454
2560 0.260171449578938 -0.0001962514180762339 -0.009459549349712174 -0.01388717526349574 -0.003223215657432687 0.01452861871761605
2570 0.2600816357409789 -0.0006255711390050013 -0.009314105454609948 -0.01384257741196633 -0.003226972399014335 0.0144841439368241
2580 0.2599688481004064 -0.001024417483011569 -0.009126420410313221 -0.01381522698795808 -0.003228586692733828 0.01445378172815251
2590 0.2598411820183926 -0.001282785800830753 -0.008860196524292931 -0.01378406990869084 -0.003229601295041603 0.01440443560273738
2600 0.2597783640814275 -0.001368539951452216 -0.008773421589936083 -0.01376296921875932 -0.003226259092365082 0.01439865597527239
2610 0.2597802313744424 -0.001273415587267749 -0.008852432542155031 -0.01376007632751837 -0.003218146421683055 0.01442769465081884
2620 0.2597704720860255 -0.001023239854659677 -0.008805184365499439 -0.01376162162315855 -0.003216262273560989 0.01440890699123832
2630 0.2598910575360865 -0.0006245817653623486 -0.009037730932780352 -0.01382050979192457 -0.003232943702779542 0.0144928036865161
2640 0.2600806344227561 -0.0001787063238461037 -0.009510213044122209 -0.01389419413939089 -0.003242338965384815 0.0146278974209461
2650 0.2602222991579872 0.0001119632629688551 -0.009691906402043489 -0.01394232270318664 -0.003226349596464212 0.01464668797933097
2660 0.2602430878507405 2.489843849675789e-05 -0.009595871667218862 -0.01393301070399884 -0.003221799636240866 0.01458918272745829
2670 0.2601406767069549 -0.000317706576598961 -0.009410823934038772 -0.01386921770023212 -0.003224254730618787 0.01450942319713083
2680 0.2600527360123072 -0.0007579897064379395 -0.009267929924430127 -0.01383428569119821 -0.003227725172830812 0.01447609258082743
2690 0.2599286210352183 -0.001116542278331869 -0.009047486110281982 -0.01380613972952365 -0.003229046567543443 0.01443998409013552
2700 0.2598117029979862 -0.001329968363609631 -0.008800179651080209 -0.0137752801292613 -0.003229190043954432 0.01439371553510332
2710 0.2597779684226801 -0.001354717577403702 -0.008801289773917489 -0.01376147291340457 -0.003224142332972613 0.0144110605866933
2720 0.2597743511107012 -0.001216426996303231 -0.008840710983602404 -0.01375822615192069 -0.003215997883163859 0.01442274728734541
2730 0.2597896393081525 -0.000913845177627196 -0.008826536077131655 -0.01377309762851508 -0.003219422307527693 0.01441819090688088
2740 0.2599504761652217 -0.0004885717713649265 -0.009184275389523001 -0.01384538730052229 -0.003238874951976872 0.01454002164302934
2750 0.2601280378793013 -6.046683772757253e-05 -0.009603424176054913 -0.01391104972274047 -0.003238347835556969 0.01464421802500269
2760 0.260249602593077 0.0001278685726054841 -0.009690317623274684 -0.01394896893163125 -0.003222978244213788 0.01463704111431737
2770 0.2602151624788097 -5.997688930876232e-05 -0.009537052813479724 -0.0139140774536613 -0.003222151721772301 0.0145614463691196
2780 0.2601154943102532 -0.0004483486615417217 -0.00936934243920199 -0.01385524998744396 -0.003225469601065298 0.01449609654847746
2790 0.2600186645093554 -0.0008822236811724082 -0.009213016755541001 -0.01382632832932516 -0.003228089990511613 0.01446759317300503
2800 0.259889285721728 -0.001198183466339148 -0.008962157669045486 -0.01379665230591931 -0.003229438393472115 0.01442438059786745
2810 0.2597910898291764 -0.001360133284668856 -0.008768809488045006 -0.01376838261642593 -0.003228268084901162 0.0143905352707882
2820 0.2597803538063519 -0.001327668320549035 -0.008833026808198046 -0.01376131041148254 -0.003221562020151266 0.01442272870688039
2830 0.2597678810069479 -0.001143224998522015 -0.008819518562688271 -0.01375707294443829 -0.003215076819676375 0.0144138752153224
2840 0.2598249440495703 -0.0007921072640689219 -0.008893046091492246 -0.01379089867436569 -0.003224548202840483 0.01444213541277986
2850 0.260010310762753 -0.0003500559287042586 -0.009341450916584533 -0.01386841680309699 -0.003242569204200828 0.01458545599016227
2860 0.260172756223722 3.600893076390183e-05 -0.009662477351716362 -0.01392612221857615 -0.003232813491935533 0.01464943695405149
2870 0.2602593246081763 0.0001035960471016029 -0.009661623992346156 -0.01394735680641369 -0.003221748687820042 0.01462012834368898
2880 0.2601807890717656 -0.0001638741091853957 -0.009477018674737287 -0.01389291255655287 -0.003222938302471981 0.0145350583137624
2890 0.2600895826077835 -0.0005861397190975902 -0.00932713873721018 -0.0138449591511002 -0.003226698210317113 0.01448650479619744
2900 0.2599796837751674 -0.0009943523478750231 -0.00914715512540052 -0.01381784252338108 -0.00322851833908689 0.01445716989777961
2910 0.2598512483626256 -0.001266012060992838 -0.008880585866821016 -0.01378696174215464 -0.00322963883073047 0.01440879427692246
2920 0.259780080577132 -0.001368413942634026 -0.008768657383777585 -0.01376376079340048 -0.00322683703664596 0.01439562246077904
2930 0.2597805549353397 -0.001287284670773524 -0.008850562234233892 -0.01376044615473051 -0.003218736998720711 0.01442773210455233
2940 0.2597685738370453 -0.001051682332189765 -0.008805574010668941 -0.01375984376634133 -0.003215804690244927 0.01440866744165944
2950 0.2598752267886709 -0.0006623275826358314 -0.009001623009144982 -0.01381367166440146 -0.00323095300110866 0.01448016489629215
2960 0.2600666344290386 -0.0002148007986981626 -0.009478626786599203 -0.01388878237806219 -0.003242745762782244 0.01462047892921941
2970 0.2602126304456308 0.0001007888925044569 -0.009688691113317367 -0.01393934425505447 -0.003227560643955015 0.01464806458252834
2980 0.2602486582798328 4.575584845041339e-05 -0.009610840390900488 -0.01393725024956834 -0.003221667890446073 0.01459676664355056
2990 0.2601487855941991 -0.0002824812007147704 -0.009424022137073643 -0.0138736671146535 -0.003223878961770346 0.01451402042306285
3000 0.2600617643499585 -0.0007217124680321225 -0.009281929607760687 -0.01383638068429635 -0.003227452646606785 0.01447820669072376
