"report"
"Iteration" "cd etc.."
("Iteration" "cd" "cl" "cmx" "cmy" "cmz" "cx" "cd-scale" "cl-scale" "cs-scale" "cmx-scale" "cmy-scale" "cmz-scale")
10 0.1443698103049415 0.05804987833900382 -0.0143724122275021 -0.0006224758893958342 0.0003406006635832947 -0.001937300066864063 0.1463733452699667 0.05516276248887995 -0.002060969919381524 -0.01563604879962128 -0.00060592139090484 0.000326611443871897
20 0.1499647645235127 0.05704136375842241 -0.01388181310573949 -0.0002489600453175914 0.0002699359821284518 -0.001200513015703798 0.1521613584057428 0.0541763956581792 -0.001424634532998098 -0.01525426423594607 -0.0001693527913869858 0.000262385411456651
30 0.1509476986872451 0.0568683995709299 -0.01411519930961055 0.0001499106695895223 2.241218254752419e-05 -0.0007935511825159652 0.1532457156517099 0.05423743866787108 -0.001049270779741933 -0.01548584732297975 0.0002690545017648687 2.100532818822035e-05
40 0.1506487584238611 0.05429826282175201 -0.01419033555080204 0.0006082358458433659 -0.000215486717004767 -2.772557291919569e-06 0.1528454228991689 0.0514967693828766 -0.0002785624104840611 -0.0155696201935702 0.0007568802998804568 -0.0002121121975030862
50 0.1504173047863666 0.05399064143968788 -0.01424706826114616 0.001049077106544206 -0.0004212687407311419 0.0008976761982870023 0.1525509147745362 0.05107226755740554 0.0006326259898581822 -0.0156287157655217 0.001213103911414916 -0.0004144275027133768
60 0.1500943131201781 0.05437254846723088 -0.01423374995042239 0.00154426834950107 -0.0005915792028420308 0.001645033157230587 0.1521982943363354 0.05169870715522461 0.001492821407719208 -0.01551329635476168 0.001690851605412537 -0.0005811898398779562
70 0.1502026886883278 0.05487971098892917 -0.01433285930275663 0.001829354541479768 -0.0007331972613868372 0.00195656066087287 0.1522543333871502 0.0524329131794484 0.001913116239482522 -0.01551059140837749 0.001936295072694411 -0.00072277759496406
80 0.1503428486658939 0.05563273722284166 -0.01439672021386239 0.001809599273373687 -0.0007830658975461098 0.00196281303685923 0.1523927541351418 0.05331042311484179 0.00198124585075963 -0.01554463574962648 0.001878961208143557 -0.0007722049081663235
90 0.1505703535078659 0.05650659374974189 -0.0144347890195447 0.001490527793424605 -0.0006572091158439803 0.002676691873927192 0.152607052814297 0.05420258538507761 0.002676878512041649 -0.01559879718979256 0.001540053129321482 -0.0006474774601170354
100 0.1509256814391849 0.05673826475556167 -0.01455778501922346 0.001273690925445929 -0.0006136988024243896 0.002920544677742894 0.1529680104956531 0.05435034418288778 0.002954196581748399 -0.01576221021208004 0.001298060670932799 -0.0006046742404811353
110 0.15121020771473 0.05645988265890158 -0.01460504674305809 0.0009904821360783894 -0.0005093246898002585 0.002396582999647621 0.1532948965740776 0.05397291996916632 0.002554532372432309 -0.01585001800106974 0.0009850856520125888 -0.0004992520556200093
120 0.1513171842766498 0.05630587966762967 -0.01465564548870402 0.000595639542911114 -0.0003555130958902947 0.001618130320124804 0.1534667313445092 0.05374585132872658 0.001900753899206951 -0.01593590683010462 0.0005657418395934588 -0.0003438171676739613
130 0.1511272840497397 0.05622014347433719 -0.01475150164578516 0.0001609991811883884 -0.000192749089822809 0.0006770175340782499 0.1533421881357001 0.05361975805433163 0.001023690786612083 -0.01606075105646034 0.0001039081311386391 -0.0001820779787976228
140 0.1510449185908222 0.05572249049264388 -0.01476536705942773 -0.0002504015365354806 2.379109373411521e-05 -0.0002080994489056248 0.1533048909305985 0.053107826984534 0.0001493171997459666 -0.01609114349983533 -0.0003424813855639825 3.002048728766677e-05
150 0.1509945075820061 0.05513396682774049 -0.01474180317399193 -0.0006329094797638807 0.0002998911893122315 -0.001068232283206246 0.1532831255024604 0.05252948642996701 -0.0007061345698891251 -0.01606719912058312 -0.0007570758422540256 0.0003015515297872828
160 0.1507180438253894 0.05505612825278524 -0.01470779072404587 -0.0009714265862752313 0.000564048944527332 -0.001961213016167275 0.1530244612743108 0.05249317913803876 -0.001564274009892077 -0.01601677158398692 -0.001118640512290729 0.0005642549458136756
170 0.150575002701849 0.05537101406968565 -0.01474448598635847 -0.001178056738372402 0.0006670199058101369 -0.002772812284461849 0.1528795477515803 0.05286726018684301 -0.002334980717755513 -0.016027498419519 -0.001340908230242671 0.0006674688117180462
180 0.1505800971267675 0.0560982393116362 -0.01496490942759032 -0.001139391665693047 0.0006264724210025192 -0.003213404085720672 0.1528662700280729 0.0536546561762538 -0.002764381452528682 -0.01621687907795379 -0.001308289144492755 0.0006266694212760418
190 0.1504676505207488 0.05700085953430158 -0.01518827557229771 -0.001098357181182881 0.0006451120833456067 -0.003678740135651439 0.1527313121245013 0.05460525714142083 -0.003245107286531266 -0.01641194082843441 -0.001262241517429471 0.0006436055036219062
200 0.1505809475290766 0.05744308335925898 -0.01523436425841837 -0.00116386958242805 0.0006417194291890333 -0.004301546224433361 0.1528256324994921 0.05507832078523051 -0.003904298513405484 -0.01643982860808997 -0.001309079885212119 0.0006380095185934083
210 0.1508202475561313 0.05752249179563605 -0.01518455478598684 -0.001043520003640317 0.0004934121553062007 -0.004405576613101401 0.1530526163372406 0.05516545617912914 -0.004084705754179304 -0.0163853733654696 -0.001152467829412449 0.0004887556782989054
220 0.1509266069585718 0.05732767292370622 -0.01507678738815555 -0.0008189486270038858 0.000347198362789448 -0.004330063922191194 0.1531571415909591 0.0549558362907825 -0.004132059756096661 -0.01628363027785751 -0.0008749321763575212 0.0003437799564147816
230 0.1510824605213371 0.05729355623180411 -0.01505335879725433 -0.0005772978986598594 0.0002309652256335904 -0.004230030204714969 0.1533206624564347 0.05490351628027382 -0.004178710022466361 -0.01626809758769844 -0.0005677955828264522 0.0002309569082643582
240 0.1513934078801444 0.05719309907720459 -0.01507199286593963 -0.0003032269487775497 9.987079874479214e-05 -0.003884985439892426 0.1536358271233277 0.05480430228801942 -0.003978537867686439 -0.0162863043531456 -0.0002205444659698035 0.0001047729707999149
250 0.151788890068451 0.05658884606012236 -0.01500254293658179 4.639255364108242e-05 -7.985982117976428e-05 -0.003123133872512185 0.1540211319909398 0.05422669185885028 -0.003324943999403918 -0.01620386995179082 0.000194636592083748 -6.996942410091066e-05
260 0.1518532262984537 0.05602771855949645 -0.01488464945713693 0.0004658502532469701 -0.0002790470402429984 -0.001974434004212237 0.1540659009860937 0.05370433026834574 -0.002223202042757515 -0.0160659690978957 0.0006538059225779631 -0.0002657919939350887
270 0.1515233653449265 0.05586086382951031 -0.01476122581390937 0.0009188628779746446 -0.0004752522114563863 -0.0005687126537016351 0.1537120734366958 0.05357985991215178 -0.000815729832348554 -0.01591915121900312 0.00111491939901106 -0.0004613092041353569
280 0.1510469926590483 0.05581961456235129 -0.01462659790938897 0.001287243201535613 -0.0006296902299048418 0.0007603254453408165 0.1532102564589151 0.05358236173197829 0.0005281441632102041 -0.01576072792575009 0.001468609001294974 -0.000617630775423804
290 0.1508635250775371 0.05579667722802755 -0.01459931077760004 0.001406688418669727 -0.0006688486919547037 0.001641334257616535 0.1530026504495007 0.0535948012786592 0.001433106719944512 -0.0157163632761269 0.001560163110074484 -0.0006598361282990162
300 0.1507551684630416 0.05624165807249117 -0.01475577238864773 0.001312194328751201 -0.0006104151196543908 0.0021583231619724 0.15287255380629 0.05405628245588393 0.001992750782855891 -0.01586648458011951 0.001432508870978562 -0.0006038627241888099
310 0.150645178246998 0.05692810409658022 -0.01496386677250705 0.001214307703531871 -0.0005614104558629842 0.002697238561045914 0.1527446422257853 0.05473462279849166 0.002590423520062168 -0.01607999266542489 0.001301863040587989 -0.0005561310410656553
320 0.150797009844237 0.05713112834537321 -0.01505273893812772 0.001043116576323906 -0.0004713489069408838 0.002851388088414545 0.1528869015356528 0.05490326212725703 0.002810221029945682 -0.01618562518674578 0.00110243016886412 -0.0004663667205748681
330 0.1510462380605304 0.05697069859726564 -0.01505632051279802 0.0007024000042603017 -0.0003029587914357983 0.002428190592708135 0.1531404341327115 0.05468116397065834 0.002452478426007436 -0.01621705016655771 0.0007397506864042566 -0.0002977139255597493
340 0.1511464992489175 0.05684539195681242 -0.01506678318629972 0.0002677061049270104 -0.0001027756240596363 0.001699853896813255 0.1532641957323442 0.05447652688190335 0.001791403321445447 -0.01626478027966352 0.00028288503324744 -9.745716630442967e-05
350 0.1509798186348225 0.05670314393115892 -0.01502653108781781 -0.000202754972526508 0.0001193656217171596 0.0007803924877151596 0.1531344162925105 0.05426743037638845 0.0009413615675421905 -0.0162611032384625 -0.0002191854573200513 0.0001235815902568253
360 0.1508332703907691 0.05646941148804743 -0.01499247293458735 -0.0006511972515083741 0.0003335920661625934 -0.0002009469007389421 0.153021646540786 0.05400692536454207 2.611303656709459e-05 -0.01624818085122081 -0.0007088707590901448 0.0003355204851961667
370 0.1505750647137274 0.05628146018597224 -0.01495403984369325 -0.001059663076728878 0.0005385039990268214 -0.001281650866953383 0.1527821850348118 0.05383700974964351 -0.0009920011843801691 -0.01620764390952839 -0.001157537258088006 0.0005386478590708226
380 0.150260969939062 0.05634955928586493 -0.01494634469305747 -0.001306267923448845 0.0006587513169886356 -0.002217920926820669 0.1524721922528868 0.05395237629350461 -0.001865036341870897 -0.01617967394427621 -0.001436279939787586 0.0006583506565671891
390 0.1502072044183188 0.05675571043667708 -0.01508640243430586 -0.001309912014778782 0.0006473655300976604 -0.002792356369886033 0.1524127910412084 0.05441496254913575 -0.002395474616970026 -0.01629146308348018 -0.001460217456427902 0.0006464172439769808
400 0.1501168356789336 0.05756312974807365 -0.01532031305514111 -0.00123063305097844 0.0006092996142283084 -0.003314508414390134 0.1523099179871715 0.05526522681642169 -0.002918524595890432 -0.01650000721063861 -0.001381328448290051 0.0006073054123397863
410 0.1500568184001136 0.05794806206495676 -0.01540503265715335 -0.001278429272926944 0.0006349823958076487 -0.004120506885986669 0.1522364218168256 0.05566510962288052 -0.003772338850485777 -0.01657081531260799 -0.001405958042355444 0.0006321067694786772
420 0.1501330439049486 0.0578736417252178 -0.01536140405093522 -0.001165046910195486 0.0005484769180659066 -0.004307890790699449 0.1523066618065048 0.05557994479808535 -0.004053605328677632 -0.01652745204697054 -0.001248256418585315 0.0005456337708029369
430 0.1501673493043734 0.05750920296948391 -0.01524632271823683 -0.0009125617173531532 0.0004153670557029246 -0.004130853214198018 0.1523473788101164 0.05518376635001995 -0.004010084840231684 -0.01642564212481631 -0.0009366172744901803 0.0004138210976984164
440 0.1502000696488979 0.05719518623863894 -0.01516346553767269 -0.000659260538443233 0.0003356383954916332 -0.003978031143450147 0.1523952172339016 0.05483358799420301 -0.004001159276881074 -0.01636048521775723 -0.0006169786096815171 0.0003371537935522539
450 0.1504826162917292 0.05712604176753393 -0.01519955094876755 -0.0003973103464508551 0.0002610481786367597 -0.003704498966941076 0.1526900518879894 0.05474945597791149 -0.003847450368704818 -0.0164054157518961 -0.0002896390236655582 0.0002674916209614081
460 0.1509979462359248 0.05668577339443694 -0.01517615856231951 -9.518637179919166e-05 0.0001270835315998402 -0.003159530782496957 0.153208239125284 0.05432285279137209 -0.00337724185275309 -0.01637668780354809 6.365599179990814e-05 0.0001385988934228561
470 0.1513087562160161 0.05604185437469831 -0.01504876447481023 0.000272574245641159 -7.058659236171817e-05 -0.002299255115833139 0.1535127653254437 0.05370503065291848 -0.00252979404966837 -0.01623647203180544 0.0004534218789347737 -5.61764074160485e-05
480 0.1512096403213814 0.05577465621526193 -0.01491717067357148 0.0006794105967220276 -0.0002859191707529207 -0.001209263725987043 0.1533984139600634 0.05347408338821796 -0.00140361907073592 -0.016085145877639 0.000854522538022988 -0.0002711958302678874
490 0.1507789382005551 0.05580352880749926 -0.01477061844710487 0.001078686366526328 -0.0004928608798197368 -3.018671082898865e-05 0.1529453383455944 0.05353763096106086 -0.0001778336078448332 -0.01591886500464073 0.00123157398696707 -0.0004798241591361336
500 0.1504784849494871 0.05577737528309083 -0.01465288237344629 0.001324783618979226 -0.0006172840764071454 0.0009168603715149933 0.1526203599660327 0.0535414624323944 0.00080335563229076 -0.01578530349464258 0.001449414771161391 -0.0006070631756508662
510 0.1503955886262824 0.05595574434232647 -0.01467942059391843 0.001345214932947868 -0.000622719730315115 0.001487550625054648 0.1525170072602348 0.05373845772070025 0.001400759882736554 -0.01580378203836299 0.001442894503856458 -0.0006150180364226969
520 0.150282162021293 0.05668328477062359 -0.01487577404981786 0.001241767590467958 -0.0005668650762972396 0.00189562300686416 0.1523891679729185 0.05446671533366743 0.001841346332299054 -0.01600197476024379 0.001316503482718592 -0.0005603780808443111
530 0.1503457479976882 0.05723441422441794 -0.01503946335543701 0.001176106924034044 -0.0005367155148775979 0.0023878009491395 0.1524447739767485 0.05499619318251951 0.002374226021444276 -0.0161775107993625 0.001232071924104267 -0.0005303030803282418
540 0.1506623296589855 0.05724665926462073 -0.01509168021437004 0.0009604727052548144 -0.0004204068205450763 0.002351027434497192 0.1527627513129054 0.05496038722703135 0.002382530192673347 -0.0162516002257614 0.001001600844021375 -0.0004135757781691858
550 0.1509329997849959 0.05704491356069245 -0.01509712047659597 0.0005940553957436243 -0.0002469105058508722 0.001896847327873568 0.1530500262470815 0.05468566771338455 0.001977575214791337 -0.01628910020549968 0.0006197228664624614 -0.0002399812389321216
560 0.1510169745072293 0.0568735260201351 -0.0150954283249658 0.0001444282097055471 -4.128466655707027e-05 0.001171769720440294 0.1531671611637406 0.05443796849078023 0.001305732685610342 -0.01632441427977376 0.0001456047641915861 -3.548172413765465e-05
570 0.1508882187143778 0.05665559574344763 -0.01504041534749963 -0.000318589853867719 0.0001694872768592259 0.000290461153210419 0.1530750259860792 0.05417286379227713 0.0004793370601485226 -0.01629769296478958 -0.0003540570211257581 0.0001727521433762893
580 0.150769956350476 0.05635518929450201 -0.01499716515282296 -0.0007641312299296419 0.0003756324854428968 -0.0007149456019016712 0.1529829618032958 0.05386947351282174 -0.0004661945182392055 -0.01626290299936642 -0.0008417466537035942 0.0003761339431579747
590 0.1504423074918691 0.05622832429503552 -0.01494684179184136 -0.001146862028944281 0.0005591243233660846 -0.001795363011308658 0.1526664965492469 0.05377836718689038 -0.001484167766185074 -0.01619999404106849 -0.001259608345683918 0.0005584207945953015
600 0.150159190466997 0.0563413757986441 -0.01495474326203116 -0.001324641839678296 0.0006362852354416301 -0.002623926567690089 0.1523805822255905 0.05394922777322443 -0.002255765470743219 -0.01618132855855839 -0.001462974270877607 0.0006352861385347964
610 0.150103878703282 0.05687445767814537 -0.01513452340099066 -0.001262638602452358 0.0005921753868390442 -0.003070622346395386 0.1523113017257019 0.05453873980670059 -0.002673132393209356 -0.01633129092419598 -0.001413079374741366 0.0005904717247959113
620 0.1499753921484522 0.0576348511896201 -0.01534083568658509 -0.001230444985915952 0.0005830979767404097 -0.003733324279376153 0.152164031494364 0.05533549680245495 -0.003351002550062366 -0.01651452196183982 -0.001372396711045395 0.0005804346772768175
630 0.149945126185551 0.05788298842542232 -0.01537900568319197 -0.001242843463933889 0.0005830316830534815 -0.004384429872311846 0.1521185768604062 0.05559338138576191 -0.004067020023331878 -0.01654312305203067 -0.001354847105468855 0.0005798139102574516
640 0.1500550999350912 0.0577400343727711 -0.01531433367737216 -0.001055888306213878 0.0004653672659284819 -0.004375001839426036 0.1522240815840001 0.0554356860473382 -0.004168763223228115 -0.01648361448505151 -0.001120169104933867 0.0004625990523907608
650 0.1500748315064992 0.05736242079405485 -0.0151936835722402 -0.0007865421594801341 0.0003504256548977062 -0.004193494803019167 0.1522521308022703 0.05502539880287406 -0.00412143180817878 -0.0163783647827885 -0.0007922845786056936 0.0003495057723486527
660 0.1501945506431918 0.05717164800903826 -0.0151606349549168 -0.0005185790429469502 0.0002804297727083042 -0.004011423072362514 0.1523874257769092 0.05480340146254826 -0.004067353077831686 -0.01636155736965382 -0.0004604583658799403 0.0002832339347899711
670 0.1505616630294301 0.05705057386768622 -0.01519814523475237 -0.0002439123680508512 0.0001953124611540248 -0.003671703657878983 0.1527652290470326 0.05467685175890497 -0.003829399044417026 -0.0164035859889955 -0.0001244508111729011 0.000203168630029443
680 0.1510513610171699 0.05648714217342379 -0.0151351964475465 8.353953732630109e-05 3.620273303475398e-05 -0.003023211366332826 0.1532557958852615 0.05413363534944817 -0.003237031482696017 -0.01633194744886714 0.000247283038202628 4.847346259373137e-05
690 0.151238325682516 0.05593703636312195 -0.01500054387330596 0.0004651738338770107 -0.0001731849174750759 -0.002090618754493536 0.1534335241751243 0.05361451677611976 -0.002302813375086078 -0.01618180744403833 0.0006435023300689964 -0.0001589266227306498
700 0.1510213420819688 0.05581506490885144 -0.0148699702383894 0.0008760505196473416 -0.000394149864949771 -0.0009653538636967986 0.1531985507398728 0.05353059324522728 -0.001146294369698861 -0.0160305351226875 0.00104452485375134 -0.0003803082368537937
710 0.1505774460310066 0.05585665702170229 -0.01471787135139708 0.001240989669538258 -0.0005892954630279364 0.0001519803992839506 0.1527307270723847 0.05360661260403454 4.244288464697653e-06 -0.01585893604540987 0.001385874756831176 -0.0005774475307341012
720 0.1503954840584449 0.0558272356540483 -0.01463678582142796 0.001412887065638211 -0.0006800635683741022 0.0009441455219159723 0.1525254704109494 0.0536048229131162 0.000826686430260604 -0.01576326247859629 0.001530147764286182 -0.0006706787797386659
730 0.1503075144295682 0.05618609982884096 -0.01472525789872825 0.001370320586384572 -0.0006560088661678891 0.001381806358273946 0.1524190809238919 0.05397657485386949 0.001298136359413585 -0.01584615937887257 0.00146224079123957 -0.000648407565443856
740 0.1502210869991718 0.0569433458515912 -0.01493720015847533 0.001286234499277748 -0.0006138246678086296 0.001851967036816169 0.1523204528724275 0.05472710696314827 0.00180889846887642 -0.01606297661795114 0.001357235453895268 -0.000606890440777032
750 0.1503897003065738 0.05730248440510842 -0.01506479672677445 0.001194719119229652 -0.0005632479163755381 0.002233199755251626 0.1524846754759677 0.05505601686587968 0.002234927569642113 -0.01620592200974201 0.001249392090820493 -0.0005562135664251812
760 0.1507190525384465 0.05718558115041347 -0.01508784221859213 0.0009199089898234556 -0.0004126908399059916 0.002041416738143217 0.1528206896549231 0.05488261141302234 0.002087649638193792 -0.01625448930193993 0.0009614616562219121 -0.0004053939765592122
770 0.1509482642736673 0.05700849255187597 -0.01510125114092492 0.0005251396390295718 -0.0002245649234238816 0.001524848150925594 0.153072607127706 0.05462888693607025 0.001614897869276482 -0.01630282226197684 0.0005496203243382678 -0.000217618317849062
780 0.1509388539601872 0.05683043320769871 -0.01507800847702534 6.484010680253735e-05 -7.301051523617306e-06 0.0007442236881841707 0.1530987134340089 0.05438154782310355 0.0008811421191881597 -0.01631533396052298 6.010461188827415e-05 -2.017763936956396e-06
790 0.1508104362938223 0.05658350877723949 -0.01502568486390058 -0.0003908035941740288 0.0002009571574728811 -0.0001667195152312567 0.1530033313196458 0.05410080573379357 2.669248292145138e-05 -0.0162853909827974 -0.0004361532117253409 0.0002036116902896629
800 0.1506350556591944 0.05630767100030965 -0.01498281140700129 -0.0008285322611212461 0.0004049740662467829 -0.001229955512270941 0.1528495127914347 0.05383403156827688 -0.000966087531863084 -0.01624422924774002 -0.0009166062527281593 0.0004054191206768053
810 0.1502622239026328 0.05626360561158282 -0.01494010974347432 -0.001164070353532862 0.00056143345479887 -0.002264641905306022 0.1524846377589872 0.05383476561817138 -0.001931138113023297 -0.01618385026616102 -0.001285672911967337 0.0005610302798347212
820 0.1500875903898525 0.05647228397363362 -0.01500256163926924 -0.001266506246825576 0.0005947852810995811 -0.002944327527079703 0.1523041215008949 0.05410230323101915 -0.002558361994263188 -0.0162182430619532 -0.001410407572702507 0.0005937436920137364
830 0.150030382309949 0.0571716685497131 -0.01522853951514508 -0.001182200266507282 0.0005425444488280285 -0.003342981550522371 0.1522310603289118 0.05485171051020801 -0.002942086342128718 -0.01641625533563805 -0.001331239687027241 0.0005404917782715231
840 0.1499131659142344 0.05777835374675475 -0.01537783840680031 -0.001218495678315044 0.0005682062820851213 -0.004134088132095573 0.1520958935938648 0.05548538555668771 -0.003769592304829254 -0.01654690291302793 -0.00135083622061609 0.0005652404087795453
850 0.1499533417801807 0.05787253475728658 -0.01537088732942651 -0.001174847882358381 0.0005289994020795512 -0.004539110197308653 0.1521243072624619 0.05558163550997694 -0.004263849862707329 -0.0165352938733574 -0.001269975541397866 0.0005258561687616103
860 0.1500645605531652 0.05762275495361133 -0.01528069681483649 -0.0009397825775482719 0.0003980822938612064 -0.004394345101585861 0.1522350468469015 0.05531079148981296 -0.004243366193319446 -0.01645383273737593 -0.0009824706962304826 0.0003960525074210697
870 0.1500776975079207 0.05725563724262805 -0.01516770816647239 -0.0006733856946996828 0.0003072728431038194 -0.004227829613974979 0.1522593150974303 0.05490919069455034 -0.004207145452819667 -0.01635730222549258 -0.0006552348841968528 0.0003079597487665488
880 0.1502791364275794 0.0571620861326078 -0.01517994480949874 -0.0004015144415037983 0.0002419673090326844 -0.003986313836513341 0.152475419294397 0.05479190661713713 -0.004081224369648323 -0.01638230776202885 -0.0003195838331849449 0.0002469667706813027
890 0.1507306714069296 0.05689228249696996 -0.01519418070618101 -0.0001128531265986937 0.0001379157719322751 -0.003525655562374487 0.1529340684815543 0.0545275569361124 -0.003707105499341754 -0.0163955033287591 2.659585171606233e-05 0.0001478387455729736
900 0.1511395774607639 0.05625131417828717 -0.01509151953796562 0.0002362556699495434 -4.138095079685799e-05 -0.002748482235623923 0.1533406002353763 0.05390952046199324 -0.002965427002047319 -0.01628257454534538 0.0004103704637480513 -2.802167999664899e-05
910 0.1511796048563379 0.05584659890992117 -0.01495666470366376 0.0006292225346108647 -0.0002545381644620982 -0.001726306835584942 0.1533676712044787 0.05354047070082725 -0.001931896815049564 -0.01612972170826417 0.0008082853613576314 -0.0002402530968436567
920 0.1508451794051552 0.05583546329348161 -0.01481977133542764 0.001037442328197755 -0.0004737692011489157 -0.000566055991888635 0.1530127918363569 0.05356639339003236 -0.0007426533443042129 -0.01597245251576938 0.001199891250027867 -0.000460604037014039
930 0.1504582968993674 0.0558492912182135 -0.01467663540246052 0.001344063926814645 -0.0006403081048701962 0.0004483532397923077 0.1526019335973834 0.05361225864467298 0.00030421884433117 -0.01581118152086822 0.001479570033087039 -0.0006293444083047339
940 0.1503582328689193 0.05588590965987342 -0.01464682100304921 0.001431899235240128 -0.0006906328341574222 0.001088976436309716 0.1524803618340807 0.05367149224312249 0.0009805984758271826 -0.01576951006358985 0.001539295393546739 -0.000681897330678339
950 0.1502550070920469 0.05645748747285814 -0.0148032614435814 0.001340910724221478 -0.0006447495184075137 0.001462081048507316 0.1523610561093504 0.05424896545822606 0.001394383996203899 -0.01592389262353932 0.001424244235499727 -0.0006374067128071125
960 0.1502327205236344 0.05712950257640188 -0.01499731388343067 0.001275946731108825 -0.0006154770163827328 0.001990530443263346 0.1523295533299913 0.05490592107526591 0.001967447149660813 -0.01612673210062313 0.001340600020422609 -0.0006085507740326165
970 0.1504989072305829 0.05729386939617871 -0.01508401272276825 0.001122882478316114 -0.00052786663774151 0.002175430905172091 0.1525951155784744 0.05503107384815104 0.002196397435803097 -0.01623262006624412 0.001173815888473614 -0.0005207952177125749
980 0.1508112749759623 0.05711728668782148 -0.01509281570028013 0.0007953546730807795 -0.0003570771708421608 0.001854190225605805 0.1529195021227946 0.05478941562876097 0.001915046328465576 -0.01627100148882308 0.0008332604842909132 -0.0003499354133968881
990 0.1509774476742329 0.05695889544602159 -0.0151038400916555 0.0003717043843553582 -0.0001552797402393666 0.001245671856005763 0.1531132864259238 0.05455421629721655 0.001344587452894212 -0.01631849712898934 0.0003888064874297884 -0.000148915192099527
1000 0.1508814038210696 0.05676275546299758 -0.01505772181159134 -8.976895177772379e-05 6.286054274303264e-05 0.0004165374192688373 0.1530529668974756 0.05429849952665519 0.0005641226029536471 -0.01630482113428007 -0.0001074745257244129 6.721308472451623e-05
1010 0.1507676699558514 0.05647232290072199 -0.01501286055527051 -0.0005373556959191405 0.0002690482190643131 -0.0005433018639447974 0.1529682989542074 0.05398853385319081 -0.0003277018658297991 -0.01627521043187599 -0.0005989785618234508 0.0002709171704363634
1020 0.150504876519589 0.05625358772926106 -0.01496550040586854 -0.0009543700593707038 0.000466681283642552 -0.001637384592116861 0.152723003927074 0.05379266233119066 -0.001343830389541203 -0.01622226338619445 -0.00105687814202288 0.0004668443146210304
1030 0.1501452766388338 0.05628817952943601 -0.01494332196559893 -0.001216288124460964 0.0005855684218497165 -0.002559414178974812 0.1523668438246208 0.05387995810465695 -0.00219938681056374 -0.01617774782269638 -0.001348377419550222 0.0005849424976627965
1040 0.1500548161291716 0.05664412588910806 -0.01506934594685925 -0.001232565286012041 0.0005749344451280911 -0.003078195314120657 0.1522660800292882 0.0542932919254079 -0.002677715543571765 -0.01627484574863681 -0.001381051746839963 0.0005733688797849657
1050 0.1499613796987158 0.05743745240617205 -0.01530434450917515 -0.001169395675558614 0.0005412825265975166 -0.003577425254564433 0.152155153138782 0.05512946978973428 -0.003182157193897786 -0.01648437656674624 -0.001314871058679661 0.0005386283540016212
1060 0.1498968657572131 0.05785038610135698 -0.0153891571735266 -0.001222657104021179 0.0005682712239518867 -0.004363448447506415 0.1520741308174724 0.05556116085029104 -0.004029430215162048 -0.0165551421194359 -0.001343470838920469 0.0005649329109758699
1070 0.1499980001610269 0.05781448736562374 -0.01534583220327437 -0.001102956188217485 0.0004830160229294161 -0.004530262498723957 0.1521667858175161 0.05551970095965846 -0.004303001163334753 -0.01651173773268845 -0.001180736802395416 0.0004800125697037891
1080 0.1500720796422207 0.05748066297090618 -0.01523423872588572 -0.0008409282827378257 0.0003547669325878939 -0.004346760305796163 0.1522447404247068 0.05515812034383948 -0.004245776719679586 -0.01641224842085185 -0.0008632003536628421 0.0003535704091445412
1090 0.1501311330892337 0.05719088059422219 -0.0151574364145524 -0.0005751448462622467 0.0002797331894764636 -0.004179841613297575 0.152317620118778 0.05483434495005508 -0.004200854849479031 -0.01635206514526247 -0.0005352867707971268 0.0002819117565803257
1100 0.1504116299927527 0.05712105382461976 -0.01519330514375722 -0.0003029454869817572 0.000209370321783684 -0.003874667170806794 0.1526114651507533 0.0547492828061379 -0.004000935961034326 -0.01639685826812986 -0.0001999339370152107 0.0002161510758042214
1110 0.150907030162323 0.05667550590557122 -0.01516817197127287 5.779357014844108e-06 7.844615857638679e-05 -0.003288470402731596 0.1531106147195735 0.05431760735036942 -0.003484418930451105 -0.01636638235181895 0.0001607366575115559 8.977307251507173e-05
1120 0.1511974504418838 0.05605164104653833 -0.01504152534279562 0.000373803113113033 -0.000116849645276499 -0.002403167342188896 0.1533946223148986 0.05372097106496941 -0.002617858471028804 -0.01622718268345359 0.0005531757318378192 -0.0001030516779920146
1130 0.1510920827525192 0.05581097455645038 -0.01491037523535822 0.0007785863739356061 -0.0003335509599541206 -0.001307692293559272 0.1532732134962015 0.05351849354973244 -0.001507908493117298 -0.01607648943161323 0.0009542201575911591 -0.0003196705950670746
1140 0.1506750598293825 0.05585483833451683 -0.01476303861696288 0.001171973949713996 -0.0005442146196454748 -0.0001529704342994718 0.1528338110670963 0.0535977886579246 -0.0003246035889510027 -0.01590922495391556 0.00132582931010526 -0.0005318429114753402
1150 0.1503981214491657 0.05583060408786933 -0.01464806615241783 0.00140673916166009 -0.0006718947424626033 0.0007277375768663586 0.1525334632470368 0.05360305986209264 0.0005925243976793415 -0.01577764715811605 0.001531751772686507 -0.0006616980169665761
1160 0.150319843016378 0.05601548270643195 -0.01468156241501646 0.00141587341135256 -0.0006803730820250867 0.001228737415814202 0.1524355846689084 0.05380462032634492 0.001135580934875191 -0.01580246262872715 0.001513343761102421 -0.0006721075640129124
1170 0.1502152562361991 0.05672966236322071 -0.01488426223982707 0.001313885438524257 -0.0006310570863112674 0.001627556210771355 0.1523174937512323 0.05451720355102294 0.001580350773492853 -0.01600693447921628 0.001389075706336687 -0.0006238669799403447
1180 0.150295005851941 0.05723838787500406 -0.01504316971511409 0.001245042417232295 -0.000598143438903838 0.002121896093278589 0.1523912331290163 0.05500281952635552 0.002120627629279074 -0.01617840377707254 0.001303919918996464 -0.0005912229050953372
1190 0.1506169281103001 0.0572304339320003 -0.01508967720665911 0.001019363324536713 -0.0004707645766718974 0.002089603595917516 0.1527164954839368 0.05494700487330424 0.002128038178949323 -0.01624776790321157 0.001066209128839041 -0.0004637516181015737
1200 0.1508932632756972 0.05705121344247824 -0.01509787486312826 0.0006504745898647604 -0.0002889453587742108 0.001659215961059401 0.1530100690806341 0.05469684598872284 0.001730603216473478 -0.01628863238890055 0.0006827171497967162 -0.0002821307886726181
1210 0.1509724127633487 0.05689821560800522 -0.01509378225691739 0.0002026323033107798 -7.6171289432428e-05 0.0009502926751548892 0.1531207050341443 0.05446971195497178 0.001059189805082716 -0.01632120529153916 0.0002087894452975701 -7.053818080596538e-05
1220 0.1508383899813369 0.05667827008219999 -0.01503841669091148 -0.0002545521645145853 0.0001355410470504974 7.061241575597462e-05 0.1530207259320546 0.05420208247863374 0.0002372100918323349 -0.01629316187071857 -0.0002879200215780841 0.0001390409707477427
1230 0.1507015013505665 0.05636378345424953 -0.01499571459357559 -0.0006966218975552785 0.0003406198140018652 -0.0009567029905026234 0.1529092765804209 0.05388350177991631 -0.000710691345957952 -0.01625808181870642 -0.0007749602484958351 0.0003418824748719379
1240 0.1503553903397614 0.05623635730631271 -0.01494838609120087 -0.001075925668954142 0.0005212915301067178 -0.002031046472062428 0.1525765394170626 0.05379208024415066 -0.001706894299999596 -0.01619844810319144 -0.001191316122972065 0.0005212130351544835
1250 0.1500812220409951 0.05635036542115335 -0.01496721396791098 -0.001251478808577536 0.0005949549795748302 -0.002806166910136028 0.1523006036048384 0.05396298293358384 -0.002423233145964932 -0.016191617233184 -0.001391764430028545 0.0005939610474375564
1260 0.150025986628295 0.05690544789889528 -0.01515828131729452 -0.001197016807464728 0.0005532638705557322 -0.003206434889713565 0.1522315140622012 0.05457143408705099 -0.002799787507793788 -0.01635422446489547 -0.001346812615979078 0.0005511451325223224
1270 0.1499075341109631 0.05764644459533105 -0.01535657977550814 -0.0011919058055707 0.0005565163963069021 -0.00388837396327406 0.1520950580578411 0.05534730009407147 -0.003511527699986965 -0.0165305927958366 -0.001330397355048006 0.0005533881694677123
1280 0.1499119912839803 0.05787474970740843 -0.01538471483838319 -0.001205138345349552 0.0005533724855706673 -0.004502133451061902 0.1520852433743723 0.05558603040168381 -0.004207975008054869 -0.01654959234994816 -0.001311948402583121 0.0005499266300201679
1290 0.1500439057967902 0.05771741339217976 -0.01531325632197742 -0.001012287305202734 0.0004329897807622684 -0.00447476768549557 0.152212631853107 0.05541462472244886 -0.004296040860391909 -0.01648271406472356 -0.001071076747153937 0.0004305278547718341
1300 0.1500680462858087 0.05733658095760846 -0.01519047836206096 -0.0007446500542644969 0.0003231571904613655 -0.004304468251675263 0.1522448065243191 0.05500153449265825 -0.004248002199450544 -0.01637441113093974 -0.000745803783319461 0.0003230778961612596
1310 0.1502050059852192 0.05716326066332691 -0.01516620345821956 -0.0004759800359659162 0.0002559698223441876 -0.004099729067566694 0.1523969696997935 0.05479838490139812 -0.004157889496020369 -0.01636527819706611 -0.000413963637258171 0.0002597141383576006
1320 0.1505827531381557 0.05701306363840745 -0.0151995920482294 -0.0001999072662610436 0.0001709705519248175 -0.003708708679697577 0.1527849258359874 0.05464386672942088 -0.003861221286933415 -0.01640235964527013 -7.642618659957797e-05 0.0001794331849120379
1330 0.1510511343019874 0.05642759137704795 -0.01512726180399865 0.0001305983676486717 1.201868519822787e-05 -0.003004419175048299 0.1532535558631714 0.05407810049844667 -0.003210475859302999 -0.016321811595381 0.000298172550459973 2.437957586628035e-05
1340 0.1512055895468466 0.05591001567844749 -0.01499190318394308 0.0005140636320234963 -0.0001942965348256412 -0.002030163415124821 0.1533975161017717 0.05359320959720646 -0.002244522310270192 -0.01617101579072128 0.0006950478227363835 -0.0001804054496085057
1350 0.1509678858103572 0.05582127034587341 -0.01486096261878552 0.0009258890347678568 -0.0004136059007136308 -0.0008862478415543482 0.1531411566754631 0.0535427610342568 -0.001082461316015187 -0.01601979511773398 0.001095045375790077 -0.0004002539627291945
1360 0.1505357029791186 0.05586310136213134 -0.01470973091401296 0.001281758761842714 -0.0006048420093915682 0.0002039199477339435 0.1526853818197786 0.05361787570703297 4.145766548447715e-05 -0.015849296217284 0.001425063113542079 -0.0005931998029505428
1370 0.1503717972427771 0.05583826710648583 -0.01463895935274723 0.001435866154012737 -0.0006895014745526812 0.0009405376862284507 0.1524992390569928 0.05361830580261798 0.0008205484371178999 -0.01576431305074988 0.001549756682751412 -0.0006799728419358541
1380 0.1502766961804474 0.05622912567426356 -0.01474361360408663 0.001378650231477449 -0.0006614651883258307 0.001342791598405493 0.1523868892632202 0.05401905965553704 0.001269233505304926 -0.01586406437012981 0.001466744400249901 -0.0006536211750816398
1390 0.1501994617015747 0.05696403964437925 -0.01495445189162691 0.001295905416740401 -0.0006229381605102506 0.001832423979731983 0.1522989914990268 0.05474484788385495 0.001806217466597776 -0.01608078241587623 0.001364374197050082 -0.0006159231103175867
1400 0.1503912645796757 0.05728125209469549 -0.01507331689358465 0.001188402230944128 -0.0005633666999932385 0.002186391976763618 0.1524879761422586 0.05503091749783431 0.002202944808543997 -0.01621597614180174 0.001242968861685396 -0.0005565284026018631
1410 0.1507254049737162 0.05715638607187008 -0.01509060300805753 0.0008979653503283551 -0.0004054522412506812 0.001972216507455318 0.1528297052614563 0.05484992880570446 0.002021292241457052 -0.01625970541022032 0.0009407611787780405 -0.0003986070398730557
1420 0.1509547586461034 0.05700445153366342 -0.01510436148264781 0.0004960140276480933 -0.0002141134089068142 0.001443214658836012 0.1530815742711092 0.05462305713180486 0.001521156495980472 -0.01630861623517112 0.0005207313039354878 -0.0002077366843777498
1430 0.1509312059263523 0.05683109756554039 -0.01507450194732748 3.528509507372753e-05 3.016407466638915e-06 0.0006448193857156476 0.1530917182811967 0.05438163085930432 0.0007671487149751245 -0.01631348102380666 2.821206674278108e-05 7.930917448918882e-06
1440 0.1508056184158882 0.0565653413973217 -0.01502324346999858 -0.0004164538193060081 0.0002086030939493411 -0.0002921734161573351 0.1529977958256197 0.05408290507813163 -9.873862748943762e-05 -0.01628277488146352 -0.0004667367087225949 0.0002113632862940552
1450 0.1506053136163016 0.05628311251257845 -0.01497872320823561 -0.0008482773667674177 0.000410631148942609 -0.001370058319484682 0.1528196639348109 0.05381196842656021 -0.001090899852768414 -0.01623855666440436 -0.0009420706752730289 0.0004114139340611408
1460 0.1502179345993249 0.05624836732357235 -0.01494013203432511 -0.001169258963366922 0.0005613849022337205 -0.002366491345248593 0.1524404388964532 0.05382381399716447 -0.00201430767550006 -0.01618179263189277 -0.001295454433972684 0.0005609883009516504
1470 0.1500516422997586 0.05647729688458251 -0.01501643920451563 -0.001254122189538682 0.0005873962025127563 -0.002982847754336328 0.1522671769441506 0.05411015124160939 -0.002583826794811294 -0.01623048761617704 -0.001399647579223657 0.0005859398695611257
1480 0.1499849240216408 0.05720927195083829 -0.01524863341727491 -0.001172233309277351 0.0005397481796336694 -0.003378820040998188 0.1521841866045453 0.05489043307023652 -0.002977471673606115 -0.01643560443786006 -0.001319719158672738 0.000537137429354649
1490 0.1498847958114404 0.05778276559742462 -0.01538231201734622 -0.001217654774719109 0.0005697800670978016 -0.004185260985815291 0.1520664288160244 0.0554904514292628 -0.003837480286673108 -0.01655154421545108 -0.00134628265133665 0.0005663807714964858
1500 0.1499512207306672 0.05785719902074188 -0.01536582307340874 -0.001156251887267141 0.0005190265264580662 -0.004547333974982639 0.1521212314594732 0.05556686506262293 -0.004296665888774164 -0.01653069876512589 -0.001247063952870171 0.0005158301749621591
1510 0.1500641631549477 0.05758810516615196 -0.01526980767905294 -0.0009125956226919285 0.0003852834143906774 -0.004406166568598842 0.1522341107047305 0.05527573866533677 -0.004271926508637475 -0.01644335071827826 -0.0009519952506878425 0.0003836367579518693
1520 0.1500879347295455 0.05722989836113421 -0.01516276532328058 -0.0006471783778861317 0.0002973093384286076 -0.004248783925945387 0.1522697753522125 0.05488294477526799 -0.004232382296055832 -0.01635248737909169 -0.000626613916270529 0.0002985524608579601
1530 0.150306772741567 0.0571470188512203 -0.01518274379667967 -0.0003768997520027364 0.0002312633120412462 -0.003984279478390991 0.1525034507270516 0.05477716345567653 -0.004075609760785717 -0.01638467420507683 -0.0002924193726678323 0.0002366479588457879
1540 0.150769732127963 0.05683780000147191 -0.01518898483717115 -8.704447851429109e-05 0.0001224086680593276 -0.003483090761725289 0.1529728563613149 0.05447439952286551 -0.003656532587179921 -0.01638935691868426 5.517892839449447e-05 0.000132377465616656
1550 0.1511532522276392 0.0562004501450752 -0.0150792817751894 0.0002644815729444603 -5.95759175775165e-05 -0.002670534780195712 0.1533529957409776 0.05386149361118511 -0.002884492904622874 -0.01626930168663337 0.0004405273429970005 -4.655655386578411e-05
1560 0.1511664087609911 0.05583985251719294 -0.01494507697418205 0.0006600926121260465 -0.0002727856591959725 -0.001625638054344533 0.1533522226750184 0.05353809654421376 -0.001840801585874656 -0.0161169950097446 0.0008392385813303291 -0.0002590388190966934
1570 0.1508157483597552 0.05585103999015716 -0.01480597375136203 0.001068298097910608 -0.0004912355179753854 -0.0004677150231243063 0.1529806150782404 0.05358583973851262 -0.0006576444795977058 -0.01595748947744815 0.001228910177802145 -0.0004784189640081574
1580 0.1504470175636402 0.05585234755482472 -0.01466784386432178 0.001362716905787969 -0.0006504817286472003 0.0005050006043810122 0.1525882166450532 0.05361767866307748 0.0003562946997308545 -0.01580130560912704 0.001494836793861026 -0.00063949620201041
1590 0.1503484047304679 0.05590334192858667 -0.01465250955420469 0.001434776115700032 -0.0006920186620599044 0.001103713825925768 0.152469033872208 0.05368858569441431 0.001002623101119712 -0.01577476703079015 0.001538259806135934 -0.0006830577221058529
1600 0.150238597004316 0.0565038094616901 -0.01482363933438551 0.001338111842296066 -0.0006429933131643896 0.001478819211299197 0.1523444180588002 0.05429219958950388 0.001426383930863553 -0.01594496893684451 0.001418341323242682 -0.0006354862994193721
1610 0.150230132371132 0.05713809516641141 -0.01501041113829875 0.001274074321163056 -0.0006128093377655015 0.002025627049981095 0.1523281223340123 0.05490984640947668 0.002018882223531423 -0.01614167520892774 0.001337477528908765 -0.0006059513960830692
1620 0.1505137142935622 0.05726707609187016 -0.01508760873794171 0.001102558990645 -0.0005133117629833966 0.002172283830368431 0.1526121136579643 0.05499944174402734 0.002201056768982456 -0.01623895908550236 0.001153812747727009 -0.0005065775313780092
1630 0.1508282307450138 0.05710160107044034 -0.0150948490324663 0.0007638076088282409 -0.0003385004220330305 0.001829639745348838 0.1529390177069768 0.05476965945356869 0.001883744954352599 -0.01627633177679779 0.0008018207436415808 -0.0003318586221898364
1640 0.1509864211654029 0.05695904325684517 -0.01510310775000906 0.0003331996780853272 -0.0001347888980566586 0.001191115873285261 0.1531242662643089 0.05455114050253735 0.001276262025005048 -0.01632074472270201 0.0003483279267052448 -0.000128854610159076
1650 0.15087735391617 0.05675412190533301 -0.01505205976869167 -0.0001280060497926818 7.924126889620402e-05 0.0003267372658650704 0.1530497422063408 0.05428761475406661 0.0004696015346156896 -0.01630055784519792 -0.0001501065285432088 8.35393678668932e-05
1660 0.1507624232139513 0.05644584606806856 -0.01500845993429119 -0.0005740070215026022 0.0002819085713410142 -0.0006694570519718435 0.1529639412663177 0.05396229134146488 -0.0004426580960995957 -0.0162703434515862 -0.0006413783783025693 0.0002840458524922713
1670 0.1504701400728732 0.05623799729352473 -0.01496110533281418 -0.0009851358941532467 0.0004760114157651818 -0.001764152379844669 0.1526898218055415 0.05378062036965148 -0.001452118831617684 -0.01621611589165086 -0.001092509416457755 0.0004763700934311371
1680 0.1501194631822882 0.05628697434958842 -0.01494861974668327 -0.001229488585976182 0.0005858119365044113 -0.002635762664374473 0.1523416179244983 0.05388279141025117 -0.002259270512503544 -0.01618100412695625 -0.001364185434739341 0.0005850201691137809
1690 0.1500380181489209 0.05668889555232998 -0.01509166985369342 -0.001228445187474576 0.0005688323872742168 -0.003104868500677932 0.1522487945833295 0.05434062433502572 -0.002698308541495949 -0.0162956270791101 -0.001376434554515984 0.0005668696475303371
1700 0.1499352679090319 0.05748889657881799 -0.01532063529005334 -0.001176622083161808 0.0005450272581778069 -0.003638464890230454 0.1521282589800571 0.05518261060241727 -0.003254203032592036 -0.01649993214745959 -0.001318958924079049 0.0005419938840764877
1710 0.1498956235641979 0.05786291399954564 -0.01538978361872385 -0.001222332418912404 0.0005677641509447995 -0.00440161671820812 0.1520721583370622 0.05557484876630219 -0.004090387778759677 -0.01655574826779625 -0.001338692610484442 0.0005643434556835228
1720 0.1500095028085217 0.05779816707435187 -0.01533815307737864 -0.001080961475240142 0.0004716084999186979 -0.004528860473231007 0.1521777801305372 0.05550344718523269 -0.004321298826063423 -0.01650435225884457 -0.001154436387580948 0.0004689745109762194
1730 0.1500686293641176 0.05744386771819932 -0.01522204076033366 -0.0008143267386633938 0.0003457009788226248 -0.004351527182459483 0.1522415872074643 0.0551202296581971 -0.004258673637747344 -0.01640053105185138 -0.0008331909778620187 0.0003451134281900799
1740 0.1501419478995545 0.05717505430361285 -0.01515738835158031 -0.0005483443859655505 0.0002732630766268793 -0.004169692420802924 0.1523292790234671 0.05481782241767317 -0.00419004227112282 -0.01635218883351935 -0.0005051610923489149 0.0002759439636786162
1750 0.1504438792058954 0.05709429323742976 -0.01519608736331974 -0.0002772626998410485 0.0002009343121540613 -0.003831716568891128 0.1526440128469574 0.05472359756932108 -0.003952579619092334 -0.0163988103210044 -0.0001701050742457571 0.000207981326185404
1760 0.1509379894334771 0.05661544608979401 -0.01515893555934058 3.359608008446503e-05 6.454266014890296e-05 -0.003210323225626028 0.1531409225820397 0.05426010986791916 -0.003403073700502417 -0.01635609496960781 0.0001921351820304435 7.575517374987221e-05
1770 0.1512048643864324 0.05601927044626501 -0.01502869133752918 0.0004043870474792765 -0.0001337881892321333 -0.002300797718385118 0.1534002692573126 0.05369388873951044 -0.002523915562627512 -0.01621282273725629 0.0005851809385369177 -0.0001203986327290452
1780 0.1510795521779315 0.05582657735921343 -0.01489844898837194 0.000811183726768211 -0.0003520223796526586 -0.001199756652761357 0.1532581996923053 0.05353972620922056 -0.001414181066053751 -0.01606276973230183 0.0009855068483352704 -0.0003385040476988746
1790 0.1506530279456781 0.05587397909022503 -0.01474877591938513 0.00119881616365059 -0.0005613810283362546 -7.368531899200886e-05 0.1528090623475631 0.05362103853212397 -0.0002520448417485351 -0.0158930422357672 0.001349169979461652 -0.0005490611901921162
1800 0.1503992157257194 0.05583556671263377 -0.01464349905934817 0.001416451008058365 -0.000681174376637858 0.0007587018103976085 0.1525324405150955 0.05360960466957867 0.0006290903358033195 -0.01577164537953638 0.001537036431236928 -0.0006708221510390446
1810 0.1503133023958343 0.05605307115172731 -0.01469443150239549 0.001408493722595611 -0.0006800891148314903 0.001232444659927973 0.1524280269122383 0.05384113028654624 0.001153569496077941 -0.0158149517962853 0.001502369477727467 -0.0006716852064298355
1820 0.1502064591385819 0.05677842021654492 -0.01490337954775844 0.001308636858204628 -0.0006305830082379955 0.001666895002658639 0.1523090321033727 0.05456270315833115 0.001635818539616773 -0.01602712665683865 0.001382387630380625 -0.000623437542017523
1830 0.1503085644418911 0.05724621787009591 -0.01505282691854292 0.001233367767534304 -0.0005903919930239463 0.002157457916419325 0.1524059651932951 0.05500662964264846 0.002165659567863489 -0.01619034567257456 0.001292894726572938 -0.000583747837170694
1840 0.1506412697723743 0.05721959023433743 -0.01509097623032534 0.000992046908670677 -0.0004525807419263303 0.00209164656295753 0.1527425523343409 0.0549322670839569 0.002125227700836109 -0.01625226354579886 0.001040062225773097 -0.000445992803618533
1850 0.1509171071545301 0.05705904178763189 -0.01510029017891483 0.0006165786112931102 -0.0002683122453184549 0.001642099103313667 0.1530356004640416 0.0547007573645179 0.001697961181765314 -0.01629451821674905 0.000648426981297337 -0.0002618798865528253
1860 0.1509733087354689 0.05690225161528033 -0.01508981528128255 0.0001664203317298689 -5.562148408518822e-05 0.0008975444949723156 0.1531227807380161 0.05446965969092613 0.0009956279258753785 -0.01631987881339965 0.0001695255132085337 -5.007050536385745e-05
1870 0.1508343824578406 0.05666128761710662 -0.01503438656765142 -0.0002878796451774866 0.0001513673351811849 -1.61531021345036e-05 0.1530178170455068 0.05418281298819694 0.0001559484953794443 -0.01628995604571717 -0.0003264360712874626 0.0001551322031633484
1880 0.1506836058221541 0.05633644537854758 -0.01499232830347493 -0.0007291707485311953 0.0003549568491161413 -0.00106766461715391 0.1528935830384348 0.05385738907323536 -0.0008037825362832923 -0.01625400011810199 -0.0008128669955127578 0.0003564907021410206
1890 0.1503142206904078 0.05622587663035102 -0.01494700496890399 -0.001098650570934417 0.0005300249409487961 -0.002116397034950697 0.1525372700304199 0.05378520821353296 -0.001773195955827088 -0.01619544040304506 -0.001217452041438987 0.0005299260860279429
1900 0.1500623768245259 0.05636420950879605 -0.01497914457918338 -0.001255756156695489 0.0005938634399747546 -0.00283938890229171 0.1522822525266851 0.0539802716748058 -0.002445097980009974 -0.01620177447303901 -0.00139667270817368 0.0005925508620985527
1910 0.1500101038083755 0.05697165599596154 -0.01518219801997445 -0.00119200204116865 0.000549517623811298 -0.003221358960578288 0.1522152567566624 0.05464075233122666 -0.002819657101248371 -0.01637663913664255 -0.001339716377594806 0.0005469968804324886
1920 0.1499033161410653 0.0576909027728906 -0.01536526482520755 -0.001201497177739235 0.0005616674901148639 -0.003952180475220821 0.1520898924079255 0.05539466807048672 -0.003595654686953908 -0.01653820968919721 -0.001336130677143136 0.0005583553364062455
1930 0.1499300485107684 0.05788513971794109 -0.01538041888891771 -0.001196215488199965 0.0005462607749849147 -0.004525020103902192 0.152102155030892 0.05559843198799252 -0.004252289787274054 -0.01654457637997988 -0.00129882801286837 0.0005431080807817158
1940 0.1500583231732693 0.05769511947095467 -0.01530190633863545 -0.0009867788181657819 0.0004192395312914399 -0.004474791747685172 0.1522265319076171 0.05539288621808633 -0.004307125525987551 -0.01647094650218728 -0.001042031007048162 0.00041740946187669
1950 0.1500738815630514 0.05730716969872898 -0.01518061079052087 -0.0007188690736670919 0.0003146924366177041 -0.004303634026216961 0.1522511189531436 0.05497137440137453 -0.0042480399782282 -0.01636457932813325 -0.0007165794360060524 0.0003152282224716958
1960 0.1502242847688586 0.05715661410196605 -0.01516909290577927 -0.0004505411943244105 0.0002496972685398459 -0.004068672601223241 0.1524169856232517 0.05479091358081376 -0.00412166832290849 -0.01636813353060858 -0.0003841119664900265 0.0002538284971836322
1970 0.1506193884379119 0.0569748155087629 -0.01519781921322173 -0.0001730381237832607 0.0001614758400478264 -0.003637273172965235 0.1528216040111225 0.0546069332735566 -0.003785460831276008 -0.01639984374015037 -4.446543695457915e-05 0.000170038365782406
1980 0.1510739318635139 0.05637550014005943 -0.01511494959140786 0.0001623277703417261 -2.244041295812555e-06 -0.002898529472262677 0.1532754063386468 0.05403038498910535 -0.003112494481232455 -0.01630833106061829 0.000333489941653533 9.856597093909088e-06
1990 0.1512052500514204 0.05590119001209099 -0.0149791908219622 0.0005494717782647079 -0.0002106876907787162 -0.001908895936989218 0.153395310057722 0.05359063758183558 -0.002140716082580234 -0.0161565591944068 0.000731056880507482 -0.0001971220300460255
2000 0.1509444093462651 0.0558429545193505 -0.01484671320309186 0.0009627119395385658 -0.0004322421641430099 -0.0007752106610173355 0.1531150607715097 0.05356933087586389 -0.0009832188206793807 -0.01600353911686092 0.001129407922180395 -0.0004189338226902084
2010 0.1505168994961745 0.05587058192436105 -0.01469728811506693 0.001306275142091733 -0.0006195684654837981 0.0002671519805196623 0.1526643327729425 0.05362811200028912 0.0001072020633098355 -0.01583489708071136 0.001445151639772674 -0.0006077206826203837
2020 0.1503714165089528 0.05584294829176544 -0.01463995180866763 0.001439635704531841 -0.0006952723063722915 0.0009602714358037469 0.1524976478557812 0.05362326576341426 0.0008546655234340033 -0.01576410629850112 0.001549223557139831 -0.0006855512473299085
2030 0.150267680110594 0.05628240445107523 -0.01476307547829885 0.001367550042078916 -0.00065954485862545 0.001358089131612179 0.1523777427864892 0.054070718725634 0.001303267214041892 -0.01588355754388359 0.001453331924993599 -0.000651726064753227
2040 0.1502001017796726 0.05700604911810829 -0.0149704860588144 0.001288673074922821 -0.0006216523276270011 0.001888177603770719 0.1523003459347655 0.05478425410006724 0.001875300721342157 -0.0160981925333457 0.001357424144869994 -0.0006149292291955694
2050 0.1504208599071106 0.05728828849458306 -0.0150785755705059 0.001166353419087386 -0.0005505075454953379 0.002209120722985865 0.1525186096674327 0.05503539884538779 0.00222366292344797 -0.01622370714658587 0.001222563332772516 -0.0005441325268837068
2060 0.1507669604835476 0.05716775492310087 -0.015092758319169 0.0008640221030734297 -0.0003866843348097685 0.001966794873964123 0.1528725412730298 0.05485791913094375 0.001999199764281089 -0.01626528025470396 0.0009075552035334605 -0.0003802533085327489
2070 0.1509808447156575 0.05701996685676082 -0.01510397683918553 0.0004570990204511355 -0.0001933125274462934 0.001400666952930488 0.1531083685723471 0.0546340987381209 0.001461446217095759 -0.01631122791331404 0.0004801758848976656 -0.0001870333156925591
2080 0.1509252723890017 0.05682502319948375 -0.01506687974624043 -2.137130701199849e-06 2.137053957910867e-05 0.0005633147819868828 0.1530869009056058 0.05437077230145753 0.0006847931223405098 -0.01630778071965171 -1.377979627274999e-05 2.657765681183204e-05
2090 0.1507948348684892 0.05652952294651584 -0.01501802201568644 -0.0004510799614747228 0.0002244223245299395 -0.0003984670908074752 0.1529893622701901 0.05404505490524424 -0.0001877752970745597 -0.01627800355302816 -0.0005072883166222178 0.0002275621526425696
2100 0.1505651013951005 0.05625377954392944 -0.01497493223616654 -0.0008798840690226331 0.000425915776949392 -0.001473610132429452 0.1527824551262678 0.05378428391931534 -0.001170350865786251 -0.01623400846511137 -0.0009783055477220412 0.0004267933026472837
2110 0.150171796229071 0.05623943419364745 -0.01494269551365951 -0.001185301573015466 0.0005693400235387947 -0.002420870176968763 0.1523960972640165 0.05381774549629325 -0.00205034674269496 -0.01618308032424349 -0.001313357016812688 0.0005686602266582939
2120 0.1500327138275817 0.05651442432811669 -0.01503596919628339 -0.001250642312399591 0.0005862001219244881 -0.00298705979506593 0.1522485845846919 0.05415070004476038 -0.002586621874403373 -0.01624853877221717 -0.001395362952142212 0.0005842306961445925
2130 0.1499696138138303 0.05728682341665325 -0.01527009238623021 -0.001172048292792678 0.0005424355905513133 -0.003411684681153823 0.1521680489274406 0.05497153057973388 -0.003028204367589132 -0.01645567893811425 -0.001316671738774398 0.000539443165605918
2140 0.1498936403904431 0.05781996631363279 -0.01538526797819707 -0.0012219819586387 0.000572351892559892 -0.004249056634536286 0.1520738515616659 0.05553091581052114 -0.003924334653200832 -0.01655315411163062 -0.001347067187742529 0.0005690794014299709
2150 0.1499768349111526 0.05785656997554427 -0.01535830670512609 -0.001138764138776617 0.0005067782816335997 -0.004572840771717142 0.15214578053285 0.05556841524172625 -0.004335791777095384 -0.01652199132964164 -0.001226572249611501 0.0005041801961933374
2160 0.1500731781954505 0.0575556283610924 -0.01525657232108085 -0.000886214486891582 0.0003714928956733197 -0.004416423219502134 0.1522430102084869 0.05524342365163393 -0.004283944489804536 -0.01642950022407269 -0.0009228490788788644 0.0003704930068635943
2170 0.1500976232354734 0.05720811593457448 -0.01515841798350194 -0.0006228480344272072 0.0002890524586121013 -0.004240060339300421 0.1522800949865576 0.05485938046076452 -0.004217387005462194 -0.01634822594634833 -0.000598357196224592 0.0002907131774875056
2180 0.1503288885403183 0.05713540007669555 -0.01518606642285539 -0.0003544120268829007 0.0002244266632215141 -0.003940880986334087 0.1525262468338748 0.05476462854495956 -0.004025800594948536 -0.01638796110494774 -0.0002641095366699465 0.0002299772847810501
2190 0.1508057404867664 0.05678869571157821 -0.01518226646731016 -6.008859260628472e-05 0.0001108882788241336 -0.003396897413673998 0.1530088519525195 0.05442830746140364 -0.003577250487222413 -0.0163819662131509 8.785740371524484e-05 0.0001206984050129927
2200 0.1511717979949026 0.05616042914292126 -0.0150651790564851 0.0002971779261454884 -7.455059418940854e-05 -0.002558152010944015 0.1533701912515879 0.05382750426359575 -0.002793278261256308 -0.01625392474547826 0.0004761048408697192 -6.183714881067531e-05
2210 0.1511583523282352 0.05584757689465167 -0.01493246627777752 0.0006984108837286349 -0.0002905320266023051 -0.001508775352931256 0.1533418357509586 0.05355144514778444 -0.001742457959622999 -0.01610253324753417 0.0008764075009896643 -0.0002768427226345408
2220 0.1507805932036442 0.05586599617786569 -0.01479059060993557 0.001106190707033931 -0.0005105554276143573 -0.0003750251094606255 0.1529429598573926 0.05360407579304615 -0.0005671976501051777 -0.01594005483392815 0.001262509008372488 -0.0004974740535322671
2230 0.1504325179337544 0.05583881217647551 -0.01465930477352874 0.001383199918886045 -0.0006627446846425805 0.0005498262438685079 0.1525721138724535 0.05360492576055619 0.0004164633259643963 -0.0157911343303918 0.001510076710094988 -0.0006514697769990023
2240 0.150334991335778 0.05591392230462117 -0.01466046998563677 0.001432679479679554 -0.0006931312954519676 0.001121554944088264 0.1524549324024242 0.0536980299181155 0.00104509458621665 -0.01578208744557337 0.001532647716175339 -0.0006841294405495261
2250 0.1502187555937806 0.05655855256442684 -0.01484475267623899 0.001328399455137325 -0.0006396987599331848 0.001524144431780614 0.1523246986679875 0.05434496082146468 0.001491915676418295 -0.01596681053793842 0.001408140486144556 -0.0006325150151935526
2260 0.1502378474033173 0.05717269050751533 -0.01502241221780368 0.001263337561384122 -0.0006066380825424126 0.002088202762001798 0.1523365555653783 0.05494345368146075 0.002083153013240716 -0.01615551431113197 0.001328409351050043 -0.000600359487130937
2270 0.1505547917563028 0.05728229483789594 -0.01508884041977872 0.001074605128280416 -0.0004957238106536871 0.002184929801406697 0.1526536683700983 0.05501393349759465 0.002194764349432903 -0.01624273175409085 0.001127525492718009 -0.0004895265642591482
2280 0.1508713128921785 0.05712466953943436 -0.01509503222743472 0.0007281188653724256 -0.0003198970364329402 0.001801326850409802 0.1529817803019564 0.05478961631782873 0.001831103347644263 -0.01627920916489094 0.0007655265433596548 -0.0003134106039293493
2290 0.1510005148949261 0.05696566405588799 -0.01509892582160707 0.000294450534421313 -0.0001173063879687621 0.001108243096257064 0.1531383793644809 0.05455162796801269 0.001185200988157659 -0.01631889978613577 0.0003055449650106046 -0.0001110135547137285
2300 0.1508695958441948 0.05672646130467821 -0.0150452060007297 -0.0001642583120160948 9.251176258247831e-05 0.000209868928934735 0.1530442893994138 0.05425467529526885 0.0003695274736638608 -0.01629506654024484 -0.0001927342861141415 9.738819304137334e-05
2310 0.1507383186396829 0.05639532532442979 -0.01500471433341792 -0.0006089711563240355 0.0002952510029405076 -0.0007905112131895125 0.1529442269631125 0.0539101370874533 -0.0005316524667465608 -0.01626695581200544 -0.0006822462201525429 0.0002976876103250802
2320 0.150412337259399 0.05620835566865417 -0.01495986154388828 -0.001013858426059438 0.0004889073433376065 -0.001850955888969466 0.1526357111286777 0.05375210343223791 -0.001511125911322876 -0.0162145891553148 -0.001124295076450127 0.0004890390959639784
2330 0.1500777953856213 0.05628410379559391 -0.01495707078171589 -0.001240570298640911 0.0005919353777833182 -0.00266301621952706 0.1523015065953902 0.05388259638537295 -0.002280455237046288 -0.01618872683551727 -0.001375165529650634 0.0005904856425295681
2340 0.1500199718879816 0.05675063235869985 -0.01511492164222317 -0.001221950911530654 0.0005682079648234512 -0.00309899810563403 0.1522302270932722 0.05440633494531443 -0.002711288491485833 -0.01631756051778429 -0.001367611416905077 0.0005656238889044013
2350 0.1499312049384588 0.05755437968304453 -0.0153336239230484 -0.001182285897585889 0.0005517877996138562 -0.003707626673822557 0.152122415888931 0.0552522990579081 -0.00335017796927055 -0.01651114347978914 -0.001321646637838419 0.0005487426171410338
2360 0.1499137101347016 0.05788208930554157 -0.01538686698212664 -0.001216634920803626 0.0005638811089733241 -0.004468342596166824 0.1520885836736796 0.05559807626879826 -0.00417307720961508 -0.01655076704496625 -0.00133083872904431 0.0005610967366513675
2370 0.1500330297418738 0.0577796876633568 -0.01532870550556612 -0.001055472767306179 0.0004555507171773744 -0.004553158887283222 0.1522003976463247 0.05548688309366808 -0.004345426050270357 -0.01649346514109788 -0.001127396123738834 0.0004536993051231654
2380 0.1500663398848334 0.05740090075618013 -0.0152095976691709 -0.0007893604225148021 0.0003344585665983492 -0.004357055582137601 0.1522390419341045 0.05507585377656157 -0.00425166577764041 -0.01638763064125203 -0.000805941107798121 0.000334286751284479
2390 0.1501484630297506 0.05715946320429351 -0.01515858234130317 -0.0005261807029330657 0.0002668736645249091 -0.004141233672062134 0.1523367656049928 0.0547991378954357 -0.004148386890717816 -0.01635398979906411 -0.0004780453915075229 0.0002696085869296556
2400 0.1504712313720292 0.05707147504366741 -0.01519706622572233 -0.0002568352634410766 0.0001942579642792426 -0.003769541589343466 0.1526724930983758 0.05470082894109939 -0.003894919278308892 -0.01640047630867634 -0.0001430766415342852 0.0002010352835519145
2410 0.1509753876619852 0.05656864439021111 -0.01514815044576957 6.09888955279224e-05 5.170981378546261e-05 -0.003115294997471203 0.1531780259360784 0.05421817100877082 -0.003334562614964532 -0.01634498955854562 0.0002247249844930314 6.257731404729307e-05
2420 0.1512206614912642 0.05600167973614981 -0.0150152325918704 0.0004389201104193297 -0.0001511676285213703 -0.002200664017412966 0.1534142047344137 0.05368171151787614 -0.00245078426565781 -0.01619813482062884 0.0006204569318234803 -0.0001377508507115306
2430 0.1510590891833821 0.05583735986545688 -0.01488518027848938 0.0008514319485567579 -0.0003737935596486993 -0.001117561019678101 0.1532357668712026 0.05355358565356671 -0.001338463866456651 -0.01604764916405393 0.001022149597884783 -0.0003597630020968675
2440 0.150617576097023 0.05586663831807036 -0.01473498883152187 0.001233013434481796 -0.0005820218493829066 -2.482449759289093e-05 0.1527723545044829 0.05361397153832418 -0.0001838872325546166 -0.01587742323222005 0.001377820889673355 -0.0005690905990191974
2450 0.1503841541385767 0.05580742297603391 -0.01464125895652778 0.001429001780430637 -0.0006906526488070591 0.0007783558342914637 0.1525167492887075 0.05357936984705763 0.0006833878752271739 -0.01576838948971473 0.001545526694027292 -0.0006800240215073165
2460 0.1502839841168515 0.05607430978882968 -0.0147096854229435 0.001400182609703605 -0.0006766528914200182 0.001256178799807093 0.1523987777072461 0.05386011400906032 0.001205759898673186 -0.01583049158253922 0.001493432981114083 -0.0006685431671588349
2470 0.1501893046279258 0.05683328871337492 -0.01492135367508461 0.001301395094328793 -0.0006251226297298915 0.001742200061346295 0.1522926323809625 0.0546176453258146 0.001714566740514822 -0.01604658318566693 0.001377100441742108 -0.000618703029459742
2480 0.1503437214495095 0.05728736888840544 -0.01506056722026887 0.001218058643998147 -0.0005772619856389279 0.002209472006242721 0.1524416277467859 0.05504929479200376 0.002195249503105221 -0.01620020141489968 0.001279465600247424 -0.0005713145776107544
2490 0.1506947435764952 0.0572435280461787 -0.0150901620805315 0.0009631752698270985 -0.0004340953308391806 0.002076023284251093 0.1527946988350432 0.05495490944947796 0.002080144594482857 -0.01625358855397424 0.001010504568714503 -0.0004276804040487382
2500 0.1509522698338754 0.05706901528828858 -0.01509968048098382 0.0005824447394124047 -0.0002530162727057959 0.001561728864925912 0.1530691370990643 0.05470382885995078 0.001607340755218574 -0.01629602130227329 0.0006098221877519044 -0.0002460511104324924
2510 0.1509670031676811 0.05687076063851513 -0.01508278889398262 0.0001297353200450217 -4.329326313035053e-05 0.0007653366609720669 0.1531178298058425 0.0544289569172256 0.000885932997789256 -0.01631476949733221 0.0001253614282859474 -3.690152873038957e-05
2520 0.1508140055574222 0.05659389502654334 -0.01502954971524698 -0.0003250554267840544 0.0001625559222779874 -0.000152042207116853 0.1530028238327146 0.05410955144441969 6.409461966793333e-05 -0.01628652731721852 -0.0003709831785966297 0.0001667753513412513
2530 0.1506345814191664 0.05627884427223084 -0.01499027310469263 -0.0007677709529195515 0.0003701070842736974 -0.001175230474254801 0.1528506980104875 0.05379869765644202 -0.0008739849415720097 -0.01625282766029062 -0.0008556739127154328 0.0003713050263092639
2540 0.1502540370739927 0.05620862074324644 -0.0149479141965022 -0.001127747231121404 0.0005441676498345898 -0.002166314325223151 0.1524801518959063 0.05377043635065107 -0.00181637088642746 -0.01619641717393923 -0.001246871949084259 0.0005431078956525942
2550 0.1500450916149803 0.0563939316390149 -0.01499223068718024 -0.001264285338899645 0.0005993275602559592 -0.002845654423088551 0.1522645021834051 0.05401441595041798 -0.002474413356141666 -0.01621376512421639 -0.001403207830435581 0.0005971561794386095
2560 0.1500130704061757 0.0570629236584984 -0.01520387116179663 -0.001188157090418315 0.0005498809890047571 -0.003257484824265302 0.1522155357876996 0.05473742528317573 -0.002885248814941823 -0.01639591532528165 -0.001333780053534613 0.0005473420229969661
2570 0.1499146071605436 0.05774259130983091 -0.01536908564502121 -0.001206165560318769 0.00056441618974346 -0.004069150410562117 0.152098764043048 0.05545189358654937 -0.003726652115200123 -0.01653900427519871 -0.001340274331245212 0.0005618699424433388
2580 0.1499502072874897 0.05788657321762238 -0.01537410867975486 -0.001181392018117614 0.0005344255613634559 -0.00458874326832379 0.1521206921906852 0.05560349214933939 -0.004309797710227836 -0.01653565601904537 -0.001284311097262051 0.0005320987772604296
2590 0.1500580893497416 0.05765516802642835 -0.01529137188487893 -0.0009608857978497221 0.0004038684698038415 -0.004475905298459201 0.1522252725469781 0.05535124710393199 -0.004287889553071492 -0.01645961237032986 -0.001015009880433039 0.0004023765585971888
2600 0.1500557340235263 0.05726432836168418 -0.01517370428001968 -0.0006983716426254397 0.0003083375611379232 -0.00427532358783416 0.1522335993892031 0.05492313362440438 -0.004202956850652772 -0.01635899030878077 -0.0006911112317499429 0.0003087271763695338
2610 0.1502282495000063 0.05714888489789472 -0.01517398596371161 -0.0004326564301772514 0.000247595524106049 -0.004010629160987485 0.1524232102315297 0.05478051536532253 -0.004072062123360186 -0.01637501353048707 -0.0003581085456767018 0.0002512863532362683
2620 0.1506623409777044 0.05694848266441526 -0.0151969546345467 -0.0001510956662524084 0.0001546567522298153 -0.003557044756778385 0.1528655060916599 0.05458356830295483 -0.003740461416806097 -0.01639984490761725 -1.479662644792715e-05 0.0001629013197804166
2630 0.1511129437311042 0.05634077541170573 -0.01510422925918413 0.0001926086164919716 -1.721290944247934e-05 -0.00282063889319346 0.1533131026788099 0.05399932204592001 -0.003068519392384213 -0.01629748427537814 0.0003667017586766173 -4.836356056907473e-06
2640 0.151210873749922 0.0558891945404566 -0.0149686543635265 0.0005874114252991322 -0.0002325770966665957 -0.001850718163101075 0.1533992776331662 0.05358053726986414 -0.002088717736450617 -0.01614454324305461 0.0007663299791189594 -0.0002181459606604691
2650 0.1509088580570643 0.05583410928794753 -0.01483537097722713 0.001002177226401197 -0.0004574132074068874 -0.0007363068572391511 0.1530791964356942 0.05355986765210617 -0.0009183116002362687 -0.01599027549533399 0.001163672621108186 -0.0004431779602467116
2660 0.1504793544663064 0.0558317658669212 -0.01468839737804721 0.001330222177080279 -0.0006367079850389284 0.0002908706962480407 0.1526269237289144 0.05358691510937929 0.0001740780796699339 -0.01582458126193121 0.001465347299836915 -0.0006244291870901141
2670 0.1503421331981183 0.0558217143397446 -0.01464406821562103 0.001440165752313166 -0.0006974665040187455 0.0009902603403250596 0.152468293470079 0.05360020139018821 0.0009165845604833373 -0.0157679490209785 0.001549591355675348 -0.0006880668403446196
2680 0.1502441927149452 0.05633850222265384 -0.01478235285408374 0.001354761605443096 -0.0006506076045278544 0.001415619958707611 0.152354493314686 0.05412777129374769 0.001361228087565534 -0.01590383142944372 0.001443039972971056 -0.0006436233204815381
2690 0.1502142081452045 0.05707684836765177 -0.01498338318856235 0.001281856566531104 -0.0006132346229617405 0.001967551920978657 0.1523141566029059 0.05485796704675212 0.001928068031356126 -0.01611262821844107 0.001352630534494882 -0.0006072028314610852
2700 0.1504706647073719 0.05733031831221863 -0.01508098639594231 0.001149822369736864 -0.0005368162606550869 0.002211826428506977 0.1525659735388905 0.0550773985965199 0.002197523156688772 -0.01622756713146012 0.001204866138124289 -0.0005303986483998109
2710 0.1508056332568942 0.05717013528091016 -0.01509123541410142 0.0008396496258640202 -0.0003752828006425186 0.001891121460266832 0.1529084431564804 0.05485337710617903 0.001919293941093151 -0.01626522074032588 0.0008779073624956464 -0.0003679938282228756
2720 0.1509865257158227 0.05698327990675615 -0.01510251626586466 0.0004265268047021137 -0.0001839351648927324 0.001272290717660913 0.1531148473761098 0.05458556268153755 0.001364037520379625 -0.01631182776435621 0.0004417362706951873 -0.0001765316680745332
2730 0.1508947197528406 0.0567569960953803 -0.01506245114165792 -3.614529003442528e-05 3.097775133588635e-05 0.0004333231145499996 0.1530621190028074 0.05429267908561321 0.0006067196966070806 -0.01630577938651142 -5.513191857207015e-05 3.674664562921605e-05
2740 0.1507594727668119 0.05645780513224369 -0.01501792714691422 -0.0004891971312121389 0.0002391887036089202 -0.0004944289192585913 0.1529614092956526 0.05396957586664538 -0.000243356311790123 -0.01628000103764377 -0.0005495730043751262 0.0002418311644087234
2750 0.1505157687812411 0.05622708169186467 -0.0149745604323127 -0.0009191356208050563 0.0004460844990430497 -0.001527205752620967 0.1527374558456489 0.05375956883365396 -0.001221610392985428 -0.01623464563690693 -0.001017866141214355 0.0004456753768669569
2760 0.1501498608127429 0.05625921380059259 -0.01494486950295324 -0.001209322561777335 0.0005831418692869498 -0.002440490958548972 0.1523734749106533 0.05384256691686174 -0.002098950465094217 -0.01618433502870317 -0.001335620601113014 0.0005814112484068523
2770 0.1500524024378005 0.05658481016836926 -0.01504881217300889 -0.00125054835397073 0.0005862102082131965 -0.003018394739730014 0.1522648606957972 0.05422764214580297 -0.002646539459863647 -0.01625842427803775 -0.001394655484022398 0.000584259334587769
2780 0.1499875335449533 0.0573750006050029 -0.01528218297987778 -0.001170449382091358 0.0005406579883314844 -0.00351951456886671 0.152182586373793 0.05506666632901773 -0.003143789033961245 -0.01646380474433768 -0.001316590755624961 0.0005385335956136035
2790 0.1499136752244991 0.05784658771171401 -0.0153845558532493 -0.001219087483726145 0.0005665340798573222 -0.004353507558902277 0.1520914754954615 0.05556170532005288 -0.004015395544465282 -0.01654922839169587 -0.001346225691234523 0.0005640375432443555
2800 0.1499857904031608 0.05783231967013527 -0.01535237681913677 -0.001120713985078977 0.0004923674519646121 -0.004582193042270922 0.1521532083454267 0.05554167172049459 -0.00432048257786128 -0.01651533693572759 -0.001207955015629672 0.0004899262461091001
2810 0.1500546762893591 0.05750373346420664 -0.01524750605192462 -0.0008671964747579513 0.0003630981168572733 -0.004374333389345339 0.1522250333604988 0.05518414720644718 -0.004226126409338568 -0.01642258409231179 -0.0008986824993770359 0.0003616940745206538
2820 0.1500940092388041 0.05718632897431283 -0.01515903069200498 -0.0006058956622429763 0.0002881722305060505 -0.004176762451493666 0.152279431828318 0.05483136356805277 -0.004168701666348043 -0.01635247962514368 -0.0005722248125100982 0.00028922913993768
2830 0.1503585322548935 0.05713574155086749 -0.01519186063473051 -0.0003353243270244947 0.0002226710345985249 -0.003873621533143369 0.152558023621609 0.0547637370702312 -0.00400003848446329 -0.01639643695070669 -0.0002355267154040081 0.000228000520773356
2840 0.1508578660152134 0.05675535999274965 -0.01517809210513957 -3.208492968652858e-05 9.952304158425662e-05 -0.003339158578292079 0.153060691542759 0.05439620145515635 -0.003557286177194307 -0.01637857476725587 0.0001213366775690415 0.0001099651488855429
2850 0.1511982383416638 0.05612025511931829 -0.01505666179044823 0.0003343619912764487 -9.544147589422061e-05 -0.002516419717320429 0.1533957836594929 0.05378675221870199 -0.002757529018225098 -0.01624485465649097 0.0005127364928991042 -8.149837784214579e-05
2860 0.1511376533163404 0.05581773294717426 -0.01492475793216645 0.0007389645417382928 -0.0003157333744029627 -0.001473817486247151 0.1533216826563707 0.05351959701732531 -0.001679257524343803 -0.01609322718430287 0.0009135302002697809 -0.000300898728546127
2870 0.1507234932743122 0.05583190743135473 -0.01478095881679067 0.001139260666536041 -0.0005322884578800091 -0.000330758842546179 0.1528869287544312 0.05356754341236106 -0.0004788573429377009 -0.01592897885332137 0.001293261453916832 -0.0005187321117794898
2880 0.1503944550454466 0.05580154083189164 -0.01465686156627466 0.001394109238060104 -0.000670134275669795 0.0006047871578634849 0.1525341210869445 0.05356667443667535 0.0004998985337556999 -0.01578813712306417 0.001521770111473487 -0.0006592630865933497
2890 0.1503134876742776 0.05593892173176274 -0.01467143086888017 0.001422055067599808 -0.0006851690862455435 0.001183246795369988 0.1524329005132967 0.05372483824769598 0.001101263572158794 -0.0157935636457479 0.001524712179710801 -0.00067708992968504
2900 0.1502198686082731 0.05664972787874002 -0.01486389725143061 0.001317506204501974 -0.0006298658627579367 0.001598054633406626 0.1523245541072386 0.05443971512332915 0.001536476512220624 -0.01598687209868539 0.001398796031955444 -0.0006233091518919906
2910 0.1502760904351632 0.05723700233031814 -0.01503171461135544 0.001255856185556537 -0.0005995327577742449 0.00211510650305797 0.1523717541214883 0.05500843116445158 0.002084816987292027 -0.01616560583642322 0.001318845830880623 -0.0005930255032021209
2920 0.150594082930261 0.05728101413824537 -0.01508813419647374 0.001055610542021131 -0.0004866746879934118 0.002117536417163128 0.1526896003248527 0.05500674488550499 0.002129440123094414 -0.01624283526491951 0.001102642452328444 -0.0004794622651554244
2930 0.1508808663765079 0.05707793108227506 -0.01509444558806467 0.0007001957769008386 -0.0003124364788096946 0.001688159565966659 0.1529916618415854 0.05473108415269663 0.001753411114197943 -0.01628033148888746 0.0007301422234505786 -0.0003047814246155081
2940 0.1509729850209788 0.0568946623374804 -0.01509615642246422 0.0002576564632748609 -0.0001053529471346455 0.0009907326648593993 0.1531166002690034 0.05446886275932254 0.001120863934533145 -0.01631904453582952 0.0002625288192541132 -9.855320438253939e-05
2950 0.1508295265581904 0.05666119157527792 -0.01504243064898998 -0.0002051685909744049 0.0001099190783133752 0.0001295420934214756 0.1530118579409297 0.05418425207877944 0.000326975820200352 -0.01629519004656535 -0.0002368224161366051 0.0001141618097057031
2960 0.1507052354516733 0.05636337931908689 -0.01500261602383411 -0.0006533541561652925 0.0003196121351913491 -0.0008366940698047284 0.1529152263184568 0.05388039622009358 -0.0005806924632901979 -0.0162663953703572 -0.0007269370166444447 0.0003205587624988784
2970 0.1503872027327072 0.05622917458173615 -0.01495539579070375 -0.001050508437275523 0.0005111343263761696 -0.001885488405673789 0.1526091109748417 0.05377931765505606 -0.00157921863787194 -0.01620903384848903 -0.001159734533968123 0.0005101042817652996
2980 0.1500972145512511 0.05633607425275794 -0.0149584106272888 -0.001252479393933029 0.0005985043011337062 -0.002715523253220779 0.1523162889245094 0.05394244006664305 -0.002359828622830548 -0.01618638223905277 -0.001387645853867406 0.0005971160733813053
2990 0.1500562220419941 0.05684450210930737 -0.01512973948410448 -0.001211708742541953 0.0005606378107443986 -0.003183935465560643 0.1522622287993252 0.05450826331299454 -0.002796882828755295 -0.01632764600255664 -0.00136060200545556 0.000558957346491786
3000 0.1499468675181772 0.05761483369891841 -0.01534098317174541 -0.001183051781733217 0.0005487807675524156 -0.003836538322585533 0.1521350644494884 0.05531759378411901 -0.003460007873747565 -0.01651484212165532 -0.001325835105317116 0.0005463929214616735
