"report"
"Iteration" "cd-scale etc.."
("Iteration" "cd-scale" "cl-scale" "cx-scale" "cmx-scale" "cmy-scale" "cmz-scale")
10 0.1980400878304943 0.06382418127741431 -0.0002483331791096755 -0.02266707479399705 -2.634883050315509e-05 0.0001291856837098006
20 0.2273535136862224 0.06200925682166732 -0.002067186480834964 -0.02501644196609243 -8.413413952907439e-05 0.0005829882894869951
30 0.2229864548467946 0.06333376618178482 -0.001443407077138792 -0.02025719667036664 -1.562374580333988e-05 0.0005314833484391468
40 0.2184610833001772 0.06251834478395253 0.003915736137276003 -0.01496078784666715 5.026772182887393e-05 0.0007040461042908098
50 0.2153010008399923 0.05985193660886782 0.004377652114227754 -0.01254443068727959 0.0004343809813694648 -0.0003257920058785533
60 0.2085822690716907 0.06287357631314684 -0.0001649248398190801 -0.01138131104770747 0.0007082733114540282 -0.001844532144431306
70 0.2054314367457329 0.06094494491160041 0.002849775687696065 -0.01166517035085892 0.0006843768656294715 -0.000828668606868164
80 0.2073758492787051 0.06011192049270624 0.004384069869028868 -0.01226382978484385 0.0004648617532922927 -1.57274970448526e-05
90 0.2085613214913432 0.06097462471522 0.002274372767706338 -0.01309351179779853 0.0002816909572256373 -9.701037263998938e-05
100 0.2096005519542885 0.06128728417384606 0.002645997378712663 -0.01367746974767248 0.0005291202931760927 -0.0008354641073015069
110 0.2110265120725976 0.06128593574369662 0.005302082131130791 -0.01385263668213156 0.000675327100284192 -0.001099011716543459
120 0.2122029073150603 0.06181870462715598 0.004004157651421455 -0.01380123156621474 0.00053925182927612 -0.0008657218331536147
130 0.2133783589543571 0.06273243704060302 0.0008367785587357806 -0.01373168498278788 0.0003509526495986007 -0.0005449422289948106
140 0.2142817755545017 0.06347472838894083 -0.001447983497440272 -0.01369703437478252 0.0001644894754389898 -0.0002365596530976642
150 0.2148591029938396 0.06377705286783308 -0.002581490134433841 -0.01363382436256185 8.966697855752172e-05 -5.902407599485727e-05
160 0.2150803384919118 0.06363198631310081 -0.001860674429317438 -0.01350395750786784 0.0001257304067759251 -2.514078934121464e-05
170 0.2150544745033237 0.06359803072683454 0.0001759123184676864 -0.013397669666333 0.000266849438017548 -0.0002286897458610818
180 0.2149861314086826 0.06401117880948955 0.0022130827301906 -0.01339903779652148 0.0004389757192477906 -0.0006091008670950917
190 0.2149728169547524 0.06481845762638701 0.003046373760239533 -0.01356382200675695 0.0004578611087807474 -0.0007957166494679273
200 0.2149256547402438 0.06584121450038075 0.001750478863885325 -0.01384115078997586 0.0001894817837956482 -0.0002921715963143428
210 0.2150368591669287 0.06637567784462145 -0.001019646306456405 -0.01414648258543165 -0.0002341773205221567 0.0006883554150480167
220 0.2151551121258748 0.06613738664942864 -0.001945044659003618 -0.01423233425924633 -0.0003095304195387939 0.001117009866991162
230 0.2148322250413356 0.06503633242691773 2.259652930717875e-05 -0.01385359392886453 -1.324001966611644e-05 0.0008015788438887308
240 0.2144780583137904 0.06384697180397363 0.003109876894267929 -0.01347155748499066 0.0004006152415595457 3.991843494474982e-05
250 0.214057415874076 0.06361515299330958 0.005437302399075718 -0.01341880440526166 0.000726310664078107 -0.0007365686801305859
260 0.2135915891854939 0.06430372795816067 0.005918223232585409 -0.01360816228782183 0.0007262506037026074 -0.0009505333941744392
270 0.2133047946748698 0.06519277127701334 0.003416862767469847 -0.01392828157461117 0.0003045456553625818 -0.0001833442016762359
280 0.2133845422038532 0.06575491957830767 0.000134627551673115 -0.01429976414691122 -0.0001364611575069244 0.0007758784901672823
290 0.2135206776288323 0.06525641478850551 -0.0004788246608683095 -0.01433537915653834 -0.0001272365952442726 0.0009963925705691083
300 0.2133328485230631 0.06388050365182328 0.001376583592641519 -0.01392010181216081 0.0001647574740468217 0.0005755880979483997
310 0.2131821341047777 0.06308880779392934 0.003849570004127184 -0.01369465247060566 0.0005286065623825362 -0.0001902972898154461
320 0.2128087331965792 0.06333988220644042 0.005597395533583232 -0.01373805824116353 0.0007737882484461911 -0.0008598452172865391
330 0.2124708412251577 0.06418873666580667 0.005508472022768006 -0.01393592953947416 0.0006838849667490138 -0.0008984902757126975
340 0.2123444948780767 0.06510608919740597 0.002651351917972607 -0.01422986995807196 0.0002119165590054131 -2.117843116502943e-05
350 0.2126097930058164 0.06561956365315154 -0.0001893422725651541 -0.01455661107355214 -0.0001559937092704483 0.0008114160043457148
360 0.2127943138611208 0.06490102303265111 -0.0002319249218498835 -0.01446885170492161 -7.668705002098108e-05 0.0008984588411512139
370 0.2126858995009421 0.0635327292522542 0.001820831707493854 -0.01401714283970916 0.0002335303885526938 0.000403601569361383
380 0.2126021654275146 0.06294799258056251 0.004202724567477063 -0.0138334198966868 0.0005909552264976701 -0.0003755559315230493
390 0.2122916602291456 0.0633727043357875 0.005726519927016434 -0.01388756038374495 0.0007917907089715765 -0.0009679328523058161
400 0.2120625178853126 0.06429537205692872 0.005213730079091114 -0.01408232417359631 0.000633452130932937 -0.0008484478245521114
410 0.2120535740485237 0.06520431646895061 0.002078051935660129 -0.01436953648192582 0.0001308812186635128 0.0001235136430909499
420 0.2124205824782982 0.06559230038239068 -0.0003809646082011546 -0.01465523020320194 -0.0001676610693978389 0.0008532388018682627
430 0.2125821920577689 0.0646489603188582 2.659167175194491e-05 -0.01445585546091818 -3.176020414567852e-05 0.0008316341401237358
440 0.2125225225340273 0.06333824564969201 0.002229262699593575 -0.01400956627713378 0.0002945540111985106 0.0002719690268811568
450 0.212433191244498 0.06293974254388293 0.004536299516079808 -0.01386826700082087 0.0006435828840070402 -0.0005125080681437521
460 0.212137211000701 0.0634936091052288 0.005823889732414221 -0.01394261950726781 0.0007959958897783147 -0.001021145235063218
470 0.2119572135846852 0.06444852236762577 0.004844883342235849 -0.01414785665540684 0.0005682619299946381 -0.000740887286605391
480 0.2120292863257322 0.06532013061977283 0.001514466676532071 -0.01444382949372898 5.226381703209844e-05 0.0002840770010946946
490 0.2124339091422066 0.06553686464879223 -0.0005058739766542752 -0.01468220023517465 -0.0001681704568453555 0.0008895399662243437
500 0.2125335349220437 0.06440800134286088 0.000311070744900894 -0.01438807533193738 1.464052875154115e-05 0.0007656454863524753
510 0.2124980668919237 0.06319495213517169 0.002623789356921732 -0.01397288261728275 0.0003541037368075338 0.0001454029692912399
520 0.2123692654933463 0.06297422860744323 0.004828224897558765 -0.0138753346607833 0.0006880854170439763 -0.0006335399082731096
530 0.2120807832748833 0.06363102015997547 0.005849006196117987 -0.01397239764868226 0.0007884066720029884 -0.001048610539795706
540 0.2119334878403756 0.06460258526446597 0.004388297470784765 -0.01419209964430539 0.000492649170526658 -0.000605998722829834
550 0.2120732340721339 0.06542773149760781 0.0009925716703676774 -0.01450009904838653 -1.731162027391976e-05 0.0004340049138152694
560 0.2124806147027437 0.06544460238358166 -0.000551230827151559 -0.01467799889614167 -0.0001590131264718463 0.0009123343519017283
570 0.2125185410732921 0.06417410235603567 0.000639873337778297 -0.01430820539917932 6.409471662478526e-05 0.0006904090535737117
580 0.2124938732856528 0.06308803263752652 0.003022162903417141 -0.0139390141527254 0.000414283590818616 1.716157694821287e-05
590 0.212316414355533 0.06303998615462958 0.005093986012922051 -0.01388149885791029 0.000726537997853197 -0.0007396299739602264
600 0.2120422747380349 0.06378345752936376 0.005813386217060559 -0.01400297434649911 0.0007705930601531469 -0.001047945966004193
610 0.2119243087603641 0.06475534921684288 0.003887577359987034 -0.01423560032751841 0.0004102121391468156 -0.0004489468996825334
620 0.2121379762812839 0.06551476602041875 0.0005413442605333577 -0.01455342127768953 -7.513479921077935e-05 0.0005673046151488299
630 0.2125151657776141 0.06531056617320154 -0.0005247656933968164 -0.01465478750670898 -0.0001407822662186323 0.0009189027555825765
640 0.212502398285205 0.06394862175244963 0.000989604845180172 -0.01422977226979509 0.0001163881426771142 0.0006042942261677096
650 0.2124851193127539 0.06300409890053377 0.003406813917732902 -0.01391334303071349 0.0004731867181847307 -0.0001142316650124084
660 0.2122656646642496 0.0631244671754741 0.005333018797355248 -0.01389210161762483 0.0007577278104374483 -0.0008351994164842262
670 0.212011944330657 0.06394272831943146 0.005702777820395825 -0.01403574978126058 0.0007400745120088993 -0.001020779956327571
680 0.2119280198947112 0.06490767109308256 0.003317895436252637 -0.0142840735389257 0.0003208119608359183 -0.0002743947743969081
690 0.2122072809439442 0.06557659203517877 0.00015118540700485 -0.0146041380336331 -0.0001194107284678098 0.0006787333122417082
700 0.2125395247130452 0.06513000826065264 -0.0004236555312092546 -0.01461386606550392 -0.0001133769971095678 0.0009060464082709408
710 0.2124953433499741 0.06373274989270643 0.001364527432325266 -0.01415441043073123 0.0001710120913768366 0.0005056943335056191
720 0.2124707329331786 0.06295347290641697 0.003779802283529516 -0.01389489932635162 0.0005311126303481301 -0.0002462605328426087
730 0.2122179990536203 0.0632288070761598 0.005529703214807193 -0.01390670720601006 0.0007793757785124486 -0.0009131491865112224
740 0.2119858079283579 0.06410633833386324 0.005515175777445227 -0.01407114901650784 0.00069769789181702 -0.0009620328021486134
750 0.2119429243974236 0.06504697342361682 0.002734348480530533 -0.01433265822546452 0.0002304680101217991 -9.147056108830618e-05
760 0.2122815159938836 0.06560349361468223 -0.000149316364230556 -0.01464266137231505 -0.0001498274144485833 0.0007696205942688356
770 0.2125441766982305 0.06491778827255858 -0.0002515142389990785 -0.01455326363204221 -7.857651083464424e-05 0.0008775468999990298
780 0.2124875498401827 0.06353395453300165 0.001759521365020148 -0.01408498898083113 0.000227680787126458 0.0003975022468289548
790 0.2124447120476166 0.06292969982709816 0.004134277856986699 -0.01388244689091326 0.0005855880995102511 -0.0003777861266214713
800 0.2121680177794383 0.06334130742585084 0.005685181134067902 -0.0139236869402543 0.0007926352949886786 -0.0009778286702372037
810 0.2119601000413368 0.06426467220264653 0.005246691527787876 -0.01410690289135232 0.0006441281759274771 -0.0008790427690931843
820 0.211967544649062 0.06518167283694531 0.002154354955404519 -0.01438377278391383 0.0001441286907787075 8.533838983775412e-05
830 0.2123527636255931 0.06560055557815725 -0.0003681967618788763 -0.01467113739306899 -0.0001666737611958185 0.0008374791464776029
840 0.2125429519065736 0.06469182724796407 -2.449649421519979e-05 -0.01448270021551018 -3.845417924389046e-05 0.0008336535531069998
850 0.2124907064245739 0.06336516720448371 0.002153165194789647 -0.01402872419552047 0.0002858096073495985 0.0002835088162717527
860 0.2124117659865625 0.06293588637847865 0.004469702454012359 -0.01387729176461278 0.0006371213234053672 -0.0005019768963012435
870 0.212122012496018 0.06347319601348923 0.005794572038787742 -0.01394520580280136 0.0007969432827441015 -0.001023198050903321
880 0.2119437647555376 0.06442699444871429 0.004889449796901583 -0.01414610817420975 0.0005790668336134028 -0.0007659717299336535
890 0.2120100549529818 0.06530650944534641 0.001579907564482983 -0.01443853392583218 6.259182308982217e-05 0.0002575819618411045
900 0.2124172188167818 0.06555224723936158 -0.0005038948659295038 -0.01468417413596565 -0.0001694235491897198 0.0008831710196386485
910 0.2125301049048024 0.06444759659181958 0.0002626080004937259 -0.01440183418134838 7.959452443592946e-06 0.000773349499175826
920 0.2124911474035533 0.06321669894665684 0.002566400677232172 -0.01397975788111559 0.0003464266273192004 0.0001604073617021962
930 0.2123715124700364 0.06297062637413485 0.004782382569541341 -0.01387605448441459 0.0006823066820129813 -0.0006196794123957307
940 0.2120839880505609 0.06361317147916262 0.005839960395806665 -0.01396920780803452 0.0007903222124645751 -0.00104881172386326
950 0.211931820349896 0.06458367464231192 0.004450238770365365 -0.01418602212339779 0.0005039420984692032 -0.0006288586812022903
960 0.2120628315559714 0.0654151500783855 0.001055491790528949 -0.01449215732264848 -9.065051464618881e-06 0.0004129939471225801
970 0.2124734110325968 0.06546257833697421 -0.0005591171826416374 -0.01468034173561774 -0.0001619861299463769 0.0009099061245236986
980 0.2125189076576092 0.06420824367063156 0.0005844390098061572 -0.01432024232167924 5.664890452414817e-05 0.0007006043114121863
990 0.2124899992593294 0.06310381126864817 0.002962721682697605 -0.0139449952671977 0.0004061461973363253 3.37448599553382e-05
1000 0.2123201249944842 0.06303106634983426 0.005065574720194705 -0.01388222707060791 0.0007227152767590728 -0.0007269735504821174
1010 0.2120453790426686 0.06376507720943179 0.005827171494668503 -0.01400004237371401 0.0007739753961894289 -0.001049248893685154
1020 0.2119219828442623 0.06473818883334838 0.003954372432919636 -0.01423138274409219 0.0004215580445526887 -0.0004695686277686786
1030 0.2121261916075656 0.06550373482136464 0.0005950876915802784 -0.01454816208835316 -6.787080245132029e-05 0.000551301031877122
1040 0.2125085261951305 0.06532836327956287 -0.0005320153174754546 -0.01465909612415475 -0.0001431335430427894 0.0009190808705731882
1050 0.2125018178570156 0.06397613890752418 0.0009430226838654905 -0.01423955564664941 0.0001096404404879768 0.0006160563010954061
1060 0.2124869230032397 0.06301181517116444 0.003355106557707729 -0.01391637482809433 0.0004655692805374307 -9.725500413515418e-05
1070 0.2122708020480199 0.06311148258795828 0.005303142015888795 -0.013890577683318 0.0007536253130848983 -0.0008226188553527259
1080 0.2120154128728861 0.06392033297795138 0.005725712098146107 -0.01403126947857993 0.0007442230711857111 -0.0010240517659375
1090 0.2119268639902001 0.06488482974840104 0.003394656274441283 -0.01427759083978083 0.0003320719232753631 -0.0002957204795171828
1100 0.2121967808054513 0.06556699987415388 0.0001967526385614039 -0.0145972928093467 -0.0001144836923744511 0.0006659061937469011
1110 0.2125342070097767 0.06515041241106777 -0.0004416862693993434 -0.01461857070780116 -0.0001166999126268756 0.0009074716229924822
1120 0.2124926167648915 0.06375668728812231 0.001313395727986839 -0.01416263828651442 0.0001638015877434122 0.0005180227829367493
1130 0.2124710752037444 0.06295807468449749 0.00373002155210958 -0.0138961258278643 0.0005237080571965663 -0.0002299573764294537
1140 0.2122224763205228 0.06321325017421596 0.005503547193421964 -0.01390389790054044 0.0007770796246071913 -0.0009042587488039012
1150 0.211988279039358 0.06408196089542754 0.005546792489452336 -0.01406524615282666 0.0007044642594726607 -0.0009729025698530753
1160 0.2119384614455583 0.06502748364466082 0.002814843413042817 -0.01432406566807173 0.0002432254935746927 -0.0001186979320496789
1170 0.2122680059481263 0.06560204246841775 -0.0001177754617295591 -0.01463611355109173 -0.0001466040942928618 0.0007580629827033431
1180 0.2125443712097795 0.06494922846413259 -0.000280056716394252 -0.01456187130168043 -8.372666455995435e-05 0.000882921664232499
1190 0.2124888186224363 0.06356181810642332 0.001707321335470461 -0.01409404497693707 0.0002201626364758261 0.0004138913286994896
1200 0.2124488013502455 0.06293380369373323 0.004092594004786267 -0.01388425262296343 0.0005787890850836501 -0.0003595405205322986
1210 0.2121767557865567 0.06332822654668938 0.005671226114996188 -0.01392154725705858 0.0007918224070535155 -0.0009702881560172706
1220 0.2119650042376988 0.06424611239371636 0.005285671875758722 -0.01410226598124977 0.0006516071773053639 -0.0008910060467838573
1230 0.2119661395819126 0.0651672263537304 0.002226418254384387 -0.0143780679756217 0.0001547904668245625 6.33859636786016e-05
1240 0.2123442583769917 0.0656031281000363 -0.0003424273195918872 -0.01466859598173126 -0.0001646222198214437 0.000828676586843392
1250 0.2125447287239299 0.06471990223645566 -5.584012854578529e-05 -0.01449219039485836 -4.384415384786258e-05 0.0008393011088575778
1260 0.2124902770387906 0.06338587708598978 0.002104214076863912 -0.0140350642687639 0.0002782608497954739 0.0002993337078751331
1270 0.2124168878497317 0.06293410697507001 0.004429679435147969 -0.01387723758637941 0.0006301983554553052 -0.0004848311323972009
1280 0.2121291739961177 0.06345740960917487 0.005785285457940253 -0.0139420974992218 0.0007969343891405104 -0.001017887518252675
1290 0.2119458087650573 0.06440646101752952 0.004941666103139138 -0.01414107298884994 0.0005885577354618166 -0.0007818651275201404
1300 0.2120041751679345 0.06529227045776093 0.001659729374338266 -0.01443162100878033 7.335874261328675e-05 0.0002359362939943357
1310 0.2124097507940655 0.0655627022864544 -0.0004839568564764583 -0.01468336055698653 -0.0001692916036789793 0.0008790512987085737
1320 0.2125312801312869 0.06448058431189446 0.0002287760544663713 -0.01441274101755869 2.019176777269542e-06 0.0007831412168589383
1330 0.2124891999426571 0.06323501735703414 0.002515773426686286 -0.01398565502266058 0.0003380610204350874 0.0001783730749763836
1340 0.2123736821443231 0.06296288993519226 0.004744496197028538 -0.0138763398677506 0.0006769584669553772 -0.0006036232779273201
1350 0.2120831903261069 0.06359065356713091 0.005839160949260929 -0.01396645127577514 0.0007921636868474214 -0.001046222068897762
1360 0.2119285527710296 0.0645585884327764 0.004524087993237544 -0.01418147179886937 0.0005159834804534684 -0.0006499860206925582
1370 0.2120504541176092 0.06539816181315559 0.001135178994797416 -0.01448640119867602 1.326652045587808e-06 0.0003923255311402433
1380 0.212463800457973 0.06547648574423544 -0.0005510321744684926 -0.01468353161744835 -0.0001630134052887225 0.0009078332703818705
1390 0.2125200936909427 0.06424251270632515 0.0005376183088611524 -0.0143323925775916 5.018137720181401e-05 0.0007122830634895946
1400 0.2124938222673365 0.06311864208564492 0.002906698354270276 -0.01394910473437391 0.0003978310407387237 5.281637735721566e-05
1410 0.2123291046925719 0.06302240699532548 0.005024874322383332 -0.01387987576441971 0.0007176169227814127 -0.0007114366908586427
1420 0.2120503547730852 0.06374307266525205 0.005833636874063799 -0.01399491632341775 0.0007770364463596486 -0.001049581871003125
1430 0.211924089057057 0.06471591616041159 0.004030355419888852 -0.01422526366270485 0.0004334818528799091 -0.000491453892429055
1440 0.21211882894841 0.06549253569662138 0.0006597184782971147 -0.01454083092489262 -6.001947030172091e-05 0.0005328056956086273
1450 0.2125069154215404 0.0653496454545202 -0.0005390854387858186 -0.0146629764554905 -0.0001459938423009132 0.0009174960013231998
1460 0.2125070754774606 0.06400911594937794 0.0008885562284791112 -0.01425009587795396 0.0001019187042103072 0.0006271772129056603
1470 0.2124901391352545 0.06302465616848908 0.003297615747025693 -0.01391874358293015 0.0004566437528420086 -7.942477213690027e-05
1480 0.2122826933802693 0.06310013552160786 0.005264893366084445 -0.01388812024185051 0.0007485717156297249 -0.0008105067629400365
1490 0.2120224955626706 0.063897647333837 0.005739536922482988 -0.01402525360956272 0.0007486634070904022 -0.001030368816887393
1500 0.2119277393288274 0.06486387099356268 0.003480555047882009 -0.01426848411742932 0.0003454650667962569 -0.0003231901779704629
1510 0.2121893767260737 0.0655625464237593 0.0002533658660398868 -0.01458880325344843 -0.0001088230168318603 0.0006508485822367702
1520 0.212535202812329 0.06518438479709809 -0.0004538752544118994 -0.0146251088252865 -0.0001215604271252856 0.0009116831574621527
1530 0.2124982186563245 0.06379070688751608 0.001263546361207438 -0.01417382657151749 0.0001556070624236682 0.0005348259731647081
1540 0.2124739514260251 0.06296622661237961 0.003684216283535502 -0.01389955145200493 0.000516035793276784 -0.0002098676150412758
1550 0.2122303587378289 0.06319876281469673 0.005485898581443064 -0.0139031173610963 0.0007750530139297772 -0.000893100469511654
1560 0.2119915922539123 0.06406019515670187 0.005583218563692174 -0.01406201965371097 0.0007114389350484522 -0.0009819084984150977
1570 0.2119355085693122 0.06500836490392073 0.002902405446203795 -0.01431911785452787 0.0002562496788489478 -0.0001440529103750215
1580 0.2122581454756728 0.06560110963009425 -7.614328957316877e-05 -0.01463323719901858 -0.0001427964521054631 0.0007470936431271189
1590 0.2125430671491288 0.06498100033870575 -0.0003055889785783008 -0.01457212116154358 -8.892835018799462e-05 0.0008884863684489041
1600 0.2124887492885367 0.06358725635231871 0.001650406968460525 -0.01410354929658431 0.0002121265020485012 0.0004295366535409344
1610 0.2124522588820234 0.06293326003301039 0.004037729719348278 -0.01388538453778867 0.0005708980814807499 -0.0003415013793223282
1620 0.2121804256763725 0.06330893166919854 0.00564655935067571 -0.01391893819153353 0.0007900533528893846 -0.0009621373505930145
1630 0.211965609916311 0.06422016632316425 0.00532525480680327 -0.01409714563701869 0.0006597745134874494 -0.0009040360152726149
1640 0.211957877060067 0.06514634677051662 0.002304508888263387 -0.01437111855235484 0.0001670295693457385 3.839861548184447e-05
1650 0.2123322650822878 0.06560291680460428 -0.0003132669469841993 -0.01466516727419677 -0.0001626407334777439 0.0008208914917978868
1660 0.2125450742207081 0.06475210005986762 -8.356311009862565e-05 -0.0145027336956736 -4.917517917541721e-05 0.0008476941982688104
1670 0.2124885460773046 0.06341043151942514 0.00205075803624768 -0.01404300658355511 0.0002703773023718636 0.000317433145155582
1680 0.2124227753863232 0.06293250105000554 0.00438430032045973 -0.01387829500793111 0.00062403195720597 -0.0004670251616593596
1690 0.2121341984856785 0.06343588471183706 0.005769863150204941 -0.01393952042374721 0.0007975534725533795 -0.001012534970999369
1700 0.2119454396359983 0.0643811265255944 0.004997138021341435 -0.01413560218503089 0.0005994807756799282 -0.0008012739328008948
1710 0.2119943055198645 0.06527184316776534 0.00174041382394392 -0.01442340329667088 8.535615131874776e-05 0.0002096494442483343
1720 0.2123984728310053 0.06556796887393908 -0.0004696469878179743 -0.01468136237823815 -0.0001693519783008332 0.000872196402825448
1730 0.21253339823901 0.06451474003755879 0.0001817946458245428 -0.01442393683182362 -4.980722525975893e-06 0.0007918785737886946
1740 0.2124933562765996 0.0632577059383754 0.002455570402882458 -0.01399279399478936 0.0003296320679153747 0.000195627341906283
1750 0.2123839108885133 0.06296087970199479 0.004705381758180471 -0.01387658278757238 0.0006707467778475214 -0.0005884305364142414
1760 0.212093438792632 0.06357560380975548 0.005837047745698222 -0.0139633189533416 0.0007931719735528541 -0.001044812153925766
1770 0.2119337143229743 0.06454227776303191 0.004575882492259487 -0.01417634829954029 0.0005250437208601202 -0.0006683867404837694
1780 0.2120474092447788 0.06538855018474495 0.00119451647048793 -0.01447948405586852 9.831599811543774e-06 0.0003730623170335316
1790 0.2124572522803214 0.06549134256769167 -0.0005428952853269373 -0.01468452573000235 -0.0001640847537722254 0.0009053754103695414
1800 0.212522265133653 0.0642732316146311 0.0005035792295034385 -0.01434279222829501 4.358914798978349e-05 0.0007227155905221933
1810 0.2124938318892856 0.06313059379196095 0.002861627149500693 -0.01395262182826364 0.0003907011895500839 6.905033886216292e-05
1820 0.2123352784670531 0.06301228350701207 0.004992318406623531 -0.01387912095832849 0.0007127023900373054 -0.0006989310800251056
1830 0.212055980501697 0.06372445395611635 0.005833358469063809 -0.01399144622246951 0.0007791954086738683 -0.001051606231382232
1840 0.2119265581953616 0.06469952259713774 0.004086378545332826 -0.01421993717656637 0.0004437839574825036 -0.0005137044800466534
1850 0.2121114528102702 0.0654844331481954 0.0007102222920597575 -0.01453403279242073 -5.380132146203127e-05 0.0005166506394678422
1860 0.2125042966961432 0.06536976658065846 -0.0005433517409956985 -0.01466655303904041 -0.0001490545418261267 0.0009182889407601607
1870 0.2125080852814893 0.0640373131754728 0.0008469742282529383 -0.01425976061579988 9.539954692521638e-05 0.0006388753268913402
1880 0.2124887877229752 0.06303432121318199 0.003250371330770317 -0.01392219130644701 0.0004499077217855756 -6.331757599487149e-05
1890 0.2122853105959866 0.06308691213507207 0.005236881905352067 -0.01388720650613599 0.0007460222660074749 -0.0007990578426399065
1900 0.2120220363416604 0.06387686027338858 0.005755497447593675 -0.01402162608489845 0.0007533500063074482 -0.00103518140777414
1910 0.2119214133820333 0.06484502299550868 0.00355300352560902 -0.01426324282352801 0.000357149744678928 -0.0003469412636438741
1920 0.2121778510559228 0.06555404527055785 0.0002950541448525694 -0.01458412817369512 -0.0001039673156464127 0.0006367823910668187
1930 0.2125295261579537 0.06520609734435705 -0.0004767665728850527 -0.01463206253766733 -0.0001257360460838463 0.0009130719442009827
1940 0.2124977363715523 0.06381641212086035 0.001210034368317815 -0.01418428815555256 0.0001482381280909526 0.0005467666721838139
1950 0.2124769288229242 0.06297127625990674 0.003631079988531481 -0.01390187165628092 0.0005080626256036315 -0.0001939401947546952
1960 0.2122389407837478 0.06318635786726351 0.005456268116927615 -0.01390064116722428 0.0007719948288740899 -0.0008846093890082064
1970 0.2119984732678361 0.06404406462982906 0.005599580856042816 -0.01405683083349169 0.0007159169299741239 -0.0009904976472886497
1980 0.2119366107432734 0.06499569077431908 0.002959773211623223 -0.01431328366551497 0.0002658966537472619 -0.0001664604488085537
1990 0.2122503183909048 0.06559863583061463 -5.196005065477027e-05 -0.01462870575861966 -0.0001400459654522783 0.0007351359948397599
2000 0.2125418556109592 0.06500634885037941 -0.0003353253680071484 -0.01457957146880425 -9.355702267708573e-05 0.0008907628530779592
2010 0.2124875004711011 0.06360986720133428 0.001605353598404207 -0.01411127829892014 0.0002050075379568547 0.0004421507573766797
2020 0.2124559567362671 0.06293581853138526 0.004004193240881532 -0.01388610590361522 0.0005638634002397555 -0.0003248906849620674
2030 0.2121868822936713 0.06329687132622749 0.005628798045907443 -0.01391636096577345 0.0007879104444924917 -0.0009533172684320835
2040 0.2119703161530573 0.064201480167301 0.005355724273536134 -0.01409179267610236 0.0006660659282290844 -0.0009139045622029606
2050 0.2119569223430897 0.06512925603836892 0.002375423347168575 -0.0143627151791811 0.0001774666659612526 1.674510150691131e-05
2060 0.2123253625612672 0.06560577338220719 -0.0002944113939924121 -0.01466115018814098 -0.0001613330245187149 0.0008131080791144959
2070 0.2125458114573623 0.06478137213112752 -0.0001188683946680804 -0.01451077746967427 -5.440767966883678e-05 0.0008522003003002678
2080 0.2124904564100963 0.06342960036385481 0.002001722864163095 -0.01404933890991433 0.0002633214072753088 0.0003292459201804952
2090 0.2124288170151703 0.06293365629303754 0.004346540916223838 -0.01387885041181375 0.0006181110525632731 -0.0004539717819101315
2100 0.2121413740663722 0.0634243668922142 0.005760595332018316 -0.01393698967743726 0.0007971730689009834 -0.00100877736708291
2110 0.211949940659168 0.06436625514584871 0.005039306822874536 -0.01413170502180182 0.0006063934744879109 -0.0008146911190421939
2120 0.2119906280275819 0.06526118454052532 0.001797290875707701 -0.01441824312936348 9.328499628600465e-05 0.0001916055585838537
2130 0.2123921419146271 0.06557811296064164 -0.0004634735265048076 -0.01468173262427219 -0.0001701572918340632 0.0008681543357177424
2140 0.2125362765707202 0.06454359087589191 0.0001471830909545541 -0.01443407047944069 -1.076771669003778e-05 0.0007988692406809509
2150 0.2124913827867792 0.063272283880128 0.002408169400735219 -0.01399745963322264 0.0003225059036913042 0.0002096866480083457
2160 0.2123864437807759 0.06295509206160223 0.004665971906602771 -0.01387584946963785 0.0006650422672378303 -0.0005745534306208739
2170 0.212094048693406 0.06355680605508658 0.005827875256016778 -0.01395991599187662 0.0007938828827276675 -0.001041358382511254
2180 0.2119335458749687 0.06452196419590782 0.00462307066215673 -0.01417184099662976 0.0005338909103987409 -0.0006840108143312606
2190 0.2120402847059717 0.06537332969160062 0.001252063255825351 -0.01447280944325084 1.758207095143502e-05 0.0003545707520896328
2200 0.2124537505368566 0.06549944423332328 -0.0005401123838405914 -0.01468409923711516 -0.0001656694878353697 0.0009007921696476695
2210 0.2125256369317425 0.064301217624032 0.0004601000560146535 -0.01435120165729699 3.726550749133199e-05 0.0007301488498216152
2220 0.2124930584644565 0.06314450862416428 0.002811246019594012 -0.01395614063019772 0.0003831949433116066 8.364428749918169e-05
2230 0.2123422966784611 0.06300297841873746 0.00495944122393675 -0.01387841990581569 0.0007078241023268242 -0.0006852279862013102
2240 0.2120592362286078 0.06370250911714835 0.005841016765290266 -0.01398697330140991 0.0007817380523914219 -0.001051329393321197
2250 0.2119211335270495 0.06467612063896321 0.004153174358921412 -0.01421286777463445 0.0004547379886165782 -0.0005347427084960982
2260 0.2120959218895185 0.06546804869836298 0.0007628886619123486 -0.01452624201293363 -4.652001449872625e-05 0.0004986922607760803
2270 0.2124912953892374 0.06538469968654077 -0.0005571803042420674 -0.01466992106278932 -0.0001518629496603669 0.0009168613360659373
2280 0.2125064704546598 0.06406414569314461 0.0007951649564182599 -0.01427092983577965 8.843528441553632e-05 0.0006495960741133617
2290 0.2124895571091782 0.06304535803781076 0.003202366109886169 -0.01392664982810994 0.0004420031648302546 -4.639637494614795e-05
2300 0.2122926978581267 0.06308007401794945 0.005214353626861899 -0.01388695510834356 0.0007421267284001262 -0.0007874187811785046
2310 0.2120288369662987 0.06386094817208687 0.005771983092712925 -0.01401839947383556 0.000756547325084841 -0.001038199520122279
2320 0.2119258856403325 0.06483054409529843 0.003615478193346756 -0.01425894606675464 0.0003671553303529452 -0.000366378582529199
2330 0.2121719134930268 0.06554999044136317 0.0003395703018277935 -0.01457919838863241 -9.841131967147189e-05 0.0006234504948380371
2340 0.212531096414779 0.06522795855890642 -0.0004848829088062219 -0.01463723796383619 -0.000128615153132365 0.0009149750228635787
2350 0.2125000419381012 0.06384422849070064 0.001171548489696351 -0.01419216796074951 0.0001421670392007671 0.0005591559908111407
2360 0.2124816055542672 0.06297834931316587 0.003593362375745097 -0.01390291845990188 0.0005017030463573743 -0.0001768258505843489
2370 0.2122442111549945 0.06317414835189515 0.005436537110683087 -0.01389788770742773 0.0007695589622321583 -0.0008738637226409732
2380 0.2119998670838308 0.06402260781579391 0.005624736167625669 -0.01405193165194786 0.0007213826092675604 -0.0009956767649469806
2390 0.2119332624081116 0.06497538221482435 0.003035054184759983 -0.01430634781652642 0.0002770394738640347 -0.0001861798623745729
2400 0.2122433561476216 0.06559270541185856 -6.601960541908769e-06 -0.01462320638057959 -0.000135855770262837 0.0007254401767140899
2410 0.2125435574841917 0.06503017462877161 -0.0003468897807285242 -0.01458500454846617 -9.713649700940432e-05 0.0008941215229574894
2420 0.2124897509149004 0.06363362808740311 0.001558150042242253 -0.01411843824466383 0.0001979271199235587 0.0004545500111998254
2430 0.2124592207307175 0.062938658153293 0.003955910308885891 -0.01388752481794479 0.0005571428829755811 -0.0003095056469698228
2440 0.2121954628714879 0.06328008788230857 0.005610970225167189 -0.01391354884507328 0.0007863822726827175 -0.0009455886389580312
2450 0.211972660416728 0.06418175579833979 0.005400873827279952 -0.01408681614435028 0.0006739052078709568 -0.0009259857762574284
2460 0.2119528696837761 0.06511346422895566 0.002461709064593502 -0.01435595341868121 0.0001894112989910451 -6.884349508199634e-06
2470 0.2123142316413187 0.06560687808127756 -0.0002590940743426395 -0.01465639669476499 -0.000158964171016586 0.0008049604909394562
2480 0.2125448451459518 0.06481278643486037 -0.0001468309038251947 -0.01451981535029368 -5.920701009271152e-05 0.0008587628388602181
2490 0.212488658557268 0.06345289147607983 0.001950108544835842 -0.01405736990761847 0.0002562829673558602 0.0003448495329322032
2500 0.2124294759216317 0.06293129858757593 0.00430682314260887 -0.01388016121729124 0.0006119230734999326 -0.0004370608301396386
2510 0.21214614027665 0.06340513152153357 0.005752069738635167 -0.01393449765364015 0.0007965850033191357 -0.001001932862351571
2520 0.211952639032035 0.06434452988705672 0.005086342314622629 -0.01412671274601071 0.0006142782206246922 -0.0008275799733898578
2530 0.2119869192100404 0.06524557625297554 0.001871146376666618 -0.01441161354076361 0.0001035530409237119 0.0001705270128666738
2540 0.2123827185440439 0.06558170808314569 -0.0004423697000039807 -0.01467984816520768 -0.0001690493653148933 0.0008612771210458101
2550 0.2125357919801751 0.06457267093439781 0.0001103364467225356 -0.01444433951385302 -1.6315733563318e-05 0.0008057751786600241
2560 0.2124892070056543 0.06329037167124564 0.002352965167831538 -0.01400347660940585 0.0003149610870666323 0.0002252197324323072
2570 0.2123930787804468 0.06294996617845613 0.004624191362759615 -0.01387607208285943 0.0006591346928357799 -0.0005594890007359869
2580 0.2121035995250556 0.06354043691744589 0.005822769497267766 -0.0139563663744173 0.0007946357364661105 -0.001038243230645779
2590 0.2119385197289334 0.06450233583496195 0.004681132265500892 -0.0141657979815564 0.0005438445159323985 -0.000703030986113189
2600 0.2120332463528194 0.06535836563359569 0.001319602916243055 -0.01446531649785681 2.691930810011552e-05 0.0003333480526850501
2610 0.2124443520564236 0.06551100123032223 -0.0005402014256962297 -0.0146850140147996 -0.0001672476215992744 0.0008969180526624308
2620 0.2125227306226158 0.06432964688136233 0.0004104131770550258 -0.01436309559161711 3.048839309432262e-05 0.0007388558147514861
2630 0.212489914263739 0.06315782765817854 0.002754167917984694 -0.01396195584091635 0.0003744318628094965 9.988009170251198e-05
2640 0.2123474778796907 0.06299752198608635 0.004919401652551465 -0.0138784393806039 0.0007022939187534955 -0.0006720321083865337
2650 0.2120644856098808 0.06368598857069865 0.005843325105585468 -0.01398345049800166 0.0007838080818994754 -0.001051405278978506
2660 0.2119264485917111 0.06465813544859887 0.004226304811939989 -0.01420694718171627 0.0004660319631196959 -0.0005558940556742134
2670 0.2120896334022691 0.06546041008973623 0.0008295721621229181 -0.01451876145358962 -3.829338238572686e-05 0.0004810879735791802
2680 0.2124889633635802 0.06540431327390824 -0.0005576880152591146 -0.01467257735220641 -0.0001541266596265002 0.0009165275882358232
2690 0.212509184399489 0.06409708395707384 0.0007471340402647683 -0.01428157136926746 8.121449172523968e-05 0.0006615326812067284
2700 0.2124906877012391 0.06305664222255247 0.003146561781335309 -0.01392974757410234 0.0004337701056604991 -2.874126412421286e-05
2710 0.2122982327682283 0.0630681295423004 0.005174801123588021 -0.01388417099537225 0.0007372102771642278 -0.0007741858329841728
2720 0.2120342649012864 0.06383900370346884 0.005782970047312999 -0.01401321154159541 0.0007601190808026908 -0.001040390994952732
2730 0.2119279525507348 0.064810434241898 0.003692991797802765 -0.01425225202749511 0.0003788594903404715 -0.0003881117669975768
2740 0.212163015880518 0.06554029632204386 0.0003998440979900582 -0.01457187763104571 -9.151299758946747e-05 0.0006067039195394799
2750 0.2125260995470044 0.06525024287840349 -0.0004963939780849758 -0.01464211607890035 -0.0001315743140854408 0.0009144238798821598
2760 0.2124993503131912 0.06387154320153013 0.001116315379424069 -0.0142022060962087 0.0001349701824509411 0.0005704494638511943
2770 0.2124802929261579 0.06298296804597353 0.003537432881221014 -0.01390544845650444 0.0004935191013771118 -0.0001597120648529786
2780 0.2122496157481029 0.06315609821869879 0.005403914329101702 -0.01389616335843171 0.0007655218708210549 -0.0008620675160944512
2790 0.2120009917374341 0.06399616763091028 0.005649212415610144 -0.01404709489109974 0.0007269629653937768 -0.001003893754381399
2800 0.2119284361446223 0.06495204649971992 0.003122833815363309 -0.01429911990506772 0.0002905306157849802 -0.0002138947701968449
2810 0.2122289861344303 0.06558578062266342 3.947792035658996e-05 -0.01461690995921424 -0.0001316089375513902 0.0007127454696259523
2820 0.2125390637587464 0.06506163842145446 -0.0003721668746206693 -0.01459478791335503 -0.0001022870048449844 0.0008996113714051991
2830 0.2124895967658805 0.06366224180339179 0.001502230190598354 -0.01413004243974395 0.0001901399523608724 0.0004719283341230093
2840 0.2124617764264281 0.06294274600674847 0.003909326691047241 -0.01389055300245667 0.0005500403770428957 -0.0002898542257732279
2850 0.2121999113063759 0.06326664464222929 0.005594207828181953 -0.01391206838946234 0.000785727280891257 -0.000936767276348165
2860 0.2119770964551494 0.06416017196166696 0.005439166667080926 -0.01408305983654484 0.0006821562922583883 -0.0009379660634387967
2870 0.2119505018655512 0.06509519793807776 0.002540161618486324 -0.01435019166777068 0.0002016598187384394 -3.23592687478577e-05
2880 0.2123063427598122 0.06560864546816558 -0.0002350967565241032 -0.01465411196512053 -0.0001569082917796229 0.0007946019147796744
2890 0.2125460885856767 0.06484587815083526 -0.0001866433042595261 -0.01453171934320059 -6.546479837455804e-05 0.0008642536595868971
2900 0.212489067542631 0.0634776388051375 0.001891395759535762 -0.01406630234543488 0.0002478835992116994 0.0003612741215613542
2910 0.2124360144419157 0.06292918402816572 0.004259380897397642 -0.01388030411504278 0.0006041479188564236 -0.0004185323451383611
2920 0.212152639413801 0.06338741703790665 0.005736744148338736 -0.01393063324597227 0.0007956480652599538 -0.0009945801538194705
2930 0.2119543516852549 0.06432239911109897 0.005132128439177387 -0.01412011190114276 0.0006233697023817794 -0.0008429681819857591
2940 0.2119812625718444 0.06522622277526632 0.001946229627729511 -0.0144030625171458 0.0001154019075375642 0.0001456663237331146
2950 0.2123746971730866 0.06558767069185004 -0.0004265053862315388 -0.01467723950965867 -0.0001680766976399588 0.0008536427585101103
2960 0.2125369465059541 0.06460734277913824 6.83781404464723e-05 -0.01445470961096398 -2.241837393581097e-05 0.0008132119945287402
2970 0.2124896052812975 0.06331154526722131 0.002294744137488919 -0.01400981174565016 0.0003062417415307011 0.0002414994680337531
2980 0.2123988572811538 0.06294555996369368 0.00457796425723291 -0.01387514473693268 0.0006523827966747439 -0.0005428210612238813
2990 0.2121102583583533 0.06351783123993564 0.005814581900747225 -0.01395188011661402 0.0007951322169005365 -0.00103422418029605
3000 0.2119398171428866 0.06447709391113875 0.004751047230692231 -0.01415838491200941 0.00055479980816855 -0.0007236208433059918
