"report"
"Iteration" "cd etc.."
("Iteration" "cd" "cl" "cmx" "cmy" "cmz" "cx" "cd-scale" "cl-scale" "cs-scale")
10 0.1772868039329293 0.03630375828218237 -0.00610049902589464 -0.0024358661078049 0.01184698205997726 0.02613342675927565 0.1896360407391927 0.02919335283342497 0.03599717855224243
20 0.2305695534611641 0.03196707952884247 -0.00992479162574449 -0.001281472438315478 0.0105379339257769 0.004143358795459181 0.2437365470770944 0.02426154878949239 0.01672526160340954
30 0.2351006116499063 0.02638922627345422 -0.01075349636091673 -0.001457808347625696 0.0104185283739066 -0.005330519119745685 0.2471016170448466 0.01714303722329625 0.007325288565569083
40 0.2346552536476533 0.02309687723731553 -0.01153235456991739 -0.001080890786196822 0.01081222798984379 -0.005413278234268939 0.2471717960809654 0.01353775196634703 0.007418157937290299
50 0.2289235160943695 0.02158227270592043 -0.01055756908970853 -0.00094995815692744 0.008191872663271482 -0.008218418029037789 0.2409348375222803 0.01152931417664086 0.003491640822011755
60 0.2263708869948878 0.0183864302592583 -0.009529354780245912 -0.0005657274534855733 0.007844217206393536 -0.00110146073296001 0.2385274840692712 0.008368793392007622 0.01140018869752738
70 0.2264021932290442 0.01507434582764422 -0.009296844078120169 -0.0003623156402764462 0.006782079342962811 2.123026402826315e-05 0.2382484717334866 0.004224126152202308 0.01134209822257738
80 0.2268126484842861 0.01277973763597932 -0.00931540215990047 -0.0005277918493709467 0.005968010465561721 0.0004980517289154637 0.2382580511625346 0.002398297206523407 0.01078823703189495
90 0.2267522015158378 0.01181535899711404 -0.009378310928308556 -0.0005568416687532643 0.006156945211710919 0.001522114443680881 0.237722163714554 0.002408310565267603 0.01147639390304806
100 0.2258626980094295 0.01172349987515334 -0.009240042976142709 -0.00052528995635766 0.006501114637337982 0.001295067970988593 0.2364268680351161 0.002534904908093594 0.01074311549336398
110 0.2250921581243094 0.01242497575738242 -0.00902777199986282 -0.0005171311059968858 0.006730460945811855 5.886813758985447e-05 0.2354037656543196 0.003357878012805424 0.009208689248506841
120 0.224412999404283 0.01339691834500124 -0.008947270910495932 -0.000536961402206119 0.006988006211300315 -0.001095910691185531 0.2346750968846 0.004326696013731209 0.007733458291988538
130 0.2239525756835547 0.0138819355228691 -0.008933646668622149 -0.0005461913840820397 0.007196142989406601 -0.002079501203835536 0.2339834959791403 0.00456847506149338 0.006096296177580269
140 0.2235345154109887 0.01358000661237675 -0.008846750601739459 -0.0005088410401220405 0.007271222835695863 -0.003283642125088045 0.2333887491632586 0.004244710156905507 0.004684096475187956
150 0.2229948915017871 0.01317306893953336 -0.008746097102376442 -0.0004517445854691006 0.007444336267908616 -0.00401153827757984 0.2328948328190779 0.004006031033681279 0.004282317986930732
160 0.2224880137613152 0.01319985775157358 -0.008685848122598856 -0.0004296585072677061 0.007633857253034116 -0.004630587584428372 0.232497494902025 0.004361545530861719 0.003931971371382497
170 0.2220257524184924 0.0134079158115404 -0.008599364499162003 -0.0004313965923761563 0.007713093545795313 -0.004916377799863007 0.2320789707839101 0.004975577912133809 0.003616981288532248
180 0.2214915696836394 0.01360449436470476 -0.008465119517772976 -0.0004262814115416743 0.007686966637784187 -0.004709926746357654 0.2315096803993429 0.005471318195207208 0.003583567292724232
190 0.2209728634357815 0.01392023998056756 -0.008319435284636986 -0.0004251256411283512 0.00752978612150831 -0.004400480239067898 0.2309237880467517 0.00593235925185556 0.003641276696007496
200 0.2207102963710187 0.01422237987573672 -0.008224625542710506 -0.0004259084715002543 0.007386083726916052 -0.004163519721561194 0.2306196229437825 0.006291911500106476 0.003758433642197087
210 0.2207222347811521 0.01424032517827512 -0.008231945989228856 -0.0004228784174630909 0.007329935362148795 -0.003959904298252049 0.2306303387595844 0.006343788221251709 0.003972503247159656
220 0.2210373501490453 0.01360449027020892 -0.008390157346187891 -0.0004468366771689759 0.007229092136136889 -0.003697995574817153 0.2309733420090542 0.005758904335932441 0.004306970835140693
230 0.2214820226890767 0.01248046035528067 -0.008552828109905895 -0.0004772221292388356 0.007058733267221403 -0.003294493932428811 0.2314490628999086 0.004706357067551896 0.004774119415893334
240 0.221584837499271 0.01142578245101315 -0.008538108264809816 -0.0004873769813164299 0.006815340056564594 -0.002782229760564889 0.2315698596907923 0.003718755972842803 0.005314545676714838
250 0.2214559671695095 0.01086087124264213 -0.008441323896920247 -0.0004979948117056518 0.00642769261634494 -0.002121673672423139 0.231443936266499 0.00319938511882387 0.005987367235919111
260 0.2213091362859672 0.01051954397023196 -0.008349903324596109 -0.0005079355951496975 0.006000132509887079 -0.001321523181487858 0.2312876360864926 0.002865691851581306 0.006790702322969377
270 0.2209271273274883 0.01021914854168766 -0.008169560943377563 -0.0005186470763123468 0.005596242893580115 -0.0003535762268035838 0.2308949381892745 0.002533429669276787 0.007768393448040473
280 0.2200919728109243 0.01005213549644212 -0.007831557288053074 -0.0005496057064157836 0.005126398540599309 0.0008388035678956074 0.2300594662577669 0.002316300373427574 0.008993924115082782
290 0.2197129719327029 0.01007442207127113 -0.007676815480870294 -0.0005795849288526275 0.004723104446489495 0.001731335241989294 0.2296895560427554 0.0022913913177982 0.009938027056581472
300 0.2199806594522291 0.009972491249870121 -0.007781425286666941 -0.0005795976977844777 0.004634856404042388 0.001732159063779422 0.2299661884984762 0.00214050363935016 0.009984818995892446
310 0.2202984362631901 0.00972263130625204 -0.007897681110901045 -0.0005561168801861551 0.004794562961113824 0.001072272281592187 0.23029506148416 0.001841630765291087 0.009365731385493771
320 0.2203424624276434 0.009640913458962792 -0.007893606237443165 -0.0005480950385391076 0.00493928315012865 0.000440767694196009 0.2303567345667079 0.001732504824248868 0.008788177265327097
330 0.2202419607893593 0.009686930334889972 -0.007833359425666899 -0.0005687083065532449 0.005006952290112338 -6.13346325713247e-05 0.2302736254359841 0.001776285172829313 0.008342917147932656
340 0.2201758746643293 0.009760268916170468 -0.007782161639514022 -0.0005980031113637343 0.005065422984249736 -0.0005453887408673274 0.2302173089454463 0.00185271739531001 0.007890299803165276
350 0.2201705634292304 0.00979358102290221 -0.007761485465059803 -0.0006179030565602204 0.005147299570865837 -0.001008774261228217 0.2302201810122258 0.001890557119078834 0.007438678144374813
360 0.2201801646680628 0.009799826079671944 -0.007762095708910076 -0.0006311329878524949 0.005225866078013916 -0.001452235910458181 0.2302411828219457 0.001914840402358449 0.007007360168208945
370 0.2201898699400888 0.009803004821752679 -0.007764917583588643 -0.0006454996697507254 0.005264076843018264 -0.00186864967241567 0.2302585675606688 0.00195164301380611 0.006597423222927225
380 0.2202075389630443 0.009796528743820828 -0.007760341790216782 -0.0006593270636929185 0.005282268011841466 -0.002184817360414802 0.2302735152741594 0.001981794037972794 0.00625887033643427
390 0.2202435529466691 0.009786399119088121 -0.00776527714917962 -0.0006673373864634224 0.005318366448649027 -0.002389637717377567 0.2302975908181981 0.002008314590379215 0.006004474392643595
400 0.2203041881299823 0.009784532697600762 -0.007795477817302065 -0.0006709092019435658 0.005367259589133886 -0.002556246841484041 0.230338902653951 0.002055357573198787 0.005777783938656599
410 0.2203858294348508 0.009791283188294248 -0.00783763700611822 -0.0006740330761173203 0.00539957918973641 -0.002723303592857867 0.2303883073507288 0.002122686291272042 0.005531555906011727
420 0.2204665961553735 0.009786196078083044 -0.007867513139541031 -0.0006755996695016888 0.005430632605138662 -0.002857458177999427 0.230421347556423 0.002172283706112316 0.005282431173698127
430 0.2205243680160605 0.009780781237033038 -0.007885650385375536 -0.0006714170357101845 0.005489880251191362 -0.002939169005713495 0.2304221468961155 0.002209182009513447 0.005056430611814551
440 0.2205615946664009 0.009794395385590434 -0.007907953278829703 -0.0006621906437591388 0.005565434201896694 -0.002993741847859475 0.2303944944419831 0.002257919921819381 0.004840172351498011
450 0.2205864325475646 0.009835919252688093 -0.007930117388906735 -0.0006521926424967971 0.005622855437690025 -0.003060314613170078 0.2303436474843982 0.00231975063648974 0.004587997312274668
460 0.2205832382436248 0.009892326758489035 -0.007937787653011109 -0.0006430631844914212 0.005672345459762738 -0.003125202040250829 0.2302641727352297 0.002364363588477418 0.004331160118092319
470 0.2205590620118294 0.009953077320062936 -0.007939897114906072 -0.0006327878767816328 0.005744179975081314 -0.003144470959032689 0.2301801230196609 0.002382319741000041 0.004152897384232589
480 0.2205311054172909 0.01001290780808207 -0.007960708031329309 -0.0006203436371816284 0.005827997417696699 -0.003145624094704382 0.2301176912134185 0.002395339073700578 0.00405188336191131
490 0.2205154342498783 0.01005995151467703 -0.007996624312379562 -0.0006074095019141325 0.005894118260923733 -0.003152478329516978 0.2300845077577225 0.002407303185588208 0.003978123865827264
500 0.2205060791394761 0.01007743144185361 -0.008025846058022984 -0.0005945697205038824 0.005954802165723422 -0.003149673561672481 0.2300631174037074 0.00239555601844036 0.003918457660505301
510 0.2204963917398351 0.01008282803257117 -0.0080462081209453 -0.0005804890085905927 0.00603337614304409 -0.003118758430778077 0.2300443860710052 0.002373821398421369 0.003897308550649397
520 0.220479840606313 0.0101020179222742 -0.008070234034348298 -0.0005648771587455817 0.006113839517070846 -0.003074037314903351 0.2300231581928078 0.002372778274045366 0.003918798750943289
530 0.2204480996410018 0.01014931361075348 -0.008091737325148724 -0.0005507450368960264 0.006164705595754039 -0.00307882179706049 0.229988418418471 0.002403964535924919 0.003916946274058614
540 0.2204025490978674 0.0102074617019697 -0.008097242133915323 -0.0005397778888168718 0.006202872259574622 -0.003153591669056712 0.2299425559754435 0.002441515096315927 0.003862607297574856
550 0.2203661946048034 0.01026723427914655 -0.008093549811957586 -0.0005313120590876877 0.006250391038975189 -0.003233272493212656 0.2299145079760477 0.002485898590012455 0.003827524377634726
560 0.2203506834278783 0.01033391816881586 -0.00809842267788145 -0.0005231986773658152 0.006293688926050696 -0.003296818678501658 0.2299171559357165 0.002556531300396187 0.003833239187624645
570 0.2203386933397734 0.01041379645693868 -0.008104782721521313 -0.0005170054024210149 0.006306701311871123 -0.003416986199632516 0.2299291104282816 0.00265666023881654 0.003791471265215056
580 0.2203250145120416 0.01049384164817619 -0.008096442989032861 -0.0005148869658824558 0.006307512432520724 -0.003610822203530815 0.2299469059619959 0.0027613145766608 0.003687025557273753
590 0.2203327269657202 0.01056401911622142 -0.008077313368807347 -0.0005157289757622679 0.006320739851448924 -0.003794296801809797 0.2299960799722288 0.002858200918692216 0.003610831124597995
600 0.2203574452115319 0.01063054645768984 -0.008068981980943848 -0.0005151669270213779 0.006337050608943825 -0.00391656359202029 0.2300654422808727 0.002957558058760953 0.003595415601298504
610 0.2203699870019619 0.01069927439107963 -0.008069782746889079 -0.000513736477026656 0.006330692996042174 -0.004044547008317046 0.2301144083448814 0.003063453557429564 0.003547190239491559
620 0.2203675626570094 0.01075093233787211 -0.00806728656449299 -0.0005138727095567198 0.006316688371996631 -0.004211319801452708 0.2301391217946918 0.003147730142940639 0.003433921826166126
630 0.2203817037674804 0.01076747414687087 -0.008065782232274537 -0.0005147696354348129 0.006325828876258512 -0.004349443390792356 0.23017233523534 0.003186493753500408 0.003331237575816746
640 0.2204131868461061 0.01075967568006278 -0.008082384983369746 -0.0005127117903905879 0.006357696434568607 -0.004435244852046059 0.230214692948136 0.003195377658275493 0.003264217003293384
650 0.2204404491936705 0.01073282216572032 -0.008110810568016094 -0.0005091516773998991 0.006385127223416586 -0.004552385456430672 0.2302444407483931 0.003178674287637906 0.003148845787974289
660 0.2204681112245348 0.0106676398637953 -0.008133022589461773 -0.0005066939401286417 0.006416180578380108 -0.004725527089062029 0.2302695525136834 0.0031126763405922 0.00296526767390306
670 0.2205112845199166 0.01055948728736661 -0.008142550661455035 -0.0005051018155819592 0.006465182863785067 -0.004864132817724492 0.2303093056350451 0.002995813607221569 0.002811848188953973
680 0.2205178114468632 0.01044687213308185 -0.008145437291265817 -0.0004998058185348644 0.006515736049386427 -0.004915599725218993 0.2303106642964535 0.002872203399419186 0.00273912083120092
690 0.2204491581075076 0.01037152414632823 -0.008134201692697862 -0.000492337064488309 0.006527196338850265 -0.004932949410314159 0.2302373638028996 0.002786651126742585 0.002699145205562533
700 0.2203525626798548 0.01032560157405636 -0.008110613767911806 -0.0004886546950165534 0.006497140166884937 -0.004923811178691255 0.2301402283932391 0.002730478722825329 0.002696241493363942
710 0.2203209540880305 0.01026953968007351 -0.008094488233860702 -0.0004911291750469282 0.006448754922853642 -0.004806241117652809 0.230112403888834 0.002661410638562702 0.00281339894903546
720 0.2203398974368749 0.01021173772789553 -0.008095857922112268 -0.0004948548118416794 0.006366101424971965 -0.004521268132624818 0.2301384335824425 0.002589911054889546 0.003105446049574713
730 0.22032967078402 0.01016556904586189 -0.008091083425808733 -0.0004977092679891456 0.006228526015540561 -0.004166826316625289 0.2301391519267847 0.002534303233041481 0.003478854699642604
740 0.2202721715504112 0.0101256046213186 -0.008062281207292145 -0.0005037627545105177 0.006052044572333065 -0.003799454291883986 0.2300960711456558 0.002489441472965731 0.003881971948540949
750 0.2201829250321432 0.0100868161485673 -0.008004070383392448 -0.0005129527037369864 0.005876184497192785 -0.003373208025924491 0.2300220972519952 0.002444597154244747 0.0043500474968929
760 0.22005612534696 0.01007876651942516 -0.007939426459211396 -0.0005205022476964989 0.005719332709453899 -0.002895154937825026 0.2299082938724822 0.002428842784334327 0.004863076159906726
770 0.2199037616146454 0.01011458608463642 -0.007883595756816259 -0.0005303247712959911 0.005548058755586694 -0.002437264333010357 0.2297673062236694 0.002460488582599272 0.005354495598164298
780 0.2197740352118061 0.01015257739798648 -0.0078385273321039 -0.0005459763396649905 0.005369636003511273 -0.002050735502867364 0.2296478555499001 0.002497426537091817 0.005777464226360051
790 0.2197371421382807 0.01014789040517571 -0.007814319685722538 -0.0005627342055218839 0.005236592878481092 -0.00172811230810885 0.2296173354131158 0.002488727611842819 0.006126914993489534
800 0.2197880397169595 0.01009502878717055 -0.007829922145153038 -0.000570255015094172 0.005194307736387735 -0.001545896262412586 0.2296701713787833 0.002430235067769465 0.006320679871463374
810 0.2198519042692066 0.01003192006145753 -0.007858048239364255 -0.0005710488277203242 0.00522235877768206 -0.001611551337878183 0.2297355323832698 0.002368400927720094 0.006264661810397409
820 0.2198778155810406 0.009991248089367841 -0.007860994097523657 -0.0005757760128620215 0.005257757319628583 -0.001806195265851939 0.2297629051809591 0.002334904173035281 0.006084603380665379
830 0.2198814778843844 0.009957646482496529 -0.007835843187031254 -0.0005843670728878308 0.005284422040372102 -0.001943507217850264 0.2297649362433165 0.002303293524461726 0.005952849584098643
840 0.2198559430341559 0.009971456697989404 -0.00780926603282919 -0.0005902920951224681 0.005312729398937606 -0.001991177805348241 0.2297357072623134 0.002314509975890573 0.005897032916072249
850 0.2198128160576786 0.0100311440386876 -0.00779792511637077 -0.0005929369701493855 0.005339324796590146 -0.002068206993615001 0.2296900617629319 0.002376311192769116 0.005811180515511182
860 0.2198015348654445 0.01008793230301695 -0.007803356010960824 -0.0005953454831667787 0.005353890512972261 -0.002206902641430418 0.229675732520306 0.002439912692623275 0.005663974204569103
870 0.2198382844983222 0.01010605799467155 -0.007813410579237484 -0.0005974265321369456 0.005378611947220038 -0.002324520330650735 0.2297031387355296 0.002460237654620229 0.005518580944231528
880 0.2198714146993863 0.01010522548265097 -0.007826745526878591 -0.0005958512547291411 0.005429350029596005 -0.002397352502884391 0.2297218520003681 0.002459147703910995 0.005398042707609513
890 0.2198748471027606 0.01011030847765306 -0.007841594759834961 -0.0005925996289619902 0.005482161431772217 -0.002497080986676317 0.2297093935777049 0.002472167986171617 0.005248728609590561
900 0.2198705175324658 0.01012266163902402 -0.007849883178538665 -0.0005909270594249309 0.005517754062951547 -0.002640491753341812 0.2296846233776847 0.002498021080904597 0.005051315235691562
910 0.2198666207093179 0.01013758573400885 -0.00784322801352751 -0.0005898793318570265 0.005559219801142295 -0.002762926409173395 0.229653301314061 0.002518061837799404 0.004857152381044213
920 0.2198434117197395 0.01017322766105407 -0.007836510211017699 -0.0005856220967502368 0.005623092900161096 -0.002843982210347373 0.2296027048655131 0.002551678345462618 0.004699360977037629
930 0.219817537660636 0.01022378889109418 -0.00784746958744308 -0.0005797362510778685 0.005682107100643298 -0.002935874467008966 0.2295549936391298 0.002603474696853387 0.004548621603213295
940 0.2198238587655545 0.01026759738200129 -0.007872480281594445 -0.0005762140590376719 0.00571194474233147 -0.003056680809126614 0.2295450208023549 0.002647652936744588 0.004388620406355841
950 0.2198599869617625 0.01028155770704883 -0.007893808719349507 -0.0005750398101649168 0.00574047675216897 -0.003159966104214402 0.2295707911118994 0.00265011789955874 0.004260015428136248
960 0.2198960469081515 0.01028528716540666 -0.007913318973479968 -0.0005722871091868061 0.005795948673782424 -0.0032317600144815 0.2296082062892547 0.002640430793357114 0.004188717942703432
970 0.2199222771265985 0.01029300901119216 -0.007937255061406374 -0.0005686268875173826 0.00585554182168965 -0.003312720974504779 0.2296465720535648 0.002647508243315276 0.004139291783839549
980 0.219947369675599 0.01030821018780248 -0.007955899858339574 -0.0005670315390636988 0.005890667017033535 -0.003424178448035548 0.2296857338882672 0.002670953034714275 0.004067785354977657
990 0.2199648440893389 0.01032178988333526 -0.007956748664717295 -0.0005670095140648688 0.005924798673328972 -0.003540527764782537 0.2297137570330136 0.002689731633688606 0.003977588600201073
1000 0.2199694358080994 0.01034295319550365 -0.007952008660028405 -0.0005649294185725419 0.005978159147624778 -0.003631206759186158 0.2297277551302316 0.002716015936968705 0.003904017153373903
1010 0.2199723452657586 0.01037932419770813 -0.007956586441670769 -0.0005607231962790308 0.006023734160069378 -0.003718011214667289 0.2297422369791391 0.002770552173516024 0.003843432899368813
1020 0.2199720703214459 0.01042890085361564 -0.007962681011331059 -0.000556546203163533 0.006041382457022264 -0.00383127846303805 0.2297498095012733 0.002844974490349188 0.003753721672506115
1030 0.2199617332205925 0.01047834052763674 -0.007955706520304438 -0.0005535028691380613 0.006059125665707469 -0.003962175144330448 0.2297431250526281 0.002912279387712582 0.003634339462953121
1040 0.2199388853734077 0.01053379607066593 -0.007944948402336057 -0.0005494333260972278 0.0060999150057127 -0.004062138830005096 0.2297234052742689 0.002979420268614304 0.003541009616732442
1050 0.2199194142373475 0.01059539597448809 -0.007947269031065017 -0.0005442130996216488 0.006137760061212615 -0.004120910156378874 0.2297068270638308 0.003054996947538546 0.003489146091517049
1060 0.2199070030023084 0.01065980602223983 -0.007958174407938961 -0.000540573038536213 0.006144730133428225 -0.004180294178194845 0.2296922596514323 0.003129893396917555 0.003425061672067555
1070 0.219903832630733 0.01070742627918146 -0.007964937168404903 -0.0005400268267910897 0.006146436305781231 -0.00423881703040696 0.2296829263805463 0.003174652136570744 0.003348104871296833
1080 0.2199257983987509 0.01072816956510575 -0.007977404155262938 -0.0005399741789561426 0.006171244759396895 -0.004260139461655061 0.2297015032647546 0.003186446722141791 0.003311815249631541
1090 0.2199808011625307 0.01071573884292982 -0.00801064784392639 -0.0005377309166622968 0.006210778122273441 -0.004271428721034613 0.2297565881353316 0.003170823455904063 0.003295732826636235
1100 0.2200496964052605 0.0106720123634755 -0.008053183659893657 -0.0005346219315318627 0.006246209806683972 -0.00435638113269743 0.2298247731850833 0.003127350979287349 0.003208010517265218
1110 0.2201153651631299 0.01059426493774552 -0.008081266207273981 -0.0005323770271618865 0.006297974039565595 -0.004524707943224562 0.2298903355247339 0.003045044461206304 0.00303835590966128
1120 0.2201628530694908 0.01050190394235798 -0.008090491917642269 -0.0005285682706921313 0.006376014259112604 -0.004686579017707596 0.2299422012373908 0.002946922547366776 0.002886116155742698
1130 0.2201571659819596 0.01043235049169313 -0.008087364083061634 -0.000520818793539936 0.006443636256653233 -0.00477907157913433 0.2299430824944732 0.00287764754516242 0.002812527438167942
1140 0.2200937274743268 0.01041060783037053 -0.008074376463192362 -0.0005127656925437279 0.006461716928883567 -0.004844923616144774 0.2298847696772154 0.002857650091121436 0.002765786257250363
1150 0.2200374156041844 0.01040176606745037 -0.008059529144774534 -0.0005088818721904784 0.006454996347582841 -0.004901397123281644 0.2298331873639916 0.002843636711374779 0.002727110041075167
1160 0.220067225103332 0.01036150915808582 -0.008063593123422017 -0.0005092153105572604 0.006441869256808648 -0.0048666017325891 0.229869840991599 0.002794112347484824 0.002783073666198811
1170 0.2201481447711558 0.0102968921656843 -0.008085961164174356 -0.0005108916881057952 0.006384165192095339 -0.004669427320791881 0.2299571190627873 0.002723677086558974 0.002999743547006783
1180 0.220167011448257 0.01023225799549345 -0.008087900472895598 -0.0005118686898450506 0.006261865223913882 -0.004409270758565851 0.2299794384522078 0.002656870797530776 0.003273517899473991
1190 0.220107565069505 0.0101686665979672 -0.008052765092148013 -0.0005136345318915322 0.006119191046414676 -0.004167062795717301 0.2299230805446201 0.002588219571116925 0.003528957078678947
1200 0.2200313663728611 0.01012112060815304 -0.007997736185169966 -0.0005168531728289659 0.005985259257264665 -0.003866031575195153 0.2298508981158443 0.002532891539715094 0.003843697473189593
1210 0.2199455307540631 0.01011965525644615 -0.007946298780800113 -0.0005196775790252098 0.00584750033567854 -0.003473515953646414 0.2297679393844536 0.002525316730730877 0.004245185577520674
1220 0.2198384296519107 0.01014992730556326 -0.007901447743972615 -0.0005251255842881037 0.005686600597090119 -0.003099512984365079 0.2296620321777458 0.00255098581591565 0.004622532928277952
1230 0.2197385303392571 0.01016731751830334 -0.00785835578322705 -0.0005368694898303197 0.005517660309733159 -0.002762547403907649 0.2295637508217969 0.002562080250978915 0.004964221393941949
1240 0.2196862557285918 0.01015369011686452 -0.007823296343811993 -0.0005510183637466981 0.005373440267858369 -0.002391288629280974 0.2295121410274513 0.002540518469953115 0.005335835612631848
1250 0.2196926908765083 0.01012136546417248 -0.007823336931735748 -0.0005581205026914704 0.005285407647859132 -0.002066580160102542 0.2295161701818281 0.002503604550555115 0.005649073521471135
1260 0.2197309798534531 0.01006929424529923 -0.007848689953904253 -0.0005578966142744397 0.005258308950188685 -0.001971518632825509 0.2295491501132718 0.002453281276952866 0.005726072023145292
1270 0.2197644073070078 0.01001736746935454 -0.007861029332599603 -0.0005584270823164961 0.005277254076499233 -0.00206663026299916 0.2295751817102125 0.002405970133309512 0.005610044870570715
1280 0.21977604604359 0.009969311460259797 -0.00784784837156877 -0.0005622504025616763 0.005314980192361472 -0.002132402167437699 0.2295755286334808 0.00236050655124785 0.005511593108346802
1290 0.2197499423758262 0.009952641984572859 -0.00783156824983449 -0.0005640035381399671 0.005347754916204314 -0.002098090557759531 0.2295346369647198 0.002345723249728677 0.005498813148298236
1300 0.2196983594949104 0.009993643830363224 -0.00782237010243245 -0.0005656984458366716 0.005356478975201765 -0.002085979922052421 0.22946994211735 0.00239065895446123 0.005467306988067063
1310 0.2196705494208104 0.01005465011787698 -0.007818332768299772 -0.0005699003706473359 0.005355419420039843 -0.002134341467484185 0.229435242473493 0.002453153867732531 0.00539400225350762
1320 0.2196975234640433 0.01009887973892276 -0.007820899108291902 -0.0005737056594124452 0.005374713978694838 -0.002162798640655619 0.2294621329158484 0.002489552112161227 0.00535637980283953
1330 0.2197319694352023 0.01013411959153456 -0.007836736695843265 -0.0005735792491337256 0.005416030293892404 -0.002164924107006813 0.2295053016410774 0.002511077750350597 0.00536480535039217
1340 0.2197483401704423 0.01017287138554874 -0.007857669356274561 -0.0005733246255211021 0.005447426895459918 -0.002223929224467307 0.2295408268334636 0.002541211088504697 0.005350182894147992
1350 0.2197692560702651 0.01020831078901959 -0.007869330744223359 -0.0005762786703526881 0.005463851589510211 -0.002330845030676773 0.2295857025830691 0.002573684759904563 0.005307779914304641
1360 0.2197962587966258 0.01023812151644774 -0.007864738754826068 -0.00057926027173809 0.00549364262431458 -0.002409063331045131 0.2296335350649684 0.002600321289101349 0.005285142113283537
1370 0.2197892898918698 0.01028814796791303 -0.007858587046307701 -0.0005770544741010843 0.005546366786128687 -0.002466485675355901 0.2296418502256662 0.002649487134175821 0.00526589959237223
1380 0.2197603373395292 0.01035780888087447 -0.007861079285393665 -0.0005734512439661587 0.005589929254623856 -0.002581285805767667 0.2296246660959696 0.002727281048278341 0.005184730107554661
1390 0.2197635917671886 0.01041549006857748 -0.0078705341518565 -0.000573044019111928 0.005611581926334632 -0.002739107287680416 0.2296339823809472 0.002797279301835113 0.005056256170798999
1400 0.2198089389783907 0.0104405149138048 -0.007878587697152094 -0.0005746332453519606 0.005638770274668303 -0.002866878418914553 0.2296774550046542 0.002829405861593188 0.004939679717734847
1410 0.2198529194406478 0.01044952014291604 -0.007891525675771283 -0.000573505460854333 0.005689262479725511 -0.002972917056555651 0.229715887058337 0.002842752391735664 0.004830388270696671
1420 0.2198895309444423 0.0104521057995463 -0.007908956128797238 -0.0005719789347143658 0.005736929617213806 -0.003130630688236952 0.2297487678080342 0.002856116326397247 0.004676106503653426
1430 0.2199310299680241 0.01044245553155684 -0.007919706125979609 -0.0005725200252123712 0.005767643427845356 -0.003329516162966978 0.2297849059525869 0.002857158347649321 0.004481288197489465
1440 0.2199691112930994 0.01041976289758284 -0.007913733660823367 -0.0005733644717237894 0.005805061999730297 -0.003493924969338743 0.2298133337814351 0.002833853982660529 0.004302693919050783
1450 0.2199719549782298 0.01041154766194849 -0.007904874311382606 -0.0005699322363136174 0.005864486735888005 -0.003622729487805774 0.229807224220883 0.002820327119395089 0.00415215366563372
1460 0.2199547625380036 0.01042172686755078 -0.007905256020374103 -0.0005646626729390679 0.005913678561897554 -0.003761224562859606 0.2297849067062724 0.002833758859824922 0.004004187190130916
1470 0.2199492072935694 0.01044294210664845 -0.007907378212102589 -0.000561343529848691 0.005933248303057011 -0.003900212515128931 0.229771693298128 0.002863858521959248 0.003853058751625682
1480 0.2199473875425377 0.01046536115334515 -0.00789847445639808 -0.0005593077780676185 0.00595469989330388 -0.003990238391861137 0.2297545359595294 0.00289008432522617 0.003727027184193471
1490 0.2199277706539625 0.01049961082789091 -0.007890061571926012 -0.0005547439301723753 0.006001262847500898 -0.004032818520035567 0.2297160599466288 0.002926396896167328 0.003634911727877103
1500 0.2199040090171249 0.0105457506461066 -0.007893894520946921 -0.0005493294406674865 0.006045305648104436 -0.004081826179468678 0.2296723477863394 0.002981914460317792 0.003536106034077409
1510 0.2198942202537675 0.0105912522631725 -0.007903885409200364 -0.0005457817598927601 0.006066279655903388 -0.00414605079058863 0.229636271153212 0.00303636685623185 0.003411454525143079
1520 0.2199041943319802 0.01061532482002315 -0.007910420807766744 -0.0005444595380218797 0.006089623396203806 -0.004188858011907115 0.229615114927668 0.003056335740038106 0.003290996889635662
1530 0.2199208966199471 0.01062324794176499 -0.007924921237464296 -0.0005419193227764639 0.006134617125355939 -0.004203564226883211 0.2296037971555363 0.003051394135966185 0.003202833375155997
1540 0.2199586273509935 0.01060640413677386 -0.007957534367092288 -0.0005384737783900545 0.006180197226165402 -0.00422878729840461 0.2296189118841452 0.003023019488888495 0.003123565746650654
1550 0.2200114484761121 0.01055739894805841 -0.007996385296540669 -0.0005356112548493808 0.006212667078691997 -0.004317505813684708 0.2296548552187358 0.002959789460184896 0.002996599263099453
1560 0.2200565704962498 0.01047793413406472 -0.008021009350090884 -0.0005328712078332195 0.00626475945097494 -0.004448381872421062 0.2296901064095391 0.002857072608071294 0.002841583004276839
1570 0.2200695761322399 0.01039891814305518 -0.008032146226570204 -0.0005270766642576749 0.006349461945181185 -0.004557988025961044 0.2297044232262689 0.002758789489782288 0.002729034525542077
1580 0.2200348139030822 0.01035083871939346 -0.00803546846247102 -0.0005182185002052605 0.006424361771401866 -0.004629608005601118 0.2296769918404374 0.002704802896157182 0.002669478267353515
1590 0.2199571248799781 0.01035481721642671 -0.008028347457856615 -0.0005107638225704137 0.006456362385471812 -0.004683032566023326 0.2296055833096809 0.002706393829269077 0.002625770767897967
1600 0.2198987038760385 0.01038229369585843 -0.008017595178431064 -0.0005080035366450382 0.006474051626051628 -0.004725404505398697 0.2295537147687737 0.002726257052010074 0.002594061803416535
1610 0.2199229393493879 0.0103934981293555 -0.008030072633267169 -0.0005084623792080997 0.006494070824178626 -0.004706733648359356 0.2295896736554987 0.002731106222877779 0.00263669728172941
1620 0.2200243079301352 0.01036735579768232 -0.008070145560502506 -0.0005104442125923664 0.006479745070166141 -0.00461534326080982 0.229706913246758 0.002712340954120718 0.002768332492553404
1630 0.2201134580522471 0.01030628893653008 -0.008099754085990764 -0.0005133047801090805 0.006405411706623431 -0.004497560317135053 0.2298110045999157 0.002668660756519334 0.002926636172613272
1640 0.2201286642847003 0.0102259695073074 -0.008085915439005177 -0.0005164666536693628 0.00630567670758339 -0.004372143531431432 0.2298414791367842 0.00260738846143345 0.003092240387703984
1650 0.2200869331015127 0.01016651446763808 -0.008046771820663542 -0.0005176413217721395 0.00621009809863535 -0.004179159867149149 0.2298170869692532 0.002570143139115178 0.00332935235769128
1660 0.2200246021522984 0.01015870775876301 -0.008011332914019268 -0.0005174671033577583 0.006097183722234376 -0.003909937693186804 0.2297724978917572 0.002589079842234419 0.003643597109392998
1670 0.2199401101697169 0.0102104252317277 -0.007975999916827452 -0.0005205329899030723 0.005941280375407926 -0.003615602900872743 0.2297008423189569 0.002661103073349372 0.00396989940144338
1680 0.2198489922893251 0.01026883174699314 -0.00793317703756235 -0.0005303765761723958 0.005771624161778021 -0.003297547729403054 0.2296192643999306 0.002727319651926817 0.004308938979244504
1690 0.2197917225590425 0.01028879931293099 -0.007900891488011917 -0.0005444526200627303 0.005608093560292772 -0.002877013150919796 0.2295717228347811 0.002748191897002137 0.004747064811105778
1700 0.2198145080454721 0.01025450447669363 -0.007913936980120134 -0.0005540623202233299 0.005461792890502987 -0.002437723926619624 0.2296015169577238 0.002712764201187989 0.005196371063986066
1710 0.2198921011952324 0.01018291967381054 -0.007953534253344942 -0.0005552388623771311 0.005379087596161834 -0.002251736289954308 0.2296832903771371 0.002638606042704064 0.005387267141744359
1720 0.2199383647917214 0.01012074752793259 -0.0079603785404137 -0.0005559407620895054 0.005370952004702794 -0.002297229690825842 0.2297347183940483 0.002570867319696062 0.005350488488606009
1730 0.2199191540983978 0.01008430439488959 -0.007928597478392212 -0.0005602891583201544 0.005388663649735028 -0.002309159716764232 0.2297223379035519 0.002527608858557931 0.005351461416461551
1740 0.2198618132830593 0.01008270918490968 -0.007897147465368105 -0.0005626576799626729 0.005393487039048449 -0.002228353504201917 0.2296711974599688 0.002521655283255071 0.005442832907444793
1750 0.2197932822368981 0.0101423295014132 -0.00787768489787464 -0.0005662241966784985 0.005363545876526047 -0.002155582447802963 0.2296079755145441 0.002577749497964652 0.005524447511753038
1760 0.2197695594117451 0.01019783983555844 -0.007871883240660035 -0.0005717474978006972 0.005335651862318531 -0.002131454930098969 0.2295907019716452 0.002626335913003785 0.005560711223444462
1770 0.2198167348325935 0.01020877371533181 -0.007882148323973328 -0.0005747021058963668 0.005343368858425967 -0.002103054217865028 0.2296445802317719 0.002625964888363149 0.005600700589006727
1780 0.2198668369308884 0.01020530713003903 -0.007901251828317163 -0.0005723815519764888 0.005379803933288921 -0.00208785975958171 0.2297003778715691 0.002611834381481362 0.005621957413815528
1790 0.2198639356517151 0.01022351176833882 -0.007907504378543428 -0.0005698663268140999 0.005410718139177857 -0.002165303863244886 0.229702172075596 0.002622751491596347 0.005551231284017064
1800 0.2198418418485135 0.01025192509114845 -0.007894147948427669 -0.0005711524107845909 0.005437126093288486 -0.002293134928402141 0.2296853435867755 0.002643782420534135 0.005436205202784866
1810 0.2198301518797796 0.01028554445166946 -0.007872041797308243 -0.0005725685233337224 0.005479107842430676 -0.002371057091768861 0.2296779434034542 0.00266661780412763 0.00536934264663484
1820 0.2198018183115216 0.01034248432512254 -0.007859852609280873 -0.000569684237666035 0.005531142065668139 -0.002404479148066717 0.2296516904947168 0.002712437861447257 0.005340158459417856
1830 0.2197648851270963 0.01041420160346097 -0.007861876547202308 -0.0005664670731421932 0.005564372237970272 -0.002494614224034274 0.2296172493699337 0.002777218578599125 0.005256889936216366
1840 0.2197735367700163 0.01045313531397131 -0.007873098450450155 -0.0005668516713973723 0.005584337399320345 -0.002620072001959058 0.2296279280511315 0.002810519813017141 0.005142996541954247
1850 0.2198315223362842 0.01044692014915774 -0.007886023032375809 -0.0005680726865483542 0.005619974166287223 -0.002705999010073428 0.2296851228330889 0.002795611700378782 0.00505995256437461
1860 0.2198769100473266 0.01042836015816568 -0.007901470197871362 -0.000565995727903097 0.005675920115908557 -0.002785488266408893 0.2297284266565754 0.002769774013627357 0.004977755849231223
1870 0.219891297574102 0.01041536626114287 -0.007912490059843005 -0.0005640923078987293 0.005723551926801813 -0.002948011056599091 0.2297427681441809 0.002758156469864312 0.004821307943946963
1880 0.2199047628990529 0.01040125208710359 -0.00790866245420793 -0.0005655478657209645 0.005755605435416616 -0.003148665680845066 0.2297565378847539 0.002749009542534334 0.004633588054125035
1890 0.2199204659623086 0.01039011182202599 -0.007890252628653739 -0.0005666904951476836 0.005795135033419728 -0.003292131959369388 0.2297704023155115 0.002738199529639212 0.004495775443290604
1900 0.2199019931966766 0.01040737766970761 -0.007873958409241736 -0.0005628106988868114 0.005850448725856152 -0.003398900757872509 0.2297497777217013 0.002755722563492698 0.004388655299444861
1910 0.2198629077226856 0.01045337951309711 -0.007866366612440404 -0.0005583986440379606 0.005888837702417628 -0.003547777963936616 0.2297102037271387 0.002809074593807745 0.00424437841260338
1920 0.2198438780312369 0.01050458751558057 -0.007860799289463496 -0.0005571300033140549 0.005903824207030605 -0.003698897758055278 0.2296883911657633 0.002870306556328105 0.004095148435480828
1930 0.2198455426552031 0.01055053073434853 -0.007851645130812296 -0.0005569749523215383 0.005924381877763584 -0.00377624919585921 0.2296814743349419 0.002921079951638461 0.00400050331273244
1940 0.2198376290655457 0.01060167481019554 -0.007853256122919941 -0.00055415930940919 0.005961198843187175 -0.003804243644057939 0.229662914091955 0.002977630121692467 0.003945120312372127
1950 0.2198353479535846 0.01064672267585806 -0.007871196505856465 -0.0005517304046868232 0.005987019401489129 -0.003860938761710858 0.2296486292393293 0.003037432192243406 0.003861494108874887
1960 0.2198746319702461 0.01065798906591783 -0.007897374760609614 -0.0005519040406046947 0.006002863304701343 -0.003950689322726846 0.2296688739171913 0.003065786220788951 0.003731654538496234
1970 0.2199462983996749 0.01062657222893283 -0.007920474153619943 -0.0005523845131343295 0.006043730424229943 -0.004032507489491 0.2297136547732669 0.003042343401341219 0.003585277939640923
1980 0.2200102735462257 0.01056894122302937 -0.007948230734913657 -0.0005492646506897927 0.006118085850262494 -0.00410970296001007 0.2297494827102196 0.002988305880833767 0.003436065192303115
1990 0.2200599314809626 0.0104971085999322 -0.00797993940452618 -0.0005451324659647814 0.006185386479326874 -0.004233261890765714 0.2297729058587467 0.002924762765456906 0.003248569119059695
2000 0.220093396551621 0.01041899949058012 -0.007999058110978553 -0.0005419231582344014 0.006229294749821492 -0.004384749202460746 0.2297779480729098 0.002848785077326343 0.003031664498667725
2010 0.2200846100820107 0.01034564608107985 -0.007990280349134148 -0.0005377825784380714 0.006276595913349302 -0.004500715666279628 0.2297412048007251 0.002760436649411935 0.002846782886060324
2020 0.2200009253584779 0.01031193236939447 -0.007969212464123967 -0.0005294652921841789 0.006334891478023433 -0.004569817663930819 0.2296416375745971 0.002704708563244702 0.002736089997028175
2030 0.2198839730850189 0.01033112947134 -0.007954648104887215 -0.0005196731001817479 0.006379359870373937 -0.004629263125876403 0.2295212731166301 0.002707928383639632 0.002668154395298805
2040 0.2198138244891938 0.01037543698704963 -0.007956697779627963 -0.0005131697527018171 0.006399189196846096 -0.004681103916232636 0.2294531260789685 0.002739895610456353 0.002618189168867267
2050 0.2198306191125763 0.01040117046655324 -0.00797561935164012 -0.0005122323332466682 0.006410414643529201 -0.004659461515929586 0.2294721577885854 0.002747848376236591 0.002633275497851871
2060 0.2198923789896326 0.0103981130190339 -0.008009031383286859 -0.0005131878720776055 0.006420528556958522 -0.004554865938573471 0.22954105995241 0.002731320464766126 0.002740814256432607
2070 0.2199484510346855 0.01036272533320255 -0.008039395449518857 -0.0005141968549422936 0.006401788621249425 -0.004432298897511631 0.2296086023138119 0.002696473854794843 0.002886838776171509
2080 0.2199645097079199 0.01030738767058608 -0.008046336234004067 -0.0005156112751134478 0.006342242301789699 -0.004325665736129814 0.2296357229442094 0.0026472663317501 0.003023311308644633
2090 0.2199502810971907 0.01025086288879685 -0.008026783749689435 -0.0005176475600101676 0.006273870934079878 -0.004212109429824223 0.2296336259533491 0.002597111079088544 0.003168912630671569
2100 0.2199225576562505 0.01022869858645497 -0.008003501766732765 -0.0005185644037505373 0.006210786915398244 -0.004046353999130127 0.2296230072293104 0.002589164933801037 0.003378712202072317
2110 0.2198943237125467 0.01024868261054304 -0.007989136983572388 -0.0005201888927820196 0.006120068725645975 -0.003839797263518401 0.2296134015387986 0.002635606795678236 0.003637377984669892
2120 0.2198525150848332 0.01029308090850216 -0.007969709539014722 -0.0005260912660957308 0.005981359954220086 -0.003603430394264154 0.2295881995152596 0.00270817341335602 0.003918841877512826
2130 0.2197956025223213 0.01033301577698781 -0.007934613248453529 -0.0005378030284479725 0.00581810959764143 -0.003296593057986393 0.2295447995855827 0.0027659504119793 0.004259281950182634
2140 0.2197786709342775 0.01034590323021436 -0.00791894564131731 -0.0005500943553323814 0.00565666951489072 -0.002881323167070521 0.229540903950129 0.002792387004673003 0.00470256853748363
2150 0.2198478759775713 0.01031131669141607 -0.007947389348013112 -0.0005556042218707851 0.005534326508576955 -0.002555331869470518 0.2296219850500505 0.002773948242072777 0.005056502197306119
2160 0.2199301089618504 0.01022862609674395 -0.007981017001153445 -0.0005558994921826411 0.005475208927325554 -0.002467448129287881 0.2297082889706815 0.002698765038935193 0.005153171561228654
2170 0.2199684977528646 0.01014463069503829 -0.007977788959112253 -0.0005571616942444317 0.005464130078407563 -0.002512852293960267 0.2297503454446642 0.002613285822622667 0.005113131309105308
2180 0.2199318159248939 0.01012770144629072 -0.007941263724673837 -0.0005602575736176666 0.00546887427002124 -0.002494593088086309 0.229719389050977 0.002592328390969902 0.005141421099652856
2190 0.2198481637874012 0.01016670357771042 -0.007902802015815027 -0.0005625339925510251 0.005455929547504821 -0.002404243789154924 0.2296413022147188 0.00262934926995431 0.005241702592131144
2200 0.2197700490417806 0.01024459919893777 -0.00788073790528151 -0.0005658868023998653 0.005408332436583253 -0.002317167284221487 0.2295673213263888 0.002703747361608165 0.005335155696752462
2210 0.2197702190836035 0.01028903455139609 -0.007884500948014274 -0.0005701977622052378 0.005374215432148752 -0.002267857735635432 0.2295720314329032 0.002736093804115372 0.00538925024873686
2220 0.2198590027535958 0.01026862074834362 -0.007915304502618955 -0.0005704006311083005 0.005388706482329263 -0.002244627804220061 0.229668568539503 0.002701996030152583 0.005422464573186518
2230 0.2199290836949978 0.01024147102483112 -0.00794174409940359 -0.0005661620892514921 0.00543065629998559 -0.002268249376827821 0.2297463049535018 0.002665823064294908 0.005409509228519939
2240 0.2199108778843003 0.01025272248941836 -0.007934847570162414 -0.0005636142570762272 0.00546187247385604 -0.002371309804956605 0.2297338555621317 0.002670124944311137 0.005315366950531804
2250 0.2198529588018862 0.01028125216449369 -0.007900868528328336 -0.0005655505996670995 0.005483713026745773 -0.002477076423306275 0.229682443591495 0.002689894670155327 0.005222056086961115
2260 0.2198064706359749 0.01032941766043186 -0.007868466830987205 -0.0005670514525329963 0.005512615201145017 -0.002493482305212536 0.2296423017582603 0.002728109224475108 0.005218200511999033
2270 0.2197699138744235 0.0104031995172869 -0.007858850016459586 -0.0005648023664402696 0.005540250767429011 -0.002468649146202217 0.2296099169672642 0.002794447151866352 0.00525025962846437
2280 0.2197508667643025 0.01047180118588279 -0.007871567417572547 -0.0005625419232944251 0.005547390310912555 -0.002503335731248491 0.2295930834683791 0.002856873052171908 0.005221793311543781
2290 0.2197878527847063 0.01048289925323632 -0.007893174435727018 -0.0005637207934920984 0.00555468516371255 -0.002573276756481675 0.2296318398589215 0.002858900201207403 0.00515946967234594
2300 0.2198613687250546 0.01044833251891934 -0.007912720169942798 -0.0005645173450306718 0.005591327773308293 -0.002624576561368005 0.2297066177456621 0.002814187666555291 0.005113121957751243
2310 0.2198974117781332 0.01041198972574918 -0.00792448160600529 -0.0005615564326388867 0.005649517120822231 -0.002693989609581119 0.2297418541924491 0.002771856966692993 0.00504279699895894
2320 0.2198799781536439 0.01039663767048754 -0.007922577727261224 -0.0005586446972076988 0.005697216808092305 -0.002861098396564817 0.2297228922297384 0.002755656272762028 0.004877212578087208
2330 0.2198559648288579 0.01039146961777302 -0.007903686974329645 -0.0005592523727488388 0.005734041269256447 -0.003050734177883989 0.2296978822000769 0.002749829467241654 0.004692616482635271
2340 0.2198405327865141 0.01040154327788374 -0.007878237968576174 -0.000558986790940009 0.005778086648080554 -0.003161906392295486 0.2296800621519933 0.002757076886643581 0.004581539817643873
2350 0.2198018395974629 0.01044823511666006 -0.007860582278888834 -0.0005542766243800993 0.005826287745101106 -0.003236522467612395 0.2296379245031379 0.002802259229631722 0.004500643162020578
2360 0.2197455739314753 0.01052423510570982 -0.007851504627109197 -0.000550062190307494 0.005853012855679789 -0.003369267587993334 0.2295794882950394 0.002881068243595773 0.004366966961661918
2370 0.2197254038080966 0.01058746006974688 -0.007846691261197452 -0.0005502910821714716 0.005864393327149098 -0.00349975459664201 0.2295567053903294 0.002946740401925821 0.004235376378127828
2380 0.2197527771435602 0.01062291824576833 -0.007851783544723615 -0.0005519558348014538 0.005878974746152419 -0.003533129887188307 0.2295779140595686 0.002981447132405158 0.004186479705929414
2390 0.2197943485131958 0.01063388867895079 -0.007877501581562628 -0.0005503177577782575 0.005902972226696944 -0.00352361529625529 0.2296107236528413 0.002994437910890223 0.004169654502710072
2400 0.219843531053646 0.01061863422849954 -0.007914718071099133 -0.000548400312652098 0.005926859139711158 -0.003603342383078778 0.229650170058349 0.002989998631888779 0.00406487576471602
2410 0.2199098875796082 0.01056242044991474 -0.007941567102570216 -0.000549279689233222 0.00595974718259087 -0.003747438196634308 0.2297031991680152 0.002947126753938557 0.003890680854173247
2420 0.2199693116404857 0.01048196802527642 -0.007951676584474539 -0.0005492087915509619 0.006015447552159467 -0.003852361436643657 0.2297433275849012 0.002875066641361597 0.003736773607573357
2430 0.2199830825916833 0.01041910093037219 -0.007957716090821501 -0.0005441738278861316 0.006082453413043463 -0.003930050652153311 0.229736053460252 0.002819207586493571 0.003602718219241566
2440 0.2199529052211065 0.01039236647678266 -0.007957783554866619 -0.0005381866809163892 0.00612705713763657 -0.004056861878955984 0.229687323701893 0.002803077816328576 0.003429317310516305
2450 0.2199102756539875 0.01038063689400561 -0.007943886848308331 -0.0005341630745886119 0.006149807394896187 -0.004188607578671236 0.2296269987006395 0.002796420975329177 0.003255713114181377
2460 0.2198536770471217 0.0103903075656494 -0.007917642060308188 -0.0005299881438290134 0.006173921807804581 -0.004244459485785669 0.2295572316973002 0.002797506360831438 0.00316285425139729
2470 0.2197657074600617 0.01044603059762432 -0.007898107277993657 -0.0005235627153475047 0.00620495158101326 -0.004251504971980253 0.229467768636752 0.002840164688859077 0.003145366551010525
2480 0.2196983596158187 0.0105322083250486 -0.007897592124834553 -0.0005199931625287531 0.006214771587555767 -0.004280046025353018 0.2294116355049307 0.002920863522714774 0.003144499996673872
2490 0.2197059790584048 0.01060689628004732 -0.007913052764372038 -0.0005223046063394501 0.006201815161565002 -0.004300752422916435 0.2294351178615386 0.00299226348234284 0.003167347046072609
2500 0.2197645790696093 0.01065038779252144 -0.007932338758968937 -0.0005270630093284946 0.00619679219731837 -0.004262197269313546 0.2295094131847883 0.003028545766472193 0.003241531675239237
2510 0.2198095595732837 0.01066570177087476 -0.007955667200979049 -0.0005289135143141923 0.006209520612613271 -0.004207659883796412 0.2295704289174856 0.003043573074689689 0.003328360568588195
2520 0.2198454626524672 0.01064379006475011 -0.00798282730712817 -0.0005298880187800101 0.00620832983333637 -0.004203875394998802 0.2296216313859161 0.003037020025211468 0.003365807880255825
2530 0.2198959298517743 0.01057977437466613 -0.008006050569441319 -0.0005320865044788622 0.006188074253873561 -0.004229976315540333 0.2296814012620431 0.002993906940988274 0.00336265068510675
2540 0.2199512347591852 0.01048929247934903 -0.00801753405296594 -0.0005338751792700092 0.006177220539070208 -0.004229964057258187 0.2297401848542816 0.002919097685484167 0.003368747497428764
2550 0.2199782516339916 0.0104108766256799 -0.008024750334040653 -0.0005321106876019374 0.006180590433277947 -0.004204288551011215 0.2297705248830627 0.002857319304239867 0.003399875969240764
2560 0.2199752076214304 0.01036114683422735 -0.008027019498726206 -0.0005293364256131457 0.00616048027718437 -0.004178688636220297 0.229770065241607 0.002829667533511365 0.003435218353577075
2570 0.2199410944359051 0.01033713962433724 -0.008012064392684672 -0.0005276183744029897 0.006107156140549651 -0.004128528452386087 0.2297324139737796 0.00282036307885821 0.003481337464191517
2580 0.2198770174994716 0.01034058794445111 -0.007977187628477718 -0.000527097940887687 0.006047151741774921 -0.004001939716622173 0.2296607693725955 0.002821601306576842 0.003585552749694794
2590 0.2197927882350208 0.01037428143506396 -0.007944894264860303 -0.0005266478675538552 0.005982824021144028 -0.003773261614578573 0.2295724876448362 0.002847389066233844 0.003794637740492214
2600 0.2197170470014626 0.01042854844109224 -0.00792451162990194 -0.0005299992337732543 0.005871838871796037 -0.003462885617373805 0.2294965830872754 0.002898104052487822 0.004099553301654963
2610 0.2196742077561267 0.01046906046376705 -0.007913263645529404 -0.0005396828978595795 0.005702997898366256 -0.003070608474337184 0.229453485104205 0.00293149520747388 0.004488915420584588
2620 0.2197069145198184 0.0104587488129705 -0.007919202233169269 -0.0005498371371463419 0.005546180731807351 -0.002662438954266657 0.2294883565620275 0.002905491461112884 0.004899639091150398
2630 0.2197988486609312 0.01039304928956727 -0.007947359788019175 -0.0005520566125901663 0.005483152769882879 -0.002403815359733292 0.2295899064867625 0.002826668528010082 0.005182681053107596
2640 0.2198625626284361 0.01030157724852878 -0.007964721964672282 -0.0005510690084903529 0.005474964850551221 -0.002325592948465234 0.2296670749305959 0.002732488108275848 0.005305766839830644
2650 0.2198629468884064 0.0102371188513692 -0.007952949319901616 -0.0005522678567019839 0.005454903247028938 -0.002328162453223457 0.2296789515414773 0.00266543072353637 0.005350980376518667
2660 0.2198058457538997 0.0102478615233906 -0.007905245008617829 -0.0005571891032190502 0.005432615924867411 -0.002327682543612836 0.2296336320902271 0.002666381409001974 0.005399337482763608
2670 0.2197132084154581 0.01033027129928344 -0.007848952816579061 -0.0005631325935995163 0.005420321871216249 -0.002269747796087268 0.2295548229377732 0.002740171293770079 0.005510026780566145
2680 0.2196597772674248 0.01042856698582769 -0.007823604989897046 -0.0005686866560226225 0.005392280260850439 -0.002202972128002359 0.2295133371520351 0.002835908151461946 0.005626379438201354
2690 0.2197085265217258 0.01047942690917097 -0.007841688306644057 -0.0005741794343279447 0.00535202343476251 -0.00221446929263038 0.2295700919728089 0.002882565882188958 0.005653264873369477
2700 0.2198502492132275 0.01044154582672034 -0.007878270709324056 -0.0005780073051163379 0.005355070614198558 -0.0023286370507596 0.2297185001035353 0.002832948384083507 0.005568512925277241
2710 0.2199832467472818 0.01038761285399582 -0.007900030364617491 -0.0005783671593254391 0.005418050882657827 -0.002503889960025642 0.2298593507039099 0.002768706886992338 0.005419658255673645
2720 0.2200174788304317 0.01036743499463926 -0.007890953056318867 -0.000578187375488663 0.005482145283392285 -0.002695355506926251 0.2298998801412367 0.00274570201051072 0.005249492568532532
2730 0.2199683225238133 0.0103757842541638 -0.007859202911176005 -0.0005791491926560795 0.005509369581277448 -0.002899097324673055 0.2298548115339352 0.002752611250461562 0.005062867142847586
2740 0.2199002102485606 0.01041097200751413 -0.007816568251271208 -0.0005823086731814613 0.005525109356721493 -0.003065476466638737 0.2297921633172434 0.002784487961995123 0.004914808446900776
2750 0.2198520793664793 0.01047895883986594 -0.007787476057630311 -0.0005837143309410058 0.005554018396865627 -0.003142528759518864 0.2297488153616751 0.002854157279644427 0.004851249400483367
2760 0.2198459335278423 0.01054493069426876 -0.007794664070211252 -0.0005827068672185935 0.005568505663256515 -0.003159435413223327 0.2297411520383769 0.002931149090909354 0.004832534199700872
2770 0.2199021811416043 0.01055984428262883 -0.007834379771669347 -0.0005829302404352844 0.005559739423461333 -0.003203849447008133 0.2297879005028084 0.002960763556023371 0.004768756277572737
2780 0.2200112686537989 0.01050241130420084 -0.007873882538762799 -0.0005858299284280692 0.005575013975299614 -0.003287432567675214 0.2298799493575311 0.002917442736237086 0.004649016159208929
2790 0.2201122674226864 0.01041140272399531 -0.007895646503982152 -0.0005861685771733924 0.005637294695422238 -0.003356515972360661 0.2299551077438665 0.002843250828039119 0.004520710765690887
2800 0.2201439144867473 0.01034103281916351 -0.007900107379717422 -0.0005815491852322358 0.00571543501353206 -0.00342742766847551 0.2299505924939958 0.002793535782693625 0.004362188735639655
2810 0.2201129494266705 0.01030865402004357 -0.007890265139478724 -0.0005757094855556003 0.005774407926934654 -0.003540716559723674 0.2298733351432208 0.002777946652559258 0.004136588380016887
2820 0.2200751228045897 0.01029952467150282 -0.007866745806370319 -0.0005723096710300138 0.00582406012440804 -0.003622019361862062 0.2297792166287703 0.002769773836773785 0.003917579347144917
2830 0.2200385803445838 0.01032349604814772 -0.007845284360372845 -0.0005674231611040476 0.005881737838968268 -0.003610820531836215 0.2296854434330637 0.002776236795885044 0.003782597549084462
2840 0.2199676757027235 0.01038969707272805 -0.007837532876044396 -0.0005584374438340588 0.005939623189530613 -0.003567840631396263 0.2295654775398099 0.002806358604750742 0.003695190027260403
2850 0.2198775085999124 0.01047642938066375 -0.007841517222688069 -0.0005510090075200696 0.005973517509087277 -0.003580259972126474 0.2294450401497862 0.002848032630629849 0.003595122800732
2860 0.2198413085281916 0.01052062035633207 -0.007861514843348015 -0.0005494304040450576 0.005986560924551086 -0.003536598678821999 0.2293960041167165 0.002850192447952495 0.003586658807236815
2870 0.2198851904618827 0.01049945336295941 -0.007908094398829054 -0.0005475422095178315 0.006007603046924851 -0.00335229628061392 0.2294345070425685 0.002795938965125002 0.003722460294420664
2880 0.2199548853637728 0.01044130378546794 -0.00797353274834396 -0.0005402733317853329 0.006057643866205484 -0.003183962970421969 0.2294985120976889 0.00271557822916763 0.00383879137054952
2890 0.2199847003600801 0.01038066704478797 -0.008021092409917979 -0.0005322057981774764 0.006116915543936749 -0.003165655544320591 0.229523565196809 0.002641538364800137 0.003821975528405438
2900 0.2199929644647948 0.01031022839022332 -0.008037503499259553 -0.0005270034097851232 0.006173769802907072 -0.003221287393471647 0.2295298061460019 0.0025588081792679 0.003758742072730588
2910 0.2199909119335461 0.01026347702397789 -0.008037503586387142 -0.000520652122360873 0.006232229886628597 -0.003239287067873276 0.2295286169711888 0.002495397212703533 0.003752525841441148
2920 0.2199408510449485 0.01028101712267612 -0.008030827753836716 -0.000511335722717375 0.006283750289237181 -0.003269493274907679 0.2294860841991114 0.002499904188427096 0.00375806539225732
2930 0.2198571201139264 0.01034484555189247 -0.008017129753409931 -0.0005043284645684128 0.006300758456147901 -0.003383652584120992 0.2294210731107824 0.002567444601646481 0.003714895098599278
2940 0.2197973881767077 0.01042682531848014 -0.00799286472643727 -0.0005032074331572894 0.006290174261818947 -0.003502623061809033 0.2293879905325222 0.00266498284962597 0.003684862351188985
2950 0.2197657420668133 0.01052976758076564 -0.007964619569344751 -0.0005044357374885645 0.006280989542614878 -0.003561740322183555 0.2293879774005517 0.002786506447443146 0.003715542797549122
2960 0.2197457322964557 0.01065438565420059 -0.007951153765483361 -0.0005054545115773236 0.0062743865837583 -0.003614305788913274 0.2294070259273137 0.002937457404604006 0.003760264748895147
2970 0.2197695254396186 0.010768461265562 -0.007961490846374443 -0.0005099215543775146 0.006242572058643515 -0.003715519624910762 0.2294743595589396 0.003090987535444405 0.003765571810779433
2980 0.2198604844217935 0.01082974516099627 -0.007985095654765134 -0.0005187032440205338 0.006195227367478565 -0.003796593296075765 0.2296010357004737 0.003194982125042667 0.003767363619569605
2990 0.2199789507259118 0.01082606157141812 -0.00801349628561094 -0.0005263829360528423 0.0061629271835383 -0.003816988127968937 0.2297448499078864 0.003227073088297827 0.003794803415926187
3000 0.2200730901587089 0.01076046668477398 -0.008053196934264642 -0.0005283893850469985 0.00615479277730161 -0.003833999517297949 0.229853267167079 0.003189959221250852 0.003798079113570878
