"report"
"Iteration" "cd etc.."
("Iteration" "cd" "cl" "cmx" "cmy" "cmz" "cx" "cd-scale" "cl-scale" "cs-scale")
10 0.2009555214134494 0.01992622274343315 -0.004744219302601128 -0.004231166196576604 0.01860278985619566 0.02563949560715706 0.2230909893442033 0.00816639336001786 0.04543641298036384
20 0.2468124826989647 0.01116161161939133 -0.009824486414636551 -0.001667768084081509 0.01797981082363171 0.01204698010663246 0.2733027552192652 -0.003819109216439609 0.03883302611552912
30 0.2538330935229537 0.01205108550216248 -0.0109522739185244 -0.0003098022562904259 0.01742176095114359 0.009683845802105613 0.2793260290241785 -0.002959304134054012 0.0354579980204096
40 0.2498034390248233 0.01122880097143765 -0.01025197029049378 -0.0007520910063443765 0.01412828506549072 0.01444446918468297 0.2719859560097275 -0.0002622140646217594 0.03491568456271956
50 0.2439313770378692 0.01048459026208444 -0.01057640011815184 -0.0007137306015025526 0.0149158276217694 0.01366753360381007 0.2653373833820313 -0.0008638494858494195 0.0336772540864522
60 0.2407552408342236 0.008190614026307561 -0.0103173156571878 -0.0006339192209972714 0.01520704000996907 0.007441558539981518 0.2625367135019152 -0.004080601262997369 0.0287865491093162
70 0.239027286041042 0.007576397814901898 -0.01021953494118579 -0.0007291124521710431 0.01522364097630474 0.005031606298659669 0.2612136736266214 -0.005593979759796775 0.02700428167879158
80 0.2377325226127836 0.008199900176321684 -0.0104010939740012 -0.0009043691257912402 0.01496225207476889 0.004209277107294158 0.2600869985690822 -0.005159269100454431 0.02633975710894187
90 0.2378135406800155 0.009266946621529102 -0.01072979005239699 -0.001000965803254315 0.01474264617110875 0.004892962656205731 0.2604120886266878 -0.003951828454221514 0.02725822941108831
100 0.2368080802110178 0.01030088692498288 -0.01072026279471601 -0.0009912702844556709 0.01460396095847117 0.005118543338917032 0.2593651622118176 -0.002930179784008195 0.02717896297119824
110 0.2356194904294624 0.01100972105437429 -0.01061935176128837 -0.000949915675173815 0.01474357703682085 0.004232439767676493 0.2577965434005946 -0.002296624472878091 0.0257073337254404
120 0.2351631447916491 0.01158323883400075 -0.01063371922224264 -0.0008950624960646996 0.01516652424294213 0.002949839899936853 0.2571100583965833 -0.001805011458813162 0.02411875510593689
130 0.2349185975025097 0.01222679239009357 -0.01069780177882049 -0.0008282145526668413 0.01557628777889273 0.001934898823779749 0.2567346107801428 -0.001253929998236314 0.02287236567983209
140 0.2349255434883295 0.01270391726919539 -0.01073319116494537 -0.000756516009739033 0.01587337828617786 0.001467322042113397 0.2566090695327385 -0.000687671137366042 0.02217138472591657
150 0.235107966349664 0.01311867863122803 -0.01079636486095608 -0.0006876613059264283 0.01610269262894805 0.001330863814397594 0.2566563309180686 -0.0002231480315059465 0.02180405196178684
160 0.2354473165031566 0.01330416066771295 -0.01087336239695047 -0.0006261729166719582 0.01625495088257876 0.001235466415163387 0.2568916348897042 4.630816229011253e-05 0.02152353221184441
170 0.2356469906631286 0.01329476566249644 -0.01090060263502884 -0.0005873690149484104 0.01630523879826888 0.0009956568633880069 0.2570212983524723 0.0001526267770573218 0.02116409045220898
180 0.235598843619002 0.01319430351776314 -0.01086157587361576 -0.0005723965951583502 0.01635509106742656 0.0008150002553638112 0.2569367115907016 7.046280119460067e-05 0.02089947392730937
190 0.2354120325021351 0.0130705482136717 -0.01079637783594032 -0.0005714641430421298 0.01643783924274061 0.0007451708163329242 0.2567534720826581 -0.0001183871868610645 0.02080666793971513
200 0.2352609148019893 0.01295642221129228 -0.01071505650659271 -0.0005623516406702384 0.01653325037520314 0.0009045205819328486 0.2565846645797803 -0.0003170732449243933 0.0208942571029126
210 0.2352166587658304 0.01285390066352235 -0.01064579301944587 -0.0005427377238965285 0.01660015395169627 0.001055354878983036 0.2565236203586743 -0.000485740880139207 0.02097401775594463
220 0.2351990946017687 0.01274075269558016 -0.01059776362435443 -0.0005181201666390028 0.0166253160512834 0.001137261587937941 0.2564884652335496 -0.0006442064589688611 0.02098802294613294
230 0.2351672943417742 0.01268698321622116 -0.01056073602286729 -0.0005018854396744983 0.0166173705996023 0.001168486703588111 0.2564634351154732 -0.0007380940773091094 0.02098885042014792
240 0.2351446004909322 0.01273328724370835 -0.01053923741010062 -0.0004960764689419929 0.01661157986005751 0.001254228285891862 0.2564532731805769 -0.000736965389653957 0.02105850346672546
250 0.2351777915123286 0.0128422478073178 -0.010525086645153 -0.000496683900583422 0.01662065306172476 0.001363260194552041 0.2565020947206346 -0.0006771871830019055 0.02114674890979829
260 0.2352524485221568 0.012911120159917 -0.01050765713173724 -0.0004964065124938167 0.01663758336156117 0.001458202159418851 0.2565803256099495 -0.0006468176709505291 0.02119344529610642
270 0.2353666513681752 0.01296196668613508 -0.0104884763008227 -0.0004972603057797253 0.0166752908181692 0.001486328617920844 0.2566960685807558 -0.0006156675449086668 0.02115393084118493
280 0.2354937462929041 0.0130104219003453 -0.01047404045693646 -0.0004988781139164338 0.016736743685329 0.00146507625539308 0.2568116502941927 -0.0005785310673232507 0.02105037958344717
290 0.2355909920682734 0.01288857585680486 -0.0104518559141742 -0.0004974437502650953 0.01676843630613933 0.001362758121302629 0.2568781377315634 -0.0007040153908317081 0.02087035029973344
300 0.2355968191204883 0.01278486944716905 -0.01041600829875599 -0.0004975816319517556 0.01681541772162592 0.001185596639456376 0.2568323626181447 -0.0007743748567290909 0.02063581990527008
310 0.2355403465655227 0.01276527193689051 -0.01038285341601292 -0.0004953464542202758 0.01688140530223325 0.0009656087066479048 0.2567258874836294 -0.0006647888329043923 0.02035710137543341
320 0.2354733702454391 0.01256701377359651 -0.01035986289232338 -0.0004831625218187017 0.01688488130961665 0.0008057477983293013 0.2566232940859687 -0.0006680014344027694 0.0201523194474237
330 0.2354242925725508 0.01246477317655905 -0.01034005900533797 -0.0004709470052966728 0.01689190275782065 0.0007985448804528834 0.2565657859687286 -0.0006089686209039626 0.02015681159219039
340 0.2354094036461501 0.01252799549908533 -0.01032854889929637 -0.000459906900318342 0.01691190220914864 0.000897788761670179 0.2565577988212549 -0.0004468760500562756 0.02030047405465122
350 0.2354672862082375 0.0124460612048321 -0.01032613424530805 -0.0004473966750113064 0.01688463091237428 0.001024224987448496 0.2566242014015572 -0.0004705259670797109 0.02046686489288879
360 0.2355441776034389 0.01249639088974838 -0.01031675554979034 -0.0004458155360827636 0.01690078202698295 0.001209467685502505 0.2566986524364178 -0.0003909419837514804 0.02065749766293689
370 0.2356140887316157 0.01268726126807083 -0.01030641954479648 -0.0004472908353774428 0.01693744669316742 0.001355086084459852 0.2567526474669262 -0.0001783117969457592 0.02077357083239068
380 0.2357018240312254 0.01265497455778859 -0.01030304515568821 -0.0004417165410669738 0.01691030694450956 0.001396258235712199 0.2568293286936069 -0.0001901945702001052 0.02078710142220234
390 0.2358028276706029 0.01265600725125738 -0.01029151153771415 -0.0004394307230057398 0.01692307502456035 0.001477492704130792 0.2569384004383167 -0.0001879286980051006 0.02087838823883906
400 0.2359107543218775 0.01271615167473054 -0.01027606612505403 -0.0004365143736592617 0.01695376727116426 0.001526502060044383 0.2570727437278519 -0.0001574150213594795 0.02097638049233807
410 0.2359509058007568 0.01274301740862402 -0.01026072298548107 -0.0004372674303787062 0.01696339479903707 0.001513544339644002 0.2571385215808956 -0.0001766497070984837 0.02101403956875201
420 0.2358778603064533 0.01272542088289353 -0.01024063006515111 -0.0004435912585526995 0.01697816062194371 0.001492400263564088 0.2570740091234737 -0.0002308064119943239 0.02101238819308366
430 0.2357642539916332 0.0125974795022567 -0.01021428954880432 -0.0004487207050789449 0.01698916863539631 0.001454990498158878 0.2569534594955984 -0.0003678618015283645 0.02096263155230582
440 0.2356674688263835 0.01254548463195581 -0.01018772740258748 -0.0004538977430703639 0.01701243489111703 0.001442372638180865 0.2568472542311298 -0.0004028205419933294 0.02093167302111914
450 0.2355998674232094 0.01263087764641967 -0.01018082350764264 -0.0004539786209314131 0.01703499276021296 0.001440750469047191 0.2567755719786918 -0.0002863463376704408 0.02092463903716064
460 0.2355772485513689 0.01244379786579485 -0.01019921320652248 -0.0004405845156608358 0.01697770246877828 0.001397922971504928 0.2567536830735159 -0.0004403903565494503 0.02088940618547774
470 0.2355923628472146 0.01236743126768492 -0.01021110560557698 -0.0004340828544282098 0.01696607777728884 0.001472193457080514 0.2567698207525623 -0.0004939070245850464 0.02097450144966933
480 0.2356354704536827 0.01253783346879513 -0.01021681514441017 -0.0004337171658253891 0.01698955690394372 0.001582478757847876 0.2568133058900255 -0.0003121294793406297 0.02109110596041447
490 0.2356916782506984 0.01259127239585811 -0.01023414603199333 -0.0004292661991175949 0.01695740255699748 0.001599250453239338 0.2568675942452289 -0.0002491498395250013 0.02110578433293245
500 0.2357568120936316 0.01257943102309638 -0.0102439376314957 -0.0004271120648953477 0.01693683310872961 0.001642363380902217 0.2569308816444588 -0.0002532029292261285 0.02114248926796923
510 0.2358485672320933 0.01264152685290002 -0.01023854637734126 -0.0004262647629739793 0.0169445653869624 0.001700388202436982 0.2570299077117469 -0.0001888121071063147 0.02120737050988932
520 0.2359452667105142 0.01277193449369505 -0.01023479837243836 -0.0004253259329617358 0.01695898638755538 0.001695412198110305 0.2571385793541042 -6.837176950897884e-05 0.02121851754206259
530 0.2359926939424338 0.01276855226113616 -0.01023902943321647 -0.0004241515253863513 0.01694798707663355 0.001633365643382149 0.2571952659136569 -0.0001026994215333705 0.02117252975956432
540 0.2359449666889633 0.01262113148148985 -0.01023008710526343 -0.000427644140587696 0.01693714518645541 0.001592830871595176 0.2571462656770845 -0.0002890678862755979 0.02113351492323262
550 0.2358320799674985 0.0126003196644726 -0.01020127823999871 -0.0004394348033429356 0.01697144173731978 0.001594533297724432 0.2570218648093766 -0.000332514976645809 0.02111707786908863
560 0.2357150434272989 0.01268475301156079 -0.01018183045674918 -0.000450132659636174 0.01700543279008093 0.001589494070590044 0.2568916157089052 -0.0002412933751635491 0.02108975378883698
570 0.2356438501774618 0.01254360873920388 -0.01019063512000738 -0.0004465001521124661 0.01696745002543579 0.001542091760569826 0.256810856472889 -0.0003535288276447203 0.02102862526590026
580 0.2356164078079905 0.01244911892878896 -0.01020028471674481 -0.0004400607151098354 0.01695987415240614 0.001585680554244193 0.2567812036911845 -0.0004211350057010412 0.02107365209740284
590 0.2356343960130468 0.01248476504695335 -0.01020334394879005 -0.0004341415018590825 0.01696510836386159 0.001674288734421725 0.2568010318310392 -0.0003705822007289121 0.02117096889314939
600 0.235674875651785 0.01262874948485922 -0.01021320660138057 -0.0004316903043918382 0.01695957963539588 0.00173524893075107 0.256843193504653 -0.0002186355371291046 0.02123788624428474
610 0.2357394802502551 0.01263988726137749 -0.01023287373921018 -0.0004257464119274712 0.01692087845358002 0.001755617486573171 0.2569088797417018 -0.00020358231836265 0.02126054719307268
620 0.2358257933070536 0.01260112379418584 -0.01024166657215111 -0.0004213688729413288 0.0168952318707999 0.001798621600628409 0.2569994052572249 -0.0002430212993441422 0.02130538663103348
630 0.2359145341960815 0.01273409070066187 -0.01023737483542245 -0.0004224165287239189 0.01691610546291156 0.00183893517465048 0.2570989740575385 -0.0001156907654671291 0.02135720230939768
640 0.2359930904257326 0.01280360472272518 -0.01024348228706173 -0.0004202350202673758 0.01692043807137913 0.001783603888576741 0.2571918311832379 -6.088110656270791e-05 0.02132050606336229
650 0.2360056450170101 0.01263187238264277 -0.01024752737364874 -0.0004188370993689598 0.0168979005847094 0.001696489157632297 0.257213369564883 -0.0002628432609220978 0.02124714189078002
660 0.2359247095010987 0.01258212316124111 -0.01022301301692268 -0.0004288310211029378 0.01693446896716558 0.001686243972954665 0.2571298257142361 -0.000349773026734156 0.02123397970290062
670 0.2357988574479636 0.01264651396256413 -0.01019352017797889 -0.0004421979954143089 0.01697509697588418 0.001659299904360126 0.2569923018189939 -0.0003040821185190709 0.02118748644441313
680 0.2356892989035683 0.01259055993467122 -0.0101865947805851 -0.0004475678353429257 0.01696228731654189 0.001610625320418746 0.2568709137412262 -0.0003478747624236179 0.02111888412680641
690 0.2356351749604688 0.01245672211948202 -0.01019190792398606 -0.0004435265013196555 0.01694372158269184 0.0016272114379976 0.2568106405395657 -0.0004553518154474648 0.02112792228036384
700 0.2356335621374942 0.01241559038037367 -0.01019293862932309 -0.0004368439157066766 0.01694142490613029 0.001708265560197841 0.2568100843738477 -0.0004745408258073807 0.02121459358621305
710 0.23565728683118 0.01257270494503634 -0.01019724102941763 -0.0004347717321551758 0.01695159708696953 0.001803112683806421 0.2568368051308918 -0.0003031467290432745 0.02131940734194373
720 0.2357080708980702 0.01258951231353057 -0.01021809207672851 -0.0004285769544987365 0.01690683840896741 0.001828208603985454 0.2568887129693036 -0.0002771533768470984 0.02134863120746926
730 0.2357783277294756 0.01254711931223263 -0.01023297579223112 -0.0004246119457936908 0.01687503178081156 0.001878033500746327 0.2569612269636375 -0.0003155430537289326 0.02139986355991686
740 0.2358643063477504 0.01265020651372929 -0.01023108918551716 -0.0004251442271505998 0.01688915702141069 0.001954141766612819 0.2570536716903676 -0.0002136450880511271 0.0214810007971396
750 0.2359555846014789 0.01278892346019139 -0.01023347713909497 -0.0004239620019828202 0.01690119618590711 0.001937560311757443 0.2571574641146069 -8.163139939210304e-05 0.02147864165315624
760 0.2360170831967335 0.01271815242703614 -0.01024328332657338 -0.0004198650898588422 0.01688415886092423 0.001850611176502052 0.257230589758761 -0.0001727054742256604 0.02140856438066961
770 0.2359906148152344 0.01261174937257277 -0.01023179029306412 -0.0004239112520992371 0.01689946599431606 0.001815395414826022 0.2572071236181541 -0.0003153283802954347 0.02137909780153271
780 0.2358891072206481 0.01259862717966006 -0.01019931124219375 -0.000434424628848516 0.01693529380769207 0.001785131125817773 0.257098295597022 -0.0003564682550874051 0.02133791659059681
790 0.2357618208385488 0.01269208691365306 -0.01017544503442994 -0.0004472917049562496 0.01696873780938733 0.001747499861483585 0.2569575731674535 -0.0002642520716998743 0.02127803532037688
800 0.235675257140851 0.01254197068654003 -0.01017996518449656 -0.0004460165639432789 0.0169283242936554 0.001684573966534928 0.2568612455361697 -0.0003920466323555068 0.02120018677497739
810 0.2356392712611294 0.01240734657038301 -0.01018748882293888 -0.0004400989941537354 0.01691027623098552 0.00171826687910113 0.256823162333156 -0.0004986156195988244 0.0212332273003007
820 0.2356396230863601 0.01249309872993919 -0.01019049326946957 -0.0004370382274561974 0.01692881270434658 0.001822252358830548 0.256824796634386 -0.0003936103133688078 0.02134369837774057
830 0.235671708828747 0.01257013834445675 -0.0102068053589525 -0.0004325822574394057 0.01690749712722077 0.001882230781256165 0.25685767625864 -0.0003044125300581264 0.02140893563453928
840 0.2357302800806929 0.0125333726674831 -0.01022691751955259 -0.0004274916084739436 0.01687035964286858 0.001930063951195844 0.2569162057143545 -0.000333309118011074 0.02145778174775708
850 0.2358108204637865 0.01257685262329019 -0.01022991106204766 -0.0004259413273429057 0.01687086075819297 0.002018932107965436 0.2569987251891052 -0.0002879315888683665 0.02154699422687384
860 0.2359077975485089 0.01270589220570065 -0.01022525884937826 -0.0004247650681777373 0.01687755053547852 0.002044563760057153 0.2571045202949969 -0.00016009221111211 0.02158031748193081
870 0.2359942309522663 0.01280254273118381 -0.01023150193791883 -0.0004222406971190382 0.01687925169069005 0.001984060732537676 0.2572038439837835 -7.418636160117215e-05 0.02153679235182097
880 0.2360268663652436 0.01265694880995466 -0.01023673684497603 -0.0004189135206719397 0.01685708784897755 0.001890425403331441 0.2572453699789206 -0.0002496191844186347 0.02145741624095705
890 0.2359597674014274 0.01257740624719453 -0.01021573447726991 -0.0004270439767401918 0.01688137795709038 0.001858110602292709 0.2571778186645792 -0.0003664791156591251 0.02142537757577383
900 0.2358303320347478 0.0126829795258525 -0.01018590335121445 -0.000442302688178141 0.01693808185378149 0.00183644275479375 0.2570376869803557 -0.0002803227498107101 0.02138628218842294
910 0.2357149109267648 0.01257043167029079 -0.01018168785883418 -0.0004475935563836729 0.01691619782923246 0.001765063255368175 0.25690913972172 -0.0003817595729836322 0.02129299691483708
920 0.2356494536668164 0.0124284658127521 -0.01018585609028859 -0.0004459777612623737 0.01690352689641142 0.001778703045425609 0.2568360947534942 -0.0004955690665577853 0.02129585766153794
930 0.2356379664589981 0.01242419865892672 -0.01018572962872626 -0.0004401643361428872 0.01691417687285806 0.001858985107638839 0.2568232040226928 -0.0004745154727327495 0.02137777924416646
940 0.2356564071078322 0.0125337372518547 -0.0101933363307043 -0.0004357865846784688 0.01690900264291985 0.001924683377606028 0.2568432208543568 -0.0003473356262767386 0.0214508803598607
950 0.235699887102165 0.01256252096766057 -0.01021325260104277 -0.0004300791378353148 0.01687241654238646 0.001963962389618546 0.2568876943549208 -0.000307592285728881 0.02149591565173788
960 0.2357733576743396 0.01253032497671238 -0.01022599703716582 -0.0004252297419438625 0.01684294184643515 0.002021205237797958 0.2569626158572936 -0.0003368548880624933 0.02155442611358846
970 0.2358565738865518 0.01263794677232722 -0.01022386035550272 -0.0004256312521227308 0.01684853489826197 0.002087822735992013 0.2570516095566198 -0.0002297906893634272 0.021625104657812
980 0.2359447703224496 0.01280098664857282 -0.01022757479977457 -0.000425231332510158 0.01686161656725414 0.002084446577376736 0.2571503709993314 -6.94642476427799e-05 0.02163269731722231
990 0.2360195876296042 0.01266645717164374 -0.01024172640669462 -0.000418726085238774 0.01682758604228446 0.001990149621061201 0.2572365950076898 -0.0002208552078256921 0.02155401185519097
1000 0.2360105114425732 0.01258461580669975 -0.01023121816276995 -0.0004231921956093491 0.01685090891816804 0.001972377673476691 0.2572319959664142 -0.0003379270807433881 0.02154439984332653
1010 0.2359133569110333 0.01264174556944056 -0.01020190240564542 -0.000435257814855253 0.01689904371334622 0.001945586259587135 0.2571288578518143 -0.0003131103496522349 0.0215089773147197
1020 0.2357840871391224 0.01263629183428401 -0.01018510587747267 -0.0004459089890071956 0.01690775719907923 0.001873701157251313 0.2569863560963405 -0.0003242561225813279 0.02141546705255666
1030 0.235690040597699 0.01249637051694882 -0.01018358482795984 -0.0004484428759405864 0.01689110743809028 0.001845888306470234 0.2568813516324545 -0.000444743439470489 0.0213702380386298
1040 0.2356558484430039 0.01240699086627806 -0.01018246513161688 -0.0004437377352426591 0.0168895191441966 0.001896683568843687 0.2568433195524455 -0.0005077515646706312 0.02141686651083703
1050 0.2356551015811726 0.01250451435235342 -0.01018301227490778 -0.0004395916454382877 0.0169008628876775 0.001975012121067373 0.256843016163364 -0.0003885287916342186 0.02150056612625686
1060 0.2356819627614586 0.01256007149702401 -0.01020110375826482 -0.0004335603837990313 0.01686966592983527 0.002019389230785531 0.2568710266125559 -0.0003177246795564416 0.02155208668854097
1070 0.2357380824534784 0.01249419549095005 -0.01022151955517586 -0.0004272721992111099 0.0168235013860238 0.002066601087312511 0.2569279047747184 -0.0003760036121930545 0.02160211411465592
1080 0.2358136439202361 0.01256914031453523 -0.0102250996304992 -0.000427166612835391 0.0168275519111089 0.002165695405189363 0.2570069916605883 -0.0003006594165483258 0.02170388248508709
1090 0.2359007347167262 0.01274645975913165 -0.01022561508654395 -0.0004277846531901834 0.01683932779305915 0.00220983970383704 0.257101331627266 -0.0001230278373041137 0.02175366703497507
1100 0.2359936916787818 0.01274476405609309 -0.01023877023834715 -0.0004228476168155959 0.01681604141828994 0.002149046701163579 0.2572055151897903 -0.0001301755840130604 0.02170630107756524
1110 0.2360438357601947 0.01264165312327418 -0.01024224723721002 -0.0004211346874907384 0.01681523169852574 0.002109266091261593 0.2572660913723703 -0.0002594390187729718 0.02168219537323231
1120 0.2360024752101447 0.01260195702118285 -0.01021855521660845 -0.0004277616653503089 0.01684426576881512 0.002097948300703044 0.257226024861109 -0.0003371521121366874 0.02167433256283257
1130 0.2358842567581571 0.01270657808800871 -0.01018848975790131 -0.0004419127285844511 0.01688842094225265 0.002060595335246896 0.2570972270461347 -0.0002562324216955566 0.02162040726265179
1140 0.2357670677677645 0.01260211528235173 -0.0101821118081315 -0.0004481861038553965 0.01686460765840896 0.001984799815065262 0.2569672562474833 -0.0003538179315315919 0.02152355949846979
1150 0.2356963829120383 0.01243199685645274 -0.01018477788501485 -0.0004473492395887697 0.01684197026064923 0.001992804311399313 0.2568868996406851 -0.0004978508497510269 0.02151748831798907
1160 0.2356724712914124 0.01244654860345785 -0.01018488234405199 -0.000444096051114259 0.01685562041715655 0.002079781901019873 0.256861185811927 -0.000458875738448623 0.02160456691903325
1170 0.2356803770526111 0.01253973791302318 -0.01019677139637417 -0.0004395020734684811 0.01684788935940788 0.00215624094433939 0.2568701862042102 -0.0003468815355479378 0.02168747115737737
1180 0.2357227913442961 0.01249354857775196 -0.01021974393563735 -0.0004327943613165418 0.01679922642448766 0.002215523056133492 0.2569138000873831 -0.0003810395443593531 0.02175188698710017
1190 0.2357925210731532 0.01251044428671085 -0.01022992296899924 -0.0004299300071435056 0.016786659694051 0.002326190303269086 0.2569847055389558 -0.0003606760133175398 0.0218655795238318
1200 0.2358862877050124 0.01262700497886818 -0.01022673505335511 -0.0004288000434087915 0.0167842544933421 0.002412527825599666 0.2570828701556082 -0.0002434070933860103 0.02195382397090351
1210 0.2359792996300917 0.01279782813868919 -0.01023062907259619 -0.0004284694786389352 0.01678382158985779 0.002421223284249654 0.2571858765299321 -7.243522266448619e-05 0.02197322788515867
1220 0.2360680427761737 0.01269957609503716 -0.01024523320175172 -0.0004216628283917632 0.01674606263595687 0.002348825807529871 0.257286574290627 -0.0001844045106157019 0.02191722038167448
1230 0.2360824276376982 0.0125905746973444 -0.01023933208508705 -0.0004238240720251512 0.01674900834138614 0.002333069983027564 0.2573091766975467 -0.0003283457722299815 0.02191469648774875
1240 0.2359965749957716 0.01267774693245148 -0.01021174484622054 -0.0004371332243388698 0.01679916340172146 0.002345294250001893 0.2572200076877831 -0.0002779704097961637 0.02192202521443697
1250 0.2358715773567128 0.01263773806481232 -0.01019814038840044 -0.0004476623439659003 0.01679438822386659 0.002293616260305261 0.2570829355549809 -0.0003286184926252384 0.02185102758707603
1260 0.2357749758229914 0.01247255128154847 -0.01019620675479266 -0.0004525983775701443 0.01677098806745697 0.002303944969171122 0.2569736002326093 -0.0004763428752498029 0.02184074673200168
1270 0.235737810667225 0.01242280108246802 -0.01019343238306951 -0.0004507662943097498 0.01677449033466635 0.002404338450011154 0.2569306595224459 -0.0004983050398210757 0.02193405112339699
1280 0.2357422713617159 0.01248333263625819 -0.01019673659547295 -0.0004450990522919926 0.01676429816684811 0.002504036928146436 0.2569348949375201 -0.0004131231606484246 0.02203761549807527
1290 0.2357726974691667 0.01253982954378705 -0.01021509050455188 -0.0004394679199059752 0.01672645958190028 0.002597492260703136 0.256966452038242 -0.0003407172522009988 0.02213846263111439
1300 0.2358397896264859 0.01248382931097413 -0.0102350876913103 -0.0004328336548316228 0.01667150009818191 0.002702583917861147 0.2570354401122181 -0.0003901447685453649 0.0222494112889143
1310 0.2359255539448559 0.0125407298718367 -0.01024023538966011 -0.0004319806000461917 0.01665108855374117 0.002839942570868303 0.2571248487089348 -0.0003325533433088244 0.02239063671894999
1320 0.2360164729984157 0.01276339935216838 -0.01024238588606414 -0.0004349860024700462 0.01665740913677865 0.002954536820113458 0.2572221076949771 -0.0001101690251687108 0.02250980881896349
1330 0.236121166146646 0.0126982646957568 -0.01026064645878768 -0.0004288771879372669 0.01660158268802557 0.002940462362908308 0.2573382272494127 -0.0001801835019981591 0.02250837161891744
1340 0.236189026361377 0.012601139779121 -0.01026517742729601 -0.000428239047713691 0.01659236104803992 0.002966635246265913 0.2574176323244287 -0.0003007057341192175 0.02255186699662668
1350 0.2361612489862226 0.01263558955412301 -0.0102437375534376 -0.0004365725915053858 0.01662382717326344 0.003008886701843393 0.257393127397217 -0.0003052406666246697 0.02260040864461184
1360 0.2360454052656381 0.01267539495624612 -0.01022027404427362 -0.0004484756759252491 0.01663749598043333 0.002979467231643632 0.2572681790158822 -0.0002933871531433678 0.0225574463014325
1370 0.2359174036369189 0.01254970159821961 -0.01020852276676319 -0.0004566838920042471 0.01661882605500725 0.002946763585108516 0.2571281223152145 -0.0004177626525676797 0.02250531814930724
1380 0.2358361907868542 0.01242511294158182 -0.01019941777295343 -0.0004586335620097483 0.01661334865530252 0.00299398733111822 0.2570380674811578 -0.0005197129323470455 0.02253903645288122
1390 0.2358048003170804 0.01244949604923274 -0.01019288599947302 -0.0004556279040655622 0.01662055531823164 0.003061660389769626 0.2570039665452882 -0.0004692133941369306 0.02260488608735299
1400 0.2358012708031141 0.01252619753437775 -0.01020334094183551 -0.000450811549025995 0.01660827427800418 0.003112413147644978 0.2570017365284767 -0.0003695669779404143 0.02266281523549267
1410 0.2358374226953338 0.01242730637454611 -0.01022547572353681 -0.0004435831680134592 0.01655333905657014 0.003148743189208847 0.2570385454754209 -0.0004533221185091211 0.02270453780849747
1420 0.2358995942252741 0.01245504903656795 -0.01023363108778917 -0.00044257100646383 0.01654946515180176 0.003245823425278209 0.2571023570742879 -0.000421963256190809 0.02280502868654464
1430 0.2359763864512337 0.01263241510658459 -0.01023306881804693 -0.0004441272453810654 0.01656346523195872 0.003314783694599284 0.2571832501453121 -0.0002429481002166102 0.0228764579830522
1440 0.2360626873968289 0.0127131111606457 -0.01024319326686259 -0.0004415851112840914 0.01654409274939688 0.003284224990877409 0.2572768124174897 -0.0001592042391497463 0.02285133566375697
1450 0.236150108491489 0.01263758650323929 -0.01025429393005091 -0.0004369236436400212 0.01652842802846409 0.003223757793987105 0.2573761358467383 -0.0002448562149298184 0.02280622753412205
1460 0.2361792132332542 0.01258411442675764 -0.01024336581391172 -0.0004383128935491979 0.01654935674925491 0.003202381768847812 0.2574137464223472 -0.0003299786176518832 0.02279860145424446
1470 0.2361032024090658 0.0126792805181617 -0.01021479391502687 -0.0004499430852002033 0.01659351424523075 0.003168365623927633 0.2573344583729454 -0.000270966269799648 0.02276060674560702
1480 0.2359721958025919 0.01265077441450487 -0.01019886523991801 -0.000460061419940434 0.01659373925546909 0.003072140381962799 0.2571904035886611 -0.0003132230126254461 0.02264384109168326
1490 0.2358593030084715 0.0124618320897865 -0.01019348595742048 -0.0004646330958857469 0.01657290063332517 0.003024737652397368 0.2570635425692471 -0.0004873076155899497 0.02257359972376275
1500 0.235796229335117 0.01242001772015759 -0.01018709034748087 -0.0004644183961654511 0.01658972174279936 0.003072528436336596 0.2569927692403021 -0.0005029567577473561 0.02261033973321587
1510 0.2357715646428334 0.01250696999347716 -0.01019080516715359 -0.0004596685206009588 0.01660209862083548 0.003117522994635671 0.2569666400309513 -0.0003905681252517021 0.02265733155073305
1520 0.2357831236012342 0.01245905114637369 -0.0102114747266652 -0.0004511828545592644 0.01656166338083804 0.003136328060031932 0.2569780140815888 -0.0004179233318150943 0.0226809671316829
1530 0.2358265042093542 0.01243447767323147 -0.01022552451504758 -0.0004466089320663114 0.0165452340853643 0.003211462287467854 0.2570222790768179 -0.0004321001423635265 0.02276102462172983
1540 0.2359050545925693 0.01252297657551198 -0.01022477957182797 -0.0004443289907088934 0.01654951720022197 0.003287038834649219 0.2571023388886747 -0.0003411047439265365 0.02283738229668186
1550 0.23598499682803 0.01273630913474274 -0.01022514925239435 -0.0004452276392747123 0.01656072400266224 0.003304595933092543 0.2571873567506194 -0.0001252679518660497 0.02285751977208325
1560 0.2360817602671745 0.01271341976356342 -0.01024104981772375 -0.0004386781318485031 0.01652566617051811 0.003223605667544439 0.257293084201463 -0.0001498222542704662 0.02278561927477839
1570 0.2361567920449404 0.01260661908865881 -0.01024778249617175 -0.0004351068402696791 0.01651967398690429 0.003165902744075407 0.2573800248964053 -0.0002779150870249297 0.02274511483550356
1580 0.2361395538515207 0.01266134285042501 -0.01022977761863263 -0.0004427145949773375 0.01656561049787213 0.003158583417687034 0.2573669250198231 -0.0002613830133448618 0.02274506549336872
1590 0.2360286393337364 0.01270885549985213 -0.01021024492855893 -0.0004536549913937742 0.01659025847874257 0.003091821460119174 0.2572480463266569 -0.000243737568165153 0.02266610072521324
1600 0.2358987032109721 0.01255530222361775 -0.0102009046753466 -0.0004614809080313709 0.01657542364800279 0.003025318581345568 0.2571036598508972 -0.0003988281499572322 0.02257597964226488
1610 0.2358096003938416 0.01246834499490984 -0.01019043518619017 -0.0004656056487726309 0.01658935664662726 0.003064695348169348 0.2570028295310494 -0.0004652405272904185 0.02259688616504349
1620 0.2357791742847217 0.01248123164898009 -0.01018458584313934 -0.0004610084429524961 0.01659583991646743 0.003111637186005319 0.2569676944334434 -0.000424722595162169 0.02263836830426572
1630 0.2357728528426995 0.01256030068258539 -0.01019506971714888 -0.0004551254444031596 0.01658546639977128 0.003146977572309037 0.256961036520607 -0.0003212611436274304 0.0226790050520425
1640 0.2358061845628636 0.01247977267662494 -0.01021696188138154 -0.0004467267926725518 0.01653513461004178 0.003184020044724205 0.2569957471413326 -0.0003864215998499022 0.02272355983854601
1650 0.2358687480327623 0.01247380626736147 -0.01022662571533299 -0.0004435964609755942 0.0165179103687752 0.003269392085054538 0.2570601761087268 -0.0003885038887849141 0.02281306403660171
1660 0.235937133028253 0.01269194550235745 -0.01022655576256123 -0.0004467184370821492 0.01654204802192485 0.003354030805563054 0.2571322645352834 -0.0001705221167126334 0.02290003473809417
1670 0.2360205411033124 0.0127182534920068 -0.0102410363544529 -0.0004426331174225504 0.01650848985046149 0.00332227194361108 0.2572224310588723 -0.0001410283789606624 0.02287259152186139
1680 0.236111329681382 0.01262118435757202 -0.01025268381523032 -0.0004380772162514575 0.01649393656034469 0.003281784798219655 0.2573243501459079 -0.0002455916542175006 0.02284531452262486
1690 0.2361585102582462 0.01262915403452677 -0.01024285117125097 -0.0004397437121645369 0.01653185464681084 0.003275450709696314 0.2573812882208305 -0.0002680133519893055 0.02285392249941519
1700 0.2360997763350835 0.01269691045221307 -0.01022196484485146 -0.0004484104703548133 0.01656564534337228 0.003220975547300607 0.2573220260357095 -0.000236789693964009 0.02279930539659721
1710 0.2359720119080211 0.01263167834631842 -0.01020643477037867 -0.0004576214007672503 0.01656746413604415 0.003126376902389161 0.2571820742186774 -0.0003212512232161125 0.02268609094476212
1720 0.2358538832883067 0.0124857295725996 -0.01019295093064594 -0.0004644335877066566 0.01656765565049166 0.003099283129196852 0.2570512540341752 -0.0004605153366293056 0.02263925342807805
1730 0.2357870806300358 0.01245497881205832 -0.01018051002335041 -0.0004652931128430949 0.016581567348038 0.00313128585197502 0.2569764784658978 -0.0004680486474657266 0.022658860148531
1740 0.235755931105551 0.01255912668090208 -0.01018313654296897 -0.0004614484198763628 0.01659587027724693 0.003163936230882568 0.2569442237523528 -0.0003366735070942932 0.0226931664678968
1750 0.235764596577587 0.01244732604889566 -0.01020575078727779 -0.000451030261131599 0.0165426737045871 0.003165417870372414 0.2569529517700704 -0.0004255039903584192 0.02270020506655103
1760 0.235804676991643 0.0124169734497983 -0.01021885390220121 -0.0004472314824276908 0.01652971615789278 0.003254482334468702 0.2569951369620191 -0.000445180995803471 0.02279563570121476
1770 0.2358733783486227 0.01256327554721547 -0.01022024775868657 -0.0004468362979306796 0.0165465519814593 0.00334597138369437 0.2570655317206336 -0.0002974599835961604 0.02288897152567006
1780 0.2359490143669147 0.01270971284206117 -0.01022781220429985 -0.0004460463055231535 0.01653675750080703 0.003353150434666218 0.2571458194355222 -0.0001481559948519086 0.02289879446071009
1790 0.2360413901161836 0.01267829420456009 -0.01024198896918288 -0.0004410596397025764 0.01650908288873435 0.003311420999487917 0.2572478053224773 -0.000177749719511278 0.02286796373997278
1800 0.2361311589264226 0.01261857465471208 -0.01024343124847883 -0.0004376295964783111 0.01651819977316611 0.003287317173002772 0.2573504013949667 -0.000254834114767304 0.02286087578949347
1810 0.236140253176964 0.01268012676247316 -0.01022580785142936 -0.0004429581965717317 0.01655656336509365 0.003263235612422553 0.2573663011419313 -0.000229666233077826 0.0228474072117952
1820 0.2360444873748793 0.01272236420970715 -0.01020783360846346 -0.0004527692708554469 0.01657754171879372 0.003183527169591779 0.2572656972974588 -0.0002202494584950916 0.02276166766934421
1830 0.2359141371988911 0.01253498935217248 -0.01019687609178948 -0.0004600600136429981 0.01655892005347333 0.003095659440874506 0.2571213238371129 -0.0004160109106647091 0.02265180533322141
1840 0.2358099597089546 0.01245081819957707 -0.01018196000244279 -0.000467017550744101 0.01657835572068735 0.003118558227904914 0.257006004288379 -0.0004853291141527345 0.02265623902743825
1850 0.2357544823395291 0.01251746622633354 -0.01017619181798524 -0.0004660216869514188 0.01660146403966522 0.003156875703826243 0.256945327380896 -0.000391667906890241 0.02268818958436575
1860 0.2357378223118675 0.01248979626144348 -0.01019148168146895 -0.000457143361092342 0.0165723459939086 0.003157593160894663 0.2569280585106328 -0.0003929077757393262 0.02269238800835721
1870 0.235758972441422 0.01241362867212985 -0.01020898286481245 -0.0004499924035166217 0.01654391965991346 0.003218160602702439 0.2569504844463629 -0.0004520683660436126 0.02276048663978449
1880 0.2358218939081037 0.01245341201537496 -0.01021285146645493 -0.0004464455749186584 0.01654331351816396 0.003317060035578385 0.2570153550672602 -0.0004065719048914626 0.022864500572075
1890 0.2358944682181366 0.01266256402252478 -0.01021293852893147 -0.0004472677149024862 0.01655676794757647 0.003373402840404491 0.2570906342263599 -0.0001952792250344905 0.02292273978742225
1900 0.2359783261632054 0.01271560548987209 -0.01022715438260967 -0.000443288087500946 0.01652318930114267 0.003337616538922158 0.257180541770963 -0.0001382109861751863 0.02289092715187127
1910 0.236075769302518 0.01261685831243761 -0.010239927834036 -0.0004377256552424823 0.01649857994191457 0.003289708450775978 0.2572901864379297 -0.0002424378284215404 0.02285790339429759
1920 0.2361370013357266 0.01263596501372626 -0.01023370846866894 -0.0004390804877015844 0.01653256601655353 0.003281503986902832 0.2573637898021368 -0.0002508961287443474 0.02286775034634291
1930 0.2360953419044202 0.0127246922159648 -0.01021742166110062 -0.0004472813405809668 0.01657046365746104 0.003239087559167817 0.2573245057547801 -0.0001997378417178099 0.02282945103700168
1940 0.2359773756673334 0.01261010216956224 -0.01020522993355157 -0.0004554436932114053 0.01656202901210769 0.00314102510826629 0.2571962228204696 -0.0003380240850148672 0.02271592199323868
1950 0.2358520850862417 0.01248796570236212 -0.01018841443005856 -0.0004650071266152802 0.01657719693219658 0.003130265428107256 0.2570571652588962 -0.0004592244971960688 0.02268337937565811
1960 0.2357807729985631 0.01245844778554727 -0.01017208647818551 -0.0004670993813030688 0.01659441740288571 0.003162275301096184 0.2569767879086786 -0.0004673483197168057 0.02270027264356215
1970 0.2357443471946077 0.01254683044108841 -0.01017258660223099 -0.0004632863108694889 0.01660231083157186 0.003178668607067496 0.2569374027313974 -0.0003506279635230691 0.02271534176219987
1980 0.2357446729898298 0.01245499163086895 -0.01019302459986991 -0.0004525772087731839 0.01655415820075542 0.003177586550205317 0.256938280677758 -0.0004187654352518455 0.02272123430916092
1990 0.2357804734638744 0.0123875507878302 -0.01020699602069489 -0.0004467169346743343 0.01652767934792453 0.00324815037955079 0.2569760277860158 -0.000474520186477403 0.02279916846882318
2000 0.2358374085846156 0.01255512442266293 -0.01020890334741921 -0.0004475246062826062 0.01654833997839917 0.003344968896134386 0.2570356576280448 -0.0003052058871388059 0.02290047143899887
2010 0.2359106567802013 0.01267900530301843 -0.01022068402565572 -0.0004458375627280053 0.01653351226085472 0.003356172302367061 0.2571124959214541 -0.0001783380060900633 0.02291284529162604
2020 0.2360020096119674 0.01261438424335593 -0.01023650458418531 -0.0004411270279476378 0.01650091590376366 0.003328154131613401 0.2572111982566937 -0.0002395754671967344 0.02289012327707656
2030 0.2360975898760908 0.01261251706011248 -0.01023711526862912 -0.0004390413073568021 0.01652349804588031 0.003327178292110071 0.2573193740197429 -0.0002547721996838048 0.02290589946943955
2040 0.2361308001086371 0.01267099485828429 -0.0102238928864258 -0.0004414772391408447 0.01655369715314662 0.003291562599473787 0.2573607862650441 -0.0002297310446209897 0.02288356434386967
2050 0.2360515009683029 0.01270735745006027 -0.01020823925755703 -0.0004502850335863416 0.01657021391355659 0.003208619871960105 0.257278356604854 -0.0002288478353135598 0.02279750083583156
2060 0.235925932912582 0.01255394681764472 -0.01019381283857212 -0.0004578439518934361 0.01656124509107315 0.003125434746393145 0.257140788693391 -0.000397367812102378 0.02269585723083854
2070 0.23581805778503 0.01245204751232824 -0.01017553023931638 -0.0004652790164775687 0.01657234169364943 0.003128812269291726 0.2570206623371344 -0.0004892885430774854 0.02267880165578411
2080 0.2357513310622259 0.01255599769613278 -0.01016717261978391 -0.0004677424805351202 0.01660468240503773 0.003168094833708854 0.256947940810747 -0.0003606712672207254 0.02270869115859796
2090 0.2357279013665179 0.01245670695578383 -0.0101859075396503 -0.0004574481114726385 0.01656075592556682 0.003150237383579206 0.2569235479519632 -0.0004318344992194892 0.02269367214748798
2100 0.2357431008790431 0.01235036630071507 -0.01020275893187359 -0.0004504472344899429 0.01653368664557345 0.003215874192394315 0.2569396453506447 -0.0005186292974574549 0.02276611877593669
2110 0.2357946496594097 0.01244798407343437 -0.01020629550171869 -0.0004486284248679034 0.01654751454640332 0.003328849421831231 0.256992965194641 -0.0004134797971523636 0.02288519782822919
2120 0.2358632195807315 0.01261706498341769 -0.01021346724659562 -0.0004473753833927547 0.01654576310078306 0.003367893581827016 0.2570631257465545 -0.0002406506570894011 0.02292473377490043
2130 0.2359450103980975 0.0126344226512445 -0.01022852527355724 -0.0004432836945848391 0.01651290042937324 0.003350085632537589 0.2571493044413726 -0.0002182682195258917 0.02290907604747459
2140 0.2360460647416363 0.01259671319057638 -0.01023503668392554 -0.0004390679145332515 0.01650755575924171 0.003342626382870144 0.2572607675537511 -0.0002599376560101612 0.02291300041761407
2150 0.2361255540568972 0.01264248554563942 -0.01022740572997896 -0.0004386646102749261 0.01653474796899022 0.003318420383868874 0.2573535834736541 -0.0002384117543035471 0.02290740128244498
2160 0.2361045946552328 0.01274601965518575 -0.01021461847566035 -0.000445282499166289 0.01656753661055795 0.003263638414259083 0.2573369257986954 -0.0001726283444661664 0.02286078295921581
2170 0.2359983858534737 0.01259403563278879 -0.01020454612258051 -0.0004513538215448558 0.01654869135079503 0.003150060566680907 0.2572229693443445 -0.000352988932212546 0.02273606218106323
2180 0.235870239559972 0.01248308565288348 -0.01018493484246301 -0.0004624830044079498 0.01656860012346726 0.003135842941593735 0.2570819966030293 -0.0004683620203799851 0.02270078604491499
2190 0.2357790313907045 0.01252027787620779 -0.01016831224047565 -0.0004687959180362689 0.01660070832387399 0.003167145693292191 0.2569804491340741 -0.0004126711487315677 0.02271490103632358
2200 0.2357342934577932 0.01252662030954371 -0.01017499174748435 -0.0004637359327713969 0.01658866555346169 0.003159854782741561 0.2569306975770226 -0.000376677149037866 0.02270157690585355
2210 0.2357289143287061 0.01241632180657804 -0.01019344340443321 -0.0004543309078111755 0.01655381230352231 0.003183516991667966 0.256924949446533 -0.0004615290814875583 0.0227301858710547
2220 0.2357663464723533 0.01239117817173902 -0.01020171734865789 -0.0004489993747280351 0.01654554616020822 0.003283655086711921 0.2569643521684896 -0.0004734364231167937 0.02283807940567693
2230 0.2358286149100362 0.01255415094686618 -0.01020267048557607 -0.0004481872089682808 0.01655579503339446 0.003364244139628303 0.2570286042524589 -0.0003066597141578015 0.02292265344142049
2240 0.2359015446045371 0.01268553542285991 -0.01021516282957947 -0.000446133225092039 0.0165380615207095 0.003369830796756257 0.2571047244456003 -0.0001716967639899169 0.02293029207225331
2250 0.2359921074208295 0.01260302648160105 -0.01023143123215026 -0.0004401649177027598 0.01649554890428149 0.003335028763881595 0.2572017662912928 -0.0002503919462600261 0.0229005538636044
2260 0.2360872200068336 0.01260672678423243 -0.01023250633778677 -0.0004384795232090409 0.01651410255494809 0.003333634880341471 0.2573091242214947 -0.0002577395213043792 0.02291381564770334
2270 0.2361246161495341 0.0127219209869078 -0.01022390541378301 -0.0004418822309779564 0.01655573066521623 0.003304669963271739 0.2573569758811836 -0.0001739081670748559 0.02290022684433107
2280 0.2360582646082839 0.01266551215554532 -0.01021605469102219 -0.0004472695752344592 0.01655178096672408 0.003208160510880802 0.2572886875758043 -0.000266235751296868 0.022802639779025
2290 0.2359341805469033 0.01253874014385536 -0.01019865823207164 -0.000457342245922856 0.01656305774190926 0.003153179095751229 0.2571532568874276 -0.0004137666213813483 0.022729931365017
2300 0.2358262348212626 0.01248132180601039 -0.01017431412368806 -0.0004659131541849365 0.01658891540684435 0.003165716013864327 0.257032620168259 -0.0004649580104848909 0.02272153025032941
2310 0.2357595829941879 0.01256304477137746 -0.01016366398857501 -0.0004681417874197979 0.01660864187969051 0.003176956068634087 0.2569572784285892 -0.0003575015486913954 0.02271923897569626
2320 0.2357318247070746 0.01249782395836459 -0.01017953438723149 -0.0004586880212968149 0.01657131058400395 0.003153874972418422 0.2569274670411686 -0.0003937607214049934 0.02269707703736378
2330 0.2357439549972327 0.01236879413528466 -0.01019675568038571 -0.0004498800243020308 0.0165341907783897 0.003198665739592611 0.256941150464037 -0.0005028886823527014 0.02274962351176081
2340 0.2357863376104152 0.01245597644520106 -0.01020156140951652 -0.0004486626173335953 0.01654473243661668 0.003309603472058167 0.2569861298826479 -0.0004088120078719058 0.02286803257397773
2350 0.2358484921943065 0.01263607072304029 -0.01021086834204897 -0.0004482418084113598 0.01654876147130944 0.003362471912975688 0.2570510078328784 -0.0002251131305245707 0.0229236602795271
2360 0.235927558882648 0.0126036780277404 -0.01022940829074235 -0.0004434526671523746 0.01650615412172101 0.003347241817482515 0.2571328920516197 -0.0002514584700586404 0.02290827091578525
2370 0.2360259712458715 0.01259505052800839 -0.01023514885252037 -0.0004411695462332098 0.01651103670095393 0.003365243542592032 0.2572406364151223 -0.0002610648942191016 0.02293573861749579
2380 0.2361191435667268 0.01264338398611642 -0.01022829145854885 -0.0004390632760008523 0.01653693353857939 0.003345183009422978 0.2573460789892723 -0.0002320950874635977 0.022932178999508
2390 0.2361157651616176 0.01273732786910631 -0.01021760622122817 -0.0004440908646469995 0.0165630376701766 0.003278866399086974 0.2573480306986968 -0.0001736803343853934 0.02287501847446862
2400 0.2360172930763091 0.01262189862775102 -0.01020649650353998 -0.0004498165565954788 0.01655116589753198 0.003169434042410371 0.2572435761579176 -0.0003209824214412784 0.02275863651705864
2410 0.2358907833741729 0.01248442083147898 -0.0101854921608664 -0.0004595741455037897 0.01655976928233669 0.003130765975911105 0.2571042821816527 -0.0004695202035539457 0.02269935880213265
2420 0.2357863949118506 0.01255282577228819 -0.01016597739838486 -0.0004691129808171584 0.01660004894266532 0.003156823613980852 0.2569893525857661 -0.0003875918797144033 0.02270702344260467
2430 0.235731881643827 0.01252053272989477 -0.01017463147010628 -0.0004641032757136771 0.01658069020676607 0.003137490518252753 0.2569297933170988 -0.0003894288734127127 0.0226811753977584
2440 0.235720618509386 0.01236349567374715 -0.01019315927772573 -0.0004545137090809507 0.01654258372724871 0.003158684879916036 0.256917226316281 -0.0005189200417647871 0.02270468574574731
2450 0.2357503548888417 0.01238674263988803 -0.01019930148392945 -0.0004508024005534085 0.01654978091480528 0.003272767758495433 0.256948930130131 -0.0004818979905437829 0.02282684373075356
2460 0.2358073640369392 0.01254794399131551 -0.01020469496044771 -0.000449007819788859 0.01655382694871347 0.003343781014585101 0.2570078865461385 -0.0003145416354459326 0.02290306711613851
2470 0.235879131775259 0.01262427651453521 -0.01022010851250023 -0.000445569502917988 0.01652608639185528 0.003348229595133825 0.2570815475232315 -0.0002326768639544759 0.02290834647388763
2480 0.2359721991068832 0.01258913521801989 -0.01023138679593854 -0.0004413736501074247 0.01650243996576396 0.003355086256335432 0.2571805102719084 -0.0002645452588689174 0.02291921854666313
2490 0.236077865264372 0.01260860173907114 -0.01022941026905751 -0.0004387276218211835 0.01651551959600418 0.003354220996309112 0.2572981524623271 -0.0002539004541174835 0.02293197186347201
2500 0.2361299104866333 0.0127543244959647 -0.01022252572425121 -0.0004417855135071967 0.01655695346451406 0.003320534383687454 0.2573611728633453 -0.0001358532986546964 0.02291417558777277
2510 0.2360813451935908 0.01264587548659409 -0.01021920889670861 -0.0004443425274622009 0.01653860525572118 0.003210593333262204 0.2573125067353197 -0.0002812917631811669 0.02280589096453498
2520 0.2359601942337849 0.01251240334482717 -0.0102005925230237 -0.0004546110171010845 0.01655167346506479 0.003158226214850093 0.2571817507362892 -0.0004403748963007214 0.02273938635284142
2530 0.235838956659012 0.01251769166926681 -0.01017466692015355 -0.0004662375125054941 0.01659224890696979 0.003169447612092982 0.257048553351571 -0.0004339123861644568 0.02273072574436233
2540 0.2357567267253738 0.01255893490219405 -0.01016835977957404 -0.0004686414965792299 0.01660031063893566 0.003158224639945798 0.2569566376996607 -0.0003672519362532612 0.02270359399982325
2550 0.2357228419601752 0.0124535628758486 -0.01018297873501168 -0.0004597583208693827 0.01656661032934401 0.003143553787260303 0.2569192716655509 -0.0004419755884506664 0.02268706249413074
2560 0.2357332029269301 0.01236855669776307 -0.0101938450006113 -0.0004518855630608594 0.0165507589801474 0.003215807528273496 0.2569304338759605 -0.0005060427015114395 0.0227659091252992
2570 0.2357795933411885 0.01246360882781463 -0.01019590214187287 -0.0004492935098301606 0.01655538725956281 0.003312641942880776 0.2569791772352031 -0.0004016265742259955 0.02286945274889551
2580 0.2358393739974745 0.01265097909273611 -0.01020602692512289 -0.0004482772889353943 0.01655496936805406 0.003355430529122612 0.2570408790332596 -0.000209560278363308 0.0229157645450333
2590 0.2359208499081596 0.01259289039885728 -0.01022557480077635 -0.0004421881447193318 0.01650275137615653 0.003332758726918524 0.2571255495063612 -0.0002623792649647108 0.02289415089884012
2600 0.2360162940785792 0.01258676845286092 -0.01023107154528362 -0.0004404087992116317 0.01650426049485311 0.003356967841985364 0.2572295086888045 -0.0002692102434152687 0.02292625266762667
2610 0.23610541320576 0.01270313361983676 -0.01022745227783192 -0.0004405478552051498 0.01654098617527197 0.003348085562426804 0.2573314112449204 -0.0001689789382843898 0.02293345456173761
2620 0.2361157962620421 0.01271461636062363 -0.01022649920169527 -0.0004421366766501445 0.01654538494841899 0.003265169930644754 0.2573478152589966 -0.0001898627723204381 0.02286086521492881
2630 0.2360307112096095 0.01258811426090661 -0.01021508063919424 -0.0004489396706627227 0.01654623492669607 0.003191132038129508 0.2572581996431722 -0.0003511672878725683 0.02278128446285434
2640 0.2359087270187326 0.01250665914525203 -0.01018801958876274 -0.0004599790985833842 0.01657510294628047 0.003173461546354245 0.2571253435544305 -0.0004481908502476523 0.0227467082381284
2650 0.2358049005893021 0.01256341651711731 -0.01016531084778521 -0.0004690809907451743 0.01660591920154704 0.003176201222131491 0.2570091618134424 -0.0003789725721110137 0.02272832139096395
2660 0.2357449601979847 0.01254662314896032 -0.01017077611148032 -0.0004653103752480087 0.01658852976699199 0.003146110059094723 0.256942810321699 -0.0003662690750162617 0.02268917342627445
2670 0.2357289347618978 0.01237700264299304 -0.01018824993659311 -0.0004545117993004896 0.01654521848437943 0.00314950329573236 0.2569255000826434 -0.0005076737144816942 0.02269541667574424
2680 0.2357484735134092 0.01238501950749078 -0.01019470960223686 -0.000450558871222579 0.01654819475888269 0.003252578082190248 0.256947205922091 -0.0004849531533232167 0.02280687032487903
2690 0.2357951939356872 0.01257326180491079 -0.01020105623429119 -0.0004500497037303945 0.01656231994268935 0.00333838792142688 0.2569955903611086 -0.0002911416070725705 0.02289765657664547
2700 0.235863701509219 0.01259556080029879 -0.01022033784497469 -0.0004453325131822437 0.01652272906593592 0.003335426789363439 0.2570662440194794 -0.0002634299725312205 0.0228953181395983
2710 0.2359492232384111 0.01258254234241746 -0.01023134264892715 -0.0004428492357103987 0.01650881386287121 0.003362777963089943 0.2571568103224712 -0.0002719290628193978 0.02292635113674573
2720 0.2360608730135033 0.0126261440075946 -0.01022790007309833 -0.0004400067373614823 0.0165252431637633 0.003374432351315307 0.2572795030351236 -0.0002341280928101895 0.02294986018751289
2730 0.2361283056082829 0.01275585355564965 -0.01022259016130174 -0.0004410731437447042 0.0165546819300718 0.003323814039953999 0.2573584648716425 -0.000128142663110549 0.02291528431443435
2740 0.23609669290889 0.01268704057525811 -0.01021982839622247 -0.0004432373464187783 0.01654250758123156 0.003220177159295218 0.257328935674665 -0.0002328351248408758 0.02281711111753694
2750 0.2359861948969691 0.01253072968223815 -0.01020248956693253 -0.0004515266652248821 0.01654402314768364 0.00315198933194205 0.2572101012602501 -0.0004184561446932179 0.02273730632651808
2760 0.2358589165099975 0.01254171256405528 -0.0101756321489065 -0.0004650232586819039 0.01658583232680902 0.003157148723819559 0.2570704964915673 -0.0004120685478130698 0.02272136541116557
2770 0.2357649051873336 0.0125771955575672 -0.01016953459201157 -0.0004693732047906683 0.01659727297666159 0.00314956487413187 0.2569662654844603 -0.0003538942664284153 0.0226970855480604
2780 0.2357248541865426 0.01241246852144713 -0.01018521214934703 -0.0004606759842804202 0.01655697022625796 0.003131329754334002 0.2569208312576881 -0.0004869506725628093 0.02267283343318703
2790 0.235725816396252 0.01235798615245057 -0.0101935210541338 -0.0004543582694228285 0.01655695760649683 0.003219006898610378 0.2569227225383715 -0.0005194359470289402 0.02276702843825544
2800 0.2357692646852989 0.01245136659827339 -0.01019582278116475 -0.000450394154351341 0.01656039755791783 0.003311006540684984 0.2569683782515134 -0.0004148736012729372 0.02286659543875579
2810 0.2358265018501249 0.01260974042600435 -0.01020686437451265 -0.000448238579592114 0.01655108043223546 0.003345350469997627 0.2570267441837281 -0.0002505565270861852 0.02290424247112473
2820 0.2359060807906289 0.01259027893467921 -0.01022357569236621 -0.0004427475042347116 0.01651023618649357 0.003340075291441696 0.2571089840973586 -0.0002654212753587786 0.02290000014278714
2830 0.2360030411116207 0.01257640439478755 -0.01022775124594267 -0.000439746343542797 0.01650106355556722 0.003354584892799291 0.2572142199084515 -0.0002789742475500621 0.0229214131168698
2840 0.2360918476142757 0.01273636302033985 -0.01022396605549384 -0.0004411801254883165 0.01654167069857551 0.003348684671731635 0.257315520495372 -0.0001333155843053365 0.02293089552420486
2850 0.2361188320950102 0.01270485219877283 -0.01022870246139708 -0.0004403295798686664 0.01653303456740339 0.00325135201332992 0.2573516772845083 -0.0001962412119955616 0.02284763136875038
2860 0.236047086268204 0.01254703280241236 -0.01021912484025287 -0.0004463336412651902 0.01653063584122566 0.003183435605112615 0.2572773880651678 -0.0003887917771501335 0.02277713408957908
2870 0.2359235572406971 0.01252810785443158 -0.01018986398062085 -0.0004594109792212268 0.01657534553027162 0.0031761168845077 0.2571419244857062 -0.000426942374401149 0.0227515677160678
2880 0.2358096977163154 0.01257827364015999 -0.01017093326811304 -0.0004688677137268144 0.01660002084245085 0.003159259134080647 0.2570150728028626 -0.0003670021930102044 0.02271287430715736
2890 0.2357424027861197 0.01249495091585165 -0.01017740729582031 -0.0004655299194900803 0.01657524924768601 0.003126995262042876 0.256939609967872 -0.0004208941579293389 0.0226687733913498
2900 0.2357242652951405 0.01237072321469529 -0.0101880015186051 -0.0004568911407387963 0.01655649613692315 0.003166388219491367 0.2569202107527143 -0.0005181614998857701 0.02271082285205787
2910 0.2357483092636322 0.01238836762259383 -0.01019033355823639 -0.0004515482015769004 0.01655707970305499 0.003260214776285412 0.2569464653028822 -0.0004844815447262758 0.02281306801270859
2920 0.2357925235780732 0.01258386536458129 -0.01019697299515858 -0.0004507477603956381 0.01656737522450219 0.003336234201504451 0.2569925775924093 -0.0002805480437146128 0.02289455139647814
2930 0.2358599482838834 0.01256157252789276 -0.01021816743429812 -0.0004442101839661064 0.01651664383199735 0.003324133457921902 0.2570613644732417 -0.0002964719318256227 0.02288402478661015
2940 0.2359429997907046 0.01254597962440994 -0.01022759741154098 -0.0004419769097121422 0.01650325167252036 0.003361734553328405 0.2571484252492292 -0.0003091440681770502 0.0229231155918431
2950 0.2360423784765221 0.01266117901357399 -0.01022494784305779 -0.0004416494051873828 0.01653023136550216 0.003383755983145494 0.2572585234691628 -0.0001996228560324206 0.02295586222022061
2960 0.2361136266498164 0.01274526802052461 -0.01022830277261274 -0.0004404558720025582 0.01654274778933727 0.003315553507161293 0.2573420938883575 -0.0001350051550812624 0.02290480245904087
2970 0.2360986049779512 0.0126440417509418 -0.01022758511360591 -0.0004420677284484857 0.01653440433178047 0.003228560359864254 0.257330839874317 -0.0002711360712298719 0.02282530706783126
2980 0.2360008444295414 0.01254771434721623 -0.01020492091045349 -0.000451390556672391 0.01655845632863559 0.003193255053774298 0.2572266408989438 -0.0004000827689788046 0.02278097810662867
2990 0.2358794451051531 0.01256869595293875 -0.01017433894027285 -0.0004638783180271293 0.01659455331920556 0.003176116317625605 0.2570923329512367 -0.0003865580827533665 0.02274265509273741
3000 0.2357817756917544 0.01261472216986436 -0.01016587834803744 -0.0004693043925370145 0.01660427114148555 0.003151563904123271 0.2569834247101655 -0.0003202581688192224 0.02269934538527992
