"report"
"Iteration" "cd etc.."
("Iteration" "cd" "cl" "cmx" "cmy" "cmz" "cx" "cd-scale" "cl-scale" "cs-scale")
10 0.1729266335761562 0.006804168131723257 -0.001690651439009141 -0.002468961359236329 0.01313781285794927 -0.02993235243950066 0.2165770301201655 -0.01091028655336465 -0.01047617882364833
20 0.2404939322767386 -0.0003906111450025313 -0.005298410820441926 0.001289672409211832 0.02383831777181043 -0.001928910597450328 0.3018936279047995 -0.01963949494608498 0.03057536358832559
30 0.2395928087487675 0.00268753739748499 -0.006929189164144534 0.0001602095820357162 0.02391464344174422 0.02063237815641011 0.3032530589349604 -0.003974499188246268 0.05394921408703965
40 0.2332514216071799 0.006347962848174099 -0.007073934762842504 -0.0002611077375686659 0.01923326258720658 0.01838213065177822 0.2927842769030342 -0.005063482612020531 0.04931861863830321
50 0.2313854986966245 0.006553099040992285 -0.006632917537406745 5.697898714436851e-05 0.01694317552732361 0.01419727743399593 0.2877686726355009 -0.001628902555572584 0.04256218638516599
60 0.2297430013912487 0.006408699558763064 -0.006529826193816503 -0.0001740634655346307 0.01702703201682483 0.01849630916757404 0.2839074929237677 -0.0001549346651759202 0.04638543111151817
70 0.2274605158321285 0.006099724296855835 -0.007200521077895736 -0.0002383676267902764 0.01720916713554459 0.01717191626671133 0.2808244608314771 7.308671885187134e-06 0.04499702341157466
80 0.2260532665759628 0.005898050050022327 -0.007273536877224628 -0.0001405640659412346 0.01757387006041318 0.01581402286982881 0.2782823892569367 0.0004861813911581888 0.04285555355343291
90 0.2243998613049971 0.006954027068811817 -0.006931738365723198 -0.0002576769328524098 0.0179377840672141 0.01567205568115867 0.2756229457060019 0.002156457494575302 0.0423602064413993
100 0.222653749561901 0.00849927645860544 -0.006804502164921669 -0.0004951020742980791 0.01813672419125924 0.01579467164890802 0.2733495050005244 0.003511592592572607 0.04227468230189368
110 0.2218766364865458 0.01015783110785474 -0.006858290175588555 -0.00062345656164245 0.0182277112061842 0.01561773953320391 0.2723348094796176 0.005048130020557929 0.0419640218078201
120 0.2220778806741443 0.01152076905447864 -0.007061560251874784 -0.0006375860457101761 0.01854890474183447 0.01541987176039756 0.2722435858789813 0.0064982192553071 0.04162966390023486
130 0.2225353785777036 0.0127728227811557 -0.007272491308872362 -0.0006248854665617013 0.01908303314480638 0.01572713093830023 0.2723049187821478 0.008007385913639016 0.04168107485618063
140 0.2228793778358425 0.01357386134768701 -0.007451790135419594 -0.0006184705033912254 0.01944800158587772 0.01579918165469569 0.272290435982536 0.009254096993836638 0.04144841988019513
150 0.2230850483398326 0.01390384520319711 -0.007607123179271292 -0.0005988730345085396 0.01959512836779462 0.01547965058472864 0.27225234636581 0.009986754032504033 0.04088639305764237
160 0.2234105340241761 0.01396818287841005 -0.007734587815727906 -0.000572823368424869 0.01967854506028215 0.01532959981148291 0.2724061111101952 0.01031405475443753 0.04055118560545327
170 0.2237749568403729 0.01393838409185033 -0.007842356227499622 -0.0005672455618066012 0.01976505457779837 0.01550433972825474 0.2725742139656555 0.01046146393428584 0.04053820471042965
180 0.2240128411363312 0.01392656063194751 -0.007948217603005597 -0.0005878005199098321 0.01981842708748325 0.01587290657010275 0.2725957001015394 0.0105708214175987 0.04074083536590357
190 0.2241226151147219 0.01387935615395283 -0.008006901356997536 -0.0006112686532798988 0.0198608944600707 0.01608768284276545 0.27252555531279 0.01060332822457732 0.04082041503647171
200 0.2242469971156418 0.01366444278522406 -0.008036345910967692 -0.0006292159799835789 0.01994862652123493 0.01605805443401066 0.2725282763835578 0.01043727589951055 0.04068863599510286
210 0.2243956934960159 0.01329193280953247 -0.008065267598550138 -0.0006320345917611802 0.02009084192603259 0.01590768481056527 0.2725845017424015 0.01008629015588377 0.04046951074025011
220 0.224514170634603 0.01294734794749 -0.008089976850012242 -0.0006194885058996739 0.0202472814276075 0.01565658825578133 0.272613196966701 0.009766139404512156 0.040159950710881
230 0.2245501273697252 0.01271636112454651 -0.008097912499110837 -0.0006168076739093393 0.02039343988595313 0.015398167436248 0.2725556685646738 0.009594154509046673 0.03983662817459218
240 0.224571983414173 0.0125383499242227 -0.008095884622279422 -0.0006254690028302017 0.02052510669678772 0.01522184225449603 0.2724829840315302 0.009496421623192638 0.03958772180948788
250 0.2246849234584537 0.01226091488784479 -0.00810470988799188 -0.0006261498061856404 0.02067988316595924 0.01495885916507124 0.2725107081968962 0.00930164314693677 0.0392535952260257
260 0.224877844564728 0.01187135047904875 -0.008113054069441784 -0.0006295487955153346 0.02088977238246044 0.01446950906839426 0.2726229643945217 0.008998023084812935 0.03869494480311067
270 0.2250473425870566 0.01143090059944875 -0.00809754041639583 -0.0006526388117224591 0.02109918525459808 0.0138417359586122 0.2727101330957992 0.008653119681242188 0.03799847231677143
280 0.2251967898881505 0.01092073077173991 -0.008073083540951627 -0.000678719153255406 0.02123966971607599 0.0133080599815272 0.2727762945303957 0.008244005977618459 0.03739854814109349
290 0.2254017157657844 0.01023928719014122 -0.008057863223363227 -0.0006950470703323015 0.02123529291329702 0.01317622367455938 0.2729016500839289 0.007659581946366173 0.03720834709852382
300 0.2255385720294917 0.00956722411790285 -0.008002298304036206 -0.0007044673778440552 0.02108758912091318 0.01346717864922355 0.2729769033265576 0.007068019531373496 0.03745154527599186
310 0.2254645113728701 0.009137914774980346 -0.007887844972091454 -0.0007121063798775335 0.02087239914814078 0.01401428783690418 0.272852669393688 0.006699650115607498 0.03795201950614952
320 0.2252244678019601 0.008899962102458728 -0.007768614849973581 -0.0007234055376107157 0.02064610299258151 0.0146776678236948 0.2725430814400585 0.006519336772661945 0.03856735427783981
330 0.2249909083287476 0.008728332418441844 -0.007679502223235779 -0.0007396396537124328 0.02049015916329141 0.01512926587207026 0.2722340744977266 0.006416290123710882 0.03897830347001303
340 0.2248741420492651 0.008478642276229546 -0.007633539470842933 -0.0007589475791471809 0.02042370761759879 0.01526435564319318 0.2720501278892213 0.006231154939259418 0.03908368413928566
350 0.2248644717219367 0.00820010564517052 -0.007625059518736956 -0.0007769120979475119 0.02039071535058778 0.01526496781789271 0.2719729783615116 0.005994634437323678 0.03905795986262372
360 0.2248850024249645 0.007987367569616615 -0.007628592021022378 -0.0007891834926726246 0.02033546005831904 0.01527056758440803 0.2719291178239168 0.00579669278520637 0.03903890501539434
370 0.2248903375485733 0.007853585657653718 -0.007626478144941272 -0.0008003187624346031 0.02026189362823945 0.01532655885767416 0.2718758165705711 0.00565602739887577 0.03906990285385762
380 0.2248964698098544 0.00774076563493758 -0.007620761952474609 -0.0008099682144930682 0.02020763194372679 0.01534601201860735 0.2718215892225136 0.005529500696877906 0.03906188242685891
390 0.2249105652979432 0.00763732452171954 -0.007618567296387544 -0.0008170649936712472 0.02017902873132374 0.01529498505188835 0.2717733765266884 0.00541011334397357 0.03898105361552542
400 0.2249053141375051 0.007547022923774323 -0.007615469307825031 -0.000824023870994723 0.020163545320149 0.01518180016069747 0.271707343312161 0.005309521435136547 0.0388420151254568
410 0.2248425633069253 0.007476726605147309 -0.007599584057109238 -0.0008305857979229746 0.02015585475589723 0.01502151784819123 0.2715907904405991 0.005234812934311052 0.03866595860180429
420 0.2247585960799031 0.007399173652506068 -0.007578750486523518 -0.0008293865509174393 0.02016381073280023 0.0148490395253836 0.2714696635365239 0.005153487416457376 0.03849642496040818
430 0.2246970718750967 0.007322173447264499 -0.007568245029161183 -0.0008153876271763639 0.0201885927867579 0.01471015945637492 0.2713850319621164 0.005080744589266312 0.03837436774638435
440 0.2246471783624348 0.007302167045875655 -0.007565547117015998 -0.0007971192312097802 0.02022258731134826 0.0146043925699451 0.271324187811864 0.005076932901825888 0.03829008787446931
450 0.2245863617060291 0.007338126902387415 -0.007555137872134968 -0.0007831127281919349 0.02025188526249179 0.01454320271756228 0.2712654815479651 0.005132264672739206 0.03824818476852129
460 0.2245215028902136 0.007383218436352069 -0.00753916650781218 -0.0007725184455329797 0.02026862662553657 0.01454850526636286 0.2711983774198493 0.005195028323857431 0.03826426550753752
470 0.2245002692965476 0.007395254118323187 -0.0075303933011589 -0.0007605219164325365 0.02028258744253534 0.01459217474289408 0.271169679977215 0.005213012491210688 0.03831426436861027
480 0.2245259001428834 0.007401866141780779 -0.007524735419248673 -0.0007525565353704919 0.02029328616357864 0.01460689325148409 0.2711797257046731 0.005210668853561847 0.03832541006213964
490 0.224538046044051 0.007455466767705777 -0.007509202205268116 -0.0007532929330546097 0.02028683519004015 0.01454970398543043 0.2711647510550128 0.00524398581405894 0.03825317727074259
500 0.2245352661919086 0.007552284344134358 -0.007490338983793973 -0.0007535579323886326 0.02026620175598738 0.01444495801773608 0.2711397514692412 0.005313320929887276 0.03812940958027547
510 0.2245390274548613 0.007627345797149959 -0.007481352810610424 -0.0007471274419711247 0.02025232843580616 0.01431261151932092 0.2711267336243052 0.005369066030067158 0.03797814082225368
520 0.2245360786262985 0.007668038833120145 -0.007478527674905693 -0.0007433173888227847 0.02025050997830627 0.0141818764990893 0.2711060415028587 0.005400831311889524 0.03782592959328562
530 0.2245195557899474 0.00771460302469953 -0.007471711371591196 -0.000746148114006614 0.02024960518998237 0.01410894989331872 0.2710677841719271 0.005450936586088384 0.0377248689194266
540 0.2245177989245681 0.007763779842371241 -0.007466264686804621 -0.00074887024493006 0.02023704679201847 0.01409661136744422 0.2710421926321899 0.005520245233244052 0.03768153709526256
550 0.2245346798516285 0.007805629756079586 -0.007466911816543797 -0.0007452229348296679 0.02022778937640129 0.014086110142787 0.2710521734827919 0.005590718658160381 0.03764882166085506
560 0.2245588813720011 0.007863857128441563 -0.007464837101921165 -0.0007387475413909303 0.02024362719764561 0.01402520252722999 0.2710974877649726 0.005676041317675217 0.0375783865132271
570 0.2245923190825321 0.007963608662684736 -0.007456724621961081 -0.0007348420388159022 0.0202750448328917 0.01391821707166818 0.2711509355041073 0.005789745054762633 0.03746546385151825
580 0.2246560830898509 0.00804307232159363 -0.007445682623211547 -0.0007395825640502835 0.02029181799926171 0.01379993552014732 0.2711742128045888 0.005849282431027151 0.03734902003295029
590 0.2246792871765261 0.008098192900936272 -0.007437644392772567 -0.0007406988793595003 0.02031033511210999 0.01378033758974866 0.27109996033087 0.005858449200016306 0.03736301417322632
600 0.2246617616971429 0.0081678077369311 -0.007428174606982159 -0.000724231420665793 0.02036870989057152 0.01398912885009989 0.2710135809697733 0.005900137158936641 0.03759986669729433
610 0.2247578079380175 0.00826001454975714 -0.00741681863383041 -0.0006988731601538139 0.02042753391740679 0.01418105475875862 0.2711014510582829 0.006003114969180968 0.03777545777350257
620 0.2249509402140369 0.008397637978928615 -0.007415916281380162 -0.0006785237104589129 0.02046318395868332 0.01415804574432822 0.2713482784905554 0.006192824023155811 0.03772121236985425
630 0.225104399042551 0.008537855996213128 -0.007413902542416895 -0.0006821827742308161 0.02048763268761129 0.0139908707391594 0.2715585385912435 0.006387599489472769 0.03753601280829082
640 0.2250994547085167 0.008600029033680819 -0.007399394730468214 -0.0007195370604903106 0.0204783751786117 0.01373477713919358 0.2715481714893483 0.006447234565107319 0.03726504727737594
650 0.2251025704397644 0.008627498801333136 -0.00739008373152025 -0.0007443011180067382 0.02046633177666804 0.01356043135062585 0.2715050476854905 0.006413222897294488 0.037077645212274
660 0.225162270045 0.008648051597513053 -0.007394606384206817 -0.000738153012280336 0.02045850051391598 0.013478429537098 0.2715295501430713 0.006361732319932386 0.03698932975606915
670 0.2251694959199175 0.008665750388963708 -0.007397985009211499 -0.0007281481746390754 0.02045221732498781 0.01342466427111001 0.2715283760363211 0.006349778214566373 0.03693190824578391
680 0.2250791611831799 0.008706618513521105 -0.007394904309486527 -0.0007275691432222947 0.02046678303617669 0.01343512833038329 0.2714546961316082 0.006418114288915666 0.03694296823149367
690 0.2250181848713415 0.008689136700501619 -0.00740500288044287 -0.0007202775074750529 0.02050075806436823 0.01353725245716757 0.2714184696439758 0.006464218796281474 0.03704678129700919
700 0.2250602553968317 0.008642540519660685 -0.007418114990395786 -0.0007024309827265219 0.02052831500744569 0.01363162412895345 0.2714511689404184 0.006479265492639243 0.0371335009752756
710 0.2250868712106894 0.008643262941496655 -0.007413826212482128 -0.0007013219216739885 0.02053822543324987 0.01363391564950723 0.27144902983619 0.006515502218902506 0.03712509660034979
720 0.2250725853447829 0.008661156066360882 -0.007399132933358835 -0.0007176462615330901 0.02053957689334185 0.01356618913253791 0.2714244368094828 0.006541814615918535 0.03705866898417468
730 0.2250986097637316 0.008644460873912014 -0.007402034820512427 -0.000728827065584497 0.02054414288473303 0.01350499333096162 0.2714650621565069 0.006512254203894636 0.03701322019707087
740 0.2251272126177666 0.008607520269897254 -0.007416824209547333 -0.00072755956678715 0.02054932344537843 0.0134780946657787 0.2715187758241527 0.006445785608299348 0.03700702437206348
750 0.2250887443973932 0.008608089717135097 -0.007415065376129358 -0.0007224175656995288 0.02055011690674645 0.01347758755874071 0.271492449260586 0.006414971901805173 0.03701577742140813
760 0.225014200778425 0.008637011838401737 -0.007400949038084179 -0.0007169003185597964 0.02055161094590318 0.01352064170268463 0.2714114433090397 0.006429076188989941 0.03705255249144644
770 0.2250156238824851 0.00861166124965068 -0.007403206288882682 -0.0007078804775502953 0.02055836745441751 0.01356990613101873 0.2714022699656329 0.00640663106510703 0.03708808855977998
780 0.2250591375599436 0.008559932791750229 -0.007416345755298153 -0.0007015339501721757 0.02056761876342969 0.01357027377532261 0.2714412851986744 0.006375372541002887 0.03707571484458935
790 0.2250549086453223 0.008552452278709367 -0.007417230905253191 -0.0007079863066429085 0.02056841020516511 0.01352264943143916 0.2714454781123915 0.00639489173914595 0.03702117743876377
800 0.2250055513347627 0.008589520514271209 -0.00740639691998466 -0.0007152115187063321 0.02055569126407309 0.01349611917380017 0.271410977192721 0.006451149769015513 0.03699295299457533
810 0.2249960367015585 0.008591840301486482 -0.007409667777658951 -0.0007094498755364049 0.02054534923487186 0.01351014235018902 0.2714141894441394 0.006459130735711715 0.03700974399835678
820 0.2250114674945211 0.008547781813678278 -0.007425305592258245 -0.0006990767041465851 0.02055104253779468 0.01349299766256132 0.2714485330632321 0.00640434758301146 0.03699452674629827
830 0.224977996193663 0.008540016215588784 -0.007425731658469826 -0.0006972547167226986 0.02055941574859831 0.01345572884183798 0.2714446104748922 0.006384189161745242 0.03695356711400039
840 0.2249466711226585 0.008577614773842961 -0.007407477116966666 -0.00070396296859232 0.02055043955939108 0.01342712091789429 0.27140759713625 0.006410048656191107 0.03691587186648521
850 0.2249868907520091 0.008566972325066664 -0.007401122947541981 -0.0007099844276470657 0.02054381667472926 0.01341228139085167 0.2713596631192771 0.006369560789368058 0.03692184045049081
860 0.2250140598258049 0.008514932072784264 -0.007413426666590568 -0.0006995642302337194 0.0205880433024505 0.01356636907880214 0.271298921154646 0.006291593001425322 0.03711570677591584
870 0.2250311748661407 0.008497724707500352 -0.007408839134027783 -0.0006840882289915367 0.02063841605408741 0.01381904551342685 0.2712785228282401 0.006275300830963367 0.03736681862499378
880 0.225028004944456 0.008540386256032042 -0.007391450195210681 -0.0006886678866448016 0.02062394402385229 0.01390288398403046 0.271303835955678 0.006347107665421292 0.03741943594469169
890 0.2250747336954107 0.008539594710627874 -0.007391303368183048 -0.0007010247209920751 0.02059323112291979 0.01385409184484441 0.2714300452042424 0.006396374773279691 0.03735070809082022
900 0.2251993081739097 0.008462779166536306 -0.007403336875515074 -0.0007147588382506708 0.02057468480194041 0.01364698483926147 0.2715860195067194 0.006339340767598158 0.03713180523966912
910 0.225275753901993 0.008434181278008464 -0.007402594795717787 -0.0007339617790851417 0.02055518641399301 0.01342706651142912 0.2716288130066923 0.006264390475266529 0.03689704144186842
920 0.2252524446426663 0.008495379882009803 -0.007388081217220088 -0.000744913012708708 0.0205168064522501 0.0133488935403666 0.2715585913543253 0.006256196731206998 0.0368101938439004
930 0.2252024253630665 0.008541459628032504 -0.007383143126078147 -0.0007430776830524905 0.02048595506009751 0.01333883491982993 0.2714973882562871 0.006259798608180633 0.03680055690316361
940 0.2251846491712063 0.00849757598398929 -0.007398002131139387 -0.0007369831604221987 0.02050378992840621 0.01332039215001769 0.2715010977063166 0.006228250386463512 0.03679048191504111
950 0.2251595011025188 0.008458761653294546 -0.007415862154983545 -0.0007275267541100422 0.02054646277283666 0.01336418133513107 0.2715055765211077 0.006241104766993518 0.0368439924180123
960 0.2251224873955186 0.00849537664366256 -0.007415544264358372 -0.0007128471937986924 0.02056241728917454 0.01350556844434614 0.2714740879948719 0.006335502739195846 0.0369846317031002
970 0.2251049493442541 0.008545248214377254 -0.007403780026442152 -0.0007047281968550543 0.0205584481360438 0.01359319012923704 0.2714363537142652 0.006429582160522278 0.03706561074466509
980 0.2251337255863201 0.008525480610503174 -0.007400801108116828 -0.0007119637105861415 0.02057263375563871 0.01353916330279769 0.2714540795052457 0.006426339551978758 0.03701335539963484
990 0.2251836680558381 0.008483744885493347 -0.007407492939220543 -0.0007253846202693791 0.02059024380513645 0.01344026980829157 0.271514287696059 0.006375748632625389 0.03692919043518423
1000 0.2251812557077864 0.008505262918584425 -0.007411245089489039 -0.0007316332059277698 0.02057714427976919 0.013409281574869 0.2715316400690089 0.006370983286693914 0.0369163044566027
1010 0.2251171521902939 0.008563516612611411 -0.007405291745034171 -0.0007286169681688635 0.02055322816589791 0.01342708210391215 0.2714836812343824 0.006398471278880593 0.03694644401244785
1020 0.2250685856406983 0.008565669637024502 -0.00740180939865606 -0.000721088544125246 0.02055538910470679 0.01343992222307699 0.271440190265577 0.006379616824593288 0.03695989546553112
1030 0.2250760691061125 0.008524676368978102 -0.007411794297142601 -0.0007120787272053786 0.02057413801493856 0.01345915084083105 0.2714405367120976 0.006334765836731779 0.03696932218376493
1040 0.2250923110390515 0.008512549221215632 -0.007422097937780952 -0.0007049668031799 0.02057567502781719 0.01349621507174089 0.2714499216387371 0.006334079384045878 0.0369922924527929
1050 0.2250546220501886 0.008552597742770354 -0.007416040152459617 -0.0007055509961961964 0.02056135657609841 0.01350583023436766 0.2714138831997699 0.006399032643490545 0.03698853053404623
1060 0.2250072774712329 0.008582820604913369 -0.007405551642831855 -0.0007098665775424031 0.02055603116209264 0.01347749502442764 0.2713807411543538 0.006451430723165409 0.03695600664078177
1070 0.225018548555267 0.008556630986555295 -0.007413346986988359 -0.000707621918718606 0.02056292871141695 0.01345786432366529 0.2714124333970584 0.006432391811678801 0.03693966321351964
1080 0.225038671327009 0.008528317248139562 -0.007431095630897392 -0.0006998109132050509 0.0205666488722718 0.01345627884348455 0.2714549970356035 0.006400781546026748 0.03694015261290284
1090 0.2250024426444912 0.008548672710502204 -0.007428679869543087 -0.0006979790218288045 0.02055938963249542 0.01343295816193005 0.2714425518889158 0.006408494592525898 0.03691180739649765
1100 0.224983079550599 0.008576395602888403 -0.007406411910151167 -0.0007069252708105408 0.02054681540390528 0.01336894070591794 0.271394283898982 0.006411748015942447 0.03684318595424679
1110 0.2250137902204161 0.008552549039467602 -0.007403445264495318 -0.0007112326912963628 0.02055297580685847 0.01337811398963457 0.2713310266209542 0.006347207280800389 0.03688337130520866
1120 0.2250420624293007 0.008513271530780129 -0.007418639366111895 -0.0006937097750395798 0.02060064449957429 0.01361822705302803 0.2712910821991339 0.006282885723477448 0.03715829811904397
1130 0.2250520060982254 0.008516605860617232 -0.007411251199514604 -0.0006807354410904297 0.02063380995821178 0.01384638316526016 0.2712831635748313 0.006299075082427475 0.03737546963460667
1140 0.2250292597941628 0.008559783711183037 -0.007395192378382081 -0.0006920877598097277 0.02062029810282225 0.01387616115304396 0.2713137291602116 0.006387888892036102 0.03737626210228297
1150 0.2251014268433707 0.00852973031722629 -0.007400451824614294 -0.0007015850123673512 0.02059878714229419 0.01381954128523434 0.2714657898390112 0.006411247386839674 0.03730604631736945
1160 0.2252246269035203 0.008464956156693518 -0.007413342180469441 -0.000710987801853017 0.02057240225839872 0.0136290561537415 0.2716062051774157 0.006352708161748048 0.03710315525651509
1170 0.2252283822773381 0.008490720820787336 -0.00739951938265291 -0.0007280275888361003 0.0205467299188618 0.01344177423309382 0.2715785072643817 0.006322844082472769 0.03690320371867328
1180 0.225174751951433 0.008552930568320511 -0.007379948870732812 -0.0007375578880631582 0.02052142206975667 0.01337689386624032 0.2714905411670476 0.00632166984483337 0.03683205252025504
1190 0.2251700954853843 0.008545488832694497 -0.007389861516530089 -0.0007308154957178568 0.020511467577455 0.01338459297806052 0.2714762435718375 0.006286023439364551 0.03683896579229641
1200 0.2251866253712525 0.008495969392628129 -0.007410451940786001 -0.0007231763616224349 0.02052577294763184 0.01339228435118729 0.2715068498223254 0.006249637137062896 0.0368520987119897
1210 0.2251338804828867 0.008508754988395812 -0.007412557940259451 -0.0007258822841159248 0.02054481383775957 0.01341524059758604 0.2714679537509754 0.006310034416120343 0.03687945381410498
1220 0.2250760283302577 0.008548171384819449 -0.007411805438731964 -0.0007230209159462519 0.02055835557262028 0.01350605108089001 0.271421113098384 0.006409449839404989 0.03697451916512329
1230 0.2250894548259504 0.00853090957413255 -0.007423645028496769 -0.0007062422818178618 0.02057451879029104 0.01359119130521255 0.2714457880598022 0.006437488009886434 0.03706559561602374
1240 0.2251091297861492 0.008501706914713615 -0.007428706682640273 -0.0006990821122978442 0.02059198231604093 0.01357228795109525 0.271470117671406 0.006421151845159884 0.03705210436988508
1250 0.2250651428510256 0.00853798529062488 -0.007413850697126224 -0.0007092394901090965 0.02059688977490209 0.01351425318191054 0.2714324493971959 0.006438941345479477 0.03699928148675788
1260 0.2250421158599389 0.00857396129660574 -0.007408067636320493 -0.0007147680660430246 0.02059074281090808 0.01352451814444303 0.2714225954534879 0.006452743814514167 0.03701461974994219
1270 0.2250655340260356 0.008556842913348387 -0.007422326454082544 -0.0007067129318426834 0.02058879493406601 0.01354101859376783 0.2714707317827678 0.006421649809490961 0.03703518834108632
1280 0.2250524949979945 0.008538515886696239 -0.007428281699360856 -0.0007048127023097087 0.02059342577187707 0.01349631623491102 0.2714831759243839 0.006394956095587355 0.03698946604257799
1290 0.2250052444448553 0.008562671765381382 -0.007414574280560541 -0.0007148348807847378 0.0205904084675159 0.01343322851324149 0.2714233828946729 0.006411442735504148 0.03691819052866972
1300 0.2250153837133373 0.008557565799671355 -0.007410674569365951 -0.0007188939446432016 0.02058299740212343 0.01342223116717659 0.2713579207130634 0.006380924758571775 0.03691547785027401
1310 0.2250350165244906 0.008512987179179175 -0.007422061139518767 -0.0007005572436258253 0.02060589618849001 0.01356347227913407 0.2712965330180633 0.006305568818182106 0.03708428411993177
1320 0.2250329571018473 0.008495682172613773 -0.007415945500650149 -0.0006810091404654936 0.02064431712443464 0.01377503680523122 0.2712554023626034 0.00627640619950643 0.03729643581080435
1330 0.2250214799140344 0.008532557541689356 -0.007396643089508746 -0.0006864594663011706 0.02064316622847886 0.01384652167945164 0.2712619341963106 0.006333585196101903 0.03733843979928624
1340 0.2250936268314283 0.008524239417798139 -0.007400398501870432 -0.0007000463429274813 0.02061963288678375 0.013810577712806 0.2713996887781838 0.006379037471437572 0.03727958009350004
1350 0.2252284164003449 0.008454226086894386 -0.007415734130004193 -0.0007095187374864611 0.02059640647532773 0.01365279142682749 0.2715646207392909 0.006346365456409472 0.03710937312167694
1360 0.2252964182646071 0.008428578043361317 -0.007411139861356656 -0.0007284402317218438 0.02057333840831725 0.013434342379671 0.2716119986877532 0.006291017800814865 0.03687992800433923
1370 0.2252740066381712 0.008480520516311638 -0.00739133272789192 -0.0007443359473913687 0.02054502582148357 0.01333571192938521 0.2715545932847375 0.006274023741172225 0.0367744268787118
1380 0.2252640233179329 0.008512120115410552 -0.007390027732588852 -0.000741693199688051 0.02051975367751256 0.01335232063067155 0.2715333264302424 0.006252896449457097 0.03679474577457703
1390 0.225278477969116 0.008474288762435896 -0.007406526712752816 -0.000733757010090243 0.02052131257734211 0.0133496287931881 0.2715637524463421 0.006210873332057472 0.03679990411623456
1400 0.2252047790296015 0.008473375008875106 -0.007411002538524811 -0.0007333608259816007 0.02054339945336291 0.01334697888408434 0.2715147615181317 0.006254252454680241 0.03680758130722965
1410 0.2250915688491578 0.008534688160824261 -0.007402865168556796 -0.0007272719087033777 0.02056314206034918 0.01346555395628014 0.2714228758118422 0.006377745428245001 0.03693305298843885
1420 0.2251018506723574 0.008537640718542121 -0.007409260629304326 -0.0007110247423819015 0.0205785379429705 0.01359272986054712 0.2714295324510423 0.006429992742617997 0.03706056295489357
1430 0.2251777928366165 0.008481104955417304 -0.007422923130320634 -0.0007051142580688096 0.02059828882312395 0.01356571099994446 0.2714936388293251 0.006388395007227799 0.03703469157760326
1440 0.2252054352749879 0.008467172400713959 -0.007420716660336475 -0.0007189849478672722 0.02060869072454713 0.01347458533393285 0.2715224825126237 0.00636478342303439 0.03695136202928736
1450 0.2251753161299524 0.008521163102829915 -0.007406513900739142 -0.0007322816462552755 0.02058915251146949 0.0134531037618747 0.2715001704815974 0.006402160049029159 0.03694192106535301
1460 0.2251651978557354 0.008544072566700436 -0.007406622067899602 -0.0007296623786996655 0.02056692037840009 0.01347508150511861 0.2715006614750698 0.006402333662731787 0.03697678614938099
1470 0.2251749006960314 0.008496085390541561 -0.007416708794674764 -0.0007216960550586998 0.0205738409032839 0.01344558351557041 0.2715189665552842 0.006331336876905246 0.03695424983633126
1480 0.2251266863887922 0.008493966029708519 -0.007412900316930122 -0.0007195016687085069 0.02058547996634971 0.01341752775415277 0.2714717532691419 0.006313167275522252 0.03692158366073994
1490 0.2250458118161681 0.00856589293186779 -0.007400006015912878 -0.0007158041553555626 0.02057115323432328 0.01347967151360276 0.2713839478616885 0.006384932346377734 0.03697055661771455
1500 0.2250482345439248 0.008576943798951381 -0.007407829522471774 -0.0007073621810869674 0.02055737957543607 0.01353587882838863 0.2713803269961494 0.006415059568613341 0.03701299611284309
1510 0.2250934673484953 0.008515409029315855 -0.007425978672853074 -0.0007050018891657223 0.02056925663603756 0.01347953900047929 0.2714285503562053 0.00637695006938967 0.03694829929472498
1520 0.2250926540658033 0.008498605211239185 -0.007428513868799517 -0.0007116874789474836 0.02057807341993899 0.01341638479372791 0.2714400506510451 0.006372308945393777 0.0368837752598108
1530 0.2250392702948617 0.008558465343755388 -0.007418826859876896 -0.0007118217396649884 0.02055986128976777 0.01345691740904659 0.2714002891751176 0.006433668672198084 0.03692523857309994
1540 0.2250150307548819 0.008582019111905634 -0.007420155415953703 -0.0007016507014568978 0.02054781237758632 0.01350070238271333 0.2714007507807147 0.006451085078100186 0.03697129081623874
1550 0.2250246774343278 0.008533967543848157 -0.007427922555698132 -0.0006956532820701667 0.02056687524050029 0.01345157693791798 0.2714455945712834 0.006394730478590152 0.03692257657691121
1560 0.2250461412773892 0.008508772240042251 -0.007422608252448322 -0.0007037201115687665 0.02058036615525503 0.0133674563769637 0.2714582167664584 0.006357071288476224 0.03683522123986728
1570 0.2250426674058265 0.008546030532311641 -0.007407254054408667 -0.0007139226313218928 0.02056601843254427 0.01336951481799501 0.2713659371516249 0.006359853065917051 0.03685834247414157
1580 0.2250015464618903 0.008574551741955332 -0.007402555612730999 -0.000702140342550721 0.02058478466707069 0.01358978699691967 0.2712403263588375 0.006359985322009553 0.03711488041470266
1590 0.2250359460388648 0.0085279592044977 -0.007403952046677803 -0.0006828561056389863 0.02063663946268072 0.01381999105717299 0.2712520325540472 0.006311586573168632 0.03734623595886075
1600 0.2250880263387311 0.008492618237808499 -0.007406943019615426 -0.0006877690039402411 0.02064816432372183 0.01383984183261157 0.2713508014860314 0.006307034275532736 0.03734117631031081
1610 0.2251229224789597 0.008506420827298198 -0.00740853145010358 -0.0007027693115509179 0.02061779646867688 0.01379746275779835 0.2714674674175968 0.006378685002561729 0.03728187699671705
1620 0.2251704088129672 0.008512557432827739 -0.007402943436821605 -0.0007158521070145098 0.02057354878421674 0.01364708610968097 0.2715411062050186 0.00641047917453396 0.03711713147503113
1630 0.2252221475508422 0.008479633953847951 -0.007397664128014726 -0.0007294195888999188 0.02055626452567527 0.01344013051350656 0.271566734886118 0.006336022053834245 0.03689655480674534
1640 0.2252536102007675 0.008458413497088316 -0.007398495955328045 -0.0007349037167229231 0.02055130682235502 0.01332497514725318 0.2715674436189247 0.006244874935323242 0.03677743309867289
1650 0.2252318989420867 0.00849110864526271 -0.007401036262876618 -0.0007329707109803443 0.02053101159238667 0.01332671700885024 0.2715350982123593 0.006232630838216662 0.03677947586326931
1660 0.2251634800217995 0.008536450964284495 -0.007396378694969074 -0.0007298039548246819 0.02052119554142096 0.01337407349564697 0.2714735275806315 0.006283263919927042 0.03682905973630732
1670 0.2251237642721918 0.008523599094529091 -0.007399194391224473 -0.0007270673764682156 0.02054421325015002 0.01341019557918169 0.271444221321556 0.006316078009667972 0.03686873348561076
1680 0.2251338727443456 0.008480947784467228 -0.00741659902511573 -0.0007195750286539155 0.0205768064452983 0.01346170900208099 0.2714671908759644 0.006331279799735134 0.03692611719728909
1690 0.2251390816967418 0.008478752116550805 -0.00743076951007528 -0.0007093556079060702 0.02059148578905314 0.01353784740018548 0.2714831001538792 0.006378495802583263 0.03700770426106067
1700 0.2251005787623505 0.00852589800249666 -0.007422414547713132 -0.0007075078275558354 0.02058945658377836 0.0135553630791521 0.2714490739356691 0.006444137127916973 0.03702886698885106
1710 0.2250725706719678 0.008551806922895772 -0.007409887022258757 -0.0007124271953031781 0.02058977579655544 0.01352341693064744 0.2714264818373467 0.006458475226661595 0.03700204825414134
1720 0.225102055775683 0.008527938850796456 -0.007418047796440401 -0.0007124566658259695 0.02059651909807482 0.01350907146106183 0.271466290828115 0.006413723003220997 0.0369959415902948
1730 0.2251323163502057 0.008506766405185193 -0.007432129433729865 -0.0007098859344922578 0.02059807195380457 0.01350485778243529 0.2715114709333287 0.006371454887352779 0.036997078256099
1740 0.225076469851163 0.008541518403375701 -0.0074263428953649 -0.0007123084126080581 0.02059214496244552 0.01349616602520918 0.2714725897670313 0.006396327883360958 0.03698545541457104
1750 0.2250018247799668 0.008583973636090382 -0.007415524234643429 -0.0007121344697658256 0.02058554983893841 0.01350210561222387 0.2714188899909412 0.006438413457970726 0.03698482484174446
1760 0.2250342593850262 0.00855071641451031 -0.007422305436548687 -0.0007055190321692836 0.02058201068540194 0.01349170481007045 0.2714464236919262 0.006401268955836785 0.03696702578053988
1770 0.2250921081598775 0.008496094810495873 -0.007430062656884421 -0.0007048715197214588 0.02058405496158911 0.01343881110611772 0.2714312816907498 0.006323642261484488 0.03692677917419517
1780 0.2250103842062613 0.00853185255490837 -0.007413599281052874 -0.0007021854666397571 0.02060516620282878 0.01354249498067039 0.2712615932421639 0.006325977703596996 0.03705869171749569
1790 0.2249648554875898 0.008568857440014377 -0.007393411762281851 -0.000686719917645033 0.02063313762908536 0.01381194151320529 0.271169970503122 0.006351998790162845 0.03732705502979466
1800 0.2250483701360396 0.008530052663635551 -0.007401840425369762 -0.0006777710297373776 0.02063412880484023 0.01391506615548226 0.2712769327079519 0.006335522474863878 0.03740376726455775
1810 0.2251708546275223 0.008461910248912175 -0.00742236598374959 -0.000691507498076508 0.02062439369664561 0.01380973574753316 0.2714782504862275 0.006317298235482985 0.03728089755737212
1820 0.2252386150297614 0.008451614210209651 -0.00741779450629988 -0.0007176281423418194 0.02059827326155668 0.0136194624641328 0.2715821886659284 0.006342492875413793 0.03707953654824425
1830 0.2252665223805224 0.008490688907211226 -0.007401334596513249 -0.0007349356211508147 0.02055755273234978 0.01348677453149466 0.2715822883366323 0.006356546860888018 0.03693300514047141
1840 0.2253109200577521 0.008485325401516896 -0.007399142284455367 -0.0007330343201465793 0.02052844906347332 0.01342026580237857 0.2715889951365853 0.006282304630302271 0.03685980910983667
1850 0.2253065924495552 0.008470714720755317 -0.007399789221758969 -0.0007321676596979365 0.02052138696529095 0.01335414491007442 0.2715748228226443 0.006210086384181552 0.03679702191546324
1860 0.2252242908226369 0.008509336790495229 -0.0073907104413479 -0.0007403134238240788 0.0205256237946809 0.0133304603351163 0.2715077215997668 0.006240970295772807 0.03678021342174406
1870 0.2251608392106196 0.008538381105213369 -0.007395702867556368 -0.0007382914453071171 0.02053372265052301 0.0134036444349377 0.2714662624236667 0.006314717374464849 0.03686085386713662
1880 0.2251493906662821 0.008518730746706702 -0.007417769572315701 -0.0007173000122761975 0.0205533285159871 0.01352830149860694 0.2714756754473852 0.006363850659986552 0.03699313696158444
1890 0.2251531112352552 0.008497145235740472 -0.00742400072621731 -0.000704823896002832 0.02057776316308339 0.01357575221573845 0.2714817286236041 0.006390289994342712 0.0370440729408544
1900 0.225133371887467 0.008519311342979749 -0.00741093762292135 -0.0007133639309207506 0.02059004482489313 0.01355287301036375 0.2714466119478702 0.006427182739008849 0.0370199792795711
1910 0.2251514667275439 0.00853319898871803 -0.007407514870553758 -0.0007211838249431665 0.02058885851115015 0.0135362845939934 0.2714605960728042 0.006435011907073195 0.03700868603503971
1920 0.2251952552694559 0.008513033056337107 -0.007414747992683383 -0.0007214612615966348 0.02057993391061974 0.01349205497811158 0.2715171342722591 0.006395092902410109 0.03697827295386144
1930 0.2251738118136317 0.008513401938544213 -0.007411766288780504 -0.0007276451375383608 0.02057741973020535 0.01342079439286111 0.2715099613927049 0.006371637282764354 0.03692203117691125
1940 0.2251156575498291 0.008540326689707882 -0.007403370588995511 -0.0007331256586100808 0.02057936859738062 0.01340695050903258 0.2714577504533917 0.006374868275311096 0.03691393743335295
1950 0.2251060414056109 0.008540274990363653 -0.007409463412420388 -0.0007225128187897935 0.02057652284175715 0.01346450956905319 0.2714435884060568 0.006362026808349866 0.036965138950417
1960 0.2251182467519784 0.008517895468463663 -0.007420840922660027 -0.0007062399771998656 0.02057259598439494 0.01349989417879979 0.2714519619166488 0.006340445202867995 0.03698944126203694
1970 0.2250785686986799 0.008528990518716813 -0.007414901133159094 -0.0007053331394484653 0.02057264456979444 0.01347673250048275 0.2714126972007619 0.006363517223119455 0.03695489095704319
1980 0.2250417605226782 0.008553995727216214 -0.007406851997721521 -0.0007129925501232357 0.02057255996412255 0.01346435549398509 0.2713777542757341 0.006411201037240145 0.03693280767143297
1990 0.2250629744089489 0.008545700405553934 -0.007417380849417263 -0.0007101955856785095 0.02056747703348243 0.01347671222039165 0.2714045860935752 0.006422303431028381 0.0369409210442385
2000 0.2250832340087817 0.008521600485400741 -0.007429127532915328 -0.0007037509016355058 0.02056343922960699 0.01345590783069905 0.2714395018015329 0.006401208777160216 0.0369225666234882
2010 0.2250208096155585 0.00854693921934283 -0.00742145046025653 -0.0007060211313132232 0.02056581266397022 0.01341658364871641 0.2714040372666434 0.006417950075915721 0.03688653939336015
2020 0.2249695732419162 0.008578665715079764 -0.007414571636591292 -0.0007074220494241354 0.02056941777415439 0.0134237491888224 0.2713878159339909 0.006440057073517828 0.03689422432826839
2030 0.2250292636667681 0.008549298286206878 -0.007421104013113543 -0.0007023146243121262 0.02056752954371093 0.01341612641974831 0.2714436710700807 0.006398370010500368 0.03688300822784827
2040 0.2250909678962939 0.008498995288837779 -0.007422582072815437 -0.0007063090045185451 0.02057170298846306 0.01335250167206844 0.2714197395111004 0.006316536539901943 0.03683987862636382
2050 0.2250189880627627 0.008523262637167087 -0.007407106513953525 -0.0007063443713092294 0.02060614070099607 0.01348481674197688 0.2712628549358965 0.006306915864314664 0.03701024193410277
2060 0.2249955307319957 0.008551405225300443 -0.007392327595531641 -0.000690349572519377 0.02064148921645852 0.01379238115206634 0.2712098344672785 0.006332458343660818 0.03731817748079086
2070 0.225072531699218 0.008520871486191363 -0.007402612072822415 -0.0006820267271869412 0.02064003283538945 0.01389641759095663 0.2713280172441701 0.006336073972707389 0.03739706704534016
2080 0.2251559850699791 0.008461895136447285 -0.00741615962759111 -0.0006942647390899299 0.0206296493852785 0.01378781406231691 0.2715008305411312 0.006331460751855787 0.03727344858972337
2090 0.2251916914837654 0.008460083486552273 -0.007407335510470556 -0.0007183992726556058 0.02060008177576249 0.01358375839675639 0.2715690106231513 0.006358294334852816 0.03705650139914118
2100 0.225211338668361 0.008496662606587903 -0.007396709000288964 -0.0007335170488589317 0.02055735659783888 0.01345430857985896 0.271561777408191 0.006359198039725253 0.03691155776928058
2110 0.225255056214489 0.008486090118201029 -0.007402615209832182 -0.000729224982800743 0.02053207707233558 0.01339479358708994 0.271571648884246 0.006282822853329881 0.0368464385802945
2120 0.2252400283377982 0.008473573905818774 -0.007405425795786227 -0.0007270601688134434 0.02053049698682512 0.01332583798849198 0.2715480891249062 0.006224256903893513 0.03677863017507635
2130 0.225146117277412 0.008521064938841406 -0.007393892231149791 -0.0007317241846602578 0.02053736710880176 0.01333551275710184 0.2714661510857287 0.006268481218172735 0.03679034753051175
2140 0.2251064414189022 0.008546231693800959 -0.007398191006134729 -0.0007268944600825139 0.02054512659001322 0.01344595218136738 0.2714359698835751 0.006336862995017255 0.0369021624143589
2150 0.2251287194251746 0.008509723288861569 -0.007421870242537537 -0.0007128665826197511 0.0205637334162408 0.01351935615395637 0.2714673706666488 0.006361918842308503 0.03697848377693636
2160 0.2251214045891311 0.008482752594188972 -0.007432308815216477 -0.0007072886330523503 0.02059159028772185 0.01352345096541217 0.271476909662587 0.006385107133091101 0.03698907368421912
2170 0.2250657936722551 0.008520238270672713 -0.007422724082571779 -0.0007087117422960593 0.02060433449246322 0.01354110662867116 0.2714380707064125 0.006444020599296362 0.03701403919807702
2180 0.2250456512053174 0.008553611225953942 -0.007421877880376114 -0.0007035201348593458 0.02059546681797043 0.01358019550151938 0.2714393688340619 0.006470866681681813 0.03705960224978649
2190 0.2250713110171371 0.008529461445759447 -0.007433642475993561 -0.0006971786315900366 0.02059083887012759 0.01354781697578693 0.2714953395243337 0.006427815905130967 0.03703300256514346
2200 0.2250668173479822 0.0085192632524947 -0.007426210265944705 -0.0007064003431052065 0.02059428360678041 0.01343434622526076 0.2714900779497827 0.006390545310000655 0.03692181744691035
2210 0.2250351311154725 0.008551179379196061 -0.007403778171009682 -0.0007231311576965722 0.02059286285460957 0.01338162971687198 0.2713869785191289 0.006375532357065998 0.03688578756973529
2220 0.2250239622478582 0.008558575988787284 -0.007405731540222043 -0.0007133645545118759 0.02061148204307803 0.01356905276863658 0.2712882634633454 0.006341314176155747 0.03710108538735511
2230 0.2250738650155462 0.008514773519582113 -0.007416846935790341 -0.0006858559577382915 0.0206478258764964 0.01382382101725663 0.2712962012443685 0.006285944141845711 0.03735291710073051
2240 0.2251138549083554 0.008492136501703581 -0.007412386727563573 -0.0006873540202180686 0.02065216320169583 0.01385569011547059 0.2713544039427858 0.006289292244333756 0.03734998676467752
2250 0.2251391673261119 0.008505737523371004 -0.00740284024982006 -0.0007086752872577375 0.02062371438499529 0.01377866801676876 0.2714329380450489 0.006358593859647011 0.03724403525474575
2260 0.2252327880028126 0.008485041826418993 -0.007406166880165748 -0.0007201375538999518 0.02057902155505498 0.01365605779084222 0.2715448423321728 0.006367981239500181 0.03710399614350852
2270 0.2253296418727416 0.008440166074745624 -0.007409876709033324 -0.000729943322855359 0.02054669040511977 0.01346066138716573 0.2716139907187107 0.006286766768328105 0.03689606520474194
2280 0.2253094469322887 0.008462826728057225 -0.007394192932414718 -0.0007458631758665968 0.02052739427967996 0.01328918296248591 0.2715677974481505 0.006235898890431122 0.03672254798413335
2290 0.2252410855094884 0.008523065231233964 -0.007382394321561536 -0.0007543210959432403 0.02050791907128413 0.01325748668572792 0.2714993578384026 0.006251329048333097 0.03669636921804104
2300 0.2252188648650023 0.008519795684413916 -0.007402151413207128 -0.0007436359877258723 0.02050619735723197 0.01330916848387462 0.2714983035230073 0.006263618079722474 0.03675988353307928
2310 0.2252046154710292 0.008471888166713031 -0.007426719540874595 -0.0007242369372684477 0.02054064839967224 0.01338835692440905 0.2715157042744603 0.006267926013825226 0.03685078057470537
2320 0.2251856610705826 0.008466121782173963 -0.007423190753099674 -0.0007148508861428611 0.02057704252510527 0.01347453469280523 0.2714990152026139 0.006314391705339741 0.03693640842401807
2330 0.2251700867850323 0.008515752691199242 -0.007405707912281596 -0.0007147096844138282 0.02058216488362415 0.01356222130641089 0.2714656306803748 0.006400681936008395 0.0370166009216863
2340 0.2252104036722181 0.008522411445538088 -0.007406138342811396 -0.0007180368224582616 0.02057740370358223 0.0135688910423546 0.2715044039592837 0.006427159650718447 0.03702767204295009
2350 0.2252457766307477 0.008479798043677701 -0.007413508791454082 -0.0007277284734399679 0.02058544607750917 0.01345289102816298 0.2715628161256432 0.00638373420402739 0.03693246518454806
2360 0.2251836803203323 0.008503949938763175 -0.007404360910153086 -0.0007382166635318888 0.02058887761560315 0.01337033584891863 0.2715261887303111 0.006383843290388364 0.03687283686088246
2370 0.2250995804563378 0.008569401146374087 -0.007393543666503679 -0.000733862241129751 0.02057139486285385 0.01341971499670921 0.2714521433506612 0.006412181072405172 0.03693287376130303
2380 0.2251008708630183 0.008554977987529879 -0.007406447919894612 -0.0007168058168564645 0.02056337865288694 0.013477736907361 0.2714509721695231 0.006369730213105277 0.0369874565819097
2390 0.225126935159061 0.008494330263303538 -0.00742256734537717 -0.0007077789525479927 0.02057735063826276 0.01344630363762545 0.2714736206625499 0.006301397030778272 0.03694642552013001
2400 0.225097129321639 0.008502184903317177 -0.007419324852085139 -0.0007123370559500068 0.02058108004159592 0.01343036352672848 0.2714430898267078 0.006324910696941187 0.0369180508685482
2410 0.2250465690735069 0.00856301253566377 -0.007410996291717378 -0.000713181393329691 0.02055940664485131 0.01349090485732609 0.2713948002207738 0.006419779675218327 0.03696770576312934
2420 0.2250593349037303 0.00855449149631107 -0.007418807532206693 -0.0007069258703811288 0.02054832310928015 0.01349792405634996 0.27141993652861 0.006435268504721724 0.03697102155298064
2430 0.2250665880353011 0.008507056983621409 -0.007426875686875192 -0.000704345127970788 0.02056352514696736 0.01342227134897022 0.2714458672298423 0.006388473554625484 0.03689818121743461
2440 0.2249959617303644 0.008542035573488288 -0.007418497065138845 -0.0007048585357868521 0.02056948858151561 0.01340052267176269 0.2714019335985194 0.006408511946739079 0.03687810944400662
2450 0.2249332117585029 0.008611990915619793 -0.007408744071380914 -0.0006995926574288062 0.02055122166160478 0.01346027173684812 0.2713644737827189 0.006464294108516172 0.03693038781622212
2460 0.2250126386346318 0.008569468858206569 -0.00741283833828153 -0.0007006228746639766 0.02054470087868967 0.01340640216297486 0.2714057056743923 0.006403287814168536 0.03687258332464241
2470 0.2250700613764241 0.008492262468750204 -0.007419422874064937 -0.000710660057668166 0.02057177899649321 0.01332977984832675 0.271359850730031 0.006287705079063782 0.03683131275013977
2480 0.2250283961680533 0.008511717767322808 -0.007412479741415461 -0.0007034820444051617 0.02061628778215868 0.01357715166481105 0.2712495134270094 0.006285875122325117 0.0371086009529003
2490 0.2250211654386653 0.008568790747744066 -0.007397248778557314 -0.0006861264965824178 0.02062228021264607 0.01388590600208237 0.2712306880694411 0.006358688944519192 0.03740231075870267
2500 0.2250764927889848 0.00854491604673868 -0.007400305850146589 -0.0006898049917778776 0.02061042497698453 0.01388360886277949 0.2713535829319187 0.006381420767169712 0.03737446760632746
2510 0.2251744989792404 0.008458601889877329 -0.007409587356211649 -0.0007077371387633436 0.02061424179759734 0.01369661324688338 0.2715312843981659 0.006342761872550169 0.03717718244756126
2520 0.225240650451423 0.008448965842442162 -0.007404941639904132 -0.0007267824626205993 0.0205839924903358 0.01349993799913218 0.2715967985503694 0.00632770289146522 0.0369666126952557
2530 0.2252452358106827 0.008515742465274151 -0.007389977870586501 -0.0007360300239193987 0.02053063545433782 0.013414459776369 0.2715568795744552 0.006329296899850656 0.03686643852330816
2540 0.2252405682053542 0.008527935803934435 -0.007383979389465552 -0.00073688482536034 0.02050717688942303 0.01335183945260869 0.2715248624907999 0.006272938519862151 0.03680167450056224
2550 0.2252424084995827 0.008478271851972686 -0.007394079908664816 -0.0007387796381268983 0.02052266292832561 0.01327129876088996 0.2715355354385488 0.006197516208205399 0.03672785940800487
2560 0.2252094781080768 0.008469322186803746 -0.007406059019670915 -0.0007363652580979268 0.02053622238801653 0.01330395481701406 0.2715251917505035 0.006219139490195069 0.036768565685427
2570 0.2251324714750836 0.008522745573785632 -0.007411010705800977 -0.0007241555643302794 0.02053606074844496 0.0134430094992778 0.2714645688559705 0.006341049559739389 0.03691233984976178
2580 0.2250921701455332 0.008539043474272706 -0.007408726429582685 -0.0007120011224030977 0.02055166003025493 0.01352720536700036 0.2714278723991863 0.006416573620625731 0.03699704414993114
2590 0.2251231460804075 0.008494958279578094 -0.007411147530849877 -0.0007108350245501782 0.02058510950059974 0.01350268374810897 0.2714491869490499 0.006399289835933459 0.03697308630744474
2600 0.2251655757638205 0.008481616842457259 -0.007417093402734521 -0.000715308576811868 0.02059929438607714 0.01348488070459842 0.2714865415871809 0.00638310827277201 0.0369616182683954
2610 0.2251682972703719 0.008526365184546168 -0.007413373440411776 -0.0007216293978955632 0.02058139508360042 0.01348363833776624 0.2714937023823936 0.006408813512813289 0.03697000775534952
2620 0.2251283735611906 0.008565962865986439 -0.007401663516225517 -0.0007293083479880365 0.02056749312448498 0.01344890372431047 0.2714628626763477 0.006425431940592802 0.03694651107510696
2630 0.2251159252021037 0.008541345522024268 -0.007402426742620637 -0.0007305926049647883 0.02057913454236478 0.0134155364344795 0.2714605471003456 0.006376854119759896 0.03692170837180235
2640 0.2251318157208913 0.008503699637914733 -0.007416364172718687 -0.0007212267590079411 0.02058799240516828 0.01343831468825703 0.2714783380128305 0.006324329707434911 0.0369434919487961
2650 0.2251231101316205 0.008508727768025756 -0.00742382882120204 -0.0007118826708110253 0.02057964008964788 0.01347815485797708 0.2714661804078708 0.006328748719788226 0.03697345777108258
2660 0.2250648913884256 0.008550734533655888 -0.007412232252054494 -0.000709820810582519 0.02056796345740501 0.01348876488118475 0.2714062378814381 0.006381980696747606 0.0369716389212712
2670 0.2250393063674739 0.008558476944705276 -0.007406260436941907 -0.0007092775352325122 0.02056698404669384 0.01349126991094671 0.2713836286013234 0.006410424369935908 0.03696435152824896
2680 0.2250744252132779 0.008525372362913931 -0.00742146132946731 -0.0007048005518706131 0.02056965684991078 0.01349166567067876 0.2714266064711531 0.006396276482927654 0.03696075741276927
2690 0.2250863887564224 0.008512063689665028 -0.007432310243350809 -0.0007033139267330496 0.02056679826042427 0.0134636451403232 0.2714539210956404 0.006389192660370043 0.03693391104399071
2700 0.2250146716066623 0.008559690773373613 -0.007421738337487297 -0.0007064208036000878 0.020560395724399 0.01344148035560766 0.2714087440391579 0.006433819573511567 0.03691318340153699
2710 0.2249703651186199 0.00858843478823537 -0.007414530849758802 -0.0007031527811667838 0.02055756518656324 0.01345827529996644 0.2713979256912119 0.006454326317256155 0.03693041390287446
2720 0.2250482699750261 0.008541485615944611 -0.007422008140226986 -0.0006987910037757212 0.02055675420598761 0.01343395098442514 0.2714612300062185 0.006387692566328149 0.03690593341684181
2730 0.2250854185393951 0.008509587288371772 -0.007420319643572094 -0.0007061186224767369 0.02056452422594382 0.01338381981314261 0.2714046994428484 0.0063176733860775 0.03688168526106665
2740 0.2249967462946378 0.00855623010310687 -0.007401616291776805 -0.0007038129494416858 0.02059939034104014 0.01356740019631798 0.2712375115093327 0.006332331047176344 0.03709848357296871
2750 0.2249937855399138 0.008569507533622053 -0.007390629943845415 -0.00068557150992042 0.02063089588889186 0.01385637885215605 0.271214258048272 0.006349413896769293 0.03738065125936883
2760 0.2250772372781255 0.008522937092328349 -0.007404999180625851 -0.0006802771938267428 0.02062973987378814 0.01391435723946772 0.2713517846222435 0.006343376988481359 0.03741391590970553
2770 0.2251468280959007 0.008483725127398953 -0.007413809014062516 -0.0006976685037111428 0.02061712188702232 0.01378791472016999 0.27150635770242 0.006359041005357594 0.03727363659728886
2780 0.2251788494030072 0.00849481764773077 -0.007403457843970786 -0.0007231689613974931 0.02058373343736397 0.01358516868056553 0.2715566969680836 0.006391775226594083 0.03705606807328658
2790 0.2252125913914989 0.00850741892325268 -0.007398351830756942 -0.0007329947239716192 0.02054813688093017 0.01345463348465158 0.2715586827894572 0.006361575329133443 0.03691149301991577
2800 0.2252435999393679 0.008487074114707846 -0.007403091133131581 -0.0007266191926140907 0.02052871789749936 0.01338459185316376 0.2715586022019127 0.006273907352685766 0.03683826821319402
2810 0.2252022253890737 0.008496829880426195 -0.007399984002704434 -0.0007280999932756229 0.02052706056423135 0.01332831040333541 0.2715117771769539 0.006241598331961631 0.03678296738451502
2820 0.2251374109815482 0.008529879945845229 -0.007394983831929646 -0.0007328943499191432 0.02053669728787729 0.01335569328842451 0.2714594992995875 0.006278794014717909 0.03681194664980584
2830 0.2251244242298836 0.008529502407805546 -0.007406139507447564 -0.0007234435473960547 0.02054782117514662 0.01345776369834167 0.2714568719322942 0.00632590417560532 0.03691610232971344
2840 0.2251251634514276 0.008505417084201822 -0.007423533786433447 -0.0007098533663347922 0.02056432094132372 0.01352726425172359 0.2714671504808083 0.006364775674815493 0.03698913315363768
2850 0.2250783254949282 0.008515035184055915 -0.007422128759651527 -0.0007076519261624757 0.02058711767926744 0.01353994889942366 0.2714353900010215 0.006422098502747386 0.03700786023740735
2860 0.2250439892268097 0.008539390241674672 -0.007416127173861792 -0.0007093691122771834 0.02060204395585386 0.01355381629845893 0.2714151601421659 0.006463621697217777 0.03702793858498172
2870 0.2250565223582168 0.008541269456784954 -0.007424321829789558 -0.000702257493290521 0.02059914973400902 0.0135647070173018 0.2714494055149618 0.006455092312737778 0.03704573293523951
2880 0.2250641678860117 0.008529690477101079 -0.007432495169741317 -0.0006982817982902088 0.02059242415481558 0.01352300831787189 0.2714885785275241 0.006422433630182005 0.03701046189435976
2890 0.2250360609260537 0.008545445669153122 -0.007420264793572492 -0.0007099136498984701 0.02059114101233664 0.0134323519297418 0.2714618223105222 0.006414123124761541 0.03692106879533398
2900 0.2250477695482399 0.008546539334005001 -0.007408199335771096 -0.0007238910160045459 0.02059324943838708 0.01338379330280653 0.271405817993529 0.006372517363585204 0.03688679744891597
2910 0.2250596106048202 0.008527058083674977 -0.007415641519672092 -0.000710786781440678 0.02061409546239575 0.0135449952429562 0.2713309390768145 0.006311943309842647 0.0370759264888325
2920 0.2250695117567046 0.008510935264351462 -0.007416425017623108 -0.000685763636788862 0.02064684857703011 0.01379927383476155 0.2712965992867433 0.006282926232881323 0.03732958730131508
2930 0.2250613440605414 0.008528675864455309 -0.007399283726422301 -0.0006885667059588307 0.02064824649706543 0.0138588920989335 0.2713012937003031 0.006324707730857991 0.03735444699675126
2940 0.2251144202254215 0.008517219069740333 -0.007397322458023007 -0.0007077008680314513 0.02062820969686166 0.01378350278099558 0.2714081813226422 0.006368593682799673 0.03724988919182597
2950 0.2252391527637977 0.008461734942885086 -0.007410931685732413 -0.0007172524207664017 0.02059399610367764 0.01363795005558816 0.2715567308135094 0.006345724431371904 0.03708811185920012
2960 0.2253088865496734 0.008440435404656346 -0.007408947275707663 -0.0007307946672808099 0.0205579477126553 0.01343728484851396 0.2716011913950216 0.006292191013080218 0.03687472205302072
2970 0.2252783114140209 0.008481284951296018 -0.007389510122614715 -0.0007491800098354172 0.0205319423346093 0.01328599610207226 0.2715412672893271 0.006261914219236526 0.03671967669997456
2980 0.2252621498373974 0.008499064757068924 -0.007388776994480273 -0.0007534937793677127 0.02051722301711167 0.01325301163411753 0.2715241677259765 0.006231860674744633 0.03669251668216014
2990 0.2252624779367094 0.008471749049733914 -0.00741049637610872 -0.0007407068365676444 0.02051772900460727 0.01328242174996727 0.2715448644315824 0.006214008545662289 0.03673381980410228
3000 0.2251953867640577 0.008468037432416947 -0.007421074163147771 -0.0007268613178073417 0.020542974977577 0.01335651292681029 0.2715085785298663 0.006260056280191369 0.03681981532167576
