"report"
"Iteration" "cd etc.."
("Iteration" "cd" "cl" "cmx" "cmy" "cmz" "cx" "cd-scale" "cl-scale" "cs-scale")
10 0.2028671051483189 0.009292296867750953 -0.002620441079644105 -0.004257907481727137 0.01826629452702894 -0.001354495557574264 0.2375866465431397 -0.006948784265969416 0.02243843302480315
20 0.2547382182220341 0.00110284372693905 -0.009136547572009447 -0.001259883847674589 0.02470028053897994 0.007759609266827552 0.2993175195256514 -0.01884866836449629 0.04280512441016912
30 0.2551553484327634 0.004031129302053775 -0.01113568383097372 7.702338618333443e-05 0.0235025436085509 0.01206038100273837 0.3022676642835089 -0.01240379521246449 0.05014658336448282
40 0.2502130063753295 0.0051083562326596 -0.009803040053951976 1.27477746167583e-05 0.02094140719182199 0.02111177971519403 0.2964610209743395 -0.002937503053644001 0.05856249099630502
50 0.2434573012296437 0.005405786972015552 -0.009773760007648045 0.000691699269514653 0.01929817895773243 0.01942348802338503 0.287557662433521 -0.005809679870558741 0.05445098477877894
60 0.2392709160494419 0.005621083685504031 -0.009458496794226419 0.0006071294330023331 0.01876966273898348 0.01863549257604194 0.2829704258747845 -0.007006478285720429 0.05323979750182856
70 0.2378908089906501 0.004542549027730034 -0.009698649177756404 0.0004774664631336715 0.01839393552032912 0.01620474439796317 0.2819134527615018 -0.009956938134122316 0.05110071183398886
80 0.2375596425916263 0.004478122806425739 -0.009748211542574211 0.0006188880666095093 0.01818747991237106 0.01292446007633616 0.2820284536013185 -0.0101752204339357 0.04828250819890742
90 0.2379981359025395 0.005338434414388235 -0.009744404496245461 0.0008224941302017602 0.01839354874985063 0.0113617933870217 0.2825589788463285 -0.007587888517248727 0.04695453197637671
100 0.2380925171378225 0.007060771492061266 -0.009816075191612143 0.0008652163544923188 0.0188587101328406 0.01126250939297294 0.2821544007109096 -0.004132343344228135 0.04650805912670513
110 0.237879105994737 0.008704100982456713 -0.009976494526440307 0.0008548418153645542 0.01935228042748436 0.011958580341995 0.2809886830400577 -0.001669503143787829 0.04637508947051744
120 0.2375617116636275 0.0100008688901945 -0.01004366566881146 0.0008306506599523751 0.01982755132397818 0.01227231564476667 0.2796324933781548 -0.0004971317217142161 0.04577785021534565
130 0.2370832817107262 0.01118770933208977 -0.009869942648919976 0.0007771858970706699 0.02032478317853347 0.01218716141591436 0.2783846933920178 0.0003681811532770268 0.04500345380166446
140 0.2365754441917064 0.01242701493417871 -0.009699840776630888 0.0006940344657333971 0.02072476824700795 0.01266676782709008 0.2775182716226909 0.001509943377734771 0.04516603819682692
150 0.2362903566496257 0.01368649286692311 -0.009650849913102241 0.0006191750353094903 0.02107224640406947 0.0133110941021694 0.2771123048600052 0.0028093731353573 0.04567933970420127
160 0.2361037406346726 0.0144216422780498 -0.009632029019432846 0.0005654597031298498 0.0212914472036866 0.01376578631104603 0.2768251185984472 0.003676300866783128 0.04598886531472312
170 0.2360251304613652 0.01464918117042337 -0.009688314331611736 0.00054914601626733 0.021374148344121 0.01360072188934604 0.2766162764996953 0.004107489262279786 0.04564387863589088
180 0.2358286057705151 0.01471101063821547 -0.009706469327067559 0.0005182721093395709 0.02157736899396401 0.01300631078288208 0.2762469096199609 0.004419944168912548 0.04482753272047942
190 0.2355528618483332 0.01457973384879103 -0.009648910865083052 0.0004689295130224559 0.02177126135374853 0.01242101058438066 0.27580655612179 0.004563943581081716 0.04401882365702314
200 0.2355335158081275 0.01440299346397437 -0.009676097767282439 0.000422585658632993 0.021893043156307 0.01209272115459245 0.2756767157286662 0.004646416545308755 0.04350459985929861
210 0.2354888782731435 0.01436016390742316 -0.009662041227322586 0.0003995096846287478 0.02190254125743897 0.01209606113313324 0.2755689537352909 0.004818704293027595 0.04337365851432516
220 0.2354144599466249 0.01434070820706134 -0.009632457258069837 0.0004053954364110679 0.02174759942157174 0.01257458913687313 0.2754445584547517 0.004997714820288811 0.04375335015131498
230 0.2354151722494094 0.01434232793141748 -0.009619687442398337 0.0004220087993971597 0.02165473265606092 0.01292273746703323 0.2753980509935667 0.005209815849282469 0.04402618958919992
240 0.2352740131324499 0.0143097212509624 -0.009509292739528391 0.0004290417725893885 0.02163866272818742 0.01302123293157622 0.2752228216396971 0.005394488324517973 0.04407745638801932
250 0.2353349190772445 0.01412453268912687 -0.009471320566971246 0.0004385899506270227 0.0216089927136042 0.01321037617509779 0.2752833405893896 0.005421169602973982 0.04425341141953036
260 0.2355295655713321 0.01396281772237177 -0.009495280467042932 0.0004507076100182552 0.02160114973087517 0.01350582947435942 0.2755057823102634 0.005431069866155517 0.04456145795188345
270 0.2353725348240082 0.0139438553218347 -0.009429963745601953 0.0004649355049334076 0.02149853948607328 0.01412548482784386 0.2753727123244863 0.005515325053888614 0.04519026471452266
280 0.2350860796795756 0.01410571984353247 -0.009371646949540263 0.0004765410004988977 0.02142248640330323 0.01473563407717835 0.2750812923080685 0.005730995205927679 0.04578284564645185
290 0.2347684694496017 0.01421689724276278 -0.009251040825920607 0.000479637795264631 0.02150919111075998 0.01492326637166404 0.2747271831342317 0.005886975937936011 0.04592304755095566
300 0.2348708985454617 0.01398727435050896 -0.009194828119964523 0.0004943323820053295 0.02160315281745982 0.01501507040128378 0.2747854176022774 0.005728441639014157 0.04595927778335985
310 0.2353268431459858 0.01381319306556037 -0.009269000004315509 0.000534226774144096 0.02170082614429287 0.01505874832637559 0.2752111593673178 0.005623232004482788 0.04595922630357062
320 0.2354106807732154 0.01387892829724507 -0.009248894927097661 0.0005681083321576027 0.02171810208340571 0.01526575801600828 0.275262530343554 0.005724636824645163 0.04611831018253449
330 0.2350924189744775 0.01416959601383706 -0.009180220327790072 0.0005857674526170931 0.02163957205436017 0.01562144424277099 0.2748924512793859 0.006026271986698405 0.04640174842724506
340 0.234641480984419 0.01439801880548671 -0.009076971119059233 0.000590148117342333 0.02167592057830828 0.0156458456079546 0.2743733296354878 0.006268952321800848 0.0463313110804678
350 0.2346108705837277 0.01410932513918839 -0.009021246391638298 0.0005905762780074031 0.02174083467927129 0.01555172500101368 0.2742872567842392 0.006029973267254923 0.04615174312888583
360 0.2350348847098712 0.01377837194393168 -0.00912136482522276 0.0006227279410817637 0.02178717901216948 0.01547942415898352 0.2746868265960025 0.005755592320543024 0.04602443795322354
370 0.2352745879958867 0.01374210802926846 -0.009180049793000831 0.0006508383218552347 0.02180867599700794 0.0154564502488128 0.2749111015465901 0.005748509098300225 0.04595703795934907
380 0.2350387001637125 0.01396667815387902 -0.009143575863923696 0.0006498423863759906 0.02170351930728493 0.01571628133127437 0.2746472233149247 0.005981783718673687 0.04616128434653234
390 0.2346473080938273 0.01425313444929829 -0.009095948040330678 0.0006359949925424292 0.02166452787132397 0.01584063633522217 0.2742122046372421 0.006268745638283342 0.04621339749758747
400 0.2345168859789405 0.01409037046230168 -0.00904261965948043 0.0006304190051606291 0.02170670497496276 0.01577511533484268 0.2740415779066389 0.006123776981979349 0.04607937339924819
410 0.2348814544239524 0.01375628312593278 -0.009122201501368287 0.0006613249580288733 0.02171981956382637 0.01571313934646211 0.274391944710251 0.005820399483261708 0.04597915899334682
420 0.2352442321782547 0.01371286064190553 -0.009229206368604732 0.0006994872088278848 0.02177189188815326 0.01546673319958187 0.2747541345115186 0.005786693517431535 0.04571309966450624
430 0.234983923978308 0.01395214175094256 -0.009177852592939689 0.0006984553176056352 0.02174227665110123 0.0153921800991076 0.2744830501832344 0.006010218996404041 0.04561261241523965
440 0.2345390684132503 0.01427865414274052 -0.009113699435651931 0.0006692321676528613 0.02169646130308915 0.0154846141704161 0.2740120713771902 0.00631119188871202 0.0456648070396818
450 0.2344813454612233 0.01416066027667117 -0.0090935260417626 0.0006436235300637864 0.02175062551844898 0.01546724537963865 0.2739257437617961 0.006187688230642242 0.04560631856495253
460 0.2348385809894986 0.01379263716869897 -0.009147390593042386 0.000671402488995737 0.02175707715289538 0.01550152056901055 0.274273699309609 0.005834697228074106 0.04562368274377641
470 0.2353268974397721 0.01370510995207512 -0.00928129840891786 0.0007252894093820098 0.02177916260412982 0.01532143722081943 0.2747660211585254 0.005751453355840679 0.04544210472568152
480 0.2351807032894888 0.01395083822608719 -0.009251687299981024 0.0007308890504682937 0.02179870561679638 0.01503106433160301 0.2746211499335258 0.005977906543302376 0.04514436665405176
490 0.2346578155069441 0.01429239228793089 -0.009149371443298464 0.0006901912830428849 0.02173568340749714 0.01509133598643378 0.2740878555445154 0.006283727877232683 0.04518265709371048
500 0.234582523550663 0.01422844159296378 -0.009153218783317476 0.0006514432300914307 0.02174929959810776 0.0151710733354008 0.2739956961893234 0.00620418311682018 0.04523647973075454
510 0.2348619287728368 0.01389663944079693 -0.009193968334116445 0.0006691149039879846 0.02174228706058318 0.01525690027804843 0.2742670636272245 0.005889287724665931 0.04531200946756427
520 0.2353176473299045 0.01378294733370971 -0.009317665361858539 0.000725718457230843 0.02171329480815339 0.01519317406015153 0.2747248359517996 0.005797531924363762 0.04524968563066135
530 0.235266703840649 0.01401437701456362 -0.00932031099779344 0.0007404587438974073 0.02177002488635653 0.01475845064351618 0.2746780777993719 0.006031649222478539 0.04481227162972535
540 0.2347063829151362 0.01430757370720302 -0.009181785207130273 0.0006966719038679193 0.02174644791011269 0.01468052471463601 0.2741182297666255 0.006302403946693293 0.04472326653273798
550 0.2346350349151472 0.01423764499798045 -0.009192332318365288 0.0006494994180171367 0.02173012723769039 0.01486365266257365 0.2740415433704286 0.00621738344663676 0.04489442654205833
560 0.23488525422728 0.01397029006254879 -0.009238752823325536 0.0006580438720041454 0.02171972745870827 0.01503652402458858 0.2742873449570761 0.005961189382214173 0.04506523842610764
570 0.2352369489539219 0.01385027361023136 -0.009320270003962844 0.000711099460397246 0.02164425412616784 0.01514192133531171 0.2746364853223445 0.005865327465871133 0.04517311349265917
580 0.2352720164434096 0.01405443350964776 -0.009350332832903823 0.0007344601382580084 0.02168605465180243 0.01476518383393489 0.2746728608051575 0.006084301153070363 0.04479400085389557
590 0.2347931674128739 0.01427850565145966 -0.009213118217805209 0.000698948085302873 0.02172182310120779 0.01451785241348654 0.2741988779466898 0.006298349984885196 0.04454029448717507
600 0.2346954968765802 0.01417434354566937 -0.009207053696864856 0.0006554148607996083 0.02168807600744679 0.01472950247873424 0.2741044260805875 0.006180954931085433 0.0447486990557641
610 0.2349344776883092 0.01398495702313035 -0.009275007554351067 0.0006581600350298038 0.02166640571449112 0.01497799123593716 0.2743410465741259 0.005994461350804423 0.04499906703216019
620 0.2351375210190203 0.01389770117704871 -0.009312256507891106 0.0007011335612022286 0.02157695639135259 0.01516067644958325 0.2745344105825438 0.005925852443654778 0.04517966256942833
630 0.2351681714331003 0.01406424525926192 -0.009342878051727106 0.0007284230334623495 0.02157555604218731 0.0149268693470018 0.2745562155931328 0.006111115177281377 0.04493558382398414
640 0.2348347376949198 0.01420814386072121 -0.009238839399244719 0.0007077584565267541 0.02166608006455551 0.01452982710295431 0.2742238875236999 0.006255004131794635 0.04452834215542342
650 0.2347471544987413 0.01403168136060402 -0.009211350181588075 0.000673456589344997 0.02165002320015843 0.0146262831411569 0.2741435877460457 0.006068892352028381 0.04462529090698996
660 0.2349837981957865 0.01390469453853486 -0.009298340433071933 0.0006751499903603048 0.02160378042451576 0.01491399663501305 0.274380713370336 0.005935001397365548 0.04491805253752777
670 0.2350607677863958 0.01389922282010651 -0.009312157352803874 0.0007042978091047499 0.02152216683603027 0.01509611529674454 0.2744420036594711 0.005935583746685446 0.04509344955513735
680 0.2349931713147387 0.01404924451353998 -0.009311114767789527 0.0007259398098987952 0.02147124652064711 0.01501455570510974 0.2743543550266791 0.006100163976160677 0.04499258287183022
690 0.2348182010797097 0.01411185476283327 -0.009256361162607019 0.0007179851153710321 0.02157153047877107 0.01460227031324918 0.27417116998519 0.006170184808597547 0.04456277365528078
700 0.2347954318123752 0.01386326547261423 -0.009223606803772396 0.0006980477389321762 0.02160364507375657 0.01448999295062174 0.2741557379921905 0.005920952425756604 0.04445019308884493
710 0.2350118010221189 0.01376128612363871 -0.009309678598898297 0.0007033482659977897 0.02153419708007973 0.01475711692218634 0.2743751477119346 0.005809684658890172 0.04472368849633055
720 0.2350126898325166 0.01385715928462677 -0.009324926161096087 0.0007203834302616782 0.02146508820694195 0.01488044655858873 0.274358030694593 0.005902981546626974 0.04483692091356323
730 0.2347902647431762 0.01401926963043153 -0.009271902916420797 0.0007305622751701606 0.02138193091321321 0.01486176846699159 0.2741071303887566 0.006075171230715995 0.04479110545187662
740 0.2347317992327956 0.01399738426403207 -0.009256250534147472 0.0007313475863877476 0.02143889562692848 0.01453972793971435 0.2740306014572351 0.006068996130521049 0.04444334221009824
750 0.2348376913505893 0.01369491844693711 -0.009249296028813987 0.0007310728888894952 0.02151358176098114 0.01420802594082385 0.2741394284407858 0.005781292720986986 0.04410702702564859
760 0.2350232645374926 0.01357621846126899 -0.009319408946288242 0.0007472670220067765 0.0214303934066594 0.01432153393259736 0.2743294180723822 0.005660848139030381 0.04422611085421704
770 0.2349664410393446 0.01375323094018155 -0.00935441115879734 0.0007579801728196817 0.02134909557865061 0.01434191054313184 0.2742546866882286 0.005831888728392885 0.04423431569148766
780 0.2345656398319123 0.01395385844933299 -0.009268114382390476 0.0007535518680395584 0.02124633543032231 0.0142720803963586 0.27381945483549 0.006037154794036868 0.0441310662075171
790 0.2345108001789788 0.01385158396671528 -0.009274553602479781 0.000756783478990557 0.0212168822547742 0.01405258788992709 0.2737354220996878 0.005955746163379506 0.04387684428191697
800 0.2347567373684152 0.01350505566340192 -0.009324737288339671 0.0007762296936580876 0.02128420937654708 0.01359559195301952 0.2739742806920012 0.005639052170003519 0.04340742415301366
810 0.2349343962598196 0.01333985197942812 -0.009376405799860911 0.0008066145477898564 0.02121338770856838 0.01350122583440052 0.274151771819605 0.005486297026712312 0.04331274435201985
820 0.2348502730578674 0.01353213599576502 -0.00941964315170611 0.0008128681915977909 0.02112412910152104 0.01347985511355394 0.2740474599039152 0.005676522472165399 0.04327378958758519
830 0.2343584157290299 0.01377594932895309 -0.009313434590716678 0.0007880446286785065 0.02106365029127705 0.01345048791305711 0.2735132823345079 0.005922698106444841 0.04320166448964485
840 0.234253458894203 0.01362059154373366 -0.009291956007001704 0.0007752187191903922 0.02102306761595671 0.01352381347065561 0.2733614788927287 0.005793065873661198 0.04322558833709966
850 0.2346332986985279 0.01326867558702955 -0.009380244383999913 0.0007971274147024874 0.02110630279733377 0.01332704705129275 0.2737115140824625 0.005486039205022189 0.04299906794587315
860 0.2348575990705812 0.01312623487570229 -0.009412426802440471 0.0008340643528558227 0.02111593321810418 0.013193613239913 0.273916555250067 0.005374286637997487 0.04284983493556574
870 0.2347528057128685 0.01336186321698179 -0.009431798306674476 0.0008375634339676521 0.02106076435426912 0.0131892982442116 0.2737816498520316 0.005615947113838077 0.04281797390705104
880 0.2342463367314645 0.0137122756699791 -0.009325654541580011 0.0007984181167185271 0.02105402468342237 0.01318819574786704 0.273224749629271 0.005963906877448739 0.04276602694498029
890 0.2340475307301944 0.01359511889418706 -0.009263881435737979 0.0007710067706349463 0.02100972649692186 0.01339108059079489 0.2729643531175731 0.005867489400721775 0.04290795409965017
900 0.2344691355804129 0.01327390739451482 -0.009374556875319962 0.0007957495130204217 0.02103377876206347 0.01341119834837723 0.2733341260306543 0.005593998370340844 0.04288174739522189
910 0.2347620745502799 0.01315302679327403 -0.009422459122451605 0.0008430291717611174 0.02107071608110392 0.01321074496277991 0.2735860950284559 0.005515568793232624 0.04264633761893041
920 0.2346310167095521 0.01336062252970037 -0.009413590363302854 0.0008543882672984354 0.02103415194630103 0.01307744557194654 0.2734129341154454 0.005740305371104138 0.04247028183247838
930 0.2341542017803772 0.0137164116000653 -0.009330010822095216 0.0008125884434575672 0.02104785025351097 0.01302270321907974 0.272880263996287 0.006094826071316633 0.04235472568659891
940 0.2338917115143899 0.01362766399520615 -0.00925057578978597 0.0007710843974822033 0.02102845472889695 0.0132322690472613 0.2725459713015674 0.006025472692660087 0.04249220989945612
950 0.2342442832821447 0.01333773379577848 -0.009351112654933505 0.0007897010020774646 0.02099166042358256 0.01347403872951399 0.2728257878038846 0.005786811622187383 0.04266984274319426
960 0.2346022035231436 0.01324374648950792 -0.009432632128931242 0.0008399965528427484 0.02102595617520035 0.01334457968186007 0.2731173829651322 0.005748012355227239 0.04248352368208348
970 0.2344521640569549 0.01342087362044638 -0.009393186399845222 0.0008596752412669494 0.02102443782197063 0.01309648764057233 0.2729058700518641 0.005959203745786724 0.04217291422163851
980 0.2340302395045117 0.01372719439203876 -0.009323295163974172 0.0008250898210048767 0.02104642150594644 0.01296971596787355 0.2724158151754423 0.006275488950189673 0.04197049930692225
990 0.2337864232204569 0.01366816529109256 -0.009254707270990906 0.0007770211236067893 0.02106613033605 0.01309476224493514 0.27208578069368 0.006239876847409761 0.04200994816824824
1000 0.2340011051135425 0.01343597725864092 -0.009315050218489739 0.0007863013545092487 0.02098634667451772 0.01346991805067352 0.2722003561732877 0.006061670618421918 0.0422992384978471
1010 0.2343576420304492 0.01338648872198927 -0.009421278099205045 0.0008350240572703511 0.02097588560207652 0.01347920577049567 0.2724525171725379 0.006076992660352764 0.04222137445890881
1020 0.2341876771422128 0.01355787081239037 -0.009365363948037943 0.0008606062231291561 0.02099748861237532 0.01317226547174432 0.2721815318837654 0.006299522681337188 0.04182040273379636
1030 0.2338064452303072 0.01378177892728248 -0.009291814711733281 0.0008396111645061215 0.02102364782450418 0.01295481688083485 0.2716996700228957 0.006554153893791785 0.04150210786278949
1040 0.2336676225646666 0.01371616589369333 -0.009264877985480879 0.0007940843131341897 0.02107806157482396 0.0129584444762877 0.271452191413694 0.006523009227372669 0.04140728375099617
1050 0.2337591256416447 0.01355671825922595 -0.009285694310082204 0.000793548778986021 0.02099622566951967 0.01336255823944616 0.2714365669132312 0.0064037422886443 0.04172640668150258
1060 0.2340304477079078 0.01356319966689613 -0.009387390178981117 0.0008334033046726234 0.02092836901747525 0.01355984888981453 0.2716087582275581 0.006446449375824934 0.04184580303570177
1070 0.2338760696946748 0.01374349411933519 -0.009338529242227191 0.0008571104834806905 0.02096445975073684 0.01328771053402864 0.2713657672462585 0.006654374862804923 0.04149985268261825
1080 0.2335328492966172 0.01386350509013307 -0.009241964848591829 0.0008475973543712708 0.02100042323997084 0.01303601943339512 0.2709343243916428 0.006795468050263231 0.04117616844098936
1090 0.2335681588631785 0.01373324355653967 -0.009262425773867627 0.0008143945216173959 0.02107259687690939 0.01293880764106438 0.2708723064033748 0.006698641704025365 0.04101267639881805
1100 0.2336344461301246 0.0136330836460249 -0.009268408053096486 0.0008097017083561275 0.02102282613539013 0.01324808834126535 0.2708328157714157 0.006632228302825164 0.04125737075912648
1110 0.2337559929505891 0.01370611791113694 -0.009333540992011741 0.0008367320243454689 0.0209087291957958 0.01356296483553163 0.270840767120027 0.006736393667455969 0.04148918334913786
1120 0.2336044628163619 0.01392239666317835 -0.009304960212846335 0.0008522789196118056 0.0209336732528314 0.01336750048977573 0.2705745088917074 0.006983052874640921 0.04119294549015449
1130 0.2333062645814636 0.01395799473092053 -0.009194631978936383 0.0008469134267968725 0.02098198482486319 0.01311006164461215 0.2701700417501863 0.007047796247449696 0.04083390602805134
1140 0.2334983072286151 0.01375451492398825 -0.00924729520821458 0.0008311137765033164 0.02105193936773671 0.01294638343949159 0.2702709087612142 0.006871375003001258 0.04058560659559498
1150 0.2336313364174724 0.0136967845901381 -0.009271413245063706 0.0008286805537482595 0.02104822969261322 0.01308942789310949 0.2703154093179724 0.006825767738262412 0.04065466531985644
1160 0.2335851604126787 0.01384248935348249 -0.009277758197381957 0.000840313294393231 0.02092468533572458 0.01341260765123363 0.2701711762685795 0.006977757588811169 0.04089950463627025
1170 0.2334008169040751 0.01410135002275971 -0.00925358032471727 0.0008422874238028168 0.02091574051854566 0.01333966963421014 0.2698940565724772 0.00724857326622119 0.0407528488836044
1180 0.2332094353262702 0.01406560871520853 -0.009150371699350641 0.0008334941120275707 0.02097733561107707 0.01310193894641697 0.2696342819427412 0.007241147921916517 0.04046328636340715
1190 0.2335360663963281 0.01377659809156986 -0.009205908689272383 0.0008350635647192089 0.02103203395550737 0.01292655980716278 0.269933073583871 0.006990073009502547 0.04027484516714642
1200 0.2338386341928741 0.01371885011846547 -0.009270823022081055 0.0008445877854871404 0.02106261421932382 0.0128867496779937 0.2702316680954686 0.006956533831262633 0.04024391767801057
1210 0.2336975037821646 0.01391014912878982 -0.009229813761500179 0.0008447868627023947 0.0209703082806913 0.01308765617418497 0.2700873069810832 0.007154337049357811 0.04044776934679468
1220 0.2334234665800968 0.01419462723284669 -0.009186967451270435 0.0008306412475883695 0.02092429764675265 0.01314738101847137 0.2698103369655582 0.007437282138503771 0.04050145556261498
1230 0.2333290655653363 0.01410600921305904 -0.00911780649054233 0.0008130737013179142 0.02099146999028905 0.01299224346639892 0.2697309358606473 0.007353413584014313 0.04035197179068543
1240 0.2336868129951691 0.01374509597991063 -0.009160027009358432 0.0008251704949792597 0.02102960022979837 0.01289967515928685 0.2701382638318928 0.007000006619430299 0.04029696384751922
1250 0.2341041753546981 0.01366047859174783 -0.009263626680524066 0.0008512972605738879 0.02106648509435227 0.01278161456873224 0.2706212163624794 0.006906526989794779 0.04023195795369622
1260 0.2339139796858732 0.0138754738844763 -0.009209186542841578 0.0008470412215909951 0.02102863391108766 0.01279345571710818 0.2704826764107616 0.007102280737245554 0.04028434089293528
1270 0.2334891203349101 0.0141783785179434 -0.009127516224014053 0.0008185475537552097 0.02095725085824324 0.01291957722974021 0.2700892016592196 0.007391644805915715 0.0404313255836402
1280 0.2334427335821943 0.01407363678682049 -0.009102583954634803 0.0007915812634129852 0.02100521567498053 0.01286431370109191 0.2700712163946352 0.00729348006410142 0.04039641163046725
1290 0.2337774468534329 0.01369022839657005 -0.009134938241797072 0.0008088128086797177 0.02102784599245359 0.01284205396926939 0.2704556260529156 0.006925943753195862 0.04041870724748067
1300 0.2342360791464581 0.01357568746379127 -0.009253914840998041 0.0008525053655425943 0.02103747854358481 0.01273250429792006 0.2709746774005767 0.006811657435865397 0.04036358080952084
1310 0.2340907760226977 0.01379508664472161 -0.009224267733934519 0.0008549007390278182 0.02105761473144474 0.01252360310551073 0.2708726575764652 0.007018406077606414 0.04019053196586725
1320 0.2335294507231946 0.01410476532785142 -0.009098038772937817 0.0008168076595095897 0.02099881149684991 0.01261896112235094 0.2703295302293333 0.007315895699445714 0.04029756382990909
1330 0.2334794906746147 0.01401753777084874 -0.009101428821547099 0.0007791710391792575 0.02101629240125268 0.01271818623650657 0.2702881239981714 0.007236136578820919 0.04040361096474241
1340 0.2337953329473212 0.01367013303528652 -0.009140357501241498 0.0007935287331391839 0.02103918106197727 0.01279120100920591 0.2706286433104942 0.00690305810773858 0.04050302272735039
1350 0.2342265379989102 0.01353799666959909 -0.009242517769283806 0.0008469066962964968 0.02101359982010072 0.01279783739672262 0.2710963855146156 0.006769808202731428 0.04054426093575426
1360 0.2341893036558691 0.01374566242959687 -0.009247743135390393 0.000864007406231438 0.02106770635180708 0.01245364668148157 0.2710881646818222 0.006959089485270081 0.04022253826298079
1370 0.233598241287683 0.0140312488580882 -0.009092977894453338 0.0008263336581507162 0.02105618499910713 0.01238741069402835 0.270505992330247 0.007223377579980822 0.04015963220954072
1380 0.2335130112820606 0.01396262505014802 -0.009093313392359732 0.0007822801423538312 0.02103872109405758 0.01258811391341717 0.2704175683190138 0.007154890551106514 0.04035808220213188
1390 0.2338182764253609 0.01369819791824572 -0.009153983170918359 0.0007894716945568793 0.02105083333979296 0.01275224475992055 0.2707326141849026 0.006898155671145483 0.0405353655103948
1400 0.2341619619274521 0.0135798461279502 -0.009224268601895274 0.0008414444359941427 0.02099403946552259 0.01288681061703689 0.2710964952008622 0.006775210560676724 0.0406908238002009
1410 0.2342004292170099 0.01376910324726006 -0.009257516777205464 0.0008694719850355173 0.02103934540043965 0.01257855160424243 0.271151820171569 0.00694676447086483 0.04039505296098404
1420 0.2336866104135082 0.01401054333600936 -0.009114989449641011 0.0008381251062876976 0.02110349621582129 0.01230802724886887 0.270639724671906 0.00716902695212053 0.04012226070660851
1430 0.2335673328099574 0.01391921758578825 -0.009093280873808493 0.0007902532738290095 0.02108608640937109 0.01250902897724594 0.2705177644702748 0.007071966165500514 0.04032024037416193
1440 0.2338625417968745 0.01373811696105937 -0.009176164897810207 0.000788930436066226 0.02108027058077976 0.0127681382992593 0.2708155037534591 0.006893665362844958 0.04058498443746131
1450 0.234093174863 0.01366398488850017 -0.009213906080635791 0.0008311970506136643 0.02101129062877027 0.01296534557553403 0.2710492916960646 0.006816739264099127 0.04078955826443422
1460 0.2341123798799276 0.01383370200994624 -0.009240318331906614 0.0008638158253368715 0.02100636616137461 0.01278617197166003 0.2710706752353234 0.006975502243048553 0.04061231351434039
1470 0.2337589022734833 0.01401615722901277 -0.009138615349372442 0.0008466072984582641 0.02111301284839458 0.01236049092802241 0.2707218827927407 0.007142296266421956 0.04018594647753691
1480 0.2336549250186898 0.01386340539400822 -0.009100504679130306 0.0008042484544965102 0.02112115302896479 0.0124205797149903 0.2706214350749662 0.006985373703797933 0.04024754126457128
1490 0.2339305778874721 0.01374390456384423 -0.00919827580059334 0.0007982817616838694 0.02108924838097014 0.01273870473394747 0.2709008478906998 0.006867411704142864 0.04057404262989026
1500 0.2340533410149569 0.01375167531662051 -0.009224177878990741 0.0008249463655242616 0.02103134138488971 0.01295411062812421 0.2710271995884183 0.00687011267447334 0.04079701135623656
1510 0.2339648612774169 0.01390971924092068 -0.009214424788869385 0.0008495978961967099 0.02098732842066077 0.01293492797122079 0.2709431204189819 0.007017170865587154 0.04077971262580592
1520 0.2337599869950003 0.01401953216099324 -0.009158432969218916 0.0008419228686104948 0.02109573612130751 0.01255237017056628 0.2707445211076024 0.007118515534419214 0.04039796804037732
1530 0.2337537922833993 0.01379617794183059 -0.009123860040815215 0.0008130068583917725 0.02115535623419848 0.01242499105989053 0.2707526676867658 0.006897310432905374 0.04028124388818131
1540 0.2340103713575939 0.01370022270262924 -0.009212789092494027 0.0008112683485029019 0.02109875492140489 0.01272986523345499 0.2710258191480705 0.006798920721559539 0.04060243456998448
1550 0.2340742281616306 0.01380897897688244 -0.009244640510018352 0.0008259483409301004 0.02104685566536348 0.01291179896545327 0.2710940053495767 0.006899148847910834 0.0407897206533328
1560 0.2338259643160134 0.01398910817518914 -0.009182926936185777 0.0008362334987148457 0.02098166482364937 0.01294990935853108 0.2708386608930768 0.007070616455779563 0.04082073788583512
1570 0.2337181802041941 0.01401574708668558 -0.009157707095078989 0.0008318155605854189 0.02104765569598079 0.01270832674766491 0.2707242227057753 0.007097773030181713 0.04057024404914339
1580 0.2338645275177525 0.01372942929091063 -0.009154436998362844 0.0008199831891533548 0.02115554060651176 0.01242785168341624 0.2708852927957059 0.006816338314265023 0.04029891641221612
1590 0.2340952608866849 0.01361458230835053 -0.009219551753610134 0.0008268340218652896 0.02110543026386731 0.01263962346410591 0.271133719192021 0.006698064385605431 0.04052712513242203
1600 0.23410606281802 0.01380591484615618 -0.009261764761831491 0.0008314257463545235 0.02105642006819607 0.01282132675225835 0.271142261753232 0.006880286076038906 0.04070926789717987
1610 0.2337080289915268 0.01404858978572017 -0.009161841048988421 0.0008217924330552834 0.02100393238363648 0.01289711044535919 0.2707303148032918 0.007114099910992347 0.04077304822323644
1620 0.2336208659322916 0.01401292298111044 -0.009141144115611134 0.0008132877287781417 0.02101667254577467 0.01286382122870856 0.2706302204517636 0.007082661138403619 0.04072664201634909
1630 0.2339354339969216 0.01369579169378896 -0.009187504243433979 0.000818221692738786 0.02113557956928609 0.0125781461639314 0.2709575050703024 0.006776000183599934 0.04045038823687946
1640 0.2341801387996271 0.01355580050867722 -0.009228831680549731 0.0008410739936615285 0.02111624082776213 0.01259994011901197 0.2712222461469281 0.006634884717375379 0.04049232237552184
1650 0.2341595556229661 0.01378005483909981 -0.009270074291352225 0.0008451343704098881 0.02105876835471149 0.01271272998145108 0.2712079177874657 0.006845335062110446 0.04061179024163801
1660 0.2336696006479528 0.0140978239474062 -0.009156917235414808 0.0008190266266396653 0.02103122215317486 0.01275624601540017 0.2707060894901128 0.007150254899996736 0.04064344322469948
1670 0.2335151346711867 0.01402610824833287 -0.009113264274029356 0.0007987534992938896 0.02100367757021883 0.01288613295528468 0.2705357529154815 0.007083428578461988 0.04075833892022469
1680 0.233941031695865 0.01369229889563708 -0.00920770857277128 0.0008121836632256777 0.02108916398850681 0.01276078264330541 0.2709718712125074 0.006764258813357575 0.04064146092425381
1690 0.234238166320965 0.01353878219143268 -0.009248010291618794 0.0008484098102376324 0.02111410033403394 0.0126592304318932 0.2712938578559655 0.006611796579447742 0.04056311435016447
1700 0.2341983415758362 0.01374300988058719 -0.009273676328107121 0.0008569343330046046 0.02106788803874828 0.01266868617363897 0.2712672614689176 0.006800617723760884 0.04058295278073553
1710 0.2337036652479946 0.01410295043205872 -0.009171573018266216 0.0008204165057348123 0.02107250870157126 0.01264197319849099 0.2707622084853984 0.007144946705408082 0.04054612104171874
1720 0.2334554600104582 0.01402988153721395 -0.009092852767287492 0.0007858773266369529 0.02103580469200083 0.0128323892967387 0.2704943459927009 0.0070766084578808 0.04071946433882575
1730 0.2338989011305596 0.01370044552763554 -0.009203638352506994 0.0008020990596207886 0.0210522555585633 0.01290607964903844 0.2709412798589375 0.00676194535277387 0.0407968418348068
1740 0.234273064324252 0.01355341876138719 -0.009265083417234575 0.0008493805803815823 0.02108817130905883 0.01276542290030116 0.2713363791330762 0.006617414465448152 0.04067529221370775
1750 0.2342160194407107 0.0137196292259593 -0.009263275842703365 0.0008690540945663459 0.02105755613829126 0.01263495547440272 0.2712923726218343 0.006771200709432644 0.04055474790229273
1760 0.2337680264699238 0.01407208184175018 -0.009187176257935904 0.0008319864807680777 0.02108052644425194 0.01252631816188493 0.2708367971950223 0.007108541885783967 0.04043821124289682
1770 0.2334738115229974 0.01401877215963308 -0.009096338434936064 0.0007831318718275 0.02107615020685922 0.0126897890233677 0.2705240747931218 0.007056714729518312 0.04058435613928364
1780 0.233829705272517 0.01371685136869162 -0.009190227864421861 0.0007912922026898968 0.02103897836428034 0.01296648327113463 0.2708774143796953 0.006768131370135486 0.04085973434841985
1790 0.2342560638065238 0.01359204075256677 -0.009284183894597148 0.0008400636239040857 0.02106308155239415 0.01292391806721918 0.2713106189973357 0.006650334847489949 0.04082681290315136
1800 0.2341804210172539 0.01372554886956031 -0.009252395234786765 0.0008687837675074946 0.02105831109040519 0.01270246266941996 0.2712439205949218 0.006776486842876149 0.04061227527087423
1810 0.2338040357574676 0.01402096723079459 -0.009188003068435037 0.0008422755091799355 0.021085524535855 0.01250157981107683 0.2708665475434172 0.007056772213561 0.04040726704502073
1820 0.2335675351599223 0.01397932181447828 -0.009116336399557215 0.0007894481808630591 0.02111842085322422 0.01254815309416756 0.2706188862684238 0.007013011003264462 0.04044265348697748
1830 0.2337938363642959 0.01373370975427887 -0.009170745284790876 0.0007884871660195513 0.02104524944937868 0.01291960448722071 0.2708411081960159 0.006777497762313203 0.04081404019443066
1840 0.234213480766527 0.01365217472001922 -0.00928914754504157 0.0008331077525916601 0.02102404053861708 0.01301766468619175 0.2712648075902958 0.006702067616504261 0.04092018225867818
1850 0.2341313218324956 0.01377656421225197 -0.009247996774435819 0.0008636690390407104 0.02104096163401632 0.01277791121068871 0.2711915244029877 0.006820223345825037 0.04068656916402999
1860 0.2337947881584877 0.01398603338478967 -0.009176440184142959 0.0008492300715001321 0.02107475046574346 0.01252410078276513 0.2708586178660919 0.007019489300063221 0.04043186638702505
1870 0.2336913822979848 0.01390879250466052 -0.009150509158770992 0.0007999620830825031 0.02114793868961813 0.01245735176518045 0.2707554566216512 0.006941690085168417 0.040363184578532
1880 0.2338141183568419 0.01372487772093827 -0.009168865343090625 0.0007897425270846562 0.02108346307720005 0.01283529473725807 0.2708818056222382 0.006763593705216434 0.0407466967814251
1890 0.2341415456747584 0.01370476516647346 -0.009279337327258141 0.0008246227593656942 0.02100561692325187 0.01309879221561367 0.2712112766300013 0.006745155589636955 0.04101535303980063
1900 0.2340670387332682 0.01385403219662891 -0.009249355968866915 0.00085109303791755 0.02102702701280494 0.01288620112190267 0.2711354468814062 0.006890884897344129 0.04080126083259965
1910 0.2337485582542204 0.01397291348605794 -0.009153044419258603 0.0008469752295366012 0.02106066522535654 0.01260607690670441 0.270813998710382 0.007006235739158883 0.04051548680673007
1920 0.2338226697111215 0.0138190198936049 -0.009176551707457081 0.0008136619792957667 0.02114761153176133 0.01241473209424359 0.2708944540311459 0.00685306553163851 0.04032572337112872
1930 0.2339248118792301 0.01368098643754834 -0.009185957402399631 0.0008023233766171834 0.02111930147084097 0.01266477723486839 0.2710035824270062 0.00671627786449035 0.04058370939028849
1940 0.2340775699890528 0.01373170763782226 -0.009256016713627208 0.0008239478001708307 0.02100162562341469 0.01303290569775081 0.2711513501981286 0.006765546317891986 0.04095100474498509
1950 0.2339671018528983 0.01393172680241695 -0.009244703094150462 0.0008381613702492122 0.02100819916885631 0.01293493381572918 0.2710291296537592 0.006962869433336402 0.0408444044580436
1960 0.2336644341319161 0.01397991297986871 -0.00913460383294866 0.0008336466492965406 0.02104885879949541 0.01272516584223679 0.2707169434043905 0.007012782902816045 0.04062344982359154
1970 0.2338863066943728 0.01374214417541397 -0.009189824323712461 0.0008195615855840657 0.02113106962922887 0.01251800764923012 0.2709494377938978 0.006780036414337283 0.04042081434562144
1980 0.2340748381704848 0.01362635153456353 -0.009225595508489948 0.0008169944363727023 0.02115284613363325 0.01258132977180288 0.271148816124174 0.006664408826085726 0.04049674063272173
1990 0.2340512949197492 0.0137437323547046 -0.009237433367864679 0.0008279403863759024 0.02103009673825798 0.01292037840621493 0.2711209653697416 0.006776857587700282 0.04083625751283774
2000 0.2338643140721915 0.0140033328476658 -0.009227594244683423 0.0008285328529608954 0.02099673088761951 0.01293845673196512 0.2709199082906185 0.007030519413413264 0.04084233297034847
2010 0.2336007051686909 0.01400707892227135 -0.009124713047659695 0.0008190493825144428 0.02103911134058921 0.01278411647825458 0.2706434353177357 0.007036838597547337 0.04067405773428708
2020 0.2338890841343892 0.01369212543004682 -0.009181130252634385 0.0008213816863682327 0.02109293246296012 0.01263998484352837 0.2709429617994039 0.006732806650178642 0.04053720613984917
2030 0.2342188911341515 0.01357448574994092 -0.009265400969240622 0.0008355967770810673 0.02114490923034154 0.01255854055364364 0.2712935480376796 0.006615476139003215 0.04047634273462467
2040 0.2340886714226295 0.01373539361391319 -0.009239182505680617 0.0008383672558455097 0.02106554700291529 0.01275868318131661 0.2711695831479984 0.006765048270703783 0.04068370401439346
2050 0.2337722739003814 0.01404843711155597 -0.009206630926294248 0.0008217774601120068 0.02100400340806078 0.01289713750337646 0.27083930061408 0.007068927843503606 0.04081002892967096
2060 0.233558193754845 0.01403783843958515 -0.009132826201091526 0.0008007237454666389 0.02105114346827971 0.01282963590939351 0.2706080762642515 0.007063932675357743 0.04072603674148568
2070 0.2338483146156398 0.01367273203100047 -0.009168965373203289 0.0008116771241719723 0.02107748246381992 0.01279418388836145 0.2709070165386504 0.006713708944422162 0.04069686916864366
2080 0.2343025482767057 0.01353482457252854 -0.009286259511165018 0.0008468924306486282 0.02111824302654604 0.01266103070731907 0.2713867553995596 0.006576612568709897 0.04058619141098072
2090 0.2341766605154559 0.01371511410698073 -0.009253527514019639 0.0008529188923853337 0.02109412846355838 0.01261944699697796 0.2712705322568144 0.006744278534177998 0.04055426255305723
2100 0.2337221126086837 0.01405851810875544 -0.009177045342862868 0.0008249173028640394 0.02101591431165332 0.01276894354552486 0.2708000052049259 0.007077191326065106 0.04068969941315031
2110 0.2335433972054787 0.01405910497855182 -0.009139420020664252 0.0007914389084957073 0.02104698420465797 0.01279942222549802 0.2705999950311808 0.00708033465213511 0.04069893723389048
2120 0.2338068319118951 0.01368694364002465 -0.009162924553476288 0.0008004486482769643 0.02106548761036035 0.01285494224023764 0.2708630739939278 0.006724534861675379 0.04075395654459024
2130 0.2342939434722448 0.01352142611384327 -0.009287409120778202 0.0008482691196087511 0.02107289504900483 0.01281955610449046 0.2713648457906447 0.006565714653329707 0.04073377045322117
2140 0.2342578178899297 0.01369588617050483 -0.009282550929647313 0.0008634730922283193 0.02111027080291254 0.01257428378259823 0.271339127156391 0.006730292954210807 0.04049812239531305
2150 0.2337105796818254 0.01402943271995637 -0.00915931364810613 0.0008296132084072083 0.02105873430916626 0.01263231127168927 0.2707829849615378 0.007049274887463273 0.04054694925210455
2160 0.2335374944507512 0.01404655322513105 -0.009139043255865844 0.0007864470362842676 0.02105949305654378 0.01277221346328246 0.2705897665216042 0.00706645023088389 0.04066730171296538
2170 0.2337831375772361 0.01372570620875875 -0.009166851629931133 0.0007894970954669025 0.02107263740044303 0.01288598714996016 0.2708299843325032 0.006760920024960668 0.04077912531301364
2180 0.2342304080581344 0.01355209113608754 -0.009269889091376843 0.0008425514528595406 0.02102981734524011 0.01297457656840976 0.2712885719875244 0.006595901311120885 0.04088174142642615
2190 0.2343046293165284 0.01370974905314664 -0.009301759885807493 0.0008716585914074123 0.02108333100651228 0.0126350391552767 0.2713785184210312 0.006744682502526686 0.04055466140017631
2200 0.2337553297512323 0.01399994297863616 -0.009158276979654184 0.0008413318504499336 0.02109111866965815 0.01247729500024313 0.2708292385920703 0.007020649492516375 0.04039414374668095
2210 0.2335641771843735 0.0140001764476204 -0.009134162597606063 0.0007916223274107509 0.02107364008681692 0.0126640772062857 0.2706274855432647 0.007019434423435033 0.04056869304971782
2220 0.2337952824440488 0.01375907699825508 -0.009183916631833596 0.0007841068401371415 0.02108517554616116 0.01286180869758822 0.2708561299695253 0.006790761460406788 0.0407665969611395
2230 0.2341358749801622 0.01360569621098462 -0.009251079959159541 0.0008299670259212232 0.02101558987183937 0.01307604263119814 0.2712044186520646 0.00664415306808424 0.04099110555480339
2240 0.2342577457510853 0.01374375482613263 -0.009301643993286694 0.0008663925471397134 0.02104011722155701 0.01283202918322434 0.2713347183150619 0.006777899905180035 0.04075416545079431
2250 0.2338096398891369 0.013984206515479 -0.009172083191183119 0.0008477508085278864 0.021114850057131 0.01245293099670052 0.2708868895964944 0.007008258330028241 0.04037211575916055
2260 0.2336265858751859 0.01392057591368333 -0.009128252776155692 0.0008004910240273849 0.02110382776929641 0.01254721731816544 0.2707000482617868 0.006941625554344209 0.0404596814490253
2270 0.2338680995529077 0.01374997294141813 -0.00920147900574912 0.0007882640562546649 0.02109740494275751 0.01278341056857272 0.2709415634047739 0.006777598533723994 0.04069762910344909
2280 0.2340783503105109 0.01366243589004731 -0.009237296283259465 0.0008223716692179278 0.02101949899194743 0.01303417609255983 0.2711511198121003 0.00669429979707302 0.04095222777910296
2290 0.234136561162658 0.01379408435419603 -0.009273680741669392 0.0008573245104676056 0.02098940450066132 0.01295644090151941 0.2712069629836862 0.006825786360166922 0.04087415286501164
2300 0.2338204454690484 0.01398354915141264 -0.009183560895091154 0.0008494199642609259 0.02109710478670188 0.01251597598422225 0.2708889694024295 0.007009557741363658 0.04042743880110319
2310 0.2336953826486634 0.01383473135306517 -0.009130994269554603 0.0008101870549104855 0.0211289987184879 0.01246302668410519 0.2707675212602154 0.006859550820203802 0.04037227963677398
2320 0.2339467088603287 0.01370459596257978 -0.009219032851368221 0.0007975824529958738 0.02110696491228877 0.01273919948809414 0.2710197690362438 0.006733925172329529 0.04065256682252062
2330 0.2340624319254057 0.01371711701229364 -0.009245567015016332 0.0008175218763378614 0.02104748053426313 0.01298158703459101 0.2711292795988262 0.006748753875110113 0.0408950298970286
2340 0.2339774012032116 0.01386497945566335 -0.009235376813879918 0.0008420281878943601 0.02097677246975033 0.01303224419858869 0.2710353539832351 0.006894912919472554 0.0409394979395455
2350 0.2337819053432008 0.01399447693587508 -0.009182986284194099 0.0008413732021958708 0.02106297619112003 0.01267611931985937 0.2708341079189538 0.007022029421063063 0.04057383126234378
2360 0.2337828178699133 0.01376732282437318 -0.00914135364824948 0.0008185817957330002 0.02114205782118056 0.01243799455167695 0.2708431506095084 0.006798397554510096 0.04033895975042896
2370 0.234037323104765 0.01363451486183592 -0.009224049084430697 0.0008152534861639083 0.02110479611015447 0.01266191310652044 0.2711090820269302 0.006667471613000704 0.04057645962358287
2380 0.2341098621147632 0.01374827060588798 -0.009263693767444731 0.0008247636736367929 0.02105917174646783 0.01286803133523851 0.2711833600490026 0.006775597652648451 0.04078783597713857
2390 0.2338392465990712 0.01394637164863378 -0.009202730329679817 0.0008300056828764488 0.02098354159741268 0.01298484470635348 0.2709008671024664 0.006969889568427019 0.04089527251926762
2400 0.2336928808626005 0.01401518628419563 -0.009172550877300829 0.000825888561332249 0.0210265887961321 0.01283351984022162 0.2707446726703027 0.007041123319098457 0.04073172138337606
2410 0.2338501611605265 0.01372726245459622 -0.009168200259222766 0.0008176213163253984 0.02114561692243566 0.01253115081274683 0.2709140261711 0.006763275447309646 0.04043634457645409
2420 0.2341165688621326 0.01356142964495002 -0.009228728500046196 0.0008289162231245763 0.02112046707270957 0.01263796815645691 0.2712024109642035 0.006597091910580657 0.04056374193163735
2430 0.2341741744849016 0.01373537529259357 -0.009279373241641645 0.0008355244875103379 0.02107484179710718 0.0127842850029998 0.2712650120654572 0.006761350618886632 0.04071742896499139
2440 0.2337601731409155 0.01401169526764112 -0.009180246097223064 0.0008226229653715443 0.02101339636435243 0.0128773771482311 0.2708332425207543 0.007031526479788967 0.04079638255208019
2450 0.2335875809816496 0.01403533131498827 -0.009142627531797695 0.0008105728979127595 0.02099814588251241 0.01290729758535944 0.2706434753238841 0.007057504266008859 0.04080747726365511
2460 0.233897327566134 0.0137140401499894 -0.009191686935166041 0.0008138627108453905 0.02111040251680113 0.01266295655008884 0.2709595594516775 0.006749917399681783 0.04056626857262418
2470 0.2341886582420926 0.01351751015126319 -0.009235660725611739 0.0008414760912926743 0.02111762009619355 0.01262193778501732 0.2712715803636042 0.006555823134501444 0.04054454271243772
2480 0.2342318518945659 0.01369586319559911 -0.009288957648735365 0.0008506512299436554 0.02107590934907167 0.01268774032032523 0.2713213240294693 0.006724419348861432 0.0406195418472994
2490 0.2337476567082556 0.01404180374741027 -0.009183259577910148 0.00082178049349259 0.02105487757275929 0.01272463856181732 0.2708205127849734 0.007060254502886277 0.04064226565296027
2500 0.2334777895786783 0.01404703720625919 -0.009112259279807617 0.0007941605337620007 0.02101191323619528 0.01290254751793101 0.2705302474236048 0.007066412250291581 0.04079753492300321
2510 0.2338713580600739 0.01371778158296714 -0.009201293539616004 0.0008019882146224277 0.02107743975338263 0.01284570731675973 0.270921357686544 0.00675423412189719 0.04073916920471783
2520 0.234219212243932 0.01351670067249482 -0.009247559965822263 0.0008434481262722468 0.02110722354240424 0.01273317860153958 0.2712837310181272 0.006561344282774693 0.0406429900901026
2530 0.2342690045361324 0.0136662170460879 -0.009285351565471776 0.0008644360207307997 0.02107000111336347 0.01266437622074043 0.271347563715051 0.00670029808670625 0.04058760496618394
2540 0.2338078963279301 0.01404054513471879 -0.009197372753137407 0.0008313249190104085 0.02108051154192092 0.01257571912254392 0.2708781274253895 0.00705930459362487 0.04048970232648956
2550 0.2334429608710701 0.01405308852599808 -0.009093372890545041 0.0007886743950568621 0.02104206071203886 0.01277199347390444 0.2704938331344438 0.007070636605237878 0.04066601342757361
2560 0.233814052225132 0.01373779675646861 -0.009192747685841104 0.0007928556305682475 0.02104466504569893 0.01292549318431997 0.2708609231306578 0.006772104652382622 0.04081839610115105
2570 0.234226706822166 0.01355195910911131 -0.00926621005978432 0.0008388539207608059 0.0210795162779872 0.0128621980603018 0.2712898010067659 0.006594048672837091 0.0407725882877475
2580 0.2342538835906085 0.01366340580147014 -0.009275687935627969 0.0008696858748988342 0.02106010001170274 0.0127162830549279 0.2713326403835336 0.006698054451915626 0.04064057996552015
2590 0.2338663458872484 0.01401025828384443 -0.009213931885180012 0.0008413231603927761 0.02109353860467865 0.0125282894076188 0.2709449673926411 0.007031059026930154 0.04044966158376254
2600 0.2334925989995578 0.01403255220618222 -0.009102964954685379 0.0007883807372569509 0.02109708612455388 0.01263887148786196 0.2705589582176012 0.007050219752562265 0.04054594876021343
2610 0.2337647450255315 0.01375484002744285 -0.009175608225735876 0.0007846993825622458 0.02104700593476313 0.01294325247362152 0.270829139275549 0.00678437492577895 0.04084971625480648
2620 0.2342137213166226 0.01360481480282561 -0.009278883027160817 0.0008304886994363752 0.02105256948011492 0.01297418162563349 0.2712859492533234 0.006642495808937551 0.04089234811707511
2630 0.2342092816586057 0.01369234858488415 -0.009259833702101566 0.0008678679462062499 0.02104187243459143 0.01278335138814573 0.2712884269241649 0.00672818064013166 0.04070857912108832
2640 0.2338859619148396 0.01397277180730162 -0.009207067635016566 0.0008528142753087815 0.02107728506921008 0.01250596387686629 0.2709661781895775 0.006995881950450676 0.04042695570523311
2650 0.2336062796793312 0.0139723048398717 -0.009127242505025356 0.0007986659474648135 0.02112976299732856 0.01247482042720423 0.2706796510514012 0.006990408704208292 0.04038487197744699
2660 0.233752561462278 0.01374645305071777 -0.009161325712608602 0.0007843993814138868 0.02106489469460698 0.01285687848296556 0.2708193619324865 0.006774012836587553 0.04076403522925386
2670 0.2341590357865898 0.01365781092284867 -0.009283084971561299 0.0008212616298306216 0.02102742450692314 0.01305847653406842 0.2712232377767957 0.006693576021923944 0.04096954941926692
2680 0.2341348990384177 0.01375503644658653 -0.009256806454205157 0.000855505635917359 0.02103332714119737 0.01289307001948979 0.2711990200649004 0.006790325215503842 0.04080619538416536
2690 0.2338322241120271 0.01395774212441611 -0.009185603468049317 0.0008530888803433475 0.02106396554179562 0.01260324001223554 0.270896644835011 0.006984493667429144 0.04051069457671896
2700 0.2337343100435097 0.01389214531447795 -0.009157430128564091 0.000809889333463058 0.02115124979848174 0.01241412716371753 0.2707990941295647 0.006915558167235903 0.04031790212370263
2710 0.2338152721922858 0.01371282123026423 -0.00916132200316706 0.0007925295223355658 0.02110210208218262 0.01272137206825479 0.2708799559807615 0.006742502071975561 0.0406292400038824
2720 0.2341104668614709 0.01369905788323339 -0.009268221111055006 0.0008199490223844693 0.02100845123160931 0.01305384918017071 0.2711758513704705 0.006729972476579031 0.04096751360483351
2730 0.234059883432291 0.0138459875153326 -0.009256168255932536 0.0008452691094585469 0.02101265046972868 0.01293868139328373 0.2711201262540015 0.006876299544110073 0.04084954966304379
2740 0.233742640265942 0.01397482983461387 -0.00915862155176138 0.0008464704192966034 0.02103846671370954 0.01270210492414145 0.2708015565355018 0.007001780381377797 0.04060595788944808
2750 0.2338307244533668 0.01381801210940576 -0.009182367627966793 0.0008193322740294903 0.02114173192869203 0.01244404401530712 0.2708988968073816 0.006847326014016894 0.04035122537239709
2760 0.2339416493558869 0.01365833946551489 -0.009190085321424747 0.0008052297008026659 0.02114540944484786 0.01259888142972555 0.2710220221144719 0.006689105037733434 0.04051919796686486
2770 0.2340741437772033 0.0137116417464594 -0.009251005090923404 0.0008209499005845753 0.02102584123244652 0.01299553797391762 0.2711554463561373 0.006739029520093287 0.04092155064945074
2780 0.2339677157147833 0.01392662160380423 -0.009249407751691424 0.0008325044852196713 0.0210085721943449 0.0129755394276217 0.2710358284051984 0.006952004997862371 0.04089230264919633
2790 0.2336471959302347 0.01400345156989771 -0.009134632911643799 0.0008303521458154452 0.02103019098884082 0.01280219631630816 0.2707062112360776 0.007028717630569933 0.04070628329024078
2800 0.2338691111638822 0.01375722394218478 -0.009183157551603283 0.0008225494621061691 0.02110727215041019 0.01256870641589601 0.270938444207607 0.006789225237613695 0.04047696278521894
2810 0.2341129093756488 0.01359848445842082 -0.009230375229212851 0.0008236796769071984 0.02115764664391421 0.01251388196740064 0.2712006449540882 0.006630502306406195 0.04043992694833295
2820 0.2340936392851604 0.01370126911566917 -0.009240061673392355 0.0008317662460205866 0.02104965281141345 0.01282613224181955 0.2711819820210974 0.00672820735616712 0.04075809664666772
2830 0.2338840342256626 0.01398406770307599 -0.009235202319460217 0.0008268440627159904 0.02100145434225597 0.01291936057157445 0.2709552329971252 0.007005158264998936 0.04083729895353413
2840 0.2335672194504818 0.01403943381679217 -0.009127334018749539 0.0008126884960816674 0.0210326922459481 0.01283024404791147 0.2706225350989473 0.007060837809257195 0.04072847252025466
2850 0.2338304683664312 0.0137166329164378 -0.009171047265340352 0.0008148114233436999 0.02107800610394373 0.01273532694765376 0.2708881854357398 0.006751821391829833 0.04063374494149175
2860 0.23422417882252 0.01354927692384583 -0.009266387205557948 0.0008359517931648919 0.02114771730806003 0.0125861660443592 0.2712977677700122 0.006590031474481528 0.04050133107331321
2870 0.2341511568106557 0.0136780370698232 -0.009246222547452216 0.0008437919130220434 0.02108822528899021 0.01269819514546752 0.2712328813891099 0.006708775286780587 0.04062428841348562
2880 0.2338197702262396 0.01401482091790629 -0.009211777729887984 0.0008260778154782835 0.02101274649934302 0.01284255399606563 0.270886036212074 0.007034654607014696 0.04075455675728974
2890 0.2335325418948049 0.01407857430099366 -0.009129803256875626 0.0007994780026451113 0.02104205079846323 0.01280972484038552 0.2705781628335871 0.007097898527634715 0.04069997315102684
2900 0.2337736321739826 0.01371630757653957 -0.009153246324502358 0.000804737015051914 0.02105701663229077 0.01282657700225765 0.2708178854006624 0.006752895116479233 0.04071662687398254
2910 0.234272079549057 0.01352603753579001 -0.009280268253183189 0.0008442001615685529 0.02110020173995799 0.01271537965017747 0.2713386795596417 0.006567990276417834 0.04062741692267749
2920 0.2342401855281084 0.01366023708324565 -0.009268943598357364 0.0008588545080877866 0.02110565926497809 0.01259393999388074 0.2713223221262628 0.006692397741603228 0.04052127424795021
2930 0.233790353724635 0.01401034680800214 -0.009191304267199963 0.0008314192989304122 0.02103501354812281 0.01271719596251033 0.2708658941984926 0.007029041008412018 0.04063688224104123
2940 0.2335231934376074 0.01409585787710411 -0.009140360181147675 0.0007908814183312129 0.02105539075653139 0.01278926119493066 0.2705811498331859 0.007113352985743606 0.04068978397455854
2950 0.2337256868775707 0.01374615749572348 -0.009150587569742036 0.0007899604234637738 0.02106707629361949 0.01288976363902624 0.2707822365814564 0.006779208318384981 0.04078967929661463
2960 0.2342410275309481 0.0135346372302566 -0.009275508581290795 0.0008393546482834851 0.02105885198806613 0.01291600540740448 0.2713144011314766 0.006575924363737548 0.04083405812613804
2970 0.2343199431174281 0.0136569317834226 -0.009294456418985108 0.0008680376833953324 0.02110561858522207 0.01261196013102278 0.2714068121682984 0.006692204039846095 0.0405434565127846
2980 0.2338109649974265 0.01397680500486705 -0.009175239994448546 0.0008417807866938158 0.02106836781445714 0.01255560779643714 0.2708954555283558 0.006996574257607351 0.04048137317902041
2990 0.2335495288330161 0.01406379827611684 -0.009137088116001339 0.0007936895925306753 0.02106257413358889 0.01268610662331766 0.2706188249434085 0.00707852267247236 0.04059383909249851
3000 0.2337221952613299 0.01377534854034688 -0.009156173982867149 0.000782937061399043 0.02107527274590806 0.01284105112629003 0.2707844895837217 0.006802907980692147 0.04074415164248657
