"report"
"Iteration" "cd etc.."
("Iteration" "cd" "cl" "cmx" "cmy" "cmz" "cx" "cd-scale" "cl-scale" "cs-scale")
10 0.162953816542739 0.04473708337387258 -0.006812501785209473 -7.605819434367137e-05 -0.0001477974069703548 0.000563149665348737 0.1716880495574563 0.0387290230181215 0.0005783461648536879
20 0.2256187960647697 0.04633813667420658 -0.008963414762460651 -5.507071693411655e-05 -7.513366642395836e-05 -0.000554517090460226 0.233160189107739 0.04288282600270261 -0.0005266393499074684
30 0.2293207053567401 0.04245726696758975 -0.009825821621318193 -0.000175776004552583 8.868753249703837e-05 -0.0005325009628870356 0.2360662134479946 0.0376651293853986 -0.000610128263174263
40 0.2275188873399847 0.03093647432844638 -0.00946720958406227 -0.0002072916800634239 -5.149288584981465e-05 -0.0012811452538125 0.2341148068547958 0.02529599873007706 -0.001050794267697402
50 0.2269089346496942 0.02252545340829951 -0.009473911117009182 -0.0001387999958941707 0.0005858013862704064 -0.00173627305401187 0.2331200455444768 0.01756425727470243 -0.002090904227480884
60 0.2256309148510788 0.01727872417185791 -0.008953562879881048 -6.464598863382375e-05 0.0006888955929194671 -0.002280161476806719 0.2317336489523894 0.01289700585480363 -0.003049744868878089
70 0.2257348524388368 0.01338652280396921 -0.00859155853850049 7.551323985230896e-05 0.0006557905125120117 -0.001632257152017074 0.2319099146796483 0.008751346651012718 -0.002455750057661943
80 0.2245542597646896 0.01209476007476839 -0.008355835136234301 4.612378668766274e-05 0.0001771048793577301 0.0001057671477016472 0.2309588486781072 0.007240579826910986 -0.0005802257814616247
90 0.223587391537468 0.01288304897514308 -0.008232923339647032 -2.083301895167943e-05 -0.0001607833033013011 0.001552873356621426 0.2300462316608932 0.007958721186583488 0.001144252597424157
100 0.2238310335520178 0.01383407381112767 -0.00816749712836373 -4.827491799743251e-05 -9.178613498968705e-05 0.001722425297149134 0.2303263190732071 0.008917826761345254 0.001545635183259382
110 0.224182998614842 0.01474726370718183 -0.008239305687998667 -6.325014721603714e-05 9.838630247974956e-05 0.0008463548659372556 0.2307798892180116 0.01008270824666372 0.0008806398798093037
120 0.2233600267588442 0.015720183280249 -0.008118787687184915 -3.708281168932665e-05 0.0003103730320108642 -0.0002506155377510155 0.2300023171699874 0.01145874005625133 1.67351932121632e-05
130 0.2214624573940516 0.01642546586809874 -0.007724814527903333 -1.988539982707496e-05 0.0004714236997420578 -0.001118104261059336 0.2281212314364716 0.01246878288636421 -0.0006675495787523103
140 0.2200956502795576 0.01708675933047564 -0.007421413020339185 -3.86824610306183e-05 0.0004449111690394084 -0.00147710972198471 0.2267596705565364 0.01326277421926425 -0.001038485700755412
150 0.2197109012912756 0.01760688812870569 -0.007322495114623399 -5.286129281155232e-05 0.0003864235481169898 -0.001355073661142502 0.2263637884982404 0.01369868320324782 -0.00108115204193905
160 0.2196675860845637 0.01817718018772454 -0.007276033508691628 -7.796334943566008e-05 0.0003011007286152302 -0.001010791361261262 0.2263270561161359 0.01406977330312632 -0.0009420561849573144
170 0.2194202073260443 0.01880850819771013 -0.007195528431756214 -9.930942696546223e-05 0.0002260218646127508 -0.0008593207222257755 0.2261024190254771 0.01450232284182838 -0.0009876422548572112
180 0.2190590048329319 0.01915619718052855 -0.007063795565641285 -7.853943019186824e-05 0.0002709156215349244 -0.001212552215852277 0.2257537768066691 0.01472104693144439 -0.001480104237249463
190 0.2188124264200281 0.01918232301287686 -0.006966203107160735 -6.641312485729818e-05 0.0003400134042023768 -0.001762742862586732 0.2255050381689352 0.01469174945936247 -0.001947606327335713
200 0.218624612429759 0.0191991452924841 -0.006886146784775301 -7.141241392886387e-05 0.0003288819357003548 -0.00196207333932304 0.2253041959343116 0.01466904526810775 -0.001921702551835639
210 0.218442991252641 0.01923785051911413 -0.006815591897803294 -7.108366628426979e-05 0.0002680853285453316 -0.001847410335426797 0.2251048183762149 0.01466254586174612 -0.001577430709948192
220 0.2182552373259103 0.01925528325900066 -0.006784583247088186 -6.811167002418602e-05 0.0002156828093549937 -0.001654638013183295 0.2249014379754817 0.01462296821056954 -0.001201798521002098
230 0.218034106426207 0.01923111420717401 -0.006768873554193572 -6.421720177033138e-05 0.0001829281792802891 -0.001525777207812706 0.2246822213411063 0.01455123860847591 -0.001000658301114608
240 0.2176886437320115 0.01922320088883916 -0.006718510636804239 -6.337544401840484e-05 0.0001813645780087575 -0.001445999063105955 0.2243538890043208 0.01452228825256677 -0.0009151661556115486
250 0.2173203829992049 0.01920957629669373 -0.006653333498198741 -6.017214893291767e-05 0.0002075074113965354 -0.001484751300773592 0.2240087686898565 0.01449783194283404 -0.0009577006728680946
260 0.2170745813384695 0.01913871042573992 -0.0066271089756847 -5.370960232960516e-05 0.0002753101210780998 -0.001675604480156696 0.223788196241967 0.0144163638426889 -0.001153862024623234
270 0.2169308067155713 0.0190562612777655 -0.00663726542184146 -4.906709482700956e-05 0.0003667955972546459 -0.001919744473369648 0.2236670946123646 0.01432351697834268 -0.001398154828655088
280 0.2167128741503956 0.01906554806289993 -0.006619920157350469 -4.666328525500004e-05 0.0004322454859204869 -0.002117728334415045 0.2234677785118706 0.01432777735156956 -0.001596559880904526
290 0.2164211201269323 0.01910970546928516 -0.006576150628694696 -4.383684039706342e-05 0.0004591410839372316 -0.002256118394400817 0.223189696497208 0.01437538202532527 -0.001738861801704015
300 0.2161811792109296 0.0190874111109407 -0.006547541647033681 -3.910483922474839e-05 0.0004588617220088854 -0.002333141478232126 0.2229589783538228 0.01435851927465605 -0.001820931323745849
310 0.2160520082084951 0.0190295869133371 -0.006543389557341964 -3.649175133054745e-05 0.0004417512894332428 -0.002397718095796345 0.2228360431042689 0.01429835401848184 -0.001897200124668068
320 0.2158899607338765 0.01904139855196883 -0.006515814185702163 -3.874598857504186e-05 0.0004193862755174051 -0.002462788164737674 0.2226791904709565 0.01429302092530139 -0.001986200107465398
330 0.2157032707505464 0.01906791082739686 -0.006470273225315441 -3.910590744331741e-05 0.0004117971567354998 -0.002577302790985315 0.2224981626956921 0.01429319014942021 -0.002133011166532154
340 0.2155773247888161 0.01902943082084538 -0.006443087239388617 -3.693797304532427e-05 0.000428085166374181 -0.002744727321826299 0.2223771585445046 0.01422982928025389 -0.002339537462022123
350 0.2155317636748953 0.01898327684711188 -0.006439540340984283 -3.556284405097e-05 0.0004507557179402589 -0.002903000989241124 0.2223350211784437 0.01416899005284729 -0.002536952923735618
360 0.2154132313414741 0.01906427735641242 -0.006412658437424419 -3.687962243509342e-05 0.0004505128944365797 -0.002965003409750556 0.222217985634225 0.01425285922335842 -0.002626990451170546
370 0.215195323640942 0.01923050715833494 -0.006359491107772184 -3.953196032205794e-05 0.0004254240876841754 -0.002927938426528184 0.2219995477936272 0.01444263548225564 -0.002603951024643476
380 0.2149790568846785 0.01937440043400064 -0.006317507937984026 -4.266598080436725e-05 0.0003834649742135247 -0.002805877688592517 0.2217813389248213 0.01462810204107104 -0.002483855971716837
390 0.214802772864276 0.01953414183613116 -0.006288744614713481 -4.647692263399046e-05 0.0003361577414063623 -0.002646984533813294 0.2216029191360474 0.01483821264560682 -0.002322737525976237
400 0.2145704680978703 0.01979782670594137 -0.006238034563588295 -5.021160179853536e-05 0.0002937726087039663 -0.002501031501329616 0.2213692940189013 0.01514647249437636 -0.002180850269049243
410 0.2143381284568472 0.02007885550271798 -0.006183565912815953 -4.903936724439028e-05 0.0002778495501038811 -0.002447533344743812 0.2211371463647486 0.01545456251519954 -0.0021429869807519
420 0.2142116304718929 0.02025205004829101 -0.006165592217329702 -4.393493862076169e-05 0.000297979577079412 -0.002511403585598507 0.221012375038564 0.01563365557213466 -0.002230993655023961
430 0.2141784383801042 0.02037559909032136 -0.006178207883823929 -4.110906610843234e-05 0.0003325489756912011 -0.002631593306197822 0.2209816970674393 0.01574802837842397 -0.002377122459522075
440 0.2140745469807826 0.02055575935120898 -0.00616573914030914 -4.233448017518931e-05 0.0003521716467211725 -0.002709588287472273 0.2208796631421747 0.01591244717718495 -0.002478511394611386
450 0.2139678805828754 0.02070656313325245 -0.006148127804458092 -4.360718724797232e-05 0.0003684493043176595 -0.002769067409150933 0.2207732204039871 0.01604679313744257 -0.00255845719448466
460 0.2139867529673881 0.02072911425856907 -0.006170270958864305 -4.550315587951201e-05 0.0003862569602674071 -0.002819273457454085 0.2207908513022221 0.01605435792383245 -0.002628084769475374
470 0.2140844967932169 0.02070826502333209 -0.006208719493044215 -4.923243496580716e-05 0.0003934175763278704 -0.002830269649725829 0.2208859699654524 0.01602084103455797 -0.002659294143238855
480 0.2140742426310444 0.02077712045333762 -0.006203982952698116 -5.348228120575822e-05 0.0003877251837545751 -0.002790400087701549 0.220872281480155 0.01607823997766472 -0.002640221422722125
490 0.2140448426661279 0.02084215252586463 -0.006192187845838299 -5.703745123686126e-05 0.0003867000717644129 -0.002754382742896556 0.2208394917092202 0.01613202603648848 -0.002622978436778107
500 0.214124966345283 0.02077849813011548 -0.006218290218938347 -6.171181345952095e-05 0.0003944180302355641 -0.002730495664590838 0.2209171818102273 0.01605680454839342 -0.002614465500758778
510 0.2142383063407851 0.02070559354849278 -0.006246964833069822 -6.735070774855666e-05 0.000397471941597588 -0.002684592688660471 0.2210288162104359 0.01597170259997052 -0.002580323401018761
520 0.2142198145465146 0.02074394375927073 -0.006229969329053082 -7.18998284537825e-05 0.0003897907303527221 -0.002597932852910033 0.2210092932325786 0.01599672791585101 -0.002500914753708956
530 0.2141868800174534 0.02075709713331279 -0.006213142731795875 -7.469980451017975e-05 0.0003848551362312602 -0.002513054249187419 0.2209761126497668 0.01599668344944237 -0.002417661164250455
540 0.2142568227071888 0.02065571392569929 -0.006236590225540079 -7.622653981748376e-05 0.0003878093731554582 -0.002438894789541632 0.2210466402609108 0.01588408487585957 -0.0023403151577851
550 0.214341361286725 0.02061017588859665 -0.006259811420670959 -7.649193078695937e-05 0.0003870013550783713 -0.002355161441840377 0.2211322040579026 0.01583057064335933 -0.002250138263490598
560 0.2143055265443727 0.02071745422422649 -0.006242243239915455 -7.563198699192507e-05 0.0003777476535981629 -0.00226377809732999 0.2210972847163374 0.01592850635200293 -0.002151559848206258
570 0.2142722414959595 0.0208239002192438 -0.006228319124974234 -7.365062111868303e-05 0.0003660654670312131 -0.002192527929587652 0.2210643111539996 0.01601413819076663 -0.002074398648665478
580 0.2143543186865605 0.02082861495829998 -0.00625566730997029 -6.943682880671921e-05 0.0003562395018183867 -0.002138333105422531 0.2211465466472463 0.01597818386793481 -0.002017205456605124
590 0.2144434945633187 0.02089381653982047 -0.00627530012889583 -6.333764468963523e-05 0.0003453374218049659 -0.002096872085878685 0.2212364940972575 0.01598264766172457 -0.001976800327853916
600 0.2144197143761243 0.02106003126904213 -0.006252685525177417 -5.875739519763723e-05 0.000330759692565217 -0.002053879056640342 0.2212135462615906 0.01607186315782895 -0.001937934901656563
610 0.214415452426038 0.02112258807611412 -0.006238480054818569 -5.552980916327449e-05 0.0003204531644274004 -0.002018395132692932 0.2212098524424801 0.01605320351421395 -0.001908278192342574
620 0.2145343275096353 0.02102138293419236 -0.006267642011640535 -5.266922810185049e-05 0.0003223758878155164 -0.0019931184534055 0.221329792579277 0.01588561493176995 -0.00188989728401052
630 0.214613040420465 0.02098095411610784 -0.00628019079536366 -5.021873575834402e-05 0.0003294555791908228 -0.001968841976182739 0.2214107685887099 0.01581174771226748 -0.001869567863512182
640 0.2145404298719981 0.02103594580958183 -0.006249830634667386 -5.057386396276199e-05 0.0003351280718143022 -0.001941216255823892 0.2213418852437153 0.01587019595325715 -0.001837306763543887
650 0.2144699019884537 0.02101373002689774 -0.006230370129713455 -5.170653486439336e-05 0.0003452190098624676 -0.001944970579768433 0.2212766451452983 0.0158768459608981 -0.001829035042008738
660 0.2145175222187618 0.02088673820791247 -0.006257278121458619 -5.050356216831325e-05 0.0003574933051512922 -0.001964767154708365 0.2213304215262749 0.01578726247864039 -0.00183540010327224
670 0.2145246785303358 0.02086913811070215 -0.006269467550031448 -4.76628448591593e-05 0.0003649254115949704 -0.001994327838991241 0.2213431943422101 0.01580037260235254 -0.001856636654999834
680 0.2144110073469305 0.02095225151225184 -0.006243935201564946 -4.819538239372857e-05 0.0003632035452199907 -0.002019202537519714 0.2212341605076998 0.01589962274468823 -0.001879742776058259
690 0.2143273782375897 0.02094209896794283 -0.006230380211243091 -4.958081599375476e-05 0.0003614167083572443 -0.002047658928719747 0.2211539541638128 0.01589018750917548 -0.001910409671173149
700 0.2143865290896073 0.02082197796172638 -0.006261271652605777 -4.824973457328923e-05 0.0003614418871214849 -0.002060435849041051 0.2212156891789826 0.01576310344483955 -0.001923894888879284
710 0.2143996563697464 0.02081723368892379 -0.006269571973934638 -4.667987158337762e-05 0.0003603102780170211 -0.002055417469660805 0.2212297836559881 0.01575171280743065 -0.001917349336095947
720 0.2143034176180897 0.02088584499079054 -0.006240485321838839 -4.896927811426499e-05 0.0003529451900922498 -0.002023575258362343 0.2211323849320889 0.01581586134215331 -0.001884684794782771
730 0.2142416678431973 0.02084250026686296 -0.006223079269353676 -5.140805583878496e-05 0.0003520540516106139 -0.00199218198026467 0.2210678581212031 0.01577028133132547 -0.001852938540963596
740 0.2143317002455498 0.02069701540064251 -0.006250714571373904 -4.998063925721118e-05 0.0003539066581797815 -0.001945876837176295 0.2211546816316687 0.01562784325410808 -0.001806763554364239
750 0.2143625799662919 0.02067226640418053 -0.006254550645132946 -4.709865858150813e-05 0.0003551529048723727 -0.001881131287973323 0.2211825201462422 0.01561403784854379 -0.001745072842581764
760 0.2142826372568958 0.02070531026630315 -0.0062256715475011 -4.776414576539827e-05 0.0003503146271183977 -0.00180703022424141 0.2211003874153232 0.01566712389235776 -0.001677914645549329
770 0.2142288725708643 0.02063392047991936 -0.006209117590351102 -4.844031589009834e-05 0.0003536368440149556 -0.001755192817779676 0.2210456062171338 0.01562189756351949 -0.00163866962337037
780 0.214310724911109 0.02048786232947727 -0.006235087567140297 -4.554898362798329e-05 0.0003576595704121888 -0.001705579102047865 0.2211277898353303 0.01550511709527022 -0.001607412668968178
790 0.214323790330699 0.02047725409393395 -0.006235104218977107 -4.255141280154076e-05 0.0003581811036776093 -0.001653222877607859 0.2211418538487385 0.01552512638730314 -0.001578247210701934
800 0.2142369175260584 0.02051442440923084 -0.006207026082689053 -4.412926541449959e-05 0.0003491376129528884 -0.001599580962888055 0.2210564404600443 0.01559186192156604 -0.001550895022232079
810 0.2141852293220874 0.02044825421865509 -0.006193656332131393 -4.600711373344444e-05 0.0003464441875206859 -0.001570839571733587 0.2210067024057378 0.01555228577744327 -0.001549920991080419
820 0.2142712461386889 0.02031934746528415 -0.006221144537749667 -4.536440067043908e-05 0.0003430944319835799 -0.001548330302416537 0.2210948232192419 0.01544521594864977 -0.001553667329248389
830 0.2142800594118911 0.02032659457359571 -0.006218682830687198 -4.5798231225165e-05 0.000335797082885239 -0.001519849233086384 0.221105148688705 0.01546857427507317 -0.001546910519563606
840 0.2142063612802999 0.02036577109345016 -0.006191951261098835 -4.950283751709683e-05 0.0003204599207658338 -0.001492124640506223 0.2210320351318863 0.0155175360025355 -0.001532086603141577
850 0.2141714278079088 0.02030106384783934 -0.006181693361813024 -5.235669241894031e-05 0.0003154499620940419 -0.001486413477079325 0.2209967893278226 0.01545646339291498 -0.001535041071786302
860 0.2142673030848165 0.02018825724737477 -0.006209826480417378 -5.231497982099053e-05 0.0003133010396395793 -0.001491553617199886 0.2210918361340839 0.01534280468251643 -0.001543063501827527
870 0.2142725952401789 0.02021056818921265 -0.006207223174654964 -5.326698973604497e-05 0.000308402770605399 -0.001485788578406924 0.2210961998180229 0.01536221903747803 -0.001539579779434079
880 0.2142072145460663 0.02025309425519807 -0.006183728546478334 -5.569843280885369e-05 0.0002994142643314219 -0.001472735410946635 0.2210305735398882 0.01540163074684716 -0.001527838826151867
890 0.214182941185543 0.02019484209875384 -0.006178146702570751 -5.670562823623007e-05 0.000301629269053595 -0.001487458248871781 0.221006071758035 0.01533997528643678 -0.001544618808293685
900 0.2142764193530668 0.02010100630907538 -0.006208584354536182 -5.535211982838672e-05 0.000306945768255608 -0.001499577150200231 0.2210998436099122 0.01524405558367336 -0.001558404635557746
910 0.2142848644726539 0.0201361478090892 -0.006208365368041455 -5.582809503433921e-05 0.0003064846256570935 -0.001501676920494798 0.2211085586479188 0.01527857648658616 -0.001563420501957306
920 0.2142216344890623 0.02018071277075372 -0.00618846836605536 -5.77681713374494e-05 0.0003015616496443422 -0.001496015968538873 0.2210459615393529 0.01532334302395514 -0.00156263279375268
930 0.214210834717759 0.02011973997647355 -0.006188326979836708 -5.784397062602986e-05 0.0003067598350322995 -0.001512484898676443 0.2210360520499618 0.01526267760248965 -0.001584933895847706
940 0.2143022337814531 0.02003816872170138 -0.006220413791139785 -5.622819945491864e-05 0.0003138697896083107 -0.001529004956829525 0.221128674792359 0.01518165407112571 -0.001607807594712787
950 0.2142993314183286 0.02008431892486697 -0.006219652662099505 -5.752489688230893e-05 0.000314138417340939 -0.001530505764391783 0.2211267170606051 0.01522867917287304 -0.001615837741562649
960 0.2142275755044933 0.0201338532177017 -0.006199132170295359 -6.012918853401079e-05 0.0003107439736798056 -0.001524331693092029 0.2210558127599057 0.01527873854416883 -0.001616614435866147
970 0.2142149120741609 0.02007804613772673 -0.006200591321662531 -6.052499672824886e-05 0.0003172293376557793 -0.001536524925675085 0.2210440935434936 0.01522268294540068 -0.00163606162620937
980 0.2142909418621795 0.02001554659615784 -0.006229930698968001 -6.001037242133557e-05 0.0003252518027638074 -0.001547252800368116 0.2211208440916194 0.0151597566214383 -0.001654051882050903
990 0.2142659752881823 0.02007839417463603 -0.006225367575158203 -6.281369268050925e-05 0.0003246311412554045 -0.001536256951491436 0.2210963693500593 0.01522256705196297 -0.001649564288443597
1000 0.214172744468684 0.02014180465427223 -0.006202361325244233 -6.632322808118758e-05 0.0003229868762514573 -0.001520930363759574 0.2210034637793689 0.01528603945357381 -0.001639766206320561
1010 0.2141431549884223 0.02010139763276881 -0.006204589176112732 -6.799010586655622e-05 0.0003317885761421901 -0.001519559351920805 0.2209743331767491 0.01524545117810776 -0.001643109786406878
1020 0.2141824365378737 0.02007146046847502 -0.006230350146513758 -6.926336151893212e-05 0.0003421451389786684 -0.00150611467578141 0.2210139473016257 0.01521560871817122 -0.001633570166520549
1030 0.2141023071734293 0.02017779155445047 -0.006220601714938855 -7.299212583878345e-05 0.0003441755171724554 -0.001449748623546378 0.2209340599599605 0.01532254808251067 -0.001580134370081438
1040 0.2139509083937147 0.02029277841929568 -0.006194033551371526 -7.543371585333628e-05 0.0003485325621629627 -0.001374656321618902 0.2207827673195662 0.01543785936250528 -0.001507366107010727
1050 0.2138818224264595 0.02029130644624831 -0.006195501932394882 -7.509361375214388e-05 0.0003628276283468735 -0.001311500557348343 0.2207137629332594 0.01543587119626034 -0.001445888388448706
1060 0.213904863159614 0.02027165920737418 -0.0062159710057849 -7.510120783067767e-05 0.0003733917710540404 -0.001259226816268943 0.2207365043495057 0.0154156712625887 -0.001394345068304679
1070 0.2138506739930011 0.02033970847212643 -0.006201017233331311 -7.968411545447884e-05 0.0003685145102380915 -0.001202882962213597 0.220681736077823 0.01548391433579849 -0.001337113248732732
1080 0.2137698005411511 0.02037361829597125 -0.00617515719765958 -8.589801273911756e-05 0.0003606141831402444 -0.001170414145641623 0.2206000978905149 0.01551846985626211 -0.001301556686657093
1090 0.2137921616656557 0.0202824306872487 -0.006183827630221479 -9.111118580362845e-05 0.0003590054508977543 -0.001167799983787693 0.2206214771207952 0.01542804055755484 -0.001292909808211159
1100 0.2138712113812747 0.02021986075930409 -0.006208229491236601 -9.578332729235863e-05 0.0003552934087217404 -0.001158420552776739 0.2206995897099119 0.01536720286183847 -0.001274066319573382
1110 0.2138333223830459 0.02029471784286038 -0.006193593493212413 -0.0001003069001955134 0.0003430788424319692 -0.001123578391429878 0.2206605183645259 0.01544485228627909 -0.001227172231785001
1120 0.2137529393643107 0.02035719015550238 -0.006168596715644421 -0.0001033329218536672 0.0003358524397901665 -0.001105012852302208 0.220578897296115 0.01551005631981726 -0.001194763543192819
1130 0.2137884062925111 0.02029650791762755 -0.006182735605873395 -0.0001050512897762937 0.0003384195444507389 -0.001114862354665629 0.220613308823027 0.01545123597528381 -0.001189689485633227
1140 0.2138739392140819 0.02027148317838086 -0.006208007298288533 -0.0001065831114046482 0.0003376549137386554 -0.001117595817089011 0.2206982958795908 0.01542781233338187 -0.001177260729884448
1150 0.2138345287089983 0.0203687938305715 -0.006191155852673063 -0.0001084851351862806 0.0003251547148704852 -0.001092128891264823 0.2206585023025482 0.01552669309487709 -0.00113750760960988
1160 0.213759135935825 0.02042844205713545 -0.006167019645350228 -0.0001095105018028882 0.0003148369231133133 -0.001077226977687378 0.2205830101421218 0.01558762438215318 -0.001109457211714082
1170 0.2138059360128929 0.02035564340751294 -0.006185300314641131 -0.0001097498099096196 0.0003134913991339918 -0.001088568555244811 0.2206299447140521 0.01551607981767853 -0.001108738737573423
1180 0.2138831890358267 0.02033605924437085 -0.006207826822054621 -0.0001102999321233011 0.0003088807512634256 -0.001092368176703761 0.2207075262050155 0.01549853281221634 -0.001101165643222825
1190 0.2138256236606234 0.02044324306018769 -0.006185279861633784 -0.0001109267326405307 0.0002940674533229461 -0.001068186049417156 0.2206500877084273 0.01560787790517684 -0.001066605084311126
1200 0.2137432723302696 0.02050483339726834 -0.006159522741888337 -0.0001103044405599682 0.000283338483245762 -0.001051277774111898 0.2205675273825333 0.01567023088600996 -0.001040861065701733
1210 0.2137949825707395 0.02043486047027994 -0.006180319019857402 -0.0001091703090974781 0.00028243517274786 -0.001056420841252677 0.2206190493294971 0.0155995162893818 -0.00103882152292367
1220 0.2138597587477783 0.02043841421981451 -0.006198989654447358 -0.0001089215781810244 0.0002783690930407981 -0.001051194078922934 0.2206834066646765 0.01560206951212192 -0.001028383195132825
1230 0.2137923312617199 0.02056523756133702 -0.006172359503867243 -0.000108898580612612 0.000265561987441484 -0.001023458474638014 0.2206152877540852 0.01572804261861246 -0.00099718823847114
1240 0.2137163239289178 0.02062889251475108 -0.006147518917134257 -0.0001073205212340192 0.000256885701454399 -0.001002762215266388 0.2205384522757721 0.0157904111772549 -0.0009750154116549922
1250 0.2137845921008398 0.02055641890726749 -0.006173298195479674 -0.0001048218263869459 0.0002576469539595953 -0.001000479945282521 0.2206062398464342 0.01571676678236978 -0.0009726616114561345
1260 0.2138437948057985 0.02057397340537003 -0.006190135614752411 -0.0001037509618301854 0.0002560000141165935 -0.000993458869487003 0.2206649512439052 0.01573438842867965 -0.000966308303246833
1270 0.2137682464666781 0.02071114564650593 -0.006160903828826707 -0.0001041961855860679 0.0002465400777996134 -0.0009740606960341012 0.2205887784151341 0.01587254140968429 -0.0009478817435666404
1280 0.2137021537204848 0.02076766345686279 -0.006138550165849765 -0.0001028972582238851 0.0002394972986056802 -0.0009586829564747726 0.220522070983074 0.01592975916521409 -0.000934007002585281
1290 0.2137910262150311 0.02068240453605041 -0.006170556597133324 -9.917516238427847e-05 0.000240436069202861 -0.000952239358813487 0.2206106705666391 0.01584509112485709 -0.00092966432652396
1300 0.2138434963357281 0.02070737263125599 -0.00618576736662824 -9.684279536958259e-05 0.0002401098719285797 -0.0009432366566946457 0.2206628330669361 0.01587158983407075 -0.0009229511957557378
1310 0.2137569548550093 0.02084989136269528 -0.006154553554831416 -9.805607326123287e-05 0.0002315905291388717 -0.000925640518827953 0.2205756698374531 0.01601611146879891 -0.0009076701566915229
1320 0.2136984485048079 0.0208960379309659 -0.00613501001555979 -9.793990612801711e-05 0.0002230046495105931 -0.0009086165576386914 0.2205168323977275 0.01606349828343204 -0.0008926255882028128
1330 0.2138065704332519 0.02079801731553326 -0.006172286051773879 -9.339860744643867e-05 0.0002196268330943554 -0.0008872901856148364 0.2206249565693945 0.01596619514530736 -0.0008732113333613856
1340 0.2138496778573414 0.02082926306683545 -0.006184943291499627 -8.983908252326046e-05 0.000216591694395242 -0.0008637656519072525 0.2206677812086704 0.01599879858058068 -0.00085141394081838
1350 0.2137476412240974 0.02097645806796608 -0.006151400589140723 -9.202960397871553e-05 0.0002038576874917985 -0.0008301724108524158 0.220565268937761 0.01614763324230439 -0.0008182327679634999
1360 0.2136898090863699 0.0210144055870959 -0.006133423154913081 -9.371242541906112e-05 0.0001925072329362794 -0.0008074016152774727 0.2205070277230239 0.01618624803911544 -0.0007942418619718739
1370 0.2138144507444975 0.02090687903283716 -0.006174504047160968 -8.925700053949793e-05 0.0001885203599742721 -0.0007868072191704472 0.2206314840063686 0.01607883890430021 -0.0007714826053640076
1380 0.2138566030473899 0.02094202267488455 -0.006185244635488543 -8.408710336567778e-05 0.0001873252295874329 -0.0007659216455815608 0.2206734894705962 0.01611495738400913 -0.000747678052500819
1390 0.213748538588115 0.02108799624139482 -0.006151558144156979 -8.552431827611812e-05 0.0001756927078105817 -0.0007304211155534028 0.2205649460475101 0.01626247158257543 -0.0007080823095445097
1400 0.213692693696999 0.02111970679038028 -0.006136635610374561 -8.758697504621728e-05 0.0001697273963456848 -0.0007212073804610302 0.2205085284592259 0.0162950892050935 -0.0006936095283810334
1410 0.2138332617036556 0.02100948644447448 -0.00618224140196416 -8.33821782008708e-05 0.0001732097590280871 -0.0007268971948097819 0.2206490046230222 0.01618544926764873 -0.000693601398775826
1420 0.2138790478592871 0.02104764131168465 -0.006192153426673735 -7.756324734774507e-05 0.0001780640396269497 -0.0007284188254017687 0.2206947138305812 0.01622494679370344 -0.0006901451584110952
1430 0.2137689243362616 0.02118707935057764 -0.006158829053697808 -7.791876201667407e-05 0.0001663142357931117 -0.0006900014106274902 0.2205840995006814 0.0163662054786988 -0.0006476631390356264
1440 0.2137066875052315 0.02121243382748266 -0.00614531078738889 -7.968938046067822e-05 0.000161680307762135 -0.0006822613621353833 0.2205214771315887 0.01639290203540276 -0.0006358663800735874
1450 0.2138510654085638 0.021106141418375 -0.006194061679860533 -7.647808256688368e-05 0.0001687726893186195 -0.0007065661121800424 0.2206657267744624 0.01628774992099627 -0.0006561702757808452
1460 0.2138970565188957 0.02114914148959781 -0.006202403560679731 -7.228073593293778e-05 0.0001748780440811578 -0.0007286157109092434 0.2207114550974731 0.01633267052253262 -0.0006750576340888722
1470 0.213790354669791 0.02127750592994198 -0.006167658102711189 -7.235171789457243e-05 0.0001569252826590871 -0.0006836296539555576 0.2206044364339957 0.01646337847096087 -0.0006279191418432531
1480 0.2137234034428391 0.0213003964567724 -0.006152698990374013 -7.21981747119186e-05 0.0001488058144486241 -0.0006665966818189872 0.2205370938028349 0.01648791130339032 -0.000609281162892735
1490 0.2138639692264968 0.02121072728501466 -0.006202001776453595 -6.852222412645254e-05 0.000159813625349532 -0.0007058604705719958 0.2206772696266532 0.01639950351014327 -0.0006470742351456512
1500 0.2139036330773639 0.02127453017057558 -0.006208162282384627 -6.694512787650961e-05 0.0001704886018648008 -0.0007554023030530236 0.2207166415190812 0.01646511749523337 -0.0006952748630413514
1510 0.2137991831049788 0.02140197488082921 -0.006170283926382489 -6.804252293834184e-05 0.000149042832418346 -0.0007107762552968166 0.2206119022854939 0.0165945455169511 -0.0006502668050918466
1520 0.2137266060413145 0.02142384479415584 -0.006151443288791226 -6.529135733787008e-05 0.0001385380737393474 -0.0006787695414485866 0.2205389441492758 0.01661766163882569 -0.0006191152413750099
1530 0.2138600148650026 0.02134650154274794 -0.00620162701538997 -5.971458486068391e-05 0.0001541357646650582 -0.0007197043774497195 0.2206721357363389 0.01654147462628566 -0.0006611079914565275
1540 0.2138917578420655 0.0214256312222152 -0.006208579273514864 -6.106578230687649e-05 0.0001677729475799952 -0.0007805069623229934 0.2207034895332413 0.01662247409895273 -0.0007225271572360519
1550 0.2137872414272978 0.02154779910007995 -0.006168653877246329 -6.573068700010123e-05 0.0001413231865757329 -0.0007336012071879226 0.2205984215399096 0.01674652982554987 -0.0006764441261503886
1560 0.2137180247478699 0.02155432233903041 -0.006146522033231716 -6.142474268973976e-05 0.0001272666371157706 -0.0006876687431333144 0.2205289862799951 0.01675395654234325 -0.0006322377631381551
1570 0.2138544047218563 0.02146987241182578 -0.006199449612765687 -5.273224228205862e-05 0.0001458153528528489 -0.0007200418922492206 0.2206652107451645 0.01667026920120299 -0.0006668134631735419
1580 0.2138759462491658 0.0215532518031142 -0.006208325643083881 -5.603298839073794e-05 0.0001608432449578244 -0.0007765650456341233 0.2206862947827139 0.01675530596292454 -0.0007247812440746076
1590 0.2137633465478173 0.02167053472252923 -0.006166409033756239 -6.519553306254082e-05 0.0001325297394273502 -0.000730738690080798 0.2205730753847249 0.01687426072203835 -0.0006795151343314818
1600 0.2137016782425945 0.02165896919131123 -0.00614183180691506 -6.178024615103718e-05 0.0001198208699801915 -0.0006926006076393666 0.2205112884337921 0.01686308541417383 -0.0006423748250595805
1610 0.2138550126118481 0.02155537628403201 -0.006198512027874928 -5.007231037357061e-05 0.0001425445911384253 -0.0007233831391424744 0.2206647288588944 0.01675949152541976 -0.0006751814639956055
1620 0.2138711211590909 0.02163184137078157 -0.00620992469234402 -5.303782593990077e-05 0.00015895757916181 -0.0007685983586142558 0.2206805517557743 0.01683693996955032 -0.0007219879459795515
1630 0.2137474930582063 0.02174937191181502 -0.006167725768378732 -6.527511443357382e-05 0.0001335818029334308 -0.000730572294403837 0.2205563164404001 0.01695551362826291 -0.000684020618834163
1640 0.2136951154248977 0.02172815156934645 -0.006143612045150704 -6.484118071429398e-05 0.0001261003436204772 -0.0007178804767403634 0.2205038273209096 0.01693376814176865 -0.0006709270951258484
1650 0.213874225305246 0.02159772515860521 -0.00620345539362488 -5.208085854036166e-05 0.0001513706190126113 -0.0007579142308898118 0.2206832205633342 0.01680217577833201 -0.0007116522010590982
1660 0.213894195098677 0.02166070582550641 -0.006216339158700171 -5.264622600166782e-05 0.0001664192413799345 -0.0007842505572930198 0.2207029422701767 0.01686513079267727 -0.0007391763371495143
1670 0.2137572853401595 0.02178252880519687 -0.006174385957669956 -6.522266885693617e-05 0.000143442677546946 -0.0007441342652997344 0.2205655415511404 0.01698752155887603 -0.0006989143064644575
1680 0.2137067807521382 0.02176137796959137 -0.006152567481161934 -6.832746217418396e-05 0.0001406069588755756 -0.0007544365020716693 0.2205149080053022 0.01696563588482764 -0.0007079689939151141
1690 0.2139056545944869 0.02160953126045343 -0.006213664779702143 -5.754702509219331e-05 0.0001665747043572029 -0.0008116012654906612 0.2207142965273568 0.01681245810228067 -0.0007644701294708565
1700 0.2139331811609952 0.02165569806806507 -0.006224524909237647 -5.49589655921743e-05 0.0001789682336064436 -0.0008237245744660316 0.2207420304926862 0.01685846920696824 -0.0007772098325648367
1710 0.2137832137267403 0.02178059539943092 -0.006182287296039454 -6.460222008757829e-05 0.0001589104901661768 -0.0007755113836272906 0.2205919268432267 0.01698400112323028 -0.0007292610735284576
1720 0.2137273302469166 0.02176605298052484 -0.006164209789446738 -7.007107337060464e-05 0.0001601899649428192 -0.0007980437414560485 0.2205359844843004 0.01696890400857628 -0.0007507409585323539
1730 0.2139341045688536 0.02160523795458035 -0.006225699159948737 -6.37724924008441e-05 0.0001865655895721997 -0.0008752434725184807 0.2207432546274849 0.01680675114001271 -0.0008266866886643467
1740 0.213969738248216 0.02163790880025687 -0.006231707686850058 -5.985548608668658e-05 0.000196945643705371 -0.0008866715427614828 0.2207792746073119 0.01683889979590323 -0.0008384826414259493
1750 0.2138186944411912 0.02175888168337364 -0.006189022565776366 -6.440263221415167e-05 0.0001791585043469413 -0.0008265395802158012 0.2206283185638836 0.01695997725997115 -0.0007796528510923231
1760 0.2137553809315068 0.02174758150477631 -0.006175549288654461 -6.992261990153029e-05 0.0001828826473119838 -0.0008451673541014316 0.2205649454932478 0.01694782114334067 -0.0007987262889583759
1770 0.213958474452105 0.02159190439299126 -0.006238145124902643 -6.844840711252799e-05 0.0002096274528631502 -0.0009336034624751091 0.2207682119566377 0.01679075150926358 -0.0008864146311928739
1780 0.2139976444861905 0.02161937217515451 -0.006238605826857226 -6.642344792183086e-05 0.0002185169317788289 -0.0009569447955316817 0.220807801040285 0.01681760018956378 -0.0009096885135427787
1790 0.2138573161519403 0.02172644155479373 -0.006194468635482987 -6.633858748212932e-05 0.0001997368563098181 -0.0008848708746374708 0.2206676982807226 0.01692451169174792 -0.0008392969505390959
1800 0.2137900751381923 0.02170904087071121 -0.006184737830835453 -6.893998460041189e-05 0.0002019585740395396 -0.0008801262157385844 0.220600453409146 0.01690624241559974 -0.0008362358119873672
1810 0.2139769497741598 0.0215661359049295 -0.006247783043376848 -7.039707160262153e-05 0.0002276737196411977 -0.0009638371935997154 0.2207873110221138 0.01676232605853578 -0.0009200729583532881
1820 0.2140098319266509 0.02160300291024 -0.006244174088473173 -7.268617770379446e-05 0.0002362631505356371 -0.001004193364663277 0.2208203920863559 0.01679887101972413 -0.0009600847344700877
1830 0.2138876342680617 0.02169348952140372 -0.006198430204980141 -7.098080088385686e-05 0.000215388250619077 -0.0009335261332442745 0.2206984837430816 0.01688908665031327 -0.00089074551396648
1840 0.2138269520577167 0.02165977410858804 -0.006190954004449545 -6.861431566298423e-05 0.0002132967074298559 -0.0008984876418528493 0.2206379950856132 0.01685434522560229 -0.0008581074065830652
1850 0.2139908211781249 0.02153134819545871 -0.006253326088400398 -6.989613040500348e-05 0.0002367742587909254 -0.0009627088971561945 0.220801791617218 0.01672513141208481 -0.000923576254051513
1860 0.2140056406200962 0.02159047010362061 -0.006247263074263878 -7.629956996443644e-05 0.0002474671017054304 -0.001018324993546951 0.2208165581739416 0.01678429984051011 -0.0009787005297568416
1870 0.2138992698809263 0.02167102515725813 -0.00620112390254706 -7.713312208650395e-05 0.0002268603885968487 -0.0009691450556763058 0.2207103805788029 0.01686459585126923 -0.000929613411903352
1880 0.2138600472590052 0.02161330420931252 -0.006194835027643116 -7.050868934942472e-05 0.0002194843480677585 -0.0009129146879230999 0.2206713888163427 0.01680555896672389 -0.0008754227041839528
1890 0.2140068197934739 0.0214904450010189 -0.006255598218255649 -6.823268411767013e-05 0.000238243385040726 -0.0009432714012726051 0.2208183016282496 0.01668193610185714 -0.0009076734955701506
1900 0.2139951038640838 0.02157528645463454 -0.006247891575865299 -7.655969590332148e-05 0.0002513368300679249 -0.001002232478817433 0.2208063342070402 0.01676716754088876 -0.0009665519821293904
1910 0.213895477416233 0.02165979581931216 -0.006203369843494311 -8.227560931662285e-05 0.000234823478812394 -0.00098521703517479 0.2207066485525313 0.01685166451268308 -0.0009486589507550391
1920 0.2138845533757156 0.02157767521479857 -0.006197953709819289 -7.49419071542776e-05 0.000224450316434499 -0.0009317832677532264 0.2206960189950572 0.01676815020962611 -0.0008962342783082962
1930 0.2140278282993227 0.02144962506797922 -0.006256058055523449 -6.715884898961286e-05 0.0002367440212416286 -0.000925130599547427 0.2208396485368089 0.01663924831072518 -0.0008918371529581473
1940 0.2139887265230228 0.0215522061564731 -0.006246978880489755 -7.436440383887278e-05 0.0002497210534490917 -0.0009690006909734775 0.2208002533074666 0.01674247563498566 -0.0009367682381210195
1950 0.2138821217482749 0.02165190569435581 -0.006204955108248397 -8.448803222875486e-05 0.0002388628088101756 -0.0009773831651393745 0.2206933502580565 0.01684255645145992 -0.000944223099520815
1960 0.2138960705306747 0.02155533032185111 -0.006201535706437625 -8.061728742328028e-05 0.0002293554540735573 -0.0009509494005190258 0.2207074961873852 0.01674466101096663 -0.0009176246423885765
1970 0.2140509285145592 0.02141515014168406 -0.006256137792357062 -6.847044189032358e-05 0.0002351052651251387 -0.0009204152397215927 0.2208629211910032 0.01660340166847372 -0.0008889690084073537
1980 0.213991903799929 0.02152250761587153 -0.00624511952457365 -7.145114811970628e-05 0.0002442930582320396 -0.0009323957361052448 0.2208037591064801 0.01671130528931176 -0.0009028063409692392
1990 0.2138681819366458 0.02163858189317096 -0.006205556663374714 -8.357016464174436e-05 0.0002380836237461115 -0.0009498512606239261 0.2206794601824583 0.01682798165764904 -0.000919927835896435
2000 0.2138930610715316 0.02154551190503795 -0.006205247030165727 -8.526330047212656e-05 0.0002334139054043335 -0.0009598557934658277 0.2207044342497804 0.01673385089955323 -0.0009285978629589459
2010 0.2140669167649744 0.02139364212268093 -0.00625623466871892 -7.25720997912328e-05 0.0002352162229756598 -0.0009322545241120532 0.2208789499879126 0.01658073114881808 -0.0009014527563382796
2020 0.2140042664368915 0.02149192827664201 -0.006242805266723702 -6.962548588595828e-05 0.0002382289780907119 -0.00090741360455639 0.2208164200092036 0.01667926666779734 -0.0008784387815169432
2030 0.2138606385749236 0.02161541084047916 -0.006204863926519011 -8.042080745768504e-05 0.0002334031516842579 -0.0009132880455193968 0.2206722274352175 0.01680347425514128 -0.0008848574303549286
2040 0.2138811772313681 0.02153920289484688 -0.006208077776064376 -8.668371005819899e-05 0.0002353625160657522 -0.0009515801940806054 0.2206926558153232 0.01672664536800288 -0.0009215423229926178
2050 0.2140679795868724 0.02138722691042648 -0.006256556189673465 -7.782138177167162e-05 0.000238217016545777 -0.0009531510570593358 0.2208800015008946 0.01657354580700296 -0.0009221592583038183
2060 0.2140188171122117 0.02146737856079172 -0.006240251246110877 -7.041733301943752e-05 0.0002346028686073089 -0.0009048786090017781 0.2208311885702283 0.01665365333366173 -0.0008751851955051881
2070 0.2138627997602181 0.02158559893316392 -0.006203093794993983 -7.668929029910403e-05 0.0002270801829017824 -0.0008803819446865933 0.2206747836995062 0.01677248021914965 -0.0008521464350673411
2080 0.2138680712604756 0.02152826165801943 -0.006209477872787535 -8.469133632341189e-05 0.0002344053769240577 -0.0009275371382892886 0.2206798165197779 0.01671491167603684 -0.0008984614782672457
2090 0.2140546339181444 0.02139368821728203 -0.006257294118336277 -8.166097114496155e-05 0.0002428647955853888 -0.0009688253830090575 0.2208666882436186 0.01657955690793745 -0.000937931777333804
2100 0.2140273526273172 0.02145625281559149 -0.006238559951919588 -7.411236276038824e-05 0.0002352314471901677 -0.0009246042025408946 0.2208396885772878 0.01664185897920049 -0.0008939916328150656
2110 0.2138744672620756 0.02155572505497464 -0.006200861426727619 -7.411999234147445e-05 0.0002216030291455474 -0.0008623641409163585 0.2206868008550468 0.01674161920830101 -0.0008335498481992674
2120 0.213862374778336 0.02150859680376591 -0.006209567621785111 -8.048990221527178e-05 0.000230109754640983 -0.0008956598388682426 0.2206744685974271 0.01669439599375471 -0.0008673414007512795
2130 0.2140333805262397 0.02140405717963564 -0.006257467932919571 -8.224675040013103e-05 0.0002456997237133941 -0.000966786928074627 0.2208455183767282 0.01658953767964667 -0.0009366720991209602
2140 0.2140215731521699 0.02146064932946411 -0.006237455466197531 -7.92013916447907e-05 0.0002383093152710116 -0.0009515155733322532 0.2208338391764954 0.01664594650918079 -0.0009204091470257264
2150 0.2138894432513439 0.02153387308226684 -0.006198609025462105 -7.452717632591368e-05 0.0002182934170514671 -0.0008654877631657502 0.2207019382869521 0.01671911278941249 -0.0008357539385701725
2160 0.2138673485021925 0.02148305028315776 -0.00620861542080828 -7.585367726531027e-05 0.0002237551820738695 -0.0008656379592908891 0.2206797744434506 0.01666808781419726 -0.000837483069789947
2170 0.2140135262399079 0.02140833951013102 -0.006256703593152282 -7.955101325192896e-05 0.000245021300695732 -0.0009470801356359386 0.2208258429177284 0.01659349152429814 -0.0009180197895020712
2180 0.2140019795211182 0.02147753671666369 -0.006236919548385527 -8.304781210778156e-05 0.0002421843683503829 -0.0009691260681103442 0.2208141448807399 0.01666285350510882 -0.0009382081030751746
2190 0.2138973652138082 0.02152632899569369 -0.006196845206585692 -7.807721500026442e-05 0.0002185269073630276 -0.0008883824699071777 0.2207098337799921 0.0167113959551747 -0.0008576555052543559
2200 0.2138835910376715 0.02145846184665887 -0.006207656411192603 -7.26715759570264e-05 0.0002178816233059037 -0.0008492386636856975 0.2206962895798499 0.01664301107024738 -0.0008204180378308084
2210 0.2140025745728841 0.02140329065343904 -0.006255155238151794 -7.48579128109212e-05 0.0002409032643338269 -0.0009181594815121583 0.2208150004895517 0.01658811293713358 -0.0008898781680405002
2220 0.2139762523274111 0.02149792948022106 -0.006236369497039581 -8.364990029474052e-05 0.0002441792248434948 -0.0009668843645422175 0.2207883790415184 0.01668341921426863 -0.0009367066294792824
2230 0.2138906842084948 0.0215358583493697 -0.006195859469282773 -8.30567253610055e-05 0.00022175958865099 -0.0009179725404885857 0.2207029618902406 0.01672114847907909 -0.0008866212880041225
2240 0.2139033837228562 0.02144185324090411 -0.006206932124104444 -7.257565689444664e-05 0.0002147613668429185 -0.0008546054176158779 0.2207161281377916 0.01662625141970074 -0.0008246636908704677
2250 0.2140043761496743 0.02139070477954714 -0.006253128518647942 -6.992160511017065e-05 0.0002349080879065178 -0.000890919233500146 0.220817018367951 0.01657524894265876 -0.0008626260258111117
2260 0.213952486081644 0.0215110425220934 -0.006234797498017502 -8.096847556119859e-05 0.000242316364198789 -0.0009451645167481121 0.2207646760973238 0.01669665506077803 -0.000915912365435955
2270 0.2138708520033935 0.02155813658763119 -0.006195535298508978 -8.66690742369742e-05 0.0002256415364435193 -0.0009364343513378809 0.2206829099968237 0.0167438456361542 -0.0009051671658979681
2280 0.2139176707646163 0.02143908468088334 -0.006207290456938412 -7.574653302223634e-05 0.0002152874721931355 -0.0008794132436056449 0.2207302762651014 0.01662366859272433 -0.0008483392327413924
2290 0.2140188229484855 0.02137720045342831 -0.006251412114657945 -6.666225337979922e-05 0.0002295156605048282 -0.0008771170600518986 0.2208316082972792 0.01656158104813087 -0.000848062372243407
2300 0.2139387308085781 0.02151318156277913 -0.006232476847655421 -7.637370641772756e-05 0.0002370134469926314 -0.0009135609467056321 0.2207510611817637 0.01669878204073913 -0.0008849864972843449
2310 0.2138440267282709 0.02158273961393813 -0.00619478319105473 -8.698372397942891e-05 0.0002275556002631055 -0.0009335518130729588 0.2206560000453751 0.01676886381019746 -0.0009030052061203012
2320 0.2139182844021434 0.02145126935869604 -0.006208936268585225 -8.043449648743677e-05 0.0002191040777141905 -0.0009103063247079111 0.2207305146044903 0.01663626637402607 -0.0008786610215084044
2330 0.2140379886916893 0.02137008686799982 -0.006250273149267419 -6.673199405709972e-05 0.0002270493969569063 -0.0008854217926114949 0.2208507580249947 0.01655454681047387 -0.0008552050124978019
2340 0.213937781306784 0.02150646013780622 -0.006229443431799967 -7.165175207897761e-05 0.0002298494916958777 -0.0008835855315572375 0.2207502853475861 0.01669200714061034 -0.0008549603659708782
2350 0.2138197104264353 0.02159834406874348 -0.006193073560688053 -8.399271150636657e-05 0.0002258645242187475 -0.0009114754755679357 0.2206317065886159 0.01678478153656811 -0.0008818205295252008
2360 0.2139065247406867 0.02147356133909473 -0.006211587525649399 -8.371122580039275e-05 0.0002239772585575261 -0.0009308586886763345 0.2207185000709738 0.01665916687784799 -0.0008992601917462009
2370 0.2140510668496723 0.02137519031556664 -0.006250217864344908 -7.021378815706809e-05 0.000228519810034194 -0.0009135969422494722 0.2208636515069441 0.01656006144590043 -0.0008821670638563299
2380 0.2139485320324238 0.02149804701998545 -0.006226419133173513 -6.868673406096391e-05 0.0002235637065451139 -0.0008682377189930181 0.2207611375698379 0.01668364533991593 -0.0008388160950478009
2390 0.2138062370102044 0.02160081147377253 -0.006190709251243876 -7.913519833257091e-05 0.0002208459213411263 -0.0008802959461981857 0.2206183522698822 0.01678737798817501 -0.0008513434929287232
2400 0.2138893861037282 0.0214953656780466 -0.006214234675916133 -8.369445516263755e-05 0.0002268637888858219 -0.0009298139704176266 0.2207012464673312 0.01668150996772499 -0.0008990147629982986
2410 0.2140498397930481 0.02139413944925748 -0.006251177510179004 -7.528441504891878e-05 0.0002330149234761845 -0.0009470355489872017 0.2208621395802833 0.01657960416959343 -0.0009150392500242408
2420 0.2139634100536538 0.02149550446767072 -0.006223704161849569 -6.914438255321613e-05 0.0002203208773923547 -0.0008753270974157709 0.2207759987527894 0.01668129654459102 -0.000844753661136527
2430 0.2138073745098188 0.02159257862112977 -0.00618811874681257 -7.426130688483211e-05 0.0002142136235385711 -0.0008515770595600627 0.2206195406887096 0.01677909027367356 -0.0008227058947950903
2440 0.2138759986461313 0.02150581809846846 -0.006216128325156881 -8.044870611132584e-05 0.000226215579300088 -0.000910042700852974 0.2206878953350669 0.01669228557603357 -0.0008802288870573638
2450 0.2140356465106792 0.0214225103930776 -0.006252970169364686 -7.890686672296085e-05 0.0002383861971805554 -0.0009687735280672427 0.2208476899402907 0.0166086414043883 -0.0009368666976136346
2460 0.2139718994378837 0.0215043365902904 -0.006222100007053554 -7.301274702616961e-05 0.0002211943151895469 -0.0009026457782969569 0.2207842912791053 0.01669058976488352 -0.0008708022965509108
2470 0.2138208203106803 0.021580856709725 -0.006185797821424495 -7.126851817416773e-05 0.0002086502280324305 -0.0008383416056922015 0.2206331016954007 0.01676738981360545 -0.0008085540475330471
2480 0.2138734547241282 0.02150127169874458 -0.006217273485671122 -7.545606487934332e-05 0.0002221925466168015 -0.00088134043596993 0.2206854898196594 0.01668783156275738 -0.0008520803241607587
2490 0.2140151757157317 0.02144932815842335 -0.006254285586798704 -7.9164276272352e-05 0.0002415648552676374 -0.0009684321754649669 0.2208271021760957 0.01663602286232204 -0.0009372373628249563
2500 0.2139654598687206 0.02152640296511996 -0.006221472404564365 -7.837426066846246e-05 0.0002253593042724902 -0.0009353026069455737 0.2207775603191625 0.01671326127304451 -0.0009028078729211592
2510 0.2138389399005058 0.02157339940837941 -0.006184126657389401 -7.179895722113625e-05 0.0002063517535931902 -0.0008479580598135514 0.2206511891107435 0.01676007067925681 -0.0008169620165242512
2520 0.2138852857274304 0.02148567781696967 -0.006218060132269025 -7.055242389816434e-05 0.0002166148701323423 -0.0008552134064063973 0.2206975131851142 0.01667216076851864 -0.0008259655536710182
2530 0.2139977824666898 0.02146436325812874 -0.00625447730204816 -7.616457549083283e-05 0.0002409595967148667 -0.0009482988355014079 0.2208097820274753 0.01665138468437717 -0.0009181351970850048
2540 0.2139458072273857 0.02155695633027442 -0.006221666794547081 -8.217448525843275e-05 0.0002302123802393803 -0.0009548173877876007 0.2207575413404269 0.01674443835436835 -0.0009226322985540359
2550 0.2138505906463636 0.02157668147779533 -0.006183732853314125 -7.578206566472766e-05 0.0002080059462334085 -0.0008767087903276663 0.2206626529034676 0.01676372359586526 -0.0008446519894590165
2560 0.213908482728891 0.02146680768321461 -0.00621875375343832 -6.762382885035903e-05 0.0002117935945980614 -0.0008430571578896541 0.2207208406196005 0.01665322676716178 -0.0008131206263483178
2570 0.2139905864992711 0.02146467524841546 -0.00625357720401909 -7.14054555649453e-05 0.000236717041843576 -0.0009178796122418399 0.2208027296304955 0.0166517487685106 -0.0008885466419542861
2580 0.2139209768958163 0.02158456091348848 -0.006221533573770206 -8.253763667650942e-05 0.0002327597521278882 -0.0009512904751510651 0.2207325951666585 0.01677254124718177 -0.0009201145262659871
2590 0.2138479541473327 0.02159218168893534 -0.006184633182407537 -8.12586888351309e-05 0.0002127716874877807 -0.0009097633906436035 0.2206597357723915 0.01677972161533479 -0.0008772650229900087
2600 0.2139357308065591 0.02145269401051009 -0.006219870809920921 -6.829587376071531e-05 0.0002101163937155866 -0.0008544865061471844 0.2207480534014681 0.01663918603540178 -0.0008234279110572691
2610 0.2139968849324375 0.02145380136874066 -0.006251970125593253 -6.680762553613375e-05 0.0002308076436302749 -0.000890830819150877 0.2208092102646139 0.01664075792489398 -0.0008614630991424623
2620 0.213900246806149 0.02159910696909652 -0.006220559450519222 -7.966896990496987e-05 0.0002314906748029966 -0.0009287857806610888 0.2207119169703753 0.01678732551466586 -0.0008985358430203556
2630 0.2138325920677926 0.02161494794978467 -0.006186361128588549 -8.50419043858846e-05 0.0002182269155093447 -0.0009301269213398669 0.2206441328744232 0.01680301026429004 -0.0008977192989810598
2640 0.2139556570405055 0.02144980226956045 -0.006222116122267518 -7.247822270732339e-05 0.0002125155855527654 -0.000884943285654139 0.2207678360157223 0.01663658330128762 -0.0008525886774439248
2650 0.2140143819538952 0.02143971651099121 -0.006250332587947444 -6.424682748636455e-05 0.0002260334526602701 -0.0008790339447841052 0.2208267231355888 0.01662654084960962 -0.0008488321919255641
2660 0.2138912676941511 0.02159655115945197 -0.006219030158756936 -7.501463181876909e-05 0.0002270436016760037 -0.000897580315085466 0.2207031013114393 0.01678472202743684 -0.0008680126011062702
2670 0.213812347438964 0.02163234737903017 -0.00618800347887868 -8.540777261697942e-05 0.0002217280958377557 -0.0009282391405166626 0.2206237954963319 0.01682077952705704 -0.0008967556800879621
2680 0.2139594369181983 0.0214581739977023 -0.006225117329198175 -7.804037320943786e-05 0.0002178607205608661 -0.0009186745366981982 0.220771345744754 0.01664538022253439 -0.0008858413002973163
2690 0.2140355452266687 0.02142939253031088 -0.0062490985668022 -6.527105282591714e-05 0.0002242974801778693 -0.0008899295637702309 0.2208478564912232 0.01661625605651733 -0.0008586275823713266
2700 0.2138959747829211 0.02158241952362709 -0.006216814005228048 -7.064558239750364e-05 0.000220656513071749 -0.0008691331874025479 0.2207079919428976 0.01677039606252262 -0.0008396264882323785
2710 0.2137970508521737 0.02163751844669097 -0.006188677378094717 -8.244238011043586e-05 0.0002208806657875175 -0.0009056197106742637 0.2206085734662663 0.0168260593528199 -0.0008752779295430106
2720 0.2139510197451216 0.02147571245750124 -0.00622893427192399 -8.169337361932635e-05 0.0002241103406706969 -0.0009396164500857231 0.2207627077093701 0.01666333190842881 -0.0009070880317017148
2730 0.2140485044081097 0.02143187188610149 -0.006248811884001332 -6.975331167586754e-05 0.0002271651773629988 -0.0009220505050542235 0.2208606538035677 0.01661891874766893 -0.0008895992261576346
2740 0.2139129182789412 0.02156671320267515 -0.006214680461245253 -6.836953426437026e-05 0.0002156405626705144 -0.0008573916870755686 0.2207250981455283 0.01675443568909984 -0.0008269927338242816
2750 0.2137922508058121 0.0216282947453875 -0.006188164049599751 -7.778197319618344e-05 0.0002165287683412948 -0.0008743652075293786 0.2206039967892776 0.01681662001104511 -0.0008446006193396028
2760 0.2139361382311368 0.02149191657125656 -0.006231976861381218 -8.175221443365261e-05 0.000228071306117161 -0.0009371605950129262 0.2207476659809499 0.01667974470709108 -0.0009055660927677536
2770 0.2140461297481148 0.02144902076367329 -0.006249769831726082 -7.543751495198716e-05 0.0002334629334332031 -0.00095717178919968 0.2208580307178326 0.01663636369567437 -0.0009242423052031026
2780 0.2139330641363645 0.02155552075015131 -0.006213191339234607 -6.966097031566101e-05 0.0002148173494701861 -0.000870916873017376 0.2207452430572017 0.01674308960726317 -0.0008394436395274509
2790 0.2138024025419485 0.02160664188208905 -0.006187549980932847 -7.332219480293202e-05 0.0002118136492323928 -0.0008495115674537454 0.2206143776015422 0.01679452230730989 -0.0008198598340450296
2800 0.213926380805892 0.02149382332684392 -0.006234177342923091 -7.850778503197288e-05 0.0002284777067382067 -0.0009168165529326023 0.2207380250300164 0.0166815524506464 -0.0008864888044607081
2810 0.2140301084424541 0.02147202282968834 -0.006251189400671323 -7.918988922456969e-05 0.000239990660839765 -0.0009776570711645721 0.2208418136620138 0.01665962208050121 -0.0009452193681981084
2820 0.213944560867445 0.02155506266407109 -0.006212794001241538 -7.441539343715126e-05 0.0002177578039682691 -0.000902968959252558 0.2207565750604547 0.01674264975071945 -0.0008705324496685208
2830 0.2138242135770682 0.02158201086588839 -0.006187023031968804 -7.101275060537322e-05 0.0002079546423262271 -0.0008404873967242351 0.2206363663347518 0.01676945925445173 -0.000810108834676774
2840 0.2139268616372703 0.02148060096127883 -0.00623495901147199 -7.371266532698178e-05 0.0002249391125975076 -0.0008875820992797448 0.2207387341185196 0.01666798647912261 -0.0008580135424505656
2850 0.21400876310454 0.02149136045179776 -0.006251883239548299 -7.939086280056015e-05 0.0002435734755032298 -0.0009747400982218115 0.2208204445900253 0.01667908783596023 -0.0009433201077049657
2860 0.2139393206870597 0.02156861272434723 -0.006213218489826273 -8.028669694816949e-05 0.0002233415765472625 -0.000936455485986284 0.2207511307310611 0.01675639832327429 -0.0009035894405737835
2870 0.2138475339835762 0.02156427213646838 -0.006186688104483446 -7.240572443983785e-05 0.0002069448204007552 -0.0008537237814876043 0.220659585627914 0.01675144171783117 -0.000822313710698357
2880 0.2139408617202079 0.0214569738609314 -0.006235206777866569 -6.92124189467506e-05 0.0002199429022723943 -0.000862234195133282 0.2207529937752478 0.01664387948573908 -0.0008327494404353225
2890 0.2139917804595957 0.02149769745536113 -0.00625156142521755 -7.637951423624887e-05 0.0002429629888535727 -0.0009515311879136742 0.2208035929024465 0.01668531860149588 -0.0009213476436097571
2900 0.2139205232903416 0.02158951887856238 -0.006213956391522835 -8.407810980485729e-05 0.0002287338296289936 -0.0009534190809319903 0.2207321504966646 0.01677754831922553 -0.0009210199728886668
2910 0.2138612363677016 0.02155908565401602 -0.006187333688887187 -7.712285281739243e-05 0.000210125342897637 -0.0008856044834345884 0.2206731405762945 0.01674626551047478 -0.0008532033258698919
2920 0.2139658086506418 0.02143257838904312 -0.006235560537389717 -6.679336232899067e-05 0.0002168697018019943 -0.0008555282530136232 0.2207781227592928 0.0166190733223058 -0.0008252326178749723
2930 0.2139868654688586 0.02148872009709057 -0.006250515856827172 -7.167082774430619e-05 0.0002398358849277995 -0.0009234813060019478 0.2207988978274058 0.01667601154752371 -0.0008940091365295614
2940 0.2138971545136096 0.02160698671176589 -0.006214239028694007 -8.415811794660191e-05 0.0002327809382433672 -0.0009507015052619712 0.2207087534624519 0.01679512907828428 -0.0009193028253386294
2950 0.2138589732179197 0.02156769616180201 -0.006189006856862351 -8.272738698598409e-05 0.0002169328899784307 -0.0009214570959227562 0.2206706533458037 0.01675503348087507 -0.0008886639533494078
2960 0.2139922861580245 0.02141447831044381 -0.006236315157763561 -6.816359517400268e-05 0.000216921879179592 -0.0008717334472604678 0.2208046147391903 0.01660071827450072 -0.0008403685153261398
2970 0.2139944738592244 0.02146995434155836 -0.006248749735929883 -6.743757001093774e-05 0.0002342515663238828 -0.0008969634410687042 0.2208067721077111 0.01665675342109742 -0.0008675481818203413
2980 0.2138783978420099 0.02161079481333011 -0.006213524681251618 -8.099720618701055e-05 0.0002316224383068538 -0.0009254911097830999 0.2206900201180589 0.01679875327021232 -0.0008955150612979686
2990 0.2138434349600641 0.02158310373115457 -0.006191144691317929 -8.621920668321168e-05 0.0002229089043298014 -0.0009387537630467014 0.2206549507524463 0.0167706217972601 -0.0009066908536443399
3000 0.2140077188688758 0.02140896736586507 -0.006237574823476283 -7.287394964492614e-05 0.0002199844119730722 -0.0009037048924215689 0.2208199040678949 0.01659519603528218 -0.0008716425081599764
