"report"
"Iteration" "cd etc.."
("Iteration" "cd" "cl" "cmx" "cmy" "cmz" "cx" "cd-scale" "cl-scale" "cs-scale" "cmx-scale" "cmy-scale" "cmz-scale")
10 0.1287405475113778 0.05317245626141544 -0.01321970547027376 0.0003779765867432354 -0.0005975915824957436 -0.001571831191944822 0.1354216063735346 0.05047209314729943 -0.002766916067606289 -0.0137876173341444 0.00051679552720301 -0.0007823928315929873
20 0.1935586115126299 0.06094405703264327 -0.01580651137560563 0.001154621426197626 -0.0009905707436562144 0.006318920755502424 0.2008398359247797 0.05993460193157731 0.004465879747388535 -0.01635213066879317 0.001836515063827913 -0.001375463542556915
30 0.2191129537128718 0.06852866532867823 -0.02019655233571936 0.0002501986913533769 -0.0004340228800703265 0.007839050533816319 0.2256747471464793 0.06713374115176761 0.003509552784451733 -0.02130625891028813 0.002033676010331254 -0.001395295675537518
40 0.2286568331855889 0.06813357313855385 -0.01945693825554088 0.0002799640905221609 -0.0005096716299345534 0.007464684395495547 0.2349651495780733 0.06629613925947078 0.004035811111757456 -0.02101759822448834 0.001605708647033084 -0.001261209368791971
50 0.2335747440051617 0.06491460080763367 -0.01755396247389336 0.000133817690653 1.217054174654911e-06 0.009001139098171688 0.2402340649030217 0.06355684985351989 0.00700410331576319 -0.01905077751854372 0.0008142546497349821 -0.000416845370478275
60 0.2373954222389594 0.06494465063877114 -0.01695485359543752 -4.64615843395583e-05 0.0004015431531656447 0.01103090368649149 0.2443075771911855 0.06389886430442342 0.01054586214449879 -0.01827649721697652 0.000119319900966176 0.0002835249378547472
70 0.238027484334483 0.06779027600415033 -0.01728496887122802 -0.0001555250138211265 -2.594845405143272e-05 0.01028926956061131 0.2448744851822239 0.06699720594158219 0.01082198987723831 -0.01851758775233078 -0.0004681222655463804 8.329326553259549e-05
80 0.2373525348328963 0.07038391143920864 -0.01652975094142663 0.0002242290566317248 -0.000319331558805866 0.009184133339692258 0.2438914442806805 0.06964694976691117 0.009407202235938422 -0.01786650693710625 0.0001334700948623352 -0.0003084121637766116
90 0.2368982510517496 0.07027236878556951 -0.01558700331228949 0.0003999432870138203 -0.0002678564656144009 0.007780286630888924 0.2433175547403887 0.06934279833001436 0.007693996778881435 -0.0170518172396701 0.0005449464751238409 -0.0003351862193484886
100 0.236358757082001 0.07009777629459144 -0.01458745251001509 0.0005739459324186127 -0.000721556652955102 0.002705676287501358 0.2429794332710556 0.0693343791579009 0.002943558157439734 -0.0159883217075019 0.0005874351985145837 -0.0007064397721606217
110 0.2358737918407187 0.07023984811101007 -0.01416663960959927 0.0005941088594335631 -0.00115564828698516 -0.0002863954344900316 0.2425869234851823 0.06975221448244151 0.0006764114097354243 -0.01537866990383267 0.0002905403668743899 -0.0009645600186033711
120 0.236170104647777 0.07023789634278241 -0.01407859213032277 0.0006927781696592774 -0.001535054742239062 0.001292674290724993 0.2428720351683716 0.07001624363748084 0.002429908687151522 -0.01508464915143073 5.023318151335701e-05 -0.001226025256115481
130 0.2352475323879832 0.07011420278221897 -0.01454576058485598 0.000667100838954465 -0.001624322806608788 0.003583790251071792 0.242065329997722 0.07022545393579903 0.004550091636304553 -0.01538210196982292 2.009105351120891e-05 -0.001338662187036858
140 0.2336882394267564 0.06965376753055187 -0.0149121263478018 0.0004512586366051739 -0.00136470832064397 0.004317075796426159 0.2404289573615163 0.06990053651946826 0.004605130038071934 -0.01572933419262695 2.538798139271428e-05 -0.001212265743968111
150 0.2323619492498342 0.06901691652351044 -0.01510022078511804 0.0005545106380622755 -0.001403636127138229 0.00387637943474639 0.2389394070653005 0.06916411715553983 0.003872045900820048 -0.0159989452339367 0.000163774410933405 -0.001293486218800899
160 0.2313916758418889 0.06873858042369443 -0.01515542248091101 0.001123250219116764 -0.00212944125036879 0.001359751818925488 0.2378711453089576 0.06878339298725626 0.001291807441882729 -0.01608861603786308 0.0008313489576209813 -0.002056944129362766
170 0.2309752298627153 0.0695312020368626 -0.01505371325212635 0.00142178396878573 -0.00240253206730455 -0.0003280837804924096 0.2373895900726397 0.06956650761504478 -0.0005642998312981764 -0.01598220325125451 0.001306721767982193 -0.00239855533856944
180 0.2304568445257723 0.07014586010347203 -0.01486295760770733 0.001199219587677607 -0.002022546034798686 0.001055492284225273 0.2368413001834418 0.0701804754589051 0.0003758555102340561 -0.01580669700069451 0.001324473327145502 -0.002128607601224037
190 0.2299150919866575 0.06972943766848377 -0.01445715289298729 0.001042695413663162 -0.001608011140688809 0.002903050387779044 0.2363507447955041 0.06970083875793469 0.002120739556758988 -0.01545177040053634 0.001265401883354282 -0.00175501993981222
200 0.229498429164332 0.06976817427006306 -0.01418550277224481 0.001012692457983935 -0.001502351991554024 0.003556045730698133 0.2359661854561951 0.06951881712418193 0.003368431928855239 -0.01529859154981082 0.001057738497209527 -0.001537097262828633
210 0.2305064273495364 0.07018361122786362 -0.01399137241316515 0.0009191559168020303 -0.001547275304758453 0.004616746853936806 0.237036284589615 0.06985222180944227 0.004948530477924721 -0.01519631504067345 0.0008065685470731372 -0.001489348841230107
220 0.2305913409556296 0.06967152422110788 -0.01408373393830654 0.0008422729602618398 -0.001512872019944529 0.004420805352406875 0.237132379452866 0.06938112005615611 0.004977422829442442 -0.01531153675523838 0.000675934594786595 -0.001417700714064662
230 0.2307106524246855 0.06987360110915783 -0.01419251244854793 0.0007582934051464352 -0.001425592710583491 0.003238388558929452 0.2372449899490809 0.06959201842354859 0.00358446110914 -0.0154236458240841 0.0006641164954112788 -0.00137156317006877
240 0.2301091723425004 0.06972452596233285 -0.01445152816918304 0.0008234672936517507 -0.001554928290864385 0.001572815640040029 0.2365293572405019 0.06932729299260935 0.001794879894991421 -0.01571805131148581 0.0008134589486809595 -0.001535067005531325
250 0.2301599961452397 0.06941790126243455 -0.01458410127461917 0.0008778311239864645 -0.001757153614552074 0.001166239303984373 0.2364794224636595 0.06894673537761731 0.001187596839176007 -0.01589206214373416 0.0009366689908007694 -0.001772528126591396
260 0.2302102359669757 0.06943114476099448 -0.01465892659017149 0.0008676568451567545 -0.00184277496038341 0.001527710651332977 0.2365316152770345 0.06890583804531868 0.001261602482976432 -0.01601287515600373 0.0009995881234946399 -0.001902800104270507
270 0.2300721313306162 0.06898891067884724 -0.01472654199679088 0.0008107463140633735 -0.001843657912457075 0.001989850804544333 0.236376869144101 0.06831891178006197 0.001772131734286666 -0.01613861008072686 0.000952747453897869 -0.001904506523528255
280 0.229655060333007 0.06796551660386112 -0.01485385763928738 0.0007858943422717092 -0.001824589272756989 0.002352831326945515 0.235935499355632 0.06714269219690325 0.002300577099803131 -0.01631604102804794 0.0008682064877342206 -0.001853663789593358
290 0.2295705209788825 0.06773293452543566 -0.01500202773820969 0.0007179831292055876 -0.001835835100250489 0.002890475413838636 0.2357855220102235 0.06677939557227523 0.002903909966928021 -0.01650939948920319 0.0007648356235282834 -0.00184636663554252
300 0.2301579692837197 0.06806964832389711 -0.01498748390399687 0.0006633454668925732 -0.00189709169034096 0.002605477233741056 0.2363719542430531 0.06714601473549393 0.002487919179931169 -0.01650073743897315 0.0007469247283570972 -0.00193143113091841
310 0.2306208442738433 0.06811873406901037 -0.01490750383230961 0.0005304980810661109 -0.001795358261194371 0.002404343017250211 0.2368861408392813 0.06731176274326653 0.002295009352094594 -0.01640903234387687 0.0005922514331486964 -0.001821014833141331
320 0.2304305460230193 0.06804052145582025 -0.01487585221798386 0.0001825064181126113 -0.001296446097967323 0.002639599919202955 0.236704355619155 0.06724330068816989 0.002683021182076895 -0.01638823387018588 0.0001842569709220192 -0.001286498914491104
330 0.2304318375591886 0.06818014299583938 -0.01495392124807199 -6.716288703464557e-05 -0.0006657326102610865 0.001687323253081772 0.2367081213956346 0.06739647111699389 0.001845398249208566 -0.01646832531011333 -7.725016716827573e-05 -0.0006377505974836066
340 0.2309654834632929 0.06836314359630027 -0.01501426045119337 -2.858915123431659e-05 -0.0004602886550720917 0.0002285232869054205 0.2372683046166524 0.06762931354793829 0.0003410573886029469 -0.01651806182424843 -1.072663562342027e-05 -0.0004433685982408893
350 0.2315191445650199 0.06836181845252605 -0.01502619264764741 0.0001263321528526044 -0.0006394761086449672 0.0001765628103031345 0.2378397172499925 0.067672612921898 0.0003066342209916709 -0.01651733943516539 0.0001169346456213264 -0.0006161053737913127
360 0.2315531723137833 0.06888490662783983 -0.01516198943340364 0.0003323271764263698 -0.0009512459353275893 0.0009215124345562194 0.2378456240602783 0.06814868189651435 0.001126597113754804 -0.01666415350822178 0.0002893023116312584 -0.0009157054414418159
370 0.2316228217702026 0.0693826897384526 -0.01521298265655178 0.0004632138398437799 -0.001066588416990119 0.001642020289353028 0.237876820469363 0.06854733843117926 0.001852886702556467 -0.01674201474288132 0.0004369200667327049 -0.001039844657169868
380 0.231751203306556 0.06961973162509595 -0.01532528242985569 0.0003372109451780874 -0.0008328084269578486 0.001769179518821054 0.2379841188160805 0.06868108564373455 0.001885498509446091 -0.01687438358201569 0.0003712471441825707 -0.0008343397347659222
390 0.2316765698215595 0.06915416565998649 -0.01531573285450796 0.0002722816691346684 -0.0007856100567495696 0.0007349486029775612 0.2379050913628782 0.06812787814953176 0.0008418179275011231 -0.01686713659959931 0.0003321436623244854 -0.0007946900018182625
400 0.2312112094879114 0.06828780506650364 -0.0153881188439918 0.0003226542153082146 -0.000983574358236178 -0.000396684795961174 0.2374377444231406 0.06722636981639281 -0.0001587390027804643 -0.01692986078144546 0.0003097713063106801 -0.0009543683390132404
410 0.2310639463877054 0.06777860074659436 -0.0155570435321758 0.0004704623687997027 -0.001366455332673603 -0.002087971597574771 0.237311288997409 0.06677138836448768 -0.001469320918260455 -0.01708308762611539 0.0002583916504932487 -0.00123927970642476
420 0.2314453818442063 0.06824444586381144 -0.0156355850793917 0.0005439023970145435 -0.001645431709548516 -0.003509233113794761 0.2376857727605493 0.06730479359746867 -0.002369753692650711 -0.01716412922051612 7.441195227340008e-05 -0.00139157596585821
430 0.2322685028333097 0.06893815126693092 -0.01551465470940102 0.0004941767864097785 -0.001697665246155314 -0.004215603288565276 0.2384730748665359 0.06809689672197208 -0.002772709531279748 -0.01702978597888903 -0.0001211867397459158 -0.001371280622187048
440 0.2327284281074788 0.06950573676083081 -0.01535745271998967 0.0004462030662984317 -0.001716800062756875 -0.004750346087343684 0.2389006760148939 0.06873693281699904 -0.003329530874929533 -0.01685641861184107 -0.0001618600279087298 -0.001393559962652312
450 0.2320696137064573 0.06990720393023189 -0.01545304540456427 0.000379978308987776 -0.001575634449004783 -0.005051732556351446 0.23821134975516 0.06915832853244923 -0.003974993142556955 -0.01694133677118308 -9.171010088775005e-05 -0.001327227251388832
460 0.2320306384888026 0.07025635560410841 -0.01546539461816112 0.0002531880949731835 -0.001263550188354444 -0.004782041262070445 0.238138554374182 0.06948380290934313 -0.004128148380401211 -0.01694227499546232 -4.966350004502022e-05 -0.001107760106879183
470 0.2325741458608681 0.07041214324778984 -0.0155592343312996 5.497936569457615e-05 -0.001013007690293254 -0.004117961914910885 0.2386729280390922 0.06962610287045107 -0.003918497870069988 -0.01701683316143584 -7.6729882684027e-05 -0.0009545197240070685
480 0.2330486371047458 0.07063312350270848 -0.01561823930897817 -5.281030662399843e-05 -0.0008874696602464853 -0.003755378978620511 0.2391656572072404 0.06983372040818589 -0.003948468004642515 -0.01706727723597382 -2.949209116320124e-05 -0.0009180399256223819
490 0.2335149735318127 0.07067834851691672 -0.01552155106516942 -4.243160136164778e-05 -0.0008086062757190376 -0.003526550179888178 0.2396805065686032 0.06986482995023881 -0.003922731753919217 -0.01698078482884426 7.63969861997517e-05 -0.0008915618668085116
500 0.2340872068666251 0.07067694495684547 -0.01537895761971794 -2.937894019057938e-05 -0.0007617615177691827 -0.003241352770023827 0.2402976326028491 0.06982920004593558 -0.003691490494031612 -0.01686871744098586 0.0001272542356437188 -0.0008634815392954701
510 0.2345960099764766 0.07114083715047993 -0.01531074220504121 -5.790264137839241e-05 -0.0007242178243791961 -0.0027112065457066 0.2408323929835948 0.07020049204426211 -0.003174908481427991 -0.01684618565056666 0.0001186642803976465 -0.0008331607400026153
520 0.2346117525946858 0.07147401959629281 -0.01530703622470273 -9.816788338714277e-05 -0.0006838910301490489 -0.002205996965554854 0.2408586007345491 0.07037358710980003 -0.002778738218377381 -0.01688480973977198 0.000107181763858988 -0.0008136207772511092
530 0.2338821427818298 0.07113283756354551 -0.0154599927863789 -8.253649294433441e-05 -0.000735459797877926 -0.002668019660113479 0.2401147957060457 0.06978654908454147 -0.003285419754355466 -0.01707495663610158 0.0001419847475179075 -0.0008713131400606279
540 0.2335115948799396 0.07083269172133472 -0.01561774092025983 -2.252747248598516e-06 -0.0008589295274381652 -0.003423832161131426 0.2397466232613235 0.06927532999511762 -0.003902150001774202 -0.01724101397170106 0.000169345652644315 -0.0009614757911110068
550 0.2340069379999422 0.07112693031167615 -0.01556665057666391 5.512315034227709e-05 -0.0008624178877986996 -0.003404104844467119 0.2402360837808933 0.06942880518316144 -0.003540537072482416 -0.01720260134595667 8.557825417078574e-05 -0.0008849761118609662
560 0.2345285864359228 0.07126485854233133 -0.01535838547743857 0.0001645359983352352 -0.0009906316171073009 -0.003631988544820532 0.2407577332831875 0.06946792775615715 -0.003641551369003896 -0.01704905661080855 0.0001043530591152201 -0.0009697883222296416
570 0.2346596244210475 0.07112178134903299 -0.01510106758572444 0.0004206898986023257 -0.001280635483206149 -0.004547258236922151 0.2409307920834594 0.06927070794601356 -0.004295749132426366 -0.01685915333040675 0.0002819614222697697 -0.00121698745557705
580 0.2342629724784968 0.07114146521640076 -0.01502166786864117 0.0005151152324644751 -0.001203206354179712 -0.004936952567761328 0.2405067042147413 0.06922252590553042 -0.00423917749214934 -0.0168506836143461 0.0003096564950329654 -0.001075782439152045
590 0.2342317096228296 0.07120381980390943 -0.01491161068852089 0.0005841532301657959 -0.001007733218691211 -0.005075046398654407 0.2404516603684594 0.06923823097143328 -0.004606305038312461 -0.01679396310380337 0.0004980833395146858 -0.0009338972601673779
600 0.2349415335491443 0.07202530146633969 -0.01472526748256725 0.0007087709584190707 -0.0009806882119999531 -0.005209921344171488 0.2411835505378311 0.06996019105219779 -0.005178682201382036 -0.01664997401519014 0.0007727820264307327 -0.0009895630606141664
610 0.236085984588848 0.07277554331950396 -0.01447403581983525 0.0008698044970325071 -0.001105830308280563 -0.005413662921803777 0.2424280310892135 0.07058343698759012 -0.005288182280335453 -0.01643821172265266 0.0009361340687440325 -0.001104603602251576
620 0.2369584775416562 0.07349323590401576 -0.01430370494182729 0.001060095379566727 -0.001388226365340281 -0.005866031995681135 0.2433940982269279 0.07136161190172237 -0.005495671137604407 -0.0162496906528288 0.001088058432527445 -0.001352019541586161
630 0.2364909525285602 0.07375695101484774 -0.01445507407645741 0.001041415455090842 -0.001439171775601409 -0.00616856948328382 0.2429392507335839 0.0716957789236333 -0.005686774470939322 -0.01635782246461478 0.00107632799033376 -0.001393755227798881
640 0.2353243465051415 0.07375788467607219 -0.01464950791588121 0.0008401655287367135 -0.00132259418832654 -0.005800723253014992 0.2417534641035214 0.07169978537086273 -0.005619540616727497 -0.01651003425622613 0.0009908336780133375 -0.00133633552791472
650 0.2347360783353551 0.07280079271529587 -0.01475679351359689 0.0007596821119358323 -0.001311762994173489 -0.005146035084177302 0.2411350096605114 0.07064899444455984 -0.005506139340433621 -0.01658934791304453 0.001073772067682898 -0.001412203859535994
660 0.2344739708595779 0.07212964104519438 -0.0148785746347099 0.0006098835055651195 -0.001136261848073972 -0.005017676898957547 0.2409375567075402 0.07002288461625616 -0.00549488169145844 -0.01667882518243393 0.0009932071757525103 -0.001259015657151372
670 0.2343441730051532 0.07135353071530101 -0.01499362233618036 0.000338692011870013 -0.0007653286337352684 -0.004456522810888127 0.240900268311099 0.06945422981290202 -0.004688557825717531 -0.01675864727336615 0.0006453625663904206 -0.0008432876387885729
680 0.2338903584976172 0.07062120829432506 -0.01518992958318976 -8.029810398280907e-05 -0.0001824848143591013 -0.002611634495844377 0.2404212550483509 0.06871468468869109 -0.002472635693452744 -0.01696800596688989 0.0001151503363725822 -0.0001864616832226457
690 0.2329264601375312 0.07021287307520513 -0.01536835340797689 -0.0002829372186886599 8.627482661514765e-05 -0.002013988994975557 0.2393749649348368 0.06807515696837921 -0.002190734450059966 -0.01721752762109591 7.866022356159452e-06 2.011620146551174e-05
700 0.2323789175021453 0.06994966774079117 -0.01530838147453496 -0.0002449043692833537 -8.203981499523383e-05 -0.00266320548736265 0.2388192820357868 0.06756761534416145 -0.003108648448643071 -0.01722222335209015 0.0001713176205914076 -0.0002068241830852105
710 0.2324530324717525 0.06970532911554995 -0.01530146307910385 -0.0001706770251324457 -0.0001871401041626254 -0.002582017860229882 0.2389805089893457 0.06732514437652061 -0.002815919156044235 -0.01719766408737792 0.0002364349459237799 -0.0002786881010170396
720 0.2324145672173462 0.06968848424903538 -0.0152895923273215 1.556667837122382e-06 -0.000470879088543687 -0.003288990837124262 0.2390280460686668 0.06752254098896854 -0.002871066440759975 -0.01710373398617458 0.0001925586974761655 -0.0004264877615653926
730 0.2327122688095094 0.07012243328085684 -0.01508547256955239 0.0001877278142960745 -0.0007298552832464722 -0.003921137427591986 0.2394360080579658 0.06828125622494061 -0.003053822037401656 -0.01678289051658425 0.0001481244063561372 -0.0005746049647986278
740 0.2333292623751056 0.07042175341374443 -0.01483633772610452 0.0003645267414877588 -0.000742642031674492 -0.003991047576189465 0.2401291247982163 0.06887574807360748 -0.002939997510100069 -0.01644080419197984 0.0002023794984797561 -0.0005353979862143586
750 0.2339362421485552 0.07106606576309131 -0.01471872300638999 0.0003528454210499057 -0.0005660635854735568 -0.003381390890265443 0.2407914753660542 0.06973466489146916 -0.002306295834320692 -0.01626610420267199 0.0001451308703357383 -0.0003386244802254485
760 0.2346581218980683 0.07129135144073108 -0.01459807150292714 0.0004050283414168333 -0.0006187809062543011 -0.00246457115255888 0.2415523581471761 0.07005294888462832 -0.00167872947588855 -0.01613229809676909 0.0002617215714645632 -0.0004424491967855383
770 0.2352798604592638 0.07153307338414071 -0.01450105081060919 0.0003895855372716477 -0.0006150347467212718 -0.001438512833039139 0.2421731064501195 0.0703545955463496 -0.0009385331725579771 -0.01602003559813398 0.0003609930804245731 -0.0005049141589551753
780 0.2352950963083179 0.07158823878986049 -0.01436221216128139 0.0001958326266995542 -0.0003507375654439305 -0.0006159555339095726 0.2421865667496327 0.07051247499794282 -0.0005000932091178386 -0.01584228637399922 0.0003014994515593505 -0.000330078164432382
790 0.2348801793547827 0.07207607840384318 -0.01422744149434626 -0.0002880889926805769 0.0002206148054278941 0.000669742910745906 0.2418329929518716 0.07124499853074111 0.0006549660867163446 -0.0156285154158361 -0.0001140258648953877 0.0001940510652431298
800 0.2346087656656316 0.07227224930867938 -0.01405406063039666 -0.000801461994568417 0.0009196497077204337 0.002171105631564281 0.2415871549696487 0.07164494684624788 0.002251703176014937 -0.01538958548376559 -0.0006831713616561496 0.0009054686169047055
810 0.2349953915375411 0.0727428241463331 -0.01382943796294129 -0.001004804316022538 0.001226854802300138 0.003041526326182918 0.2420000545815709 0.07225897680606144 0.003176273954532871 -0.01513073799536805 -0.001003631624545893 0.001234307209891245
820 0.2353557898125471 0.07303142214720267 -0.01376242332081174 -0.000995563327079697 0.001150187940443993 0.003387505019497552 0.2423338282438816 0.07256733948591097 0.003716973548499648 -0.01503972510789491 -0.001155740174709182 0.001216526963970727
830 0.2351677018937607 0.07298935065141585 -0.01390245740041363 -0.0007052356216773299 0.0005717405805816773 0.002227292824215648 0.2420772123974585 0.0724091379187365 0.002536159153398639 -0.01518510370483214 -0.0009628200215122337 0.0006577741090846363
840 0.2353408551842897 0.07269607425388888 -0.01388040856487893 -0.0003855206689569523 -2.156457441753588e-05 0.0007883848580536146 0.2422056565629051 0.07206091119098962 0.0008633322208754939 -0.01517113332145145 -0.0005802881592146081 2.496419399482581e-05
850 0.2354881638951528 0.07271800257846346 -0.01382344438328865 -3.263365111651681e-05 -0.0005882868098453718 -0.001068836551344041 0.2423081799552359 0.07212800181150096 -0.001220880065640581 -0.01512835833142923 -0.0001114109541372654 -0.0005942253747778919
860 0.2353850131030249 0.07288842856572364 -0.01370267973615201 0.0002720695259478817 -0.001092417155189326 -0.002688185875011013 0.2421273065978204 0.07226283769255269 -0.00278682128480914 -0.01507197564230482 0.0002315605859645787 -0.001096285411018016
870 0.2352916948953031 0.07288038918191224 -0.01360853872204724 0.000487946625979447 -0.001448476875638292 -0.003542693537165002 0.2419095759168243 0.07212171876830741 -0.003701939311244542 -0.01508742917192918 0.0004972024211876365 -0.001471086845116867
880 0.2354478283590107 0.07310743633417745 -0.01358751582123315 0.0005578838997367076 -0.001522679902553378 -0.004115328252278283 0.2418896203581328 0.07218224044984364 -0.004250659381377067 -0.0151974099133848 0.0005894087916106799 -0.001550946527004955
890 0.2352294927899791 0.07338156658151776 -0.01369430813867382 0.0004837741824192008 -0.001418887910427074 -0.003860902686156156 0.2415484782819931 0.07235261204830154 -0.003941576433316466 -0.01539248895995579 0.0005316408732456465 -0.00144798134093894
900 0.2348638135140322 0.07330585495499213 -0.01384326645738592 0.0003559671572266132 -0.001230396862676385 -0.002591928935012894 0.2411380713788777 0.07221289067358927 -0.0027711130684879 -0.01558665055375866 0.0004542208777388859 -0.001287358274648978
910 0.2349977070100922 0.07333027068831495 -0.01391438557635585 -7.807207161172077e-05 -0.0005573835203209942 -0.0003378672207306776 0.2413084437074644 0.07220461889854742 -0.0006340464258556425 -0.01567114635484148 5.996324974176157e-05 -0.0006428057056347272
920 0.2353658045532359 0.07327802508043942 -0.01380991386814852 -0.0003460207988580617 -9.808128445775508e-05 0.0009532234422995184 0.2416825537986692 0.07203999562041112 0.0003491946879993625 -0.0156247471782571 -0.0001196231712475606 -0.0002456178797367294
930 0.2356914568614731 0.07309907502266104 -0.01371817770821306 -0.0004205767172101294 2.615183242016565e-05 0.001561701478439093 0.242016777638287 0.07173579200541703 0.0007100862761925537 -0.01559565232915187 -0.000108455510285648 -0.0001727645356255645
940 0.2356833002490867 0.07267713980537496 -0.01364964639477705 -0.0003641307051360427 -2.972721717857949e-05 0.0007715184784163941 0.2420431393531131 0.07127638575797283 -0.0001318009814815973 -0.01553725421730342 -4.27743377715126e-05 -0.0002399562585451146
950 0.2352378589155567 0.0723645980999586 -0.01366733291488396 -0.000274896575968879 -0.0001759246986761023 1.128428308006477e-05 0.2416651720959877 0.07102676711542456 -0.0007723425759242398 -0.01551520748290855 -7.695087799854272e-06 -0.0003614468623541307
960 0.2349477513068734 0.07240820459354649 -0.01372693954039298 -0.0002410666501414828 -0.0002573245227068934 -0.0003675098948508096 0.2414781433075965 0.07125631119932969 -0.001134007740889815 -0.01549062848046103 -5.789879499754635e-06 -0.0004340247985893793
970 0.2345010083815528 0.07268877450814143 -0.01383051978124164 -0.0002469741998038425 -0.0002928869695874638 -0.0008928822426124245 0.2411171821328882 0.07172603145442287 -0.001774535848282318 -0.01549775706695348 2.552078759466478e-06 -0.0004870071945524603
980 0.2341974248870525 0.07270966752788592 -0.01384997398335378 -0.0002084979924083314 -0.0004642901789186674 -0.001529487259474342 0.240828783759849 0.07183573681319412 -0.002495217238674176 -0.01545171169230566 7.074069039785467e-05 -0.0006786703267788944
990 0.2346433419416191 0.07294459963390815 -0.01381205925590098 -0.0001074981790924894 -0.0006883012660166155 -0.002165740880373124 0.2412527134616681 0.07208255324519126 -0.003169085055107615 -0.01540633005493963 0.0001956884652646398 -0.0009153650877947946
1000 0.2351516106228747 0.07302862456405979 -0.01367910493402746 0.0001009026802166273 -0.0009833277012483343 -0.003153419965179993 0.2417514277686365 0.07213227460405486 -0.004182008386226405 -0.01531207556639418 0.0004163814848155749 -0.001218860634638644
1010 0.2352164273534131 0.07287460477654152 -0.01363919777754542 0.0003715380369706257 -0.00143100940465733 -0.004192711083113541 0.2417842801964209 0.07186734185885305 -0.00519986189531438 -0.01533356070991511 0.0006953545109119755 -0.001666754804085417
1020 0.2355953804777229 0.07313356626463932 -0.01358054747438495 0.0004724589788584696 -0.001666605030716836 -0.00461416808165594 0.2421410157787842 0.07202676608043108 -0.005723676211935421 -0.0153271762535404 0.000800624157181633 -0.001914211740172512
1030 0.2359615909159369 0.07335672439095267 -0.0134440948181371 0.000449767822560097 -0.001630329740872786 -0.004213928099941936 0.2425114558476078 0.07217309517838159 -0.005469919605031833 -0.01521756891767308 0.0007810409994392278 -0.001889294170735409
1040 0.2363034601179908 0.07335134192332568 -0.01341198574053948 0.0003380290615436098 -0.001490408779967376 -0.003725740531932486 0.2428808206885349 0.07211497282367463 -0.005083864409556878 -0.01518427914578246 0.0006835894665617898 -0.001755376491005949
1050 0.2366123819140575 0.07350145273521624 -0.01339716927147183 0.0002743636980409264 -0.001387788821205202 -0.003741920956045326 0.2431835064937703 0.07217895533263309 -0.005071646884549534 -0.01517021744800932 0.0006127340737603238 -0.001638078015025956
1060 0.2370018314231411 0.07326526607443155 -0.01330340656917865 0.0002942933932270277 -0.001387531001963455 -0.003420838268929784 0.2435210390615443 0.07181489545440088 -0.004699913216174775 -0.01510145015009323 0.0006197738041444031 -0.001617255776856136
1070 0.2374451996379706 0.07294782687514828 -0.01328066944464987 0.0003771855928367008 -0.001398270346542824 -0.002590368603514069 0.243941099637497 0.07139545355422053 -0.003883817919997496 -0.01510932953480935 0.0006915522301411822 -0.001618929191780756
1080 0.2377636670121387 0.07308357246167879 -0.01326315029893064 0.0001858761670457936 -0.001020876939814113 -0.0004561127833960147 0.2442523875456013 0.07144870477867697 -0.001877191100433736 -0.015110034915344 0.0005361237725680666 -0.001261185979081562
1090 0.2375282901281599 0.07269592870037586 -0.01323768749843323 -2.386073462791104e-05 -0.0006140278254706462 0.002076632636205293 0.244032513908242 0.07099563263737259 0.0004178038862442468 -0.01509643526155492 0.0004407200125932784 -0.0009135963689247281
1100 0.2373823115210985 0.07211723935216825 -0.01325007961908728 -0.0002003896558310187 -0.0001552128436269835 0.003855808486091226 0.2439272762262373 0.07044321078425628 0.002141633560864443 -0.01509022145641066 0.0003357782122454353 -0.000485939661524945
1110 0.2368675596399886 0.07218370758872349 -0.01333766267345448 -0.0002287114872132544 0.0001893977935957362 0.004564161928411864 0.2434667702684336 0.07064858231480865 0.003165214194932928 -0.01511817434028394 0.0002191721925062744 -9.077839169388691e-05
1120 0.2369264085324407 0.07249944870380284 -0.01331170213084367 -0.0001735230871193084 0.0004203372412233612 0.004666494875580192 0.2434066172365633 0.07099904559327437 0.003749323668589055 -0.01508458149355033 0.0001246147519408134 0.0002262403396617304
1130 0.2365930266853632 0.07248379234259666 -0.01336146993112361 -0.0001898613613924694 0.000592476363392376 0.004614629841811904 0.2428523123617978 0.07069047621040113 0.003970136768272342 -0.01521307270269551 5.887268302086987e-05 0.0004421186997969023
1140 0.2357598110740955 0.07226759643524451 -0.01350367019628433 -0.0002866519905990932 0.0006656888951727213 0.004673523710657435 0.2419527165513096 0.07019278184407245 0.003836250451233675 -0.01541107831154859 2.7754038259315e-05 0.0004916600264842798
1150 0.2351170006443289 0.07194336609169211 -0.01371493232845334 -0.0003404242064022346 0.0005297853278714765 0.004762974242218595 0.2413006453897319 0.06973047676659212 0.003370480772787533 -0.01562611600642546 0.0001669717188994989 0.0002633967088331093
1160 0.234713190138822 0.07133174597552334 -0.01388956115968582 -0.0003570552054589825 0.0003840500195893359 0.004051647015097858 0.2408167513760707 0.06907108797120561 0.002544782928731094 -0.01577874300168492 0.0003080789768069764 7.604964821452782e-05
1170 0.2338219595413583 0.07099068363395478 -0.0140553945233563 -0.0001363653417698863 1.86599947622504e-05 0.00221659657685265 0.2399132094055526 0.06881911821553537 0.001169743552858858 -0.01587027923372224 0.0005261528165280873 -0.0002338119937844484
1180 0.2326917119725772 0.07082818796499003 -0.01422048117334182 0.0001397541139105573 -0.0003668695501844446 0.0005936276740172885 0.2388411747850419 0.06883484051444044 -7.114763234300001e-05 -0.0159215785606648 0.0007820143363078127 -0.0005674494134310234
1190 0.2329123052698121 0.07097289808706228 -0.01407942964874914 0.0004603964201172213 -0.0008066682504051638 -0.0007608119309897173 0.2390472627877545 0.06915302943756468 -0.000898821303092292 -0.01571727232585667 0.0008844531218805874 -0.0008866728875348742
1200 0.2341221671181865 0.07108636454623739 -0.01380903146932142 0.0005614416475129173 -0.0009855121389506819 -0.0009251219227069778 0.2403196118506841 0.06945938636246496 -0.0007762062518816727 -0.01539331428595147 0.000778386548797052 -0.0009830170987222974
1210 0.2349133950806213 0.07126207959002082 -0.01378058919282762 0.0003328620897684511 -0.000623843302592948 3.925777163129472e-05 0.2413111776493988 0.06980461924630756 7.553257992217892e-05 -0.01535086349507807 0.0005278605176860594 -0.0006403376314513332
1220 0.2345603734408459 0.07090317229081905 -0.01397473696345674 2.42563483456769e-05 -0.0002551022587667373 0.0006213574493065602 0.2410902603801254 0.06956455348837573 0.0005143030578021252 -0.01554701282460898 0.0002742869984049827 -0.0003131010565073312
1230 0.2337702312138506 0.07048550997268091 -0.01426488955840431 -0.0002519341831577978 -3.367670724662743e-05 0.001267242276312835 0.2402711292523314 0.06910890979938451 0.0009733556966345719 -0.01585483227983341 6.559597873547169e-05 -0.0001343401010517878
1240 0.2323634329522259 0.07002031138812689 -0.01461101594419718 -0.0003076185963585211 -5.01931807939566e-06 0.001092076793218393 0.2388207828426407 0.06849659793711403 0.0005067465222924921 -0.01623468772679622 9.482413522745278e-05 -0.000163900331312931
1250 0.2311480960059981 0.06954708493345951 -0.01486569028970519 -0.0001769613673163736 -0.0002514681941048522 0.0004744380446647104 0.237563287317456 0.06788833833131039 -0.0003229067553978983 -0.01653364641400201 0.0002903456416129275 -0.0004527886768412485
1260 0.2305438382751554 0.06945374906203798 -0.01510436790882336 -7.311941790415548e-05 -0.0005001110971145743 -0.0007386327514692128 0.2369621089966237 0.06793699997118717 -0.001575349312487286 -0.01674505665614434 0.0003940617459210812 -0.0007132601807852219
1270 0.2300721563508636 0.06971523315603011 -0.01527398345304484 -4.754340962250955e-05 -0.0005452636377706146 -0.001769474375379014 0.2364645089800151 0.06834087819359799 -0.002533543922454549 -0.01688399763603311 0.0003824001330172884 -0.0007509090393128273
1280 0.2292107473926334 0.0694787049722467 -0.01548522153984394 -0.0001310325104701543 -0.0005172951522134984 -0.001574940205292546 0.2355580082826887 0.06807999193239203 -0.002211256113392875 -0.01710229082591907 0.0002858077832830563 -0.0007058805540293444
1290 0.2293601099534429 0.06943802806693843 -0.01553275831870666 -6.926615486246128e-05 -0.0006653274487979445 -0.001735801513901654 0.2356367995972097 0.06788425189729548 -0.002501578831353518 -0.01719597393945342 0.0003929783294709809 -0.0008776007626229323
1300 0.2297936563713484 0.06955593493298282 -0.01550405339785831 -0.000120962832500023 -0.0005259018995580906 -0.001302156690921509 0.2360048512587642 0.06791267486966826 -0.002113498265705246 -0.01720876654471437 0.0003519992128680873 -0.0007442704034868428
1310 0.2298046633815659 0.06939423898310097 -0.01551541401417153 -0.0001916907502991835 -0.000321801245711953 -2.090688746897005e-05 0.2359818557199646 0.06774842635568683 -0.0009059719577680695 -0.01724528469734672 0.0002829024628617457 -0.0005502464551992903
1320 0.2296685450577419 0.06924764859170343 -0.01553792167544775 -0.0002502297718781039 -0.0002243447531223988 0.0006271541891378661 0.2358045996316191 0.06760659523230508 -0.0003595953784403702 -0.017283260113594 0.0002406364996843924 -0.0004687659895122012
1330 0.229712433375068 0.06947040901093182 -0.01537967166468317 -0.000284726268101111 -0.0002236542070511498 0.0005011049086414573 0.2358173135165068 0.06786638487783304 -0.0006898344632892281 -0.01711987257055424 0.0002509197948920998 -0.0005028716868308399
1340 0.2304704648237972 0.06964304326107906 -0.01516638549276713 -0.0004350322814943778 -4.184551061288315e-05 0.001094119554131285 0.2365680702303328 0.06810270613170293 -0.0001249267950400278 -0.01689497206859859 7.620992500643437e-05 -0.0003217742153459281
1350 0.2313852406930212 0.06966432266681304 -0.01499162857291518 -0.0007277342981370712 0.0003071528327634584 0.001843508711846287 0.2374551511486592 0.06808766680036328 0.0005714528835116694 -0.01675022816942117 -0.0001965075480123699 1.324606663877581e-05
1360 0.2321112005691404 0.06981552230494019 -0.01485217578553375 -0.0007282825168315524 0.0001292345840476794 0.0005216913561129481 0.2381423192744239 0.0681598788366642 -0.000891687422028597 -0.01665226976580826 -0.0001127251368130567 -0.0001997503391702839
1370 0.2330124793677415 0.07038276114192038 -0.01472805190899433 -0.0006440238009860804 -0.0001514135851492031 -0.0007973994335614231 0.2390764586825353 0.06877532741613754 -0.002113279942699171 -0.01653227005893573 -6.575609115562799e-05 -0.0004555488650340957
1380 0.2331161939012773 0.07043168818937667 -0.01471578146693782 -0.0004304679729921896 -0.0005529310182942471 -0.002391067059596525 0.2392246710926777 0.06877575437598635 -0.003433580672379821 -0.0165610206302241 3.344776069403778e-05 -0.000790780768179877
1390 0.2325283514197931 0.07018924665163173 -0.0148399654797294 7.556563024178201e-05 -0.001441661697499629 -0.005298293362459172 0.2386333289061621 0.0683423214600536 -0.006344485511691725 -0.01674429007412343 0.000525132158264603 -0.001673591352887434
1400 0.232712610727525 0.07060436071879675 -0.01483784475812033 0.0004793126256693233 -0.002143752474970954 -0.007405150050517882 0.2388434851953426 0.06874410529324497 -0.008371781617616324 -0.01672991869235995 0.0008626709046396845 -0.002355822037618505
1410 0.2337472159183235 0.07112473623967383 -0.01455463018248356 0.0004573546242579461 -0.002111753699788738 -0.00675346010133744 0.23992721452141 0.0694108287693793 -0.007357188812809898 -0.01639399569084807 0.0006820563421364429 -0.002249085630290947
1420 0.2345350426887094 0.07146524947080186 -0.0142893686950946 0.000369057074697791 -0.00195502843562278 -0.005916929066075676 0.2407472568138433 0.06987456233703206 -0.006523571859320112 -0.01608279138770205 0.0005850159250838482 -0.002094391089752943
1430 0.2352692865542616 0.07213159832433512 -0.01405872714821042 0.0006006743614582435 -0.002157601914056502 -0.00669002046439977 0.2414815062470684 0.07048174668523581 -0.007446124145254803 -0.015871175328818 0.0009041383823910323 -0.002341229797443122
1440 0.2356740975215321 0.07235560985756342 -0.01388995751290465 0.0006904114827488134 -0.002199027882498473 -0.006575454700548863 0.2418934296648397 0.07058141293366441 -0.007308269217726966 -0.01575813779964113 0.001007263021923511 -0.002385643859655476
1450 0.235445448310119 0.07222010149688438 -0.01399253554016982 0.0005143709679038348 -0.002016086924471547 -0.005722294260706029 0.2416664132530514 0.07034139220660791 -0.006415652605909876 -0.0158952415178943 0.0007927338615097015 -0.002181448797946546
1460 0.2351236164498296 0.0721300560076478 -0.01399743978836955 0.0005689397450503075 -0.002097528595771839 -0.005786973906535675 0.2412865568622965 0.07006305567179613 -0.006396817767502038 -0.01592363484923705 0.0008047023090513598 -0.00222543003859669
1470 0.2352608489242156 0.07196271339850284 -0.01384423429681277 0.0006325715005697732 -0.002085422811392854 -0.004553141199163892 0.2413501551055386 0.06970870454678638 -0.005012366349101452 -0.01578969088678732 0.0008301154921441367 -0.002165773370164786
1480 0.2358783249136345 0.07188212608461786 -0.01366990151447296 0.00055299498941663 -0.001869041168490379 -0.002950454210208333 0.2420100884656543 0.06970235246435183 -0.003535804806907736 -0.01557329030486555 0.0008093980245569642 -0.001966905348597592
1490 0.2359192112347152 0.07208374174495591 -0.01352821212568676 0.0003699375596627415 -0.001502086934503161 -0.001197551073958915 0.2422163416023589 0.0703130821089431 -0.002215085224217722 -0.01529385227484781 0.0007873779523943831 -0.001690311797000023
1500 0.2355779332338568 0.07200761978452298 -0.01346514977465608 0.0001277680599815328 -0.001034101441253727 0.001248129993852789 0.2420379244985583 0.07064620549215531 -6.95670422723075e-05 -0.01505109186765274 0.000706329224399712 -0.001302958264936195
1510 0.2363132679186499 0.07182775366887784 -0.01329980915566669 2.296739417506426e-05 -0.0006531981840741001 0.002895237907065624 0.2427819635238292 0.07060559123794814 0.001214004053377685 -0.01482312557056105 0.00077145756830144 -0.001013910709863034
1520 0.2365975961111786 0.07183295996859081 -0.01325604167341782 -0.0001518263744554182 -0.00012834661734389 0.004700455240521033 0.2430594974639088 0.07054803743426698 0.002764835028490933 -0.0147814171282189 0.0006591867933576305 -0.0005446880319631053
1530 0.2363970031011448 0.07165419458453082 -0.01341982785530894 -0.0002441663531065143 0.0002538108405359519 0.00603803118053102 0.2428625502964785 0.0702760342958229 0.003886009548707674 -0.01495542705530819 0.0006693666346509848 -0.0002245795832127996
1540 0.2360813227082613 0.07121824979416658 -0.01349779764532117 -0.0001700066962106571 0.000281244889122856 0.005999795229509613 0.24253500962938 0.06988595915520196 0.00414595675191505 -0.01502171919930514 0.0007198185082663303 -0.0001674425937912874
1550 0.2354299222333308 0.07086537491053477 -0.01356332180042514 -0.0002606111946836581 0.0004668616961618688 0.006412322141870759 0.2418859058418808 0.06966051460737986 0.005008786378196952 -0.01506742931482303 0.0005006384184845725 9.824533841289408e-05
1560 0.2342991564302566 0.07087385350671362 -0.01381931538719548 -0.0005023890725491765 0.0008397038050108584 0.006907370733326476 0.2407853005329265 0.06983797426850513 0.005778547502125459 -0.01528775560685954 0.0001650211611771406 0.0005318572952945063
1570 0.2338631022245506 0.07099413281311293 -0.01388545867929885 -0.0006134908774282708 0.0009067981782345811 0.006553278957824853 0.2403583286644847 0.07009799658044881 0.005499732901585742 -0.01530531400806952 2.899405729243474e-05 0.0006253106548285115
1580 0.2336050422297848 0.07101835505603853 -0.01388659881895307 -0.0006673044709264175 0.0008847628140761099 0.006468670185467093 0.24003902709276 0.07012929481516959 0.005289481852656793 -0.01529294613357204 -6.773603779788429e-06 0.0005956889901271533
1590 0.2333941679305411 0.07123027777082082 -0.01398865520001279 -0.0007643170823509622 0.001041784776513114 0.006481987589619344 0.2397352809161087 0.0701828320623691 0.005311343038273479 -0.01544190478516075 -0.0001463772773513357 0.0007730421980412439
1600 0.233429127458528 0.07109332200149611 -0.01403006741066278 -0.0008681607882870661 0.001115137067108815 0.00634124425391695 0.2397485827139876 0.06990392677064636 0.005073516169294929 -0.0155088483102903 -0.000252425321728398 0.0008384531868334361
1610 0.2331795610653168 0.07046087831886987 -0.01412766806850175 -0.0005226414531458836 0.0005460145838540246 0.004395600424351527 0.2395550174361828 0.06930345224063733 0.00325167513545775 -0.01556278583234876 6.885144408730501e-05 0.0002919150016914278
1620 0.2334053113689395 0.07071575882728813 -0.01417076774693371 -0.0001716135098089838 -2.557895209687007e-05 0.002602739876404063 0.239846205945143 0.06969070302191697 0.001746488214081745 -0.01557343448181669 0.0002883370269184537 -0.0002114773318971388
1630 0.2332814982553885 0.07086482489220343 -0.0142008830539329 -0.0002110604129698435 -6.72225725044754e-06 0.003254543303807193 0.2397877412763523 0.06995108701202248 0.002742512563224316 -0.01562222054509448 6.14109873279621e-05 -0.0001073285273504497
1640 0.232532536855036 0.07060477591055923 -0.01437389224459297 -0.0004603150198571142 0.0003072885658645811 0.004659299806710513 0.2390591132122429 0.06968956010052556 0.004278286794638592 -0.01582776696117601 -0.0002594382228802979 0.0002376917310765911
1650 0.2329065758986073 0.07069018237190802 -0.01432048348272836 -0.0006810145061620412 0.0005826938020045228 0.005185202777341049 0.2393516418022737 0.06960423034432234 0.004197192047841068 -0.01581080217531698 -0.0002961981144084927 0.0003876242641314374
1660 0.2328473926455001 0.07056348319579291 -0.01439906444293163 -0.0006766566379620177 0.0005249300121005045 0.004739512558002805 0.239148968818785 0.06922489216041126 0.003280912002963778 -0.01595285364796158 -7.427115559621287e-05 0.0002137044759461601
1670 0.2329137422829058 0.07068052382162754 -0.0144428845621711 -0.0005247549491873203 0.000308629428281556 0.003657371730503267 0.2391049266212951 0.0691442008006095 0.002381870361662171 -0.01607198769144822 7.391263108336194e-05 2.37509067217479e-05
1680 0.2325603970374572 0.07097420397049344 -0.01453796021200294 -0.0004196924307801033 0.0002593042176583393 0.003185225677313051 0.2387116740557922 0.06934462001945388 0.002573286889769695 -0.01618020516041922 -4.005495559775282e-05 0.0001087577705809498
1690 0.2313290253923315 0.07031267346455679 -0.01495510587450434 -0.0003591431304180286 0.0001830166777001055 0.003501874538047199 0.2375477684234549 0.06864739826766851 0.003283857586208532 -0.01655771887646881 -0.0001259013220840238 0.0001222889336198242
1700 0.2312677314018813 0.06949084080072081 -0.01515807407827245 -0.0002176682916438014 2.65682475763512e-05 0.003268018702527568 0.2375868378180276 0.06791719172840942 0.003093420662409416 -0.01670389942690391 -1.109210484046059e-05 -2.120467040435579e-05
1710 0.2311772113512188 0.06908513876180392 -0.01522912666279098 -0.0002312626940831557 0.0001254360568501266 0.003114223945772614 0.2376297329923706 0.06771899021530224 0.003137760147253376 -0.01673021070732407 -9.233075346040968e-05 0.0001137918211377633
1720 0.2306769857041501 0.06892717160311862 -0.01522763115942648 -0.0001546926332824595 4.852317926471315e-05 0.002742980147496682 0.2371369477274108 0.06772750271670908 0.002515878338902802 -0.01673354000720795 5.183650647441685e-05 -1.113217468955336e-05
1730 0.2301461648368503 0.06869989732217614 -0.01517687282254353 -0.000175686877322906 9.651391598826607e-05 0.002706960813539876 0.2365201373047418 0.06750958128362911 0.002341370355080168 -0.0167472274459823 0.0001007421698338817 3.790355222289621e-06
1740 0.2297119795044122 0.06887406096319201 -0.01508619127131239 -0.0002896420690150458 0.0002029097106067391 0.002974537823871313 0.2360937376572751 0.06762604169647736 0.002456616904160484 -0.01672608258097721 5.801270754305815e-05 7.204742778578458e-05
1750 0.2300464128632211 0.06935578510456333 -0.01514625075127878 -0.000256705062948333 0.0001535418510781991 0.002470279381566549 0.236430705893011 0.06810454011915901 0.001937407964905083 -0.01679629680414066 0.0001379098909208969 4.88117189354033e-06
1760 0.231211966183202 0.06984339377379822 -0.01505493605468434 -0.0002676572359326518 0.0001770281108956751 0.002312176657067341 0.2375343015957585 0.06861681584821851 0.001955884615555218 -0.01667946524410896 6.146173185215006e-05 6.05474097294834e-05
1770 0.2324200513871315 0.07019994961569975 -0.01490667302588343 -0.0003575247674236967 0.0002109149514287861 0.002673278211904492 0.2387253273975508 0.06894095202135753 0.002304238931573758 -0.0165365501535886 -0.0001131295823608454 0.0001128160788882237
1780 0.2329582932784139 0.07088382214622709 -0.01483938924043392 -0.0003355923759033259 0.0001451236230894089 0.002832940277045029 0.2392604719876963 0.069539931593518 0.002420634003384539 -0.01649350118321261 -0.0001248572514247265 4.961177654505135e-05
1790 0.2334158930002959 0.07104731661981609 -0.01456727065670472 -0.0003512678675416623 9.229582328956893e-05 0.003021987255747749 0.2397461305318438 0.06962362440374736 0.002731597327807745 -0.01625210382420008 -0.0002221928036296026 3.21336266996528e-05
1800 0.2335965065237068 0.07100251007453355 -0.01439346663333256 -0.0003907538167659134 3.444754309327501e-05 0.002937953609887572 0.2399654407744235 0.06954093639141083 0.002673442016428821 -0.01609521682757207 -0.0003007406543919807 -1.016631261683677e-05
1810 0.2332468709316222 0.07130068095012956 -0.01447707423658375 -0.0005937375949281281 0.0001876307188743646 0.002675896377582913 0.2396163626414966 0.06984015826648807 0.002127483289710938 -0.01616152633968342 -0.0004000538505291185 8.731814386589066e-05
1820 0.2327822649480212 0.07136140262942629 -0.01457745011786862 -0.0008142511669953131 0.0003559841703585843 0.003083091874467055 0.2391303929272956 0.06992433507434671 0.002216525591409389 -0.01621711034868148 -0.0004729204805834939 0.0001812708209440664
1830 0.2327447775429581 0.0713859160436893 -0.01462716018199522 -0.0008135816274915814 0.0002837917231469423 0.003053044765587363 0.2391250387508823 0.07001449664336815 0.002284760049670966 -0.01621364141913055 -0.0004618158458516836 0.0001151238884930338
1840 0.2322277785137881 0.0714952083698273 -0.01484638139513624 -0.0008027802384885901 0.0002457988061173248 0.00312015467373341 0.2386416960607686 0.07017369337476276 0.002826697100835625 -0.01640380358608081 -0.000607862467917106 0.0001742551056244891
1850 0.2316928120645672 0.07081262855472167 -0.01501786818965083 -0.0006912953559946341 4.575917452480403e-05 0.003245280964420349 0.2380824058446495 0.06942850988777659 0.003025177431708664 -0.01659035909286582 -0.0005367014572671485 1.077004418302445e-06
1860 0.2315442258142071 0.06984324259282235 -0.01517315370173737 -0.0005205689074941782 -0.0002133318319167307 0.003012133046270053 0.2378878658627024 0.06831628467656171 0.002035977869734209 -0.01675867779312117 -0.0001233874859581336 -0.0003995442033096785
1870 0.2310760014773069 0.06947123136927448 -0.01528000658494915 -0.0004821034394776062 -0.0001797564551170461 0.00290912399919597 0.2374578486660851 0.06793902878907829 0.0013638017004254 -0.01681909790789896 0.0001573607265362337 -0.0004919721382807092
1880 0.2309606626909866 0.06948867180264648 -0.01521280487315561 -0.0004085077171769819 -0.0002117152143752564 0.003086088763040252 0.2373803967017512 0.06812401053153373 0.001887905117661988 -0.01668888250007728 0.0001394401744038747 -0.0004581675929073448
1890 0.2311862717164979 0.06975806845103244 -0.01510060341949954 -0.0003565311514409117 -0.0002533259806927273 0.002901754734812161 0.2375306582838187 0.06835518643468498 0.002150096261544047 -0.01663715286216004 2.29908566552998e-06 -0.0003982894235505256
1900 0.2315448732942886 0.07023365795550869 -0.0149602336114337 -0.0003767615329287129 -0.0001608642585763304 0.002796976258823787 0.2377977510966259 0.06879446450495154 0.001981667416725362 -0.01654204689043716 -7.979924345332007e-06 -0.0003173574145939895
1910 0.2321228537932267 0.07045687937886255 -0.0149083895418355 -0.0002748521059133256 -0.0002189151889704416 0.002770253473321357 0.2383518413991199 0.06907722173909059 0.002084403727726828 -0.01648406403424582 4.534273680012777e-05 -0.0003540048519796196
1920 0.2325289884171308 0.07058656527411555 -0.01490231058897836 -0.0001700060913096636 -0.0002854382099909931 0.002605705803693026 0.2387815663068773 0.06928118415051052 0.002406596557799265 -0.01646086416950396 -1.827532822011589e-05 -0.000322835596039194
1930 0.2327086562482922 0.07067374513404549 -0.01488000926214414 -0.000293456201887883 -7.082254556354183e-05 0.003106637569396599 0.2389696111454035 0.06935356028403664 0.003201094051080545 -0.01643997625436773 -0.0002414029611663544 -4.883675939003321e-05
1940 0.2324995976846658 0.07050333024422446 -0.01496945403091945 -0.0004794526325820712 0.0001567436080657111 0.003985354934872251 0.2387486879584267 0.06906214518655057 0.003639393023808054 -0.01655452398342281 -0.0002581413120150759 8.23919312264812e-05
1950 0.231907161659747 0.07003232765443101 -0.01509136081005597 -0.0004862333055596226 6.221458418042736e-05 0.003757598512399549 0.2381642896147415 0.06846973641551604 0.002669813964739223 -0.01669357409585062 4.69995774529654e-05 -0.0001812364803943064
1960 0.2318499754215429 0.07008166416451414 -0.01503014372712268 -0.0003707707155998597 -0.0001428166992479814 0.002830570182204898 0.2381538159286479 0.06857696595042409 0.001614636815256311 -0.01660663150451206 0.000280416981190012 -0.0004326931462305241
1970 0.2323001246686713 0.07070563151925491 -0.01491850211432042 -0.0002014848496835746 -0.0003022917658805163 0.001884309432224661 0.2386248439102519 0.06929745415713662 0.001220940091285355 -0.0164850686812216 0.0002723625787800413 -0.0004842579111337742
1980 0.2327012442499305 0.07106270300260054 -0.01482811867470377 -0.0001156467162211048 -0.0003717471532306885 0.001518411331217683 0.239026291286236 0.06968894215744698 0.001234666475383308 -0.01641121068700458 0.0002024707366371451 -0.0004690496582806628
1990 0.2327073182645535 0.07108231943412846 -0.01491846654711017 -0.0001448712765935904 -0.000422736811126828 0.00142501518320763 0.2390180639047173 0.0696791051807033 0.0009824003923852701 -0.01652215713766988 0.0002087935976937939 -0.0005453457902836732
2000 0.2322246577329719 0.07111323273324291 -0.01511911065139621 -0.0001647435304947178 -0.0004151906857455879 0.001390704342088912 0.2384843007780252 0.06959271706485889 0.0008597915034936705 -0.01676852670331407 0.0002220372095911823 -0.000549540955005929
2010 0.2318476923670246 0.07086911761422066 -0.01518901783954532 -0.0001082792572532758 -0.0004822309453129076 0.001018451364203491 0.238094360702829 0.06929806882071132 0.0006903869072236808 -0.01686839397403149 0.0002321358403674468 -0.0005786163188904672
2020 0.2319941823356069 0.07063088587246125 -0.01516113213103401 3.453103353573736e-05 -0.000658925310306455 0.0002035318840634519 0.2382258826566062 0.06907616040490733 0.0001981179160721213 -0.01683939985708093 0.0002637270417308304 -0.0006929108384971625
2030 0.2316548809676311 0.07056724329230783 -0.01520970356207098 -7.685161483812381e-05 -0.0004324612756786919 0.0005267935044484988 0.2378987459199263 0.06910493590189362 0.0007652953524157084 -0.01685978247494424 4.751977860003499e-05 -0.0004144190050921483
2040 0.231279277137369 0.07033256575576508 -0.01521036441668947 -0.000138741329521403 -0.0003299582999842407 0.0009310560824109637 0.2375225174990318 0.06883630791850763 0.0009822239437113319 -0.01686682878920918 2.626178973798149e-05 -0.0003478822129010766
2050 0.2312278356090447 0.07008632266323302 -0.01523686824547911 -0.0001198999819862698 -0.0004497016218102158 0.0006323261069092862 0.2374292898736987 0.06843481539235745 0.0004560864613701469 -0.0169386747598487 0.0001270109795281237 -0.000516128746433855
2060 0.2311547383390383 0.0704695385671583 -0.01524395828191009 -0.0001335550292595936 -0.0004813777152985438 0.0001567443441905471 0.2373323291559581 0.06869595544940134 -0.0001337130282274423 -0.01698289821917337 0.0001702960346621183 -0.0005736243134132782
2070 0.2313404232829249 0.07073313672042994 -0.01517594709925569 -3.129176789312231e-05 -0.0006043639322267347 -0.0002498089922576597 0.237489337690919 0.06893924232756701 -0.0003148568098210639 -0.01693222803653778 0.0001991102047816457 -0.0006445060828937483
2080 0.2319225524403269 0.07097863545332897 -0.0151208938410988 8.251973254875408e-05 -0.0007459107081187842 -0.0008818357502677944 0.2380803356106815 0.0692622690739883 -0.0005177404683447688 -0.01687150900344731 0.000152005927263114 -0.0006894379595483849
2090 0.2322676749056693 0.07103327674929763 -0.01504327708207913 0.0001542500990599671 -0.0008731524212926901 -0.00141816128170007 0.2384312683283904 0.06940898237724095 -0.001047926546948477 -0.01676318213354306 0.0001850105513299837 -0.0008076483067872352
2100 0.2323047633621934 0.07075730821218935 -0.01508502018949915 3.262347264996318e-05 -0.0007406107740019461 -0.0003607615194178862 0.238472612756799 0.06918101490860122 -0.0002755132798304945 -0.01676404945936818 0.0001584762629813687 -0.0007359891735549347
2110 0.2323337277062782 0.07054562087477069 -0.01513763797894624 -0.000201002290508592 -0.0004624116781730197 0.0007696220636091764 0.2385120233603909 0.06892516982838044 0.000534480084641608 -0.01681096868900115 8.600384728284279e-05 -0.0005429694286325583
2120 0.2325399123638683 0.07053345788778864 -0.01497980369174239 -0.0002258516767137846 -0.0004087760116931075 0.0008540911508951841 0.2387402780328214 0.06887637029114517 0.0006307281907758918 -0.01666073641400789 0.0001156869910741772 -0.0005064997388618926
2130 0.2325914414257496 0.07072794400296523 -0.01493786459405332 -0.0003547592712484976 -0.0002151559913050809 0.001407796085757916 0.2388278234091933 0.06908799303629916 0.001510779104727959 -0.01661363835330368 -0.0001046617298150192 -0.0002529892063481857
2140 0.2324389578698337 0.07059565261165096 -0.01502315163701288 -0.0002836059290715127 -0.000302553795827957 0.001130976922514137 0.2387259207325016 0.06896933208256271 0.001402616553208196 -0.0167007619534961 -0.000141024871129568 -0.0002896866641285883
2150 0.2320106686796454 0.07019968477658321 -0.01512066626420845 -0.0001343489128468811 -0.0005900380178841746 0.0007474845840356948 0.2383825935457756 0.06863056488412018 0.00100133178200013 -0.01677712557168825 -4.146061031094166e-05 -0.0005582847775072514
2160 0.2320409426726835 0.07032205374632318 -0.01528209044002904 -6.180501899293771e-06 -0.000834854232394646 0.0006171266626701049 0.2384950304573791 0.06885901506754531 0.000669302633850217 -0.01689331800037025 9.322676883418278e-05 -0.0008221189563097475
2170 0.2322045210892791 0.07021217608062066 -0.01534733086625053 6.631300566006694e-06 -0.0008303841337343435 0.000766841674207758 0.2387040500385291 0.06885467284186086 0.0006073025866318273 -0.01691314433246612 0.0001442270924413711 -0.0008527086437491021
2180 0.2317218978661139 0.06959047421541638 -0.01546812015208542 -2.469633337742781e-05 -0.000684984871311341 0.001029190721179768 0.2382353680302945 0.068278329579793 0.0005955969712993507 -0.01700557517987835 0.0002158158703686707 -0.0007725278589689698
2190 0.2311301500718814 0.06962791044816929 -0.01562904312714617 -0.0001513327780477692 -0.0003787572867315318 0.001654901185735605 0.2376753507251103 0.06840228212238275 0.00103712430407887 -0.01712378578886008 0.0001796920403677878 -0.000518198011924193
2200 0.2311877836342094 0.06953632122519994 -0.01556944351829099 -0.0001654850848190857 -0.0002438377333295979 0.002052908976961366 0.237743954328954 0.06837818180216695 0.001416016992785454 -0.0170460276332812 0.0001973404592839403 -0.0004014363898642158
2210 0.2316473149769105 0.06938169922301717 -0.01552958876027641 -7.570544557381062e-05 -0.0003310054231823599 0.002075094990534547 0.2381582420164874 0.06816032295278839 0.001464192362443776 -0.01704135676643268 0.0003281946038896458 -0.0004988936867733008
2220 0.2318826673263341 0.06967538076302748 -0.01557015860970145 -5.453781389563519e-06 -0.0003882934231145122 0.001656843578775907 0.2382819374229619 0.06822636257940923 0.0008786614478390768 -0.01715210345248562 0.0004694414834192801 -0.0005932413969966368
2230 0.2316175734338518 0.06968288433095257 -0.01562025205819878 0.0003143302206396221 -0.0008375104816650095 1.218782743670914e-05 0.2379047559526067 0.0679941416461164 -0.0009664275857337438 -0.01724878720097009 0.0008578449960631234 -0.001083473701179931
2240 0.2312321514780728 0.0694326688481768 -0.01568443969809315 0.0005404478262982865 -0.001261276138297392 -0.001241726590233346 0.2374480735067087 0.06766911660240833 -0.001845822443262392 -0.01730874733038869 0.001000434632610657 -0.001438435502336111
2250 0.230766550471206 0.06985714928053656 -0.01575371907363785 0.000643606458394252 -0.001421427150739462 -0.002032777173426914 0.2369824543490216 0.06813530788728515 -0.002037368093060512 -0.01738569118071901 0.0008895157447668205 -0.001468231840495469
2260 0.2309244186550321 0.07022000870523039 -0.01561435724815745 0.0007467586724056303 -0.001663178517182358 -0.002460006350918123 0.2372031693981685 0.06864983154525145 -0.002117291785375611 -0.01724367282697459 0.0008403445714984521 -0.001627968339765551
2270 0.2316561462109383 0.07042827934917323 -0.01552626561740124 0.0005675774282087567 -0.001576124934713432 -0.001544829850513405 0.2379768058668075 0.06904239232270244 -0.001116256482610399 -0.01712455309802947 0.0005995726694607538 -0.001511837206680243
2280 0.2321781126168694 0.07049544608013703 -0.01544926744814638 0.000477522391101498 -0.001499877642075808 -0.001380769816549523 0.2384788646545772 0.06916358217337956 -0.001244834468460115 -0.01703952680534029 0.0005445740362984078 -0.001476715101082487
2290 0.2327792374113797 0.07054342693332076 -0.01533290398121011 0.0005245162269642886 -0.001557822801696544 -0.001756906124492989 0.2390497182986479 0.06914295774747133 -0.001976666715414131 -0.01695224250039351 0.0006687847768765262 -0.001596327112212179
2300 0.2327650298657947 0.07012559623111879 -0.01540203318540704 0.000186293935007569 -0.001003858823206617 -0.000251100316056201 0.2390282116621766 0.06867225316774205 -0.0004986621527797934 -0.01705291652387144 0.0003529370168503683 -0.001046938986301771
2310 0.2329177275437856 0.0701124748098487 -0.01540661508146253 -4.166432939428957e-06 -0.0005043417598172588 0.0009077351042227353 0.2391466449826075 0.0686471550364712 0.0007287537470135362 -0.01709984905198615 0.0001315425606454927 -0.0005347705595777124
2320 0.2334306173843299 0.07067118562255728 -0.01531174445199008 0.00015197960794642 -0.0005740064026442199 0.001061889350732541 0.2396243903418074 0.06925786780413121 0.00106724875073205 -0.01702384547044027 0.0001971849425483429 -0.0005677344072402922
2330 0.2333243770398362 0.07110965990479372 -0.01533891160918802 9.654199739045972e-05 -0.0004978010905219188 0.001558322980210168 0.2394656062827518 0.06966837962357166 0.001643076032395536 -0.01705856001794789 0.000108861510968711 -0.0004762123807208281
2340 0.2333441895079318 0.07104115029555662 -0.01527092219819636 -9.134731990703101e-05 -0.0002881016697852376 0.002335786339894565 0.2394053575255411 0.06937256426780408 0.002021479434196075 -0.01703431949952961 5.572462210831703e-05 -0.0003527753421056842
2350 0.2334540005899796 0.0711287268111971 -0.01517207056858218 -0.0001891851394276892 -0.0001048716959260302 0.003021007656609886 0.2395183030973692 0.06934904482197324 0.002505324607943964 -0.0169627987953642 0.0001013564969517659 -0.000237603468547195
2360 0.2329226245288087 0.07095702878148538 -0.01519588015964105 -0.0002504699520071694 9.099024806286383e-06 0.00347316365610841 0.2389738324818679 0.06915007989089193 0.003232530314499531 -0.01700715498346946 -1.513570511960052e-05 -7.784466466326308e-05
2370 0.2331641376693091 0.07065625263332896 -0.01509458830723595 -2.331541369426128e-05 -0.0003316994093614574 0.002829026405127092 0.2392342501333345 0.06882224830073114 0.002528950020490401 -0.01691089286617999 0.000159611356882717 -0.0004156842276708456
2380 0.2328925025152563 0.07065147146249208 -0.01529781194295086 3.639149249641261e-05 -0.0004933334880535342 0.00222099479259896 0.2389513522098489 0.06876914490883815 0.002076578631911035 -0.01710799565127072 0.000147035582625112 -0.0005307252278542713
2390 0.2322590109515736 0.07062667773080866 -0.01548060649972391 0.0001047121879993494 -0.0007335971747111269 0.00116326698471328 0.2382999994778035 0.06869297689966014 0.001038226761239305 -0.0172999625590544 0.0001778404058627128 -0.0007600338463285287
2400 0.2328266257180963 0.07059715838301824 -0.01533907328998421 0.0003199300266594164 -0.001042900605948516 0.0004792986247436337 0.2388944002221495 0.06869177696497081 0.0004880822566822129 -0.01713476124306998 0.0003227354365681798 -0.001042106761795938
2410 0.2332034129254588 0.07112208950310364 -0.01532885896144059 0.000171299987611705 -0.0006901794270416586 0.001306178425988577 0.2392915734557733 0.06930841379892852 0.00171487092323451 -0.01708494421541882 7.501465556069656e-05 -0.0006096263473545194
2420 0.2338433720522524 0.07116473984274981 -0.01522233813043136 0.0001139094961874834 -0.0004565131909256277 0.001304874655810832 0.239895931814988 0.06944160989625978 0.001675180682800315 -0.01695234502227883 7.58445151696058e-05 -0.0003943735449899909
2430 0.2345264135443895 0.07090859080551272 -0.01508726361732616 0.0002093110408821743 -0.0006256028678977128 0.0006061997089508104 0.2405645595598309 0.06933348743144396 0.0007636761044978374 -0.01678601489360297 0.0003223264901444226 -0.0006351465433139352
2440 0.2345828778303719 0.07115955218451804 -0.01505153143206902 5.299953009140291e-05 -0.0005650182600141979 0.0003386105661661445 0.2406122755940165 0.0695446193730868 0.0004353799483725106 -0.01675891478579569 0.000261021541264151 -0.0006127594812871798
2450 0.2342100992670594 0.07087181486021138 -0.01504907982941164 9.391544905681979e-05 -0.0006352204227839736 0.0003672347730372441 0.2402383208207324 0.06912295294127398 0.0002412845805031984 -0.01678694029246688 0.0003991904531756979 -0.0007381058721912242
2460 0.2339736223947668 0.07033366357477146 -0.01510112807395218 0.0001293340199556064 -0.0007602061705496379 0.000258465627705906 0.2400472991389188 0.06858171873909048 0.0002638515602077129 -0.01684942946046849 0.000361172917218982 -0.0008274127033585575
2470 0.2334366009731206 0.0704028291089433 -0.0151704809241011 0.0002453199115993412 -0.001050394153578245 -0.0009178480327389139 0.2395725132551136 0.06862456573975094 -0.0002912376089399659 -0.01694972626833054 0.00018056999176436 -0.0009630075882819058
2480 0.2331979574561323 0.07039474222586051 -0.01511123030372893 0.0004626478548588483 -0.00141947658858269 -0.001937929781491087 0.239349499969186 0.06859119525014121 -0.001108892966336138 -0.01691051835992445 0.0002628890143158496 -0.001267033671505462
2490 0.2331149682824551 0.07044599651454173 -0.01524889881831278 0.0003596840001986539 -0.001200943392625594 -0.0008366916223340507 0.2392784190983308 0.06862650133405097 -0.0002831920496165428 -0.01704960093501644 0.0002234862844493461 -0.00108829577781371
2500 0.2325527871159432 0.07043242703293183 -0.01549551677250195 0.0001557907708760546 -0.0008690419476192495 0.000132123395186064 0.2387225694557942 0.0686134422298971 0.0001673599561943919 -0.0172600079930857 0.0002133326622060585 -0.0008605127291699619
2510 0.23208166011571 0.07047115993032095 -0.01559925223209856 0.0001726328050984728 -0.0008356874276147492 0.0005799503271239563 0.238267272308873 0.06873955443366905 0.0002357220389153713 -0.01727506186864615 0.0004366458625841989 -0.0009260430140086752
2520 0.2321813441018529 0.07049680059840104 -0.01560035027005245 0.0001252231921750328 -0.0007953243759836204 0.0007090238467360116 0.2383797571367195 0.06886940071655136 0.0003603192837667678 -0.01720075119405477 0.0004843910835744088 -0.0009133729894865116
2530 0.2319944119648374 0.07051416952666761 -0.01557893186483437 0.0003031319812664252 -0.001027114776504096 -0.0003522378838676041 0.2382150252757086 0.06890514517494532 -0.0005765020429417208 -0.01717457387922584 0.0006930897225293891 -0.001142223254537388
2540 0.2319354890780261 0.07038211738237046 -0.01550793141904492 0.0005835645736363754 -0.001412051017437766 -0.0015737501117697 0.2381686567768275 0.0687234199344105 -0.001282185757492436 -0.01712858184982659 0.0008525634684847477 -0.001432386309573749
2550 0.2315796213436459 0.07054555560291847 -0.01564882651967053 0.0005203565228760369 -0.001380333976818125 -0.001598962437308903 0.2377743172683549 0.068796736092905 -0.000775787714327238 -0.01729727244020658 0.0005921018578514949 -0.001270520609134192
2560 0.2321839613224178 0.07058349509907526 -0.01553912161330955 0.0005313629222774465 -0.001509653711374364 -0.002044422274160831 0.2383724542395223 0.06882916622575989 -0.001140026833966034 -0.01718888397286335 0.0005116876197155271 -0.001353531785881798
2570 0.2332111526497181 0.0709076470327132 -0.01539261995528775 0.0005593250301880434 -0.001501106009872456 -0.001998334484973266 0.2394464116365461 0.06926292603645455 -0.001085568407690081 -0.01702360451632588 0.0004646071312252948 -0.001328764695996711
2580 0.2333770928712431 0.07097494677270863 -0.01541194613940144 0.0005884052691649781 -0.001552369756766311 -0.002489267206417147 0.2396692323921329 0.0693719311765956 -0.001465338413102269 -0.01705268448631669 0.0004392028489072638 -0.001363088284573467
2590 0.2327877817216098 0.07072408220116501 -0.01543005392401897 0.0005518959518208672 -0.001555568740183656 -0.002560726911579227 0.2391420809387216 0.06922403016972233 -0.001741765210963546 -0.01703645343447947 0.0004970468861296448 -0.001419958959046495
2600 0.2334766213319395 0.07070148904889381 -0.01523660898510175 0.0007003173984625742 -0.001758903263955618 -0.003242125365736228 0.2398239635193384 0.06928020912112881 -0.002727445422898214 -0.01681640634998509 0.0007668995457780624 -0.001698343896642607
2610 0.2339981649698017 0.07095714495770808 -0.01520092183045036 0.0005214654360730389 -0.001470599739945153 -0.002667306742435903 0.2403217546479424 0.06961815895827993 -0.001806035933017682 -0.01677317877767199 0.0005346668964576522 -0.001355642844681907
2620 0.2339211882560401 0.07082337793210162 -0.01526803069956208 0.0004974152442799718 -0.001452403079606004 -0.003145197324035868 0.2401780888445305 0.06935003397193723 -0.002145208757340408 -0.0169109117547883 0.0004406631022171201 -0.001300418571156926
2630 0.2336781485875527 0.07090001684522031 -0.01528812185452795 0.0007131247892168575 -0.001727784775810867 -0.004512910639016175 0.2399055502035874 0.06936060172516166 -0.003729362080716823 -0.01694494875132821 0.0007153457360442516 -0.001614220785032484
2640 0.2332257120688991 0.07115768726372816 -0.015362986563924 0.0006242827147025177 -0.001641930367663806 -0.004409591910665946 0.2394194408491125 0.06960013211209011 -0.003717084845610816 -0.01700092538380776 0.0006607851423801785 -0.001545050947162428
2650 0.23354767799716 0.07106819066257845 -0.01533988280181334 0.0006030884520258859 -0.001715266125397419 -0.003807627003225003 0.2396878527026321 0.06943062217386863 -0.00320241930499924 -0.01698841840466071 0.000621549026127836 -0.001626389475142201
2660 0.2344013276465466 0.07121136201340199 -0.01529834069168115 0.0005899000483989952 -0.001760963857921943 -0.003238384253996186 0.2405182243371498 0.06952833910763119 -0.002670747900261748 -0.01695467950700752 0.0006298190867622869 -0.00168206937322116
2670 0.2345894611397475 0.07138679491443302 -0.01526179078376681 0.0005325803058729019 -0.001659106585507795 -0.002651638187209347 0.24068669311889 0.06965453513879671 -0.002121409472584828 -0.01693424921483356 0.0005790196878169819 -0.001587781417961422
2680 0.2347815542077067 0.07121754245592896 -0.01524757964761467 0.000476985374869952 -0.001561244235277388 -0.002428768552538377 0.240910430124551 0.06951872417594966 -0.001870060953280058 -0.01692068830443174 0.0004760292843321172 -0.00147520890562615
2690 0.2345645399771408 0.07106122483339117 -0.01533141758146601 0.0003899881169325347 -0.001387192160523407 -0.002296956255325162 0.2407773730000323 0.06947497592322624 -0.001734671005947357 -0.01698443853643728 0.0003403503950830918 -0.001285640361577533
2700 0.234040991681477 0.07071628571071467 -0.01542944436147363 0.0004626773197066494 -0.001400940698788329 -0.002553228725187932 0.2403609896014118 0.06931724520839308 -0.001989629643178379 -0.01704176748041052 0.0003692821841954613 -0.001291028887075512
2710 0.2342626283707469 0.07074889983044591 -0.01547163667145712 0.0005343314137126971 -0.001438965290366279 -0.002758724154511461 0.2405710181546351 0.06952406735395879 -0.00195459989524707 -0.01703885902954269 0.0003733377104586694 -0.001296448810467483
2720 0.2345918350799713 0.07105508088367077 -0.01544758539337702 0.0005898886338356898 -0.001394375297183051 -0.003024587565263813 0.2407224730955878 0.06978176955123702 -0.002037621361934229 -0.01703161309330113 0.0003799825500367979 -0.001231836820810328
2730 0.2349743176421629 0.07149786402223544 -0.01535787881564731 0.0007851079001669125 -0.001561504400221837 -0.003392129765636923 0.2409929230930007 0.07007013808761212 -0.002504548647390601 -0.01699289022690771 0.0005694656739043692 -0.00140251855172961
2740 0.2352969883062032 0.07163208201532591 -0.01532574474692414 0.000929297211390111 -0.001791522279359639 -0.003767503056515042 0.2414194372956989 0.07018299309010549 -0.003231026210701885 -0.01696876200569623 0.0007681389693289558 -0.001679151671448059
2750 0.2350081184093741 0.0712968634504919 -0.01536977430236038 0.001056215450274188 -0.002044763946975849 -0.004673495282878999 0.241250737833712 0.06995608162726993 -0.004272486036279185 -0.01698319537376384 0.0009742435599999692 -0.001977909542047638
2760 0.2350491969906339 0.07090751546596673 -0.01534021190828071 0.001084917294803937 -0.002090443718479865 -0.005246208374138596 0.2411812534872249 0.06956834067147065 -0.004717516679676168 -0.01696434679451145 0.001035209416703893 -0.002033343431227242
2770 0.2349808756144822 0.0707741680079821 -0.01537110475564546 0.000976603099510111 -0.001928681027136983 -0.005442983890087261 0.2409182085557186 0.06927446801798899 -0.004950633721729795 -0.01705555534843886 0.0009125489593154617 -0.001874521814869941
2780 0.234240237543424 0.07040692012696913 -0.01539773967826876 0.0008874326715352871 -0.001900373248930766 -0.005698642660903499 0.2401232023716757 0.06869903328149636 -0.005384895068341103 -0.01713335009478825 0.000855963104277227 -0.001872884711186555
2790 0.2337602196313647 0.07050229220946079 -0.01547099104357348 0.0008048931701733738 -0.001825390844162446 -0.005121224500011614 0.239668237410597 0.06877234621706002 -0.005049399466935477 -0.01718422081129715 0.0008323069963168268 -0.001833129574215048
2800 0.2338883621638738 0.07097188178851979 -0.01540109637534328 0.0006161853923132238 -0.001605314046366261 -0.00429501686509972 0.2399165001938302 0.06941473911169418 -0.004281930330047815 -0.01705967453985757 0.0006487181926697275 -0.001617132052858486
2810 0.2341580771355854 0.07118642415781881 -0.015182347332595 0.0004965986395814472 -0.001392309146447256 -0.002964887725662653 0.2402236719511979 0.06974635909819113 -0.002901182803592427 -0.01682108153629749 0.0004535094308081116 -0.001383413634591069
2820 0.2348700303324404 0.07103571685203039 -0.01505654238989622 0.0002273983760584454 -0.0008434794089146556 4.637160012841597e-05 0.2409152296286239 0.06958554415920053 0.0001237916079672656 -0.01670366653103854 0.0001602511455558786 -0.0008317160398048615
2830 0.2354521636301401 0.07089587021007597 -0.01498676668341849 5.604662547912356e-05 -0.0004915548051630873 0.001581660138736194 0.2415162824125489 0.06936034013935642 0.001224695589899729 -0.01665328107927218 0.0001797321301919752 -0.0005836547841349528
2840 0.2355561622766287 0.07062475971860872 -0.01491035434069311 -0.000109599882826349 -0.0004087360263352318 0.002085986798352953 0.241656122525327 0.06903578143354783 0.001389105669040124 -0.01659685799952023 0.0002212839645120115 -0.0005986661763319267
2850 0.2355751711648221 0.07068918740853972 -0.01489242152983804 -0.0003347588491499682 -0.00017913446287066 0.002448993115479083 0.2417241763766714 0.0690031995884974 0.001491538111242446 -0.01664680325576156 0.0001101932341935458 -0.0004344431165261322
2860 0.2354643393442912 0.07089120690024399 -0.01484285930766675 -0.0005003656702549772 1.15897208688485e-05 0.002359974780946608 0.2416533203704981 0.06914579601983609 0.001438036742364162 -0.01665381341173061 -2.186636884678429e-05 -0.0002487487701581049
2870 0.234932261165609 0.0711540781995418 -0.01487913778575628 -0.0005765899596772611 5.801656691513542e-05 0.002348961437271307 0.2412109895358132 0.06957748900183007 0.001604152383602727 -0.01664597974188296 -0.0001267532165357507 -0.0001694330222780822
2880 0.2350924936261468 0.071753973970253 -0.01488093645305713 -0.0003010728975731527 -0.0003687808187975998 0.0009102576845267524 0.2413724395993717 0.0702020501852873 7.353083836869332e-05 -0.01662025117345545 0.0001506518639601126 -0.0006023208673716707
2890 0.2350294757175296 0.07234319451000151 -0.01482504469549358 -0.0002431917862364871 -0.0004985364191417425 0.0005751997828843131 0.2412732340671153 0.07078430289596713 -0.0003090645317774455 -0.01655575197153285 0.0002207412928429964 -0.0007330174011023137
2900 0.2353616116024597 0.07241886856104521 -0.01477864949251422 -0.0001665645294838152 -0.0007676298540835677 0.0002160603912446593 0.2415598167287708 0.07083197728563069 -0.0008261275763624227 -0.01653585231954131 0.0003247167082655092 -0.001027996973321408
2910 0.2359678009949845 0.07256428686743205 -0.01470573063841164 0.000202167790423909 -0.001336428610618231 -0.001699169070505062 0.2421088912250229 0.07092405781334671 -0.002511429110316926 -0.01650349300141164 0.0005974991252533069 -0.00154024934054112
2920 0.235298505929668 0.0727538477423101 -0.01475049669719176 0.0001478627751901996 -0.001220530615019956 -0.001982331014155595 0.2414063470558523 0.07108579131524835 -0.002479280938652446 -0.01655748484990888 0.0003882142152858729 -0.001338415881921126
2930 0.2350391282617646 0.07266957424436557 -0.01460316228325577 3.577130621401102e-05 -0.001021603028889162 -0.001463465207136847 0.2411575508087665 0.07090253453968197 -0.002164303964997034 -0.01642486677638259 0.0002697545956773854 -0.001160635172013955
2940 0.2344825677181915 0.07255756033599607 -0.01461386190555785 -0.0002808216344083452 -0.0006184790523544615 -0.0003822145619895436 0.2405398906008957 0.07058716412001607 -0.001257187633063846 -0.01647439832463033 1.753520070859153e-05 -0.0007897756385734495
2950 0.2347610087482222 0.07229857450203976 -0.01446872411978255 -0.0001385314943107811 -0.000843381399594015 -0.001059887481847047 0.2407677951579025 0.07006985589835867 -0.002121659906545194 -0.01641240100866424 0.000219663175734583 -0.001041417988064555
2960 0.2356588740192688 0.07211410172409582 -0.01436485504640839 2.963112651893964e-05 -0.001068581581158594 -0.001395471555989525 0.2417083969413823 0.06976036733432033 -0.002406929959690913 -0.01636626912229733 0.0003776718246190866 -0.001250686335573003
2970 0.2359755609069861 0.07230440718695715 -0.01440553871568003 0.0001184230403305781 -0.001183045082735321 -0.001694224009917904 0.24215962618917 0.07007098245751324 -0.002381399374031624 -0.01638960387128813 0.0004139837281345325 -0.001313032608497968
2980 0.2359538163382381 0.07221930326683873 -0.01434525070726583 0.0003426919585565396 -0.001555141420829788 -0.002752133027351769 0.2422957592680118 0.07031263655341422 -0.003261099951595603 -0.01620934390391103 0.0006126685891870453 -0.00165764630236963
2990 0.2363382726704606 0.07209354522718271 -0.01422249685585514 0.0003593482888195952 -0.001620704778700662 -0.002507059643884141 0.2427975967698368 0.07060331291237938 -0.003053757629847274 -0.01592883482612846 0.0006418773966225711 -0.001730339288269879
3000 0.2359881046917884 0.07213359329312634 -0.01432321601642838 0.000110316630724724 -0.001299782392257791 -0.001025908706900753 0.2425172900827751 0.07092851205877293 -0.001769604738205086 -0.01591780000948897 0.000415612680414844 -0.001439035135664327
